[3.705s] Invoking command in '/home/beachlbl/porter/ros2-ws-2024/src/drive_cb': PYTHONPATH=/home/beachlbl/porter/ros2-ws-2024/build/drive_cb/prefix_override:/home/beachlbl/porter/ros2-ws-2024/install/drive_cb/lib/python3.10/site-packages:${PYTHONPATH} /usr/bin/python3 -W ignore:setup.py install is deprecated setup.py egg_info --egg-base ../../build/drive_cb build --build-base /home/beachlbl/porter/ros2-ws-2024/build/drive_cb/build install --record /home/beachlbl/porter/ros2-ws-2024/build/drive_cb/install.log --single-version-externally-managed install_data
[5.051s] running egg_info
[5.054s] writing ../../build/drive_cb/drive_cb.egg-info/PKG-INFO
[5.055s] writing dependency_links to ../../build/drive_cb/drive_cb.egg-info/dependency_links.txt
[5.057s] writing entry points to ../../build/drive_cb/drive_cb.egg-info/entry_points.txt
[5.058s] writing requirements to ../../build/drive_cb/drive_cb.egg-info/requires.txt
[5.059s] writing top-level names to ../../build/drive_cb/drive_cb.egg-info/top_level.txt
[5.069s] reading manifest file '../../build/drive_cb/drive_cb.egg-info/SOURCES.txt'
[5.071s] adding license file 'LICENSE'
[5.074s] writing manifest file '../../build/drive_cb/drive_cb.egg-info/SOURCES.txt'
[5.075s] running build
[5.075s] running build_py
[5.076s] copying drive_cb/drivetrain_cb_sub.py -> /home/beachlbl/porter/ros2-ws-2024/build/drive_cb/build/lib/drive_cb
[5.078s] running install
[5.080s] running install_lib
[5.086s] copying /home/beachlbl/porter/ros2-ws-2024/build/drive_cb/build/lib/drive_cb/drivetrain_cb_sub.py -> /home/beachlbl/porter/ros2-ws-2024/install/drive_cb/lib/python3.10/site-packages/drive_cb
[5.090s] byte-compiling /home/beachlbl/porter/ros2-ws-2024/install/drive_cb/lib/python3.10/site-packages/drive_cb/drivetrain_cb_sub.py to drivetrain_cb_sub.cpython-310.pyc
[5.094s] running install_data
[5.095s] running install_egg_info
[5.102s] removing '/home/beachlbl/porter/ros2-ws-2024/install/drive_cb/lib/python3.10/site-packages/drive_cb-0.0.0-py3.10.egg-info' (and everything under it)
[5.104s] Copying ../../build/drive_cb/drive_cb.egg-info to /home/beachlbl/porter/ros2-ws-2024/install/drive_cb/lib/python3.10/site-packages/drive_cb-0.0.0-py3.10.egg-info
[5.111s] running install_scripts
[5.222s] Installing drivetrain_cb script to /home/beachlbl/porter/ros2-ws-2024/install/drive_cb/lib/drive_cb
[5.225s] writing list of installed files to '/home/beachlbl/porter/ros2-ws-2024/build/drive_cb/install.log'
[5.383s] Invoked command in '/home/beachlbl/porter/ros2-ws-2024/src/drive_cb' returned '0': PYTHONPATH=/home/beachlbl/porter/ros2-ws-2024/build/drive_cb/prefix_override:/home/beachlbl/porter/ros2-ws-2024/install/drive_cb/lib/python3.10/site-packages:${PYTHONPATH} /usr/bin/python3 -W ignore:setup.py install is deprecated setup.py egg_info --egg-base ../../build/drive_cb build --build-base /home/beachlbl/porter/ros2-ws-2024/build/drive_cb/build install --record /home/beachlbl/porter/ros2-ws-2024/build/drive_cb/install.log --single-version-externally-managed install_data
