[3.198s] Invoking command in '/home/beachlbl/ros2-ws-2024/src/drive_ex': PYTHONPATH=/home/beachlbl/ros2-ws-2024/build/drive_ex/prefix_override:/home/beachlbl/ros2-ws-2024/install/drive_ex/lib/python3.10/site-packages:${PYTHONPATH} /usr/bin/python3 -W ignore:setup.py install is deprecated setup.py egg_info --egg-base ../../build/drive_ex build --build-base /home/beachlbl/ros2-ws-2024/build/drive_ex/build install --record /home/beachlbl/ros2-ws-2024/build/drive_ex/install.log --single-version-externally-managed install_data
[4.492s] running egg_info
[4.496s] writing ../../build/drive_ex/drive_ex.egg-info/PKG-INFO
[4.497s] writing dependency_links to ../../build/drive_ex/drive_ex.egg-info/dependency_links.txt
[4.499s] writing entry points to ../../build/drive_ex/drive_ex.egg-info/entry_points.txt
[4.500s] writing requirements to ../../build/drive_ex/drive_ex.egg-info/requires.txt
[4.501s] writing top-level names to ../../build/drive_ex/drive_ex.egg-info/top_level.txt
[4.510s] reading manifest file '../../build/drive_ex/drive_ex.egg-info/SOURCES.txt'
[4.511s] adding license file 'LICENSE'
[4.514s] writing manifest file '../../build/drive_ex/drive_ex.egg-info/SOURCES.txt'
[4.515s] running build
[4.515s] running build_py
[4.517s] running install
[4.518s] running install_lib
[4.525s] running install_data
[4.525s] running install_egg_info
[4.533s] removing '/home/beachlbl/ros2-ws-2024/install/drive_ex/lib/python3.10/site-packages/drive_ex-0.0.0-py3.10.egg-info' (and everything under it)
[4.535s] Copying ../../build/drive_ex/drive_ex.egg-info to /home/beachlbl/ros2-ws-2024/install/drive_ex/lib/python3.10/site-packages/drive_ex-0.0.0-py3.10.egg-info
[4.541s] running install_scripts
[4.635s] Installing drivetrain_ex script to /home/beachlbl/ros2-ws-2024/install/drive_ex/lib/drive_ex
[4.638s] writing list of installed files to '/home/beachlbl/ros2-ws-2024/build/drive_ex/install.log'
[4.784s] Invoked command in '/home/beachlbl/ros2-ws-2024/src/drive_ex' returned '0': PYTHONPATH=/home/beachlbl/ros2-ws-2024/build/drive_ex/prefix_override:/home/beachlbl/ros2-ws-2024/install/drive_ex/lib/python3.10/site-packages:${PYTHONPATH} /usr/bin/python3 -W ignore:setup.py install is deprecated setup.py egg_info --egg-base ../../build/drive_ex build --build-base /home/beachlbl/ros2-ws-2024/build/drive_ex/build install --record /home/beachlbl/ros2-ws-2024/build/drive_ex/install.log --single-version-externally-managed install_data
