[3.431s] Invoking command in '/home/beachlbl/porter/ros2-ws-2024/src/joy_control': PYTHONPATH=/home/beachlbl/porter/ros2-ws-2024/build/joy_control/prefix_override:/home/beachlbl/porter/ros2-ws-2024/install/joy_control/lib/python3.10/site-packages:${PYTHONPATH} /usr/bin/python3 -W ignore:setup.py install is deprecated setup.py egg_info --egg-base ../../build/joy_control build --build-base /home/beachlbl/porter/ros2-ws-2024/build/joy_control/build install --record /home/beachlbl/porter/ros2-ws-2024/build/joy_control/install.log --single-version-externally-managed install_data
[4.635s] running egg_info
[4.638s] writing ../../build/joy_control/joy_control.egg-info/PKG-INFO
[4.641s] writing dependency_links to ../../build/joy_control/joy_control.egg-info/dependency_links.txt
[4.642s] writing entry points to ../../build/joy_control/joy_control.egg-info/entry_points.txt
[4.643s] writing requirements to ../../build/joy_control/joy_control.egg-info/requires.txt
[4.643s] writing top-level names to ../../build/joy_control/joy_control.egg-info/top_level.txt
[4.652s] reading manifest file '../../build/joy_control/joy_control.egg-info/SOURCES.txt'
[4.655s] adding license file 'LICENSE'
[4.657s] writing manifest file '../../build/joy_control/joy_control.egg-info/SOURCES.txt'
[4.658s] running build
[4.658s] running build_py
[4.676s] running install
[4.677s] running install_lib
[5.061s] running install_data
[5.062s] running install_egg_info
[5.069s] removing '/home/beachlbl/porter/ros2-ws-2024/install/joy_control/lib/python3.10/site-packages/joy_control-0.0.0-py3.10.egg-info' (and everything under it)
[5.072s] Copying ../../build/joy_control/joy_control.egg-info to /home/beachlbl/porter/ros2-ws-2024/install/joy_control/lib/python3.10/site-packages/joy_control-0.0.0-py3.10.egg-info
[5.080s] running install_scripts
[5.165s] Installing talker script to /home/beachlbl/porter/ros2-ws-2024/install/joy_control/lib/joy_control
[5.169s] writing list of installed files to '/home/beachlbl/porter/ros2-ws-2024/build/joy_control/install.log'
[5.296s] Invoked command in '/home/beachlbl/porter/ros2-ws-2024/src/joy_control' returned '0': PYTHONPATH=/home/beachlbl/porter/ros2-ws-2024/build/joy_control/prefix_override:/home/beachlbl/porter/ros2-ws-2024/install/joy_control/lib/python3.10/site-packages:${PYTHONPATH} /usr/bin/python3 -W ignore:setup.py install is deprecated setup.py egg_info --egg-base ../../build/joy_control build --build-base /home/beachlbl/porter/ros2-ws-2024/build/joy_control/build install --record /home/beachlbl/porter/ros2-ws-2024/build/joy_control/install.log --single-version-externally-managed install_data
