[7.749s] Invoking command in '/home/beachlbl/porter/ros2-ws-2024/src/db_broker': PYTHONPATH=/home/beachlbl/porter/ros2-ws-2024/build/db_broker/prefix_override:/home/beachlbl/porter/ros2-ws-2024/install/db_broker/lib/python3.10/site-packages:${PYTHONPATH} /usr/bin/python3 -W ignore:setup.py install is deprecated setup.py egg_info --egg-base ../../build/db_broker build --build-base /home/beachlbl/porter/ros2-ws-2024/build/db_broker/build install --record /home/beachlbl/porter/ros2-ws-2024/build/db_broker/install.log --single-version-externally-managed install_data
[9.389s] running egg_info
[9.394s] writing ../../build/db_broker/db_broker.egg-info/PKG-INFO
[9.395s] writing dependency_links to ../../build/db_broker/db_broker.egg-info/dependency_links.txt
[9.397s] writing entry points to ../../build/db_broker/db_broker.egg-info/entry_points.txt
[9.398s] writing requirements to ../../build/db_broker/db_broker.egg-info/requires.txt
[9.399s] writing top-level names to ../../build/db_broker/db_broker.egg-info/top_level.txt
[9.410s] reading manifest file '../../build/db_broker/db_broker.egg-info/SOURCES.txt'
[9.412s] adding license file 'LICENSE'
[9.415s] writing manifest file '../../build/db_broker/db_broker.egg-info/SOURCES.txt'
[9.416s] running build
[9.417s] running build_py
[9.419s] running install
[9.420s] running install_lib
[9.430s] running install_data
[9.431s] running install_egg_info
[9.440s] removing '/home/beachlbl/porter/ros2-ws-2024/install/db_broker/lib/python3.10/site-packages/db_broker-0.0.0-py3.10.egg-info' (and everything under it)
[9.443s] Copying ../../build/db_broker/db_broker.egg-info to /home/beachlbl/porter/ros2-ws-2024/install/db_broker/lib/python3.10/site-packages/db_broker-0.0.0-py3.10.egg-info
[9.462s] running install_scripts
[9.640s] Installing db_broker_pub script to /home/beachlbl/porter/ros2-ws-2024/install/db_broker/lib/db_broker
[9.645s] writing list of installed files to '/home/beachlbl/porter/ros2-ws-2024/build/db_broker/install.log'
[10.011s] Invoked command in '/home/beachlbl/porter/ros2-ws-2024/src/db_broker' returned '0': PYTHONPATH=/home/beachlbl/porter/ros2-ws-2024/build/db_broker/prefix_override:/home/beachlbl/porter/ros2-ws-2024/install/db_broker/lib/python3.10/site-packages:${PYTHONPATH} /usr/bin/python3 -W ignore:setup.py install is deprecated setup.py egg_info --egg-base ../../build/db_broker build --build-base /home/beachlbl/porter/ros2-ws-2024/build/db_broker/build install --record /home/beachlbl/porter/ros2-ws-2024/build/db_broker/install.log --single-version-externally-managed install_data
