[6.648s] Invoking command in '/home/beachlbl/porter/ros2-ws-2024/src/ui': PYTHONPATH=/home/beachlbl/porter/ros2-ws-2024/build/ui/prefix_override:/home/beachlbl/porter/ros2-ws-2024/install/ui/lib/python3.10/site-packages:${PYTHONPATH} /usr/bin/python3 -W ignore:setup.py install is deprecated setup.py egg_info --egg-base ../../build/ui build --build-base /home/beachlbl/porter/ros2-ws-2024/build/ui/build install --record /home/beachlbl/porter/ros2-ws-2024/build/ui/install.log --single-version-externally-managed install_data
[8.211s] running egg_info
[8.215s] writing ../../build/ui/ui.egg-info/PKG-INFO
[8.217s] writing dependency_links to ../../build/ui/ui.egg-info/dependency_links.txt
[8.220s] writing entry points to ../../build/ui/ui.egg-info/entry_points.txt
[8.221s] writing requirements to ../../build/ui/ui.egg-info/requires.txt
[8.221s] writing top-level names to ../../build/ui/ui.egg-info/top_level.txt
[8.232s] reading manifest file '../../build/ui/ui.egg-info/SOURCES.txt'
[8.235s] adding license file 'LICENSE'
[8.239s] writing manifest file '../../build/ui/ui.egg-info/SOURCES.txt'
[8.240s] running build
[8.241s] running build_py
[8.242s] running install
[8.244s] running install_lib
[8.253s] running install_data
[8.254s] running install_egg_info
[8.262s] removing '/home/beachlbl/porter/ros2-ws-2024/install/ui/lib/python3.10/site-packages/ui-0.0.0-py3.10.egg-info' (and everything under it)
[8.265s] Copying ../../build/ui/ui.egg-info to /home/beachlbl/porter/ros2-ws-2024/install/ui/lib/python3.10/site-packages/ui-0.0.0-py3.10.egg-info
[8.275s] running install_scripts
[8.402s] Installing ui_health script to /home/beachlbl/porter/ros2-ws-2024/install/ui/lib/ui
[8.407s] writing list of installed files to '/home/beachlbl/porter/ros2-ws-2024/build/ui/install.log'
[8.650s] Invoked command in '/home/beachlbl/porter/ros2-ws-2024/src/ui' returned '0': PYTHONPATH=/home/beachlbl/porter/ros2-ws-2024/build/ui/prefix_override:/home/beachlbl/porter/ros2-ws-2024/install/ui/lib/python3.10/site-packages:${PYTHONPATH} /usr/bin/python3 -W ignore:setup.py install is deprecated setup.py egg_info --egg-base ../../build/ui build --build-base /home/beachlbl/porter/ros2-ws-2024/build/ui/build install --record /home/beachlbl/porter/ros2-ws-2024/build/ui/install.log --single-version-externally-managed install_data
