[7.683s] Invoking command in '/home/beachlbl/porter/ros2-ws-2024/src/drive_cb': PYTHONPATH=/home/beachlbl/porter/ros2-ws-2024/build/drive_cb/prefix_override:/home/beachlbl/porter/ros2-ws-2024/install/drive_cb/lib/python3.10/site-packages:${PYTHONPATH} /usr/bin/python3 -W ignore:setup.py install is deprecated setup.py egg_info --egg-base ../../build/drive_cb build --build-base /home/beachlbl/porter/ros2-ws-2024/build/drive_cb/build install --record /home/beachlbl/porter/ros2-ws-2024/build/drive_cb/install.log --single-version-externally-managed install_data
[9.435s] running egg_info
[9.440s] writing ../../build/drive_cb/drive_cb.egg-info/PKG-INFO
[9.443s] writing dependency_links to ../../build/drive_cb/drive_cb.egg-info/dependency_links.txt
[9.445s] writing entry points to ../../build/drive_cb/drive_cb.egg-info/entry_points.txt
[9.447s] writing requirements to ../../build/drive_cb/drive_cb.egg-info/requires.txt
[9.449s] writing top-level names to ../../build/drive_cb/drive_cb.egg-info/top_level.txt
[9.461s] reading manifest file '../../build/drive_cb/drive_cb.egg-info/SOURCES.txt'
[9.464s] adding license file 'LICENSE'
[9.468s] writing manifest file '../../build/drive_cb/drive_cb.egg-info/SOURCES.txt'
[9.470s] running build
[9.471s] running build_py
[9.474s] running install
[9.477s] running install_lib
[9.489s] running install_data
[9.490s] running install_egg_info
[9.503s] removing '/home/beachlbl/porter/ros2-ws-2024/install/drive_cb/lib/python3.10/site-packages/drive_cb-0.0.0-py3.10.egg-info' (and everything under it)
[9.507s] Copying ../../build/drive_cb/drive_cb.egg-info to /home/beachlbl/porter/ros2-ws-2024/install/drive_cb/lib/python3.10/site-packages/drive_cb-0.0.0-py3.10.egg-info
[9.525s] running install_scripts
[9.744s] Installing drivetrain_cb script to /home/beachlbl/porter/ros2-ws-2024/install/drive_cb/lib/drive_cb
[9.747s] writing list of installed files to '/home/beachlbl/porter/ros2-ws-2024/build/drive_cb/install.log'
[10.014s] Invoked command in '/home/beachlbl/porter/ros2-ws-2024/src/drive_cb' returned '0': PYTHONPATH=/home/beachlbl/porter/ros2-ws-2024/build/drive_cb/prefix_override:/home/beachlbl/porter/ros2-ws-2024/install/drive_cb/lib/python3.10/site-packages:${PYTHONPATH} /usr/bin/python3 -W ignore:setup.py install is deprecated setup.py egg_info --egg-base ../../build/drive_cb build --build-base /home/beachlbl/porter/ros2-ws-2024/build/drive_cb/build install --record /home/beachlbl/porter/ros2-ws-2024/build/drive_cb/install.log --single-version-externally-managed install_data
