[2.964s] Invoking command in '/home/beachlbl/porter/ros2-ws-2024/src/db_broker': PYTHONPATH=/home/beachlbl/porter/ros2-ws-2024/build/db_broker/prefix_override:/home/beachlbl/porter/ros2-ws-2024/install/db_broker/lib/python3.10/site-packages:${PYTHONPATH} /usr/bin/python3 -W ignore:setup.py install is deprecated setup.py egg_info --egg-base ../../build/db_broker build --build-base /home/beachlbl/porter/ros2-ws-2024/build/db_broker/build install --record /home/beachlbl/porter/ros2-ws-2024/build/db_broker/install.log --single-version-externally-managed install_data
[4.092s] running egg_info
[4.094s] writing ../../build/db_broker/db_broker.egg-info/PKG-INFO
[4.095s] writing dependency_links to ../../build/db_broker/db_broker.egg-info/dependency_links.txt
[4.096s] writing entry points to ../../build/db_broker/db_broker.egg-info/entry_points.txt
[4.097s] writing requirements to ../../build/db_broker/db_broker.egg-info/requires.txt
[4.097s] writing top-level names to ../../build/db_broker/db_broker.egg-info/top_level.txt
[4.105s] reading manifest file '../../build/db_broker/db_broker.egg-info/SOURCES.txt'
[4.106s] adding license file 'LICENSE'
[4.109s] writing manifest file '../../build/db_broker/db_broker.egg-info/SOURCES.txt'
[4.109s] running build
[4.110s] running build_py
[4.111s] running install
[4.112s] running install_lib
[4.118s] running install_data
[4.118s] running install_egg_info
[4.125s] removing '/home/beachlbl/porter/ros2-ws-2024/install/db_broker/lib/python3.10/site-packages/db_broker-0.0.0-py3.10.egg-info' (and everything under it)
[4.126s] Copying ../../build/db_broker/db_broker.egg-info to /home/beachlbl/porter/ros2-ws-2024/install/db_broker/lib/python3.10/site-packages/db_broker-0.0.0-py3.10.egg-info
[4.131s] running install_scripts
[4.212s] Installing db_broker_pub script to /home/beachlbl/porter/ros2-ws-2024/install/db_broker/lib/db_broker
[4.213s] writing list of installed files to '/home/beachlbl/porter/ros2-ws-2024/build/db_broker/install.log'
[4.320s] Invoked command in '/home/beachlbl/porter/ros2-ws-2024/src/db_broker' returned '0': PYTHONPATH=/home/beachlbl/porter/ros2-ws-2024/build/db_broker/prefix_override:/home/beachlbl/porter/ros2-ws-2024/install/db_broker/lib/python3.10/site-packages:${PYTHONPATH} /usr/bin/python3 -W ignore:setup.py install is deprecated setup.py egg_info --egg-base ../../build/db_broker build --build-base /home/beachlbl/porter/ros2-ws-2024/build/db_broker/build install --record /home/beachlbl/porter/ros2-ws-2024/build/db_broker/install.log --single-version-externally-managed install_data
