[5.306s] Invoking command in '/home/beachlbl/ros2-ws-2024/src/py_pubsub': PYTHONPATH=/home/beachlbl/ros2-ws-2024/build/py_pubsub/prefix_override:/home/beachlbl/ros2-ws-2024/install/py_pubsub/lib/python3.10/site-packages:${PYTHONPATH} /usr/bin/python3 setup.py egg_info --egg-base ../../build/py_pubsub build --build-base /home/beachlbl/ros2-ws-2024/build/py_pubsub/build install --record /home/beachlbl/ros2-ws-2024/build/py_pubsub/install.log --single-version-externally-managed
[6.610s] running egg_info
[6.614s] writing ../../build/py_pubsub/py_pubsub.egg-info/PKG-INFO
[6.616s] writing dependency_links to ../../build/py_pubsub/py_pubsub.egg-info/dependency_links.txt
[6.618s] writing entry points to ../../build/py_pubsub/py_pubsub.egg-info/entry_points.txt
[6.620s] writing requirements to ../../build/py_pubsub/py_pubsub.egg-info/requires.txt
[6.620s] writing top-level names to ../../build/py_pubsub/py_pubsub.egg-info/top_level.txt
[6.628s] reading manifest file '../../build/py_pubsub/py_pubsub.egg-info/SOURCES.txt'
[6.630s] adding license file 'LICENSE'
[6.633s] writing manifest file '../../build/py_pubsub/py_pubsub.egg-info/SOURCES.txt'
[6.634s] running build
[6.634s] running build_py
[6.636s] running install
[6.637s] /usr/lib/python3/dist-packages/setuptools/command/install.py:34: SetuptoolsDeprecationWarning: setup.py install is deprecated. Use build and pip and other standards-based tools.
[6.637s]   warnings.warn(
[6.638s] running install_lib
[6.645s] running install_data
[6.647s] running install_egg_info
[6.656s] removing '/home/beachlbl/ros2-ws-2024/install/py_pubsub/lib/python3.10/site-packages/py_pubsub-0.0.0-py3.10.egg-info' (and everything under it)
[6.658s] Copying ../../build/py_pubsub/py_pubsub.egg-info to /home/beachlbl/ros2-ws-2024/install/py_pubsub/lib/python3.10/site-packages/py_pubsub-0.0.0-py3.10.egg-info
[6.665s] running install_scripts
[6.783s] writing list of installed files to '/home/beachlbl/ros2-ws-2024/build/py_pubsub/install.log'
[7.249s] Invoked command in '/home/beachlbl/ros2-ws-2024/src/py_pubsub' returned '0': PYTHONPATH=/home/beachlbl/ros2-ws-2024/build/py_pubsub/prefix_override:/home/beachlbl/ros2-ws-2024/install/py_pubsub/lib/python3.10/site-packages:${PYTHONPATH} /usr/bin/python3 setup.py egg_info --egg-base ../../build/py_pubsub build --build-base /home/beachlbl/ros2-ws-2024/build/py_pubsub/build install --record /home/beachlbl/ros2-ws-2024/build/py_pubsub/install.log --single-version-externally-managed
