[8.028s] Invoking command in '/home/beachlbl/porter/ros2-ws-2024/src/db_broker': PYTHONPATH=/home/beachlbl/porter/ros2-ws-2024/build/db_broker/prefix_override:/home/beachlbl/porter/ros2-ws-2024/install/db_broker/lib/python3.10/site-packages:${PYTHONPATH} /usr/bin/python3 -W ignore:setup.py install is deprecated setup.py egg_info --egg-base ../../build/db_broker build --build-base /home/beachlbl/porter/ros2-ws-2024/build/db_broker/build install --record /home/beachlbl/porter/ros2-ws-2024/build/db_broker/install.log --single-version-externally-managed install_data
[9.833s] running egg_info
[9.837s] writing ../../build/db_broker/db_broker.egg-info/PKG-INFO
[9.839s] writing dependency_links to ../../build/db_broker/db_broker.egg-info/dependency_links.txt
[9.841s] writing entry points to ../../build/db_broker/db_broker.egg-info/entry_points.txt
[9.844s] writing requirements to ../../build/db_broker/db_broker.egg-info/requires.txt
[9.845s] writing top-level names to ../../build/db_broker/db_broker.egg-info/top_level.txt
[9.855s] reading manifest file '../../build/db_broker/db_broker.egg-info/SOURCES.txt'
[9.858s] adding license file 'LICENSE'
[9.861s] writing manifest file '../../build/db_broker/db_broker.egg-info/SOURCES.txt'
[9.861s] running build
[9.864s] running build_py
[9.867s] running install
[9.869s] running install_lib
[9.883s] running install_data
[9.898s] running install_egg_info
[9.902s] removing '/home/beachlbl/porter/ros2-ws-2024/install/db_broker/lib/python3.10/site-packages/db_broker-0.0.0-py3.10.egg-info' (and everything under it)
[9.903s] Copying ../../build/db_broker/db_broker.egg-info to /home/beachlbl/porter/ros2-ws-2024/install/db_broker/lib/python3.10/site-packages/db_broker-0.0.0-py3.10.egg-info
[9.906s] running install_scripts
[10.037s] Installing db_broker_pub script to /home/beachlbl/porter/ros2-ws-2024/install/db_broker/lib/db_broker
[10.041s] writing list of installed files to '/home/beachlbl/porter/ros2-ws-2024/build/db_broker/install.log'
[10.347s] Invoked command in '/home/beachlbl/porter/ros2-ws-2024/src/db_broker' returned '0': PYTHONPATH=/home/beachlbl/porter/ros2-ws-2024/build/db_broker/prefix_override:/home/beachlbl/porter/ros2-ws-2024/install/db_broker/lib/python3.10/site-packages:${PYTHONPATH} /usr/bin/python3 -W ignore:setup.py install is deprecated setup.py egg_info --egg-base ../../build/db_broker build --build-base /home/beachlbl/porter/ros2-ws-2024/build/db_broker/build install --record /home/beachlbl/porter/ros2-ws-2024/build/db_broker/install.log --single-version-externally-managed install_data
