[6.119s] Invoking command in '/home/beachlbl/porter/ros2-ws-2024/src/ui': PYTHONPATH=/home/beachlbl/porter/ros2-ws-2024/build/ui/prefix_override:/home/beachlbl/porter/ros2-ws-2024/install/ui/lib/python3.10/site-packages:${PYTHONPATH} /usr/bin/python3 -W ignore:setup.py install is deprecated setup.py egg_info --egg-base ../../build/ui build --build-base /home/beachlbl/porter/ros2-ws-2024/build/ui/build install --record /home/beachlbl/porter/ros2-ws-2024/build/ui/install.log --single-version-externally-managed install_data
[7.578s] running egg_info
[7.582s] writing ../../build/ui/ui.egg-info/PKG-INFO
[7.588s] writing dependency_links to ../../build/ui/ui.egg-info/dependency_links.txt
[7.589s] writing entry points to ../../build/ui/ui.egg-info/entry_points.txt
[7.591s] writing requirements to ../../build/ui/ui.egg-info/requires.txt
[7.593s] writing top-level names to ../../build/ui/ui.egg-info/top_level.txt
[7.597s] reading manifest file '../../build/ui/ui.egg-info/SOURCES.txt'
[7.598s] adding license file 'LICENSE'
[7.600s] writing manifest file '../../build/ui/ui.egg-info/SOURCES.txt'
[7.601s] running build
[7.602s] running build_py
[7.602s] copying ui/ui_health.py -> /home/beachlbl/porter/ros2-ws-2024/build/ui/build/lib/ui
[7.604s] running install
[7.605s] running install_lib
[7.609s] copying /home/beachlbl/porter/ros2-ws-2024/build/ui/build/lib/ui/ui_health.py -> /home/beachlbl/porter/ros2-ws-2024/install/ui/lib/python3.10/site-packages/ui
[7.612s] byte-compiling /home/beachlbl/porter/ros2-ws-2024/install/ui/lib/python3.10/site-packages/ui/ui_health.py to ui_health.cpython-310.pyc
[7.619s] running install_data
[7.620s] running install_egg_info
[7.629s] removing '/home/beachlbl/porter/ros2-ws-2024/install/ui/lib/python3.10/site-packages/ui-0.0.0-py3.10.egg-info' (and everything under it)
[7.632s] Copying ../../build/ui/ui.egg-info to /home/beachlbl/porter/ros2-ws-2024/install/ui/lib/python3.10/site-packages/ui-0.0.0-py3.10.egg-info
[7.639s] running install_scripts
[7.761s] Installing ui_health script to /home/beachlbl/porter/ros2-ws-2024/install/ui/lib/ui
[7.767s] writing list of installed files to '/home/beachlbl/porter/ros2-ws-2024/build/ui/install.log'
[8.047s] Invoked command in '/home/beachlbl/porter/ros2-ws-2024/src/ui' returned '0': PYTHONPATH=/home/beachlbl/porter/ros2-ws-2024/build/ui/prefix_override:/home/beachlbl/porter/ros2-ws-2024/install/ui/lib/python3.10/site-packages:${PYTHONPATH} /usr/bin/python3 -W ignore:setup.py install is deprecated setup.py egg_info --egg-base ../../build/ui build --build-base /home/beachlbl/porter/ros2-ws-2024/build/ui/build install --record /home/beachlbl/porter/ros2-ws-2024/build/ui/install.log --single-version-externally-managed install_data
