[5.965s] Invoking command in '/home/beachlbl/porter/ros2-ws-2024/src/joy_control': PYTHONPATH=/home/beachlbl/porter/ros2-ws-2024/build/joy_control/prefix_override:/home/beachlbl/porter/ros2-ws-2024/install/joy_control/lib/python3.10/site-packages:${PYTHONPATH} /usr/bin/python3 -W ignore:setup.py install is deprecated setup.py egg_info --egg-base ../../build/joy_control build --build-base /home/beachlbl/porter/ros2-ws-2024/build/joy_control/build install --record /home/beachlbl/porter/ros2-ws-2024/build/joy_control/install.log --single-version-externally-managed install_data
[7.367s] running egg_info
[7.371s] writing ../../build/joy_control/joy_control.egg-info/PKG-INFO
[7.375s] writing dependency_links to ../../build/joy_control/joy_control.egg-info/dependency_links.txt
[7.376s] writing entry points to ../../build/joy_control/joy_control.egg-info/entry_points.txt
[7.377s] writing requirements to ../../build/joy_control/joy_control.egg-info/requires.txt
[7.378s] writing top-level names to ../../build/joy_control/joy_control.egg-info/top_level.txt
[7.386s] reading manifest file '../../build/joy_control/joy_control.egg-info/SOURCES.txt'
[7.390s] adding license file 'LICENSE'
[7.393s] writing manifest file '../../build/joy_control/joy_control.egg-info/SOURCES.txt'
[7.394s] running build
[7.395s] running build_py
[7.397s] running install
[7.398s] running install_lib
[7.407s] running install_data
[7.409s] running install_egg_info
[7.417s] removing '/home/beachlbl/porter/ros2-ws-2024/install/joy_control/lib/python3.10/site-packages/joy_control-0.0.0-py3.10.egg-info' (and everything under it)
[7.419s] Copying ../../build/joy_control/joy_control.egg-info to /home/beachlbl/porter/ros2-ws-2024/install/joy_control/lib/python3.10/site-packages/joy_control-0.0.0-py3.10.egg-info
[7.429s] running install_scripts
[7.545s] Installing control_cb script to /home/beachlbl/porter/ros2-ws-2024/install/joy_control/lib/joy_control
[7.547s] Installing control_ex script to /home/beachlbl/porter/ros2-ws-2024/install/joy_control/lib/joy_control
[7.551s] writing list of installed files to '/home/beachlbl/porter/ros2-ws-2024/build/joy_control/install.log'
[7.789s] Invoked command in '/home/beachlbl/porter/ros2-ws-2024/src/joy_control' returned '0': PYTHONPATH=/home/beachlbl/porter/ros2-ws-2024/build/joy_control/prefix_override:/home/beachlbl/porter/ros2-ws-2024/install/joy_control/lib/python3.10/site-packages:${PYTHONPATH} /usr/bin/python3 -W ignore:setup.py install is deprecated setup.py egg_info --egg-base ../../build/joy_control build --build-base /home/beachlbl/porter/ros2-ws-2024/build/joy_control/build install --record /home/beachlbl/porter/ros2-ws-2024/build/joy_control/install.log --single-version-externally-managed install_data
