[8.113s] Invoking command in '/home/beachlbl/porter/ros2-ws-2024/src/joy_control': PYTHONPATH=/home/beachlbl/porter/ros2-ws-2024/build/joy_control/prefix_override:/home/beachlbl/porter/ros2-ws-2024/install/joy_control/lib/python3.10/site-packages:${PYTHONPATH} /usr/bin/python3 -W ignore:setup.py install is deprecated setup.py egg_info --egg-base ../../build/joy_control build --build-base /home/beachlbl/porter/ros2-ws-2024/build/joy_control/build install --record /home/beachlbl/porter/ros2-ws-2024/build/joy_control/install.log --single-version-externally-managed install_data
[10.056s] running egg_info
[10.061s] writing ../../build/joy_control/joy_control.egg-info/PKG-INFO
[10.063s] writing dependency_links to ../../build/joy_control/joy_control.egg-info/dependency_links.txt
[10.065s] writing entry points to ../../build/joy_control/joy_control.egg-info/entry_points.txt
[10.066s] writing requirements to ../../build/joy_control/joy_control.egg-info/requires.txt
[10.067s] writing top-level names to ../../build/joy_control/joy_control.egg-info/top_level.txt
[10.076s] reading manifest file '../../build/joy_control/joy_control.egg-info/SOURCES.txt'
[10.078s] adding license file 'LICENSE'
[10.082s] writing manifest file '../../build/joy_control/joy_control.egg-info/SOURCES.txt'
[10.083s] running build
[10.083s] running build_py
[10.084s] running install
[10.086s] running install_lib
[10.093s] running install_data
[10.095s] running install_egg_info
[10.105s] removing '/home/beachlbl/porter/ros2-ws-2024/install/joy_control/lib/python3.10/site-packages/joy_control-0.0.0-py3.10.egg-info' (and everything under it)
[10.107s] Copying ../../build/joy_control/joy_control.egg-info to /home/beachlbl/porter/ros2-ws-2024/install/joy_control/lib/python3.10/site-packages/joy_control-0.0.0-py3.10.egg-info
[10.115s] running install_scripts
[10.231s] Installing talker script to /home/beachlbl/porter/ros2-ws-2024/install/joy_control/lib/joy_control
[10.234s] writing list of installed files to '/home/beachlbl/porter/ros2-ws-2024/build/joy_control/install.log'
[11.386s] Invoked command in '/home/beachlbl/porter/ros2-ws-2024/src/joy_control' returned '0': PYTHONPATH=/home/beachlbl/porter/ros2-ws-2024/build/joy_control/prefix_override:/home/beachlbl/porter/ros2-ws-2024/install/joy_control/lib/python3.10/site-packages:${PYTHONPATH} /usr/bin/python3 -W ignore:setup.py install is deprecated setup.py egg_info --egg-base ../../build/joy_control build --build-base /home/beachlbl/porter/ros2-ws-2024/build/joy_control/build install --record /home/beachlbl/porter/ros2-ws-2024/build/joy_control/install.log --single-version-externally-managed install_data
