running egg_info
creating ../../build/db_broker/db_broker.egg-info
writing ../../build/db_broker/db_broker.egg-info/PKG-INFO
writing dependency_links to ../../build/db_broker/db_broker.egg-info/dependency_links.txt
writing entry points to ../../build/db_broker/db_broker.egg-info/entry_points.txt
writing requirements to ../../build/db_broker/db_broker.egg-info/requires.txt
writing top-level names to ../../build/db_broker/db_broker.egg-info/top_level.txt
writing manifest file '../../build/db_broker/db_broker.egg-info/SOURCES.txt'
reading manifest file '../../build/db_broker/db_broker.egg-info/SOURCES.txt'
adding license file 'LICENSE'
writing manifest file '../../build/db_broker/db_broker.egg-info/SOURCES.txt'
running build
running build_py
creating /home/beachlbl/porter/ros2-ws-2024/build/db_broker/build
creating /home/beachlbl/porter/ros2-ws-2024/build/db_broker/build/lib
creating /home/beachlbl/porter/ros2-ws-2024/build/db_broker/build/lib/db_broker
copying db_broker/__init__.py -> /home/beachlbl/porter/ros2-ws-2024/build/db_broker/build/lib/db_broker
copying db_broker/db_broker_pub.py -> /home/beachlbl/porter/ros2-ws-2024/build/db_broker/build/lib/db_broker
running install
running install_lib
creating /home/beachlbl/porter/ros2-ws-2024/install/db_broker/lib/python3.10/site-packages/db_broker
copying /home/beachlbl/porter/ros2-ws-2024/build/db_broker/build/lib/db_broker/__init__.py -> /home/beachlbl/porter/ros2-ws-2024/install/db_broker/lib/python3.10/site-packages/db_broker
copying /home/beachlbl/porter/ros2-ws-2024/build/db_broker/build/lib/db_broker/db_broker_pub.py -> /home/beachlbl/porter/ros2-ws-2024/install/db_broker/lib/python3.10/site-packages/db_broker
byte-compiling /home/beachlbl/porter/ros2-ws-2024/install/db_broker/lib/python3.10/site-packages/db_broker/__init__.py to __init__.cpython-310.pyc
byte-compiling /home/beachlbl/porter/ros2-ws-2024/install/db_broker/lib/python3.10/site-packages/db_broker/db_broker_pub.py to db_broker_pub.cpython-310.pyc
running install_data
creating /home/beachlbl/porter/ros2-ws-2024/install/db_broker/share/ament_index
creating /home/beachlbl/porter/ros2-ws-2024/install/db_broker/share/ament_index/resource_index
creating /home/beachlbl/porter/ros2-ws-2024/install/db_broker/share/ament_index/resource_index/packages
copying resource/db_broker -> /home/beachlbl/porter/ros2-ws-2024/install/db_broker/share/ament_index/resource_index/packages
copying package.xml -> /home/beachlbl/porter/ros2-ws-2024/install/db_broker/share/db_broker
running install_egg_info
Copying ../../build/db_broker/db_broker.egg-info to /home/beachlbl/porter/ros2-ws-2024/install/db_broker/lib/python3.10/site-packages/db_broker-0.0.0-py3.10.egg-info
running install_scripts
Installing db_broker_pub script to /home/beachlbl/porter/ros2-ws-2024/install/db_broker/lib/db_broker
writing list of installed files to '/home/beachlbl/porter/ros2-ws-2024/build/db_broker/install.log'
