[5.698s] Invoking command in '/home/beachlbl/porter/ros2-ws-2024/src/ui': PYTHONPATH=/home/beachlbl/porter/ros2-ws-2024/build/ui/prefix_override:/home/beachlbl/porter/ros2-ws-2024/install/ui/lib/python3.10/site-packages:${PYTHONPATH} /usr/bin/python3 -W ignore:setup.py install is deprecated setup.py egg_info --egg-base ../../build/ui build --build-base /home/beachlbl/porter/ros2-ws-2024/build/ui/build install --record /home/beachlbl/porter/ros2-ws-2024/build/ui/install.log --single-version-externally-managed install_data
[7.210s] running egg_info
[7.213s] writing ../../build/ui/ui.egg-info/PKG-INFO
[7.214s] writing dependency_links to ../../build/ui/ui.egg-info/dependency_links.txt
[7.215s] writing entry points to ../../build/ui/ui.egg-info/entry_points.txt
[7.216s] writing requirements to ../../build/ui/ui.egg-info/requires.txt
[7.217s] writing top-level names to ../../build/ui/ui.egg-info/top_level.txt
[7.226s] reading manifest file '../../build/ui/ui.egg-info/SOURCES.txt'
[7.227s] adding license file 'LICENSE'
[7.230s] writing manifest file '../../build/ui/ui.egg-info/SOURCES.txt'
[7.231s] running build
[7.231s] running build_py
[7.233s] running install
[7.234s] running install_lib
[7.240s] running install_data
[7.241s] running install_egg_info
[7.249s] removing '/home/beachlbl/porter/ros2-ws-2024/install/ui/lib/python3.10/site-packages/ui-0.0.0-py3.10.egg-info' (and everything under it)
[7.251s] Copying ../../build/ui/ui.egg-info to /home/beachlbl/porter/ros2-ws-2024/install/ui/lib/python3.10/site-packages/ui-0.0.0-py3.10.egg-info
[7.258s] running install_scripts
[7.354s] Installing ui_health script to /home/beachlbl/porter/ros2-ws-2024/install/ui/lib/ui
[7.356s] writing list of installed files to '/home/beachlbl/porter/ros2-ws-2024/build/ui/install.log'
[7.516s] Invoked command in '/home/beachlbl/porter/ros2-ws-2024/src/ui' returned '0': PYTHONPATH=/home/beachlbl/porter/ros2-ws-2024/build/ui/prefix_override:/home/beachlbl/porter/ros2-ws-2024/install/ui/lib/python3.10/site-packages:${PYTHONPATH} /usr/bin/python3 -W ignore:setup.py install is deprecated setup.py egg_info --egg-base ../../build/ui build --build-base /home/beachlbl/porter/ros2-ws-2024/build/ui/build install --record /home/beachlbl/porter/ros2-ws-2024/build/ui/install.log --single-version-externally-managed install_data
