[8.170s] Invoking command in '/home/beachlbl/porter/ros2-ws-2024/src/ui': PYTHONPATH=/home/beachlbl/porter/ros2-ws-2024/build/ui/prefix_override:/home/beachlbl/porter/ros2-ws-2024/install/ui/lib/python3.10/site-packages:${PYTHONPATH} /usr/bin/python3 -W ignore:setup.py install is deprecated setup.py egg_info --egg-base ../../build/ui build --build-base /home/beachlbl/porter/ros2-ws-2024/build/ui/build install --record /home/beachlbl/porter/ros2-ws-2024/build/ui/install.log --single-version-externally-managed install_data
[10.268s] running egg_info
[10.276s] writing ../../build/ui/ui.egg-info/PKG-INFO
[10.304s] writing dependency_links to ../../build/ui/ui.egg-info/dependency_links.txt
[10.306s] writing entry points to ../../build/ui/ui.egg-info/entry_points.txt
[10.308s] writing requirements to ../../build/ui/ui.egg-info/requires.txt
[10.310s] writing top-level names to ../../build/ui/ui.egg-info/top_level.txt
[10.347s] reading manifest file '../../build/ui/ui.egg-info/SOURCES.txt'
[10.356s] adding license file 'LICENSE'
[10.360s] writing manifest file '../../build/ui/ui.egg-info/SOURCES.txt'
[10.364s] running build
[10.365s] running build_py
[10.382s] running install
[10.390s] running install_lib
[10.414s] running install_data
[10.423s] running install_egg_info
[10.445s] removing '/home/beachlbl/porter/ros2-ws-2024/install/ui/lib/python3.10/site-packages/ui-0.0.0-py3.10.egg-info' (and everything under it)
[10.452s] Copying ../../build/ui/ui.egg-info to /home/beachlbl/porter/ros2-ws-2024/install/ui/lib/python3.10/site-packages/ui-0.0.0-py3.10.egg-info
[10.467s] running install_scripts
[10.661s] Installing ui_health script to /home/beachlbl/porter/ros2-ws-2024/install/ui/lib/ui
[10.671s] writing list of installed files to '/home/beachlbl/porter/ros2-ws-2024/build/ui/install.log'
[10.943s] Invoked command in '/home/beachlbl/porter/ros2-ws-2024/src/ui' returned '0': PYTHONPATH=/home/beachlbl/porter/ros2-ws-2024/build/ui/prefix_override:/home/beachlbl/porter/ros2-ws-2024/install/ui/lib/python3.10/site-packages:${PYTHONPATH} /usr/bin/python3 -W ignore:setup.py install is deprecated setup.py egg_info --egg-base ../../build/ui build --build-base /home/beachlbl/porter/ros2-ws-2024/build/ui/build install --record /home/beachlbl/porter/ros2-ws-2024/build/ui/install.log --single-version-externally-managed install_data
