[3.441s] Invoking command in '/home/beachlbl/porter/ros2-ws-2024/src/joy_control': PYTHONPATH=/home/beachlbl/porter/ros2-ws-2024/build/joy_control/prefix_override:/home/beachlbl/porter/ros2-ws-2024/install/joy_control/lib/python3.10/site-packages:${PYTHONPATH} /usr/bin/python3 -W ignore:setup.py install is deprecated setup.py egg_info --egg-base ../../build/joy_control build --build-base /home/beachlbl/porter/ros2-ws-2024/build/joy_control/build install --record /home/beachlbl/porter/ros2-ws-2024/build/joy_control/install.log --single-version-externally-managed install_data
[4.647s] running egg_info
[4.650s] writing ../../build/joy_control/joy_control.egg-info/PKG-INFO
[4.652s] writing dependency_links to ../../build/joy_control/joy_control.egg-info/dependency_links.txt
[4.653s] writing entry points to ../../build/joy_control/joy_control.egg-info/entry_points.txt
[4.654s] writing requirements to ../../build/joy_control/joy_control.egg-info/requires.txt
[4.655s] writing top-level names to ../../build/joy_control/joy_control.egg-info/top_level.txt
[4.663s] reading manifest file '../../build/joy_control/joy_control.egg-info/SOURCES.txt'
[4.670s] adding license file 'LICENSE'
[4.674s] writing manifest file '../../build/joy_control/joy_control.egg-info/SOURCES.txt'
[4.676s] running build
[4.677s] running build_py
[4.680s] running install
[4.681s] running install_lib
[4.689s] running install_data
[4.690s] running install_egg_info
[4.697s] removing '/home/beachlbl/porter/ros2-ws-2024/install/joy_control/lib/python3.10/site-packages/joy_control-0.0.0-py3.10.egg-info' (and everything under it)
[4.700s] Copying ../../build/joy_control/joy_control.egg-info to /home/beachlbl/porter/ros2-ws-2024/install/joy_control/lib/python3.10/site-packages/joy_control-0.0.0-py3.10.egg-info
[4.707s] running install_scripts
[4.793s] Installing talker script to /home/beachlbl/porter/ros2-ws-2024/install/joy_control/lib/joy_control
[4.797s] writing list of installed files to '/home/beachlbl/porter/ros2-ws-2024/build/joy_control/install.log'
[4.927s] Invoked command in '/home/beachlbl/porter/ros2-ws-2024/src/joy_control' returned '0': PYTHONPATH=/home/beachlbl/porter/ros2-ws-2024/build/joy_control/prefix_override:/home/beachlbl/porter/ros2-ws-2024/install/joy_control/lib/python3.10/site-packages:${PYTHONPATH} /usr/bin/python3 -W ignore:setup.py install is deprecated setup.py egg_info --egg-base ../../build/joy_control build --build-base /home/beachlbl/porter/ros2-ws-2024/build/joy_control/build install --record /home/beachlbl/porter/ros2-ws-2024/build/joy_control/install.log --single-version-externally-managed install_data
