[9.614s] Invoking command in '/home/beachlbl/porter/ros2-ws-2024/src/drive_ex': PYTHONPATH=/home/beachlbl/porter/ros2-ws-2024/build/drive_ex/prefix_override:/home/beachlbl/porter/ros2-ws-2024/install/drive_ex/lib/python3.10/site-packages:${PYTHONPATH} /usr/bin/python3 -W ignore:setup.py install is deprecated setup.py egg_info --egg-base ../../build/drive_ex build --build-base /home/beachlbl/porter/ros2-ws-2024/build/drive_ex/build install --record /home/beachlbl/porter/ros2-ws-2024/build/drive_ex/install.log --single-version-externally-managed install_data
[12.253s] running egg_info
[12.256s] writing ../../build/drive_ex/drive_ex.egg-info/PKG-INFO
[12.258s] writing dependency_links to ../../build/drive_ex/drive_ex.egg-info/dependency_links.txt
[12.259s] writing entry points to ../../build/drive_ex/drive_ex.egg-info/entry_points.txt
[12.260s] writing requirements to ../../build/drive_ex/drive_ex.egg-info/requires.txt
[12.261s] writing top-level names to ../../build/drive_ex/drive_ex.egg-info/top_level.txt
[12.272s] reading manifest file '../../build/drive_ex/drive_ex.egg-info/SOURCES.txt'
[12.274s] adding license file 'LICENSE'
[12.277s] writing manifest file '../../build/drive_ex/drive_ex.egg-info/SOURCES.txt'
[12.278s] running build
[12.278s] running build_py
[12.280s] running install
[12.281s] running install_lib
[12.289s] running install_data
[12.290s] running install_egg_info
[12.298s] removing '/home/beachlbl/porter/ros2-ws-2024/install/drive_ex/lib/python3.10/site-packages/drive_ex-0.0.0-py3.10.egg-info' (and everything under it)
[12.300s] Copying ../../build/drive_ex/drive_ex.egg-info to /home/beachlbl/porter/ros2-ws-2024/install/drive_ex/lib/python3.10/site-packages/drive_ex-0.0.0-py3.10.egg-info
[12.307s] running install_scripts
[12.450s] Installing drivetrain_cb script to /home/beachlbl/porter/ros2-ws-2024/install/drive_ex/lib/drive_ex
[12.451s] Installing drivetrain_ex script to /home/beachlbl/porter/ros2-ws-2024/install/drive_ex/lib/drive_ex
[12.453s] writing list of installed files to '/home/beachlbl/porter/ros2-ws-2024/build/drive_ex/install.log'
[13.256s] Invoked command in '/home/beachlbl/porter/ros2-ws-2024/src/drive_ex' returned '0': PYTHONPATH=/home/beachlbl/porter/ros2-ws-2024/build/drive_ex/prefix_override:/home/beachlbl/porter/ros2-ws-2024/install/drive_ex/lib/python3.10/site-packages:${PYTHONPATH} /usr/bin/python3 -W ignore:setup.py install is deprecated setup.py egg_info --egg-base ../../build/drive_ex build --build-base /home/beachlbl/porter/ros2-ws-2024/build/drive_ex/build install --record /home/beachlbl/porter/ros2-ws-2024/build/drive_ex/install.log --single-version-externally-managed install_data
