[2.874s] Invoking command in '/home/beachlbl/porter/ros2-ws-2024/src/joy_control': PYTHONPATH=/home/beachlbl/porter/ros2-ws-2024/build/joy_control/prefix_override:/home/beachlbl/porter/ros2-ws-2024/install/joy_control/lib/python3.10/site-packages:${PYTHONPATH} /usr/bin/python3 -W ignore:setup.py install is deprecated setup.py egg_info --egg-base ../../build/joy_control build --build-base /home/beachlbl/porter/ros2-ws-2024/build/joy_control/build install --record /home/beachlbl/porter/ros2-ws-2024/build/joy_control/install.log --single-version-externally-managed install_data
[3.968s] running egg_info
[3.971s] writing ../../build/joy_control/joy_control.egg-info/PKG-INFO
[3.972s] writing dependency_links to ../../build/joy_control/joy_control.egg-info/dependency_links.txt
[3.973s] writing entry points to ../../build/joy_control/joy_control.egg-info/entry_points.txt
[3.974s] writing requirements to ../../build/joy_control/joy_control.egg-info/requires.txt
[3.974s] writing top-level names to ../../build/joy_control/joy_control.egg-info/top_level.txt
[3.982s] reading manifest file '../../build/joy_control/joy_control.egg-info/SOURCES.txt'
[4.037s] adding license file 'LICENSE'
[4.042s] writing manifest file '../../build/joy_control/joy_control.egg-info/SOURCES.txt'
[4.043s] running build
[4.043s] running build_py
[4.045s] running install
[4.047s] running install_lib
[4.053s] running install_data
[4.054s] running install_egg_info
[4.061s] removing '/home/beachlbl/porter/ros2-ws-2024/install/joy_control/lib/python3.10/site-packages/joy_control-0.0.0-py3.10.egg-info' (and everything under it)
[4.063s] Copying ../../build/joy_control/joy_control.egg-info to /home/beachlbl/porter/ros2-ws-2024/install/joy_control/lib/python3.10/site-packages/joy_control-0.0.0-py3.10.egg-info
[4.068s] running install_scripts
[4.147s] Installing talker script to /home/beachlbl/porter/ros2-ws-2024/install/joy_control/lib/joy_control
[4.149s] writing list of installed files to '/home/beachlbl/porter/ros2-ws-2024/build/joy_control/install.log'
[4.262s] Invoked command in '/home/beachlbl/porter/ros2-ws-2024/src/joy_control' returned '0': PYTHONPATH=/home/beachlbl/porter/ros2-ws-2024/build/joy_control/prefix_override:/home/beachlbl/porter/ros2-ws-2024/install/joy_control/lib/python3.10/site-packages:${PYTHONPATH} /usr/bin/python3 -W ignore:setup.py install is deprecated setup.py egg_info --egg-base ../../build/joy_control build --build-base /home/beachlbl/porter/ros2-ws-2024/build/joy_control/build install --record /home/beachlbl/porter/ros2-ws-2024/build/joy_control/install.log --single-version-externally-managed install_data
