[3.868s] Invoking command in '/home/beachlbl/porter/ros2-ws-2024/src/drive_cb': PYTHONPATH=/home/beachlbl/porter/ros2-ws-2024/build/drive_cb/prefix_override:/home/beachlbl/porter/ros2-ws-2024/install/drive_cb/lib/python3.10/site-packages:${PYTHONPATH} /usr/bin/python3 -W ignore:setup.py install is deprecated setup.py egg_info --egg-base ../../build/drive_cb build --build-base /home/beachlbl/porter/ros2-ws-2024/build/drive_cb/build install --record /home/beachlbl/porter/ros2-ws-2024/build/drive_cb/install.log --single-version-externally-managed install_data
[5.214s] running egg_info
[5.217s] writing ../../build/drive_cb/drive_cb.egg-info/PKG-INFO
[5.218s] writing dependency_links to ../../build/drive_cb/drive_cb.egg-info/dependency_links.txt
[5.219s] writing entry points to ../../build/drive_cb/drive_cb.egg-info/entry_points.txt
[5.220s] writing requirements to ../../build/drive_cb/drive_cb.egg-info/requires.txt
[5.221s] writing top-level names to ../../build/drive_cb/drive_cb.egg-info/top_level.txt
[5.229s] reading manifest file '../../build/drive_cb/drive_cb.egg-info/SOURCES.txt'
[5.231s] adding license file 'LICENSE'
[5.233s] writing manifest file '../../build/drive_cb/drive_cb.egg-info/SOURCES.txt'
[5.234s] running build
[5.234s] running build_py
[5.236s] running install
[5.238s] running install_lib
[5.244s] running install_data
[5.245s] running install_egg_info
[5.253s] removing '/home/beachlbl/porter/ros2-ws-2024/install/drive_cb/lib/python3.10/site-packages/drive_cb-0.0.0-py3.10.egg-info' (and everything under it)
[5.254s] Copying ../../build/drive_cb/drive_cb.egg-info to /home/beachlbl/porter/ros2-ws-2024/install/drive_cb/lib/python3.10/site-packages/drive_cb-0.0.0-py3.10.egg-info
[5.261s] running install_scripts
[5.357s] Installing drivetrain_cb script to /home/beachlbl/porter/ros2-ws-2024/install/drive_cb/lib/drive_cb
[5.359s] writing list of installed files to '/home/beachlbl/porter/ros2-ws-2024/build/drive_cb/install.log'
[5.548s] Invoked command in '/home/beachlbl/porter/ros2-ws-2024/src/drive_cb' returned '0': PYTHONPATH=/home/beachlbl/porter/ros2-ws-2024/build/drive_cb/prefix_override:/home/beachlbl/porter/ros2-ws-2024/install/drive_cb/lib/python3.10/site-packages:${PYTHONPATH} /usr/bin/python3 -W ignore:setup.py install is deprecated setup.py egg_info --egg-base ../../build/drive_cb build --build-base /home/beachlbl/porter/ros2-ws-2024/build/drive_cb/build install --record /home/beachlbl/porter/ros2-ws-2024/build/drive_cb/install.log --single-version-externally-managed install_data
