[0.612s] DEBUG:colcon:Command line arguments: ['/usr/bin/colcon', 'build', '--build-base', 'build', '--install-base', 'install', '--packages-select', 'drive_ex']
[0.612s] DEBUG:colcon:Command line arguments: ['/usr/bin/colcon', 'build', '--build-base', 'build', '--install-base', 'install', '--packages-select', 'joy_control']
[0.613s] DEBUG:colcon:Parsed command line arguments: Namespace(log_base=None, log_level=None, verb_name='build', build_base='/home/beachlbl/ros2-ws-2024/build', install_base='/home/beachlbl/ros2-ws-2024/install', merge_install=False, symlink_install=False, test_result_base=None, continue_on_error=False, executor='parallel', parallel_workers=4, event_handlers=None, ignore_user_meta=False, metas=['./colcon.meta'], base_paths=['.'], packages_ignore=None, packages_ignore_regex=None, paths=None, packages_up_to=None, packages_up_to_regex=None, packages_above=None, packages_above_and_dependencies=None, packages_above_depth=None, packages_select_by_dep=None, packages_skip_by_dep=None, packages_skip_up_to=None, packages_select_build_failed=False, packages_skip_build_finished=False, packages_select_test_failures=False, packages_skip_test_passed=False, packages_select=['drive_ex'], packages_skip=None, packages_select_regex=None, packages_skip_regex=None, packages_start=None, packages_end=None, allow_overriding=[], cmake_args=None, cmake_target=None, cmake_target_skip_unavailable=False, cmake_clean_cache=False, cmake_clean_first=False, cmake_force_configure=False, ament_cmake_args=None, catkin_cmake_args=None, catkin_skip_building_tests=False, verb_parser=<colcon_defaults.argument_parser.defaults.DefaultArgumentsDecorator object at 0xffff9f2d5330>, verb_extension=<colcon_core.verb.build.BuildVerb object at 0xffff9f3e2860>, main=<bound method BuildVerb.main of <colcon_core.verb.build.BuildVerb object at 0xffff9f3e2860>>)
[0.613s] DEBUG:colcon:Parsed command line arguments: Namespace(log_base=None, log_level=None, verb_name='build', build_base='/home/beachlbl/ros2-ws-2024/build', install_base='/home/beachlbl/ros2-ws-2024/install', merge_install=False, symlink_install=False, test_result_base=None, continue_on_error=False, executor='parallel', parallel_workers=4, event_handlers=None, ignore_user_meta=False, metas=['./colcon.meta'], base_paths=['.'], packages_ignore=None, packages_ignore_regex=None, paths=None, packages_up_to=None, packages_up_to_regex=None, packages_above=None, packages_above_and_dependencies=None, packages_above_depth=None, packages_select_by_dep=None, packages_skip_by_dep=None, packages_skip_up_to=None, packages_select_build_failed=False, packages_skip_build_finished=False, packages_select_test_failures=False, packages_skip_test_passed=False, packages_select=['joy_control'], packages_skip=None, packages_select_regex=None, packages_skip_regex=None, packages_start=None, packages_end=None, allow_overriding=[], cmake_args=None, cmake_target=None, cmake_target_skip_unavailable=False, cmake_clean_cache=False, cmake_clean_first=False, cmake_force_configure=False, ament_cmake_args=None, catkin_cmake_args=None, catkin_skip_building_tests=False, verb_parser=<colcon_defaults.argument_parser.defaults.DefaultArgumentsDecorator object at 0xffffa6ff5330>, verb_extension=<colcon_core.verb.build.BuildVerb object at 0xffffa7102860>, main=<bound method BuildVerb.main of <colcon_core.verb.build.BuildVerb object at 0xffffa7102860>>)
[1.630s] Level 1:colcon.colcon_core.package_discovery:discover_packages(colcon_meta) check parameters
[1.630s] Level 1:colcon.colcon_core.package_discovery:discover_packages(colcon_meta) check parameters
[1.630s] Level 1:colcon.colcon_core.package_discovery:discover_packages(recursive) check parameters
[1.630s] Level 1:colcon.colcon_core.package_discovery:discover_packages(recursive) check parameters
[1.631s] Level 1:colcon.colcon_core.package_discovery:discover_packages(ignore) check parameters
[1.631s] Level 1:colcon.colcon_core.package_discovery:discover_packages(ignore) check parameters
[1.631s] Level 1:colcon.colcon_core.package_discovery:discover_packages(path) check parameters
[1.631s] Level 1:colcon.colcon_core.package_discovery:discover_packages(path) check parameters
[1.631s] Level 1:colcon.colcon_core.package_discovery:discover_packages(colcon_meta) discover
[1.631s] Level 1:colcon.colcon_core.package_discovery:discover_packages(colcon_meta) discover
[1.631s] Level 1:colcon.colcon_core.package_discovery:discover_packages(recursive) discover
[1.631s] Level 1:colcon.colcon_core.package_discovery:discover_packages(recursive) discover
[1.631s] INFO:colcon.colcon_core.package_discovery:Crawling recursively for packages in '/home/beachlbl/ros2-ws-2024'
[1.631s] INFO:colcon.colcon_core.package_discovery:Crawling recursively for packages in '/home/beachlbl/ros2-ws-2024'
[1.632s] Level 1:colcon.colcon_core.package_identification:_identify(.) by extensions ['ignore', 'ignore_ament_install']
[1.632s] Level 1:colcon.colcon_core.package_identification:_identify(.) by extensions ['ignore', 'ignore_ament_install']
[1.632s] Level 1:colcon.colcon_core.package_identification:_identify(.) by extension 'ignore'
[1.632s] Level 1:colcon.colcon_core.package_identification:_identify(.) by extension 'ignore'
[1.633s] Level 1:colcon.colcon_core.package_identification:_identify(.) by extension 'ignore_ament_install'
[1.633s] Level 1:colcon.colcon_core.package_identification:_identify(.) by extension 'ignore_ament_install'
[1.633s] Level 1:colcon.colcon_core.package_identification:_identify(.) by extensions ['colcon_pkg']
[1.633s] Level 1:colcon.colcon_core.package_identification:_identify(.) by extensions ['colcon_pkg']
[1.633s] Level 1:colcon.colcon_core.package_identification:_identify(.) by extension 'colcon_pkg'
[1.633s] Level 1:colcon.colcon_core.package_identification:_identify(.) by extension 'colcon_pkg'
[1.633s] Level 1:colcon.colcon_core.package_identification:_identify(.) by extensions ['colcon_meta']
[1.633s] Level 1:colcon.colcon_core.package_identification:_identify(.) by extensions ['colcon_meta']
[1.633s] Level 1:colcon.colcon_core.package_identification:_identify(.) by extension 'colcon_meta'
[1.633s] Level 1:colcon.colcon_core.package_identification:_identify(.) by extension 'colcon_meta'
[1.634s] Level 1:colcon.colcon_core.package_identification:_identify(.) by extensions ['ros']
[1.634s] Level 1:colcon.colcon_core.package_identification:_identify(.) by extensions ['ros']
[1.634s] Level 1:colcon.colcon_core.package_identification:_identify(.) by extension 'ros'
[1.634s] Level 1:colcon.colcon_core.package_identification:_identify(.) by extension 'ros'
[1.686s] Level 1:colcon.colcon_core.package_identification:_identify(.) by extensions ['cmake', 'python']
[1.686s] Level 1:colcon.colcon_core.package_identification:_identify(.) by extensions ['cmake', 'python']
[1.687s] Level 1:colcon.colcon_core.package_identification:_identify(.) by extension 'cmake'
[1.687s] Level 1:colcon.colcon_core.package_identification:_identify(.) by extension 'cmake'
[1.687s] Level 1:colcon.colcon_core.package_identification:_identify(.) by extension 'python'
[1.687s] Level 1:colcon.colcon_core.package_identification:_identify(.) by extension 'python'
[1.687s] Level 1:colcon.colcon_core.package_identification:_identify(.) by extensions ['python_setup_py']
[1.687s] Level 1:colcon.colcon_core.package_identification:_identify(.) by extensions ['python_setup_py']
[1.687s] Level 1:colcon.colcon_core.package_identification:_identify(.) by extension 'python_setup_py'
[1.687s] Level 1:colcon.colcon_core.package_identification:_identify(.) by extension 'python_setup_py'
[1.688s] Level 1:colcon.colcon_core.package_identification:_identify(build) by extensions ['ignore', 'ignore_ament_install']
[1.688s] Level 1:colcon.colcon_core.package_identification:_identify(build) by extensions ['ignore', 'ignore_ament_install']
[1.688s] Level 1:colcon.colcon_core.package_identification:_identify(build) by extension 'ignore'
[1.688s] Level 1:colcon.colcon_core.package_identification:_identify(build) by extension 'ignore'
[1.688s] Level 1:colcon.colcon_core.package_identification:_identify(build) ignored
[1.688s] Level 1:colcon.colcon_core.package_identification:_identify(build) ignored
[1.689s] Level 1:colcon.colcon_core.package_identification:_identify(install) by extensions ['ignore', 'ignore_ament_install']
[1.689s] Level 1:colcon.colcon_core.package_identification:_identify(install) by extensions ['ignore', 'ignore_ament_install']
[1.690s] Level 1:colcon.colcon_core.package_identification:_identify(install) by extension 'ignore'
[1.690s] Level 1:colcon.colcon_core.package_identification:_identify(install) by extension 'ignore'
[1.690s] Level 1:colcon.colcon_core.package_identification:_identify(install) ignored
[1.690s] Level 1:colcon.colcon_core.package_identification:_identify(install) ignored
[1.690s] Level 1:colcon.colcon_core.package_identification:_identify(launch) by extensions ['ignore', 'ignore_ament_install']
[1.690s] Level 1:colcon.colcon_core.package_identification:_identify(launch) by extensions ['ignore', 'ignore_ament_install']
[1.691s] Level 1:colcon.colcon_core.package_identification:_identify(launch) by extension 'ignore'
[1.691s] Level 1:colcon.colcon_core.package_identification:_identify(launch) by extension 'ignore'
[1.691s] Level 1:colcon.colcon_core.package_identification:_identify(launch) by extension 'ignore_ament_install'
[1.691s] Level 1:colcon.colcon_core.package_identification:_identify(launch) by extension 'ignore_ament_install'
[1.691s] Level 1:colcon.colcon_core.package_identification:_identify(launch) by extensions ['colcon_pkg']
[1.691s] Level 1:colcon.colcon_core.package_identification:_identify(launch) by extensions ['colcon_pkg']
[1.691s] Level 1:colcon.colcon_core.package_identification:_identify(launch) by extension 'colcon_pkg'
[1.691s] Level 1:colcon.colcon_core.package_identification:_identify(launch) by extension 'colcon_pkg'
[1.692s] Level 1:colcon.colcon_core.package_identification:_identify(launch) by extensions ['colcon_meta']
[1.692s] Level 1:colcon.colcon_core.package_identification:_identify(launch) by extensions ['colcon_meta']
[1.692s] Level 1:colcon.colcon_core.package_identification:_identify(launch) by extension 'colcon_meta'
[1.692s] Level 1:colcon.colcon_core.package_identification:_identify(launch) by extension 'colcon_meta'
[1.692s] Level 1:colcon.colcon_core.package_identification:_identify(launch) by extensions ['ros']
[1.692s] Level 1:colcon.colcon_core.package_identification:_identify(launch) by extensions ['ros']
[1.692s] Level 1:colcon.colcon_core.package_identification:_identify(launch) by extension 'ros'
[1.692s] Level 1:colcon.colcon_core.package_identification:_identify(launch) by extension 'ros'
[1.693s] Level 1:colcon.colcon_core.package_identification:_identify(launch) by extensions ['cmake', 'python']
[1.693s] Level 1:colcon.colcon_core.package_identification:_identify(launch) by extensions ['cmake', 'python']
[1.693s] Level 1:colcon.colcon_core.package_identification:_identify(launch) by extension 'cmake'
[1.693s] Level 1:colcon.colcon_core.package_identification:_identify(launch) by extension 'cmake'
[1.693s] Level 1:colcon.colcon_core.package_identification:_identify(launch) by extension 'python'
[1.693s] Level 1:colcon.colcon_core.package_identification:_identify(launch) by extension 'python'
[1.693s] Level 1:colcon.colcon_core.package_identification:_identify(launch) by extensions ['python_setup_py']
[1.693s] Level 1:colcon.colcon_core.package_identification:_identify(launch) by extensions ['python_setup_py']
[1.693s] Level 1:colcon.colcon_core.package_identification:_identify(launch) by extension 'python_setup_py'
[1.693s] Level 1:colcon.colcon_core.package_identification:_identify(launch) by extension 'python_setup_py'
[1.694s] Level 1:colcon.colcon_core.package_identification:_identify(launch/__pycache__) by extensions ['ignore', 'ignore_ament_install']
[1.694s] Level 1:colcon.colcon_core.package_identification:_identify(launch/__pycache__) by extensions ['ignore', 'ignore_ament_install']
[1.694s] Level 1:colcon.colcon_core.package_identification:_identify(launch/__pycache__) by extension 'ignore'
[1.694s] Level 1:colcon.colcon_core.package_identification:_identify(launch/__pycache__) by extension 'ignore'
[1.694s] Level 1:colcon.colcon_core.package_identification:_identify(launch/__pycache__) by extension 'ignore_ament_install'
[1.694s] Level 1:colcon.colcon_core.package_identification:_identify(launch/__pycache__) by extension 'ignore_ament_install'
[1.695s] Level 1:colcon.colcon_core.package_identification:_identify(launch/__pycache__) by extensions ['colcon_pkg']
[1.695s] Level 1:colcon.colcon_core.package_identification:_identify(launch/__pycache__) by extensions ['colcon_pkg']
[1.695s] Level 1:colcon.colcon_core.package_identification:_identify(launch/__pycache__) by extension 'colcon_pkg'
[1.695s] Level 1:colcon.colcon_core.package_identification:_identify(launch/__pycache__) by extension 'colcon_pkg'
[1.695s] Level 1:colcon.colcon_core.package_identification:_identify(launch/__pycache__) by extensions ['colcon_meta']
[1.695s] Level 1:colcon.colcon_core.package_identification:_identify(launch/__pycache__) by extensions ['colcon_meta']
[1.695s] Level 1:colcon.colcon_core.package_identification:_identify(launch/__pycache__) by extension 'colcon_meta'
[1.695s] Level 1:colcon.colcon_core.package_identification:_identify(launch/__pycache__) by extension 'colcon_meta'
[1.696s] Level 1:colcon.colcon_core.package_identification:_identify(launch/__pycache__) by extensions ['ros']
[1.696s] Level 1:colcon.colcon_core.package_identification:_identify(launch/__pycache__) by extensions ['ros']
[1.696s] Level 1:colcon.colcon_core.package_identification:_identify(launch/__pycache__) by extension 'ros'
[1.696s] Level 1:colcon.colcon_core.package_identification:_identify(launch/__pycache__) by extension 'ros'
[1.696s] Level 1:colcon.colcon_core.package_identification:_identify(launch/__pycache__) by extensions ['cmake', 'python']
[1.696s] Level 1:colcon.colcon_core.package_identification:_identify(launch/__pycache__) by extensions ['cmake', 'python']
[1.696s] Level 1:colcon.colcon_core.package_identification:_identify(launch/__pycache__) by extension 'cmake'
[1.696s] Level 1:colcon.colcon_core.package_identification:_identify(launch/__pycache__) by extension 'cmake'
[1.696s] Level 1:colcon.colcon_core.package_identification:_identify(launch/__pycache__) by extension 'python'
[1.696s] Level 1:colcon.colcon_core.package_identification:_identify(launch/__pycache__) by extension 'python'
[1.697s] Level 1:colcon.colcon_core.package_identification:_identify(launch/__pycache__) by extensions ['python_setup_py']
[1.697s] Level 1:colcon.colcon_core.package_identification:_identify(launch/__pycache__) by extensions ['python_setup_py']
[1.697s] Level 1:colcon.colcon_core.package_identification:_identify(launch/__pycache__) by extension 'python_setup_py'
[1.697s] Level 1:colcon.colcon_core.package_identification:_identify(launch/__pycache__) by extension 'python_setup_py'
[1.708s] Level 1:colcon.colcon_core.package_identification:_identify(log) by extensions ['ignore', 'ignore_ament_install']
[1.708s] Level 1:colcon.colcon_core.package_identification:_identify(log) by extensions ['ignore', 'ignore_ament_install']
[1.708s] Level 1:colcon.colcon_core.package_identification:_identify(log) by extension 'ignore'
[1.708s] Level 1:colcon.colcon_core.package_identification:_identify(log) by extension 'ignore'
[1.708s] Level 1:colcon.colcon_core.package_identification:_identify(log) ignored
[1.708s] Level 1:colcon.colcon_core.package_identification:_identify(log) ignored
[1.709s] Level 1:colcon.colcon_core.package_identification:_identify(scripts) by extensions ['ignore', 'ignore_ament_install']
[1.709s] Level 1:colcon.colcon_core.package_identification:_identify(scripts) by extensions ['ignore', 'ignore_ament_install']
[1.709s] Level 1:colcon.colcon_core.package_identification:_identify(scripts) by extension 'ignore'
[1.709s] Level 1:colcon.colcon_core.package_identification:_identify(scripts) by extension 'ignore'
[1.710s] Level 1:colcon.colcon_core.package_identification:_identify(scripts) by extension 'ignore_ament_install'
[1.710s] Level 1:colcon.colcon_core.package_identification:_identify(scripts) by extension 'ignore_ament_install'
[1.710s] Level 1:colcon.colcon_core.package_identification:_identify(scripts) by extensions ['colcon_pkg']
[1.710s] Level 1:colcon.colcon_core.package_identification:_identify(scripts) by extensions ['colcon_pkg']
[1.710s] Level 1:colcon.colcon_core.package_identification:_identify(scripts) by extension 'colcon_pkg'
[1.710s] Level 1:colcon.colcon_core.package_identification:_identify(scripts) by extension 'colcon_pkg'
[1.710s] Level 1:colcon.colcon_core.package_identification:_identify(scripts) by extensions ['colcon_meta']
[1.710s] Level 1:colcon.colcon_core.package_identification:_identify(scripts) by extensions ['colcon_meta']
[1.710s] Level 1:colcon.colcon_core.package_identification:_identify(scripts) by extension 'colcon_meta'
[1.710s] Level 1:colcon.colcon_core.package_identification:_identify(scripts) by extension 'colcon_meta'
[1.711s] Level 1:colcon.colcon_core.package_identification:_identify(scripts) by extensions ['ros']
[1.711s] Level 1:colcon.colcon_core.package_identification:_identify(scripts) by extensions ['ros']
[1.711s] Level 1:colcon.colcon_core.package_identification:_identify(scripts) by extension 'ros'
[1.711s] Level 1:colcon.colcon_core.package_identification:_identify(scripts) by extension 'ros'
[1.711s] Level 1:colcon.colcon_core.package_identification:_identify(scripts) by extensions ['cmake', 'python']
[1.711s] Level 1:colcon.colcon_core.package_identification:_identify(scripts) by extensions ['cmake', 'python']
[1.711s] Level 1:colcon.colcon_core.package_identification:_identify(scripts) by extension 'cmake'
[1.711s] Level 1:colcon.colcon_core.package_identification:_identify(scripts) by extension 'cmake'
[1.712s] Level 1:colcon.colcon_core.package_identification:_identify(scripts) by extension 'python'
[1.712s] Level 1:colcon.colcon_core.package_identification:_identify(scripts) by extension 'python'
[1.712s] Level 1:colcon.colcon_core.package_identification:_identify(scripts) by extensions ['python_setup_py']
[1.712s] Level 1:colcon.colcon_core.package_identification:_identify(scripts) by extensions ['python_setup_py']
[1.712s] Level 1:colcon.colcon_core.package_identification:_identify(scripts) by extension 'python_setup_py'
[1.712s] Level 1:colcon.colcon_core.package_identification:_identify(scripts) by extension 'python_setup_py'
[1.713s] Level 1:colcon.colcon_core.package_identification:_identify(src) by extensions ['ignore', 'ignore_ament_install']
[1.713s] Level 1:colcon.colcon_core.package_identification:_identify(src) by extensions ['ignore', 'ignore_ament_install']
[1.713s] Level 1:colcon.colcon_core.package_identification:_identify(src) by extension 'ignore'
[1.713s] Level 1:colcon.colcon_core.package_identification:_identify(src) by extension 'ignore'
[1.713s] Level 1:colcon.colcon_core.package_identification:_identify(src) by extension 'ignore_ament_install'
[1.713s] Level 1:colcon.colcon_core.package_identification:_identify(src) by extension 'ignore_ament_install'
[1.713s] Level 1:colcon.colcon_core.package_identification:_identify(src) by extensions ['colcon_pkg']
[1.713s] Level 1:colcon.colcon_core.package_identification:_identify(src) by extensions ['colcon_pkg']
[1.714s] Level 1:colcon.colcon_core.package_identification:_identify(src) by extension 'colcon_pkg'
[1.714s] Level 1:colcon.colcon_core.package_identification:_identify(src) by extension 'colcon_pkg'
[1.714s] Level 1:colcon.colcon_core.package_identification:_identify(src) by extensions ['colcon_meta']
[1.714s] Level 1:colcon.colcon_core.package_identification:_identify(src) by extensions ['colcon_meta']
[1.714s] Level 1:colcon.colcon_core.package_identification:_identify(src) by extension 'colcon_meta'
[1.714s] Level 1:colcon.colcon_core.package_identification:_identify(src) by extension 'colcon_meta'
[1.714s] Level 1:colcon.colcon_core.package_identification:_identify(src) by extensions ['ros']
[1.714s] Level 1:colcon.colcon_core.package_identification:_identify(src) by extensions ['ros']
[1.714s] Level 1:colcon.colcon_core.package_identification:_identify(src) by extension 'ros'
[1.714s] Level 1:colcon.colcon_core.package_identification:_identify(src) by extension 'ros'
[1.715s] Level 1:colcon.colcon_core.package_identification:_identify(src) by extensions ['cmake', 'python']
[1.715s] Level 1:colcon.colcon_core.package_identification:_identify(src) by extensions ['cmake', 'python']
[1.715s] Level 1:colcon.colcon_core.package_identification:_identify(src) by extension 'cmake'
[1.715s] Level 1:colcon.colcon_core.package_identification:_identify(src) by extension 'cmake'
[1.715s] Level 1:colcon.colcon_core.package_identification:_identify(src) by extension 'python'
[1.715s] Level 1:colcon.colcon_core.package_identification:_identify(src) by extension 'python'
[1.715s] Level 1:colcon.colcon_core.package_identification:_identify(src) by extensions ['python_setup_py']
[1.715s] Level 1:colcon.colcon_core.package_identification:_identify(src) by extensions ['python_setup_py']
[1.715s] Level 1:colcon.colcon_core.package_identification:_identify(src) by extension 'python_setup_py'
[1.715s] Level 1:colcon.colcon_core.package_identification:_identify(src) by extension 'python_setup_py'
[1.716s] Level 1:colcon.colcon_core.package_identification:_identify(src/camera_test) by extensions ['ignore', 'ignore_ament_install']
[1.716s] Level 1:colcon.colcon_core.package_identification:_identify(src/camera_test) by extensions ['ignore', 'ignore_ament_install']
[1.716s] Level 1:colcon.colcon_core.package_identification:_identify(src/camera_test) by extension 'ignore'
[1.716s] Level 1:colcon.colcon_core.package_identification:_identify(src/camera_test) by extension 'ignore'
[1.717s] Level 1:colcon.colcon_core.package_identification:_identify(src/camera_test) by extension 'ignore_ament_install'
[1.717s] Level 1:colcon.colcon_core.package_identification:_identify(src/camera_test) by extension 'ignore_ament_install'
[1.717s] Level 1:colcon.colcon_core.package_identification:_identify(src/camera_test) by extensions ['colcon_pkg']
[1.717s] Level 1:colcon.colcon_core.package_identification:_identify(src/camera_test) by extensions ['colcon_pkg']
[1.717s] Level 1:colcon.colcon_core.package_identification:_identify(src/camera_test) by extension 'colcon_pkg'
[1.717s] Level 1:colcon.colcon_core.package_identification:_identify(src/camera_test) by extension 'colcon_pkg'
[1.717s] Level 1:colcon.colcon_core.package_identification:_identify(src/camera_test) by extensions ['colcon_meta']
[1.717s] Level 1:colcon.colcon_core.package_identification:_identify(src/camera_test) by extensions ['colcon_meta']
[1.717s] Level 1:colcon.colcon_core.package_identification:_identify(src/camera_test) by extension 'colcon_meta'
[1.717s] Level 1:colcon.colcon_core.package_identification:_identify(src/camera_test) by extension 'colcon_meta'
[1.718s] Level 1:colcon.colcon_core.package_identification:_identify(src/camera_test) by extensions ['ros']
[1.718s] Level 1:colcon.colcon_core.package_identification:_identify(src/camera_test) by extensions ['ros']
[1.718s] Level 1:colcon.colcon_core.package_identification:_identify(src/camera_test) by extension 'ros'
[1.718s] Level 1:colcon.colcon_core.package_identification:_identify(src/camera_test) by extension 'ros'
[1.727s] DEBUG:colcon.colcon_core.package_identification:Package 'src/camera_test' with type 'ros.ament_python' and name 'camera_test'
[1.727s] DEBUG:colcon.colcon_core.package_identification:Package 'src/camera_test' with type 'ros.ament_python' and name 'camera_test'
[1.728s] Level 1:colcon.colcon_core.package_identification:_identify(src/db_broker) by extensions ['ignore', 'ignore_ament_install']
[1.728s] Level 1:colcon.colcon_core.package_identification:_identify(src/db_broker) by extensions ['ignore', 'ignore_ament_install']
[1.728s] Level 1:colcon.colcon_core.package_identification:_identify(src/db_broker) by extension 'ignore'
[1.728s] Level 1:colcon.colcon_core.package_identification:_identify(src/db_broker) by extension 'ignore'
[1.729s] Level 1:colcon.colcon_core.package_identification:_identify(src/db_broker) by extension 'ignore_ament_install'
[1.729s] Level 1:colcon.colcon_core.package_identification:_identify(src/db_broker) by extension 'ignore_ament_install'
[1.729s] Level 1:colcon.colcon_core.package_identification:_identify(src/db_broker) by extensions ['colcon_pkg']
[1.729s] Level 1:colcon.colcon_core.package_identification:_identify(src/db_broker) by extensions ['colcon_pkg']
[1.729s] Level 1:colcon.colcon_core.package_identification:_identify(src/db_broker) by extension 'colcon_pkg'
[1.729s] Level 1:colcon.colcon_core.package_identification:_identify(src/db_broker) by extension 'colcon_pkg'
[1.729s] Level 1:colcon.colcon_core.package_identification:_identify(src/db_broker) by extensions ['colcon_meta']
[1.729s] Level 1:colcon.colcon_core.package_identification:_identify(src/db_broker) by extensions ['colcon_meta']
[1.729s] Level 1:colcon.colcon_core.package_identification:_identify(src/db_broker) by extension 'colcon_meta'
[1.729s] Level 1:colcon.colcon_core.package_identification:_identify(src/db_broker) by extension 'colcon_meta'
[1.730s] Level 1:colcon.colcon_core.package_identification:_identify(src/db_broker) by extensions ['ros']
[1.730s] Level 1:colcon.colcon_core.package_identification:_identify(src/db_broker) by extensions ['ros']
[1.730s] Level 1:colcon.colcon_core.package_identification:_identify(src/db_broker) by extension 'ros'
[1.730s] Level 1:colcon.colcon_core.package_identification:_identify(src/db_broker) by extension 'ros'
[1.732s] DEBUG:colcon.colcon_core.package_identification:Package 'src/db_broker' with type 'ros.ament_python' and name 'db_broker'
[1.732s] DEBUG:colcon.colcon_core.package_identification:Package 'src/db_broker' with type 'ros.ament_python' and name 'db_broker'
[1.732s] Level 1:colcon.colcon_core.package_identification:_identify(src/drive_cb) by extensions ['ignore', 'ignore_ament_install']
[1.732s] Level 1:colcon.colcon_core.package_identification:_identify(src/drive_cb) by extensions ['ignore', 'ignore_ament_install']
[1.733s] Level 1:colcon.colcon_core.package_identification:_identify(src/drive_cb) by extension 'ignore'
[1.733s] Level 1:colcon.colcon_core.package_identification:_identify(src/drive_cb) by extension 'ignore'
[1.733s] Level 1:colcon.colcon_core.package_identification:_identify(src/drive_cb) by extension 'ignore_ament_install'
[1.733s] Level 1:colcon.colcon_core.package_identification:_identify(src/drive_cb) by extension 'ignore_ament_install'
[1.733s] Level 1:colcon.colcon_core.package_identification:_identify(src/drive_cb) by extensions ['colcon_pkg']
[1.733s] Level 1:colcon.colcon_core.package_identification:_identify(src/drive_cb) by extensions ['colcon_pkg']
[1.734s] Level 1:colcon.colcon_core.package_identification:_identify(src/drive_cb) by extension 'colcon_pkg'
[1.734s] Level 1:colcon.colcon_core.package_identification:_identify(src/drive_cb) by extension 'colcon_pkg'
[1.734s] Level 1:colcon.colcon_core.package_identification:_identify(src/drive_cb) by extensions ['colcon_meta']
[1.734s] Level 1:colcon.colcon_core.package_identification:_identify(src/drive_cb) by extensions ['colcon_meta']
[1.734s] Level 1:colcon.colcon_core.package_identification:_identify(src/drive_cb) by extension 'colcon_meta'
[1.734s] Level 1:colcon.colcon_core.package_identification:_identify(src/drive_cb) by extension 'colcon_meta'
[1.734s] Level 1:colcon.colcon_core.package_identification:_identify(src/drive_cb) by extensions ['ros']
[1.734s] Level 1:colcon.colcon_core.package_identification:_identify(src/drive_cb) by extensions ['ros']
[1.734s] Level 1:colcon.colcon_core.package_identification:_identify(src/drive_cb) by extension 'ros'
[1.734s] Level 1:colcon.colcon_core.package_identification:_identify(src/drive_cb) by extension 'ros'
[1.736s] DEBUG:colcon.colcon_core.package_identification:Package 'src/drive_cb' with type 'ros.ament_python' and name 'drive_cb'
[1.736s] DEBUG:colcon.colcon_core.package_identification:Package 'src/drive_cb' with type 'ros.ament_python' and name 'drive_cb'
[1.737s] Level 1:colcon.colcon_core.package_identification:_identify(src/drive_ex) by extensions ['ignore', 'ignore_ament_install']
[1.737s] Level 1:colcon.colcon_core.package_identification:_identify(src/drive_ex) by extensions ['ignore', 'ignore_ament_install']
[1.737s] Level 1:colcon.colcon_core.package_identification:_identify(src/drive_ex) by extension 'ignore'
[1.737s] Level 1:colcon.colcon_core.package_identification:_identify(src/drive_ex) by extension 'ignore'
[1.738s] Level 1:colcon.colcon_core.package_identification:_identify(src/drive_ex) by extension 'ignore_ament_install'
[1.738s] Level 1:colcon.colcon_core.package_identification:_identify(src/drive_ex) by extension 'ignore_ament_install'
[1.738s] Level 1:colcon.colcon_core.package_identification:_identify(src/drive_ex) by extensions ['colcon_pkg']
[1.738s] Level 1:colcon.colcon_core.package_identification:_identify(src/drive_ex) by extensions ['colcon_pkg']
[1.738s] Level 1:colcon.colcon_core.package_identification:_identify(src/drive_ex) by extension 'colcon_pkg'
[1.738s] Level 1:colcon.colcon_core.package_identification:_identify(src/drive_ex) by extension 'colcon_pkg'
[1.738s] Level 1:colcon.colcon_core.package_identification:_identify(src/drive_ex) by extensions ['colcon_meta']
[1.738s] Level 1:colcon.colcon_core.package_identification:_identify(src/drive_ex) by extensions ['colcon_meta']
[1.738s] Level 1:colcon.colcon_core.package_identification:_identify(src/drive_ex) by extension 'colcon_meta'
[1.738s] Level 1:colcon.colcon_core.package_identification:_identify(src/drive_ex) by extension 'colcon_meta'
[1.739s] Level 1:colcon.colcon_core.package_identification:_identify(src/drive_ex) by extensions ['ros']
[1.739s] Level 1:colcon.colcon_core.package_identification:_identify(src/drive_ex) by extensions ['ros']
[1.739s] Level 1:colcon.colcon_core.package_identification:_identify(src/drive_ex) by extension 'ros'
[1.739s] Level 1:colcon.colcon_core.package_identification:_identify(src/drive_ex) by extension 'ros'
[1.741s] DEBUG:colcon.colcon_core.package_identification:Package 'src/drive_ex' with type 'ros.ament_python' and name 'drive_ex'
[1.741s] DEBUG:colcon.colcon_core.package_identification:Package 'src/drive_ex' with type 'ros.ament_python' and name 'drive_ex'
[1.741s] Level 1:colcon.colcon_core.package_identification:_identify(src/joy_control) by extensions ['ignore', 'ignore_ament_install']
[1.741s] Level 1:colcon.colcon_core.package_identification:_identify(src/joy_control) by extensions ['ignore', 'ignore_ament_install']
[1.742s] Level 1:colcon.colcon_core.package_identification:_identify(src/joy_control) by extension 'ignore'
[1.742s] Level 1:colcon.colcon_core.package_identification:_identify(src/joy_control) by extension 'ignore'
[1.742s] Level 1:colcon.colcon_core.package_identification:_identify(src/joy_control) by extension 'ignore_ament_install'
[1.742s] Level 1:colcon.colcon_core.package_identification:_identify(src/joy_control) by extension 'ignore_ament_install'
[1.742s] Level 1:colcon.colcon_core.package_identification:_identify(src/joy_control) by extensions ['colcon_pkg']
[1.742s] Level 1:colcon.colcon_core.package_identification:_identify(src/joy_control) by extensions ['colcon_pkg']
[1.743s] Level 1:colcon.colcon_core.package_identification:_identify(src/joy_control) by extension 'colcon_pkg'
[1.743s] Level 1:colcon.colcon_core.package_identification:_identify(src/joy_control) by extension 'colcon_pkg'
[1.743s] Level 1:colcon.colcon_core.package_identification:_identify(src/joy_control) by extensions ['colcon_meta']
[1.743s] Level 1:colcon.colcon_core.package_identification:_identify(src/joy_control) by extensions ['colcon_meta']
[1.743s] Level 1:colcon.colcon_core.package_identification:_identify(src/joy_control) by extension 'colcon_meta'
[1.743s] Level 1:colcon.colcon_core.package_identification:_identify(src/joy_control) by extension 'colcon_meta'
[1.743s] Level 1:colcon.colcon_core.package_identification:_identify(src/joy_control) by extensions ['ros']
[1.743s] Level 1:colcon.colcon_core.package_identification:_identify(src/joy_control) by extensions ['ros']
[1.743s] Level 1:colcon.colcon_core.package_identification:_identify(src/joy_control) by extension 'ros'
[1.743s] Level 1:colcon.colcon_core.package_identification:_identify(src/joy_control) by extension 'ros'
[1.745s] DEBUG:colcon.colcon_core.package_identification:Package 'src/joy_control' with type 'ros.ament_python' and name 'joy_control'
[1.745s] DEBUG:colcon.colcon_core.package_identification:Package 'src/joy_control' with type 'ros.ament_python' and name 'joy_control'
[1.746s] Level 1:colcon.colcon_core.package_identification:_identify(src/py_pubsub) by extensions ['ignore', 'ignore_ament_install']
[1.746s] Level 1:colcon.colcon_core.package_identification:_identify(src/py_pubsub) by extensions ['ignore', 'ignore_ament_install']
[1.746s] Level 1:colcon.colcon_core.package_identification:_identify(src/py_pubsub) by extension 'ignore'
[1.746s] Level 1:colcon.colcon_core.package_identification:_identify(src/py_pubsub) by extension 'ignore'
[1.747s] Level 1:colcon.colcon_core.package_identification:_identify(src/py_pubsub) by extension 'ignore_ament_install'
[1.747s] Level 1:colcon.colcon_core.package_identification:_identify(src/py_pubsub) by extension 'ignore_ament_install'
[1.747s] Level 1:colcon.colcon_core.package_identification:_identify(src/py_pubsub) by extensions ['colcon_pkg']
[1.747s] Level 1:colcon.colcon_core.package_identification:_identify(src/py_pubsub) by extensions ['colcon_pkg']
[1.747s] Level 1:colcon.colcon_core.package_identification:_identify(src/py_pubsub) by extension 'colcon_pkg'
[1.747s] Level 1:colcon.colcon_core.package_identification:_identify(src/py_pubsub) by extension 'colcon_pkg'
[1.747s] Level 1:colcon.colcon_core.package_identification:_identify(src/py_pubsub) by extensions ['colcon_meta']
[1.747s] Level 1:colcon.colcon_core.package_identification:_identify(src/py_pubsub) by extensions ['colcon_meta']
[1.748s] Level 1:colcon.colcon_core.package_identification:_identify(src/py_pubsub) by extension 'colcon_meta'
[1.748s] Level 1:colcon.colcon_core.package_identification:_identify(src/py_pubsub) by extension 'colcon_meta'
[1.748s] Level 1:colcon.colcon_core.package_identification:_identify(src/py_pubsub) by extensions ['ros']
[1.748s] Level 1:colcon.colcon_core.package_identification:_identify(src/py_pubsub) by extensions ['ros']
[1.748s] Level 1:colcon.colcon_core.package_identification:_identify(src/py_pubsub) by extension 'ros'
[1.748s] Level 1:colcon.colcon_core.package_identification:_identify(src/py_pubsub) by extension 'ros'
[1.750s] DEBUG:colcon.colcon_core.package_identification:Package 'src/py_pubsub' with type 'ros.ament_python' and name 'py_pubsub'
[1.750s] DEBUG:colcon.colcon_core.package_identification:Package 'src/py_pubsub' with type 'ros.ament_python' and name 'py_pubsub'
[1.751s] Level 1:colcon.colcon_core.package_identification:_identify(src/ui) by extensions ['ignore', 'ignore_ament_install']
[1.751s] Level 1:colcon.colcon_core.package_identification:_identify(src/ui) by extensions ['ignore', 'ignore_ament_install']
[1.751s] Level 1:colcon.colcon_core.package_identification:_identify(src/ui) by extension 'ignore'
[1.751s] Level 1:colcon.colcon_core.package_identification:_identify(src/ui) by extension 'ignore'
[1.751s] Level 1:colcon.colcon_core.package_identification:_identify(src/ui) by extension 'ignore_ament_install'
[1.751s] Level 1:colcon.colcon_core.package_identification:_identify(src/ui) by extension 'ignore_ament_install'
[1.752s] Level 1:colcon.colcon_core.package_identification:_identify(src/ui) by extensions ['colcon_pkg']
[1.752s] Level 1:colcon.colcon_core.package_identification:_identify(src/ui) by extensions ['colcon_pkg']
[1.752s] Level 1:colcon.colcon_core.package_identification:_identify(src/ui) by extension 'colcon_pkg'
[1.752s] Level 1:colcon.colcon_core.package_identification:_identify(src/ui) by extension 'colcon_pkg'
[1.752s] Level 1:colcon.colcon_core.package_identification:_identify(src/ui) by extensions ['colcon_meta']
[1.752s] Level 1:colcon.colcon_core.package_identification:_identify(src/ui) by extensions ['colcon_meta']
[1.752s] Level 1:colcon.colcon_core.package_identification:_identify(src/ui) by extension 'colcon_meta'
[1.752s] Level 1:colcon.colcon_core.package_identification:_identify(src/ui) by extension 'colcon_meta'
[1.752s] Level 1:colcon.colcon_core.package_identification:_identify(src/ui) by extensions ['ros']
[1.752s] Level 1:colcon.colcon_core.package_identification:_identify(src/ui) by extensions ['ros']
[1.752s] Level 1:colcon.colcon_core.package_identification:_identify(src/ui) by extension 'ros'
[1.752s] Level 1:colcon.colcon_core.package_identification:_identify(src/ui) by extension 'ros'
[1.755s] DEBUG:colcon.colcon_core.package_identification:Package 'src/ui' with type 'ros.ament_python' and name 'ui'
[1.755s] DEBUG:colcon.colcon_core.package_identification:Package 'src/ui' with type 'ros.ament_python' and name 'ui'
[1.755s] Level 1:colcon.colcon_core.package_discovery:discover_packages(recursive) using defaults
[1.755s] Level 1:colcon.colcon_core.package_discovery:discover_packages(recursive) using defaults
[1.755s] Level 1:colcon.colcon_core.package_discovery:discover_packages(ignore) discover
[1.755s] Level 1:colcon.colcon_core.package_discovery:discover_packages(ignore) discover
[1.755s] Level 1:colcon.colcon_core.package_discovery:discover_packages(ignore) using defaults
[1.755s] Level 1:colcon.colcon_core.package_discovery:discover_packages(ignore) using defaults
[1.755s] Level 1:colcon.colcon_core.package_discovery:discover_packages(path) discover
[1.755s] Level 1:colcon.colcon_core.package_discovery:discover_packages(path) discover
[1.756s] Level 1:colcon.colcon_core.package_discovery:discover_packages(path) using defaults
[1.756s] Level 1:colcon.colcon_core.package_discovery:discover_packages(path) using defaults
[1.906s] INFO:colcon.colcon_core.package_selection:Skipping not selected package 'camera_test' in 'src/camera_test'
[1.906s] INFO:colcon.colcon_core.package_selection:Skipping not selected package 'camera_test' in 'src/camera_test'
[1.906s] INFO:colcon.colcon_core.package_selection:Skipping not selected package 'db_broker' in 'src/db_broker'
[1.906s] INFO:colcon.colcon_core.package_selection:Skipping not selected package 'db_broker' in 'src/db_broker'
[1.907s] INFO:colcon.colcon_core.package_selection:Skipping not selected package 'drive_cb' in 'src/drive_cb'
[1.907s] INFO:colcon.colcon_core.package_selection:Skipping not selected package 'drive_cb' in 'src/drive_cb'
[1.907s] INFO:colcon.colcon_core.package_selection:Skipping not selected package 'joy_control' in 'src/joy_control'
[1.907s] INFO:colcon.colcon_core.package_selection:Skipping not selected package 'drive_ex' in 'src/drive_ex'
[1.907s] INFO:colcon.colcon_core.package_selection:Skipping not selected package 'py_pubsub' in 'src/py_pubsub'
[1.907s] INFO:colcon.colcon_core.package_selection:Skipping not selected package 'py_pubsub' in 'src/py_pubsub'
[1.907s] INFO:colcon.colcon_core.package_selection:Skipping not selected package 'ui' in 'src/ui'
[1.907s] INFO:colcon.colcon_core.package_selection:Skipping not selected package 'ui' in 'src/ui'
[1.909s] Level 1:colcon.colcon_core.package_discovery:discover_packages(prefix_path) check parameters
[1.909s] Level 1:colcon.colcon_core.package_discovery:discover_packages(prefix_path) check parameters
[1.909s] Level 1:colcon.colcon_core.package_discovery:discover_packages(prefix_path) discover
[1.909s] Level 1:colcon.colcon_core.package_discovery:discover_packages(prefix_path) discover
[1.920s] DEBUG:colcon.colcon_installed_package_information.package_discovery:Found 7 installed packages in /home/beachlbl/ros2-ws-2024/install
[1.920s] DEBUG:colcon.colcon_installed_package_information.package_discovery:Found 7 installed packages in /home/beachlbl/ros2-ws-2024/install
[1.930s] DEBUG:colcon.colcon_installed_package_information.package_discovery:Found 287 installed packages in /opt/ros/iron
[1.930s] DEBUG:colcon.colcon_installed_package_information.package_discovery:Found 287 installed packages in /opt/ros/iron
[1.937s] Level 1:colcon.colcon_core.package_discovery:discover_packages(prefix_path) using defaults
[1.937s] Level 1:colcon.colcon_core.package_discovery:discover_packages(prefix_path) using defaults
[2.169s] Level 5:colcon.colcon_core.verb:set package 'joy_control' build argument 'cmake_args' from command line to 'None'
[2.169s] Level 5:colcon.colcon_core.verb:set package 'drive_ex' build argument 'cmake_args' from command line to 'None'
[2.170s] Level 5:colcon.colcon_core.verb:set package 'joy_control' build argument 'cmake_target' from command line to 'None'
[2.170s] Level 5:colcon.colcon_core.verb:set package 'drive_ex' build argument 'cmake_target' from command line to 'None'
[2.170s] Level 5:colcon.colcon_core.verb:set package 'joy_control' build argument 'cmake_target_skip_unavailable' from command line to 'False'
[2.170s] Level 5:colcon.colcon_core.verb:set package 'drive_ex' build argument 'cmake_target_skip_unavailable' from command line to 'False'
[2.170s] Level 5:colcon.colcon_core.verb:set package 'joy_control' build argument 'cmake_clean_cache' from command line to 'False'
[2.170s] Level 5:colcon.colcon_core.verb:set package 'drive_ex' build argument 'cmake_clean_cache' from command line to 'False'
[2.170s] Level 5:colcon.colcon_core.verb:set package 'joy_control' build argument 'cmake_clean_first' from command line to 'False'
[2.170s] Level 5:colcon.colcon_core.verb:set package 'drive_ex' build argument 'cmake_clean_first' from command line to 'False'
[2.170s] Level 5:colcon.colcon_core.verb:set package 'joy_control' build argument 'cmake_force_configure' from command line to 'False'
[2.170s] Level 5:colcon.colcon_core.verb:set package 'drive_ex' build argument 'cmake_force_configure' from command line to 'False'
[2.170s] Level 5:colcon.colcon_core.verb:set package 'joy_control' build argument 'ament_cmake_args' from command line to 'None'
[2.170s] Level 5:colcon.colcon_core.verb:set package 'drive_ex' build argument 'ament_cmake_args' from command line to 'None'
[2.170s] Level 5:colcon.colcon_core.verb:set package 'joy_control' build argument 'catkin_cmake_args' from command line to 'None'
[2.170s] Level 5:colcon.colcon_core.verb:set package 'drive_ex' build argument 'catkin_cmake_args' from command line to 'None'
[2.170s] Level 5:colcon.colcon_core.verb:set package 'joy_control' build argument 'catkin_skip_building_tests' from command line to 'False'
[2.170s] Level 5:colcon.colcon_core.verb:set package 'drive_ex' build argument 'catkin_skip_building_tests' from command line to 'False'
[2.171s] DEBUG:colcon.colcon_core.verb:Building package 'drive_ex' with the following arguments: {'ament_cmake_args': None, 'build_base': '/home/beachlbl/ros2-ws-2024/build/drive_ex', 'catkin_cmake_args': None, 'catkin_skip_building_tests': False, 'cmake_args': None, 'cmake_clean_cache': False, 'cmake_clean_first': False, 'cmake_force_configure': False, 'cmake_target': None, 'cmake_target_skip_unavailable': False, 'install_base': '/home/beachlbl/ros2-ws-2024/install/drive_ex', 'merge_install': False, 'path': '/home/beachlbl/ros2-ws-2024/src/drive_ex', 'symlink_install': False, 'test_result_base': None}
[2.171s] DEBUG:colcon.colcon_core.verb:Building package 'joy_control' with the following arguments: {'ament_cmake_args': None, 'build_base': '/home/beachlbl/ros2-ws-2024/build/joy_control', 'catkin_cmake_args': None, 'catkin_skip_building_tests': False, 'cmake_args': None, 'cmake_clean_cache': False, 'cmake_clean_first': False, 'cmake_force_configure': False, 'cmake_target': None, 'cmake_target_skip_unavailable': False, 'install_base': '/home/beachlbl/ros2-ws-2024/install/joy_control', 'merge_install': False, 'path': '/home/beachlbl/ros2-ws-2024/src/joy_control', 'symlink_install': False, 'test_result_base': None}
[2.171s] INFO:colcon.colcon_core.executor:Executing jobs using 'parallel' executor
[2.171s] INFO:colcon.colcon_core.executor:Executing jobs using 'parallel' executor
[2.175s] DEBUG:colcon.colcon_parallel_executor.executor.parallel:run_until_complete
[2.176s] DEBUG:colcon.colcon_parallel_executor.executor.parallel:run_until_complete
[2.176s] INFO:colcon.colcon_ros.task.ament_python.build:Building ROS package in '/home/beachlbl/ros2-ws-2024/src/drive_ex' with build type 'ament_python'
[2.176s] INFO:colcon.colcon_ros.task.ament_python.build:Building ROS package in '/home/beachlbl/ros2-ws-2024/src/joy_control' with build type 'ament_python'
[2.177s] Level 1:colcon.colcon_core.shell:create_environment_hook('drive_ex', 'ament_prefix_path')
[2.177s] Level 1:colcon.colcon_core.shell:create_environment_hook('joy_control', 'ament_prefix_path')
[2.188s] INFO:colcon.colcon_core.plugin_system:Skipping extension 'colcon_core.shell.bat': Not used on non-Windows systems
[2.188s] INFO:colcon.colcon_core.plugin_system:Skipping extension 'colcon_core.shell.bat': Not used on non-Windows systems
[2.189s] INFO:colcon.colcon_core.shell:Creating environment hook '/home/beachlbl/ros2-ws-2024/install/drive_ex/share/drive_ex/hook/ament_prefix_path.ps1'
[2.189s] INFO:colcon.colcon_core.shell:Creating environment hook '/home/beachlbl/ros2-ws-2024/install/joy_control/share/joy_control/hook/ament_prefix_path.ps1'
[2.192s] INFO:colcon.colcon_core.shell:Creating environment descriptor '/home/beachlbl/ros2-ws-2024/install/joy_control/share/joy_control/hook/ament_prefix_path.dsv'
[2.192s] INFO:colcon.colcon_core.shell:Creating environment descriptor '/home/beachlbl/ros2-ws-2024/install/drive_ex/share/drive_ex/hook/ament_prefix_path.dsv'
[2.194s] INFO:colcon.colcon_core.shell:Creating environment hook '/home/beachlbl/ros2-ws-2024/install/drive_ex/share/drive_ex/hook/ament_prefix_path.sh'
[2.194s] INFO:colcon.colcon_core.shell:Creating environment hook '/home/beachlbl/ros2-ws-2024/install/joy_control/share/joy_control/hook/ament_prefix_path.sh'
[2.198s] INFO:colcon.colcon_core.shell:Skip shell extension 'powershell' for command environment: Not usable outside of PowerShell
[2.198s] INFO:colcon.colcon_core.shell:Skip shell extension 'powershell' for command environment: Not usable outside of PowerShell
[2.198s] DEBUG:colcon.colcon_core.shell:Skip shell extension 'dsv' for command environment
[2.198s] DEBUG:colcon.colcon_core.shell:Skip shell extension 'dsv' for command environment
[3.679s] INFO:colcon.colcon_core.task.python.build:Building Python package in '/home/beachlbl/ros2-ws-2024/src/drive_ex'
[3.681s] INFO:colcon.colcon_core.shell:Skip shell extension 'powershell' for command environment: Not usable outside of PowerShell
[3.681s] DEBUG:colcon.colcon_core.shell:Skip shell extension 'dsv' for command environment
[3.686s] INFO:colcon.colcon_core.task.python.build:Building Python package in '/home/beachlbl/ros2-ws-2024/src/joy_control'
[3.687s] INFO:colcon.colcon_core.shell:Skip shell extension 'powershell' for command environment: Not usable outside of PowerShell
[3.687s] DEBUG:colcon.colcon_core.shell:Skip shell extension 'dsv' for command environment
[5.649s] DEBUG:colcon.colcon_core.event_handler.log_command:Invoking command in '/home/beachlbl/ros2-ws-2024/src/joy_control': PYTHONPATH=/home/beachlbl/ros2-ws-2024/build/joy_control/prefix_override:/home/beachlbl/ros2-ws-2024/install/joy_control/lib/python3.10/site-packages:${PYTHONPATH} /usr/bin/python3 -W ignore:setup.py install is deprecated setup.py egg_info --egg-base ../../build/joy_control build --build-base /home/beachlbl/ros2-ws-2024/build/joy_control/build install --record /home/beachlbl/ros2-ws-2024/build/joy_control/install.log --single-version-externally-managed install_data
[5.653s] DEBUG:colcon.colcon_core.event_handler.log_command:Invoking command in '/home/beachlbl/ros2-ws-2024/src/drive_ex': PYTHONPATH=/home/beachlbl/ros2-ws-2024/build/drive_ex/prefix_override:/home/beachlbl/ros2-ws-2024/install/drive_ex/lib/python3.10/site-packages:${PYTHONPATH} /usr/bin/python3 -W ignore:setup.py install is deprecated setup.py egg_info --egg-base ../../build/drive_ex build --build-base /home/beachlbl/ros2-ws-2024/build/drive_ex/build install --record /home/beachlbl/ros2-ws-2024/build/drive_ex/install.log --single-version-externally-managed install_data
[7.332s] DEBUG:colcon.colcon_core.event_handler.log_command:Invoked command in '/home/beachlbl/ros2-ws-2024/src/drive_ex' returned '0': PYTHONPATH=/home/beachlbl/ros2-ws-2024/build/drive_ex/prefix_override:/home/beachlbl/ros2-ws-2024/install/drive_ex/lib/python3.10/site-packages:${PYTHONPATH} /usr/bin/python3 -W ignore:setup.py install is deprecated setup.py egg_info --egg-base ../../build/drive_ex build --build-base /home/beachlbl/ros2-ws-2024/build/drive_ex/build install --record /home/beachlbl/ros2-ws-2024/build/drive_ex/install.log --single-version-externally-managed install_data
[7.340s] DEBUG:colcon.colcon_core.event_handler.log_command:Invoked command in '/home/beachlbl/ros2-ws-2024/src/joy_control' returned '0': PYTHONPATH=/home/beachlbl/ros2-ws-2024/build/joy_control/prefix_override:/home/beachlbl/ros2-ws-2024/install/joy_control/lib/python3.10/site-packages:${PYTHONPATH} /usr/bin/python3 -W ignore:setup.py install is deprecated setup.py egg_info --egg-base ../../build/joy_control build --build-base /home/beachlbl/ros2-ws-2024/build/joy_control/build install --record /home/beachlbl/ros2-ws-2024/build/joy_control/install.log --single-version-externally-managed install_data
[7.341s] Level 1:colcon.colcon_core.environment:checking '/home/beachlbl/ros2-ws-2024/install/drive_ex' for CMake module files
[7.343s] Level 1:colcon.colcon_core.environment:checking '/home/beachlbl/ros2-ws-2024/install/drive_ex' for CMake config files
[7.348s] Level 1:colcon.colcon_core.environment:checking '/home/beachlbl/ros2-ws-2024/install/drive_ex/lib'
[7.349s] Level 1:colcon.colcon_core.environment:checking '/home/beachlbl/ros2-ws-2024/install/drive_ex/bin'
[7.349s] Level 1:colcon.colcon_core.environment:checking '/home/beachlbl/ros2-ws-2024/install/drive_ex/lib/pkgconfig/drive_ex.pc'
[7.350s] Level 1:colcon.colcon_core.environment:checking '/home/beachlbl/ros2-ws-2024/install/drive_ex/lib/python3.10/site-packages'
[7.354s] Level 1:colcon.colcon_core.environment:checking '/home/beachlbl/ros2-ws-2024/install/joy_control' for CMake module files
[7.414s] Level 1:colcon.colcon_core.shell:create_environment_hook('drive_ex', 'pythonpath')
[7.415s] INFO:colcon.colcon_core.shell:Creating environment hook '/home/beachlbl/ros2-ws-2024/install/drive_ex/share/drive_ex/hook/pythonpath.ps1'
[7.416s] Level 1:colcon.colcon_core.environment:checking '/home/beachlbl/ros2-ws-2024/install/joy_control' for CMake config files
[7.417s] INFO:colcon.colcon_core.shell:Creating environment descriptor '/home/beachlbl/ros2-ws-2024/install/drive_ex/share/drive_ex/hook/pythonpath.dsv'
[7.420s] INFO:colcon.colcon_core.shell:Creating environment hook '/home/beachlbl/ros2-ws-2024/install/drive_ex/share/drive_ex/hook/pythonpath.sh'
[7.421s] Level 1:colcon.colcon_core.environment:checking '/home/beachlbl/ros2-ws-2024/install/joy_control/lib'
[7.422s] Level 1:colcon.colcon_core.environment:checking '/home/beachlbl/ros2-ws-2024/install/joy_control/bin'
[7.422s] Level 1:colcon.colcon_core.environment:checking '/home/beachlbl/ros2-ws-2024/install/drive_ex/bin'
[7.423s] Level 1:colcon.colcon_core.environment:create_environment_scripts_only(drive_ex)
[7.423s] Level 1:colcon.colcon_core.environment:checking '/home/beachlbl/ros2-ws-2024/install/joy_control/lib/pkgconfig/joy_control.pc'
[7.424s] Level 1:colcon.colcon_core.environment:checking '/home/beachlbl/ros2-ws-2024/install/joy_control/lib/python3.10/site-packages'
[7.424s] Level 1:colcon.colcon_core.shell:create_environment_hook('joy_control', 'pythonpath')
[7.424s] INFO:colcon.colcon_core.shell:Creating package script '/home/beachlbl/ros2-ws-2024/install/drive_ex/share/drive_ex/package.ps1'
[7.425s] INFO:colcon.colcon_core.shell:Creating environment hook '/home/beachlbl/ros2-ws-2024/install/joy_control/share/joy_control/hook/pythonpath.ps1'
[7.427s] INFO:colcon.colcon_core.shell:Creating environment descriptor '/home/beachlbl/ros2-ws-2024/install/joy_control/share/joy_control/hook/pythonpath.dsv'
[7.429s] INFO:colcon.colcon_core.shell:Creating package descriptor '/home/beachlbl/ros2-ws-2024/install/drive_ex/share/drive_ex/package.dsv'
[7.429s] INFO:colcon.colcon_core.shell:Creating environment hook '/home/beachlbl/ros2-ws-2024/install/joy_control/share/joy_control/hook/pythonpath.sh'
[7.432s] INFO:colcon.colcon_core.shell:Creating package script '/home/beachlbl/ros2-ws-2024/install/drive_ex/share/drive_ex/package.sh'
[7.432s] Level 1:colcon.colcon_core.environment:checking '/home/beachlbl/ros2-ws-2024/install/joy_control/bin'
[7.433s] Level 1:colcon.colcon_core.environment:create_environment_scripts_only(joy_control)
[7.434s] INFO:colcon.colcon_core.shell:Creating package script '/home/beachlbl/ros2-ws-2024/install/joy_control/share/joy_control/package.ps1'
[7.436s] INFO:colcon.colcon_core.shell:Creating package script '/home/beachlbl/ros2-ws-2024/install/drive_ex/share/drive_ex/package.bash'
[7.438s] INFO:colcon.colcon_core.shell:Creating package descriptor '/home/beachlbl/ros2-ws-2024/install/joy_control/share/joy_control/package.dsv'
[7.439s] INFO:colcon.colcon_core.shell:Creating package script '/home/beachlbl/ros2-ws-2024/install/drive_ex/share/drive_ex/package.zsh'
[7.464s] INFO:colcon.colcon_core.shell:Creating package script '/home/beachlbl/ros2-ws-2024/install/joy_control/share/joy_control/package.sh'
[7.464s] Level 1:colcon.colcon_core.environment:create_file_with_runtime_dependencies(/home/beachlbl/ros2-ws-2024/install/drive_ex/share/colcon-core/packages/drive_ex)
[7.466s] DEBUG:colcon.colcon_parallel_executor.executor.parallel:closing loop
[7.468s] DEBUG:colcon.colcon_parallel_executor.executor.parallel:loop closed
[7.469s] DEBUG:colcon.colcon_parallel_executor.executor.parallel:run_until_complete finished with '0'
[7.470s] DEBUG:colcon.colcon_core.event_reactor:joining thread
[7.470s] INFO:colcon.colcon_core.shell:Creating package script '/home/beachlbl/ros2-ws-2024/install/joy_control/share/joy_control/package.bash'
[7.475s] INFO:colcon.colcon_core.shell:Creating package script '/home/beachlbl/ros2-ws-2024/install/joy_control/share/joy_control/package.zsh'
[7.479s] Level 1:colcon.colcon_core.environment:create_file_with_runtime_dependencies(/home/beachlbl/ros2-ws-2024/install/joy_control/share/colcon-core/packages/joy_control)
[7.480s] DEBUG:colcon.colcon_parallel_executor.executor.parallel:closing loop
[7.482s] DEBUG:colcon.colcon_parallel_executor.executor.parallel:loop closed
[7.482s] DEBUG:colcon.colcon_parallel_executor.executor.parallel:run_until_complete finished with '0'
[7.483s] DEBUG:colcon.colcon_core.event_reactor:joining thread
[7.495s] INFO:colcon.colcon_core.plugin_system:Skipping extension 'colcon_notification.desktop_notification.terminal_notifier': Not used on non-Darwin systems
[7.496s] INFO:colcon.colcon_core.plugin_system:Skipping extension 'colcon_notification.desktop_notification.win32': Not used on non-Windows systems
[7.496s] INFO:colcon.colcon_notification.desktop_notification:Sending desktop notification using 'notify2'
[7.499s] DEBUG:colcon.colcon_notification.desktop_notification.notify2:Failed to initialize notify2: org.freedesktop.DBus.Error.ServiceUnknown: The name org.freedesktop.Notifications was not provided by any .service files
[7.500s] DEBUG:colcon.colcon_core.event_reactor:joined thread
[7.501s] INFO:colcon.colcon_core.shell:Creating prefix script '/home/beachlbl/ros2-ws-2024/install/local_setup.ps1'
[7.505s] INFO:colcon.colcon_core.shell:Creating prefix util module '/home/beachlbl/ros2-ws-2024/install/_local_setup_util_ps1.py'
[7.508s] INFO:colcon.colcon_core.plugin_system:Skipping extension 'colcon_notification.desktop_notification.terminal_notifier': Not used on non-Darwin systems
[7.508s] INFO:colcon.colcon_core.plugin_system:Skipping extension 'colcon_notification.desktop_notification.win32': Not used on non-Windows systems
[7.508s] INFO:colcon.colcon_notification.desktop_notification:Sending desktop notification using 'notify2'
[7.510s] INFO:colcon.colcon_core.shell:Creating prefix chain script '/home/beachlbl/ros2-ws-2024/install/setup.ps1'
[7.512s] DEBUG:colcon.colcon_notification.desktop_notification.notify2:Failed to initialize notify2: org.freedesktop.DBus.Error.ServiceUnknown: The name org.freedesktop.Notifications was not provided by any .service files
[7.512s] DEBUG:colcon.colcon_core.event_reactor:joined thread
[7.513s] INFO:colcon.colcon_core.shell:Creating prefix script '/home/beachlbl/ros2-ws-2024/install/local_setup.ps1'
[7.516s] INFO:colcon.colcon_core.shell:Creating prefix script '/home/beachlbl/ros2-ws-2024/install/local_setup.sh'
[7.516s] INFO:colcon.colcon_core.shell:Creating prefix util module '/home/beachlbl/ros2-ws-2024/install/_local_setup_util_ps1.py'
[7.519s] INFO:colcon.colcon_core.shell:Creating prefix util module '/home/beachlbl/ros2-ws-2024/install/_local_setup_util_sh.py'
[7.521s] INFO:colcon.colcon_core.shell:Creating prefix chain script '/home/beachlbl/ros2-ws-2024/install/setup.sh'
[7.522s] INFO:colcon.colcon_core.shell:Creating prefix chain script '/home/beachlbl/ros2-ws-2024/install/setup.ps1'
[7.527s] INFO:colcon.colcon_core.shell:Creating prefix script '/home/beachlbl/ros2-ws-2024/install/local_setup.bash'
[7.529s] INFO:colcon.colcon_core.shell:Creating prefix chain script '/home/beachlbl/ros2-ws-2024/install/setup.bash'
[7.534s] INFO:colcon.colcon_core.shell:Creating prefix script '/home/beachlbl/ros2-ws-2024/install/local_setup.zsh'
[7.536s] INFO:colcon.colcon_core.shell:Creating prefix script '/home/beachlbl/ros2-ws-2024/install/local_setup.sh'
[7.537s] INFO:colcon.colcon_core.shell:Creating prefix chain script '/home/beachlbl/ros2-ws-2024/install/setup.zsh'
[7.552s] INFO:colcon.colcon_core.shell:Creating prefix util module '/home/beachlbl/ros2-ws-2024/install/_local_setup_util_sh.py'
[7.557s] INFO:colcon.colcon_core.shell:Creating prefix chain script '/home/beachlbl/ros2-ws-2024/install/setup.sh'
[7.570s] INFO:colcon.colcon_core.shell:Creating prefix script '/home/beachlbl/ros2-ws-2024/install/local_setup.bash'
[7.574s] INFO:colcon.colcon_core.shell:Creating prefix chain script '/home/beachlbl/ros2-ws-2024/install/setup.bash'
[7.585s] INFO:colcon.colcon_core.shell:Creating prefix script '/home/beachlbl/ros2-ws-2024/install/local_setup.zsh'
[7.589s] INFO:colcon.colcon_core.shell:Creating prefix chain script '/home/beachlbl/ros2-ws-2024/install/setup.zsh'
