[5.925s] Invoking command in '/home/beachlbl/porter/ros2-ws-2024/src/ui': PYTHONPATH=/home/beachlbl/porter/ros2-ws-2024/build/ui/prefix_override:/home/beachlbl/porter/ros2-ws-2024/install/ui/lib/python3.10/site-packages:${PYTHONPATH} /usr/bin/python3 -W ignore:setup.py install is deprecated setup.py egg_info --egg-base ../../build/ui build --build-base /home/beachlbl/porter/ros2-ws-2024/build/ui/build install --record /home/beachlbl/porter/ros2-ws-2024/build/ui/install.log --single-version-externally-managed install_data
[7.333s] running egg_info
[7.335s] writing ../../build/ui/ui.egg-info/PKG-INFO
[7.611s] writing dependency_links to ../../build/ui/ui.egg-info/dependency_links.txt
[7.614s] writing entry points to ../../build/ui/ui.egg-info/entry_points.txt
[7.615s] writing requirements to ../../build/ui/ui.egg-info/requires.txt
[7.616s] writing top-level names to ../../build/ui/ui.egg-info/top_level.txt
[7.677s] reading manifest file '../../build/ui/ui.egg-info/SOURCES.txt'
[7.783s] adding license file 'LICENSE'
[7.790s] writing manifest file '../../build/ui/ui.egg-info/SOURCES.txt'
[7.791s] running build
[7.791s] running build_py
[7.850s] running install
[7.852s] running install_lib
[7.863s] running install_data
[7.866s] running install_egg_info
[7.875s] removing '/home/beachlbl/porter/ros2-ws-2024/install/ui/lib/python3.10/site-packages/ui-0.0.0-py3.10.egg-info' (and everything under it)
[7.877s] Copying ../../build/ui/ui.egg-info to /home/beachlbl/porter/ros2-ws-2024/install/ui/lib/python3.10/site-packages/ui-0.0.0-py3.10.egg-info
[7.888s] running install_scripts
[7.994s] Installing ui_health script to /home/beachlbl/porter/ros2-ws-2024/install/ui/lib/ui
[8.016s] writing list of installed files to '/home/beachlbl/porter/ros2-ws-2024/build/ui/install.log'
[8.279s] Invoked command in '/home/beachlbl/porter/ros2-ws-2024/src/ui' returned '0': PYTHONPATH=/home/beachlbl/porter/ros2-ws-2024/build/ui/prefix_override:/home/beachlbl/porter/ros2-ws-2024/install/ui/lib/python3.10/site-packages:${PYTHONPATH} /usr/bin/python3 -W ignore:setup.py install is deprecated setup.py egg_info --egg-base ../../build/ui build --build-base /home/beachlbl/porter/ros2-ws-2024/build/ui/build install --record /home/beachlbl/porter/ros2-ws-2024/build/ui/install.log --single-version-externally-managed install_data
