[0.458s] Invoking command in '/home/leho42/Desktop/ros2-ws-2024/src/joy_control': PYTHONPATH=/home/leho42/Desktop/ros2-ws-2024/build/joy_control/prefix_override:/home/leho42/Desktop/ros2-ws-2024/install/joy_control/lib/python3.10/site-packages:${PYTHONPATH} /usr/bin/python3 -W ignore:setup.py install is deprecated setup.py egg_info --egg-base ../../build/joy_control build --build-base /home/leho42/Desktop/ros2-ws-2024/build/joy_control/build install --record /home/leho42/Desktop/ros2-ws-2024/build/joy_control/install.log --single-version-externally-managed install_data
[0.575s] running egg_info
[0.575s] writing ../../build/joy_control/joy_control.egg-info/PKG-INFO
[0.576s] writing dependency_links to ../../build/joy_control/joy_control.egg-info/dependency_links.txt
[0.576s] writing entry points to ../../build/joy_control/joy_control.egg-info/entry_points.txt
[0.576s] writing requirements to ../../build/joy_control/joy_control.egg-info/requires.txt
[0.576s] writing top-level names to ../../build/joy_control/joy_control.egg-info/top_level.txt
[0.577s] reading manifest file '../../build/joy_control/joy_control.egg-info/SOURCES.txt'
[0.577s] adding license file 'LICENSE'
[0.577s] writing manifest file '../../build/joy_control/joy_control.egg-info/SOURCES.txt'
[0.577s] running build
[0.577s] running build_py
[0.578s] copying joy_control/joy_ex_pub.py -> /home/leho42/Desktop/ros2-ws-2024/build/joy_control/build/lib/joy_control
[0.578s] running install
[0.578s] running install_lib
[0.578s] copying /home/leho42/Desktop/ros2-ws-2024/build/joy_control/build/lib/joy_control/joy_ex_pub.py -> /home/leho42/Desktop/ros2-ws-2024/install/joy_control/lib/python3.10/site-packages/joy_control
[0.579s] byte-compiling /home/leho42/Desktop/ros2-ws-2024/install/joy_control/lib/python3.10/site-packages/joy_control/joy_ex_pub.py to joy_ex_pub.cpython-310.pyc
[0.580s] running install_data
[0.580s] running install_egg_info
[0.581s] removing '/home/leho42/Desktop/ros2-ws-2024/install/joy_control/lib/python3.10/site-packages/joy_control-0.0.0-py3.10.egg-info' (and everything under it)
[0.581s] Copying ../../build/joy_control/joy_control.egg-info to /home/leho42/Desktop/ros2-ws-2024/install/joy_control/lib/python3.10/site-packages/joy_control-0.0.0-py3.10.egg-info
[0.582s] running install_scripts
[0.596s] Installing control_cb script to /home/leho42/Desktop/ros2-ws-2024/install/joy_control/lib/joy_control
[0.596s] Installing control_ex script to /home/leho42/Desktop/ros2-ws-2024/install/joy_control/lib/joy_control
[0.596s] writing list of installed files to '/home/leho42/Desktop/ros2-ws-2024/build/joy_control/install.log'
[0.611s] Invoked command in '/home/leho42/Desktop/ros2-ws-2024/src/joy_control' returned '0': PYTHONPATH=/home/leho42/Desktop/ros2-ws-2024/build/joy_control/prefix_override:/home/leho42/Desktop/ros2-ws-2024/install/joy_control/lib/python3.10/site-packages:${PYTHONPATH} /usr/bin/python3 -W ignore:setup.py install is deprecated setup.py egg_info --egg-base ../../build/joy_control build --build-base /home/leho42/Desktop/ros2-ws-2024/build/joy_control/build install --record /home/leho42/Desktop/ros2-ws-2024/build/joy_control/install.log --single-version-externally-managed install_data
