[0.718s] Invoking command in '/home/leho42/Desktop/ros2-ws-2024/src/py_pubsub': PYTHONPATH=/home/leho42/Desktop/ros2-ws-2024/build/py_pubsub/prefix_override:/home/leho42/Desktop/ros2-ws-2024/install/py_pubsub/lib/python3.10/site-packages:${PYTHONPATH} /usr/bin/python3 -W ignore:setup.py install is deprecated setup.py egg_info --egg-base ../../build/py_pubsub build --build-base /home/leho42/Desktop/ros2-ws-2024/build/py_pubsub/build install --record /home/leho42/Desktop/ros2-ws-2024/build/py_pubsub/install.log --single-version-externally-managed install_data
[0.834s] running egg_info
[0.835s] writing ../../build/py_pubsub/py_pubsub.egg-info/PKG-INFO
[0.835s] writing dependency_links to ../../build/py_pubsub/py_pubsub.egg-info/dependency_links.txt
[0.835s] writing entry points to ../../build/py_pubsub/py_pubsub.egg-info/entry_points.txt
[0.835s] writing requirements to ../../build/py_pubsub/py_pubsub.egg-info/requires.txt
[0.835s] writing top-level names to ../../build/py_pubsub/py_pubsub.egg-info/top_level.txt
[0.836s] reading manifest file '../../build/py_pubsub/py_pubsub.egg-info/SOURCES.txt'
[0.836s] adding license file 'LICENSE'
[0.837s] writing manifest file '../../build/py_pubsub/py_pubsub.egg-info/SOURCES.txt'
[0.837s] running build
[0.837s] running build_py
[0.837s] running install
[0.837s] running install_lib
[0.838s] running install_data
[0.838s] running install_egg_info
[0.839s] removing '/home/leho42/Desktop/ros2-ws-2024/install/py_pubsub/lib/python3.10/site-packages/py_pubsub-0.0.0-py3.10.egg-info' (and everything under it)
[0.845s] Copying ../../build/py_pubsub/py_pubsub.egg-info to /home/leho42/Desktop/ros2-ws-2024/install/py_pubsub/lib/python3.10/site-packages/py_pubsub-0.0.0-py3.10.egg-info
[0.845s] running install_scripts
[0.856s] writing list of installed files to '/home/leho42/Desktop/ros2-ws-2024/build/py_pubsub/install.log'
[0.876s] Invoked command in '/home/leho42/Desktop/ros2-ws-2024/src/py_pubsub' returned '0': PYTHONPATH=/home/leho42/Desktop/ros2-ws-2024/build/py_pubsub/prefix_override:/home/leho42/Desktop/ros2-ws-2024/install/py_pubsub/lib/python3.10/site-packages:${PYTHONPATH} /usr/bin/python3 -W ignore:setup.py install is deprecated setup.py egg_info --egg-base ../../build/py_pubsub build --build-base /home/leho42/Desktop/ros2-ws-2024/build/py_pubsub/build install --record /home/leho42/Desktop/ros2-ws-2024/build/py_pubsub/install.log --single-version-externally-managed install_data
