[6.076s] Invoking command in '/home/beachlbl/porter/ros2-ws-2024/src/joy_control': PYTHONPATH=/home/beachlbl/porter/ros2-ws-2024/build/joy_control/prefix_override:/home/beachlbl/porter/ros2-ws-2024/install/joy_control/lib/python3.10/site-packages:${PYTHONPATH} /usr/bin/python3 -W ignore:setup.py install is deprecated setup.py egg_info --egg-base ../../build/joy_control build --build-base /home/beachlbl/porter/ros2-ws-2024/build/joy_control/build install --record /home/beachlbl/porter/ros2-ws-2024/build/joy_control/install.log --single-version-externally-managed install_data
[7.899s] running egg_info
[7.912s] writing ../../build/joy_control/joy_control.egg-info/PKG-INFO
[7.920s] writing dependency_links to ../../build/joy_control/joy_control.egg-info/dependency_links.txt
[7.926s] writing entry points to ../../build/joy_control/joy_control.egg-info/entry_points.txt
[7.932s] writing requirements to ../../build/joy_control/joy_control.egg-info/requires.txt
[7.936s] writing top-level names to ../../build/joy_control/joy_control.egg-info/top_level.txt
[7.962s] reading manifest file '../../build/joy_control/joy_control.egg-info/SOURCES.txt'
[7.969s] adding license file 'LICENSE'
[7.980s] writing manifest file '../../build/joy_control/joy_control.egg-info/SOURCES.txt'
[7.985s] running build
[7.990s] running build_py
[7.997s] running install
[8.003s] running install_lib
[8.028s] running install_data
[8.033s] running install_egg_info
[8.051s] removing '/home/beachlbl/porter/ros2-ws-2024/install/joy_control/lib/python3.10/site-packages/joy_control-0.0.0-py3.10.egg-info' (and everything under it)
[8.061s] Copying ../../build/joy_control/joy_control.egg-info to /home/beachlbl/porter/ros2-ws-2024/install/joy_control/lib/python3.10/site-packages/joy_control-0.0.0-py3.10.egg-info
[8.069s] running install_scripts
[8.179s] Installing control_cb script to /home/beachlbl/porter/ros2-ws-2024/install/joy_control/lib/joy_control
[8.180s] Installing control_ex script to /home/beachlbl/porter/ros2-ws-2024/install/joy_control/lib/joy_control
[8.183s] writing list of installed files to '/home/beachlbl/porter/ros2-ws-2024/build/joy_control/install.log'
[8.345s] Invoked command in '/home/beachlbl/porter/ros2-ws-2024/src/joy_control' returned '0': PYTHONPATH=/home/beachlbl/porter/ros2-ws-2024/build/joy_control/prefix_override:/home/beachlbl/porter/ros2-ws-2024/install/joy_control/lib/python3.10/site-packages:${PYTHONPATH} /usr/bin/python3 -W ignore:setup.py install is deprecated setup.py egg_info --egg-base ../../build/joy_control build --build-base /home/beachlbl/porter/ros2-ws-2024/build/joy_control/build install --record /home/beachlbl/porter/ros2-ws-2024/build/joy_control/install.log --single-version-externally-managed install_data
