[7.928s] Invoking command in '/home/beachlbl/porter/ros2-ws-2024/src/sensors': PYTHONPATH=/home/beachlbl/porter/ros2-ws-2024/build/sensors/prefix_override:/home/beachlbl/porter/ros2-ws-2024/install/sensors/lib/python3.10/site-packages:${PYTHONPATH} /usr/bin/python3 -W ignore:setup.py install is deprecated setup.py egg_info --egg-base ../../build/sensors build --build-base /home/beachlbl/porter/ros2-ws-2024/build/sensors/build install --record /home/beachlbl/porter/ros2-ws-2024/build/sensors/install.log --single-version-externally-managed install_data
[9.491s] running egg_info
[9.494s] writing ../../build/sensors/sensors.egg-info/PKG-INFO
[9.496s] writing dependency_links to ../../build/sensors/sensors.egg-info/dependency_links.txt
[9.496s] writing entry points to ../../build/sensors/sensors.egg-info/entry_points.txt
[9.498s] writing requirements to ../../build/sensors/sensors.egg-info/requires.txt
[9.499s] writing top-level names to ../../build/sensors/sensors.egg-info/top_level.txt
[9.509s] reading manifest file '../../build/sensors/sensors.egg-info/SOURCES.txt'
[9.510s] adding license file 'LICENSE'
[9.514s] writing manifest file '../../build/sensors/sensors.egg-info/SOURCES.txt'
[9.515s] running build
[9.517s] running build_py
[9.520s] running install
[9.521s] running install_lib
[9.527s] running install_data
[9.527s] running install_egg_info
[9.535s] removing '/home/beachlbl/porter/ros2-ws-2024/install/sensors/lib/python3.10/site-packages/sensors-0.0.0-py3.10.egg-info' (and everything under it)
[9.538s] Copying ../../build/sensors/sensors.egg-info to /home/beachlbl/porter/ros2-ws-2024/install/sensors/lib/python3.10/site-packages/sensors-0.0.0-py3.10.egg-info
[9.546s] running install_scripts
[9.669s] Installing sensors_sub script to /home/beachlbl/porter/ros2-ws-2024/install/sensors/lib/sensors
[9.674s] writing list of installed files to '/home/beachlbl/porter/ros2-ws-2024/build/sensors/install.log'
[9.911s] Invoked command in '/home/beachlbl/porter/ros2-ws-2024/src/sensors' returned '0': PYTHONPATH=/home/beachlbl/porter/ros2-ws-2024/build/sensors/prefix_override:/home/beachlbl/porter/ros2-ws-2024/install/sensors/lib/python3.10/site-packages:${PYTHONPATH} /usr/bin/python3 -W ignore:setup.py install is deprecated setup.py egg_info --egg-base ../../build/sensors build --build-base /home/beachlbl/porter/ros2-ws-2024/build/sensors/build install --record /home/beachlbl/porter/ros2-ws-2024/build/sensors/install.log --single-version-externally-managed install_data
