[0.303s] Invoking command in '/home/porterclev/ros2-ws-2024/src/drive_ex': PYTHONPATH=/home/porterclev/ros2-ws-2024/build/drive_ex/prefix_override:/home/porterclev/ros2-ws-2024/install/drive_ex/lib/python3.10/site-packages:${PYTHONPATH} /usr/bin/python3 -W ignore:setup.py install is deprecated setup.py egg_info --egg-base ../../build/drive_ex build --build-base /home/porterclev/ros2-ws-2024/build/drive_ex/build install --record /home/porterclev/ros2-ws-2024/build/drive_ex/install.log --single-version-externally-managed install_data
[0.420s] running egg_info
[0.420s] writing ../../build/drive_ex/drive_ex.egg-info/PKG-INFO
[0.428s] writing dependency_links to ../../build/drive_ex/drive_ex.egg-info/dependency_links.txt
[0.428s] writing entry points to ../../build/drive_ex/drive_ex.egg-info/entry_points.txt
[0.429s] writing requirements to ../../build/drive_ex/drive_ex.egg-info/requires.txt
[0.429s] writing top-level names to ../../build/drive_ex/drive_ex.egg-info/top_level.txt
[0.430s] reading manifest file '../../build/drive_ex/drive_ex.egg-info/SOURCES.txt'
[0.431s] adding license file 'LICENSE'
[0.431s] writing manifest file '../../build/drive_ex/drive_ex.egg-info/SOURCES.txt'
[0.431s] running build
[0.431s] running build_py
[0.436s] copying drive_ex/drivetrain_ex_sub.py -> /home/porterclev/ros2-ws-2024/build/drive_ex/build/lib/drive_ex
[0.436s] running install
[0.437s] running install_lib
[0.438s] copying /home/porterclev/ros2-ws-2024/build/drive_ex/build/lib/drive_ex/drivetrain_ex_sub.py -> /home/porterclev/ros2-ws-2024/install/drive_ex/lib/python3.10/site-packages/drive_ex
[0.439s] byte-compiling /home/porterclev/ros2-ws-2024/install/drive_ex/lib/python3.10/site-packages/drive_ex/drivetrain_ex_sub.py to drivetrain_ex_sub.cpython-310.pyc
[0.439s] running install_data
[0.440s] running install_egg_info
[0.441s] removing '/home/porterclev/ros2-ws-2024/install/drive_ex/lib/python3.10/site-packages/drive_ex-0.0.0-py3.10.egg-info' (and everything under it)
[0.441s] Copying ../../build/drive_ex/drive_ex.egg-info to /home/porterclev/ros2-ws-2024/install/drive_ex/lib/python3.10/site-packages/drive_ex-0.0.0-py3.10.egg-info
[0.442s] running install_scripts
[0.453s] Installing drivetrain_ex script to /home/porterclev/ros2-ws-2024/install/drive_ex/lib/drive_ex
[0.457s] writing list of installed files to '/home/porterclev/ros2-ws-2024/build/drive_ex/install.log'
[0.473s] Invoked command in '/home/porterclev/ros2-ws-2024/src/drive_ex' returned '0': PYTHONPATH=/home/porterclev/ros2-ws-2024/build/drive_ex/prefix_override:/home/porterclev/ros2-ws-2024/install/drive_ex/lib/python3.10/site-packages:${PYTHONPATH} /usr/bin/python3 -W ignore:setup.py install is deprecated setup.py egg_info --egg-base ../../build/drive_ex build --build-base /home/porterclev/ros2-ws-2024/build/drive_ex/build install --record /home/porterclev/ros2-ws-2024/build/drive_ex/install.log --single-version-externally-managed install_data
