[0.719s] Invoking command in '/home/leho42/Desktop/ros2-ws-2024/src/drive_cb': PYTHONPATH=/home/leho42/Desktop/ros2-ws-2024/build/drive_cb/prefix_override:/home/leho42/Desktop/ros2-ws-2024/install/drive_cb/lib/python3.10/site-packages:${PYTHONPATH} /usr/bin/python3 -W ignore:setup.py install is deprecated setup.py egg_info --egg-base ../../build/drive_cb build --build-base /home/leho42/Desktop/ros2-ws-2024/build/drive_cb/build install --record /home/leho42/Desktop/ros2-ws-2024/build/drive_cb/install.log --single-version-externally-managed install_data
[0.843s] running egg_info
[0.845s] writing ../../build/drive_cb/drive_cb.egg-info/PKG-INFO
[0.847s] writing dependency_links to ../../build/drive_cb/drive_cb.egg-info/dependency_links.txt
[0.850s] writing entry points to ../../build/drive_cb/drive_cb.egg-info/entry_points.txt
[0.850s] writing requirements to ../../build/drive_cb/drive_cb.egg-info/requires.txt
[0.850s] writing top-level names to ../../build/drive_cb/drive_cb.egg-info/top_level.txt
[0.850s] reading manifest file '../../build/drive_cb/drive_cb.egg-info/SOURCES.txt'
[0.851s] adding license file 'LICENSE'
[0.851s] writing manifest file '../../build/drive_cb/drive_cb.egg-info/SOURCES.txt'
[0.851s] running build
[0.851s] running build_py
[0.851s] running install
[0.851s] running install_lib
[0.852s] running install_data
[0.852s] running install_egg_info
[0.853s] removing '/home/leho42/Desktop/ros2-ws-2024/install/drive_cb/lib/python3.10/site-packages/drive_cb-0.0.0-py3.10.egg-info' (and everything under it)
[0.853s] Copying ../../build/drive_cb/drive_cb.egg-info to /home/leho42/Desktop/ros2-ws-2024/install/drive_cb/lib/python3.10/site-packages/drive_cb-0.0.0-py3.10.egg-info
[0.853s] running install_scripts
[0.881s] Installing drivetrain_cb script to /home/leho42/Desktop/ros2-ws-2024/install/drive_cb/lib/drive_cb
[0.881s] writing list of installed files to '/home/leho42/Desktop/ros2-ws-2024/build/drive_cb/install.log'
[0.899s] Invoked command in '/home/leho42/Desktop/ros2-ws-2024/src/drive_cb' returned '0': PYTHONPATH=/home/leho42/Desktop/ros2-ws-2024/build/drive_cb/prefix_override:/home/leho42/Desktop/ros2-ws-2024/install/drive_cb/lib/python3.10/site-packages:${PYTHONPATH} /usr/bin/python3 -W ignore:setup.py install is deprecated setup.py egg_info --egg-base ../../build/drive_cb build --build-base /home/leho42/Desktop/ros2-ws-2024/build/drive_cb/build install --record /home/leho42/Desktop/ros2-ws-2024/build/drive_cb/install.log --single-version-externally-managed install_data
