[4.654s] DEBUG:colcon:Command line arguments: ['/usr/bin/colcon', 'build']
[4.654s] DEBUG:colcon:Parsed command line arguments: Namespace(log_base=None, log_level=None, verb_name='build', build_base='build', install_base='install', merge_install=False, symlink_install=False, test_result_base=None, continue_on_error=False, executor='parallel', parallel_workers=4, event_handlers=None, ignore_user_meta=False, metas=['./colcon.meta'], base_paths=['.'], packages_ignore=None, packages_ignore_regex=None, paths=None, packages_up_to=None, packages_up_to_regex=None, packages_above=None, packages_above_and_dependencies=None, packages_above_depth=None, packages_select_by_dep=None, packages_skip_by_dep=None, packages_skip_up_to=None, packages_select_build_failed=False, packages_skip_build_finished=False, packages_select_test_failures=False, packages_skip_test_passed=False, packages_select=None, packages_skip=None, packages_select_regex=None, packages_skip_regex=None, packages_start=None, packages_end=None, allow_overriding=[], cmake_args=None, cmake_target=None, cmake_target_skip_unavailable=False, cmake_clean_cache=False, cmake_clean_first=False, cmake_force_configure=False, ament_cmake_args=None, catkin_cmake_args=None, catkin_skip_building_tests=False, verb_parser=<colcon_defaults.argument_parser.defaults.DefaultArgumentsDecorator object at 0xffff869c87c0>, verb_extension=<colcon_core.verb.build.BuildVerb object at 0xffff8706f5e0>, main=<bound method BuildVerb.main of <colcon_core.verb.build.BuildVerb object at 0xffff8706f5e0>>)
[4.866s] Level 1:colcon.colcon_core.package_discovery:discover_packages(colcon_meta) check parameters
[4.866s] Level 1:colcon.colcon_core.package_discovery:discover_packages(recursive) check parameters
[4.867s] Level 1:colcon.colcon_core.package_discovery:discover_packages(ignore) check parameters
[4.867s] Level 1:colcon.colcon_core.package_discovery:discover_packages(path) check parameters
[4.867s] Level 1:colcon.colcon_core.package_discovery:discover_packages(colcon_meta) discover
[4.867s] Level 1:colcon.colcon_core.package_discovery:discover_packages(recursive) discover
[4.867s] INFO:colcon.colcon_core.package_discovery:Crawling recursively for packages in '/home/beachlbl/ros2-ws-2024'
[4.868s] Level 1:colcon.colcon_core.package_identification:_identify(.) by extensions ['ignore', 'ignore_ament_install']
[4.868s] Level 1:colcon.colcon_core.package_identification:_identify(.) by extension 'ignore'
[4.868s] Level 1:colcon.colcon_core.package_identification:_identify(.) by extension 'ignore_ament_install'
[4.868s] Level 1:colcon.colcon_core.package_identification:_identify(.) by extensions ['colcon_pkg']
[4.868s] Level 1:colcon.colcon_core.package_identification:_identify(.) by extension 'colcon_pkg'
[4.869s] Level 1:colcon.colcon_core.package_identification:_identify(.) by extensions ['colcon_meta']
[4.869s] Level 1:colcon.colcon_core.package_identification:_identify(.) by extension 'colcon_meta'
[4.869s] Level 1:colcon.colcon_core.package_identification:_identify(.) by extensions ['ros']
[4.869s] Level 1:colcon.colcon_core.package_identification:_identify(.) by extension 'ros'
[4.912s] Level 1:colcon.colcon_core.package_identification:_identify(.) by extensions ['cmake', 'python']
[4.912s] Level 1:colcon.colcon_core.package_identification:_identify(.) by extension 'cmake'
[4.913s] Level 1:colcon.colcon_core.package_identification:_identify(.) by extension 'python'
[4.913s] Level 1:colcon.colcon_core.package_identification:_identify(.) by extensions ['python_setup_py']
[4.913s] Level 1:colcon.colcon_core.package_identification:_identify(.) by extension 'python_setup_py'
[4.913s] Level 1:colcon.colcon_core.package_identification:_identify(build) by extensions ['ignore', 'ignore_ament_install']
[4.914s] Level 1:colcon.colcon_core.package_identification:_identify(build) by extension 'ignore'
[4.914s] Level 1:colcon.colcon_core.package_identification:_identify(build) ignored
[4.914s] Level 1:colcon.colcon_core.package_identification:_identify(install) by extensions ['ignore', 'ignore_ament_install']
[4.915s] Level 1:colcon.colcon_core.package_identification:_identify(install) by extension 'ignore'
[4.915s] Level 1:colcon.colcon_core.package_identification:_identify(install) ignored
[4.916s] Level 1:colcon.colcon_core.package_identification:_identify(log) by extensions ['ignore', 'ignore_ament_install']
[4.916s] Level 1:colcon.colcon_core.package_identification:_identify(log) by extension 'ignore'
[4.916s] Level 1:colcon.colcon_core.package_identification:_identify(log) ignored
[4.917s] Level 1:colcon.colcon_core.package_identification:_identify(src) by extensions ['ignore', 'ignore_ament_install']
[4.917s] Level 1:colcon.colcon_core.package_identification:_identify(src) by extension 'ignore'
[4.917s] Level 1:colcon.colcon_core.package_identification:_identify(src) by extension 'ignore_ament_install'
[4.917s] Level 1:colcon.colcon_core.package_identification:_identify(src) by extensions ['colcon_pkg']
[4.917s] Level 1:colcon.colcon_core.package_identification:_identify(src) by extension 'colcon_pkg'
[4.918s] Level 1:colcon.colcon_core.package_identification:_identify(src) by extensions ['colcon_meta']
[4.918s] Level 1:colcon.colcon_core.package_identification:_identify(src) by extension 'colcon_meta'
[4.918s] Level 1:colcon.colcon_core.package_identification:_identify(src) by extensions ['ros']
[4.918s] Level 1:colcon.colcon_core.package_identification:_identify(src) by extension 'ros'
[4.918s] Level 1:colcon.colcon_core.package_identification:_identify(src) by extensions ['cmake', 'python']
[4.918s] Level 1:colcon.colcon_core.package_identification:_identify(src) by extension 'cmake'
[4.918s] Level 1:colcon.colcon_core.package_identification:_identify(src) by extension 'python'
[4.919s] Level 1:colcon.colcon_core.package_identification:_identify(src) by extensions ['python_setup_py']
[4.919s] Level 1:colcon.colcon_core.package_identification:_identify(src) by extension 'python_setup_py'
[4.919s] Level 1:colcon.colcon_core.package_identification:_identify(src/camera_test) by extensions ['ignore', 'ignore_ament_install']
[4.919s] Level 1:colcon.colcon_core.package_identification:_identify(src/camera_test) by extension 'ignore'
[4.920s] Level 1:colcon.colcon_core.package_identification:_identify(src/camera_test) by extension 'ignore_ament_install'
[4.920s] Level 1:colcon.colcon_core.package_identification:_identify(src/camera_test) by extensions ['colcon_pkg']
[4.920s] Level 1:colcon.colcon_core.package_identification:_identify(src/camera_test) by extension 'colcon_pkg'
[4.920s] Level 1:colcon.colcon_core.package_identification:_identify(src/camera_test) by extensions ['colcon_meta']
[4.920s] Level 1:colcon.colcon_core.package_identification:_identify(src/camera_test) by extension 'colcon_meta'
[4.920s] Level 1:colcon.colcon_core.package_identification:_identify(src/camera_test) by extensions ['ros']
[4.921s] Level 1:colcon.colcon_core.package_identification:_identify(src/camera_test) by extension 'ros'
[4.929s] DEBUG:colcon.colcon_core.package_identification:Package 'src/camera_test' with type 'ros.ament_python' and name 'camera_test'
[4.930s] Level 1:colcon.colcon_core.package_identification:_identify(src/py_pubsub) by extensions ['ignore', 'ignore_ament_install']
[4.930s] Level 1:colcon.colcon_core.package_identification:_identify(src/py_pubsub) by extension 'ignore'
[4.930s] Level 1:colcon.colcon_core.package_identification:_identify(src/py_pubsub) by extension 'ignore_ament_install'
[4.931s] Level 1:colcon.colcon_core.package_identification:_identify(src/py_pubsub) by extensions ['colcon_pkg']
[4.931s] Level 1:colcon.colcon_core.package_identification:_identify(src/py_pubsub) by extension 'colcon_pkg'
[4.931s] Level 1:colcon.colcon_core.package_identification:_identify(src/py_pubsub) by extensions ['colcon_meta']
[4.931s] Level 1:colcon.colcon_core.package_identification:_identify(src/py_pubsub) by extension 'colcon_meta'
[4.931s] Level 1:colcon.colcon_core.package_identification:_identify(src/py_pubsub) by extensions ['ros']
[4.931s] Level 1:colcon.colcon_core.package_identification:_identify(src/py_pubsub) by extension 'ros'
[4.933s] DEBUG:colcon.colcon_core.package_identification:Package 'src/py_pubsub' with type 'ros.ament_python' and name 'py_pubsub'
[4.934s] Level 1:colcon.colcon_core.package_discovery:discover_packages(recursive) using defaults
[4.934s] Level 1:colcon.colcon_core.package_discovery:discover_packages(ignore) discover
[4.934s] Level 1:colcon.colcon_core.package_discovery:discover_packages(ignore) using defaults
[4.934s] Level 1:colcon.colcon_core.package_discovery:discover_packages(path) discover
[4.934s] Level 1:colcon.colcon_core.package_discovery:discover_packages(path) using defaults
[5.342s] Level 1:colcon.colcon_core.package_discovery:discover_packages(prefix_path) check parameters
[5.342s] Level 1:colcon.colcon_core.package_discovery:discover_packages(prefix_path) discover
[5.481s] DEBUG:colcon.colcon_installed_package_information.package_discovery:Found 2 installed packages in /home/beachlbl/ros2-ws-2024/install
[5.555s] DEBUG:colcon.colcon_installed_package_information.package_discovery:Found 307 installed packages in /opt/ros/iron
[5.562s] Level 1:colcon.colcon_core.package_discovery:discover_packages(prefix_path) using defaults
[5.970s] Level 5:colcon.colcon_core.verb:set package 'camera_test' build argument 'cmake_args' from command line to 'None'
[5.970s] Level 5:colcon.colcon_core.verb:set package 'camera_test' build argument 'cmake_target' from command line to 'None'
[5.970s] Level 5:colcon.colcon_core.verb:set package 'camera_test' build argument 'cmake_target_skip_unavailable' from command line to 'False'
[5.970s] Level 5:colcon.colcon_core.verb:set package 'camera_test' build argument 'cmake_clean_cache' from command line to 'False'
[5.970s] Level 5:colcon.colcon_core.verb:set package 'camera_test' build argument 'cmake_clean_first' from command line to 'False'
[5.970s] Level 5:colcon.colcon_core.verb:set package 'camera_test' build argument 'cmake_force_configure' from command line to 'False'
[5.970s] Level 5:colcon.colcon_core.verb:set package 'camera_test' build argument 'ament_cmake_args' from command line to 'None'
[5.970s] Level 5:colcon.colcon_core.verb:set package 'camera_test' build argument 'catkin_cmake_args' from command line to 'None'
[5.971s] Level 5:colcon.colcon_core.verb:set package 'camera_test' build argument 'catkin_skip_building_tests' from command line to 'False'
[5.971s] DEBUG:colcon.colcon_core.verb:Building package 'camera_test' with the following arguments: {'ament_cmake_args': None, 'build_base': '/home/beachlbl/ros2-ws-2024/build/camera_test', 'catkin_cmake_args': None, 'catkin_skip_building_tests': False, 'cmake_args': None, 'cmake_clean_cache': False, 'cmake_clean_first': False, 'cmake_force_configure': False, 'cmake_target': None, 'cmake_target_skip_unavailable': False, 'install_base': '/home/beachlbl/ros2-ws-2024/install/camera_test', 'merge_install': False, 'path': '/home/beachlbl/ros2-ws-2024/src/camera_test', 'symlink_install': False, 'test_result_base': None}
[6.038s] Level 5:colcon.colcon_core.verb:set package 'py_pubsub' build argument 'cmake_args' from command line to 'None'
[6.038s] Level 5:colcon.colcon_core.verb:set package 'py_pubsub' build argument 'cmake_target' from command line to 'None'
[6.038s] Level 5:colcon.colcon_core.verb:set package 'py_pubsub' build argument 'cmake_target_skip_unavailable' from command line to 'False'
[6.038s] Level 5:colcon.colcon_core.verb:set package 'py_pubsub' build argument 'cmake_clean_cache' from command line to 'False'
[6.038s] Level 5:colcon.colcon_core.verb:set package 'py_pubsub' build argument 'cmake_clean_first' from command line to 'False'
[6.038s] Level 5:colcon.colcon_core.verb:set package 'py_pubsub' build argument 'cmake_force_configure' from command line to 'False'
[6.038s] Level 5:colcon.colcon_core.verb:set package 'py_pubsub' build argument 'ament_cmake_args' from command line to 'None'
[6.038s] Level 5:colcon.colcon_core.verb:set package 'py_pubsub' build argument 'catkin_cmake_args' from command line to 'None'
[6.039s] Level 5:colcon.colcon_core.verb:set package 'py_pubsub' build argument 'catkin_skip_building_tests' from command line to 'False'
[6.039s] DEBUG:colcon.colcon_core.verb:Building package 'py_pubsub' with the following arguments: {'ament_cmake_args': None, 'build_base': '/home/beachlbl/ros2-ws-2024/build/py_pubsub', 'catkin_cmake_args': None, 'catkin_skip_building_tests': False, 'cmake_args': None, 'cmake_clean_cache': False, 'cmake_clean_first': False, 'cmake_force_configure': False, 'cmake_target': None, 'cmake_target_skip_unavailable': False, 'install_base': '/home/beachlbl/ros2-ws-2024/install/py_pubsub', 'merge_install': False, 'path': '/home/beachlbl/ros2-ws-2024/src/py_pubsub', 'symlink_install': False, 'test_result_base': None}
[6.105s] INFO:colcon.colcon_core.executor:Executing jobs using 'parallel' executor
[6.173s] DEBUG:colcon.colcon_parallel_executor.executor.parallel:run_until_complete
[6.174s] INFO:colcon.colcon_ros.task.ament_python.build:Building ROS package in '/home/beachlbl/ros2-ws-2024/src/camera_test' with build type 'ament_python'
[6.175s] Level 1:colcon.colcon_core.shell:create_environment_hook('camera_test', 'ament_prefix_path')
[6.250s] INFO:colcon.colcon_core.plugin_system:Skipping extension 'colcon_core.shell.bat': Not used on non-Windows systems
[6.251s] INFO:colcon.colcon_core.shell:Creating environment hook '/home/beachlbl/ros2-ws-2024/install/camera_test/share/camera_test/hook/ament_prefix_path.ps1'
[6.254s] INFO:colcon.colcon_core.shell:Creating environment descriptor '/home/beachlbl/ros2-ws-2024/install/camera_test/share/camera_test/hook/ament_prefix_path.dsv'
[6.256s] INFO:colcon.colcon_core.shell:Creating environment hook '/home/beachlbl/ros2-ws-2024/install/camera_test/share/camera_test/hook/ament_prefix_path.sh'
[6.327s] INFO:colcon.colcon_core.shell:Skip shell extension 'powershell' for command environment: Not usable outside of PowerShell
[6.327s] DEBUG:colcon.colcon_core.shell:Skip shell extension 'dsv' for command environment
[6.544s] INFO:colcon.colcon_ros.task.ament_python.build:Building ROS package in '/home/beachlbl/ros2-ws-2024/src/py_pubsub' with build type 'ament_python'
[6.545s] Level 1:colcon.colcon_core.shell:create_environment_hook('py_pubsub', 'ament_prefix_path')
[6.616s] INFO:colcon.colcon_core.shell:Creating environment hook '/home/beachlbl/ros2-ws-2024/install/py_pubsub/share/py_pubsub/hook/ament_prefix_path.ps1'
[6.618s] INFO:colcon.colcon_core.shell:Creating environment descriptor '/home/beachlbl/ros2-ws-2024/install/py_pubsub/share/py_pubsub/hook/ament_prefix_path.dsv'
[6.620s] INFO:colcon.colcon_core.shell:Creating environment hook '/home/beachlbl/ros2-ws-2024/install/py_pubsub/share/py_pubsub/hook/ament_prefix_path.sh'
[6.689s] INFO:colcon.colcon_core.shell:Skip shell extension 'powershell' for command environment: Not usable outside of PowerShell
[6.690s] DEBUG:colcon.colcon_core.shell:Skip shell extension 'dsv' for command environment
[8.090s] INFO:colcon.colcon_core.task.python.build:Building Python package in '/home/beachlbl/ros2-ws-2024/src/camera_test'
[8.157s] INFO:colcon.colcon_core.shell:Skip shell extension 'powershell' for command environment: Not usable outside of PowerShell
[8.158s] DEBUG:colcon.colcon_core.shell:Skip shell extension 'dsv' for command environment
[9.563s] INFO:colcon.colcon_core.task.python.build:Building Python package in '/home/beachlbl/ros2-ws-2024/src/py_pubsub'
[9.633s] INFO:colcon.colcon_core.shell:Skip shell extension 'powershell' for command environment: Not usable outside of PowerShell
[9.633s] DEBUG:colcon.colcon_core.shell:Skip shell extension 'dsv' for command environment
[11.740s] DEBUG:colcon.colcon_core.event_handler.log_command:Invoking command in '/home/beachlbl/ros2-ws-2024/src/camera_test': PYTHONPATH=/home/beachlbl/ros2-ws-2024/build/camera_test/prefix_override:/home/beachlbl/ros2-ws-2024/install/camera_test/lib/python3.10/site-packages:${PYTHONPATH} /usr/bin/python3 setup.py egg_info --egg-base ../../build/camera_test build --build-base /home/beachlbl/ros2-ws-2024/build/camera_test/build install --record /home/beachlbl/ros2-ws-2024/build/camera_test/install.log --single-version-externally-managed
[11.759s] DEBUG:colcon.colcon_core.event_handler.log_command:Invoking command in '/home/beachlbl/ros2-ws-2024/src/py_pubsub': PYTHONPATH=/home/beachlbl/ros2-ws-2024/build/py_pubsub/prefix_override:/home/beachlbl/ros2-ws-2024/install/py_pubsub/lib/python3.10/site-packages:${PYTHONPATH} /usr/bin/python3 setup.py egg_info --egg-base ../../build/py_pubsub build --build-base /home/beachlbl/ros2-ws-2024/build/py_pubsub/build install --record /home/beachlbl/ros2-ws-2024/build/py_pubsub/install.log --single-version-externally-managed
[13.314s] DEBUG:colcon.colcon_core.event_handler.log_command:Invoked command in '/home/beachlbl/ros2-ws-2024/src/camera_test' returned '0': PYTHONPATH=/home/beachlbl/ros2-ws-2024/build/camera_test/prefix_override:/home/beachlbl/ros2-ws-2024/install/camera_test/lib/python3.10/site-packages:${PYTHONPATH} /usr/bin/python3 setup.py egg_info --egg-base ../../build/camera_test build --build-base /home/beachlbl/ros2-ws-2024/build/camera_test/build install --record /home/beachlbl/ros2-ws-2024/build/camera_test/install.log --single-version-externally-managed
[13.396s] Level 1:colcon.colcon_core.environment:checking '/home/beachlbl/ros2-ws-2024/install/camera_test' for CMake module files
[13.398s] Level 1:colcon.colcon_core.environment:checking '/home/beachlbl/ros2-ws-2024/install/camera_test' for CMake config files
[13.400s] Level 1:colcon.colcon_core.shell:create_environment_hook('camera_test', 'cmake_prefix_path')
[13.468s] INFO:colcon.colcon_core.shell:Creating environment hook '/home/beachlbl/ros2-ws-2024/install/camera_test/share/camera_test/hook/cmake_prefix_path.ps1'
[13.470s] INFO:colcon.colcon_core.shell:Creating environment descriptor '/home/beachlbl/ros2-ws-2024/install/camera_test/share/camera_test/hook/cmake_prefix_path.dsv'
[13.472s] INFO:colcon.colcon_core.shell:Creating environment hook '/home/beachlbl/ros2-ws-2024/install/camera_test/share/camera_test/hook/cmake_prefix_path.sh'
[13.475s] Level 1:colcon.colcon_core.environment:checking '/home/beachlbl/ros2-ws-2024/install/camera_test/lib'
[13.476s] Level 1:colcon.colcon_core.environment:checking '/home/beachlbl/ros2-ws-2024/install/camera_test/bin'
[13.476s] Level 1:colcon.colcon_core.environment:checking '/home/beachlbl/ros2-ws-2024/install/camera_test/lib/pkgconfig/camera_test.pc'
[13.477s] Level 1:colcon.colcon_core.environment:checking '/home/beachlbl/ros2-ws-2024/install/camera_test/lib/python3.10/site-packages'
[13.477s] Level 1:colcon.colcon_core.shell:create_environment_hook('camera_test', 'pythonpath')
[13.544s] INFO:colcon.colcon_core.shell:Creating environment hook '/home/beachlbl/ros2-ws-2024/install/camera_test/share/camera_test/hook/pythonpath.ps1'
[13.546s] INFO:colcon.colcon_core.shell:Creating environment descriptor '/home/beachlbl/ros2-ws-2024/install/camera_test/share/camera_test/hook/pythonpath.dsv'
[13.548s] INFO:colcon.colcon_core.shell:Creating environment hook '/home/beachlbl/ros2-ws-2024/install/camera_test/share/camera_test/hook/pythonpath.sh'
[13.550s] Level 1:colcon.colcon_core.environment:checking '/home/beachlbl/ros2-ws-2024/install/camera_test/bin'
[13.551s] Level 1:colcon.colcon_core.environment:create_environment_scripts_only(camera_test)
[13.618s] INFO:colcon.colcon_core.shell:Creating package script '/home/beachlbl/ros2-ws-2024/install/camera_test/share/camera_test/package.ps1'
[13.622s] INFO:colcon.colcon_core.shell:Creating package descriptor '/home/beachlbl/ros2-ws-2024/install/camera_test/share/camera_test/package.dsv'
[13.624s] INFO:colcon.colcon_core.shell:Creating package script '/home/beachlbl/ros2-ws-2024/install/camera_test/share/camera_test/package.sh'
[13.628s] INFO:colcon.colcon_core.shell:Creating package script '/home/beachlbl/ros2-ws-2024/install/camera_test/share/camera_test/package.bash'
[13.631s] INFO:colcon.colcon_core.shell:Creating package script '/home/beachlbl/ros2-ws-2024/install/camera_test/share/camera_test/package.zsh'
[13.634s] Level 1:colcon.colcon_core.environment:create_file_with_runtime_dependencies(/home/beachlbl/ros2-ws-2024/install/camera_test/share/colcon-core/packages/camera_test)
[13.647s] DEBUG:colcon.colcon_core.event_handler.log_command:Invoked command in '/home/beachlbl/ros2-ws-2024/src/py_pubsub' returned '0': PYTHONPATH=/home/beachlbl/ros2-ws-2024/build/py_pubsub/prefix_override:/home/beachlbl/ros2-ws-2024/install/py_pubsub/lib/python3.10/site-packages:${PYTHONPATH} /usr/bin/python3 setup.py egg_info --egg-base ../../build/py_pubsub build --build-base /home/beachlbl/ros2-ws-2024/build/py_pubsub/build install --record /home/beachlbl/ros2-ws-2024/build/py_pubsub/install.log --single-version-externally-managed
[13.709s] Level 1:colcon.colcon_core.environment:checking '/home/beachlbl/ros2-ws-2024/install/py_pubsub' for CMake module files
[13.711s] Level 1:colcon.colcon_core.environment:checking '/home/beachlbl/ros2-ws-2024/install/py_pubsub' for CMake config files
[13.714s] Level 1:colcon.colcon_core.environment:checking '/home/beachlbl/ros2-ws-2024/install/py_pubsub/lib'
[13.715s] Level 1:colcon.colcon_core.environment:checking '/home/beachlbl/ros2-ws-2024/install/py_pubsub/bin'
[13.715s] Level 1:colcon.colcon_core.environment:checking '/home/beachlbl/ros2-ws-2024/install/py_pubsub/lib/pkgconfig/py_pubsub.pc'
[13.716s] Level 1:colcon.colcon_core.environment:checking '/home/beachlbl/ros2-ws-2024/install/py_pubsub/lib/python3.10/site-packages'
[13.716s] Level 1:colcon.colcon_core.shell:create_environment_hook('py_pubsub', 'pythonpath')
[13.783s] INFO:colcon.colcon_core.shell:Creating environment hook '/home/beachlbl/ros2-ws-2024/install/py_pubsub/share/py_pubsub/hook/pythonpath.ps1'
[13.785s] INFO:colcon.colcon_core.shell:Creating environment descriptor '/home/beachlbl/ros2-ws-2024/install/py_pubsub/share/py_pubsub/hook/pythonpath.dsv'
[13.787s] INFO:colcon.colcon_core.shell:Creating environment hook '/home/beachlbl/ros2-ws-2024/install/py_pubsub/share/py_pubsub/hook/pythonpath.sh'
[13.789s] Level 1:colcon.colcon_core.environment:checking '/home/beachlbl/ros2-ws-2024/install/py_pubsub/bin'
[13.790s] Level 1:colcon.colcon_core.environment:create_environment_scripts_only(py_pubsub)
[13.858s] INFO:colcon.colcon_core.shell:Creating package script '/home/beachlbl/ros2-ws-2024/install/py_pubsub/share/py_pubsub/package.ps1'
[13.860s] INFO:colcon.colcon_core.shell:Creating package descriptor '/home/beachlbl/ros2-ws-2024/install/py_pubsub/share/py_pubsub/package.dsv'
[13.862s] INFO:colcon.colcon_core.shell:Creating package script '/home/beachlbl/ros2-ws-2024/install/py_pubsub/share/py_pubsub/package.sh'
[13.864s] INFO:colcon.colcon_core.shell:Creating package script '/home/beachlbl/ros2-ws-2024/install/py_pubsub/share/py_pubsub/package.bash'
[13.865s] INFO:colcon.colcon_core.shell:Creating package script '/home/beachlbl/ros2-ws-2024/install/py_pubsub/share/py_pubsub/package.zsh'
[13.867s] Level 1:colcon.colcon_core.environment:create_file_with_runtime_dependencies(/home/beachlbl/ros2-ws-2024/install/py_pubsub/share/colcon-core/packages/py_pubsub)
[13.868s] DEBUG:colcon.colcon_parallel_executor.executor.parallel:closing loop
[13.869s] DEBUG:colcon.colcon_parallel_executor.executor.parallel:loop closed
[13.869s] DEBUG:colcon.colcon_parallel_executor.executor.parallel:run_until_complete finished with '0'
[13.870s] DEBUG:colcon.colcon_core.event_reactor:joining thread
[13.967s] INFO:colcon.colcon_core.plugin_system:Skipping extension 'colcon_notification.desktop_notification.notify_send': Could not find 'notify-send'
[13.967s] INFO:colcon.colcon_core.plugin_system:Skipping extension 'colcon_notification.desktop_notification.terminal_notifier': Not used on non-Darwin systems
[13.968s] INFO:colcon.colcon_core.plugin_system:Skipping extension 'colcon_notification.desktop_notification.win32': Not used on non-Windows systems
[13.968s] INFO:colcon.colcon_notification.desktop_notification:Sending desktop notification using 'notify2'
[13.971s] DEBUG:colcon.colcon_notification.desktop_notification.notify2:Failed to initialize notify2: org.freedesktop.DBus.Error.ServiceUnknown: The name org.freedesktop.Notifications was not provided by any .service files
[13.971s] DEBUG:colcon.colcon_core.event_reactor:joined thread
[14.040s] INFO:colcon.colcon_core.shell:Creating prefix script '/home/beachlbl/ros2-ws-2024/install/local_setup.ps1'
[14.044s] INFO:colcon.colcon_core.shell:Creating prefix util module '/home/beachlbl/ros2-ws-2024/install/_local_setup_util_ps1.py'
[14.049s] INFO:colcon.colcon_core.shell:Creating prefix chain script '/home/beachlbl/ros2-ws-2024/install/setup.ps1'
[14.119s] INFO:colcon.colcon_core.shell:Creating prefix script '/home/beachlbl/ros2-ws-2024/install/local_setup.sh'
[14.122s] INFO:colcon.colcon_core.shell:Creating prefix util module '/home/beachlbl/ros2-ws-2024/install/_local_setup_util_sh.py'
[14.124s] INFO:colcon.colcon_core.shell:Creating prefix chain script '/home/beachlbl/ros2-ws-2024/install/setup.sh'
[14.194s] INFO:colcon.colcon_core.shell:Creating prefix script '/home/beachlbl/ros2-ws-2024/install/local_setup.bash'
[14.196s] INFO:colcon.colcon_core.shell:Creating prefix chain script '/home/beachlbl/ros2-ws-2024/install/setup.bash'
[14.266s] INFO:colcon.colcon_core.shell:Creating prefix script '/home/beachlbl/ros2-ws-2024/install/local_setup.zsh'
[14.268s] INFO:colcon.colcon_core.shell:Creating prefix chain script '/home/beachlbl/ros2-ws-2024/install/setup.zsh'
