[0.909s] Invoking command in '/home/porterclev/ros2-ws-2024/src/joy_control': PYTHONPATH=/home/porterclev/ros2-ws-2024/build/joy_control/prefix_override:/home/porterclev/ros2-ws-2024/install/joy_control/lib/python3.10/site-packages:${PYTHONPATH} /usr/bin/python3 -W ignore:setup.py install is deprecated setup.py egg_info --egg-base ../../build/joy_control build --build-base /home/porterclev/ros2-ws-2024/build/joy_control/build install --record /home/porterclev/ros2-ws-2024/build/joy_control/install.log --single-version-externally-managed install_data
[1.140s] running egg_info
[1.141s] writing ../../build/joy_control/joy_control.egg-info/PKG-INFO
[1.141s] writing dependency_links to ../../build/joy_control/joy_control.egg-info/dependency_links.txt
[1.142s] writing entry points to ../../build/joy_control/joy_control.egg-info/entry_points.txt
[1.142s] writing requirements to ../../build/joy_control/joy_control.egg-info/requires.txt
[1.145s] writing top-level names to ../../build/joy_control/joy_control.egg-info/top_level.txt
[1.147s] reading manifest file '../../build/joy_control/joy_control.egg-info/SOURCES.txt'
[1.147s] adding license file 'LICENSE'
[1.148s] writing manifest file '../../build/joy_control/joy_control.egg-info/SOURCES.txt'
[1.149s] running build
[1.149s] running build_py
[1.149s] copying joy_control/joy_ex_pub.py -> /home/porterclev/ros2-ws-2024/build/joy_control/build/lib/joy_control
[1.149s] running install
[1.149s] running install_lib
[1.150s] copying /home/porterclev/ros2-ws-2024/build/joy_control/build/lib/joy_control/joy_ex_pub.py -> /home/porterclev/ros2-ws-2024/install/joy_control/lib/python3.10/site-packages/joy_control
[1.151s] byte-compiling /home/porterclev/ros2-ws-2024/install/joy_control/lib/python3.10/site-packages/joy_control/joy_ex_pub.py to joy_ex_pub.cpython-310.pyc
[1.152s] running install_data
[1.152s] running install_egg_info
[1.154s] removing '/home/porterclev/ros2-ws-2024/install/joy_control/lib/python3.10/site-packages/joy_control-0.0.0-py3.10.egg-info' (and everything under it)
[1.154s] Copying ../../build/joy_control/joy_control.egg-info to /home/porterclev/ros2-ws-2024/install/joy_control/lib/python3.10/site-packages/joy_control-0.0.0-py3.10.egg-info
[1.155s] running install_scripts
[1.179s] Installing control_cb script to /home/porterclev/ros2-ws-2024/install/joy_control/lib/joy_control
[1.180s] Installing control_ex script to /home/porterclev/ros2-ws-2024/install/joy_control/lib/joy_control
[1.181s] writing list of installed files to '/home/porterclev/ros2-ws-2024/build/joy_control/install.log'
[1.238s] Invoked command in '/home/porterclev/ros2-ws-2024/src/joy_control' returned '0': PYTHONPATH=/home/porterclev/ros2-ws-2024/build/joy_control/prefix_override:/home/porterclev/ros2-ws-2024/install/joy_control/lib/python3.10/site-packages:${PYTHONPATH} /usr/bin/python3 -W ignore:setup.py install is deprecated setup.py egg_info --egg-base ../../build/joy_control build --build-base /home/porterclev/ros2-ws-2024/build/joy_control/build install --record /home/porterclev/ros2-ws-2024/build/joy_control/install.log --single-version-externally-managed install_data
