[1.192s] Invoking command in '/root/ros2-ws-2024/src/py_pubsub': PYTHONPATH=/root/ros2-ws-2024/build/py_pubsub/prefix_override:/root/ros2-ws-2024/install/py_pubsub/lib/python3.10/site-packages:${PYTHONPATH} /usr/bin/python3 -W ignore:setup.py install is deprecated setup.py egg_info --egg-base ../../build/py_pubsub build --build-base /root/ros2-ws-2024/build/py_pubsub/build install --record /root/ros2-ws-2024/build/py_pubsub/install.log --single-version-externally-managed install_data
[1.439s] running egg_info
[1.440s] writing ../../build/py_pubsub/py_pubsub.egg-info/PKG-INFO
[1.440s] writing dependency_links to ../../build/py_pubsub/py_pubsub.egg-info/dependency_links.txt
[1.443s] writing entry points to ../../build/py_pubsub/py_pubsub.egg-info/entry_points.txt
[1.444s] writing requirements to ../../build/py_pubsub/py_pubsub.egg-info/requires.txt
[1.445s] writing top-level names to ../../build/py_pubsub/py_pubsub.egg-info/top_level.txt
[1.450s] reading manifest file '../../build/py_pubsub/py_pubsub.egg-info/SOURCES.txt'
[1.451s] adding license file 'LICENSE'
[1.452s] writing manifest file '../../build/py_pubsub/py_pubsub.egg-info/SOURCES.txt'
[1.452s] running build
[1.452s] running build_py
[1.452s] running install
[1.453s] running install_lib
[1.455s] running install_data
[1.456s] running install_egg_info
[1.457s] removing '/root/ros2-ws-2024/install/py_pubsub/lib/python3.10/site-packages/py_pubsub-0.0.0-py3.10.egg-info' (and everything under it)
[1.458s] Copying ../../build/py_pubsub/py_pubsub.egg-info to /root/ros2-ws-2024/install/py_pubsub/lib/python3.10/site-packages/py_pubsub-0.0.0-py3.10.egg-info
[1.458s] running install_scripts
[1.487s] writing list of installed files to '/root/ros2-ws-2024/build/py_pubsub/install.log'
[1.513s] Invoked command in '/root/ros2-ws-2024/src/py_pubsub' returned '0': PYTHONPATH=/root/ros2-ws-2024/build/py_pubsub/prefix_override:/root/ros2-ws-2024/install/py_pubsub/lib/python3.10/site-packages:${PYTHONPATH} /usr/bin/python3 -W ignore:setup.py install is deprecated setup.py egg_info --egg-base ../../build/py_pubsub build --build-base /root/ros2-ws-2024/build/py_pubsub/build install --record /root/ros2-ws-2024/build/py_pubsub/install.log --single-version-externally-managed install_data
