[8.175s] Invoking command in '/home/beachlbl/porter/ros2-ws-2024/src/sensors': PYTHONPATH=/home/beachlbl/porter/ros2-ws-2024/build/sensors/prefix_override:/home/beachlbl/porter/ros2-ws-2024/install/sensors/lib/python3.10/site-packages:${PYTHONPATH} /usr/bin/python3 -W ignore:setup.py install is deprecated setup.py egg_info --egg-base ../../build/sensors build --build-base /home/beachlbl/porter/ros2-ws-2024/build/sensors/build install --record /home/beachlbl/porter/ros2-ws-2024/build/sensors/install.log --single-version-externally-managed install_data
[9.767s] running egg_info
[9.771s] writing ../../build/sensors/sensors.egg-info/PKG-INFO
[9.772s] writing dependency_links to ../../build/sensors/sensors.egg-info/dependency_links.txt
[9.777s] writing entry points to ../../build/sensors/sensors.egg-info/entry_points.txt
[9.779s] writing requirements to ../../build/sensors/sensors.egg-info/requires.txt
[9.780s] writing top-level names to ../../build/sensors/sensors.egg-info/top_level.txt
[9.785s] reading manifest file '../../build/sensors/sensors.egg-info/SOURCES.txt'
[9.787s] adding license file 'LICENSE'
[9.790s] writing manifest file '../../build/sensors/sensors.egg-info/SOURCES.txt'
[9.791s] running build
[9.792s] running build_py
[9.795s] running install
[9.799s] running install_lib
[9.805s] running install_data
[9.806s] running install_egg_info
[9.814s] removing '/home/beachlbl/porter/ros2-ws-2024/install/sensors/lib/python3.10/site-packages/sensors-0.0.0-py3.10.egg-info' (and everything under it)
[9.816s] Copying ../../build/sensors/sensors.egg-info to /home/beachlbl/porter/ros2-ws-2024/install/sensors/lib/python3.10/site-packages/sensors-0.0.0-py3.10.egg-info
[9.824s] running install_scripts
[9.948s] Installing sensors_sub script to /home/beachlbl/porter/ros2-ws-2024/install/sensors/lib/sensors
[9.951s] writing list of installed files to '/home/beachlbl/porter/ros2-ws-2024/build/sensors/install.log'
[10.198s] Invoked command in '/home/beachlbl/porter/ros2-ws-2024/src/sensors' returned '0': PYTHONPATH=/home/beachlbl/porter/ros2-ws-2024/build/sensors/prefix_override:/home/beachlbl/porter/ros2-ws-2024/install/sensors/lib/python3.10/site-packages:${PYTHONPATH} /usr/bin/python3 -W ignore:setup.py install is deprecated setup.py egg_info --egg-base ../../build/sensors build --build-base /home/beachlbl/porter/ros2-ws-2024/build/sensors/build install --record /home/beachlbl/porter/ros2-ws-2024/build/sensors/install.log --single-version-externally-managed install_data
