[3.826s] Invoking command in '/home/beachlbl/ros2-ws-2024/src/drive_ex': PYTHONPATH=/home/beachlbl/ros2-ws-2024/build/drive_ex/prefix_override:/home/beachlbl/ros2-ws-2024/install/drive_ex/lib/python3.10/site-packages:${PYTHONPATH} /usr/bin/python3 -W ignore:setup.py install is deprecated setup.py egg_info --egg-base ../../build/drive_ex build --build-base /home/beachlbl/ros2-ws-2024/build/drive_ex/build install --record /home/beachlbl/ros2-ws-2024/build/drive_ex/install.log --single-version-externally-managed install_data
[4.966s] running egg_info
[4.968s] writing ../../build/drive_ex/drive_ex.egg-info/PKG-INFO
[4.970s] writing dependency_links to ../../build/drive_ex/drive_ex.egg-info/dependency_links.txt
[4.971s] writing entry points to ../../build/drive_ex/drive_ex.egg-info/entry_points.txt
[4.972s] writing requirements to ../../build/drive_ex/drive_ex.egg-info/requires.txt
[4.973s] writing top-level names to ../../build/drive_ex/drive_ex.egg-info/top_level.txt
[4.984s] reading manifest file '../../build/drive_ex/drive_ex.egg-info/SOURCES.txt'
[4.986s] adding license file 'LICENSE'
[4.989s] writing manifest file '../../build/drive_ex/drive_ex.egg-info/SOURCES.txt'
[4.989s] running build
[4.990s] running build_py
[5.006s] running install
[5.008s] running install_lib
[5.019s] running install_data
[5.019s] running install_egg_info
[5.026s] removing '/home/beachlbl/ros2-ws-2024/install/drive_ex/lib/python3.10/site-packages/drive_ex-0.0.0-py3.10.egg-info' (and everything under it)
[5.028s] Copying ../../build/drive_ex/drive_ex.egg-info to /home/beachlbl/ros2-ws-2024/install/drive_ex/lib/python3.10/site-packages/drive_ex-0.0.0-py3.10.egg-info
[5.034s] running install_scripts
[5.116s] Installing drivetrain_cb script to /home/beachlbl/ros2-ws-2024/install/drive_ex/lib/drive_ex
[5.118s] Installing drivetrain_ex script to /home/beachlbl/ros2-ws-2024/install/drive_ex/lib/drive_ex
[5.119s] writing list of installed files to '/home/beachlbl/ros2-ws-2024/build/drive_ex/install.log'
[5.234s] Invoked command in '/home/beachlbl/ros2-ws-2024/src/drive_ex' returned '0': PYTHONPATH=/home/beachlbl/ros2-ws-2024/build/drive_ex/prefix_override:/home/beachlbl/ros2-ws-2024/install/drive_ex/lib/python3.10/site-packages:${PYTHONPATH} /usr/bin/python3 -W ignore:setup.py install is deprecated setup.py egg_info --egg-base ../../build/drive_ex build --build-base /home/beachlbl/ros2-ws-2024/build/drive_ex/build install --record /home/beachlbl/ros2-ws-2024/build/drive_ex/install.log --single-version-externally-managed install_data
