[3.107s] Invoking command in '/home/beachlbl/porter/ros2-ws-2024/src/drive_ex': PYTHONPATH=/home/beachlbl/porter/ros2-ws-2024/build/drive_ex/prefix_override:/home/beachlbl/porter/ros2-ws-2024/install/drive_ex/lib/python3.10/site-packages:${PYTHONPATH} /usr/bin/python3 -W ignore:setup.py install is deprecated setup.py egg_info --egg-base ../../build/drive_ex build --build-base /home/beachlbl/porter/ros2-ws-2024/build/drive_ex/build install --record /home/beachlbl/porter/ros2-ws-2024/build/drive_ex/install.log --single-version-externally-managed install_data
[4.239s] running egg_info
[4.243s] writing ../../build/drive_ex/drive_ex.egg-info/PKG-INFO
[4.244s] writing dependency_links to ../../build/drive_ex/drive_ex.egg-info/dependency_links.txt
[4.245s] writing entry points to ../../build/drive_ex/drive_ex.egg-info/entry_points.txt
[4.245s] writing requirements to ../../build/drive_ex/drive_ex.egg-info/requires.txt
[4.246s] writing top-level names to ../../build/drive_ex/drive_ex.egg-info/top_level.txt
[4.253s] reading manifest file '../../build/drive_ex/drive_ex.egg-info/SOURCES.txt'
[4.255s] adding license file 'LICENSE'
[4.258s] writing manifest file '../../build/drive_ex/drive_ex.egg-info/SOURCES.txt'
[4.258s] running build
[4.259s] running build_py
[4.259s] copying drive_ex/drivetrain_ex_sub.py -> /home/beachlbl/porter/ros2-ws-2024/build/drive_ex/build/lib/drive_ex
[4.261s] running install
[4.262s] running install_lib
[4.265s] copying /home/beachlbl/porter/ros2-ws-2024/build/drive_ex/build/lib/drive_ex/drivetrain_ex_sub.py -> /home/beachlbl/porter/ros2-ws-2024/install/drive_ex/lib/python3.10/site-packages/drive_ex
[4.269s] byte-compiling /home/beachlbl/porter/ros2-ws-2024/install/drive_ex/lib/python3.10/site-packages/drive_ex/drivetrain_ex_sub.py to drivetrain_ex_sub.cpython-310.pyc
[4.274s] running install_data
[4.274s] running install_egg_info
[4.281s] removing '/home/beachlbl/porter/ros2-ws-2024/install/drive_ex/lib/python3.10/site-packages/drive_ex-0.0.0-py3.10.egg-info' (and everything under it)
[4.282s] Copying ../../build/drive_ex/drive_ex.egg-info to /home/beachlbl/porter/ros2-ws-2024/install/drive_ex/lib/python3.10/site-packages/drive_ex-0.0.0-py3.10.egg-info
[4.287s] running install_scripts
[4.370s] Installing drivetrain_cb script to /home/beachlbl/porter/ros2-ws-2024/install/drive_ex/lib/drive_ex
[4.371s] Installing drivetrain_ex script to /home/beachlbl/porter/ros2-ws-2024/install/drive_ex/lib/drive_ex
[4.372s] writing list of installed files to '/home/beachlbl/porter/ros2-ws-2024/build/drive_ex/install.log'
[4.488s] Invoked command in '/home/beachlbl/porter/ros2-ws-2024/src/drive_ex' returned '0': PYTHONPATH=/home/beachlbl/porter/ros2-ws-2024/build/drive_ex/prefix_override:/home/beachlbl/porter/ros2-ws-2024/install/drive_ex/lib/python3.10/site-packages:${PYTHONPATH} /usr/bin/python3 -W ignore:setup.py install is deprecated setup.py egg_info --egg-base ../../build/drive_ex build --build-base /home/beachlbl/porter/ros2-ws-2024/build/drive_ex/build install --record /home/beachlbl/porter/ros2-ws-2024/build/drive_ex/install.log --single-version-externally-managed install_data
