[6.706s] Invoking command in '/home/beachlbl/porter/ros2-ws-2024/src/ui': PYTHONPATH=/home/beachlbl/porter/ros2-ws-2024/build/ui/prefix_override:/home/beachlbl/porter/ros2-ws-2024/install/ui/lib/python3.10/site-packages:${PYTHONPATH} /usr/bin/python3 -W ignore:setup.py install is deprecated setup.py egg_info --egg-base ../../build/ui build --build-base /home/beachlbl/porter/ros2-ws-2024/build/ui/build install --record /home/beachlbl/porter/ros2-ws-2024/build/ui/install.log --single-version-externally-managed install_data
[8.337s] running egg_info
[8.340s] writing ../../build/ui/ui.egg-info/PKG-INFO
[8.341s] writing dependency_links to ../../build/ui/ui.egg-info/dependency_links.txt
[8.342s] writing entry points to ../../build/ui/ui.egg-info/entry_points.txt
[8.343s] writing requirements to ../../build/ui/ui.egg-info/requires.txt
[8.344s] writing top-level names to ../../build/ui/ui.egg-info/top_level.txt
[8.353s] reading manifest file '../../build/ui/ui.egg-info/SOURCES.txt'
[8.354s] adding license file 'LICENSE'
[8.358s] writing manifest file '../../build/ui/ui.egg-info/SOURCES.txt'
[8.358s] running build
[8.359s] running build_py
[8.360s] running install
[8.362s] running install_lib
[8.369s] running install_data
[8.370s] running install_egg_info
[8.378s] removing '/home/beachlbl/porter/ros2-ws-2024/install/ui/lib/python3.10/site-packages/ui-0.0.0-py3.10.egg-info' (and everything under it)
[8.380s] Copying ../../build/ui/ui.egg-info to /home/beachlbl/porter/ros2-ws-2024/install/ui/lib/python3.10/site-packages/ui-0.0.0-py3.10.egg-info
[8.388s] running install_scripts
[8.498s] Installing ui_health script to /home/beachlbl/porter/ros2-ws-2024/install/ui/lib/ui
[8.501s] writing list of installed files to '/home/beachlbl/porter/ros2-ws-2024/build/ui/install.log'
[8.699s] Invoked command in '/home/beachlbl/porter/ros2-ws-2024/src/ui' returned '0': PYTHONPATH=/home/beachlbl/porter/ros2-ws-2024/build/ui/prefix_override:/home/beachlbl/porter/ros2-ws-2024/install/ui/lib/python3.10/site-packages:${PYTHONPATH} /usr/bin/python3 -W ignore:setup.py install is deprecated setup.py egg_info --egg-base ../../build/ui build --build-base /home/beachlbl/porter/ros2-ws-2024/build/ui/build install --record /home/beachlbl/porter/ros2-ws-2024/build/ui/install.log --single-version-externally-managed install_data
