[1.117s] Invoking command in '/root/ros2-ws-2024/src/canbus_interface': PYTHONPATH=/root/ros2-ws-2024/build/canbus_interface/prefix_override:/root/ros2-ws-2024/install/canbus_interface/lib/python3.10/site-packages:${PYTHONPATH} /usr/bin/python3 -W ignore:setup.py install is deprecated setup.py egg_info --egg-base ../../build/canbus_interface build --build-base /root/ros2-ws-2024/build/canbus_interface/build install --record /root/ros2-ws-2024/build/canbus_interface/install.log --single-version-externally-managed install_data
[1.366s] running egg_info
[1.367s] writing ../../build/canbus_interface/canbus_interface.egg-info/PKG-INFO
[1.367s] writing dependency_links to ../../build/canbus_interface/canbus_interface.egg-info/dependency_links.txt
[1.368s] writing entry points to ../../build/canbus_interface/canbus_interface.egg-info/entry_points.txt
[1.368s] writing requirements to ../../build/canbus_interface/canbus_interface.egg-info/requires.txt
[1.368s] writing top-level names to ../../build/canbus_interface/canbus_interface.egg-info/top_level.txt
[1.370s] reading manifest file '../../build/canbus_interface/canbus_interface.egg-info/SOURCES.txt'
[1.370s] adding license file 'LICENSE'
[1.372s] writing manifest file '../../build/canbus_interface/canbus_interface.egg-info/SOURCES.txt'
[1.372s] running build
[1.372s] running build_py
[1.373s] copying canbus_interface/can_pub.py -> /root/ros2-ws-2024/build/canbus_interface/build/lib/canbus_interface
[1.373s] running install
[1.373s] running install_lib
[1.373s] copying /root/ros2-ws-2024/build/canbus_interface/build/lib/canbus_interface/can_pub.py -> /root/ros2-ws-2024/install/canbus_interface/lib/python3.10/site-packages/canbus_interface
[1.374s] byte-compiling /root/ros2-ws-2024/install/canbus_interface/lib/python3.10/site-packages/canbus_interface/can_pub.py to can_pub.cpython-310.pyc
[1.375s] running install_data
[1.377s] running install_egg_info
[1.378s] removing '/root/ros2-ws-2024/install/canbus_interface/lib/python3.10/site-packages/canbus_interface-0.0.0-py3.10.egg-info' (and everything under it)
[1.378s] Copying ../../build/canbus_interface/canbus_interface.egg-info to /root/ros2-ws-2024/install/canbus_interface/lib/python3.10/site-packages/canbus_interface-0.0.0-py3.10.egg-info
[1.378s] running install_scripts
[1.414s] Installing can_pub script to /root/ros2-ws-2024/install/canbus_interface/lib/canbus_interface
[1.415s] writing list of installed files to '/root/ros2-ws-2024/build/canbus_interface/install.log'
[1.447s] Invoked command in '/root/ros2-ws-2024/src/canbus_interface' returned '0': PYTHONPATH=/root/ros2-ws-2024/build/canbus_interface/prefix_override:/root/ros2-ws-2024/install/canbus_interface/lib/python3.10/site-packages:${PYTHONPATH} /usr/bin/python3 -W ignore:setup.py install is deprecated setup.py egg_info --egg-base ../../build/canbus_interface build --build-base /root/ros2-ws-2024/build/canbus_interface/build install --record /root/ros2-ws-2024/build/canbus_interface/install.log --single-version-externally-managed install_data
