[3.092s] Invoking command in '/home/beachlbl/porter/ros2-ws-2024/src/drive_cb': PYTHONPATH=/home/beachlbl/porter/ros2-ws-2024/build/drive_cb/prefix_override:/home/beachlbl/porter/ros2-ws-2024/install/drive_cb/lib/python3.10/site-packages:${PYTHONPATH} /usr/bin/python3 -W ignore:setup.py install is deprecated setup.py egg_info --egg-base ../../build/drive_cb build --build-base /home/beachlbl/porter/ros2-ws-2024/build/drive_cb/build install --record /home/beachlbl/porter/ros2-ws-2024/build/drive_cb/install.log --single-version-externally-managed install_data
[4.216s] running egg_info
[4.219s] writing ../../build/drive_cb/drive_cb.egg-info/PKG-INFO
[4.220s] writing dependency_links to ../../build/drive_cb/drive_cb.egg-info/dependency_links.txt
[4.221s] writing entry points to ../../build/drive_cb/drive_cb.egg-info/entry_points.txt
[4.222s] writing requirements to ../../build/drive_cb/drive_cb.egg-info/requires.txt
[4.223s] writing top-level names to ../../build/drive_cb/drive_cb.egg-info/top_level.txt
[4.230s] reading manifest file '../../build/drive_cb/drive_cb.egg-info/SOURCES.txt'
[4.232s] adding license file 'LICENSE'
[4.234s] writing manifest file '../../build/drive_cb/drive_cb.egg-info/SOURCES.txt'
[4.235s] running build
[4.235s] running build_py
[4.236s] copying drive_cb/drivetrain_cb_sub.py -> /home/beachlbl/porter/ros2-ws-2024/build/drive_cb/build/lib/drive_cb
[4.237s] running install
[4.239s] running install_lib
[4.242s] copying /home/beachlbl/porter/ros2-ws-2024/build/drive_cb/build/lib/drive_cb/drivetrain_cb_sub.py -> /home/beachlbl/porter/ros2-ws-2024/install/drive_cb/lib/python3.10/site-packages/drive_cb
[4.245s] byte-compiling /home/beachlbl/porter/ros2-ws-2024/install/drive_cb/lib/python3.10/site-packages/drive_cb/drivetrain_cb_sub.py to drivetrain_cb_sub.cpython-310.pyc
[4.249s] running install_data
[4.250s] running install_egg_info
[4.256s] removing '/home/beachlbl/porter/ros2-ws-2024/install/drive_cb/lib/python3.10/site-packages/drive_cb-0.0.0-py3.10.egg-info' (and everything under it)
[4.257s] Copying ../../build/drive_cb/drive_cb.egg-info to /home/beachlbl/porter/ros2-ws-2024/install/drive_cb/lib/python3.10/site-packages/drive_cb-0.0.0-py3.10.egg-info
[4.263s] running install_scripts
[4.344s] Installing drivetrain_cb script to /home/beachlbl/porter/ros2-ws-2024/install/drive_cb/lib/drive_cb
[4.347s] writing list of installed files to '/home/beachlbl/porter/ros2-ws-2024/build/drive_cb/install.log'
[4.466s] Invoked command in '/home/beachlbl/porter/ros2-ws-2024/src/drive_cb' returned '0': PYTHONPATH=/home/beachlbl/porter/ros2-ws-2024/build/drive_cb/prefix_override:/home/beachlbl/porter/ros2-ws-2024/install/drive_cb/lib/python3.10/site-packages:${PYTHONPATH} /usr/bin/python3 -W ignore:setup.py install is deprecated setup.py egg_info --egg-base ../../build/drive_cb build --build-base /home/beachlbl/porter/ros2-ws-2024/build/drive_cb/build install --record /home/beachlbl/porter/ros2-ws-2024/build/drive_cb/install.log --single-version-externally-managed install_data
