[8.145s] Invoking command in '/home/beachlbl/porter/ros2-ws-2024/src/py_pubsub': PYTHONPATH=/home/beachlbl/porter/ros2-ws-2024/build/py_pubsub/prefix_override:/home/beachlbl/porter/ros2-ws-2024/install/py_pubsub/lib/python3.10/site-packages:${PYTHONPATH} /usr/bin/python3 -W ignore:setup.py install is deprecated setup.py egg_info --egg-base ../../build/py_pubsub build --build-base /home/beachlbl/porter/ros2-ws-2024/build/py_pubsub/build install --record /home/beachlbl/porter/ros2-ws-2024/build/py_pubsub/install.log --single-version-externally-managed install_data
[9.729s] running egg_info
[9.732s] writing ../../build/py_pubsub/py_pubsub.egg-info/PKG-INFO
[9.734s] writing dependency_links to ../../build/py_pubsub/py_pubsub.egg-info/dependency_links.txt
[9.735s] writing entry points to ../../build/py_pubsub/py_pubsub.egg-info/entry_points.txt
[9.736s] writing requirements to ../../build/py_pubsub/py_pubsub.egg-info/requires.txt
[9.737s] writing top-level names to ../../build/py_pubsub/py_pubsub.egg-info/top_level.txt
[9.746s] reading manifest file '../../build/py_pubsub/py_pubsub.egg-info/SOURCES.txt'
[9.748s] adding license file 'LICENSE'
[9.751s] writing manifest file '../../build/py_pubsub/py_pubsub.egg-info/SOURCES.txt'
[9.752s] running build
[9.753s] running build_py
[9.756s] running install
[9.757s] running install_lib
[9.764s] running install_data
[9.765s] running install_egg_info
[9.774s] removing '/home/beachlbl/porter/ros2-ws-2024/install/py_pubsub/lib/python3.10/site-packages/py_pubsub-0.0.0-py3.10.egg-info' (and everything under it)
[9.776s] Copying ../../build/py_pubsub/py_pubsub.egg-info to /home/beachlbl/porter/ros2-ws-2024/install/py_pubsub/lib/python3.10/site-packages/py_pubsub-0.0.0-py3.10.egg-info
[9.784s] running install_scripts
[9.890s] writing list of installed files to '/home/beachlbl/porter/ros2-ws-2024/build/py_pubsub/install.log'
[10.076s] Invoked command in '/home/beachlbl/porter/ros2-ws-2024/src/py_pubsub' returned '0': PYTHONPATH=/home/beachlbl/porter/ros2-ws-2024/build/py_pubsub/prefix_override:/home/beachlbl/porter/ros2-ws-2024/install/py_pubsub/lib/python3.10/site-packages:${PYTHONPATH} /usr/bin/python3 -W ignore:setup.py install is deprecated setup.py egg_info --egg-base ../../build/py_pubsub build --build-base /home/beachlbl/porter/ros2-ws-2024/build/py_pubsub/build install --record /home/beachlbl/porter/ros2-ws-2024/build/py_pubsub/install.log --single-version-externally-managed install_data
