[7.807s] Invoking command in '/home/beachlbl/porter/ros2-ws-2024/src/sensors': PYTHONPATH=/home/beachlbl/porter/ros2-ws-2024/build/sensors/prefix_override:/home/beachlbl/porter/ros2-ws-2024/install/sensors/lib/python3.10/site-packages:${PYTHONPATH} /usr/bin/python3 -W ignore:setup.py install is deprecated setup.py egg_info --egg-base ../../build/sensors build --build-base /home/beachlbl/porter/ros2-ws-2024/build/sensors/build install --record /home/beachlbl/porter/ros2-ws-2024/build/sensors/install.log --single-version-externally-managed install_data
[9.345s] running egg_info
[9.348s] writing ../../build/sensors/sensors.egg-info/PKG-INFO
[9.351s] writing dependency_links to ../../build/sensors/sensors.egg-info/dependency_links.txt
[9.352s] writing entry points to ../../build/sensors/sensors.egg-info/entry_points.txt
[9.353s] writing requirements to ../../build/sensors/sensors.egg-info/requires.txt
[9.354s] writing top-level names to ../../build/sensors/sensors.egg-info/top_level.txt
[9.362s] reading manifest file '../../build/sensors/sensors.egg-info/SOURCES.txt'
[9.364s] adding license file 'LICENSE'
[9.367s] writing manifest file '../../build/sensors/sensors.egg-info/SOURCES.txt'
[9.368s] running build
[9.369s] running build_py
[9.370s] running install
[9.372s] running install_lib
[9.380s] running install_data
[9.382s] running install_egg_info
[9.391s] removing '/home/beachlbl/porter/ros2-ws-2024/install/sensors/lib/python3.10/site-packages/sensors-0.0.0-py3.10.egg-info' (and everything under it)
[9.391s] Copying ../../build/sensors/sensors.egg-info to /home/beachlbl/porter/ros2-ws-2024/install/sensors/lib/python3.10/site-packages/sensors-0.0.0-py3.10.egg-info
[9.401s] running install_scripts
[9.503s] Installing sensors_sub script to /home/beachlbl/porter/ros2-ws-2024/install/sensors/lib/sensors
[9.505s] writing list of installed files to '/home/beachlbl/porter/ros2-ws-2024/build/sensors/install.log'
[9.725s] Invoked command in '/home/beachlbl/porter/ros2-ws-2024/src/sensors' returned '0': PYTHONPATH=/home/beachlbl/porter/ros2-ws-2024/build/sensors/prefix_override:/home/beachlbl/porter/ros2-ws-2024/install/sensors/lib/python3.10/site-packages:${PYTHONPATH} /usr/bin/python3 -W ignore:setup.py install is deprecated setup.py egg_info --egg-base ../../build/sensors build --build-base /home/beachlbl/porter/ros2-ws-2024/build/sensors/build install --record /home/beachlbl/porter/ros2-ws-2024/build/sensors/install.log --single-version-externally-managed install_data
