[0.858s] Invoking command in '/home/porterclev/ros2-ws-2024/src/drive_cb': PYTHONPATH=/home/porterclev/ros2-ws-2024/build/drive_cb/prefix_override:/home/porterclev/ros2-ws-2024/install/drive_cb/lib/python3.10/site-packages:${PYTHONPATH} /usr/bin/python3 -W ignore:setup.py install is deprecated setup.py egg_info --egg-base ../../build/drive_cb build --build-base /home/porterclev/ros2-ws-2024/build/drive_cb/build install --record /home/porterclev/ros2-ws-2024/build/drive_cb/install.log --single-version-externally-managed install_data
[1.110s] running egg_info
[1.112s] writing ../../build/drive_cb/drive_cb.egg-info/PKG-INFO
[1.113s] writing dependency_links to ../../build/drive_cb/drive_cb.egg-info/dependency_links.txt
[1.114s] writing entry points to ../../build/drive_cb/drive_cb.egg-info/entry_points.txt
[1.114s] writing requirements to ../../build/drive_cb/drive_cb.egg-info/requires.txt
[1.115s] writing top-level names to ../../build/drive_cb/drive_cb.egg-info/top_level.txt
[1.117s] reading manifest file '../../build/drive_cb/drive_cb.egg-info/SOURCES.txt'
[1.118s] adding license file 'LICENSE'
[1.119s] writing manifest file '../../build/drive_cb/drive_cb.egg-info/SOURCES.txt'
[1.119s] running build
[1.120s] running build_py
[1.120s] running install
[1.121s] running install_lib
[1.122s] running install_data
[1.123s] running install_egg_info
[1.125s] removing '/home/porterclev/ros2-ws-2024/install/drive_cb/lib/python3.10/site-packages/drive_cb-0.0.0-py3.10.egg-info' (and everything under it)
[1.125s] Copying ../../build/drive_cb/drive_cb.egg-info to /home/porterclev/ros2-ws-2024/install/drive_cb/lib/python3.10/site-packages/drive_cb-0.0.0-py3.10.egg-info
[1.126s] running install_scripts
[1.149s] Installing drivetrain_cb script to /home/porterclev/ros2-ws-2024/install/drive_cb/lib/drive_cb
[1.150s] writing list of installed files to '/home/porterclev/ros2-ws-2024/build/drive_cb/install.log'
[1.190s] Invoked command in '/home/porterclev/ros2-ws-2024/src/drive_cb' returned '0': PYTHONPATH=/home/porterclev/ros2-ws-2024/build/drive_cb/prefix_override:/home/porterclev/ros2-ws-2024/install/drive_cb/lib/python3.10/site-packages:${PYTHONPATH} /usr/bin/python3 -W ignore:setup.py install is deprecated setup.py egg_info --egg-base ../../build/drive_cb build --build-base /home/porterclev/ros2-ws-2024/build/drive_cb/build install --record /home/porterclev/ros2-ws-2024/build/drive_cb/install.log --single-version-externally-managed install_data
