[9.034s] Invoking command in '/home/beachlbl/porter/ros2-ws-2024/src/drive_cb': PYTHONPATH=/home/beachlbl/porter/ros2-ws-2024/build/drive_cb/prefix_override:/home/beachlbl/porter/ros2-ws-2024/install/drive_cb/lib/python3.10/site-packages:${PYTHONPATH} /usr/bin/python3 -W ignore:setup.py install is deprecated setup.py egg_info --egg-base ../../build/drive_cb build --build-base /home/beachlbl/porter/ros2-ws-2024/build/drive_cb/build install --record /home/beachlbl/porter/ros2-ws-2024/build/drive_cb/install.log --single-version-externally-managed install_data
[10.862s] running egg_info
[10.865s] writing ../../build/drive_cb/drive_cb.egg-info/PKG-INFO
[10.899s] writing dependency_links to ../../build/drive_cb/drive_cb.egg-info/dependency_links.txt
[10.905s] writing entry points to ../../build/drive_cb/drive_cb.egg-info/entry_points.txt
[10.907s] writing requirements to ../../build/drive_cb/drive_cb.egg-info/requires.txt
[10.908s] writing top-level names to ../../build/drive_cb/drive_cb.egg-info/top_level.txt
[10.922s] reading manifest file '../../build/drive_cb/drive_cb.egg-info/SOURCES.txt'
[10.923s] adding license file 'LICENSE'
[10.924s] writing manifest file '../../build/drive_cb/drive_cb.egg-info/SOURCES.txt'
[10.925s] running build
[10.926s] running build_py
[10.945s] running install
[10.946s] running install_lib
[10.966s] running install_data
[10.974s] running install_egg_info
[10.983s] removing '/home/beachlbl/porter/ros2-ws-2024/install/drive_cb/lib/python3.10/site-packages/drive_cb-0.0.0-py3.10.egg-info' (and everything under it)
[10.984s] Copying ../../build/drive_cb/drive_cb.egg-info to /home/beachlbl/porter/ros2-ws-2024/install/drive_cb/lib/python3.10/site-packages/drive_cb-0.0.0-py3.10.egg-info
[10.991s] running install_scripts
[11.155s] Installing drivetrain_cb script to /home/beachlbl/porter/ros2-ws-2024/install/drive_cb/lib/drive_cb
[11.162s] writing list of installed files to '/home/beachlbl/porter/ros2-ws-2024/build/drive_cb/install.log'
[11.626s] Invoked command in '/home/beachlbl/porter/ros2-ws-2024/src/drive_cb' returned '0': PYTHONPATH=/home/beachlbl/porter/ros2-ws-2024/build/drive_cb/prefix_override:/home/beachlbl/porter/ros2-ws-2024/install/drive_cb/lib/python3.10/site-packages:${PYTHONPATH} /usr/bin/python3 -W ignore:setup.py install is deprecated setup.py egg_info --egg-base ../../build/drive_cb build --build-base /home/beachlbl/porter/ros2-ws-2024/build/drive_cb/build install --record /home/beachlbl/porter/ros2-ws-2024/build/drive_cb/install.log --single-version-externally-managed install_data
