[0.663s] Invoking command in '/home/porterclev/ros2-ws-2024/src/joy_control': PYTHONPATH=/home/porterclev/ros2-ws-2024/build/joy_control/prefix_override:/home/porterclev/ros2-ws-2024/install/joy_control/lib/python3.10/site-packages:${PYTHONPATH} /usr/bin/python3 -W ignore:setup.py install is deprecated setup.py egg_info --egg-base ../../build/joy_control build --build-base /home/porterclev/ros2-ws-2024/build/joy_control/build install --record /home/porterclev/ros2-ws-2024/build/joy_control/install.log --single-version-externally-managed install_data
[0.910s] running egg_info
[0.911s] writing ../../build/joy_control/joy_control.egg-info/PKG-INFO
[0.916s] writing dependency_links to ../../build/joy_control/joy_control.egg-info/dependency_links.txt
[0.917s] writing entry points to ../../build/joy_control/joy_control.egg-info/entry_points.txt
[0.918s] writing requirements to ../../build/joy_control/joy_control.egg-info/requires.txt
[0.918s] writing top-level names to ../../build/joy_control/joy_control.egg-info/top_level.txt
[0.923s] reading manifest file '../../build/joy_control/joy_control.egg-info/SOURCES.txt'
[0.923s] adding license file 'LICENSE'
[0.925s] writing manifest file '../../build/joy_control/joy_control.egg-info/SOURCES.txt'
[0.925s] running build
[0.925s] running build_py
[0.926s] running install
[0.926s] running install_lib
[0.929s] running install_data
[0.929s] running install_egg_info
[0.932s] removing '/home/porterclev/ros2-ws-2024/install/joy_control/lib/python3.10/site-packages/joy_control-0.0.0-py3.10.egg-info' (and everything under it)
[0.932s] Copying ../../build/joy_control/joy_control.egg-info to /home/porterclev/ros2-ws-2024/install/joy_control/lib/python3.10/site-packages/joy_control-0.0.0-py3.10.egg-info
[0.933s] running install_scripts
[0.955s] Installing control_cb script to /home/porterclev/ros2-ws-2024/install/joy_control/lib/joy_control
[0.958s] Installing control_ex script to /home/porterclev/ros2-ws-2024/install/joy_control/lib/joy_control
[0.959s] writing list of installed files to '/home/porterclev/ros2-ws-2024/build/joy_control/install.log'
[0.992s] Invoked command in '/home/porterclev/ros2-ws-2024/src/joy_control' returned '0': PYTHONPATH=/home/porterclev/ros2-ws-2024/build/joy_control/prefix_override:/home/porterclev/ros2-ws-2024/install/joy_control/lib/python3.10/site-packages:${PYTHONPATH} /usr/bin/python3 -W ignore:setup.py install is deprecated setup.py egg_info --egg-base ../../build/joy_control build --build-base /home/porterclev/ros2-ws-2024/build/joy_control/build install --record /home/porterclev/ros2-ws-2024/build/joy_control/install.log --single-version-externally-managed install_data
