[8.392s] Invoking command in '/home/beachlbl/porter/ros2-ws-2024/src/db_broker': PYTHONPATH=/home/beachlbl/porter/ros2-ws-2024/build/db_broker/prefix_override:/home/beachlbl/porter/ros2-ws-2024/install/db_broker/lib/python3.10/site-packages:${PYTHONPATH} /usr/bin/python3 -W ignore:setup.py install is deprecated setup.py egg_info --egg-base ../../build/db_broker build --build-base /home/beachlbl/porter/ros2-ws-2024/build/db_broker/build install --record /home/beachlbl/porter/ros2-ws-2024/build/db_broker/install.log --single-version-externally-managed install_data
[10.123s] running egg_info
[10.127s] writing ../../build/db_broker/db_broker.egg-info/PKG-INFO
[10.131s] writing dependency_links to ../../build/db_broker/db_broker.egg-info/dependency_links.txt
[10.132s] writing entry points to ../../build/db_broker/db_broker.egg-info/entry_points.txt
[10.133s] writing requirements to ../../build/db_broker/db_broker.egg-info/requires.txt
[10.135s] writing top-level names to ../../build/db_broker/db_broker.egg-info/top_level.txt
[10.147s] reading manifest file '../../build/db_broker/db_broker.egg-info/SOURCES.txt'
[10.150s] adding license file 'LICENSE'
[10.153s] writing manifest file '../../build/db_broker/db_broker.egg-info/SOURCES.txt'
[10.153s] running build
[10.154s] running build_py
[10.167s] running install
[10.168s] running install_lib
[10.179s] running install_data
[10.184s] running install_egg_info
[10.191s] removing '/home/beachlbl/porter/ros2-ws-2024/install/db_broker/lib/python3.10/site-packages/db_broker-0.0.0-py3.10.egg-info' (and everything under it)
[10.195s] Copying ../../build/db_broker/db_broker.egg-info to /home/beachlbl/porter/ros2-ws-2024/install/db_broker/lib/python3.10/site-packages/db_broker-0.0.0-py3.10.egg-info
[10.204s] running install_scripts
[10.325s] Installing db_broker_pub script to /home/beachlbl/porter/ros2-ws-2024/install/db_broker/lib/db_broker
[10.330s] writing list of installed files to '/home/beachlbl/porter/ros2-ws-2024/build/db_broker/install.log'
[10.620s] Invoked command in '/home/beachlbl/porter/ros2-ws-2024/src/db_broker' returned '0': PYTHONPATH=/home/beachlbl/porter/ros2-ws-2024/build/db_broker/prefix_override:/home/beachlbl/porter/ros2-ws-2024/install/db_broker/lib/python3.10/site-packages:${PYTHONPATH} /usr/bin/python3 -W ignore:setup.py install is deprecated setup.py egg_info --egg-base ../../build/db_broker build --build-base /home/beachlbl/porter/ros2-ws-2024/build/db_broker/build install --record /home/beachlbl/porter/ros2-ws-2024/build/db_broker/install.log --single-version-externally-managed install_data
