[3.715s] Invoking command in '/home/beachlbl/porter/ros2-ws-2024/src/drive_cb': PYTHONPATH=/home/beachlbl/porter/ros2-ws-2024/build/drive_cb/prefix_override:/home/beachlbl/porter/ros2-ws-2024/install/drive_cb/lib/python3.10/site-packages:${PYTHONPATH} /usr/bin/python3 -W ignore:setup.py install is deprecated setup.py egg_info --egg-base ../../build/drive_cb build --build-base /home/beachlbl/porter/ros2-ws-2024/build/drive_cb/build install --record /home/beachlbl/porter/ros2-ws-2024/build/drive_cb/install.log --single-version-externally-managed install_data
[5.030s] running egg_info
[5.033s] writing ../../build/drive_cb/drive_cb.egg-info/PKG-INFO
[5.034s] writing dependency_links to ../../build/drive_cb/drive_cb.egg-info/dependency_links.txt
[5.035s] writing entry points to ../../build/drive_cb/drive_cb.egg-info/entry_points.txt
[5.036s] writing requirements to ../../build/drive_cb/drive_cb.egg-info/requires.txt
[5.037s] writing top-level names to ../../build/drive_cb/drive_cb.egg-info/top_level.txt
[5.046s] reading manifest file '../../build/drive_cb/drive_cb.egg-info/SOURCES.txt'
[5.048s] adding license file 'LICENSE'
[5.050s] writing manifest file '../../build/drive_cb/drive_cb.egg-info/SOURCES.txt'
[5.050s] running build
[5.052s] running build_py
[5.053s] copying drive_cb/drivetrain_cb_sub.py -> /home/beachlbl/porter/ros2-ws-2024/build/drive_cb/build/lib/drive_cb
[5.055s] running install
[5.055s] running install_lib
[5.059s] copying /home/beachlbl/porter/ros2-ws-2024/build/drive_cb/build/lib/drive_cb/drivetrain_cb_sub.py -> /home/beachlbl/porter/ros2-ws-2024/install/drive_cb/lib/python3.10/site-packages/drive_cb
[5.062s] byte-compiling /home/beachlbl/porter/ros2-ws-2024/install/drive_cb/lib/python3.10/site-packages/drive_cb/drivetrain_cb_sub.py to drivetrain_cb_sub.cpython-310.pyc
[5.066s] running install_data
[5.067s] running install_egg_info
[5.075s] removing '/home/beachlbl/porter/ros2-ws-2024/install/drive_cb/lib/python3.10/site-packages/drive_cb-0.0.0-py3.10.egg-info' (and everything under it)
[5.076s] Copying ../../build/drive_cb/drive_cb.egg-info to /home/beachlbl/porter/ros2-ws-2024/install/drive_cb/lib/python3.10/site-packages/drive_cb-0.0.0-py3.10.egg-info
[5.082s] running install_scripts
[5.177s] Installing drivetrain_cb script to /home/beachlbl/porter/ros2-ws-2024/install/drive_cb/lib/drive_cb
[5.181s] writing list of installed files to '/home/beachlbl/porter/ros2-ws-2024/build/drive_cb/install.log'
[5.354s] Invoked command in '/home/beachlbl/porter/ros2-ws-2024/src/drive_cb' returned '0': PYTHONPATH=/home/beachlbl/porter/ros2-ws-2024/build/drive_cb/prefix_override:/home/beachlbl/porter/ros2-ws-2024/install/drive_cb/lib/python3.10/site-packages:${PYTHONPATH} /usr/bin/python3 -W ignore:setup.py install is deprecated setup.py egg_info --egg-base ../../build/drive_cb build --build-base /home/beachlbl/porter/ros2-ws-2024/build/drive_cb/build install --record /home/beachlbl/porter/ros2-ws-2024/build/drive_cb/install.log --single-version-externally-managed install_data
