[0.055s] DEBUG:colcon:Command line arguments: ['/usr/bin/colcon', 'build']
[0.055s] DEBUG:colcon:Parsed command line arguments: Namespace(log_base=None, log_level=None, verb_name='build', build_base='build', install_base='install', merge_install=False, symlink_install=False, test_result_base=None, continue_on_error=False, executor='parallel', parallel_workers=4, event_handlers=None, ignore_user_meta=False, metas=['./colcon.meta'], base_paths=['.'], packages_ignore=None, packages_ignore_regex=None, paths=None, packages_up_to=None, packages_up_to_regex=None, packages_above=None, packages_above_and_dependencies=None, packages_above_depth=None, packages_select_by_dep=None, packages_skip_by_dep=None, packages_skip_up_to=None, packages_select_build_failed=False, packages_skip_build_finished=False, packages_select_test_failures=False, packages_skip_test_passed=False, packages_select=None, packages_skip=None, packages_select_regex=None, packages_skip_regex=None, packages_start=None, packages_end=None, allow_overriding=[], cmake_args=None, cmake_target=None, cmake_target_skip_unavailable=False, cmake_clean_cache=False, cmake_clean_first=False, cmake_force_configure=False, ament_cmake_args=None, catkin_cmake_args=None, catkin_skip_building_tests=False, verb_parser=<colcon_defaults.argument_parser.defaults.DefaultArgumentsDecorator object at 0xffff94949750>, verb_extension=<colcon_core.verb.build.BuildVerb object at 0xffff949489d0>, main=<bound method BuildVerb.main of <colcon_core.verb.build.BuildVerb object at 0xffff949489d0>>)
[0.136s] Level 1:colcon.colcon_core.package_discovery:discover_packages(colcon_meta) check parameters
[0.136s] Level 1:colcon.colcon_core.package_discovery:discover_packages(recursive) check parameters
[0.136s] Level 1:colcon.colcon_core.package_discovery:discover_packages(ignore) check parameters
[0.136s] Level 1:colcon.colcon_core.package_discovery:discover_packages(path) check parameters
[0.136s] Level 1:colcon.colcon_core.package_discovery:discover_packages(colcon_meta) discover
[0.136s] Level 1:colcon.colcon_core.package_discovery:discover_packages(recursive) discover
[0.136s] INFO:colcon.colcon_core.package_discovery:Crawling recursively for packages in '/home/leho42/Desktop/ros2-ws-2024'
[0.136s] Level 1:colcon.colcon_core.package_identification:_identify(.) by extensions ['ignore', 'ignore_ament_install']
[0.136s] Level 1:colcon.colcon_core.package_identification:_identify(.) by extension 'ignore'
[0.136s] Level 1:colcon.colcon_core.package_identification:_identify(.) by extension 'ignore_ament_install'
[0.136s] Level 1:colcon.colcon_core.package_identification:_identify(.) by extensions ['colcon_pkg']
[0.136s] Level 1:colcon.colcon_core.package_identification:_identify(.) by extension 'colcon_pkg'
[0.136s] Level 1:colcon.colcon_core.package_identification:_identify(.) by extensions ['colcon_meta']
[0.136s] Level 1:colcon.colcon_core.package_identification:_identify(.) by extension 'colcon_meta'
[0.136s] Level 1:colcon.colcon_core.package_identification:_identify(.) by extensions ['ros']
[0.136s] Level 1:colcon.colcon_core.package_identification:_identify(.) by extension 'ros'
[0.142s] Level 1:colcon.colcon_core.package_identification:_identify(.) by extensions ['cmake', 'python']
[0.142s] Level 1:colcon.colcon_core.package_identification:_identify(.) by extension 'cmake'
[0.142s] Level 1:colcon.colcon_core.package_identification:_identify(.) by extension 'python'
[0.142s] Level 1:colcon.colcon_core.package_identification:_identify(.) by extensions ['python_setup_py']
[0.142s] Level 1:colcon.colcon_core.package_identification:_identify(.) by extension 'python_setup_py'
[0.142s] Level 1:colcon.colcon_core.package_identification:_identify(build) by extensions ['ignore', 'ignore_ament_install']
[0.142s] Level 1:colcon.colcon_core.package_identification:_identify(build) by extension 'ignore'
[0.142s] Level 1:colcon.colcon_core.package_identification:_identify(build) ignored
[0.142s] Level 1:colcon.colcon_core.package_identification:_identify(install) by extensions ['ignore', 'ignore_ament_install']
[0.142s] Level 1:colcon.colcon_core.package_identification:_identify(install) by extension 'ignore'
[0.142s] Level 1:colcon.colcon_core.package_identification:_identify(install) ignored
[0.142s] Level 1:colcon.colcon_core.package_identification:_identify(launch) by extensions ['ignore', 'ignore_ament_install']
[0.142s] Level 1:colcon.colcon_core.package_identification:_identify(launch) by extension 'ignore'
[0.142s] Level 1:colcon.colcon_core.package_identification:_identify(launch) by extension 'ignore_ament_install'
[0.142s] Level 1:colcon.colcon_core.package_identification:_identify(launch) by extensions ['colcon_pkg']
[0.142s] Level 1:colcon.colcon_core.package_identification:_identify(launch) by extension 'colcon_pkg'
[0.142s] Level 1:colcon.colcon_core.package_identification:_identify(launch) by extensions ['colcon_meta']
[0.142s] Level 1:colcon.colcon_core.package_identification:_identify(launch) by extension 'colcon_meta'
[0.142s] Level 1:colcon.colcon_core.package_identification:_identify(launch) by extensions ['ros']
[0.142s] Level 1:colcon.colcon_core.package_identification:_identify(launch) by extension 'ros'
[0.142s] Level 1:colcon.colcon_core.package_identification:_identify(launch) by extensions ['cmake', 'python']
[0.143s] Level 1:colcon.colcon_core.package_identification:_identify(launch) by extension 'cmake'
[0.143s] Level 1:colcon.colcon_core.package_identification:_identify(launch) by extension 'python'
[0.143s] Level 1:colcon.colcon_core.package_identification:_identify(launch) by extensions ['python_setup_py']
[0.143s] Level 1:colcon.colcon_core.package_identification:_identify(launch) by extension 'python_setup_py'
[0.143s] Level 1:colcon.colcon_core.package_identification:_identify(launch/__pycache__) by extensions ['ignore', 'ignore_ament_install']
[0.143s] Level 1:colcon.colcon_core.package_identification:_identify(launch/__pycache__) by extension 'ignore'
[0.143s] Level 1:colcon.colcon_core.package_identification:_identify(launch/__pycache__) by extension 'ignore_ament_install'
[0.143s] Level 1:colcon.colcon_core.package_identification:_identify(launch/__pycache__) by extensions ['colcon_pkg']
[0.143s] Level 1:colcon.colcon_core.package_identification:_identify(launch/__pycache__) by extension 'colcon_pkg'
[0.143s] Level 1:colcon.colcon_core.package_identification:_identify(launch/__pycache__) by extensions ['colcon_meta']
[0.143s] Level 1:colcon.colcon_core.package_identification:_identify(launch/__pycache__) by extension 'colcon_meta'
[0.143s] Level 1:colcon.colcon_core.package_identification:_identify(launch/__pycache__) by extensions ['ros']
[0.143s] Level 1:colcon.colcon_core.package_identification:_identify(launch/__pycache__) by extension 'ros'
[0.143s] Level 1:colcon.colcon_core.package_identification:_identify(launch/__pycache__) by extensions ['cmake', 'python']
[0.143s] Level 1:colcon.colcon_core.package_identification:_identify(launch/__pycache__) by extension 'cmake'
[0.143s] Level 1:colcon.colcon_core.package_identification:_identify(launch/__pycache__) by extension 'python'
[0.143s] Level 1:colcon.colcon_core.package_identification:_identify(launch/__pycache__) by extensions ['python_setup_py']
[0.143s] Level 1:colcon.colcon_core.package_identification:_identify(launch/__pycache__) by extension 'python_setup_py'
[0.143s] Level 1:colcon.colcon_core.package_identification:_identify(log) by extensions ['ignore', 'ignore_ament_install']
[0.144s] Level 1:colcon.colcon_core.package_identification:_identify(log) by extension 'ignore'
[0.144s] Level 1:colcon.colcon_core.package_identification:_identify(log) ignored
[0.144s] Level 1:colcon.colcon_core.package_identification:_identify(scripts) by extensions ['ignore', 'ignore_ament_install']
[0.144s] Level 1:colcon.colcon_core.package_identification:_identify(scripts) by extension 'ignore'
[0.144s] Level 1:colcon.colcon_core.package_identification:_identify(scripts) by extension 'ignore_ament_install'
[0.144s] Level 1:colcon.colcon_core.package_identification:_identify(scripts) by extensions ['colcon_pkg']
[0.144s] Level 1:colcon.colcon_core.package_identification:_identify(scripts) by extension 'colcon_pkg'
[0.144s] Level 1:colcon.colcon_core.package_identification:_identify(scripts) by extensions ['colcon_meta']
[0.144s] Level 1:colcon.colcon_core.package_identification:_identify(scripts) by extension 'colcon_meta'
[0.144s] Level 1:colcon.colcon_core.package_identification:_identify(scripts) by extensions ['ros']
[0.144s] Level 1:colcon.colcon_core.package_identification:_identify(scripts) by extension 'ros'
[0.144s] Level 1:colcon.colcon_core.package_identification:_identify(scripts) by extensions ['cmake', 'python']
[0.144s] Level 1:colcon.colcon_core.package_identification:_identify(scripts) by extension 'cmake'
[0.144s] Level 1:colcon.colcon_core.package_identification:_identify(scripts) by extension 'python'
[0.144s] Level 1:colcon.colcon_core.package_identification:_identify(scripts) by extensions ['python_setup_py']
[0.144s] Level 1:colcon.colcon_core.package_identification:_identify(scripts) by extension 'python_setup_py'
[0.144s] Level 1:colcon.colcon_core.package_identification:_identify(scripts/build) by extensions ['ignore', 'ignore_ament_install']
[0.144s] Level 1:colcon.colcon_core.package_identification:_identify(scripts/build) by extension 'ignore'
[0.144s] Level 1:colcon.colcon_core.package_identification:_identify(scripts/build) by extension 'ignore_ament_install'
[0.144s] Level 1:colcon.colcon_core.package_identification:_identify(scripts/build) by extensions ['colcon_pkg']
[0.144s] Level 1:colcon.colcon_core.package_identification:_identify(scripts/build) by extension 'colcon_pkg'
[0.144s] Level 1:colcon.colcon_core.package_identification:_identify(scripts/build) by extensions ['colcon_meta']
[0.144s] Level 1:colcon.colcon_core.package_identification:_identify(scripts/build) by extension 'colcon_meta'
[0.144s] Level 1:colcon.colcon_core.package_identification:_identify(scripts/build) by extensions ['ros']
[0.144s] Level 1:colcon.colcon_core.package_identification:_identify(scripts/build) by extension 'ros'
[0.144s] Level 1:colcon.colcon_core.package_identification:_identify(scripts/build) by extensions ['cmake', 'python']
[0.144s] Level 1:colcon.colcon_core.package_identification:_identify(scripts/build) by extension 'cmake'
[0.144s] Level 1:colcon.colcon_core.package_identification:_identify(scripts/build) by extension 'python'
[0.144s] Level 1:colcon.colcon_core.package_identification:_identify(scripts/build) by extensions ['python_setup_py']
[0.144s] Level 1:colcon.colcon_core.package_identification:_identify(scripts/build) by extension 'python_setup_py'
[0.144s] Level 1:colcon.colcon_core.package_identification:_identify(scripts/install) by extensions ['ignore', 'ignore_ament_install']
[0.144s] Level 1:colcon.colcon_core.package_identification:_identify(scripts/install) by extension 'ignore'
[0.144s] Level 1:colcon.colcon_core.package_identification:_identify(scripts/install) by extension 'ignore_ament_install'
[0.144s] Level 1:colcon.colcon_core.package_identification:_identify(scripts/install) by extensions ['colcon_pkg']
[0.144s] Level 1:colcon.colcon_core.package_identification:_identify(scripts/install) by extension 'colcon_pkg'
[0.144s] Level 1:colcon.colcon_core.package_identification:_identify(scripts/install) by extensions ['colcon_meta']
[0.144s] Level 1:colcon.colcon_core.package_identification:_identify(scripts/install) by extension 'colcon_meta'
[0.144s] Level 1:colcon.colcon_core.package_identification:_identify(scripts/install) by extensions ['ros']
[0.144s] Level 1:colcon.colcon_core.package_identification:_identify(scripts/install) by extension 'ros'
[0.144s] Level 1:colcon.colcon_core.package_identification:_identify(scripts/install) by extensions ['cmake', 'python']
[0.144s] Level 1:colcon.colcon_core.package_identification:_identify(scripts/install) by extension 'cmake'
[0.144s] Level 1:colcon.colcon_core.package_identification:_identify(scripts/install) by extension 'python'
[0.144s] Level 1:colcon.colcon_core.package_identification:_identify(scripts/install) by extensions ['python_setup_py']
[0.144s] Level 1:colcon.colcon_core.package_identification:_identify(scripts/install) by extension 'python_setup_py'
[0.144s] Level 1:colcon.colcon_core.package_identification:_identify(scripts/log) by extensions ['ignore', 'ignore_ament_install']
[0.144s] Level 1:colcon.colcon_core.package_identification:_identify(scripts/log) by extension 'ignore'
[0.144s] Level 1:colcon.colcon_core.package_identification:_identify(scripts/log) ignored
[0.144s] Level 1:colcon.colcon_core.package_identification:_identify(src) by extensions ['ignore', 'ignore_ament_install']
[0.145s] Level 1:colcon.colcon_core.package_identification:_identify(src) by extension 'ignore'
[0.145s] Level 1:colcon.colcon_core.package_identification:_identify(src) by extension 'ignore_ament_install'
[0.145s] Level 1:colcon.colcon_core.package_identification:_identify(src) by extensions ['colcon_pkg']
[0.145s] Level 1:colcon.colcon_core.package_identification:_identify(src) by extension 'colcon_pkg'
[0.145s] Level 1:colcon.colcon_core.package_identification:_identify(src) by extensions ['colcon_meta']
[0.145s] Level 1:colcon.colcon_core.package_identification:_identify(src) by extension 'colcon_meta'
[0.145s] Level 1:colcon.colcon_core.package_identification:_identify(src) by extensions ['ros']
[0.145s] Level 1:colcon.colcon_core.package_identification:_identify(src) by extension 'ros'
[0.145s] Level 1:colcon.colcon_core.package_identification:_identify(src) by extensions ['cmake', 'python']
[0.145s] Level 1:colcon.colcon_core.package_identification:_identify(src) by extension 'cmake'
[0.145s] Level 1:colcon.colcon_core.package_identification:_identify(src) by extension 'python'
[0.145s] Level 1:colcon.colcon_core.package_identification:_identify(src) by extensions ['python_setup_py']
[0.145s] Level 1:colcon.colcon_core.package_identification:_identify(src) by extension 'python_setup_py'
[0.145s] Level 1:colcon.colcon_core.package_identification:_identify(src/camera_test) by extensions ['ignore', 'ignore_ament_install']
[0.145s] Level 1:colcon.colcon_core.package_identification:_identify(src/camera_test) by extension 'ignore'
[0.145s] Level 1:colcon.colcon_core.package_identification:_identify(src/camera_test) by extension 'ignore_ament_install'
[0.145s] Level 1:colcon.colcon_core.package_identification:_identify(src/camera_test) by extensions ['colcon_pkg']
[0.145s] Level 1:colcon.colcon_core.package_identification:_identify(src/camera_test) by extension 'colcon_pkg'
[0.145s] Level 1:colcon.colcon_core.package_identification:_identify(src/camera_test) by extensions ['colcon_meta']
[0.145s] Level 1:colcon.colcon_core.package_identification:_identify(src/camera_test) by extension 'colcon_meta'
[0.145s] Level 1:colcon.colcon_core.package_identification:_identify(src/camera_test) by extensions ['ros']
[0.145s] Level 1:colcon.colcon_core.package_identification:_identify(src/camera_test) by extension 'ros'
[0.146s] DEBUG:colcon.colcon_core.package_identification:Package 'src/camera_test' with type 'ros.ament_python' and name 'camera_test'
[0.146s] Level 1:colcon.colcon_core.package_identification:_identify(src/db_broker) by extensions ['ignore', 'ignore_ament_install']
[0.146s] Level 1:colcon.colcon_core.package_identification:_identify(src/db_broker) by extension 'ignore'
[0.146s] Level 1:colcon.colcon_core.package_identification:_identify(src/db_broker) by extension 'ignore_ament_install'
[0.146s] Level 1:colcon.colcon_core.package_identification:_identify(src/db_broker) by extensions ['colcon_pkg']
[0.146s] Level 1:colcon.colcon_core.package_identification:_identify(src/db_broker) by extension 'colcon_pkg'
[0.146s] Level 1:colcon.colcon_core.package_identification:_identify(src/db_broker) by extensions ['colcon_meta']
[0.146s] Level 1:colcon.colcon_core.package_identification:_identify(src/db_broker) by extension 'colcon_meta'
[0.146s] Level 1:colcon.colcon_core.package_identification:_identify(src/db_broker) by extensions ['ros']
[0.146s] Level 1:colcon.colcon_core.package_identification:_identify(src/db_broker) by extension 'ros'
[0.147s] DEBUG:colcon.colcon_core.package_identification:Package 'src/db_broker' with type 'ros.ament_python' and name 'db_broker'
[0.147s] Level 1:colcon.colcon_core.package_identification:_identify(src/drive_cb) by extensions ['ignore', 'ignore_ament_install']
[0.147s] Level 1:colcon.colcon_core.package_identification:_identify(src/drive_cb) by extension 'ignore'
[0.147s] Level 1:colcon.colcon_core.package_identification:_identify(src/drive_cb) by extension 'ignore_ament_install'
[0.147s] Level 1:colcon.colcon_core.package_identification:_identify(src/drive_cb) by extensions ['colcon_pkg']
[0.147s] Level 1:colcon.colcon_core.package_identification:_identify(src/drive_cb) by extension 'colcon_pkg'
[0.147s] Level 1:colcon.colcon_core.package_identification:_identify(src/drive_cb) by extensions ['colcon_meta']
[0.147s] Level 1:colcon.colcon_core.package_identification:_identify(src/drive_cb) by extension 'colcon_meta'
[0.147s] Level 1:colcon.colcon_core.package_identification:_identify(src/drive_cb) by extensions ['ros']
[0.147s] Level 1:colcon.colcon_core.package_identification:_identify(src/drive_cb) by extension 'ros'
[0.147s] DEBUG:colcon.colcon_core.package_identification:Package 'src/drive_cb' with type 'ros.ament_python' and name 'drive_cb'
[0.147s] Level 1:colcon.colcon_core.package_identification:_identify(src/drive_ex) by extensions ['ignore', 'ignore_ament_install']
[0.147s] Level 1:colcon.colcon_core.package_identification:_identify(src/drive_ex) by extension 'ignore'
[0.147s] Level 1:colcon.colcon_core.package_identification:_identify(src/drive_ex) by extension 'ignore_ament_install'
[0.147s] Level 1:colcon.colcon_core.package_identification:_identify(src/drive_ex) by extensions ['colcon_pkg']
[0.147s] Level 1:colcon.colcon_core.package_identification:_identify(src/drive_ex) by extension 'colcon_pkg'
[0.147s] Level 1:colcon.colcon_core.package_identification:_identify(src/drive_ex) by extensions ['colcon_meta']
[0.147s] Level 1:colcon.colcon_core.package_identification:_identify(src/drive_ex) by extension 'colcon_meta'
[0.147s] Level 1:colcon.colcon_core.package_identification:_identify(src/drive_ex) by extensions ['ros']
[0.147s] Level 1:colcon.colcon_core.package_identification:_identify(src/drive_ex) by extension 'ros'
[0.148s] DEBUG:colcon.colcon_core.package_identification:Package 'src/drive_ex' with type 'ros.ament_python' and name 'drive_ex'
[0.148s] Level 1:colcon.colcon_core.package_identification:_identify(src/joy_control) by extensions ['ignore', 'ignore_ament_install']
[0.148s] Level 1:colcon.colcon_core.package_identification:_identify(src/joy_control) by extension 'ignore'
[0.148s] Level 1:colcon.colcon_core.package_identification:_identify(src/joy_control) by extension 'ignore_ament_install'
[0.148s] Level 1:colcon.colcon_core.package_identification:_identify(src/joy_control) by extensions ['colcon_pkg']
[0.148s] Level 1:colcon.colcon_core.package_identification:_identify(src/joy_control) by extension 'colcon_pkg'
[0.148s] Level 1:colcon.colcon_core.package_identification:_identify(src/joy_control) by extensions ['colcon_meta']
[0.148s] Level 1:colcon.colcon_core.package_identification:_identify(src/joy_control) by extension 'colcon_meta'
[0.148s] Level 1:colcon.colcon_core.package_identification:_identify(src/joy_control) by extensions ['ros']
[0.148s] Level 1:colcon.colcon_core.package_identification:_identify(src/joy_control) by extension 'ros'
[0.148s] DEBUG:colcon.colcon_core.package_identification:Package 'src/joy_control' with type 'ros.ament_python' and name 'joy_control'
[0.148s] Level 1:colcon.colcon_core.package_identification:_identify(src/py_pubsub) by extensions ['ignore', 'ignore_ament_install']
[0.148s] Level 1:colcon.colcon_core.package_identification:_identify(src/py_pubsub) by extension 'ignore'
[0.148s] Level 1:colcon.colcon_core.package_identification:_identify(src/py_pubsub) by extension 'ignore_ament_install'
[0.148s] Level 1:colcon.colcon_core.package_identification:_identify(src/py_pubsub) by extensions ['colcon_pkg']
[0.148s] Level 1:colcon.colcon_core.package_identification:_identify(src/py_pubsub) by extension 'colcon_pkg'
[0.148s] Level 1:colcon.colcon_core.package_identification:_identify(src/py_pubsub) by extensions ['colcon_meta']
[0.148s] Level 1:colcon.colcon_core.package_identification:_identify(src/py_pubsub) by extension 'colcon_meta'
[0.148s] Level 1:colcon.colcon_core.package_identification:_identify(src/py_pubsub) by extensions ['ros']
[0.148s] Level 1:colcon.colcon_core.package_identification:_identify(src/py_pubsub) by extension 'ros'
[0.148s] DEBUG:colcon.colcon_core.package_identification:Package 'src/py_pubsub' with type 'ros.ament_python' and name 'py_pubsub'
[0.149s] Level 1:colcon.colcon_core.package_identification:_identify(src/ui) by extensions ['ignore', 'ignore_ament_install']
[0.149s] Level 1:colcon.colcon_core.package_identification:_identify(src/ui) by extension 'ignore'
[0.149s] Level 1:colcon.colcon_core.package_identification:_identify(src/ui) by extension 'ignore_ament_install'
[0.149s] Level 1:colcon.colcon_core.package_identification:_identify(src/ui) by extensions ['colcon_pkg']
[0.149s] Level 1:colcon.colcon_core.package_identification:_identify(src/ui) by extension 'colcon_pkg'
[0.149s] Level 1:colcon.colcon_core.package_identification:_identify(src/ui) by extensions ['colcon_meta']
[0.149s] Level 1:colcon.colcon_core.package_identification:_identify(src/ui) by extension 'colcon_meta'
[0.149s] Level 1:colcon.colcon_core.package_identification:_identify(src/ui) by extensions ['ros']
[0.149s] Level 1:colcon.colcon_core.package_identification:_identify(src/ui) by extension 'ros'
[0.149s] DEBUG:colcon.colcon_core.package_identification:Package 'src/ui' with type 'ros.ament_python' and name 'ui'
[0.149s] Level 1:colcon.colcon_core.package_discovery:discover_packages(recursive) using defaults
[0.149s] Level 1:colcon.colcon_core.package_discovery:discover_packages(ignore) discover
[0.149s] Level 1:colcon.colcon_core.package_discovery:discover_packages(ignore) using defaults
[0.149s] Level 1:colcon.colcon_core.package_discovery:discover_packages(path) discover
[0.149s] Level 1:colcon.colcon_core.package_discovery:discover_packages(path) using defaults
[0.164s] Level 1:colcon.colcon_core.package_discovery:discover_packages(prefix_path) check parameters
[0.164s] Level 1:colcon.colcon_core.package_discovery:discover_packages(prefix_path) discover
[0.164s] DEBUG:colcon.colcon_installed_package_information.package_discovery:Found 7 installed packages in /home/leho42/Desktop/ros2-ws-2024/install
[0.165s] DEBUG:colcon.colcon_installed_package_information.package_discovery:Found 281 installed packages in /opt/ros/iron
[0.166s] Level 1:colcon.colcon_core.package_discovery:discover_packages(prefix_path) using defaults
[0.187s] Level 5:colcon.colcon_core.verb:set package 'camera_test' build argument 'cmake_args' from command line to 'None'
[0.187s] Level 5:colcon.colcon_core.verb:set package 'camera_test' build argument 'cmake_target' from command line to 'None'
[0.187s] Level 5:colcon.colcon_core.verb:set package 'camera_test' build argument 'cmake_target_skip_unavailable' from command line to 'False'
[0.187s] Level 5:colcon.colcon_core.verb:set package 'camera_test' build argument 'cmake_clean_cache' from command line to 'False'
[0.187s] Level 5:colcon.colcon_core.verb:set package 'camera_test' build argument 'cmake_clean_first' from command line to 'False'
[0.187s] Level 5:colcon.colcon_core.verb:set package 'camera_test' build argument 'cmake_force_configure' from command line to 'False'
[0.187s] Level 5:colcon.colcon_core.verb:set package 'camera_test' build argument 'ament_cmake_args' from command line to 'None'
[0.187s] Level 5:colcon.colcon_core.verb:set package 'camera_test' build argument 'catkin_cmake_args' from command line to 'None'
[0.187s] Level 5:colcon.colcon_core.verb:set package 'camera_test' build argument 'catkin_skip_building_tests' from command line to 'False'
[0.187s] DEBUG:colcon.colcon_core.verb:Building package 'camera_test' with the following arguments: {'ament_cmake_args': None, 'build_base': '/home/leho42/Desktop/ros2-ws-2024/build/camera_test', 'catkin_cmake_args': None, 'catkin_skip_building_tests': False, 'cmake_args': None, 'cmake_clean_cache': False, 'cmake_clean_first': False, 'cmake_force_configure': False, 'cmake_target': None, 'cmake_target_skip_unavailable': False, 'install_base': '/home/leho42/Desktop/ros2-ws-2024/install/camera_test', 'merge_install': False, 'path': '/home/leho42/Desktop/ros2-ws-2024/src/camera_test', 'symlink_install': False, 'test_result_base': None}
[0.188s] Level 5:colcon.colcon_core.verb:set package 'db_broker' build argument 'cmake_args' from command line to 'None'
[0.188s] Level 5:colcon.colcon_core.verb:set package 'db_broker' build argument 'cmake_target' from command line to 'None'
[0.188s] Level 5:colcon.colcon_core.verb:set package 'db_broker' build argument 'cmake_target_skip_unavailable' from command line to 'False'
[0.188s] Level 5:colcon.colcon_core.verb:set package 'db_broker' build argument 'cmake_clean_cache' from command line to 'False'
[0.188s] Level 5:colcon.colcon_core.verb:set package 'db_broker' build argument 'cmake_clean_first' from command line to 'False'
[0.188s] Level 5:colcon.colcon_core.verb:set package 'db_broker' build argument 'cmake_force_configure' from command line to 'False'
[0.188s] Level 5:colcon.colcon_core.verb:set package 'db_broker' build argument 'ament_cmake_args' from command line to 'None'
[0.188s] Level 5:colcon.colcon_core.verb:set package 'db_broker' build argument 'catkin_cmake_args' from command line to 'None'
[0.188s] Level 5:colcon.colcon_core.verb:set package 'db_broker' build argument 'catkin_skip_building_tests' from command line to 'False'
[0.188s] DEBUG:colcon.colcon_core.verb:Building package 'db_broker' with the following arguments: {'ament_cmake_args': None, 'build_base': '/home/leho42/Desktop/ros2-ws-2024/build/db_broker', 'catkin_cmake_args': None, 'catkin_skip_building_tests': False, 'cmake_args': None, 'cmake_clean_cache': False, 'cmake_clean_first': False, 'cmake_force_configure': False, 'cmake_target': None, 'cmake_target_skip_unavailable': False, 'install_base': '/home/leho42/Desktop/ros2-ws-2024/install/db_broker', 'merge_install': False, 'path': '/home/leho42/Desktop/ros2-ws-2024/src/db_broker', 'symlink_install': False, 'test_result_base': None}
[0.188s] Level 5:colcon.colcon_core.verb:set package 'drive_cb' build argument 'cmake_args' from command line to 'None'
[0.188s] Level 5:colcon.colcon_core.verb:set package 'drive_cb' build argument 'cmake_target' from command line to 'None'
[0.188s] Level 5:colcon.colcon_core.verb:set package 'drive_cb' build argument 'cmake_target_skip_unavailable' from command line to 'False'
[0.188s] Level 5:colcon.colcon_core.verb:set package 'drive_cb' build argument 'cmake_clean_cache' from command line to 'False'
[0.188s] Level 5:colcon.colcon_core.verb:set package 'drive_cb' build argument 'cmake_clean_first' from command line to 'False'
[0.188s] Level 5:colcon.colcon_core.verb:set package 'drive_cb' build argument 'cmake_force_configure' from command line to 'False'
[0.188s] Level 5:colcon.colcon_core.verb:set package 'drive_cb' build argument 'ament_cmake_args' from command line to 'None'
[0.188s] Level 5:colcon.colcon_core.verb:set package 'drive_cb' build argument 'catkin_cmake_args' from command line to 'None'
[0.188s] Level 5:colcon.colcon_core.verb:set package 'drive_cb' build argument 'catkin_skip_building_tests' from command line to 'False'
[0.188s] DEBUG:colcon.colcon_core.verb:Building package 'drive_cb' with the following arguments: {'ament_cmake_args': None, 'build_base': '/home/leho42/Desktop/ros2-ws-2024/build/drive_cb', 'catkin_cmake_args': None, 'catkin_skip_building_tests': False, 'cmake_args': None, 'cmake_clean_cache': False, 'cmake_clean_first': False, 'cmake_force_configure': False, 'cmake_target': None, 'cmake_target_skip_unavailable': False, 'install_base': '/home/leho42/Desktop/ros2-ws-2024/install/drive_cb', 'merge_install': False, 'path': '/home/leho42/Desktop/ros2-ws-2024/src/drive_cb', 'symlink_install': False, 'test_result_base': None}
[0.188s] Level 5:colcon.colcon_core.verb:set package 'drive_ex' build argument 'cmake_args' from command line to 'None'
[0.188s] Level 5:colcon.colcon_core.verb:set package 'drive_ex' build argument 'cmake_target' from command line to 'None'
[0.188s] Level 5:colcon.colcon_core.verb:set package 'drive_ex' build argument 'cmake_target_skip_unavailable' from command line to 'False'
[0.188s] Level 5:colcon.colcon_core.verb:set package 'drive_ex' build argument 'cmake_clean_cache' from command line to 'False'
[0.188s] Level 5:colcon.colcon_core.verb:set package 'drive_ex' build argument 'cmake_clean_first' from command line to 'False'
[0.188s] Level 5:colcon.colcon_core.verb:set package 'drive_ex' build argument 'cmake_force_configure' from command line to 'False'
[0.188s] Level 5:colcon.colcon_core.verb:set package 'drive_ex' build argument 'ament_cmake_args' from command line to 'None'
[0.188s] Level 5:colcon.colcon_core.verb:set package 'drive_ex' build argument 'catkin_cmake_args' from command line to 'None'
[0.188s] Level 5:colcon.colcon_core.verb:set package 'drive_ex' build argument 'catkin_skip_building_tests' from command line to 'False'
[0.188s] DEBUG:colcon.colcon_core.verb:Building package 'drive_ex' with the following arguments: {'ament_cmake_args': None, 'build_base': '/home/leho42/Desktop/ros2-ws-2024/build/drive_ex', 'catkin_cmake_args': None, 'catkin_skip_building_tests': False, 'cmake_args': None, 'cmake_clean_cache': False, 'cmake_clean_first': False, 'cmake_force_configure': False, 'cmake_target': None, 'cmake_target_skip_unavailable': False, 'install_base': '/home/leho42/Desktop/ros2-ws-2024/install/drive_ex', 'merge_install': False, 'path': '/home/leho42/Desktop/ros2-ws-2024/src/drive_ex', 'symlink_install': False, 'test_result_base': None}
[0.188s] Level 5:colcon.colcon_core.verb:set package 'joy_control' build argument 'cmake_args' from command line to 'None'
[0.188s] Level 5:colcon.colcon_core.verb:set package 'joy_control' build argument 'cmake_target' from command line to 'None'
[0.188s] Level 5:colcon.colcon_core.verb:set package 'joy_control' build argument 'cmake_target_skip_unavailable' from command line to 'False'
[0.188s] Level 5:colcon.colcon_core.verb:set package 'joy_control' build argument 'cmake_clean_cache' from command line to 'False'
[0.188s] Level 5:colcon.colcon_core.verb:set package 'joy_control' build argument 'cmake_clean_first' from command line to 'False'
[0.188s] Level 5:colcon.colcon_core.verb:set package 'joy_control' build argument 'cmake_force_configure' from command line to 'False'
[0.188s] Level 5:colcon.colcon_core.verb:set package 'joy_control' build argument 'ament_cmake_args' from command line to 'None'
[0.188s] Level 5:colcon.colcon_core.verb:set package 'joy_control' build argument 'catkin_cmake_args' from command line to 'None'
[0.188s] Level 5:colcon.colcon_core.verb:set package 'joy_control' build argument 'catkin_skip_building_tests' from command line to 'False'
[0.188s] DEBUG:colcon.colcon_core.verb:Building package 'joy_control' with the following arguments: {'ament_cmake_args': None, 'build_base': '/home/leho42/Desktop/ros2-ws-2024/build/joy_control', 'catkin_cmake_args': None, 'catkin_skip_building_tests': False, 'cmake_args': None, 'cmake_clean_cache': False, 'cmake_clean_first': False, 'cmake_force_configure': False, 'cmake_target': None, 'cmake_target_skip_unavailable': False, 'install_base': '/home/leho42/Desktop/ros2-ws-2024/install/joy_control', 'merge_install': False, 'path': '/home/leho42/Desktop/ros2-ws-2024/src/joy_control', 'symlink_install': False, 'test_result_base': None}
[0.189s] Level 5:colcon.colcon_core.verb:set package 'py_pubsub' build argument 'cmake_args' from command line to 'None'
[0.189s] Level 5:colcon.colcon_core.verb:set package 'py_pubsub' build argument 'cmake_target' from command line to 'None'
[0.189s] Level 5:colcon.colcon_core.verb:set package 'py_pubsub' build argument 'cmake_target_skip_unavailable' from command line to 'False'
[0.189s] Level 5:colcon.colcon_core.verb:set package 'py_pubsub' build argument 'cmake_clean_cache' from command line to 'False'
[0.189s] Level 5:colcon.colcon_core.verb:set package 'py_pubsub' build argument 'cmake_clean_first' from command line to 'False'
[0.189s] Level 5:colcon.colcon_core.verb:set package 'py_pubsub' build argument 'cmake_force_configure' from command line to 'False'
[0.189s] Level 5:colcon.colcon_core.verb:set package 'py_pubsub' build argument 'ament_cmake_args' from command line to 'None'
[0.189s] Level 5:colcon.colcon_core.verb:set package 'py_pubsub' build argument 'catkin_cmake_args' from command line to 'None'
[0.189s] Level 5:colcon.colcon_core.verb:set package 'py_pubsub' build argument 'catkin_skip_building_tests' from command line to 'False'
[0.189s] DEBUG:colcon.colcon_core.verb:Building package 'py_pubsub' with the following arguments: {'ament_cmake_args': None, 'build_base': '/home/leho42/Desktop/ros2-ws-2024/build/py_pubsub', 'catkin_cmake_args': None, 'catkin_skip_building_tests': False, 'cmake_args': None, 'cmake_clean_cache': False, 'cmake_clean_first': False, 'cmake_force_configure': False, 'cmake_target': None, 'cmake_target_skip_unavailable': False, 'install_base': '/home/leho42/Desktop/ros2-ws-2024/install/py_pubsub', 'merge_install': False, 'path': '/home/leho42/Desktop/ros2-ws-2024/src/py_pubsub', 'symlink_install': False, 'test_result_base': None}
[0.189s] Level 5:colcon.colcon_core.verb:set package 'ui' build argument 'cmake_args' from command line to 'None'
[0.189s] Level 5:colcon.colcon_core.verb:set package 'ui' build argument 'cmake_target' from command line to 'None'
[0.189s] Level 5:colcon.colcon_core.verb:set package 'ui' build argument 'cmake_target_skip_unavailable' from command line to 'False'
[0.189s] Level 5:colcon.colcon_core.verb:set package 'ui' build argument 'cmake_clean_cache' from command line to 'False'
[0.189s] Level 5:colcon.colcon_core.verb:set package 'ui' build argument 'cmake_clean_first' from command line to 'False'
[0.189s] Level 5:colcon.colcon_core.verb:set package 'ui' build argument 'cmake_force_configure' from command line to 'False'
[0.189s] Level 5:colcon.colcon_core.verb:set package 'ui' build argument 'ament_cmake_args' from command line to 'None'
[0.189s] Level 5:colcon.colcon_core.verb:set package 'ui' build argument 'catkin_cmake_args' from command line to 'None'
[0.189s] Level 5:colcon.colcon_core.verb:set package 'ui' build argument 'catkin_skip_building_tests' from command line to 'False'
[0.189s] DEBUG:colcon.colcon_core.verb:Building package 'ui' with the following arguments: {'ament_cmake_args': None, 'build_base': '/home/leho42/Desktop/ros2-ws-2024/build/ui', 'catkin_cmake_args': None, 'catkin_skip_building_tests': False, 'cmake_args': None, 'cmake_clean_cache': False, 'cmake_clean_first': False, 'cmake_force_configure': False, 'cmake_target': None, 'cmake_target_skip_unavailable': False, 'install_base': '/home/leho42/Desktop/ros2-ws-2024/install/ui', 'merge_install': False, 'path': '/home/leho42/Desktop/ros2-ws-2024/src/ui', 'symlink_install': False, 'test_result_base': None}
[0.189s] INFO:colcon.colcon_core.executor:Executing jobs using 'parallel' executor
[0.190s] DEBUG:colcon.colcon_parallel_executor.executor.parallel:run_until_complete
[0.190s] INFO:colcon.colcon_ros.task.ament_python.build:Building ROS package in '/home/leho42/Desktop/ros2-ws-2024/src/camera_test' with build type 'ament_python'
[0.190s] Level 1:colcon.colcon_core.shell:create_environment_hook('camera_test', 'ament_prefix_path')
[0.191s] INFO:colcon.colcon_core.plugin_system:Skipping extension 'colcon_core.shell.bat': Not used on non-Windows systems
[0.191s] INFO:colcon.colcon_core.shell:Creating environment hook '/home/leho42/Desktop/ros2-ws-2024/install/camera_test/share/camera_test/hook/ament_prefix_path.ps1'
[0.192s] INFO:colcon.colcon_core.shell:Creating environment descriptor '/home/leho42/Desktop/ros2-ws-2024/install/camera_test/share/camera_test/hook/ament_prefix_path.dsv'
[0.192s] INFO:colcon.colcon_core.shell:Creating environment hook '/home/leho42/Desktop/ros2-ws-2024/install/camera_test/share/camera_test/hook/ament_prefix_path.sh'
[0.192s] INFO:colcon.colcon_core.shell:Skip shell extension 'powershell' for command environment: Not usable outside of PowerShell
[0.192s] DEBUG:colcon.colcon_core.shell:Skip shell extension 'dsv' for command environment
[0.194s] INFO:colcon.colcon_ros.task.ament_python.build:Building ROS package in '/home/leho42/Desktop/ros2-ws-2024/src/db_broker' with build type 'ament_python'
[0.194s] Level 1:colcon.colcon_core.shell:create_environment_hook('db_broker', 'ament_prefix_path')
[0.194s] INFO:colcon.colcon_core.shell:Creating environment hook '/home/leho42/Desktop/ros2-ws-2024/install/db_broker/share/db_broker/hook/ament_prefix_path.ps1'
[0.195s] INFO:colcon.colcon_core.shell:Creating environment descriptor '/home/leho42/Desktop/ros2-ws-2024/install/db_broker/share/db_broker/hook/ament_prefix_path.dsv'
[0.195s] INFO:colcon.colcon_core.shell:Creating environment hook '/home/leho42/Desktop/ros2-ws-2024/install/db_broker/share/db_broker/hook/ament_prefix_path.sh'
[0.195s] INFO:colcon.colcon_core.shell:Skip shell extension 'powershell' for command environment: Not usable outside of PowerShell
[0.195s] DEBUG:colcon.colcon_core.shell:Skip shell extension 'dsv' for command environment
[0.197s] INFO:colcon.colcon_ros.task.ament_python.build:Building ROS package in '/home/leho42/Desktop/ros2-ws-2024/src/drive_cb' with build type 'ament_python'
[0.197s] Level 1:colcon.colcon_core.shell:create_environment_hook('drive_cb', 'ament_prefix_path')
[0.197s] INFO:colcon.colcon_core.shell:Creating environment hook '/home/leho42/Desktop/ros2-ws-2024/install/drive_cb/share/drive_cb/hook/ament_prefix_path.ps1'
[0.197s] INFO:colcon.colcon_core.shell:Creating environment descriptor '/home/leho42/Desktop/ros2-ws-2024/install/drive_cb/share/drive_cb/hook/ament_prefix_path.dsv'
[0.197s] INFO:colcon.colcon_core.shell:Creating environment hook '/home/leho42/Desktop/ros2-ws-2024/install/drive_cb/share/drive_cb/hook/ament_prefix_path.sh'
[0.198s] INFO:colcon.colcon_core.shell:Skip shell extension 'powershell' for command environment: Not usable outside of PowerShell
[0.198s] DEBUG:colcon.colcon_core.shell:Skip shell extension 'dsv' for command environment
[0.199s] INFO:colcon.colcon_ros.task.ament_python.build:Building ROS package in '/home/leho42/Desktop/ros2-ws-2024/src/drive_ex' with build type 'ament_python'
[0.199s] Level 1:colcon.colcon_core.shell:create_environment_hook('drive_ex', 'ament_prefix_path')
[0.200s] INFO:colcon.colcon_core.shell:Creating environment hook '/home/leho42/Desktop/ros2-ws-2024/install/drive_ex/share/drive_ex/hook/ament_prefix_path.ps1'
[0.200s] INFO:colcon.colcon_core.shell:Creating environment descriptor '/home/leho42/Desktop/ros2-ws-2024/install/drive_ex/share/drive_ex/hook/ament_prefix_path.dsv'
[0.200s] INFO:colcon.colcon_core.shell:Creating environment hook '/home/leho42/Desktop/ros2-ws-2024/install/drive_ex/share/drive_ex/hook/ament_prefix_path.sh'
[0.200s] INFO:colcon.colcon_core.shell:Skip shell extension 'powershell' for command environment: Not usable outside of PowerShell
[0.200s] DEBUG:colcon.colcon_core.shell:Skip shell extension 'dsv' for command environment
[0.326s] INFO:colcon.colcon_core.task.python.build:Building Python package in '/home/leho42/Desktop/ros2-ws-2024/src/camera_test'
[0.326s] INFO:colcon.colcon_core.shell:Skip shell extension 'powershell' for command environment: Not usable outside of PowerShell
[0.326s] DEBUG:colcon.colcon_core.shell:Skip shell extension 'dsv' for command environment
[0.440s] INFO:colcon.colcon_core.task.python.build:Building Python package in '/home/leho42/Desktop/ros2-ws-2024/src/db_broker'
[0.440s] INFO:colcon.colcon_core.shell:Skip shell extension 'powershell' for command environment: Not usable outside of PowerShell
[0.440s] DEBUG:colcon.colcon_core.shell:Skip shell extension 'dsv' for command environment
[0.558s] INFO:colcon.colcon_core.task.python.build:Building Python package in '/home/leho42/Desktop/ros2-ws-2024/src/drive_cb'
[0.559s] INFO:colcon.colcon_core.shell:Skip shell extension 'powershell' for command environment: Not usable outside of PowerShell
[0.559s] DEBUG:colcon.colcon_core.shell:Skip shell extension 'dsv' for command environment
[0.692s] INFO:colcon.colcon_core.task.python.build:Building Python package in '/home/leho42/Desktop/ros2-ws-2024/src/drive_ex'
[0.692s] INFO:colcon.colcon_core.shell:Skip shell extension 'powershell' for command environment: Not usable outside of PowerShell
[0.692s] DEBUG:colcon.colcon_core.shell:Skip shell extension 'dsv' for command environment
[0.921s] DEBUG:colcon.colcon_core.event_handler.log_command:Invoking command in '/home/leho42/Desktop/ros2-ws-2024/src/drive_ex': PYTHONPATH=/home/leho42/Desktop/ros2-ws-2024/build/drive_ex/prefix_override:/home/leho42/Desktop/ros2-ws-2024/install/drive_ex/lib/python3.10/site-packages:${PYTHONPATH} /usr/bin/python3 -W ignore:setup.py install is deprecated setup.py egg_info --egg-base ../../build/drive_ex build --build-base /home/leho42/Desktop/ros2-ws-2024/build/drive_ex/build install --record /home/leho42/Desktop/ros2-ws-2024/build/drive_ex/install.log --single-version-externally-managed install_data
[0.936s] DEBUG:colcon.colcon_core.event_handler.log_command:Invoking command in '/home/leho42/Desktop/ros2-ws-2024/src/camera_test': PYTHONPATH=/home/leho42/Desktop/ros2-ws-2024/build/camera_test/prefix_override:/home/leho42/Desktop/ros2-ws-2024/install/camera_test/lib/python3.10/site-packages:${PYTHONPATH} /usr/bin/python3 -W ignore:setup.py install is deprecated setup.py egg_info --egg-base ../../build/camera_test build --build-base /home/leho42/Desktop/ros2-ws-2024/build/camera_test/build install --record /home/leho42/Desktop/ros2-ws-2024/build/camera_test/install.log --single-version-externally-managed install_data
[0.995s] DEBUG:colcon.colcon_core.event_handler.log_command:Invoking command in '/home/leho42/Desktop/ros2-ws-2024/src/drive_cb': PYTHONPATH=/home/leho42/Desktop/ros2-ws-2024/build/drive_cb/prefix_override:/home/leho42/Desktop/ros2-ws-2024/install/drive_cb/lib/python3.10/site-packages:${PYTHONPATH} /usr/bin/python3 -W ignore:setup.py install is deprecated setup.py egg_info --egg-base ../../build/drive_cb build --build-base /home/leho42/Desktop/ros2-ws-2024/build/drive_cb/build install --record /home/leho42/Desktop/ros2-ws-2024/build/drive_cb/install.log --single-version-externally-managed install_data
[1.066s] DEBUG:colcon.colcon_core.event_handler.log_command:Invoking command in '/home/leho42/Desktop/ros2-ws-2024/src/db_broker': PYTHONPATH=/home/leho42/Desktop/ros2-ws-2024/build/db_broker/prefix_override:/home/leho42/Desktop/ros2-ws-2024/install/db_broker/lib/python3.10/site-packages:${PYTHONPATH} /usr/bin/python3 -W ignore:setup.py install is deprecated setup.py egg_info --egg-base ../../build/db_broker build --build-base /home/leho42/Desktop/ros2-ws-2024/build/db_broker/build install --record /home/leho42/Desktop/ros2-ws-2024/build/db_broker/install.log --single-version-externally-managed install_data
[1.310s] Level 1:colcon.colcon_core.environment:checking '/home/leho42/Desktop/ros2-ws-2024/install/camera_test' for CMake module files
[1.311s] Level 1:colcon.colcon_core.environment:checking '/home/leho42/Desktop/ros2-ws-2024/install/camera_test' for CMake config files
[1.311s] Level 1:colcon.colcon_core.shell:create_environment_hook('camera_test', 'cmake_prefix_path')
[1.311s] INFO:colcon.colcon_core.shell:Creating environment hook '/home/leho42/Desktop/ros2-ws-2024/install/camera_test/share/camera_test/hook/cmake_prefix_path.ps1'
[1.312s] INFO:colcon.colcon_core.shell:Creating environment descriptor '/home/leho42/Desktop/ros2-ws-2024/install/camera_test/share/camera_test/hook/cmake_prefix_path.dsv'
[1.312s] INFO:colcon.colcon_core.shell:Creating environment hook '/home/leho42/Desktop/ros2-ws-2024/install/camera_test/share/camera_test/hook/cmake_prefix_path.sh'
[1.316s] DEBUG:colcon.colcon_core.event_handler.log_command:Invoked command in '/home/leho42/Desktop/ros2-ws-2024/src/camera_test' returned '0': PYTHONPATH=/home/leho42/Desktop/ros2-ws-2024/build/camera_test/prefix_override:/home/leho42/Desktop/ros2-ws-2024/install/camera_test/lib/python3.10/site-packages:${PYTHONPATH} /usr/bin/python3 -W ignore:setup.py install is deprecated setup.py egg_info --egg-base ../../build/camera_test build --build-base /home/leho42/Desktop/ros2-ws-2024/build/camera_test/build install --record /home/leho42/Desktop/ros2-ws-2024/build/camera_test/install.log --single-version-externally-managed install_data
[1.316s] Level 1:colcon.colcon_core.environment:checking '/home/leho42/Desktop/ros2-ws-2024/install/camera_test/lib'
[1.316s] Level 1:colcon.colcon_core.environment:checking '/home/leho42/Desktop/ros2-ws-2024/install/camera_test/bin'
[1.316s] Level 1:colcon.colcon_core.environment:checking '/home/leho42/Desktop/ros2-ws-2024/install/camera_test/lib/pkgconfig/camera_test.pc'
[1.317s] Level 1:colcon.colcon_core.environment:checking '/home/leho42/Desktop/ros2-ws-2024/install/camera_test/lib/python3.10/site-packages'
[1.317s] Level 1:colcon.colcon_core.shell:create_environment_hook('camera_test', 'pythonpath')
[1.317s] INFO:colcon.colcon_core.shell:Creating environment hook '/home/leho42/Desktop/ros2-ws-2024/install/camera_test/share/camera_test/hook/pythonpath.ps1'
[1.317s] INFO:colcon.colcon_core.shell:Creating environment descriptor '/home/leho42/Desktop/ros2-ws-2024/install/camera_test/share/camera_test/hook/pythonpath.dsv'
[1.318s] INFO:colcon.colcon_core.shell:Creating environment hook '/home/leho42/Desktop/ros2-ws-2024/install/camera_test/share/camera_test/hook/pythonpath.sh'
[1.322s] Level 1:colcon.colcon_core.environment:checking '/home/leho42/Desktop/ros2-ws-2024/install/camera_test/bin'
[1.326s] Level 1:colcon.colcon_core.environment:create_environment_scripts_only(camera_test)
[1.326s] INFO:colcon.colcon_core.shell:Creating package script '/home/leho42/Desktop/ros2-ws-2024/install/camera_test/share/camera_test/package.ps1'
[1.341s] INFO:colcon.colcon_core.shell:Creating package descriptor '/home/leho42/Desktop/ros2-ws-2024/install/camera_test/share/camera_test/package.dsv'
[1.342s] INFO:colcon.colcon_core.shell:Creating package script '/home/leho42/Desktop/ros2-ws-2024/install/camera_test/share/camera_test/package.sh'
[1.343s] INFO:colcon.colcon_core.shell:Creating package script '/home/leho42/Desktop/ros2-ws-2024/install/camera_test/share/camera_test/package.bash'
[1.344s] INFO:colcon.colcon_core.shell:Creating package script '/home/leho42/Desktop/ros2-ws-2024/install/camera_test/share/camera_test/package.zsh'
[1.345s] Level 1:colcon.colcon_core.environment:create_file_with_runtime_dependencies(/home/leho42/Desktop/ros2-ws-2024/install/camera_test/share/colcon-core/packages/camera_test)
[1.350s] INFO:colcon.colcon_ros.task.ament_python.build:Building ROS package in '/home/leho42/Desktop/ros2-ws-2024/src/joy_control' with build type 'ament_python'
[1.352s] Level 1:colcon.colcon_core.shell:create_environment_hook('joy_control', 'ament_prefix_path')
[1.352s] INFO:colcon.colcon_core.shell:Creating environment hook '/home/leho42/Desktop/ros2-ws-2024/install/joy_control/share/joy_control/hook/ament_prefix_path.ps1'
[1.353s] INFO:colcon.colcon_core.shell:Creating environment descriptor '/home/leho42/Desktop/ros2-ws-2024/install/joy_control/share/joy_control/hook/ament_prefix_path.dsv'
[1.353s] INFO:colcon.colcon_core.shell:Creating environment hook '/home/leho42/Desktop/ros2-ws-2024/install/joy_control/share/joy_control/hook/ament_prefix_path.sh'
[1.354s] INFO:colcon.colcon_core.shell:Skip shell extension 'powershell' for command environment: Not usable outside of PowerShell
[1.354s] DEBUG:colcon.colcon_core.shell:Skip shell extension 'dsv' for command environment
[1.357s] Level 1:colcon.colcon_core.environment:checking '/home/leho42/Desktop/ros2-ws-2024/install/drive_ex' for CMake module files
[1.357s] DEBUG:colcon.colcon_core.event_handler.log_command:Invoked command in '/home/leho42/Desktop/ros2-ws-2024/src/drive_ex' returned '0': PYTHONPATH=/home/leho42/Desktop/ros2-ws-2024/build/drive_ex/prefix_override:/home/leho42/Desktop/ros2-ws-2024/install/drive_ex/lib/python3.10/site-packages:${PYTHONPATH} /usr/bin/python3 -W ignore:setup.py install is deprecated setup.py egg_info --egg-base ../../build/drive_ex build --build-base /home/leho42/Desktop/ros2-ws-2024/build/drive_ex/build install --record /home/leho42/Desktop/ros2-ws-2024/build/drive_ex/install.log --single-version-externally-managed install_data
[1.358s] Level 1:colcon.colcon_core.environment:checking '/home/leho42/Desktop/ros2-ws-2024/install/drive_ex' for CMake config files
[1.358s] Level 1:colcon.colcon_core.environment:checking '/home/leho42/Desktop/ros2-ws-2024/install/drive_ex/lib'
[1.358s] Level 1:colcon.colcon_core.environment:checking '/home/leho42/Desktop/ros2-ws-2024/install/drive_ex/bin'
[1.358s] Level 1:colcon.colcon_core.environment:checking '/home/leho42/Desktop/ros2-ws-2024/install/drive_ex/lib/pkgconfig/drive_ex.pc'
[1.358s] Level 1:colcon.colcon_core.environment:checking '/home/leho42/Desktop/ros2-ws-2024/install/drive_ex/lib/python3.10/site-packages'
[1.358s] Level 1:colcon.colcon_core.shell:create_environment_hook('drive_ex', 'pythonpath')
[1.358s] INFO:colcon.colcon_core.shell:Creating environment hook '/home/leho42/Desktop/ros2-ws-2024/install/drive_ex/share/drive_ex/hook/pythonpath.ps1'
[1.359s] INFO:colcon.colcon_core.shell:Creating environment descriptor '/home/leho42/Desktop/ros2-ws-2024/install/drive_ex/share/drive_ex/hook/pythonpath.dsv'
[1.359s] INFO:colcon.colcon_core.shell:Creating environment hook '/home/leho42/Desktop/ros2-ws-2024/install/drive_ex/share/drive_ex/hook/pythonpath.sh'
[1.360s] Level 1:colcon.colcon_core.environment:checking '/home/leho42/Desktop/ros2-ws-2024/install/drive_ex/bin'
[1.360s] Level 1:colcon.colcon_core.environment:create_environment_scripts_only(drive_ex)
[1.360s] INFO:colcon.colcon_core.shell:Creating package script '/home/leho42/Desktop/ros2-ws-2024/install/drive_ex/share/drive_ex/package.ps1'
[1.360s] INFO:colcon.colcon_core.shell:Creating package descriptor '/home/leho42/Desktop/ros2-ws-2024/install/drive_ex/share/drive_ex/package.dsv'
[1.361s] INFO:colcon.colcon_core.shell:Creating package script '/home/leho42/Desktop/ros2-ws-2024/install/drive_ex/share/drive_ex/package.sh'
[1.361s] INFO:colcon.colcon_core.shell:Creating package script '/home/leho42/Desktop/ros2-ws-2024/install/drive_ex/share/drive_ex/package.bash'
[1.361s] INFO:colcon.colcon_core.shell:Creating package script '/home/leho42/Desktop/ros2-ws-2024/install/drive_ex/share/drive_ex/package.zsh'
[1.362s] Level 1:colcon.colcon_core.environment:create_file_with_runtime_dependencies(/home/leho42/Desktop/ros2-ws-2024/install/drive_ex/share/colcon-core/packages/drive_ex)
[1.363s] INFO:colcon.colcon_ros.task.ament_python.build:Building ROS package in '/home/leho42/Desktop/ros2-ws-2024/src/py_pubsub' with build type 'ament_python'
[1.363s] Level 1:colcon.colcon_core.shell:create_environment_hook('py_pubsub', 'ament_prefix_path')
[1.363s] INFO:colcon.colcon_core.shell:Creating environment hook '/home/leho42/Desktop/ros2-ws-2024/install/py_pubsub/share/py_pubsub/hook/ament_prefix_path.ps1'
[1.363s] INFO:colcon.colcon_core.shell:Creating environment descriptor '/home/leho42/Desktop/ros2-ws-2024/install/py_pubsub/share/py_pubsub/hook/ament_prefix_path.dsv'
[1.364s] INFO:colcon.colcon_core.shell:Creating environment hook '/home/leho42/Desktop/ros2-ws-2024/install/py_pubsub/share/py_pubsub/hook/ament_prefix_path.sh'
[1.364s] INFO:colcon.colcon_core.shell:Skip shell extension 'powershell' for command environment: Not usable outside of PowerShell
[1.364s] DEBUG:colcon.colcon_core.shell:Skip shell extension 'dsv' for command environment
[1.367s] Level 1:colcon.colcon_core.environment:checking '/home/leho42/Desktop/ros2-ws-2024/install/drive_cb' for CMake module files
[1.367s] Level 1:colcon.colcon_core.environment:checking '/home/leho42/Desktop/ros2-ws-2024/install/drive_cb' for CMake config files
[1.367s] Level 1:colcon.colcon_core.environment:checking '/home/leho42/Desktop/ros2-ws-2024/install/drive_cb/lib'
[1.368s] Level 1:colcon.colcon_core.environment:checking '/home/leho42/Desktop/ros2-ws-2024/install/drive_cb/bin'
[1.368s] Level 1:colcon.colcon_core.environment:checking '/home/leho42/Desktop/ros2-ws-2024/install/drive_cb/lib/pkgconfig/drive_cb.pc'
[1.369s] Level 1:colcon.colcon_core.environment:checking '/home/leho42/Desktop/ros2-ws-2024/install/drive_cb/lib/python3.10/site-packages'
[1.369s] Level 1:colcon.colcon_core.shell:create_environment_hook('drive_cb', 'pythonpath')
[1.369s] INFO:colcon.colcon_core.shell:Creating environment hook '/home/leho42/Desktop/ros2-ws-2024/install/drive_cb/share/drive_cb/hook/pythonpath.ps1'
[1.369s] INFO:colcon.colcon_core.shell:Creating environment descriptor '/home/leho42/Desktop/ros2-ws-2024/install/drive_cb/share/drive_cb/hook/pythonpath.dsv'
[1.370s] DEBUG:colcon.colcon_core.event_handler.log_command:Invoked command in '/home/leho42/Desktop/ros2-ws-2024/src/drive_cb' returned '0': PYTHONPATH=/home/leho42/Desktop/ros2-ws-2024/build/drive_cb/prefix_override:/home/leho42/Desktop/ros2-ws-2024/install/drive_cb/lib/python3.10/site-packages:${PYTHONPATH} /usr/bin/python3 -W ignore:setup.py install is deprecated setup.py egg_info --egg-base ../../build/drive_cb build --build-base /home/leho42/Desktop/ros2-ws-2024/build/drive_cb/build install --record /home/leho42/Desktop/ros2-ws-2024/build/drive_cb/install.log --single-version-externally-managed install_data
[1.370s] INFO:colcon.colcon_core.shell:Creating environment hook '/home/leho42/Desktop/ros2-ws-2024/install/drive_cb/share/drive_cb/hook/pythonpath.sh'
[1.370s] Level 1:colcon.colcon_core.environment:checking '/home/leho42/Desktop/ros2-ws-2024/install/drive_cb/bin'
[1.370s] Level 1:colcon.colcon_core.environment:create_environment_scripts_only(drive_cb)
[1.370s] INFO:colcon.colcon_core.shell:Creating package script '/home/leho42/Desktop/ros2-ws-2024/install/drive_cb/share/drive_cb/package.ps1'
[1.371s] INFO:colcon.colcon_core.shell:Creating package descriptor '/home/leho42/Desktop/ros2-ws-2024/install/drive_cb/share/drive_cb/package.dsv'
[1.371s] INFO:colcon.colcon_core.shell:Creating package script '/home/leho42/Desktop/ros2-ws-2024/install/drive_cb/share/drive_cb/package.sh'
[1.371s] INFO:colcon.colcon_core.shell:Creating package script '/home/leho42/Desktop/ros2-ws-2024/install/drive_cb/share/drive_cb/package.bash'
[1.371s] INFO:colcon.colcon_core.shell:Creating package script '/home/leho42/Desktop/ros2-ws-2024/install/drive_cb/share/drive_cb/package.zsh'
[1.372s] Level 1:colcon.colcon_core.environment:create_file_with_runtime_dependencies(/home/leho42/Desktop/ros2-ws-2024/install/drive_cb/share/colcon-core/packages/drive_cb)
[1.372s] INFO:colcon.colcon_ros.task.ament_python.build:Building ROS package in '/home/leho42/Desktop/ros2-ws-2024/src/ui' with build type 'ament_python'
[1.372s] Level 1:colcon.colcon_core.shell:create_environment_hook('ui', 'ament_prefix_path')
[1.373s] INFO:colcon.colcon_core.shell:Creating environment hook '/home/leho42/Desktop/ros2-ws-2024/install/ui/share/ui/hook/ament_prefix_path.ps1'
[1.373s] INFO:colcon.colcon_core.shell:Creating environment descriptor '/home/leho42/Desktop/ros2-ws-2024/install/ui/share/ui/hook/ament_prefix_path.dsv'
[1.373s] INFO:colcon.colcon_core.shell:Creating environment hook '/home/leho42/Desktop/ros2-ws-2024/install/ui/share/ui/hook/ament_prefix_path.sh'
[1.374s] INFO:colcon.colcon_core.shell:Skip shell extension 'powershell' for command environment: Not usable outside of PowerShell
[1.374s] DEBUG:colcon.colcon_core.shell:Skip shell extension 'dsv' for command environment
[1.662s] INFO:colcon.colcon_core.task.python.build:Building Python package in '/home/leho42/Desktop/ros2-ws-2024/src/joy_control'
[1.662s] INFO:colcon.colcon_core.shell:Skip shell extension 'powershell' for command environment: Not usable outside of PowerShell
[1.662s] DEBUG:colcon.colcon_core.shell:Skip shell extension 'dsv' for command environment
[1.819s] INFO:colcon.colcon_core.task.python.build:Building Python package in '/home/leho42/Desktop/ros2-ws-2024/src/py_pubsub'
[1.819s] INFO:colcon.colcon_core.shell:Skip shell extension 'powershell' for command environment: Not usable outside of PowerShell
[1.819s] DEBUG:colcon.colcon_core.shell:Skip shell extension 'dsv' for command environment
[1.821s] Level 1:colcon.colcon_core.environment:checking '/home/leho42/Desktop/ros2-ws-2024/install/db_broker' for CMake module files
[1.822s] DEBUG:colcon.colcon_core.event_handler.log_command:Invoked command in '/home/leho42/Desktop/ros2-ws-2024/src/db_broker' returned '0': PYTHONPATH=/home/leho42/Desktop/ros2-ws-2024/build/db_broker/prefix_override:/home/leho42/Desktop/ros2-ws-2024/install/db_broker/lib/python3.10/site-packages:${PYTHONPATH} /usr/bin/python3 -W ignore:setup.py install is deprecated setup.py egg_info --egg-base ../../build/db_broker build --build-base /home/leho42/Desktop/ros2-ws-2024/build/db_broker/build install --record /home/leho42/Desktop/ros2-ws-2024/build/db_broker/install.log --single-version-externally-managed install_data
[1.822s] Level 1:colcon.colcon_core.environment:checking '/home/leho42/Desktop/ros2-ws-2024/install/db_broker' for CMake config files
[1.822s] Level 1:colcon.colcon_core.environment:checking '/home/leho42/Desktop/ros2-ws-2024/install/db_broker/lib'
[1.822s] Level 1:colcon.colcon_core.environment:checking '/home/leho42/Desktop/ros2-ws-2024/install/db_broker/bin'
[1.822s] Level 1:colcon.colcon_core.environment:checking '/home/leho42/Desktop/ros2-ws-2024/install/db_broker/lib/pkgconfig/db_broker.pc'
[1.822s] Level 1:colcon.colcon_core.environment:checking '/home/leho42/Desktop/ros2-ws-2024/install/db_broker/lib/python3.10/site-packages'
[1.822s] Level 1:colcon.colcon_core.shell:create_environment_hook('db_broker', 'pythonpath')
[1.822s] INFO:colcon.colcon_core.shell:Creating environment hook '/home/leho42/Desktop/ros2-ws-2024/install/db_broker/share/db_broker/hook/pythonpath.ps1'
[1.823s] INFO:colcon.colcon_core.shell:Creating environment descriptor '/home/leho42/Desktop/ros2-ws-2024/install/db_broker/share/db_broker/hook/pythonpath.dsv'
[1.823s] INFO:colcon.colcon_core.shell:Creating environment hook '/home/leho42/Desktop/ros2-ws-2024/install/db_broker/share/db_broker/hook/pythonpath.sh'
[1.823s] Level 1:colcon.colcon_core.environment:checking '/home/leho42/Desktop/ros2-ws-2024/install/db_broker/bin'
[1.823s] Level 1:colcon.colcon_core.environment:create_environment_scripts_only(db_broker)
[1.824s] INFO:colcon.colcon_core.shell:Creating package script '/home/leho42/Desktop/ros2-ws-2024/install/db_broker/share/db_broker/package.ps1'
[1.824s] INFO:colcon.colcon_core.shell:Creating package descriptor '/home/leho42/Desktop/ros2-ws-2024/install/db_broker/share/db_broker/package.dsv'
[1.824s] INFO:colcon.colcon_core.shell:Creating package script '/home/leho42/Desktop/ros2-ws-2024/install/db_broker/share/db_broker/package.sh'
[1.824s] INFO:colcon.colcon_core.shell:Creating package script '/home/leho42/Desktop/ros2-ws-2024/install/db_broker/share/db_broker/package.bash'
[1.824s] INFO:colcon.colcon_core.shell:Creating package script '/home/leho42/Desktop/ros2-ws-2024/install/db_broker/share/db_broker/package.zsh'
[1.825s] Level 1:colcon.colcon_core.environment:create_file_with_runtime_dependencies(/home/leho42/Desktop/ros2-ws-2024/install/db_broker/share/colcon-core/packages/db_broker)
[1.957s] INFO:colcon.colcon_core.task.python.build:Building Python package in '/home/leho42/Desktop/ros2-ws-2024/src/ui'
[1.957s] INFO:colcon.colcon_core.shell:Skip shell extension 'powershell' for command environment: Not usable outside of PowerShell
[1.957s] DEBUG:colcon.colcon_core.shell:Skip shell extension 'dsv' for command environment
[2.135s] DEBUG:colcon.colcon_core.event_handler.log_command:Invoking command in '/home/leho42/Desktop/ros2-ws-2024/src/py_pubsub': PYTHONPATH=/home/leho42/Desktop/ros2-ws-2024/build/py_pubsub/prefix_override:/home/leho42/Desktop/ros2-ws-2024/install/py_pubsub/lib/python3.10/site-packages:${PYTHONPATH} /usr/bin/python3 -W ignore:setup.py install is deprecated setup.py egg_info --egg-base ../../build/py_pubsub build --build-base /home/leho42/Desktop/ros2-ws-2024/build/py_pubsub/build install --record /home/leho42/Desktop/ros2-ws-2024/build/py_pubsub/install.log --single-version-externally-managed install_data
[2.137s] DEBUG:colcon.colcon_core.event_handler.log_command:Invoking command in '/home/leho42/Desktop/ros2-ws-2024/src/joy_control': PYTHONPATH=/home/leho42/Desktop/ros2-ws-2024/build/joy_control/prefix_override:/home/leho42/Desktop/ros2-ws-2024/install/joy_control/lib/python3.10/site-packages:${PYTHONPATH} /usr/bin/python3 -W ignore:setup.py install is deprecated setup.py egg_info --egg-base ../../build/joy_control build --build-base /home/leho42/Desktop/ros2-ws-2024/build/joy_control/build install --record /home/leho42/Desktop/ros2-ws-2024/build/joy_control/install.log --single-version-externally-managed install_data
[2.148s] DEBUG:colcon.colcon_core.event_handler.log_command:Invoking command in '/home/leho42/Desktop/ros2-ws-2024/src/ui': PYTHONPATH=/home/leho42/Desktop/ros2-ws-2024/build/ui/prefix_override:/home/leho42/Desktop/ros2-ws-2024/install/ui/lib/python3.10/site-packages:${PYTHONPATH} /usr/bin/python3 -W ignore:setup.py install is deprecated setup.py egg_info --egg-base ../../build/ui build --build-base /home/leho42/Desktop/ros2-ws-2024/build/ui/build install --record /home/leho42/Desktop/ros2-ws-2024/build/ui/install.log --single-version-externally-managed install_data
[2.280s] Level 1:colcon.colcon_core.environment:checking '/home/leho42/Desktop/ros2-ws-2024/install/py_pubsub' for CMake module files
[2.281s] DEBUG:colcon.colcon_core.event_handler.log_command:Invoked command in '/home/leho42/Desktop/ros2-ws-2024/src/py_pubsub' returned '0': PYTHONPATH=/home/leho42/Desktop/ros2-ws-2024/build/py_pubsub/prefix_override:/home/leho42/Desktop/ros2-ws-2024/install/py_pubsub/lib/python3.10/site-packages:${PYTHONPATH} /usr/bin/python3 -W ignore:setup.py install is deprecated setup.py egg_info --egg-base ../../build/py_pubsub build --build-base /home/leho42/Desktop/ros2-ws-2024/build/py_pubsub/build install --record /home/leho42/Desktop/ros2-ws-2024/build/py_pubsub/install.log --single-version-externally-managed install_data
[2.281s] Level 1:colcon.colcon_core.environment:checking '/home/leho42/Desktop/ros2-ws-2024/install/py_pubsub' for CMake config files
[2.281s] Level 1:colcon.colcon_core.environment:checking '/home/leho42/Desktop/ros2-ws-2024/install/py_pubsub/lib'
[2.281s] Level 1:colcon.colcon_core.environment:checking '/home/leho42/Desktop/ros2-ws-2024/install/py_pubsub/bin'
[2.281s] Level 1:colcon.colcon_core.environment:checking '/home/leho42/Desktop/ros2-ws-2024/install/py_pubsub/lib/pkgconfig/py_pubsub.pc'
[2.281s] Level 1:colcon.colcon_core.environment:checking '/home/leho42/Desktop/ros2-ws-2024/install/py_pubsub/lib/python3.10/site-packages'
[2.281s] Level 1:colcon.colcon_core.shell:create_environment_hook('py_pubsub', 'pythonpath')
[2.281s] INFO:colcon.colcon_core.shell:Creating environment hook '/home/leho42/Desktop/ros2-ws-2024/install/py_pubsub/share/py_pubsub/hook/pythonpath.ps1'
[2.282s] INFO:colcon.colcon_core.shell:Creating environment descriptor '/home/leho42/Desktop/ros2-ws-2024/install/py_pubsub/share/py_pubsub/hook/pythonpath.dsv'
[2.282s] INFO:colcon.colcon_core.shell:Creating environment hook '/home/leho42/Desktop/ros2-ws-2024/install/py_pubsub/share/py_pubsub/hook/pythonpath.sh'
[2.282s] Level 1:colcon.colcon_core.environment:checking '/home/leho42/Desktop/ros2-ws-2024/install/py_pubsub/bin'
[2.282s] Level 1:colcon.colcon_core.environment:create_environment_scripts_only(py_pubsub)
[2.282s] INFO:colcon.colcon_core.shell:Creating package script '/home/leho42/Desktop/ros2-ws-2024/install/py_pubsub/share/py_pubsub/package.ps1'
[2.283s] INFO:colcon.colcon_core.shell:Creating package descriptor '/home/leho42/Desktop/ros2-ws-2024/install/py_pubsub/share/py_pubsub/package.dsv'
[2.283s] INFO:colcon.colcon_core.shell:Creating package script '/home/leho42/Desktop/ros2-ws-2024/install/py_pubsub/share/py_pubsub/package.sh'
[2.283s] INFO:colcon.colcon_core.shell:Creating package script '/home/leho42/Desktop/ros2-ws-2024/install/py_pubsub/share/py_pubsub/package.bash'
[2.283s] INFO:colcon.colcon_core.shell:Creating package script '/home/leho42/Desktop/ros2-ws-2024/install/py_pubsub/share/py_pubsub/package.zsh'
[2.284s] Level 1:colcon.colcon_core.environment:create_file_with_runtime_dependencies(/home/leho42/Desktop/ros2-ws-2024/install/py_pubsub/share/colcon-core/packages/py_pubsub)
[2.284s] Level 1:colcon.colcon_core.environment:checking '/home/leho42/Desktop/ros2-ws-2024/install/joy_control' for CMake module files
[2.285s] DEBUG:colcon.colcon_core.event_handler.log_command:Invoked command in '/home/leho42/Desktop/ros2-ws-2024/src/joy_control' returned '0': PYTHONPATH=/home/leho42/Desktop/ros2-ws-2024/build/joy_control/prefix_override:/home/leho42/Desktop/ros2-ws-2024/install/joy_control/lib/python3.10/site-packages:${PYTHONPATH} /usr/bin/python3 -W ignore:setup.py install is deprecated setup.py egg_info --egg-base ../../build/joy_control build --build-base /home/leho42/Desktop/ros2-ws-2024/build/joy_control/build install --record /home/leho42/Desktop/ros2-ws-2024/build/joy_control/install.log --single-version-externally-managed install_data
[2.285s] Level 1:colcon.colcon_core.environment:checking '/home/leho42/Desktop/ros2-ws-2024/install/joy_control' for CMake config files
[2.285s] Level 1:colcon.colcon_core.environment:checking '/home/leho42/Desktop/ros2-ws-2024/install/joy_control/lib'
[2.285s] Level 1:colcon.colcon_core.environment:checking '/home/leho42/Desktop/ros2-ws-2024/install/joy_control/bin'
[2.285s] Level 1:colcon.colcon_core.environment:checking '/home/leho42/Desktop/ros2-ws-2024/install/joy_control/lib/pkgconfig/joy_control.pc'
[2.285s] Level 1:colcon.colcon_core.environment:checking '/home/leho42/Desktop/ros2-ws-2024/install/joy_control/lib/python3.10/site-packages'
[2.285s] Level 1:colcon.colcon_core.shell:create_environment_hook('joy_control', 'pythonpath')
[2.285s] INFO:colcon.colcon_core.shell:Creating environment hook '/home/leho42/Desktop/ros2-ws-2024/install/joy_control/share/joy_control/hook/pythonpath.ps1'
[2.286s] INFO:colcon.colcon_core.shell:Creating environment descriptor '/home/leho42/Desktop/ros2-ws-2024/install/joy_control/share/joy_control/hook/pythonpath.dsv'
[2.286s] INFO:colcon.colcon_core.shell:Creating environment hook '/home/leho42/Desktop/ros2-ws-2024/install/joy_control/share/joy_control/hook/pythonpath.sh'
[2.286s] Level 1:colcon.colcon_core.environment:checking '/home/leho42/Desktop/ros2-ws-2024/install/joy_control/bin'
[2.286s] Level 1:colcon.colcon_core.environment:create_environment_scripts_only(joy_control)
[2.286s] INFO:colcon.colcon_core.shell:Creating package script '/home/leho42/Desktop/ros2-ws-2024/install/joy_control/share/joy_control/package.ps1'
[2.286s] INFO:colcon.colcon_core.shell:Creating package descriptor '/home/leho42/Desktop/ros2-ws-2024/install/joy_control/share/joy_control/package.dsv'
[2.287s] INFO:colcon.colcon_core.shell:Creating package script '/home/leho42/Desktop/ros2-ws-2024/install/joy_control/share/joy_control/package.sh'
[2.287s] INFO:colcon.colcon_core.shell:Creating package script '/home/leho42/Desktop/ros2-ws-2024/install/joy_control/share/joy_control/package.bash'
[2.287s] INFO:colcon.colcon_core.shell:Creating package script '/home/leho42/Desktop/ros2-ws-2024/install/joy_control/share/joy_control/package.zsh'
[2.287s] Level 1:colcon.colcon_core.environment:create_file_with_runtime_dependencies(/home/leho42/Desktop/ros2-ws-2024/install/joy_control/share/colcon-core/packages/joy_control)
[2.290s] Level 1:colcon.colcon_core.environment:checking '/home/leho42/Desktop/ros2-ws-2024/install/ui' for CMake module files
[2.290s] DEBUG:colcon.colcon_core.event_handler.log_command:Invoked command in '/home/leho42/Desktop/ros2-ws-2024/src/ui' returned '0': PYTHONPATH=/home/leho42/Desktop/ros2-ws-2024/build/ui/prefix_override:/home/leho42/Desktop/ros2-ws-2024/install/ui/lib/python3.10/site-packages:${PYTHONPATH} /usr/bin/python3 -W ignore:setup.py install is deprecated setup.py egg_info --egg-base ../../build/ui build --build-base /home/leho42/Desktop/ros2-ws-2024/build/ui/build install --record /home/leho42/Desktop/ros2-ws-2024/build/ui/install.log --single-version-externally-managed install_data
[2.291s] Level 1:colcon.colcon_core.environment:checking '/home/leho42/Desktop/ros2-ws-2024/install/ui' for CMake config files
[2.291s] Level 1:colcon.colcon_core.environment:checking '/home/leho42/Desktop/ros2-ws-2024/install/ui/lib'
[2.291s] Level 1:colcon.colcon_core.environment:checking '/home/leho42/Desktop/ros2-ws-2024/install/ui/bin'
[2.291s] Level 1:colcon.colcon_core.environment:checking '/home/leho42/Desktop/ros2-ws-2024/install/ui/lib/pkgconfig/ui.pc'
[2.291s] Level 1:colcon.colcon_core.environment:checking '/home/leho42/Desktop/ros2-ws-2024/install/ui/lib/python3.10/site-packages'
[2.291s] Level 1:colcon.colcon_core.shell:create_environment_hook('ui', 'pythonpath')
[2.291s] INFO:colcon.colcon_core.shell:Creating environment hook '/home/leho42/Desktop/ros2-ws-2024/install/ui/share/ui/hook/pythonpath.ps1'
[2.292s] INFO:colcon.colcon_core.shell:Creating environment descriptor '/home/leho42/Desktop/ros2-ws-2024/install/ui/share/ui/hook/pythonpath.dsv'
[2.292s] INFO:colcon.colcon_core.shell:Creating environment hook '/home/leho42/Desktop/ros2-ws-2024/install/ui/share/ui/hook/pythonpath.sh'
[2.292s] Level 1:colcon.colcon_core.environment:checking '/home/leho42/Desktop/ros2-ws-2024/install/ui/bin'
[2.292s] Level 1:colcon.colcon_core.environment:create_environment_scripts_only(ui)
[2.292s] INFO:colcon.colcon_core.shell:Creating package script '/home/leho42/Desktop/ros2-ws-2024/install/ui/share/ui/package.ps1'
[2.293s] INFO:colcon.colcon_core.shell:Creating package descriptor '/home/leho42/Desktop/ros2-ws-2024/install/ui/share/ui/package.dsv'
[2.293s] INFO:colcon.colcon_core.shell:Creating package script '/home/leho42/Desktop/ros2-ws-2024/install/ui/share/ui/package.sh'
[2.293s] INFO:colcon.colcon_core.shell:Creating package script '/home/leho42/Desktop/ros2-ws-2024/install/ui/share/ui/package.bash'
[2.293s] INFO:colcon.colcon_core.shell:Creating package script '/home/leho42/Desktop/ros2-ws-2024/install/ui/share/ui/package.zsh'
[2.294s] Level 1:colcon.colcon_core.environment:create_file_with_runtime_dependencies(/home/leho42/Desktop/ros2-ws-2024/install/ui/share/colcon-core/packages/ui)
[2.294s] DEBUG:colcon.colcon_parallel_executor.executor.parallel:closing loop
[2.294s] DEBUG:colcon.colcon_parallel_executor.executor.parallel:loop closed
[2.294s] DEBUG:colcon.colcon_parallel_executor.executor.parallel:run_until_complete finished with '0'
[2.294s] DEBUG:colcon.colcon_core.event_reactor:joining thread
[2.298s] INFO:colcon.colcon_core.plugin_system:Skipping extension 'colcon_notification.desktop_notification.terminal_notifier': Not used on non-Darwin systems
[2.298s] INFO:colcon.colcon_core.plugin_system:Skipping extension 'colcon_notification.desktop_notification.win32': Not used on non-Windows systems
[2.298s] INFO:colcon.colcon_notification.desktop_notification:Sending desktop notification using 'notify2'
[2.313s] DEBUG:colcon.colcon_core.event_reactor:joined thread
[2.314s] INFO:colcon.colcon_core.shell:Creating prefix script '/home/leho42/Desktop/ros2-ws-2024/install/local_setup.ps1'
[2.314s] INFO:colcon.colcon_core.shell:Creating prefix util module '/home/leho42/Desktop/ros2-ws-2024/install/_local_setup_util_ps1.py'
[2.315s] INFO:colcon.colcon_core.shell:Creating prefix chain script '/home/leho42/Desktop/ros2-ws-2024/install/setup.ps1'
[2.316s] INFO:colcon.colcon_core.shell:Creating prefix script '/home/leho42/Desktop/ros2-ws-2024/install/local_setup.sh'
[2.316s] INFO:colcon.colcon_core.shell:Creating prefix util module '/home/leho42/Desktop/ros2-ws-2024/install/_local_setup_util_sh.py'
[2.316s] INFO:colcon.colcon_core.shell:Creating prefix chain script '/home/leho42/Desktop/ros2-ws-2024/install/setup.sh'
[2.317s] INFO:colcon.colcon_core.shell:Creating prefix script '/home/leho42/Desktop/ros2-ws-2024/install/local_setup.bash'
[2.318s] INFO:colcon.colcon_core.shell:Creating prefix chain script '/home/leho42/Desktop/ros2-ws-2024/install/setup.bash'
[2.318s] INFO:colcon.colcon_core.shell:Creating prefix script '/home/leho42/Desktop/ros2-ws-2024/install/local_setup.zsh'
[2.318s] INFO:colcon.colcon_core.shell:Creating prefix chain script '/home/leho42/Desktop/ros2-ws-2024/install/setup.zsh'
