[8.408s] Invoking command in '/home/beachlbl/porter/ros2-ws-2024/src/drive_cb': PYTHONPATH=/home/beachlbl/porter/ros2-ws-2024/build/drive_cb/prefix_override:/home/beachlbl/porter/ros2-ws-2024/install/drive_cb/lib/python3.10/site-packages:${PYTHONPATH} /usr/bin/python3 -W ignore:setup.py install is deprecated setup.py egg_info --egg-base ../../build/drive_cb build --build-base /home/beachlbl/porter/ros2-ws-2024/build/drive_cb/build install --record /home/beachlbl/porter/ros2-ws-2024/build/drive_cb/install.log --single-version-externally-managed install_data
[10.086s] running egg_info
[10.090s] writing ../../build/drive_cb/drive_cb.egg-info/PKG-INFO
[10.093s] writing dependency_links to ../../build/drive_cb/drive_cb.egg-info/dependency_links.txt
[10.095s] writing entry points to ../../build/drive_cb/drive_cb.egg-info/entry_points.txt
[10.096s] writing requirements to ../../build/drive_cb/drive_cb.egg-info/requires.txt
[10.098s] writing top-level names to ../../build/drive_cb/drive_cb.egg-info/top_level.txt
[10.109s] reading manifest file '../../build/drive_cb/drive_cb.egg-info/SOURCES.txt'
[10.115s] adding license file 'LICENSE'
[10.121s] writing manifest file '../../build/drive_cb/drive_cb.egg-info/SOURCES.txt'
[10.122s] running build
[10.122s] running build_py
[10.168s] running install
[10.176s] running install_lib
[10.186s] running install_data
[10.187s] running install_egg_info
[10.200s] removing '/home/beachlbl/porter/ros2-ws-2024/install/drive_cb/lib/python3.10/site-packages/drive_cb-0.0.0-py3.10.egg-info' (and everything under it)
[10.202s] Copying ../../build/drive_cb/drive_cb.egg-info to /home/beachlbl/porter/ros2-ws-2024/install/drive_cb/lib/python3.10/site-packages/drive_cb-0.0.0-py3.10.egg-info
[10.207s] running install_scripts
[10.359s] Installing drivetrain_cb script to /home/beachlbl/porter/ros2-ws-2024/install/drive_cb/lib/drive_cb
[10.381s] writing list of installed files to '/home/beachlbl/porter/ros2-ws-2024/build/drive_cb/install.log'
[10.916s] Invoked command in '/home/beachlbl/porter/ros2-ws-2024/src/drive_cb' returned '0': PYTHONPATH=/home/beachlbl/porter/ros2-ws-2024/build/drive_cb/prefix_override:/home/beachlbl/porter/ros2-ws-2024/install/drive_cb/lib/python3.10/site-packages:${PYTHONPATH} /usr/bin/python3 -W ignore:setup.py install is deprecated setup.py egg_info --egg-base ../../build/drive_cb build --build-base /home/beachlbl/porter/ros2-ws-2024/build/drive_cb/build install --record /home/beachlbl/porter/ros2-ws-2024/build/drive_cb/install.log --single-version-externally-managed install_data
