[4.442s] Invoking command in '/home/beachlbl/ros2-ws-2024/src/joy_control': PYTHONPATH=/home/beachlbl/ros2-ws-2024/build/joy_control/prefix_override:/home/beachlbl/ros2-ws-2024/install/joy_control/lib/python3.10/site-packages:${PYTHONPATH} /usr/bin/python3 -W ignore:setup.py install is deprecated setup.py egg_info --egg-base ../../build/joy_control build --build-base /home/beachlbl/ros2-ws-2024/build/joy_control/build install --record /home/beachlbl/ros2-ws-2024/build/joy_control/install.log --single-version-externally-managed install_data
[5.771s] running egg_info
[5.774s] writing ../../build/joy_control/joy_control.egg-info/PKG-INFO
[5.876s] writing dependency_links to ../../build/joy_control/joy_control.egg-info/dependency_links.txt
[5.878s] writing entry points to ../../build/joy_control/joy_control.egg-info/entry_points.txt
[5.879s] writing requirements to ../../build/joy_control/joy_control.egg-info/requires.txt
[5.880s] writing top-level names to ../../build/joy_control/joy_control.egg-info/top_level.txt
[5.895s] reading manifest file '../../build/joy_control/joy_control.egg-info/SOURCES.txt'
[5.897s] adding license file 'LICENSE'
[5.900s] writing manifest file '../../build/joy_control/joy_control.egg-info/SOURCES.txt'
[5.901s] running build
[5.902s] running build_py
[5.906s] running install
[5.907s] running install_lib
[5.917s] running install_data
[5.918s] running install_egg_info
[5.926s] removing '/home/beachlbl/ros2-ws-2024/install/joy_control/lib/python3.10/site-packages/joy_control-0.0.0-py3.10.egg-info' (and everything under it)
[5.928s] Copying ../../build/joy_control/joy_control.egg-info to /home/beachlbl/ros2-ws-2024/install/joy_control/lib/python3.10/site-packages/joy_control-0.0.0-py3.10.egg-info
[5.935s] running install_scripts
[6.030s] Installing control_cb script to /home/beachlbl/ros2-ws-2024/install/joy_control/lib/joy_control
[6.032s] Installing control_ex script to /home/beachlbl/ros2-ws-2024/install/joy_control/lib/joy_control
[6.034s] writing list of installed files to '/home/beachlbl/ros2-ws-2024/build/joy_control/install.log'
[6.216s] Invoked command in '/home/beachlbl/ros2-ws-2024/src/joy_control' returned '0': PYTHONPATH=/home/beachlbl/ros2-ws-2024/build/joy_control/prefix_override:/home/beachlbl/ros2-ws-2024/install/joy_control/lib/python3.10/site-packages:${PYTHONPATH} /usr/bin/python3 -W ignore:setup.py install is deprecated setup.py egg_info --egg-base ../../build/joy_control build --build-base /home/beachlbl/ros2-ws-2024/build/joy_control/build install --record /home/beachlbl/ros2-ws-2024/build/joy_control/install.log --single-version-externally-managed install_data
