[0.080s] DEBUG:colcon:Command line arguments: ['/usr/bin/colcon', 'build']
[0.080s] DEBUG:colcon:Parsed command line arguments: Namespace(log_base=None, log_level=None, verb_name='build', build_base='build', install_base='install', merge_install=False, symlink_install=False, test_result_base=None, continue_on_error=False, executor='parallel', parallel_workers=4, event_handlers=None, ignore_user_meta=False, metas=['./colcon.meta'], base_paths=['.'], packages_ignore=None, packages_ignore_regex=None, paths=None, packages_up_to=None, packages_up_to_regex=None, packages_above=None, packages_above_and_dependencies=None, packages_above_depth=None, packages_select_by_dep=None, packages_skip_by_dep=None, packages_skip_up_to=None, packages_select_build_failed=False, packages_skip_build_finished=False, packages_select_test_failures=False, packages_skip_test_passed=False, packages_select=None, packages_skip=None, packages_select_regex=None, packages_skip_regex=None, packages_start=None, packages_end=None, allow_overriding=[], cmake_args=None, cmake_target=None, cmake_target_skip_unavailable=False, cmake_clean_cache=False, cmake_clean_first=False, cmake_force_configure=False, ament_cmake_args=None, catkin_cmake_args=None, catkin_skip_building_tests=False, verb_parser=<colcon_defaults.argument_parser.defaults.DefaultArgumentsDecorator object at 0xffffa63d9750>, verb_extension=<colcon_core.verb.build.BuildVerb object at 0xffffa63d89d0>, main=<bound method BuildVerb.main of <colcon_core.verb.build.BuildVerb object at 0xffffa63d89d0>>)
[0.195s] Level 1:colcon.colcon_core.package_discovery:discover_packages(colcon_meta) check parameters
[0.195s] Level 1:colcon.colcon_core.package_discovery:discover_packages(recursive) check parameters
[0.195s] Level 1:colcon.colcon_core.package_discovery:discover_packages(ignore) check parameters
[0.195s] Level 1:colcon.colcon_core.package_discovery:discover_packages(path) check parameters
[0.195s] Level 1:colcon.colcon_core.package_discovery:discover_packages(colcon_meta) discover
[0.195s] Level 1:colcon.colcon_core.package_discovery:discover_packages(recursive) discover
[0.195s] INFO:colcon.colcon_core.package_discovery:Crawling recursively for packages in '/home/leho42/Desktop/ros2-ws-2024'
[0.195s] Level 1:colcon.colcon_core.package_identification:_identify(.) by extensions ['ignore', 'ignore_ament_install']
[0.195s] Level 1:colcon.colcon_core.package_identification:_identify(.) by extension 'ignore'
[0.195s] Level 1:colcon.colcon_core.package_identification:_identify(.) by extension 'ignore_ament_install'
[0.195s] Level 1:colcon.colcon_core.package_identification:_identify(.) by extensions ['colcon_pkg']
[0.195s] Level 1:colcon.colcon_core.package_identification:_identify(.) by extension 'colcon_pkg'
[0.195s] Level 1:colcon.colcon_core.package_identification:_identify(.) by extensions ['colcon_meta']
[0.195s] Level 1:colcon.colcon_core.package_identification:_identify(.) by extension 'colcon_meta'
[0.195s] Level 1:colcon.colcon_core.package_identification:_identify(.) by extensions ['ros']
[0.195s] Level 1:colcon.colcon_core.package_identification:_identify(.) by extension 'ros'
[0.203s] Level 1:colcon.colcon_core.package_identification:_identify(.) by extensions ['cmake', 'python']
[0.204s] Level 1:colcon.colcon_core.package_identification:_identify(.) by extension 'cmake'
[0.204s] Level 1:colcon.colcon_core.package_identification:_identify(.) by extension 'python'
[0.204s] Level 1:colcon.colcon_core.package_identification:_identify(.) by extensions ['python_setup_py']
[0.204s] Level 1:colcon.colcon_core.package_identification:_identify(.) by extension 'python_setup_py'
[0.204s] Level 1:colcon.colcon_core.package_identification:_identify(build) by extensions ['ignore', 'ignore_ament_install']
[0.204s] Level 1:colcon.colcon_core.package_identification:_identify(build) by extension 'ignore'
[0.204s] Level 1:colcon.colcon_core.package_identification:_identify(build) ignored
[0.204s] Level 1:colcon.colcon_core.package_identification:_identify(install) by extensions ['ignore', 'ignore_ament_install']
[0.204s] Level 1:colcon.colcon_core.package_identification:_identify(install) by extension 'ignore'
[0.204s] Level 1:colcon.colcon_core.package_identification:_identify(install) ignored
[0.204s] Level 1:colcon.colcon_core.package_identification:_identify(launch) by extensions ['ignore', 'ignore_ament_install']
[0.204s] Level 1:colcon.colcon_core.package_identification:_identify(launch) by extension 'ignore'
[0.204s] Level 1:colcon.colcon_core.package_identification:_identify(launch) by extension 'ignore_ament_install'
[0.204s] Level 1:colcon.colcon_core.package_identification:_identify(launch) by extensions ['colcon_pkg']
[0.204s] Level 1:colcon.colcon_core.package_identification:_identify(launch) by extension 'colcon_pkg'
[0.204s] Level 1:colcon.colcon_core.package_identification:_identify(launch) by extensions ['colcon_meta']
[0.204s] Level 1:colcon.colcon_core.package_identification:_identify(launch) by extension 'colcon_meta'
[0.204s] Level 1:colcon.colcon_core.package_identification:_identify(launch) by extensions ['ros']
[0.204s] Level 1:colcon.colcon_core.package_identification:_identify(launch) by extension 'ros'
[0.204s] Level 1:colcon.colcon_core.package_identification:_identify(launch) by extensions ['cmake', 'python']
[0.204s] Level 1:colcon.colcon_core.package_identification:_identify(launch) by extension 'cmake'
[0.204s] Level 1:colcon.colcon_core.package_identification:_identify(launch) by extension 'python'
[0.204s] Level 1:colcon.colcon_core.package_identification:_identify(launch) by extensions ['python_setup_py']
[0.204s] Level 1:colcon.colcon_core.package_identification:_identify(launch) by extension 'python_setup_py'
[0.204s] Level 1:colcon.colcon_core.package_identification:_identify(launch/__pycache__) by extensions ['ignore', 'ignore_ament_install']
[0.204s] Level 1:colcon.colcon_core.package_identification:_identify(launch/__pycache__) by extension 'ignore'
[0.204s] Level 1:colcon.colcon_core.package_identification:_identify(launch/__pycache__) by extension 'ignore_ament_install'
[0.205s] Level 1:colcon.colcon_core.package_identification:_identify(launch/__pycache__) by extensions ['colcon_pkg']
[0.205s] Level 1:colcon.colcon_core.package_identification:_identify(launch/__pycache__) by extension 'colcon_pkg'
[0.205s] Level 1:colcon.colcon_core.package_identification:_identify(launch/__pycache__) by extensions ['colcon_meta']
[0.205s] Level 1:colcon.colcon_core.package_identification:_identify(launch/__pycache__) by extension 'colcon_meta'
[0.205s] Level 1:colcon.colcon_core.package_identification:_identify(launch/__pycache__) by extensions ['ros']
[0.205s] Level 1:colcon.colcon_core.package_identification:_identify(launch/__pycache__) by extension 'ros'
[0.205s] Level 1:colcon.colcon_core.package_identification:_identify(launch/__pycache__) by extensions ['cmake', 'python']
[0.205s] Level 1:colcon.colcon_core.package_identification:_identify(launch/__pycache__) by extension 'cmake'
[0.205s] Level 1:colcon.colcon_core.package_identification:_identify(launch/__pycache__) by extension 'python'
[0.205s] Level 1:colcon.colcon_core.package_identification:_identify(launch/__pycache__) by extensions ['python_setup_py']
[0.205s] Level 1:colcon.colcon_core.package_identification:_identify(launch/__pycache__) by extension 'python_setup_py'
[0.206s] Level 1:colcon.colcon_core.package_identification:_identify(log) by extensions ['ignore', 'ignore_ament_install']
[0.206s] Level 1:colcon.colcon_core.package_identification:_identify(log) by extension 'ignore'
[0.206s] Level 1:colcon.colcon_core.package_identification:_identify(log) ignored
[0.206s] Level 1:colcon.colcon_core.package_identification:_identify(scripts) by extensions ['ignore', 'ignore_ament_install']
[0.206s] Level 1:colcon.colcon_core.package_identification:_identify(scripts) by extension 'ignore'
[0.206s] Level 1:colcon.colcon_core.package_identification:_identify(scripts) by extension 'ignore_ament_install'
[0.206s] Level 1:colcon.colcon_core.package_identification:_identify(scripts) by extensions ['colcon_pkg']
[0.206s] Level 1:colcon.colcon_core.package_identification:_identify(scripts) by extension 'colcon_pkg'
[0.206s] Level 1:colcon.colcon_core.package_identification:_identify(scripts) by extensions ['colcon_meta']
[0.206s] Level 1:colcon.colcon_core.package_identification:_identify(scripts) by extension 'colcon_meta'
[0.206s] Level 1:colcon.colcon_core.package_identification:_identify(scripts) by extensions ['ros']
[0.206s] Level 1:colcon.colcon_core.package_identification:_identify(scripts) by extension 'ros'
[0.206s] Level 1:colcon.colcon_core.package_identification:_identify(scripts) by extensions ['cmake', 'python']
[0.206s] Level 1:colcon.colcon_core.package_identification:_identify(scripts) by extension 'cmake'
[0.206s] Level 1:colcon.colcon_core.package_identification:_identify(scripts) by extension 'python'
[0.206s] Level 1:colcon.colcon_core.package_identification:_identify(scripts) by extensions ['python_setup_py']
[0.206s] Level 1:colcon.colcon_core.package_identification:_identify(scripts) by extension 'python_setup_py'
[0.206s] Level 1:colcon.colcon_core.package_identification:_identify(scripts/build) by extensions ['ignore', 'ignore_ament_install']
[0.206s] Level 1:colcon.colcon_core.package_identification:_identify(scripts/build) by extension 'ignore'
[0.206s] Level 1:colcon.colcon_core.package_identification:_identify(scripts/build) by extension 'ignore_ament_install'
[0.206s] Level 1:colcon.colcon_core.package_identification:_identify(scripts/build) by extensions ['colcon_pkg']
[0.206s] Level 1:colcon.colcon_core.package_identification:_identify(scripts/build) by extension 'colcon_pkg'
[0.206s] Level 1:colcon.colcon_core.package_identification:_identify(scripts/build) by extensions ['colcon_meta']
[0.206s] Level 1:colcon.colcon_core.package_identification:_identify(scripts/build) by extension 'colcon_meta'
[0.206s] Level 1:colcon.colcon_core.package_identification:_identify(scripts/build) by extensions ['ros']
[0.206s] Level 1:colcon.colcon_core.package_identification:_identify(scripts/build) by extension 'ros'
[0.206s] Level 1:colcon.colcon_core.package_identification:_identify(scripts/build) by extensions ['cmake', 'python']
[0.206s] Level 1:colcon.colcon_core.package_identification:_identify(scripts/build) by extension 'cmake'
[0.206s] Level 1:colcon.colcon_core.package_identification:_identify(scripts/build) by extension 'python'
[0.206s] Level 1:colcon.colcon_core.package_identification:_identify(scripts/build) by extensions ['python_setup_py']
[0.206s] Level 1:colcon.colcon_core.package_identification:_identify(scripts/build) by extension 'python_setup_py'
[0.206s] Level 1:colcon.colcon_core.package_identification:_identify(scripts/install) by extensions ['ignore', 'ignore_ament_install']
[0.206s] Level 1:colcon.colcon_core.package_identification:_identify(scripts/install) by extension 'ignore'
[0.206s] Level 1:colcon.colcon_core.package_identification:_identify(scripts/install) by extension 'ignore_ament_install'
[0.207s] Level 1:colcon.colcon_core.package_identification:_identify(scripts/install) by extensions ['colcon_pkg']
[0.207s] Level 1:colcon.colcon_core.package_identification:_identify(scripts/install) by extension 'colcon_pkg'
[0.207s] Level 1:colcon.colcon_core.package_identification:_identify(scripts/install) by extensions ['colcon_meta']
[0.207s] Level 1:colcon.colcon_core.package_identification:_identify(scripts/install) by extension 'colcon_meta'
[0.207s] Level 1:colcon.colcon_core.package_identification:_identify(scripts/install) by extensions ['ros']
[0.207s] Level 1:colcon.colcon_core.package_identification:_identify(scripts/install) by extension 'ros'
[0.207s] Level 1:colcon.colcon_core.package_identification:_identify(scripts/install) by extensions ['cmake', 'python']
[0.207s] Level 1:colcon.colcon_core.package_identification:_identify(scripts/install) by extension 'cmake'
[0.207s] Level 1:colcon.colcon_core.package_identification:_identify(scripts/install) by extension 'python'
[0.207s] Level 1:colcon.colcon_core.package_identification:_identify(scripts/install) by extensions ['python_setup_py']
[0.207s] Level 1:colcon.colcon_core.package_identification:_identify(scripts/install) by extension 'python_setup_py'
[0.207s] Level 1:colcon.colcon_core.package_identification:_identify(scripts/log) by extensions ['ignore', 'ignore_ament_install']
[0.207s] Level 1:colcon.colcon_core.package_identification:_identify(scripts/log) by extension 'ignore'
[0.207s] Level 1:colcon.colcon_core.package_identification:_identify(scripts/log) ignored
[0.207s] Level 1:colcon.colcon_core.package_identification:_identify(src) by extensions ['ignore', 'ignore_ament_install']
[0.207s] Level 1:colcon.colcon_core.package_identification:_identify(src) by extension 'ignore'
[0.207s] Level 1:colcon.colcon_core.package_identification:_identify(src) by extension 'ignore_ament_install'
[0.207s] Level 1:colcon.colcon_core.package_identification:_identify(src) by extensions ['colcon_pkg']
[0.207s] Level 1:colcon.colcon_core.package_identification:_identify(src) by extension 'colcon_pkg'
[0.207s] Level 1:colcon.colcon_core.package_identification:_identify(src) by extensions ['colcon_meta']
[0.207s] Level 1:colcon.colcon_core.package_identification:_identify(src) by extension 'colcon_meta'
[0.207s] Level 1:colcon.colcon_core.package_identification:_identify(src) by extensions ['ros']
[0.207s] Level 1:colcon.colcon_core.package_identification:_identify(src) by extension 'ros'
[0.207s] Level 1:colcon.colcon_core.package_identification:_identify(src) by extensions ['cmake', 'python']
[0.207s] Level 1:colcon.colcon_core.package_identification:_identify(src) by extension 'cmake'
[0.207s] Level 1:colcon.colcon_core.package_identification:_identify(src) by extension 'python'
[0.207s] Level 1:colcon.colcon_core.package_identification:_identify(src) by extensions ['python_setup_py']
[0.207s] Level 1:colcon.colcon_core.package_identification:_identify(src) by extension 'python_setup_py'
[0.207s] Level 1:colcon.colcon_core.package_identification:_identify(src/camera_test) by extensions ['ignore', 'ignore_ament_install']
[0.207s] Level 1:colcon.colcon_core.package_identification:_identify(src/camera_test) by extension 'ignore'
[0.207s] Level 1:colcon.colcon_core.package_identification:_identify(src/camera_test) by extension 'ignore_ament_install'
[0.207s] Level 1:colcon.colcon_core.package_identification:_identify(src/camera_test) by extensions ['colcon_pkg']
[0.207s] Level 1:colcon.colcon_core.package_identification:_identify(src/camera_test) by extension 'colcon_pkg'
[0.207s] Level 1:colcon.colcon_core.package_identification:_identify(src/camera_test) by extensions ['colcon_meta']
[0.207s] Level 1:colcon.colcon_core.package_identification:_identify(src/camera_test) by extension 'colcon_meta'
[0.207s] Level 1:colcon.colcon_core.package_identification:_identify(src/camera_test) by extensions ['ros']
[0.207s] Level 1:colcon.colcon_core.package_identification:_identify(src/camera_test) by extension 'ros'
[0.209s] DEBUG:colcon.colcon_core.package_identification:Package 'src/camera_test' with type 'ros.ament_python' and name 'camera_test'
[0.209s] Level 1:colcon.colcon_core.package_identification:_identify(src/db_broker) by extensions ['ignore', 'ignore_ament_install']
[0.209s] Level 1:colcon.colcon_core.package_identification:_identify(src/db_broker) by extension 'ignore'
[0.209s] Level 1:colcon.colcon_core.package_identification:_identify(src/db_broker) by extension 'ignore_ament_install'
[0.209s] Level 1:colcon.colcon_core.package_identification:_identify(src/db_broker) by extensions ['colcon_pkg']
[0.209s] Level 1:colcon.colcon_core.package_identification:_identify(src/db_broker) by extension 'colcon_pkg'
[0.209s] Level 1:colcon.colcon_core.package_identification:_identify(src/db_broker) by extensions ['colcon_meta']
[0.209s] Level 1:colcon.colcon_core.package_identification:_identify(src/db_broker) by extension 'colcon_meta'
[0.209s] Level 1:colcon.colcon_core.package_identification:_identify(src/db_broker) by extensions ['ros']
[0.209s] Level 1:colcon.colcon_core.package_identification:_identify(src/db_broker) by extension 'ros'
[0.209s] DEBUG:colcon.colcon_core.package_identification:Package 'src/db_broker' with type 'ros.ament_python' and name 'db_broker'
[0.209s] Level 1:colcon.colcon_core.package_identification:_identify(src/drive_cb) by extensions ['ignore', 'ignore_ament_install']
[0.209s] Level 1:colcon.colcon_core.package_identification:_identify(src/drive_cb) by extension 'ignore'
[0.209s] Level 1:colcon.colcon_core.package_identification:_identify(src/drive_cb) by extension 'ignore_ament_install'
[0.209s] Level 1:colcon.colcon_core.package_identification:_identify(src/drive_cb) by extensions ['colcon_pkg']
[0.209s] Level 1:colcon.colcon_core.package_identification:_identify(src/drive_cb) by extension 'colcon_pkg'
[0.209s] Level 1:colcon.colcon_core.package_identification:_identify(src/drive_cb) by extensions ['colcon_meta']
[0.209s] Level 1:colcon.colcon_core.package_identification:_identify(src/drive_cb) by extension 'colcon_meta'
[0.209s] Level 1:colcon.colcon_core.package_identification:_identify(src/drive_cb) by extensions ['ros']
[0.209s] Level 1:colcon.colcon_core.package_identification:_identify(src/drive_cb) by extension 'ros'
[0.210s] DEBUG:colcon.colcon_core.package_identification:Package 'src/drive_cb' with type 'ros.ament_python' and name 'drive_cb'
[0.210s] Level 1:colcon.colcon_core.package_identification:_identify(src/drive_ex) by extensions ['ignore', 'ignore_ament_install']
[0.210s] Level 1:colcon.colcon_core.package_identification:_identify(src/drive_ex) by extension 'ignore'
[0.210s] Level 1:colcon.colcon_core.package_identification:_identify(src/drive_ex) by extension 'ignore_ament_install'
[0.210s] Level 1:colcon.colcon_core.package_identification:_identify(src/drive_ex) by extensions ['colcon_pkg']
[0.210s] Level 1:colcon.colcon_core.package_identification:_identify(src/drive_ex) by extension 'colcon_pkg'
[0.210s] Level 1:colcon.colcon_core.package_identification:_identify(src/drive_ex) by extensions ['colcon_meta']
[0.210s] Level 1:colcon.colcon_core.package_identification:_identify(src/drive_ex) by extension 'colcon_meta'
[0.210s] Level 1:colcon.colcon_core.package_identification:_identify(src/drive_ex) by extensions ['ros']
[0.210s] Level 1:colcon.colcon_core.package_identification:_identify(src/drive_ex) by extension 'ros'
[0.210s] DEBUG:colcon.colcon_core.package_identification:Package 'src/drive_ex' with type 'ros.ament_python' and name 'drive_ex'
[0.210s] Level 1:colcon.colcon_core.package_identification:_identify(src/joy_control) by extensions ['ignore', 'ignore_ament_install']
[0.210s] Level 1:colcon.colcon_core.package_identification:_identify(src/joy_control) by extension 'ignore'
[0.210s] Level 1:colcon.colcon_core.package_identification:_identify(src/joy_control) by extension 'ignore_ament_install'
[0.211s] Level 1:colcon.colcon_core.package_identification:_identify(src/joy_control) by extensions ['colcon_pkg']
[0.211s] Level 1:colcon.colcon_core.package_identification:_identify(src/joy_control) by extension 'colcon_pkg'
[0.211s] Level 1:colcon.colcon_core.package_identification:_identify(src/joy_control) by extensions ['colcon_meta']
[0.211s] Level 1:colcon.colcon_core.package_identification:_identify(src/joy_control) by extension 'colcon_meta'
[0.211s] Level 1:colcon.colcon_core.package_identification:_identify(src/joy_control) by extensions ['ros']
[0.211s] Level 1:colcon.colcon_core.package_identification:_identify(src/joy_control) by extension 'ros'
[0.211s] DEBUG:colcon.colcon_core.package_identification:Package 'src/joy_control' with type 'ros.ament_python' and name 'joy_control'
[0.211s] Level 1:colcon.colcon_core.package_identification:_identify(src/py_pubsub) by extensions ['ignore', 'ignore_ament_install']
[0.211s] Level 1:colcon.colcon_core.package_identification:_identify(src/py_pubsub) by extension 'ignore'
[0.211s] Level 1:colcon.colcon_core.package_identification:_identify(src/py_pubsub) by extension 'ignore_ament_install'
[0.211s] Level 1:colcon.colcon_core.package_identification:_identify(src/py_pubsub) by extensions ['colcon_pkg']
[0.211s] Level 1:colcon.colcon_core.package_identification:_identify(src/py_pubsub) by extension 'colcon_pkg'
[0.211s] Level 1:colcon.colcon_core.package_identification:_identify(src/py_pubsub) by extensions ['colcon_meta']
[0.211s] Level 1:colcon.colcon_core.package_identification:_identify(src/py_pubsub) by extension 'colcon_meta'
[0.211s] Level 1:colcon.colcon_core.package_identification:_identify(src/py_pubsub) by extensions ['ros']
[0.211s] Level 1:colcon.colcon_core.package_identification:_identify(src/py_pubsub) by extension 'ros'
[0.211s] DEBUG:colcon.colcon_core.package_identification:Package 'src/py_pubsub' with type 'ros.ament_python' and name 'py_pubsub'
[0.211s] Level 1:colcon.colcon_core.package_identification:_identify(src/ui) by extensions ['ignore', 'ignore_ament_install']
[0.212s] Level 1:colcon.colcon_core.package_identification:_identify(src/ui) by extension 'ignore'
[0.212s] Level 1:colcon.colcon_core.package_identification:_identify(src/ui) by extension 'ignore_ament_install'
[0.212s] Level 1:colcon.colcon_core.package_identification:_identify(src/ui) by extensions ['colcon_pkg']
[0.212s] Level 1:colcon.colcon_core.package_identification:_identify(src/ui) by extension 'colcon_pkg'
[0.212s] Level 1:colcon.colcon_core.package_identification:_identify(src/ui) by extensions ['colcon_meta']
[0.212s] Level 1:colcon.colcon_core.package_identification:_identify(src/ui) by extension 'colcon_meta'
[0.212s] Level 1:colcon.colcon_core.package_identification:_identify(src/ui) by extensions ['ros']
[0.212s] Level 1:colcon.colcon_core.package_identification:_identify(src/ui) by extension 'ros'
[0.212s] DEBUG:colcon.colcon_core.package_identification:Package 'src/ui' with type 'ros.ament_python' and name 'ui'
[0.212s] Level 1:colcon.colcon_core.package_discovery:discover_packages(recursive) using defaults
[0.212s] Level 1:colcon.colcon_core.package_discovery:discover_packages(ignore) discover
[0.212s] Level 1:colcon.colcon_core.package_discovery:discover_packages(ignore) using defaults
[0.212s] Level 1:colcon.colcon_core.package_discovery:discover_packages(path) discover
[0.212s] Level 1:colcon.colcon_core.package_discovery:discover_packages(path) using defaults
[0.231s] Level 1:colcon.colcon_core.package_discovery:discover_packages(prefix_path) check parameters
[0.231s] Level 1:colcon.colcon_core.package_discovery:discover_packages(prefix_path) discover
[0.232s] DEBUG:colcon.colcon_installed_package_information.package_discovery:Found 7 installed packages in /home/leho42/Desktop/ros2-ws-2024/install
[0.233s] DEBUG:colcon.colcon_installed_package_information.package_discovery:Found 281 installed packages in /opt/ros/iron
[0.234s] Level 1:colcon.colcon_core.package_discovery:discover_packages(prefix_path) using defaults
[0.273s] Level 5:colcon.colcon_core.verb:set package 'camera_test' build argument 'cmake_args' from command line to 'None'
[0.273s] Level 5:colcon.colcon_core.verb:set package 'camera_test' build argument 'cmake_target' from command line to 'None'
[0.273s] Level 5:colcon.colcon_core.verb:set package 'camera_test' build argument 'cmake_target_skip_unavailable' from command line to 'False'
[0.273s] Level 5:colcon.colcon_core.verb:set package 'camera_test' build argument 'cmake_clean_cache' from command line to 'False'
[0.273s] Level 5:colcon.colcon_core.verb:set package 'camera_test' build argument 'cmake_clean_first' from command line to 'False'
[0.273s] Level 5:colcon.colcon_core.verb:set package 'camera_test' build argument 'cmake_force_configure' from command line to 'False'
[0.273s] Level 5:colcon.colcon_core.verb:set package 'camera_test' build argument 'ament_cmake_args' from command line to 'None'
[0.273s] Level 5:colcon.colcon_core.verb:set package 'camera_test' build argument 'catkin_cmake_args' from command line to 'None'
[0.273s] Level 5:colcon.colcon_core.verb:set package 'camera_test' build argument 'catkin_skip_building_tests' from command line to 'False'
[0.273s] DEBUG:colcon.colcon_core.verb:Building package 'camera_test' with the following arguments: {'ament_cmake_args': None, 'build_base': '/home/leho42/Desktop/ros2-ws-2024/build/camera_test', 'catkin_cmake_args': None, 'catkin_skip_building_tests': False, 'cmake_args': None, 'cmake_clean_cache': False, 'cmake_clean_first': False, 'cmake_force_configure': False, 'cmake_target': None, 'cmake_target_skip_unavailable': False, 'install_base': '/home/leho42/Desktop/ros2-ws-2024/install/camera_test', 'merge_install': False, 'path': '/home/leho42/Desktop/ros2-ws-2024/src/camera_test', 'symlink_install': False, 'test_result_base': None}
[0.273s] Level 5:colcon.colcon_core.verb:set package 'db_broker' build argument 'cmake_args' from command line to 'None'
[0.273s] Level 5:colcon.colcon_core.verb:set package 'db_broker' build argument 'cmake_target' from command line to 'None'
[0.273s] Level 5:colcon.colcon_core.verb:set package 'db_broker' build argument 'cmake_target_skip_unavailable' from command line to 'False'
[0.273s] Level 5:colcon.colcon_core.verb:set package 'db_broker' build argument 'cmake_clean_cache' from command line to 'False'
[0.273s] Level 5:colcon.colcon_core.verb:set package 'db_broker' build argument 'cmake_clean_first' from command line to 'False'
[0.273s] Level 5:colcon.colcon_core.verb:set package 'db_broker' build argument 'cmake_force_configure' from command line to 'False'
[0.273s] Level 5:colcon.colcon_core.verb:set package 'db_broker' build argument 'ament_cmake_args' from command line to 'None'
[0.273s] Level 5:colcon.colcon_core.verb:set package 'db_broker' build argument 'catkin_cmake_args' from command line to 'None'
[0.273s] Level 5:colcon.colcon_core.verb:set package 'db_broker' build argument 'catkin_skip_building_tests' from command line to 'False'
[0.273s] DEBUG:colcon.colcon_core.verb:Building package 'db_broker' with the following arguments: {'ament_cmake_args': None, 'build_base': '/home/leho42/Desktop/ros2-ws-2024/build/db_broker', 'catkin_cmake_args': None, 'catkin_skip_building_tests': False, 'cmake_args': None, 'cmake_clean_cache': False, 'cmake_clean_first': False, 'cmake_force_configure': False, 'cmake_target': None, 'cmake_target_skip_unavailable': False, 'install_base': '/home/leho42/Desktop/ros2-ws-2024/install/db_broker', 'merge_install': False, 'path': '/home/leho42/Desktop/ros2-ws-2024/src/db_broker', 'symlink_install': False, 'test_result_base': None}
[0.273s] Level 5:colcon.colcon_core.verb:set package 'drive_cb' build argument 'cmake_args' from command line to 'None'
[0.273s] Level 5:colcon.colcon_core.verb:set package 'drive_cb' build argument 'cmake_target' from command line to 'None'
[0.273s] Level 5:colcon.colcon_core.verb:set package 'drive_cb' build argument 'cmake_target_skip_unavailable' from command line to 'False'
[0.273s] Level 5:colcon.colcon_core.verb:set package 'drive_cb' build argument 'cmake_clean_cache' from command line to 'False'
[0.273s] Level 5:colcon.colcon_core.verb:set package 'drive_cb' build argument 'cmake_clean_first' from command line to 'False'
[0.274s] Level 5:colcon.colcon_core.verb:set package 'drive_cb' build argument 'cmake_force_configure' from command line to 'False'
[0.274s] Level 5:colcon.colcon_core.verb:set package 'drive_cb' build argument 'ament_cmake_args' from command line to 'None'
[0.274s] Level 5:colcon.colcon_core.verb:set package 'drive_cb' build argument 'catkin_cmake_args' from command line to 'None'
[0.274s] Level 5:colcon.colcon_core.verb:set package 'drive_cb' build argument 'catkin_skip_building_tests' from command line to 'False'
[0.274s] DEBUG:colcon.colcon_core.verb:Building package 'drive_cb' with the following arguments: {'ament_cmake_args': None, 'build_base': '/home/leho42/Desktop/ros2-ws-2024/build/drive_cb', 'catkin_cmake_args': None, 'catkin_skip_building_tests': False, 'cmake_args': None, 'cmake_clean_cache': False, 'cmake_clean_first': False, 'cmake_force_configure': False, 'cmake_target': None, 'cmake_target_skip_unavailable': False, 'install_base': '/home/leho42/Desktop/ros2-ws-2024/install/drive_cb', 'merge_install': False, 'path': '/home/leho42/Desktop/ros2-ws-2024/src/drive_cb', 'symlink_install': False, 'test_result_base': None}
[0.274s] Level 5:colcon.colcon_core.verb:set package 'drive_ex' build argument 'cmake_args' from command line to 'None'
[0.274s] Level 5:colcon.colcon_core.verb:set package 'drive_ex' build argument 'cmake_target' from command line to 'None'
[0.274s] Level 5:colcon.colcon_core.verb:set package 'drive_ex' build argument 'cmake_target_skip_unavailable' from command line to 'False'
[0.274s] Level 5:colcon.colcon_core.verb:set package 'drive_ex' build argument 'cmake_clean_cache' from command line to 'False'
[0.274s] Level 5:colcon.colcon_core.verb:set package 'drive_ex' build argument 'cmake_clean_first' from command line to 'False'
[0.274s] Level 5:colcon.colcon_core.verb:set package 'drive_ex' build argument 'cmake_force_configure' from command line to 'False'
[0.274s] Level 5:colcon.colcon_core.verb:set package 'drive_ex' build argument 'ament_cmake_args' from command line to 'None'
[0.274s] Level 5:colcon.colcon_core.verb:set package 'drive_ex' build argument 'catkin_cmake_args' from command line to 'None'
[0.274s] Level 5:colcon.colcon_core.verb:set package 'drive_ex' build argument 'catkin_skip_building_tests' from command line to 'False'
[0.274s] DEBUG:colcon.colcon_core.verb:Building package 'drive_ex' with the following arguments: {'ament_cmake_args': None, 'build_base': '/home/leho42/Desktop/ros2-ws-2024/build/drive_ex', 'catkin_cmake_args': None, 'catkin_skip_building_tests': False, 'cmake_args': None, 'cmake_clean_cache': False, 'cmake_clean_first': False, 'cmake_force_configure': False, 'cmake_target': None, 'cmake_target_skip_unavailable': False, 'install_base': '/home/leho42/Desktop/ros2-ws-2024/install/drive_ex', 'merge_install': False, 'path': '/home/leho42/Desktop/ros2-ws-2024/src/drive_ex', 'symlink_install': False, 'test_result_base': None}
[0.274s] Level 5:colcon.colcon_core.verb:set package 'joy_control' build argument 'cmake_args' from command line to 'None'
[0.274s] Level 5:colcon.colcon_core.verb:set package 'joy_control' build argument 'cmake_target' from command line to 'None'
[0.274s] Level 5:colcon.colcon_core.verb:set package 'joy_control' build argument 'cmake_target_skip_unavailable' from command line to 'False'
[0.274s] Level 5:colcon.colcon_core.verb:set package 'joy_control' build argument 'cmake_clean_cache' from command line to 'False'
[0.274s] Level 5:colcon.colcon_core.verb:set package 'joy_control' build argument 'cmake_clean_first' from command line to 'False'
[0.274s] Level 5:colcon.colcon_core.verb:set package 'joy_control' build argument 'cmake_force_configure' from command line to 'False'
[0.274s] Level 5:colcon.colcon_core.verb:set package 'joy_control' build argument 'ament_cmake_args' from command line to 'None'
[0.274s] Level 5:colcon.colcon_core.verb:set package 'joy_control' build argument 'catkin_cmake_args' from command line to 'None'
[0.274s] Level 5:colcon.colcon_core.verb:set package 'joy_control' build argument 'catkin_skip_building_tests' from command line to 'False'
[0.274s] DEBUG:colcon.colcon_core.verb:Building package 'joy_control' with the following arguments: {'ament_cmake_args': None, 'build_base': '/home/leho42/Desktop/ros2-ws-2024/build/joy_control', 'catkin_cmake_args': None, 'catkin_skip_building_tests': False, 'cmake_args': None, 'cmake_clean_cache': False, 'cmake_clean_first': False, 'cmake_force_configure': False, 'cmake_target': None, 'cmake_target_skip_unavailable': False, 'install_base': '/home/leho42/Desktop/ros2-ws-2024/install/joy_control', 'merge_install': False, 'path': '/home/leho42/Desktop/ros2-ws-2024/src/joy_control', 'symlink_install': False, 'test_result_base': None}
[0.274s] Level 5:colcon.colcon_core.verb:set package 'py_pubsub' build argument 'cmake_args' from command line to 'None'
[0.274s] Level 5:colcon.colcon_core.verb:set package 'py_pubsub' build argument 'cmake_target' from command line to 'None'
[0.274s] Level 5:colcon.colcon_core.verb:set package 'py_pubsub' build argument 'cmake_target_skip_unavailable' from command line to 'False'
[0.274s] Level 5:colcon.colcon_core.verb:set package 'py_pubsub' build argument 'cmake_clean_cache' from command line to 'False'
[0.274s] Level 5:colcon.colcon_core.verb:set package 'py_pubsub' build argument 'cmake_clean_first' from command line to 'False'
[0.274s] Level 5:colcon.colcon_core.verb:set package 'py_pubsub' build argument 'cmake_force_configure' from command line to 'False'
[0.275s] Level 5:colcon.colcon_core.verb:set package 'py_pubsub' build argument 'ament_cmake_args' from command line to 'None'
[0.275s] Level 5:colcon.colcon_core.verb:set package 'py_pubsub' build argument 'catkin_cmake_args' from command line to 'None'
[0.275s] Level 5:colcon.colcon_core.verb:set package 'py_pubsub' build argument 'catkin_skip_building_tests' from command line to 'False'
[0.275s] DEBUG:colcon.colcon_core.verb:Building package 'py_pubsub' with the following arguments: {'ament_cmake_args': None, 'build_base': '/home/leho42/Desktop/ros2-ws-2024/build/py_pubsub', 'catkin_cmake_args': None, 'catkin_skip_building_tests': False, 'cmake_args': None, 'cmake_clean_cache': False, 'cmake_clean_first': False, 'cmake_force_configure': False, 'cmake_target': None, 'cmake_target_skip_unavailable': False, 'install_base': '/home/leho42/Desktop/ros2-ws-2024/install/py_pubsub', 'merge_install': False, 'path': '/home/leho42/Desktop/ros2-ws-2024/src/py_pubsub', 'symlink_install': False, 'test_result_base': None}
[0.275s] Level 5:colcon.colcon_core.verb:set package 'ui' build argument 'cmake_args' from command line to 'None'
[0.275s] Level 5:colcon.colcon_core.verb:set package 'ui' build argument 'cmake_target' from command line to 'None'
[0.275s] Level 5:colcon.colcon_core.verb:set package 'ui' build argument 'cmake_target_skip_unavailable' from command line to 'False'
[0.275s] Level 5:colcon.colcon_core.verb:set package 'ui' build argument 'cmake_clean_cache' from command line to 'False'
[0.275s] Level 5:colcon.colcon_core.verb:set package 'ui' build argument 'cmake_clean_first' from command line to 'False'
[0.275s] Level 5:colcon.colcon_core.verb:set package 'ui' build argument 'cmake_force_configure' from command line to 'False'
[0.275s] Level 5:colcon.colcon_core.verb:set package 'ui' build argument 'ament_cmake_args' from command line to 'None'
[0.275s] Level 5:colcon.colcon_core.verb:set package 'ui' build argument 'catkin_cmake_args' from command line to 'None'
[0.275s] Level 5:colcon.colcon_core.verb:set package 'ui' build argument 'catkin_skip_building_tests' from command line to 'False'
[0.275s] DEBUG:colcon.colcon_core.verb:Building package 'ui' with the following arguments: {'ament_cmake_args': None, 'build_base': '/home/leho42/Desktop/ros2-ws-2024/build/ui', 'catkin_cmake_args': None, 'catkin_skip_building_tests': False, 'cmake_args': None, 'cmake_clean_cache': False, 'cmake_clean_first': False, 'cmake_force_configure': False, 'cmake_target': None, 'cmake_target_skip_unavailable': False, 'install_base': '/home/leho42/Desktop/ros2-ws-2024/install/ui', 'merge_install': False, 'path': '/home/leho42/Desktop/ros2-ws-2024/src/ui', 'symlink_install': False, 'test_result_base': None}
[0.275s] INFO:colcon.colcon_core.executor:Executing jobs using 'parallel' executor
[0.276s] DEBUG:colcon.colcon_parallel_executor.executor.parallel:run_until_complete
[0.276s] INFO:colcon.colcon_ros.task.ament_python.build:Building ROS package in '/home/leho42/Desktop/ros2-ws-2024/src/camera_test' with build type 'ament_python'
[0.276s] Level 1:colcon.colcon_core.shell:create_environment_hook('camera_test', 'ament_prefix_path')
[0.278s] INFO:colcon.colcon_core.plugin_system:Skipping extension 'colcon_core.shell.bat': Not used on non-Windows systems
[0.278s] INFO:colcon.colcon_core.shell:Creating environment hook '/home/leho42/Desktop/ros2-ws-2024/install/camera_test/share/camera_test/hook/ament_prefix_path.ps1'
[0.278s] INFO:colcon.colcon_core.shell:Creating environment descriptor '/home/leho42/Desktop/ros2-ws-2024/install/camera_test/share/camera_test/hook/ament_prefix_path.dsv'
[0.279s] INFO:colcon.colcon_core.shell:Creating environment hook '/home/leho42/Desktop/ros2-ws-2024/install/camera_test/share/camera_test/hook/ament_prefix_path.sh'
[0.279s] INFO:colcon.colcon_core.shell:Skip shell extension 'powershell' for command environment: Not usable outside of PowerShell
[0.279s] DEBUG:colcon.colcon_core.shell:Skip shell extension 'dsv' for command environment
[0.282s] INFO:colcon.colcon_ros.task.ament_python.build:Building ROS package in '/home/leho42/Desktop/ros2-ws-2024/src/db_broker' with build type 'ament_python'
[0.282s] Level 1:colcon.colcon_core.shell:create_environment_hook('db_broker', 'ament_prefix_path')
[0.282s] INFO:colcon.colcon_core.shell:Creating environment hook '/home/leho42/Desktop/ros2-ws-2024/install/db_broker/share/db_broker/hook/ament_prefix_path.ps1'
[0.282s] INFO:colcon.colcon_core.shell:Creating environment descriptor '/home/leho42/Desktop/ros2-ws-2024/install/db_broker/share/db_broker/hook/ament_prefix_path.dsv'
[0.283s] INFO:colcon.colcon_core.shell:Creating environment hook '/home/leho42/Desktop/ros2-ws-2024/install/db_broker/share/db_broker/hook/ament_prefix_path.sh'
[0.283s] INFO:colcon.colcon_core.shell:Skip shell extension 'powershell' for command environment: Not usable outside of PowerShell
[0.283s] DEBUG:colcon.colcon_core.shell:Skip shell extension 'dsv' for command environment
[0.286s] INFO:colcon.colcon_ros.task.ament_python.build:Building ROS package in '/home/leho42/Desktop/ros2-ws-2024/src/drive_cb' with build type 'ament_python'
[0.286s] Level 1:colcon.colcon_core.shell:create_environment_hook('drive_cb', 'ament_prefix_path')
[0.286s] INFO:colcon.colcon_core.shell:Creating environment hook '/home/leho42/Desktop/ros2-ws-2024/install/drive_cb/share/drive_cb/hook/ament_prefix_path.ps1'
[0.286s] INFO:colcon.colcon_core.shell:Creating environment descriptor '/home/leho42/Desktop/ros2-ws-2024/install/drive_cb/share/drive_cb/hook/ament_prefix_path.dsv'
[0.287s] INFO:colcon.colcon_core.shell:Creating environment hook '/home/leho42/Desktop/ros2-ws-2024/install/drive_cb/share/drive_cb/hook/ament_prefix_path.sh'
[0.287s] INFO:colcon.colcon_core.shell:Skip shell extension 'powershell' for command environment: Not usable outside of PowerShell
[0.287s] DEBUG:colcon.colcon_core.shell:Skip shell extension 'dsv' for command environment
[0.289s] INFO:colcon.colcon_ros.task.ament_python.build:Building ROS package in '/home/leho42/Desktop/ros2-ws-2024/src/drive_ex' with build type 'ament_python'
[0.289s] Level 1:colcon.colcon_core.shell:create_environment_hook('drive_ex', 'ament_prefix_path')
[0.289s] INFO:colcon.colcon_core.shell:Creating environment hook '/home/leho42/Desktop/ros2-ws-2024/install/drive_ex/share/drive_ex/hook/ament_prefix_path.ps1'
[0.289s] INFO:colcon.colcon_core.shell:Creating environment descriptor '/home/leho42/Desktop/ros2-ws-2024/install/drive_ex/share/drive_ex/hook/ament_prefix_path.dsv'
[0.290s] INFO:colcon.colcon_core.shell:Creating environment hook '/home/leho42/Desktop/ros2-ws-2024/install/drive_ex/share/drive_ex/hook/ament_prefix_path.sh'
[0.290s] INFO:colcon.colcon_core.shell:Skip shell extension 'powershell' for command environment: Not usable outside of PowerShell
[0.290s] DEBUG:colcon.colcon_core.shell:Skip shell extension 'dsv' for command environment
[0.440s] INFO:colcon.colcon_core.task.python.build:Building Python package in '/home/leho42/Desktop/ros2-ws-2024/src/camera_test'
[0.440s] INFO:colcon.colcon_core.shell:Skip shell extension 'powershell' for command environment: Not usable outside of PowerShell
[0.440s] DEBUG:colcon.colcon_core.shell:Skip shell extension 'dsv' for command environment
[0.572s] INFO:colcon.colcon_core.task.python.build:Building Python package in '/home/leho42/Desktop/ros2-ws-2024/src/db_broker'
[0.572s] INFO:colcon.colcon_core.shell:Skip shell extension 'powershell' for command environment: Not usable outside of PowerShell
[0.572s] DEBUG:colcon.colcon_core.shell:Skip shell extension 'dsv' for command environment
[0.722s] INFO:colcon.colcon_core.task.python.build:Building Python package in '/home/leho42/Desktop/ros2-ws-2024/src/drive_cb'
[0.722s] INFO:colcon.colcon_core.shell:Skip shell extension 'powershell' for command environment: Not usable outside of PowerShell
[0.722s] DEBUG:colcon.colcon_core.shell:Skip shell extension 'dsv' for command environment
[0.879s] INFO:colcon.colcon_core.task.python.build:Building Python package in '/home/leho42/Desktop/ros2-ws-2024/src/drive_ex'
[0.879s] INFO:colcon.colcon_core.shell:Skip shell extension 'powershell' for command environment: Not usable outside of PowerShell
[0.879s] DEBUG:colcon.colcon_core.shell:Skip shell extension 'dsv' for command environment
[1.089s] DEBUG:colcon.colcon_core.event_handler.log_command:Invoking command in '/home/leho42/Desktop/ros2-ws-2024/src/db_broker': PYTHONPATH=/home/leho42/Desktop/ros2-ws-2024/build/db_broker/prefix_override:/home/leho42/Desktop/ros2-ws-2024/install/db_broker/lib/python3.10/site-packages:${PYTHONPATH} /usr/bin/python3 -W ignore:setup.py install is deprecated setup.py egg_info --egg-base ../../build/db_broker build --build-base /home/leho42/Desktop/ros2-ws-2024/build/db_broker/build install --record /home/leho42/Desktop/ros2-ws-2024/build/db_broker/install.log --single-version-externally-managed install_data
[1.099s] DEBUG:colcon.colcon_core.event_handler.log_command:Invoking command in '/home/leho42/Desktop/ros2-ws-2024/src/camera_test': PYTHONPATH=/home/leho42/Desktop/ros2-ws-2024/build/camera_test/prefix_override:/home/leho42/Desktop/ros2-ws-2024/install/camera_test/lib/python3.10/site-packages:${PYTHONPATH} /usr/bin/python3 -W ignore:setup.py install is deprecated setup.py egg_info --egg-base ../../build/camera_test build --build-base /home/leho42/Desktop/ros2-ws-2024/build/camera_test/build install --record /home/leho42/Desktop/ros2-ws-2024/build/camera_test/install.log --single-version-externally-managed install_data
[1.172s] DEBUG:colcon.colcon_core.event_handler.log_command:Invoking command in '/home/leho42/Desktop/ros2-ws-2024/src/drive_ex': PYTHONPATH=/home/leho42/Desktop/ros2-ws-2024/build/drive_ex/prefix_override:/home/leho42/Desktop/ros2-ws-2024/install/drive_ex/lib/python3.10/site-packages:${PYTHONPATH} /usr/bin/python3 -W ignore:setup.py install is deprecated setup.py egg_info --egg-base ../../build/drive_ex build --build-base /home/leho42/Desktop/ros2-ws-2024/build/drive_ex/build install --record /home/leho42/Desktop/ros2-ws-2024/build/drive_ex/install.log --single-version-externally-managed install_data
[1.190s] DEBUG:colcon.colcon_core.event_handler.log_command:Invoking command in '/home/leho42/Desktop/ros2-ws-2024/src/drive_cb': PYTHONPATH=/home/leho42/Desktop/ros2-ws-2024/build/drive_cb/prefix_override:/home/leho42/Desktop/ros2-ws-2024/install/drive_cb/lib/python3.10/site-packages:${PYTHONPATH} /usr/bin/python3 -W ignore:setup.py install is deprecated setup.py egg_info --egg-base ../../build/drive_cb build --build-base /home/leho42/Desktop/ros2-ws-2024/build/drive_cb/build install --record /home/leho42/Desktop/ros2-ws-2024/build/drive_cb/install.log --single-version-externally-managed install_data
[1.255s] DEBUG:colcon.colcon_core.event_handler.log_command:Invoked command in '/home/leho42/Desktop/ros2-ws-2024/src/camera_test' returned '0': PYTHONPATH=/home/leho42/Desktop/ros2-ws-2024/build/camera_test/prefix_override:/home/leho42/Desktop/ros2-ws-2024/install/camera_test/lib/python3.10/site-packages:${PYTHONPATH} /usr/bin/python3 -W ignore:setup.py install is deprecated setup.py egg_info --egg-base ../../build/camera_test build --build-base /home/leho42/Desktop/ros2-ws-2024/build/camera_test/build install --record /home/leho42/Desktop/ros2-ws-2024/build/camera_test/install.log --single-version-externally-managed install_data
[1.256s] Level 1:colcon.colcon_core.environment:checking '/home/leho42/Desktop/ros2-ws-2024/install/camera_test' for CMake module files
[1.257s] Level 1:colcon.colcon_core.environment:checking '/home/leho42/Desktop/ros2-ws-2024/install/camera_test' for CMake config files
[1.257s] Level 1:colcon.colcon_core.shell:create_environment_hook('camera_test', 'cmake_prefix_path')
[1.257s] INFO:colcon.colcon_core.shell:Creating environment hook '/home/leho42/Desktop/ros2-ws-2024/install/camera_test/share/camera_test/hook/cmake_prefix_path.ps1'
[1.257s] INFO:colcon.colcon_core.shell:Creating environment descriptor '/home/leho42/Desktop/ros2-ws-2024/install/camera_test/share/camera_test/hook/cmake_prefix_path.dsv'
[1.258s] INFO:colcon.colcon_core.shell:Creating environment hook '/home/leho42/Desktop/ros2-ws-2024/install/camera_test/share/camera_test/hook/cmake_prefix_path.sh'
[1.258s] Level 1:colcon.colcon_core.environment:checking '/home/leho42/Desktop/ros2-ws-2024/install/camera_test/lib'
[1.258s] Level 1:colcon.colcon_core.environment:checking '/home/leho42/Desktop/ros2-ws-2024/install/camera_test/bin'
[1.258s] Level 1:colcon.colcon_core.environment:checking '/home/leho42/Desktop/ros2-ws-2024/install/camera_test/lib/pkgconfig/camera_test.pc'
[1.259s] Level 1:colcon.colcon_core.environment:checking '/home/leho42/Desktop/ros2-ws-2024/install/camera_test/lib/python3.10/site-packages'
[1.259s] Level 1:colcon.colcon_core.shell:create_environment_hook('camera_test', 'pythonpath')
[1.259s] INFO:colcon.colcon_core.shell:Creating environment hook '/home/leho42/Desktop/ros2-ws-2024/install/camera_test/share/camera_test/hook/pythonpath.ps1'
[1.259s] INFO:colcon.colcon_core.shell:Creating environment descriptor '/home/leho42/Desktop/ros2-ws-2024/install/camera_test/share/camera_test/hook/pythonpath.dsv'
[1.259s] INFO:colcon.colcon_core.shell:Creating environment hook '/home/leho42/Desktop/ros2-ws-2024/install/camera_test/share/camera_test/hook/pythonpath.sh'
[1.259s] Level 1:colcon.colcon_core.environment:checking '/home/leho42/Desktop/ros2-ws-2024/install/camera_test/bin'
[1.259s] Level 1:colcon.colcon_core.environment:create_environment_scripts_only(camera_test)
[1.260s] INFO:colcon.colcon_core.shell:Creating package script '/home/leho42/Desktop/ros2-ws-2024/install/camera_test/share/camera_test/package.ps1'
[1.260s] INFO:colcon.colcon_core.shell:Creating package descriptor '/home/leho42/Desktop/ros2-ws-2024/install/camera_test/share/camera_test/package.dsv'
[1.260s] INFO:colcon.colcon_core.shell:Creating package script '/home/leho42/Desktop/ros2-ws-2024/install/camera_test/share/camera_test/package.sh'
[1.261s] INFO:colcon.colcon_core.shell:Creating package script '/home/leho42/Desktop/ros2-ws-2024/install/camera_test/share/camera_test/package.bash'
[1.261s] INFO:colcon.colcon_core.shell:Creating package script '/home/leho42/Desktop/ros2-ws-2024/install/camera_test/share/camera_test/package.zsh'
[1.262s] Level 1:colcon.colcon_core.environment:create_file_with_runtime_dependencies(/home/leho42/Desktop/ros2-ws-2024/install/camera_test/share/colcon-core/packages/camera_test)
[1.264s] INFO:colcon.colcon_ros.task.ament_python.build:Building ROS package in '/home/leho42/Desktop/ros2-ws-2024/src/joy_control' with build type 'ament_python'
[1.264s] Level 1:colcon.colcon_core.shell:create_environment_hook('joy_control', 'ament_prefix_path')
[1.264s] INFO:colcon.colcon_core.shell:Creating environment hook '/home/leho42/Desktop/ros2-ws-2024/install/joy_control/share/joy_control/hook/ament_prefix_path.ps1'
[1.264s] INFO:colcon.colcon_core.shell:Creating environment descriptor '/home/leho42/Desktop/ros2-ws-2024/install/joy_control/share/joy_control/hook/ament_prefix_path.dsv'
[1.264s] INFO:colcon.colcon_core.shell:Creating environment hook '/home/leho42/Desktop/ros2-ws-2024/install/joy_control/share/joy_control/hook/ament_prefix_path.sh'
[1.265s] INFO:colcon.colcon_core.shell:Skip shell extension 'powershell' for command environment: Not usable outside of PowerShell
[1.265s] DEBUG:colcon.colcon_core.shell:Skip shell extension 'dsv' for command environment
[1.449s] INFO:colcon.colcon_core.task.python.build:Building Python package in '/home/leho42/Desktop/ros2-ws-2024/src/joy_control'
[1.450s] INFO:colcon.colcon_core.shell:Skip shell extension 'powershell' for command environment: Not usable outside of PowerShell
[1.450s] DEBUG:colcon.colcon_core.shell:Skip shell extension 'dsv' for command environment
[1.454s] Level 1:colcon.colcon_core.environment:checking '/home/leho42/Desktop/ros2-ws-2024/install/db_broker' for CMake module files
[1.454s] DEBUG:colcon.colcon_core.event_handler.log_command:Invoked command in '/home/leho42/Desktop/ros2-ws-2024/src/db_broker' returned '0': PYTHONPATH=/home/leho42/Desktop/ros2-ws-2024/build/db_broker/prefix_override:/home/leho42/Desktop/ros2-ws-2024/install/db_broker/lib/python3.10/site-packages:${PYTHONPATH} /usr/bin/python3 -W ignore:setup.py install is deprecated setup.py egg_info --egg-base ../../build/db_broker build --build-base /home/leho42/Desktop/ros2-ws-2024/build/db_broker/build install --record /home/leho42/Desktop/ros2-ws-2024/build/db_broker/install.log --single-version-externally-managed install_data
[1.454s] Level 1:colcon.colcon_core.environment:checking '/home/leho42/Desktop/ros2-ws-2024/install/db_broker' for CMake config files
[1.455s] Level 1:colcon.colcon_core.environment:checking '/home/leho42/Desktop/ros2-ws-2024/install/db_broker/lib'
[1.455s] Level 1:colcon.colcon_core.environment:checking '/home/leho42/Desktop/ros2-ws-2024/install/db_broker/bin'
[1.455s] Level 1:colcon.colcon_core.environment:checking '/home/leho42/Desktop/ros2-ws-2024/install/db_broker/lib/pkgconfig/db_broker.pc'
[1.455s] Level 1:colcon.colcon_core.environment:checking '/home/leho42/Desktop/ros2-ws-2024/install/db_broker/lib/python3.10/site-packages'
[1.455s] Level 1:colcon.colcon_core.shell:create_environment_hook('db_broker', 'pythonpath')
[1.455s] INFO:colcon.colcon_core.shell:Creating environment hook '/home/leho42/Desktop/ros2-ws-2024/install/db_broker/share/db_broker/hook/pythonpath.ps1'
[1.455s] INFO:colcon.colcon_core.shell:Creating environment descriptor '/home/leho42/Desktop/ros2-ws-2024/install/db_broker/share/db_broker/hook/pythonpath.dsv'
[1.456s] INFO:colcon.colcon_core.shell:Creating environment hook '/home/leho42/Desktop/ros2-ws-2024/install/db_broker/share/db_broker/hook/pythonpath.sh'
[1.456s] Level 1:colcon.colcon_core.environment:checking '/home/leho42/Desktop/ros2-ws-2024/install/db_broker/bin'
[1.456s] Level 1:colcon.colcon_core.environment:create_environment_scripts_only(db_broker)
[1.456s] INFO:colcon.colcon_core.shell:Creating package script '/home/leho42/Desktop/ros2-ws-2024/install/db_broker/share/db_broker/package.ps1'
[1.456s] INFO:colcon.colcon_core.shell:Creating package descriptor '/home/leho42/Desktop/ros2-ws-2024/install/db_broker/share/db_broker/package.dsv'
[1.457s] INFO:colcon.colcon_core.shell:Creating package script '/home/leho42/Desktop/ros2-ws-2024/install/db_broker/share/db_broker/package.sh'
[1.457s] INFO:colcon.colcon_core.shell:Creating package script '/home/leho42/Desktop/ros2-ws-2024/install/db_broker/share/db_broker/package.bash'
[1.457s] INFO:colcon.colcon_core.shell:Creating package script '/home/leho42/Desktop/ros2-ws-2024/install/db_broker/share/db_broker/package.zsh'
[1.458s] Level 1:colcon.colcon_core.environment:create_file_with_runtime_dependencies(/home/leho42/Desktop/ros2-ws-2024/install/db_broker/share/colcon-core/packages/db_broker)
[1.459s] INFO:colcon.colcon_ros.task.ament_python.build:Building ROS package in '/home/leho42/Desktop/ros2-ws-2024/src/py_pubsub' with build type 'ament_python'
[1.459s] Level 1:colcon.colcon_core.shell:create_environment_hook('py_pubsub', 'ament_prefix_path')
[1.459s] INFO:colcon.colcon_core.shell:Creating environment hook '/home/leho42/Desktop/ros2-ws-2024/install/py_pubsub/share/py_pubsub/hook/ament_prefix_path.ps1'
[1.460s] INFO:colcon.colcon_core.shell:Creating environment descriptor '/home/leho42/Desktop/ros2-ws-2024/install/py_pubsub/share/py_pubsub/hook/ament_prefix_path.dsv'
[1.460s] INFO:colcon.colcon_core.shell:Creating environment hook '/home/leho42/Desktop/ros2-ws-2024/install/py_pubsub/share/py_pubsub/hook/ament_prefix_path.sh'
[1.460s] INFO:colcon.colcon_core.shell:Skip shell extension 'powershell' for command environment: Not usable outside of PowerShell
[1.460s] DEBUG:colcon.colcon_core.shell:Skip shell extension 'dsv' for command environment
[1.462s] Level 1:colcon.colcon_core.environment:checking '/home/leho42/Desktop/ros2-ws-2024/install/drive_cb' for CMake module files
[1.462s] DEBUG:colcon.colcon_core.event_handler.log_command:Invoked command in '/home/leho42/Desktop/ros2-ws-2024/src/drive_cb' returned '0': PYTHONPATH=/home/leho42/Desktop/ros2-ws-2024/build/drive_cb/prefix_override:/home/leho42/Desktop/ros2-ws-2024/install/drive_cb/lib/python3.10/site-packages:${PYTHONPATH} /usr/bin/python3 -W ignore:setup.py install is deprecated setup.py egg_info --egg-base ../../build/drive_cb build --build-base /home/leho42/Desktop/ros2-ws-2024/build/drive_cb/build install --record /home/leho42/Desktop/ros2-ws-2024/build/drive_cb/install.log --single-version-externally-managed install_data
[1.462s] Level 1:colcon.colcon_core.environment:checking '/home/leho42/Desktop/ros2-ws-2024/install/drive_cb' for CMake config files
[1.463s] Level 1:colcon.colcon_core.environment:checking '/home/leho42/Desktop/ros2-ws-2024/install/drive_cb/lib'
[1.463s] Level 1:colcon.colcon_core.environment:checking '/home/leho42/Desktop/ros2-ws-2024/install/drive_cb/bin'
[1.463s] Level 1:colcon.colcon_core.environment:checking '/home/leho42/Desktop/ros2-ws-2024/install/drive_cb/lib/pkgconfig/drive_cb.pc'
[1.463s] Level 1:colcon.colcon_core.environment:checking '/home/leho42/Desktop/ros2-ws-2024/install/drive_cb/lib/python3.10/site-packages'
[1.463s] Level 1:colcon.colcon_core.shell:create_environment_hook('drive_cb', 'pythonpath')
[1.463s] INFO:colcon.colcon_core.shell:Creating environment hook '/home/leho42/Desktop/ros2-ws-2024/install/drive_cb/share/drive_cb/hook/pythonpath.ps1'
[1.463s] INFO:colcon.colcon_core.shell:Creating environment descriptor '/home/leho42/Desktop/ros2-ws-2024/install/drive_cb/share/drive_cb/hook/pythonpath.dsv'
[1.464s] INFO:colcon.colcon_core.shell:Creating environment hook '/home/leho42/Desktop/ros2-ws-2024/install/drive_cb/share/drive_cb/hook/pythonpath.sh'
[1.464s] Level 1:colcon.colcon_core.environment:checking '/home/leho42/Desktop/ros2-ws-2024/install/drive_cb/bin'
[1.464s] Level 1:colcon.colcon_core.environment:create_environment_scripts_only(drive_cb)
[1.464s] INFO:colcon.colcon_core.shell:Creating package script '/home/leho42/Desktop/ros2-ws-2024/install/drive_cb/share/drive_cb/package.ps1'
[1.464s] INFO:colcon.colcon_core.shell:Creating package descriptor '/home/leho42/Desktop/ros2-ws-2024/install/drive_cb/share/drive_cb/package.dsv'
[1.465s] INFO:colcon.colcon_core.shell:Creating package script '/home/leho42/Desktop/ros2-ws-2024/install/drive_cb/share/drive_cb/package.sh'
[1.465s] INFO:colcon.colcon_core.shell:Creating package script '/home/leho42/Desktop/ros2-ws-2024/install/drive_cb/share/drive_cb/package.bash'
[1.465s] INFO:colcon.colcon_core.shell:Creating package script '/home/leho42/Desktop/ros2-ws-2024/install/drive_cb/share/drive_cb/package.zsh'
[1.465s] Level 1:colcon.colcon_core.environment:create_file_with_runtime_dependencies(/home/leho42/Desktop/ros2-ws-2024/install/drive_cb/share/colcon-core/packages/drive_cb)
[1.466s] Level 1:colcon.colcon_core.environment:checking '/home/leho42/Desktop/ros2-ws-2024/install/drive_ex' for CMake module files
[1.466s] DEBUG:colcon.colcon_core.event_handler.log_command:Invoked command in '/home/leho42/Desktop/ros2-ws-2024/src/drive_ex' returned '0': PYTHONPATH=/home/leho42/Desktop/ros2-ws-2024/build/drive_ex/prefix_override:/home/leho42/Desktop/ros2-ws-2024/install/drive_ex/lib/python3.10/site-packages:${PYTHONPATH} /usr/bin/python3 -W ignore:setup.py install is deprecated setup.py egg_info --egg-base ../../build/drive_ex build --build-base /home/leho42/Desktop/ros2-ws-2024/build/drive_ex/build install --record /home/leho42/Desktop/ros2-ws-2024/build/drive_ex/install.log --single-version-externally-managed install_data
[1.466s] Level 1:colcon.colcon_core.environment:checking '/home/leho42/Desktop/ros2-ws-2024/install/drive_ex' for CMake config files
[1.467s] Level 1:colcon.colcon_core.environment:checking '/home/leho42/Desktop/ros2-ws-2024/install/drive_ex/lib'
[1.467s] Level 1:colcon.colcon_core.environment:checking '/home/leho42/Desktop/ros2-ws-2024/install/drive_ex/bin'
[1.467s] Level 1:colcon.colcon_core.environment:checking '/home/leho42/Desktop/ros2-ws-2024/install/drive_ex/lib/pkgconfig/drive_ex.pc'
[1.467s] Level 1:colcon.colcon_core.environment:checking '/home/leho42/Desktop/ros2-ws-2024/install/drive_ex/lib/python3.10/site-packages'
[1.467s] Level 1:colcon.colcon_core.shell:create_environment_hook('drive_ex', 'pythonpath')
[1.467s] INFO:colcon.colcon_core.shell:Creating environment hook '/home/leho42/Desktop/ros2-ws-2024/install/drive_ex/share/drive_ex/hook/pythonpath.ps1'
[1.467s] INFO:colcon.colcon_core.shell:Creating environment descriptor '/home/leho42/Desktop/ros2-ws-2024/install/drive_ex/share/drive_ex/hook/pythonpath.dsv'
[1.467s] INFO:colcon.colcon_core.shell:Creating environment hook '/home/leho42/Desktop/ros2-ws-2024/install/drive_ex/share/drive_ex/hook/pythonpath.sh'
[1.468s] Level 1:colcon.colcon_core.environment:checking '/home/leho42/Desktop/ros2-ws-2024/install/drive_ex/bin'
[1.468s] Level 1:colcon.colcon_core.environment:create_environment_scripts_only(drive_ex)
[1.468s] INFO:colcon.colcon_core.shell:Creating package script '/home/leho42/Desktop/ros2-ws-2024/install/drive_ex/share/drive_ex/package.ps1'
[1.468s] INFO:colcon.colcon_core.shell:Creating package descriptor '/home/leho42/Desktop/ros2-ws-2024/install/drive_ex/share/drive_ex/package.dsv'
[1.468s] INFO:colcon.colcon_core.shell:Creating package script '/home/leho42/Desktop/ros2-ws-2024/install/drive_ex/share/drive_ex/package.sh'
[1.469s] INFO:colcon.colcon_core.shell:Creating package script '/home/leho42/Desktop/ros2-ws-2024/install/drive_ex/share/drive_ex/package.bash'
[1.469s] INFO:colcon.colcon_core.shell:Creating package script '/home/leho42/Desktop/ros2-ws-2024/install/drive_ex/share/drive_ex/package.zsh'
[1.469s] Level 1:colcon.colcon_core.environment:create_file_with_runtime_dependencies(/home/leho42/Desktop/ros2-ws-2024/install/drive_ex/share/colcon-core/packages/drive_ex)
[1.470s] INFO:colcon.colcon_ros.task.ament_python.build:Building ROS package in '/home/leho42/Desktop/ros2-ws-2024/src/ui' with build type 'ament_python'
[1.470s] Level 1:colcon.colcon_core.shell:create_environment_hook('ui', 'ament_prefix_path')
[1.470s] INFO:colcon.colcon_core.shell:Creating environment hook '/home/leho42/Desktop/ros2-ws-2024/install/ui/share/ui/hook/ament_prefix_path.ps1'
[1.470s] INFO:colcon.colcon_core.shell:Creating environment descriptor '/home/leho42/Desktop/ros2-ws-2024/install/ui/share/ui/hook/ament_prefix_path.dsv'
[1.471s] INFO:colcon.colcon_core.shell:Creating environment hook '/home/leho42/Desktop/ros2-ws-2024/install/ui/share/ui/hook/ament_prefix_path.sh'
[1.471s] INFO:colcon.colcon_core.shell:Skip shell extension 'powershell' for command environment: Not usable outside of PowerShell
[1.471s] DEBUG:colcon.colcon_core.shell:Skip shell extension 'dsv' for command environment
[1.639s] INFO:colcon.colcon_core.task.python.build:Building Python package in '/home/leho42/Desktop/ros2-ws-2024/src/py_pubsub'
[1.639s] INFO:colcon.colcon_core.shell:Skip shell extension 'powershell' for command environment: Not usable outside of PowerShell
[1.639s] DEBUG:colcon.colcon_core.shell:Skip shell extension 'dsv' for command environment
[1.771s] INFO:colcon.colcon_core.task.python.build:Building Python package in '/home/leho42/Desktop/ros2-ws-2024/src/ui'
[1.772s] INFO:colcon.colcon_core.shell:Skip shell extension 'powershell' for command environment: Not usable outside of PowerShell
[1.772s] DEBUG:colcon.colcon_core.shell:Skip shell extension 'dsv' for command environment
[1.776s] DEBUG:colcon.colcon_core.event_handler.log_command:Invoking command in '/home/leho42/Desktop/ros2-ws-2024/src/joy_control': PYTHONPATH=/home/leho42/Desktop/ros2-ws-2024/build/joy_control/prefix_override:/home/leho42/Desktop/ros2-ws-2024/install/joy_control/lib/python3.10/site-packages:${PYTHONPATH} /usr/bin/python3 -W ignore:setup.py install is deprecated setup.py egg_info --egg-base ../../build/joy_control build --build-base /home/leho42/Desktop/ros2-ws-2024/build/joy_control/build install --record /home/leho42/Desktop/ros2-ws-2024/build/joy_control/install.log --single-version-externally-managed install_data
[1.955s] DEBUG:colcon.colcon_core.event_handler.log_command:Invoking command in '/home/leho42/Desktop/ros2-ws-2024/src/py_pubsub': PYTHONPATH=/home/leho42/Desktop/ros2-ws-2024/build/py_pubsub/prefix_override:/home/leho42/Desktop/ros2-ws-2024/install/py_pubsub/lib/python3.10/site-packages:${PYTHONPATH} /usr/bin/python3 -W ignore:setup.py install is deprecated setup.py egg_info --egg-base ../../build/py_pubsub build --build-base /home/leho42/Desktop/ros2-ws-2024/build/py_pubsub/build install --record /home/leho42/Desktop/ros2-ws-2024/build/py_pubsub/install.log --single-version-externally-managed install_data
[1.964s] DEBUG:colcon.colcon_core.event_handler.log_command:Invoking command in '/home/leho42/Desktop/ros2-ws-2024/src/ui': PYTHONPATH=/home/leho42/Desktop/ros2-ws-2024/build/ui/prefix_override:/home/leho42/Desktop/ros2-ws-2024/install/ui/lib/python3.10/site-packages:${PYTHONPATH} /usr/bin/python3 -W ignore:setup.py install is deprecated setup.py egg_info --egg-base ../../build/ui build --build-base /home/leho42/Desktop/ros2-ws-2024/build/ui/build install --record /home/leho42/Desktop/ros2-ws-2024/build/ui/install.log --single-version-externally-managed install_data
[1.964s] Level 1:colcon.colcon_core.environment:checking '/home/leho42/Desktop/ros2-ws-2024/install/joy_control' for CMake module files
[1.965s] DEBUG:colcon.colcon_core.event_handler.log_command:Invoked command in '/home/leho42/Desktop/ros2-ws-2024/src/joy_control' returned '0': PYTHONPATH=/home/leho42/Desktop/ros2-ws-2024/build/joy_control/prefix_override:/home/leho42/Desktop/ros2-ws-2024/install/joy_control/lib/python3.10/site-packages:${PYTHONPATH} /usr/bin/python3 -W ignore:setup.py install is deprecated setup.py egg_info --egg-base ../../build/joy_control build --build-base /home/leho42/Desktop/ros2-ws-2024/build/joy_control/build install --record /home/leho42/Desktop/ros2-ws-2024/build/joy_control/install.log --single-version-externally-managed install_data
[1.965s] Level 1:colcon.colcon_core.environment:checking '/home/leho42/Desktop/ros2-ws-2024/install/joy_control' for CMake config files
[1.965s] Level 1:colcon.colcon_core.environment:checking '/home/leho42/Desktop/ros2-ws-2024/install/joy_control/lib'
[1.965s] Level 1:colcon.colcon_core.environment:checking '/home/leho42/Desktop/ros2-ws-2024/install/joy_control/bin'
[1.965s] Level 1:colcon.colcon_core.environment:checking '/home/leho42/Desktop/ros2-ws-2024/install/joy_control/lib/pkgconfig/joy_control.pc'
[1.965s] Level 1:colcon.colcon_core.environment:checking '/home/leho42/Desktop/ros2-ws-2024/install/joy_control/lib/python3.10/site-packages'
[1.965s] Level 1:colcon.colcon_core.shell:create_environment_hook('joy_control', 'pythonpath')
[1.966s] INFO:colcon.colcon_core.shell:Creating environment hook '/home/leho42/Desktop/ros2-ws-2024/install/joy_control/share/joy_control/hook/pythonpath.ps1'
[1.966s] INFO:colcon.colcon_core.shell:Creating environment descriptor '/home/leho42/Desktop/ros2-ws-2024/install/joy_control/share/joy_control/hook/pythonpath.dsv'
[1.966s] INFO:colcon.colcon_core.shell:Creating environment hook '/home/leho42/Desktop/ros2-ws-2024/install/joy_control/share/joy_control/hook/pythonpath.sh'
[1.966s] Level 1:colcon.colcon_core.environment:checking '/home/leho42/Desktop/ros2-ws-2024/install/joy_control/bin'
[1.966s] Level 1:colcon.colcon_core.environment:create_environment_scripts_only(joy_control)
[1.967s] INFO:colcon.colcon_core.shell:Creating package script '/home/leho42/Desktop/ros2-ws-2024/install/joy_control/share/joy_control/package.ps1'
[1.967s] INFO:colcon.colcon_core.shell:Creating package descriptor '/home/leho42/Desktop/ros2-ws-2024/install/joy_control/share/joy_control/package.dsv'
[1.967s] INFO:colcon.colcon_core.shell:Creating package script '/home/leho42/Desktop/ros2-ws-2024/install/joy_control/share/joy_control/package.sh'
[1.967s] INFO:colcon.colcon_core.shell:Creating package script '/home/leho42/Desktop/ros2-ws-2024/install/joy_control/share/joy_control/package.bash'
[1.968s] INFO:colcon.colcon_core.shell:Creating package script '/home/leho42/Desktop/ros2-ws-2024/install/joy_control/share/joy_control/package.zsh'
[1.968s] Level 1:colcon.colcon_core.environment:create_file_with_runtime_dependencies(/home/leho42/Desktop/ros2-ws-2024/install/joy_control/share/colcon-core/packages/joy_control)
[2.103s] Level 1:colcon.colcon_core.environment:checking '/home/leho42/Desktop/ros2-ws-2024/install/py_pubsub' for CMake module files
[2.104s] DEBUG:colcon.colcon_core.event_handler.log_command:Invoked command in '/home/leho42/Desktop/ros2-ws-2024/src/py_pubsub' returned '0': PYTHONPATH=/home/leho42/Desktop/ros2-ws-2024/build/py_pubsub/prefix_override:/home/leho42/Desktop/ros2-ws-2024/install/py_pubsub/lib/python3.10/site-packages:${PYTHONPATH} /usr/bin/python3 -W ignore:setup.py install is deprecated setup.py egg_info --egg-base ../../build/py_pubsub build --build-base /home/leho42/Desktop/ros2-ws-2024/build/py_pubsub/build install --record /home/leho42/Desktop/ros2-ws-2024/build/py_pubsub/install.log --single-version-externally-managed install_data
[2.104s] Level 1:colcon.colcon_core.environment:checking '/home/leho42/Desktop/ros2-ws-2024/install/py_pubsub' for CMake config files
[2.104s] Level 1:colcon.colcon_core.environment:checking '/home/leho42/Desktop/ros2-ws-2024/install/py_pubsub/lib'
[2.104s] Level 1:colcon.colcon_core.environment:checking '/home/leho42/Desktop/ros2-ws-2024/install/py_pubsub/bin'
[2.104s] Level 1:colcon.colcon_core.environment:checking '/home/leho42/Desktop/ros2-ws-2024/install/py_pubsub/lib/pkgconfig/py_pubsub.pc'
[2.104s] Level 1:colcon.colcon_core.environment:checking '/home/leho42/Desktop/ros2-ws-2024/install/py_pubsub/lib/python3.10/site-packages'
[2.104s] Level 1:colcon.colcon_core.shell:create_environment_hook('py_pubsub', 'pythonpath')
[2.104s] INFO:colcon.colcon_core.shell:Creating environment hook '/home/leho42/Desktop/ros2-ws-2024/install/py_pubsub/share/py_pubsub/hook/pythonpath.ps1'
[2.105s] INFO:colcon.colcon_core.shell:Creating environment descriptor '/home/leho42/Desktop/ros2-ws-2024/install/py_pubsub/share/py_pubsub/hook/pythonpath.dsv'
[2.105s] INFO:colcon.colcon_core.shell:Creating environment hook '/home/leho42/Desktop/ros2-ws-2024/install/py_pubsub/share/py_pubsub/hook/pythonpath.sh'
[2.106s] Level 1:colcon.colcon_core.environment:checking '/home/leho42/Desktop/ros2-ws-2024/install/py_pubsub/bin'
[2.106s] Level 1:colcon.colcon_core.environment:create_environment_scripts_only(py_pubsub)
[2.106s] INFO:colcon.colcon_core.shell:Creating package script '/home/leho42/Desktop/ros2-ws-2024/install/py_pubsub/share/py_pubsub/package.ps1'
[2.106s] INFO:colcon.colcon_core.shell:Creating package descriptor '/home/leho42/Desktop/ros2-ws-2024/install/py_pubsub/share/py_pubsub/package.dsv'
[2.107s] INFO:colcon.colcon_core.shell:Creating package script '/home/leho42/Desktop/ros2-ws-2024/install/py_pubsub/share/py_pubsub/package.sh'
[2.107s] INFO:colcon.colcon_core.shell:Creating package script '/home/leho42/Desktop/ros2-ws-2024/install/py_pubsub/share/py_pubsub/package.bash'
[2.107s] INFO:colcon.colcon_core.shell:Creating package script '/home/leho42/Desktop/ros2-ws-2024/install/py_pubsub/share/py_pubsub/package.zsh'
[2.108s] Level 1:colcon.colcon_core.environment:create_file_with_runtime_dependencies(/home/leho42/Desktop/ros2-ws-2024/install/py_pubsub/share/colcon-core/packages/py_pubsub)
[2.111s] Level 1:colcon.colcon_core.environment:checking '/home/leho42/Desktop/ros2-ws-2024/install/ui' for CMake module files
[2.112s] DEBUG:colcon.colcon_core.event_handler.log_command:Invoked command in '/home/leho42/Desktop/ros2-ws-2024/src/ui' returned '0': PYTHONPATH=/home/leho42/Desktop/ros2-ws-2024/build/ui/prefix_override:/home/leho42/Desktop/ros2-ws-2024/install/ui/lib/python3.10/site-packages:${PYTHONPATH} /usr/bin/python3 -W ignore:setup.py install is deprecated setup.py egg_info --egg-base ../../build/ui build --build-base /home/leho42/Desktop/ros2-ws-2024/build/ui/build install --record /home/leho42/Desktop/ros2-ws-2024/build/ui/install.log --single-version-externally-managed install_data
[2.112s] Level 1:colcon.colcon_core.environment:checking '/home/leho42/Desktop/ros2-ws-2024/install/ui' for CMake config files
[2.112s] Level 1:colcon.colcon_core.environment:checking '/home/leho42/Desktop/ros2-ws-2024/install/ui/lib'
[2.112s] Level 1:colcon.colcon_core.environment:checking '/home/leho42/Desktop/ros2-ws-2024/install/ui/bin'
[2.112s] Level 1:colcon.colcon_core.environment:checking '/home/leho42/Desktop/ros2-ws-2024/install/ui/lib/pkgconfig/ui.pc'
[2.112s] Level 1:colcon.colcon_core.environment:checking '/home/leho42/Desktop/ros2-ws-2024/install/ui/lib/python3.10/site-packages'
[2.113s] Level 1:colcon.colcon_core.shell:create_environment_hook('ui', 'pythonpath')
[2.113s] INFO:colcon.colcon_core.shell:Creating environment hook '/home/leho42/Desktop/ros2-ws-2024/install/ui/share/ui/hook/pythonpath.ps1'
[2.113s] INFO:colcon.colcon_core.shell:Creating environment descriptor '/home/leho42/Desktop/ros2-ws-2024/install/ui/share/ui/hook/pythonpath.dsv'
[2.113s] INFO:colcon.colcon_core.shell:Creating environment hook '/home/leho42/Desktop/ros2-ws-2024/install/ui/share/ui/hook/pythonpath.sh'
[2.113s] Level 1:colcon.colcon_core.environment:checking '/home/leho42/Desktop/ros2-ws-2024/install/ui/bin'
[2.114s] Level 1:colcon.colcon_core.environment:create_environment_scripts_only(ui)
[2.114s] INFO:colcon.colcon_core.shell:Creating package script '/home/leho42/Desktop/ros2-ws-2024/install/ui/share/ui/package.ps1'
[2.114s] INFO:colcon.colcon_core.shell:Creating package descriptor '/home/leho42/Desktop/ros2-ws-2024/install/ui/share/ui/package.dsv'
[2.114s] INFO:colcon.colcon_core.shell:Creating package script '/home/leho42/Desktop/ros2-ws-2024/install/ui/share/ui/package.sh'
[2.115s] INFO:colcon.colcon_core.shell:Creating package script '/home/leho42/Desktop/ros2-ws-2024/install/ui/share/ui/package.bash'
[2.115s] INFO:colcon.colcon_core.shell:Creating package script '/home/leho42/Desktop/ros2-ws-2024/install/ui/share/ui/package.zsh'
[2.115s] Level 1:colcon.colcon_core.environment:create_file_with_runtime_dependencies(/home/leho42/Desktop/ros2-ws-2024/install/ui/share/colcon-core/packages/ui)
[2.115s] DEBUG:colcon.colcon_parallel_executor.executor.parallel:closing loop
[2.116s] DEBUG:colcon.colcon_parallel_executor.executor.parallel:loop closed
[2.116s] DEBUG:colcon.colcon_parallel_executor.executor.parallel:run_until_complete finished with '0'
[2.116s] DEBUG:colcon.colcon_core.event_reactor:joining thread
[2.120s] INFO:colcon.colcon_core.plugin_system:Skipping extension 'colcon_notification.desktop_notification.terminal_notifier': Not used on non-Darwin systems
[2.120s] INFO:colcon.colcon_core.plugin_system:Skipping extension 'colcon_notification.desktop_notification.win32': Not used on non-Windows systems
[2.120s] INFO:colcon.colcon_notification.desktop_notification:Sending desktop notification using 'notify2'
[2.138s] DEBUG:colcon.colcon_core.event_reactor:joined thread
[2.138s] INFO:colcon.colcon_core.shell:Creating prefix script '/home/leho42/Desktop/ros2-ws-2024/install/local_setup.ps1'
[2.138s] INFO:colcon.colcon_core.shell:Creating prefix util module '/home/leho42/Desktop/ros2-ws-2024/install/_local_setup_util_ps1.py'
[2.142s] INFO:colcon.colcon_core.shell:Creating prefix chain script '/home/leho42/Desktop/ros2-ws-2024/install/setup.ps1'
[2.142s] INFO:colcon.colcon_core.shell:Creating prefix script '/home/leho42/Desktop/ros2-ws-2024/install/local_setup.sh'
[2.143s] INFO:colcon.colcon_core.shell:Creating prefix util module '/home/leho42/Desktop/ros2-ws-2024/install/_local_setup_util_sh.py'
[2.143s] INFO:colcon.colcon_core.shell:Creating prefix chain script '/home/leho42/Desktop/ros2-ws-2024/install/setup.sh'
[2.144s] INFO:colcon.colcon_core.shell:Creating prefix script '/home/leho42/Desktop/ros2-ws-2024/install/local_setup.bash'
[2.145s] INFO:colcon.colcon_core.shell:Creating prefix chain script '/home/leho42/Desktop/ros2-ws-2024/install/setup.bash'
[2.145s] INFO:colcon.colcon_core.shell:Creating prefix script '/home/leho42/Desktop/ros2-ws-2024/install/local_setup.zsh'
[2.146s] INFO:colcon.colcon_core.shell:Creating prefix chain script '/home/leho42/Desktop/ros2-ws-2024/install/setup.zsh'
