[8.065s] Invoking command in '/home/beachlbl/porter/ros2-ws-2024/src/drive_ex': PYTHONPATH=/home/beachlbl/porter/ros2-ws-2024/build/drive_ex/prefix_override:/home/beachlbl/porter/ros2-ws-2024/install/drive_ex/lib/python3.10/site-packages:${PYTHONPATH} /usr/bin/python3 -W ignore:setup.py install is deprecated setup.py egg_info --egg-base ../../build/drive_ex build --build-base /home/beachlbl/porter/ros2-ws-2024/build/drive_ex/build install --record /home/beachlbl/porter/ros2-ws-2024/build/drive_ex/install.log --single-version-externally-managed install_data
[9.979s] running egg_info
[9.990s] writing ../../build/drive_ex/drive_ex.egg-info/PKG-INFO
[9.999s] writing dependency_links to ../../build/drive_ex/drive_ex.egg-info/dependency_links.txt
[10.006s] writing entry points to ../../build/drive_ex/drive_ex.egg-info/entry_points.txt
[10.010s] writing requirements to ../../build/drive_ex/drive_ex.egg-info/requires.txt
[10.012s] writing top-level names to ../../build/drive_ex/drive_ex.egg-info/top_level.txt
[10.030s] reading manifest file '../../build/drive_ex/drive_ex.egg-info/SOURCES.txt'
[10.032s] adding license file 'LICENSE'
[10.038s] writing manifest file '../../build/drive_ex/drive_ex.egg-info/SOURCES.txt'
[10.040s] running build
[10.043s] running build_py
[10.045s] running install
[10.047s] running install_lib
[10.062s] running install_data
[10.063s] running install_egg_info
[10.075s] removing '/home/beachlbl/porter/ros2-ws-2024/install/drive_ex/lib/python3.10/site-packages/drive_ex-0.0.0-py3.10.egg-info' (and everything under it)
[10.075s] Copying ../../build/drive_ex/drive_ex.egg-info to /home/beachlbl/porter/ros2-ws-2024/install/drive_ex/lib/python3.10/site-packages/drive_ex-0.0.0-py3.10.egg-info
[10.082s] running install_scripts
[10.224s] Installing drivetrain_cb script to /home/beachlbl/porter/ros2-ws-2024/install/drive_ex/lib/drive_ex
[10.225s] Installing drivetrain_ex script to /home/beachlbl/porter/ros2-ws-2024/install/drive_ex/lib/drive_ex
[10.230s] writing list of installed files to '/home/beachlbl/porter/ros2-ws-2024/build/drive_ex/install.log'
[11.707s] Invoked command in '/home/beachlbl/porter/ros2-ws-2024/src/drive_ex' returned '0': PYTHONPATH=/home/beachlbl/porter/ros2-ws-2024/build/drive_ex/prefix_override:/home/beachlbl/porter/ros2-ws-2024/install/drive_ex/lib/python3.10/site-packages:${PYTHONPATH} /usr/bin/python3 -W ignore:setup.py install is deprecated setup.py egg_info --egg-base ../../build/drive_ex build --build-base /home/beachlbl/porter/ros2-ws-2024/build/drive_ex/build install --record /home/beachlbl/porter/ros2-ws-2024/build/drive_ex/install.log --single-version-externally-managed install_data
