[3.956s] Invoking command in '/home/beachlbl/ros2-ws-2024/src/drive_cb': PYTHONPATH=/home/beachlbl/ros2-ws-2024/build/drive_cb/prefix_override:/home/beachlbl/ros2-ws-2024/install/drive_cb/lib/python3.10/site-packages:${PYTHONPATH} /usr/bin/python3 -W ignore:setup.py install is deprecated setup.py egg_info --egg-base ../../build/drive_cb build --build-base /home/beachlbl/ros2-ws-2024/build/drive_cb/build install --record /home/beachlbl/ros2-ws-2024/build/drive_cb/install.log --single-version-externally-managed install_data
[5.326s] running egg_info
[5.328s] writing ../../build/drive_cb/drive_cb.egg-info/PKG-INFO
[5.330s] writing dependency_links to ../../build/drive_cb/drive_cb.egg-info/dependency_links.txt
[5.331s] writing entry points to ../../build/drive_cb/drive_cb.egg-info/entry_points.txt
[5.332s] writing requirements to ../../build/drive_cb/drive_cb.egg-info/requires.txt
[5.333s] writing top-level names to ../../build/drive_cb/drive_cb.egg-info/top_level.txt
[5.341s] reading manifest file '../../build/drive_cb/drive_cb.egg-info/SOURCES.txt'
[5.342s] adding license file 'LICENSE'
[5.345s] writing manifest file '../../build/drive_cb/drive_cb.egg-info/SOURCES.txt'
[5.345s] running build
[5.346s] running build_py
[5.347s] running install
[5.348s] running install_lib
[5.354s] running install_data
[5.355s] running install_egg_info
[5.362s] removing '/home/beachlbl/ros2-ws-2024/install/drive_cb/lib/python3.10/site-packages/drive_cb-0.0.0-py3.10.egg-info' (and everything under it)
[5.364s] Copying ../../build/drive_cb/drive_cb.egg-info to /home/beachlbl/ros2-ws-2024/install/drive_cb/lib/python3.10/site-packages/drive_cb-0.0.0-py3.10.egg-info
[5.370s] running install_scripts
[5.466s] Installing drivetrain_cb script to /home/beachlbl/ros2-ws-2024/install/drive_cb/lib/drive_cb
[5.468s] writing list of installed files to '/home/beachlbl/ros2-ws-2024/build/drive_cb/install.log'
[5.614s] Invoked command in '/home/beachlbl/ros2-ws-2024/src/drive_cb' returned '0': PYTHONPATH=/home/beachlbl/ros2-ws-2024/build/drive_cb/prefix_override:/home/beachlbl/ros2-ws-2024/install/drive_cb/lib/python3.10/site-packages:${PYTHONPATH} /usr/bin/python3 -W ignore:setup.py install is deprecated setup.py egg_info --egg-base ../../build/drive_cb build --build-base /home/beachlbl/ros2-ws-2024/build/drive_cb/build install --record /home/beachlbl/ros2-ws-2024/build/drive_cb/install.log --single-version-externally-managed install_data
