[7.978s] Invoking command in '/home/beachlbl/ros2-ws-2024/src/drive_ex': PYTHONPATH=/home/beachlbl/ros2-ws-2024/build/drive_ex/prefix_override:/home/beachlbl/ros2-ws-2024/install/drive_ex/lib/python3.10/site-packages:${PYTHONPATH} /usr/bin/python3 -W ignore:setup.py install is deprecated setup.py egg_info --egg-base ../../build/drive_ex build --build-base /home/beachlbl/ros2-ws-2024/build/drive_ex/build install --record /home/beachlbl/ros2-ws-2024/build/drive_ex/install.log --single-version-externally-managed install_data
[9.720s] running egg_info
[9.725s] writing ../../build/drive_ex/drive_ex.egg-info/PKG-INFO
[9.728s] writing dependency_links to ../../build/drive_ex/drive_ex.egg-info/dependency_links.txt
[9.730s] writing entry points to ../../build/drive_ex/drive_ex.egg-info/entry_points.txt
[9.731s] writing requirements to ../../build/drive_ex/drive_ex.egg-info/requires.txt
[9.732s] writing top-level names to ../../build/drive_ex/drive_ex.egg-info/top_level.txt
[9.748s] reading manifest file '../../build/drive_ex/drive_ex.egg-info/SOURCES.txt'
[9.749s] adding license file 'LICENSE'
[9.753s] writing manifest file '../../build/drive_ex/drive_ex.egg-info/SOURCES.txt'
[9.754s] running build
[9.755s] running build_py
[9.756s] copying drive_ex/drivetrain_ex_sub.py -> /home/beachlbl/ros2-ws-2024/build/drive_ex/build/lib/drive_ex
[9.757s] running install
[9.759s] running install_lib
[9.764s] copying /home/beachlbl/ros2-ws-2024/build/drive_ex/build/lib/drive_ex/drivetrain_ex_sub.py -> /home/beachlbl/ros2-ws-2024/install/drive_ex/lib/python3.10/site-packages/drive_ex
[9.768s] byte-compiling /home/beachlbl/ros2-ws-2024/install/drive_ex/lib/python3.10/site-packages/drive_ex/drivetrain_ex_sub.py to drivetrain_ex_sub.cpython-310.pyc
[9.775s] running install_data
[9.776s] running install_egg_info
[9.785s] removing '/home/beachlbl/ros2-ws-2024/install/drive_ex/lib/python3.10/site-packages/drive_ex-0.0.0-py3.10.egg-info' (and everything under it)
[9.788s] Copying ../../build/drive_ex/drive_ex.egg-info to /home/beachlbl/ros2-ws-2024/install/drive_ex/lib/python3.10/site-packages/drive_ex-0.0.0-py3.10.egg-info
[9.802s] running install_scripts
[10.033s] Installing drivetrain_ex script to /home/beachlbl/ros2-ws-2024/install/drive_ex/lib/drive_ex
[10.041s] writing list of installed files to '/home/beachlbl/ros2-ws-2024/build/drive_ex/install.log'
[10.333s] Invoked command in '/home/beachlbl/ros2-ws-2024/src/drive_ex' returned '0': PYTHONPATH=/home/beachlbl/ros2-ws-2024/build/drive_ex/prefix_override:/home/beachlbl/ros2-ws-2024/install/drive_ex/lib/python3.10/site-packages:${PYTHONPATH} /usr/bin/python3 -W ignore:setup.py install is deprecated setup.py egg_info --egg-base ../../build/drive_ex build --build-base /home/beachlbl/ros2-ws-2024/build/drive_ex/build install --record /home/beachlbl/ros2-ws-2024/build/drive_ex/install.log --single-version-externally-managed install_data
