[2.924s] Invoking command in '/home/beachlbl/porter/ros2-ws-2024/src/db_broker': PYTHONPATH=/home/beachlbl/porter/ros2-ws-2024/build/db_broker/prefix_override:/home/beachlbl/porter/ros2-ws-2024/install/db_broker/lib/python3.10/site-packages:${PYTHONPATH} /usr/bin/python3 -W ignore:setup.py install is deprecated setup.py egg_info --egg-base ../../build/db_broker build --build-base /home/beachlbl/porter/ros2-ws-2024/build/db_broker/build install --record /home/beachlbl/porter/ros2-ws-2024/build/db_broker/install.log --single-version-externally-managed install_data
[4.059s] running egg_info
[4.061s] writing ../../build/db_broker/db_broker.egg-info/PKG-INFO
[4.062s] writing dependency_links to ../../build/db_broker/db_broker.egg-info/dependency_links.txt
[4.063s] writing entry points to ../../build/db_broker/db_broker.egg-info/entry_points.txt
[4.064s] writing requirements to ../../build/db_broker/db_broker.egg-info/requires.txt
[4.064s] writing top-level names to ../../build/db_broker/db_broker.egg-info/top_level.txt
[4.072s] reading manifest file '../../build/db_broker/db_broker.egg-info/SOURCES.txt'
[4.073s] adding license file 'LICENSE'
[4.076s] writing manifest file '../../build/db_broker/db_broker.egg-info/SOURCES.txt'
[4.076s] running build
[4.076s] running build_py
[4.077s] copying db_broker/db_broker_pub.py -> /home/beachlbl/porter/ros2-ws-2024/build/db_broker/build/lib/db_broker
[4.078s] running install
[4.080s] running install_lib
[4.084s] copying /home/beachlbl/porter/ros2-ws-2024/build/db_broker/build/lib/db_broker/db_broker_pub.py -> /home/beachlbl/porter/ros2-ws-2024/install/db_broker/lib/python3.10/site-packages/db_broker
[4.086s] byte-compiling /home/beachlbl/porter/ros2-ws-2024/install/db_broker/lib/python3.10/site-packages/db_broker/db_broker_pub.py to db_broker_pub.cpython-310.pyc
[4.090s] running install_data
[4.091s] running install_egg_info
[4.097s] removing '/home/beachlbl/porter/ros2-ws-2024/install/db_broker/lib/python3.10/site-packages/db_broker-0.0.0-py3.10.egg-info' (and everything under it)
[4.098s] Copying ../../build/db_broker/db_broker.egg-info to /home/beachlbl/porter/ros2-ws-2024/install/db_broker/lib/python3.10/site-packages/db_broker-0.0.0-py3.10.egg-info
[4.103s] running install_scripts
[4.184s] Installing db_broker_pub script to /home/beachlbl/porter/ros2-ws-2024/install/db_broker/lib/db_broker
[4.185s] writing list of installed files to '/home/beachlbl/porter/ros2-ws-2024/build/db_broker/install.log'
[4.294s] Invoked command in '/home/beachlbl/porter/ros2-ws-2024/src/db_broker' returned '0': PYTHONPATH=/home/beachlbl/porter/ros2-ws-2024/build/db_broker/prefix_override:/home/beachlbl/porter/ros2-ws-2024/install/db_broker/lib/python3.10/site-packages:${PYTHONPATH} /usr/bin/python3 -W ignore:setup.py install is deprecated setup.py egg_info --egg-base ../../build/db_broker build --build-base /home/beachlbl/porter/ros2-ws-2024/build/db_broker/build install --record /home/beachlbl/porter/ros2-ws-2024/build/db_broker/install.log --single-version-externally-managed install_data
