[7.827s] Invoking command in '/home/beachlbl/porter/ros2-ws-2024/src/sensors': PYTHONPATH=/home/beachlbl/porter/ros2-ws-2024/build/sensors/prefix_override:/home/beachlbl/porter/ros2-ws-2024/install/sensors/lib/python3.10/site-packages:${PYTHONPATH} /usr/bin/python3 -W ignore:setup.py install is deprecated setup.py egg_info --egg-base ../../build/sensors build --build-base /home/beachlbl/porter/ros2-ws-2024/build/sensors/build install --record /home/beachlbl/porter/ros2-ws-2024/build/sensors/install.log --single-version-externally-managed install_data
[9.384s] running egg_info
[9.387s] writing ../../build/sensors/sensors.egg-info/PKG-INFO
[9.388s] writing dependency_links to ../../build/sensors/sensors.egg-info/dependency_links.txt
[9.389s] writing entry points to ../../build/sensors/sensors.egg-info/entry_points.txt
[9.390s] writing requirements to ../../build/sensors/sensors.egg-info/requires.txt
[9.391s] writing top-level names to ../../build/sensors/sensors.egg-info/top_level.txt
[9.399s] reading manifest file '../../build/sensors/sensors.egg-info/SOURCES.txt'
[9.401s] adding license file 'LICENSE'
[9.404s] writing manifest file '../../build/sensors/sensors.egg-info/SOURCES.txt'
[9.405s] running build
[9.405s] running build_py
[9.406s] running install
[9.408s] running install_lib
[9.414s] running install_data
[9.415s] running install_egg_info
[9.423s] removing '/home/beachlbl/porter/ros2-ws-2024/install/sensors/lib/python3.10/site-packages/sensors-0.0.0-py3.10.egg-info' (and everything under it)
[9.425s] Copying ../../build/sensors/sensors.egg-info to /home/beachlbl/porter/ros2-ws-2024/install/sensors/lib/python3.10/site-packages/sensors-0.0.0-py3.10.egg-info
[9.432s] running install_scripts
[9.537s] Installing sensors_sub script to /home/beachlbl/porter/ros2-ws-2024/install/sensors/lib/sensors
[9.540s] writing list of installed files to '/home/beachlbl/porter/ros2-ws-2024/build/sensors/install.log'
[9.719s] Invoked command in '/home/beachlbl/porter/ros2-ws-2024/src/sensors' returned '0': PYTHONPATH=/home/beachlbl/porter/ros2-ws-2024/build/sensors/prefix_override:/home/beachlbl/porter/ros2-ws-2024/install/sensors/lib/python3.10/site-packages:${PYTHONPATH} /usr/bin/python3 -W ignore:setup.py install is deprecated setup.py egg_info --egg-base ../../build/sensors build --build-base /home/beachlbl/porter/ros2-ws-2024/build/sensors/build install --record /home/beachlbl/porter/ros2-ws-2024/build/sensors/install.log --single-version-externally-managed install_data
