[2.921s] Invoking command in '/home/beachlbl/ros2-ws-2024/src/drive_ex': PYTHONPATH=/home/beachlbl/ros2-ws-2024/build/drive_ex/prefix_override:/home/beachlbl/ros2-ws-2024/install/drive_ex/lib/python3.10/site-packages:${PYTHONPATH} /usr/bin/python3 -W ignore:setup.py install is deprecated setup.py egg_info --egg-base ../../build/drive_ex build --build-base /home/beachlbl/ros2-ws-2024/build/drive_ex/build install --record /home/beachlbl/ros2-ws-2024/build/drive_ex/install.log --single-version-externally-managed install_data
[4.030s] running egg_info
[4.034s] writing ../../build/drive_ex/drive_ex.egg-info/PKG-INFO
[4.035s] writing dependency_links to ../../build/drive_ex/drive_ex.egg-info/dependency_links.txt
[4.036s] writing entry points to ../../build/drive_ex/drive_ex.egg-info/entry_points.txt
[4.037s] writing requirements to ../../build/drive_ex/drive_ex.egg-info/requires.txt
[4.037s] writing top-level names to ../../build/drive_ex/drive_ex.egg-info/top_level.txt
[4.045s] reading manifest file '../../build/drive_ex/drive_ex.egg-info/SOURCES.txt'
[4.046s] adding license file 'LICENSE'
[4.049s] writing manifest file '../../build/drive_ex/drive_ex.egg-info/SOURCES.txt'
[4.050s] running build
[4.050s] running build_py
[4.050s] copying drive_ex/drivetrain_ex_sub.py -> /home/beachlbl/ros2-ws-2024/build/drive_ex/build/lib/drive_ex
[4.052s] running install
[4.053s] running install_lib
[4.056s] copying /home/beachlbl/ros2-ws-2024/build/drive_ex/build/lib/drive_ex/drivetrain_ex_sub.py -> /home/beachlbl/ros2-ws-2024/install/drive_ex/lib/python3.10/site-packages/drive_ex
[4.059s] byte-compiling /home/beachlbl/ros2-ws-2024/install/drive_ex/lib/python3.10/site-packages/drive_ex/drivetrain_ex_sub.py to drivetrain_ex_sub.cpython-310.pyc
[4.064s] running install_data
[4.064s] running install_egg_info
[4.071s] removing '/home/beachlbl/ros2-ws-2024/install/drive_ex/lib/python3.10/site-packages/drive_ex-0.0.0-py3.10.egg-info' (and everything under it)
[4.072s] Copying ../../build/drive_ex/drive_ex.egg-info to /home/beachlbl/ros2-ws-2024/install/drive_ex/lib/python3.10/site-packages/drive_ex-0.0.0-py3.10.egg-info
[4.077s] running install_scripts
[4.158s] Installing drivetrain_ex script to /home/beachlbl/ros2-ws-2024/install/drive_ex/lib/drive_ex
[4.160s] writing list of installed files to '/home/beachlbl/ros2-ws-2024/build/drive_ex/install.log'
[4.280s] Invoked command in '/home/beachlbl/ros2-ws-2024/src/drive_ex' returned '0': PYTHONPATH=/home/beachlbl/ros2-ws-2024/build/drive_ex/prefix_override:/home/beachlbl/ros2-ws-2024/install/drive_ex/lib/python3.10/site-packages:${PYTHONPATH} /usr/bin/python3 -W ignore:setup.py install is deprecated setup.py egg_info --egg-base ../../build/drive_ex build --build-base /home/beachlbl/ros2-ws-2024/build/drive_ex/build install --record /home/beachlbl/ros2-ws-2024/build/drive_ex/install.log --single-version-externally-managed install_data
