[0.268s] DEBUG:colcon:Command line arguments: ['/usr/bin/colcon', 'build']
[0.268s] DEBUG:colcon:Parsed command line arguments: Namespace(log_base=None, log_level=None, verb_name='build', build_base='build', install_base='install', merge_install=False, symlink_install=False, test_result_base=None, continue_on_error=False, executor='parallel', parallel_workers=12, event_handlers=None, ignore_user_meta=False, metas=['./colcon.meta'], base_paths=['.'], packages_ignore=None, packages_ignore_regex=None, paths=None, packages_up_to=None, packages_up_to_regex=None, packages_above=None, packages_above_and_dependencies=None, packages_above_depth=None, packages_select_by_dep=None, packages_skip_by_dep=None, packages_skip_up_to=None, packages_select_build_failed=False, packages_skip_build_finished=False, packages_select_test_failures=False, packages_skip_test_passed=False, packages_select=None, packages_skip=None, packages_select_regex=None, packages_skip_regex=None, packages_start=None, packages_end=None, allow_overriding=[], cmake_args=None, cmake_target=None, cmake_target_skip_unavailable=False, cmake_clean_cache=False, cmake_clean_first=False, cmake_force_configure=False, ament_cmake_args=None, catkin_cmake_args=None, catkin_skip_building_tests=False, verb_parser=<colcon_defaults.argument_parser.defaults.DefaultArgumentsDecorator object at 0x7fb7d0b00040>, verb_extension=<colcon_core.verb.build.BuildVerb object at 0x7fb7d0ac7af0>, main=<bound method BuildVerb.main of <colcon_core.verb.build.BuildVerb object at 0x7fb7d0ac7af0>>)
[0.420s] Level 1:colcon.colcon_core.package_discovery:discover_packages(colcon_meta) check parameters
[0.420s] Level 1:colcon.colcon_core.package_discovery:discover_packages(recursive) check parameters
[0.420s] Level 1:colcon.colcon_core.package_discovery:discover_packages(ignore) check parameters
[0.420s] Level 1:colcon.colcon_core.package_discovery:discover_packages(path) check parameters
[0.420s] Level 1:colcon.colcon_core.package_discovery:discover_packages(colcon_meta) discover
[0.420s] Level 1:colcon.colcon_core.package_discovery:discover_packages(recursive) discover
[0.420s] INFO:colcon.colcon_core.package_discovery:Crawling recursively for packages in '/root/ros2-ws-2024'
[0.420s] Level 1:colcon.colcon_core.package_identification:_identify(.) by extensions ['ignore', 'ignore_ament_install']
[0.420s] Level 1:colcon.colcon_core.package_identification:_identify(.) by extension 'ignore'
[0.421s] Level 1:colcon.colcon_core.package_identification:_identify(.) by extension 'ignore_ament_install'
[0.421s] Level 1:colcon.colcon_core.package_identification:_identify(.) by extensions ['colcon_pkg']
[0.421s] Level 1:colcon.colcon_core.package_identification:_identify(.) by extension 'colcon_pkg'
[0.421s] Level 1:colcon.colcon_core.package_identification:_identify(.) by extensions ['colcon_meta']
[0.421s] Level 1:colcon.colcon_core.package_identification:_identify(.) by extension 'colcon_meta'
[0.421s] Level 1:colcon.colcon_core.package_identification:_identify(.) by extensions ['ros']
[0.421s] Level 1:colcon.colcon_core.package_identification:_identify(.) by extension 'ros'
[0.432s] Level 1:colcon.colcon_core.package_identification:_identify(.) by extensions ['cmake', 'python']
[0.432s] Level 1:colcon.colcon_core.package_identification:_identify(.) by extension 'cmake'
[0.432s] Level 1:colcon.colcon_core.package_identification:_identify(.) by extension 'python'
[0.432s] Level 1:colcon.colcon_core.package_identification:_identify(.) by extensions ['python_setup_py']
[0.432s] Level 1:colcon.colcon_core.package_identification:_identify(.) by extension 'python_setup_py'
[0.432s] Level 1:colcon.colcon_core.package_identification:_identify(build) by extensions ['ignore', 'ignore_ament_install']
[0.432s] Level 1:colcon.colcon_core.package_identification:_identify(build) by extension 'ignore'
[0.432s] Level 1:colcon.colcon_core.package_identification:_identify(build) ignored
[0.432s] Level 1:colcon.colcon_core.package_identification:_identify(install) by extensions ['ignore', 'ignore_ament_install']
[0.432s] Level 1:colcon.colcon_core.package_identification:_identify(install) by extension 'ignore'
[0.432s] Level 1:colcon.colcon_core.package_identification:_identify(install) ignored
[0.432s] Level 1:colcon.colcon_core.package_identification:_identify(log) by extensions ['ignore', 'ignore_ament_install']
[0.432s] Level 1:colcon.colcon_core.package_identification:_identify(log) by extension 'ignore'
[0.432s] Level 1:colcon.colcon_core.package_identification:_identify(log) ignored
[0.433s] Level 1:colcon.colcon_core.package_identification:_identify(src) by extensions ['ignore', 'ignore_ament_install']
[0.433s] Level 1:colcon.colcon_core.package_identification:_identify(src) by extension 'ignore'
[0.433s] Level 1:colcon.colcon_core.package_identification:_identify(src) by extension 'ignore_ament_install'
[0.433s] Level 1:colcon.colcon_core.package_identification:_identify(src) by extensions ['colcon_pkg']
[0.433s] Level 1:colcon.colcon_core.package_identification:_identify(src) by extension 'colcon_pkg'
[0.433s] Level 1:colcon.colcon_core.package_identification:_identify(src) by extensions ['colcon_meta']
[0.433s] Level 1:colcon.colcon_core.package_identification:_identify(src) by extension 'colcon_meta'
[0.433s] Level 1:colcon.colcon_core.package_identification:_identify(src) by extensions ['ros']
[0.433s] Level 1:colcon.colcon_core.package_identification:_identify(src) by extension 'ros'
[0.433s] Level 1:colcon.colcon_core.package_identification:_identify(src) by extensions ['cmake', 'python']
[0.433s] Level 1:colcon.colcon_core.package_identification:_identify(src) by extension 'cmake'
[0.433s] Level 1:colcon.colcon_core.package_identification:_identify(src) by extension 'python'
[0.433s] Level 1:colcon.colcon_core.package_identification:_identify(src) by extensions ['python_setup_py']
[0.433s] Level 1:colcon.colcon_core.package_identification:_identify(src) by extension 'python_setup_py'
[0.433s] Level 1:colcon.colcon_core.package_identification:_identify(src/camera_test) by extensions ['ignore', 'ignore_ament_install']
[0.433s] Level 1:colcon.colcon_core.package_identification:_identify(src/camera_test) by extension 'ignore'
[0.433s] Level 1:colcon.colcon_core.package_identification:_identify(src/camera_test) by extension 'ignore_ament_install'
[0.433s] Level 1:colcon.colcon_core.package_identification:_identify(src/camera_test) by extensions ['colcon_pkg']
[0.433s] Level 1:colcon.colcon_core.package_identification:_identify(src/camera_test) by extension 'colcon_pkg'
[0.433s] Level 1:colcon.colcon_core.package_identification:_identify(src/camera_test) by extensions ['colcon_meta']
[0.434s] Level 1:colcon.colcon_core.package_identification:_identify(src/camera_test) by extension 'colcon_meta'
[0.434s] Level 1:colcon.colcon_core.package_identification:_identify(src/camera_test) by extensions ['ros']
[0.434s] Level 1:colcon.colcon_core.package_identification:_identify(src/camera_test) by extension 'ros'
[0.436s] DEBUG:colcon.colcon_core.package_identification:Package 'src/camera_test' with type 'ros.ament_python' and name 'camera_test'
[0.436s] Level 1:colcon.colcon_core.package_identification:_identify(src/canbus_interface) by extensions ['ignore', 'ignore_ament_install']
[0.436s] Level 1:colcon.colcon_core.package_identification:_identify(src/canbus_interface) by extension 'ignore'
[0.436s] Level 1:colcon.colcon_core.package_identification:_identify(src/canbus_interface) by extension 'ignore_ament_install'
[0.436s] Level 1:colcon.colcon_core.package_identification:_identify(src/canbus_interface) by extensions ['colcon_pkg']
[0.436s] Level 1:colcon.colcon_core.package_identification:_identify(src/canbus_interface) by extension 'colcon_pkg'
[0.436s] Level 1:colcon.colcon_core.package_identification:_identify(src/canbus_interface) by extensions ['colcon_meta']
[0.436s] Level 1:colcon.colcon_core.package_identification:_identify(src/canbus_interface) by extension 'colcon_meta'
[0.436s] Level 1:colcon.colcon_core.package_identification:_identify(src/canbus_interface) by extensions ['ros']
[0.436s] Level 1:colcon.colcon_core.package_identification:_identify(src/canbus_interface) by extension 'ros'
[0.437s] DEBUG:colcon.colcon_core.package_identification:Package 'src/canbus_interface' with type 'ros.ament_python' and name 'canbus_interface'
[0.437s] Level 1:colcon.colcon_core.package_identification:_identify(src/py_pubsub) by extensions ['ignore', 'ignore_ament_install']
[0.437s] Level 1:colcon.colcon_core.package_identification:_identify(src/py_pubsub) by extension 'ignore'
[0.437s] Level 1:colcon.colcon_core.package_identification:_identify(src/py_pubsub) by extension 'ignore_ament_install'
[0.437s] Level 1:colcon.colcon_core.package_identification:_identify(src/py_pubsub) by extensions ['colcon_pkg']
[0.437s] Level 1:colcon.colcon_core.package_identification:_identify(src/py_pubsub) by extension 'colcon_pkg'
[0.437s] Level 1:colcon.colcon_core.package_identification:_identify(src/py_pubsub) by extensions ['colcon_meta']
[0.437s] Level 1:colcon.colcon_core.package_identification:_identify(src/py_pubsub) by extension 'colcon_meta'
[0.437s] Level 1:colcon.colcon_core.package_identification:_identify(src/py_pubsub) by extensions ['ros']
[0.437s] Level 1:colcon.colcon_core.package_identification:_identify(src/py_pubsub) by extension 'ros'
[0.438s] DEBUG:colcon.colcon_core.package_identification:Package 'src/py_pubsub' with type 'ros.ament_python' and name 'py_pubsub'
[0.438s] Level 1:colcon.colcon_core.package_discovery:discover_packages(recursive) using defaults
[0.438s] Level 1:colcon.colcon_core.package_discovery:discover_packages(ignore) discover
[0.438s] Level 1:colcon.colcon_core.package_discovery:discover_packages(ignore) using defaults
[0.438s] Level 1:colcon.colcon_core.package_discovery:discover_packages(path) discover
[0.438s] Level 1:colcon.colcon_core.package_discovery:discover_packages(path) using defaults
[0.456s] Level 1:colcon.colcon_core.package_discovery:discover_packages(prefix_path) check parameters
[0.456s] Level 1:colcon.colcon_core.package_discovery:discover_packages(prefix_path) discover
[0.458s] DEBUG:colcon.colcon_installed_package_information.package_discovery:Found 3 installed packages in /root/ros2-ws-2024/install
[0.459s] DEBUG:colcon.colcon_installed_package_information.package_discovery:Found 284 installed packages in /opt/ros/iron
[0.461s] Level 1:colcon.colcon_core.package_discovery:discover_packages(prefix_path) using defaults
[0.517s] Level 5:colcon.colcon_core.verb:set package 'camera_test' build argument 'cmake_args' from command line to 'None'
[0.517s] Level 5:colcon.colcon_core.verb:set package 'camera_test' build argument 'cmake_target' from command line to 'None'
[0.517s] Level 5:colcon.colcon_core.verb:set package 'camera_test' build argument 'cmake_target_skip_unavailable' from command line to 'False'
[0.517s] Level 5:colcon.colcon_core.verb:set package 'camera_test' build argument 'cmake_clean_cache' from command line to 'False'
[0.517s] Level 5:colcon.colcon_core.verb:set package 'camera_test' build argument 'cmake_clean_first' from command line to 'False'
[0.517s] Level 5:colcon.colcon_core.verb:set package 'camera_test' build argument 'cmake_force_configure' from command line to 'False'
[0.517s] Level 5:colcon.colcon_core.verb:set package 'camera_test' build argument 'ament_cmake_args' from command line to 'None'
[0.517s] Level 5:colcon.colcon_core.verb:set package 'camera_test' build argument 'catkin_cmake_args' from command line to 'None'
[0.517s] Level 5:colcon.colcon_core.verb:set package 'camera_test' build argument 'catkin_skip_building_tests' from command line to 'False'
[0.517s] DEBUG:colcon.colcon_core.verb:Building package 'camera_test' with the following arguments: {'ament_cmake_args': None, 'build_base': '/root/ros2-ws-2024/build/camera_test', 'catkin_cmake_args': None, 'catkin_skip_building_tests': False, 'cmake_args': None, 'cmake_clean_cache': False, 'cmake_clean_first': False, 'cmake_force_configure': False, 'cmake_target': None, 'cmake_target_skip_unavailable': False, 'install_base': '/root/ros2-ws-2024/install/camera_test', 'merge_install': False, 'path': '/root/ros2-ws-2024/src/camera_test', 'symlink_install': False, 'test_result_base': None}
[0.518s] Level 5:colcon.colcon_core.verb:set package 'canbus_interface' build argument 'cmake_args' from command line to 'None'
[0.518s] Level 5:colcon.colcon_core.verb:set package 'canbus_interface' build argument 'cmake_target' from command line to 'None'
[0.518s] Level 5:colcon.colcon_core.verb:set package 'canbus_interface' build argument 'cmake_target_skip_unavailable' from command line to 'False'
[0.518s] Level 5:colcon.colcon_core.verb:set package 'canbus_interface' build argument 'cmake_clean_cache' from command line to 'False'
[0.518s] Level 5:colcon.colcon_core.verb:set package 'canbus_interface' build argument 'cmake_clean_first' from command line to 'False'
[0.518s] Level 5:colcon.colcon_core.verb:set package 'canbus_interface' build argument 'cmake_force_configure' from command line to 'False'
[0.518s] Level 5:colcon.colcon_core.verb:set package 'canbus_interface' build argument 'ament_cmake_args' from command line to 'None'
[0.518s] Level 5:colcon.colcon_core.verb:set package 'canbus_interface' build argument 'catkin_cmake_args' from command line to 'None'
[0.518s] Level 5:colcon.colcon_core.verb:set package 'canbus_interface' build argument 'catkin_skip_building_tests' from command line to 'False'
[0.518s] DEBUG:colcon.colcon_core.verb:Building package 'canbus_interface' with the following arguments: {'ament_cmake_args': None, 'build_base': '/root/ros2-ws-2024/build/canbus_interface', 'catkin_cmake_args': None, 'catkin_skip_building_tests': False, 'cmake_args': None, 'cmake_clean_cache': False, 'cmake_clean_first': False, 'cmake_force_configure': False, 'cmake_target': None, 'cmake_target_skip_unavailable': False, 'install_base': '/root/ros2-ws-2024/install/canbus_interface', 'merge_install': False, 'path': '/root/ros2-ws-2024/src/canbus_interface', 'symlink_install': False, 'test_result_base': None}
[0.519s] Level 5:colcon.colcon_core.verb:set package 'py_pubsub' build argument 'cmake_args' from command line to 'None'
[0.519s] Level 5:colcon.colcon_core.verb:set package 'py_pubsub' build argument 'cmake_target' from command line to 'None'
[0.519s] Level 5:colcon.colcon_core.verb:set package 'py_pubsub' build argument 'cmake_target_skip_unavailable' from command line to 'False'
[0.519s] Level 5:colcon.colcon_core.verb:set package 'py_pubsub' build argument 'cmake_clean_cache' from command line to 'False'
[0.519s] Level 5:colcon.colcon_core.verb:set package 'py_pubsub' build argument 'cmake_clean_first' from command line to 'False'
[0.519s] Level 5:colcon.colcon_core.verb:set package 'py_pubsub' build argument 'cmake_force_configure' from command line to 'False'
[0.519s] Level 5:colcon.colcon_core.verb:set package 'py_pubsub' build argument 'ament_cmake_args' from command line to 'None'
[0.519s] Level 5:colcon.colcon_core.verb:set package 'py_pubsub' build argument 'catkin_cmake_args' from command line to 'None'
[0.519s] Level 5:colcon.colcon_core.verb:set package 'py_pubsub' build argument 'catkin_skip_building_tests' from command line to 'False'
[0.519s] DEBUG:colcon.colcon_core.verb:Building package 'py_pubsub' with the following arguments: {'ament_cmake_args': None, 'build_base': '/root/ros2-ws-2024/build/py_pubsub', 'catkin_cmake_args': None, 'catkin_skip_building_tests': False, 'cmake_args': None, 'cmake_clean_cache': False, 'cmake_clean_first': False, 'cmake_force_configure': False, 'cmake_target': None, 'cmake_target_skip_unavailable': False, 'install_base': '/root/ros2-ws-2024/install/py_pubsub', 'merge_install': False, 'path': '/root/ros2-ws-2024/src/py_pubsub', 'symlink_install': False, 'test_result_base': None}
[0.519s] INFO:colcon.colcon_core.executor:Executing jobs using 'parallel' executor
[0.521s] DEBUG:colcon.colcon_parallel_executor.executor.parallel:run_until_complete
[0.521s] INFO:colcon.colcon_ros.task.ament_python.build:Building ROS package in '/root/ros2-ws-2024/src/camera_test' with build type 'ament_python'
[0.522s] Level 1:colcon.colcon_core.shell:create_environment_hook('camera_test', 'ament_prefix_path')
[0.525s] INFO:colcon.colcon_core.plugin_system:Skipping extension 'colcon_core.shell.bat': Not used on non-Windows systems
[0.525s] INFO:colcon.colcon_core.shell:Creating environment hook '/root/ros2-ws-2024/install/camera_test/share/camera_test/hook/ament_prefix_path.ps1'
[0.526s] INFO:colcon.colcon_core.shell:Creating environment descriptor '/root/ros2-ws-2024/install/camera_test/share/camera_test/hook/ament_prefix_path.dsv'
[0.527s] INFO:colcon.colcon_core.shell:Creating environment hook '/root/ros2-ws-2024/install/camera_test/share/camera_test/hook/ament_prefix_path.sh'
[0.528s] INFO:colcon.colcon_core.shell:Skip shell extension 'powershell' for command environment: Not usable outside of PowerShell
[0.528s] DEBUG:colcon.colcon_core.shell:Skip shell extension 'dsv' for command environment
[0.532s] INFO:colcon.colcon_ros.task.ament_python.build:Building ROS package in '/root/ros2-ws-2024/src/canbus_interface' with build type 'ament_python'
[0.532s] Level 1:colcon.colcon_core.shell:create_environment_hook('canbus_interface', 'ament_prefix_path')
[0.533s] INFO:colcon.colcon_core.shell:Creating environment hook '/root/ros2-ws-2024/install/canbus_interface/share/canbus_interface/hook/ament_prefix_path.ps1'
[0.534s] INFO:colcon.colcon_core.shell:Creating environment descriptor '/root/ros2-ws-2024/install/canbus_interface/share/canbus_interface/hook/ament_prefix_path.dsv'
[0.534s] INFO:colcon.colcon_core.shell:Creating environment hook '/root/ros2-ws-2024/install/canbus_interface/share/canbus_interface/hook/ament_prefix_path.sh'
[0.535s] INFO:colcon.colcon_core.shell:Skip shell extension 'powershell' for command environment: Not usable outside of PowerShell
[0.535s] DEBUG:colcon.colcon_core.shell:Skip shell extension 'dsv' for command environment
[0.539s] INFO:colcon.colcon_ros.task.ament_python.build:Building ROS package in '/root/ros2-ws-2024/src/py_pubsub' with build type 'ament_python'
[0.539s] Level 1:colcon.colcon_core.shell:create_environment_hook('py_pubsub', 'ament_prefix_path')
[0.540s] INFO:colcon.colcon_core.shell:Creating environment hook '/root/ros2-ws-2024/install/py_pubsub/share/py_pubsub/hook/ament_prefix_path.ps1'
[0.540s] INFO:colcon.colcon_core.shell:Creating environment descriptor '/root/ros2-ws-2024/install/py_pubsub/share/py_pubsub/hook/ament_prefix_path.dsv'
[0.541s] INFO:colcon.colcon_core.shell:Creating environment hook '/root/ros2-ws-2024/install/py_pubsub/share/py_pubsub/hook/ament_prefix_path.sh'
[0.542s] INFO:colcon.colcon_core.shell:Skip shell extension 'powershell' for command environment: Not usable outside of PowerShell
[0.542s] DEBUG:colcon.colcon_core.shell:Skip shell extension 'dsv' for command environment
[0.780s] INFO:colcon.colcon_core.task.python.build:Building Python package in '/root/ros2-ws-2024/src/camera_test'
[0.780s] INFO:colcon.colcon_core.shell:Skip shell extension 'powershell' for command environment: Not usable outside of PowerShell
[0.780s] DEBUG:colcon.colcon_core.shell:Skip shell extension 'dsv' for command environment
[1.017s] INFO:colcon.colcon_core.task.python.build:Building Python package in '/root/ros2-ws-2024/src/canbus_interface'
[1.017s] INFO:colcon.colcon_core.shell:Skip shell extension 'powershell' for command environment: Not usable outside of PowerShell
[1.017s] DEBUG:colcon.colcon_core.shell:Skip shell extension 'dsv' for command environment
[1.258s] INFO:colcon.colcon_core.task.python.build:Building Python package in '/root/ros2-ws-2024/src/py_pubsub'
[1.258s] INFO:colcon.colcon_core.shell:Skip shell extension 'powershell' for command environment: Not usable outside of PowerShell
[1.258s] DEBUG:colcon.colcon_core.shell:Skip shell extension 'dsv' for command environment
[1.642s] DEBUG:colcon.colcon_core.event_handler.log_command:Invoking command in '/root/ros2-ws-2024/src/camera_test': PYTHONPATH=/root/ros2-ws-2024/build/camera_test/prefix_override:/root/ros2-ws-2024/install/camera_test/lib/python3.10/site-packages:${PYTHONPATH} /usr/bin/python3 -W ignore:setup.py install is deprecated setup.py egg_info --egg-base ../../build/camera_test build --build-base /root/ros2-ws-2024/build/camera_test/build install --record /root/ros2-ws-2024/build/camera_test/install.log --single-version-externally-managed install_data
[1.654s] DEBUG:colcon.colcon_core.event_handler.log_command:Invoking command in '/root/ros2-ws-2024/src/canbus_interface': PYTHONPATH=/root/ros2-ws-2024/build/canbus_interface/prefix_override:/root/ros2-ws-2024/install/canbus_interface/lib/python3.10/site-packages:${PYTHONPATH} /usr/bin/python3 -W ignore:setup.py install is deprecated setup.py egg_info --egg-base ../../build/canbus_interface build --build-base /root/ros2-ws-2024/build/canbus_interface/build install --record /root/ros2-ws-2024/build/canbus_interface/install.log --single-version-externally-managed install_data
[1.655s] DEBUG:colcon.colcon_core.event_handler.log_command:Invoking command in '/root/ros2-ws-2024/src/py_pubsub': PYTHONPATH=/root/ros2-ws-2024/build/py_pubsub/prefix_override:/root/ros2-ws-2024/install/py_pubsub/lib/python3.10/site-packages:${PYTHONPATH} /usr/bin/python3 -W ignore:setup.py install is deprecated setup.py egg_info --egg-base ../../build/py_pubsub build --build-base /root/ros2-ws-2024/build/py_pubsub/build install --record /root/ros2-ws-2024/build/py_pubsub/install.log --single-version-externally-managed install_data
[1.989s] DEBUG:colcon.colcon_core.event_handler.log_command:Invoked command in '/root/ros2-ws-2024/src/py_pubsub' returned '0': PYTHONPATH=/root/ros2-ws-2024/build/py_pubsub/prefix_override:/root/ros2-ws-2024/install/py_pubsub/lib/python3.10/site-packages:${PYTHONPATH} /usr/bin/python3 -W ignore:setup.py install is deprecated setup.py egg_info --egg-base ../../build/py_pubsub build --build-base /root/ros2-ws-2024/build/py_pubsub/build install --record /root/ros2-ws-2024/build/py_pubsub/install.log --single-version-externally-managed install_data
[1.991s] Level 1:colcon.colcon_core.environment:checking '/root/ros2-ws-2024/install/py_pubsub' for CMake module files
[1.992s] Level 1:colcon.colcon_core.environment:checking '/root/ros2-ws-2024/install/py_pubsub' for CMake config files
[1.992s] Level 1:colcon.colcon_core.environment:checking '/root/ros2-ws-2024/install/py_pubsub/lib'
[1.992s] Level 1:colcon.colcon_core.environment:checking '/root/ros2-ws-2024/install/py_pubsub/bin'
[1.992s] Level 1:colcon.colcon_core.environment:checking '/root/ros2-ws-2024/install/py_pubsub/lib/pkgconfig/py_pubsub.pc'
[1.993s] Level 1:colcon.colcon_core.environment:checking '/root/ros2-ws-2024/install/py_pubsub/lib/python3.10/site-packages'
[1.993s] Level 1:colcon.colcon_core.shell:create_environment_hook('py_pubsub', 'pythonpath')
[1.993s] INFO:colcon.colcon_core.shell:Creating environment hook '/root/ros2-ws-2024/install/py_pubsub/share/py_pubsub/hook/pythonpath.ps1'
[1.994s] INFO:colcon.colcon_core.shell:Creating environment descriptor '/root/ros2-ws-2024/install/py_pubsub/share/py_pubsub/hook/pythonpath.dsv'
[1.994s] INFO:colcon.colcon_core.shell:Creating environment hook '/root/ros2-ws-2024/install/py_pubsub/share/py_pubsub/hook/pythonpath.sh'
[1.994s] Level 1:colcon.colcon_core.environment:checking '/root/ros2-ws-2024/install/py_pubsub/bin'
[1.994s] Level 1:colcon.colcon_core.environment:create_environment_scripts_only(py_pubsub)
[1.995s] INFO:colcon.colcon_core.shell:Creating package script '/root/ros2-ws-2024/install/py_pubsub/share/py_pubsub/package.ps1'
[1.996s] INFO:colcon.colcon_core.shell:Creating package descriptor '/root/ros2-ws-2024/install/py_pubsub/share/py_pubsub/package.dsv'
[1.997s] INFO:colcon.colcon_core.shell:Creating package script '/root/ros2-ws-2024/install/py_pubsub/share/py_pubsub/package.sh'
[1.997s] INFO:colcon.colcon_core.shell:Creating package script '/root/ros2-ws-2024/install/py_pubsub/share/py_pubsub/package.bash'
[1.998s] INFO:colcon.colcon_core.shell:Creating package script '/root/ros2-ws-2024/install/py_pubsub/share/py_pubsub/package.zsh'
[1.999s] Level 1:colcon.colcon_core.environment:create_file_with_runtime_dependencies(/root/ros2-ws-2024/install/py_pubsub/share/colcon-core/packages/py_pubsub)
[2.002s] Level 1:colcon.colcon_core.environment:checking '/root/ros2-ws-2024/install/camera_test' for CMake module files
[2.003s] DEBUG:colcon.colcon_core.event_handler.log_command:Invoked command in '/root/ros2-ws-2024/src/camera_test' returned '0': PYTHONPATH=/root/ros2-ws-2024/build/camera_test/prefix_override:/root/ros2-ws-2024/install/camera_test/lib/python3.10/site-packages:${PYTHONPATH} /usr/bin/python3 -W ignore:setup.py install is deprecated setup.py egg_info --egg-base ../../build/camera_test build --build-base /root/ros2-ws-2024/build/camera_test/build install --record /root/ros2-ws-2024/build/camera_test/install.log --single-version-externally-managed install_data
[2.003s] Level 1:colcon.colcon_core.environment:checking '/root/ros2-ws-2024/install/camera_test' for CMake config files
[2.004s] Level 1:colcon.colcon_core.shell:create_environment_hook('camera_test', 'cmake_prefix_path')
[2.004s] INFO:colcon.colcon_core.shell:Creating environment hook '/root/ros2-ws-2024/install/camera_test/share/camera_test/hook/cmake_prefix_path.ps1'
[2.004s] INFO:colcon.colcon_core.shell:Creating environment descriptor '/root/ros2-ws-2024/install/camera_test/share/camera_test/hook/cmake_prefix_path.dsv'
[2.005s] INFO:colcon.colcon_core.shell:Creating environment hook '/root/ros2-ws-2024/install/camera_test/share/camera_test/hook/cmake_prefix_path.sh'
[2.005s] Level 1:colcon.colcon_core.environment:checking '/root/ros2-ws-2024/install/camera_test/lib'
[2.005s] Level 1:colcon.colcon_core.environment:checking '/root/ros2-ws-2024/install/camera_test/bin'
[2.005s] Level 1:colcon.colcon_core.environment:checking '/root/ros2-ws-2024/install/camera_test/lib/pkgconfig/camera_test.pc'
[2.006s] Level 1:colcon.colcon_core.environment:checking '/root/ros2-ws-2024/install/camera_test/lib/python3.10/site-packages'
[2.006s] Level 1:colcon.colcon_core.shell:create_environment_hook('camera_test', 'pythonpath')
[2.006s] INFO:colcon.colcon_core.shell:Creating environment hook '/root/ros2-ws-2024/install/camera_test/share/camera_test/hook/pythonpath.ps1'
[2.006s] INFO:colcon.colcon_core.shell:Creating environment descriptor '/root/ros2-ws-2024/install/camera_test/share/camera_test/hook/pythonpath.dsv'
[2.007s] INFO:colcon.colcon_core.shell:Creating environment hook '/root/ros2-ws-2024/install/camera_test/share/camera_test/hook/pythonpath.sh'
[2.007s] Level 1:colcon.colcon_core.environment:checking '/root/ros2-ws-2024/install/camera_test/bin'
[2.007s] Level 1:colcon.colcon_core.environment:create_environment_scripts_only(camera_test)
[2.008s] INFO:colcon.colcon_core.shell:Creating package script '/root/ros2-ws-2024/install/camera_test/share/camera_test/package.ps1'
[2.008s] INFO:colcon.colcon_core.shell:Creating package descriptor '/root/ros2-ws-2024/install/camera_test/share/camera_test/package.dsv'
[2.009s] INFO:colcon.colcon_core.shell:Creating package script '/root/ros2-ws-2024/install/camera_test/share/camera_test/package.sh'
[2.009s] INFO:colcon.colcon_core.shell:Creating package script '/root/ros2-ws-2024/install/camera_test/share/camera_test/package.bash'
[2.010s] INFO:colcon.colcon_core.shell:Creating package script '/root/ros2-ws-2024/install/camera_test/share/camera_test/package.zsh'
[2.010s] Level 1:colcon.colcon_core.environment:create_file_with_runtime_dependencies(/root/ros2-ws-2024/install/camera_test/share/colcon-core/packages/camera_test)
[2.011s] Level 1:colcon.colcon_core.environment:checking '/root/ros2-ws-2024/install/canbus_interface' for CMake module files
[2.012s] Level 1:colcon.colcon_core.environment:checking '/root/ros2-ws-2024/install/canbus_interface' for CMake config files
[2.012s] DEBUG:colcon.colcon_core.event_handler.log_command:Invoked command in '/root/ros2-ws-2024/src/canbus_interface' returned '0': PYTHONPATH=/root/ros2-ws-2024/build/canbus_interface/prefix_override:/root/ros2-ws-2024/install/canbus_interface/lib/python3.10/site-packages:${PYTHONPATH} /usr/bin/python3 -W ignore:setup.py install is deprecated setup.py egg_info --egg-base ../../build/canbus_interface build --build-base /root/ros2-ws-2024/build/canbus_interface/build install --record /root/ros2-ws-2024/build/canbus_interface/install.log --single-version-externally-managed install_data
[2.013s] Level 1:colcon.colcon_core.environment:checking '/root/ros2-ws-2024/install/canbus_interface/lib'
[2.013s] Level 1:colcon.colcon_core.environment:checking '/root/ros2-ws-2024/install/canbus_interface/bin'
[2.013s] Level 1:colcon.colcon_core.environment:checking '/root/ros2-ws-2024/install/canbus_interface/lib/pkgconfig/canbus_interface.pc'
[2.013s] Level 1:colcon.colcon_core.environment:checking '/root/ros2-ws-2024/install/canbus_interface/lib/python3.10/site-packages'
[2.013s] Level 1:colcon.colcon_core.shell:create_environment_hook('canbus_interface', 'pythonpath')
[2.014s] INFO:colcon.colcon_core.shell:Creating environment hook '/root/ros2-ws-2024/install/canbus_interface/share/canbus_interface/hook/pythonpath.ps1'
[2.014s] INFO:colcon.colcon_core.shell:Creating environment descriptor '/root/ros2-ws-2024/install/canbus_interface/share/canbus_interface/hook/pythonpath.dsv'
[2.014s] INFO:colcon.colcon_core.shell:Creating environment hook '/root/ros2-ws-2024/install/canbus_interface/share/canbus_interface/hook/pythonpath.sh'
[2.015s] Level 1:colcon.colcon_core.environment:checking '/root/ros2-ws-2024/install/canbus_interface/bin'
[2.015s] Level 1:colcon.colcon_core.environment:create_environment_scripts_only(canbus_interface)
[2.015s] INFO:colcon.colcon_core.shell:Creating package script '/root/ros2-ws-2024/install/canbus_interface/share/canbus_interface/package.ps1'
[2.016s] INFO:colcon.colcon_core.shell:Creating package descriptor '/root/ros2-ws-2024/install/canbus_interface/share/canbus_interface/package.dsv'
[2.016s] INFO:colcon.colcon_core.shell:Creating package script '/root/ros2-ws-2024/install/canbus_interface/share/canbus_interface/package.sh'
[2.017s] INFO:colcon.colcon_core.shell:Creating package script '/root/ros2-ws-2024/install/canbus_interface/share/canbus_interface/package.bash'
[2.017s] INFO:colcon.colcon_core.shell:Creating package script '/root/ros2-ws-2024/install/canbus_interface/share/canbus_interface/package.zsh'
[2.018s] Level 1:colcon.colcon_core.environment:create_file_with_runtime_dependencies(/root/ros2-ws-2024/install/canbus_interface/share/colcon-core/packages/canbus_interface)
[2.018s] DEBUG:colcon.colcon_parallel_executor.executor.parallel:closing loop
[2.018s] DEBUG:colcon.colcon_parallel_executor.executor.parallel:loop closed
[2.018s] DEBUG:colcon.colcon_parallel_executor.executor.parallel:run_until_complete finished with '0'
[2.018s] DEBUG:colcon.colcon_core.event_reactor:joining thread
[2.128s] INFO:colcon.colcon_core.plugin_system:Skipping extension 'colcon_notification.desktop_notification.notify_send': Could not find 'notify-send'
[2.128s] INFO:colcon.colcon_core.plugin_system:Skipping extension 'colcon_notification.desktop_notification.terminal_notifier': Not used on non-Darwin systems
[2.128s] INFO:colcon.colcon_core.plugin_system:Skipping extension 'colcon_notification.desktop_notification.win32': Not used on non-Windows systems
[2.128s] INFO:colcon.colcon_notification.desktop_notification:Sending desktop notification using 'notify2'
[2.135s] DEBUG:colcon.colcon_notification.desktop_notification.notify2:Failed to initialize notify2: org.freedesktop.DBus.Error.ServiceUnknown: The name org.freedesktop.Notifications was not provided by any .service files
[2.136s] DEBUG:colcon.colcon_core.event_reactor:joined thread
[2.137s] INFO:colcon.colcon_core.shell:Creating prefix script '/root/ros2-ws-2024/install/local_setup.ps1'
[2.138s] INFO:colcon.colcon_core.shell:Creating prefix util module '/root/ros2-ws-2024/install/_local_setup_util_ps1.py'
[2.140s] INFO:colcon.colcon_core.shell:Creating prefix chain script '/root/ros2-ws-2024/install/setup.ps1'
[2.143s] INFO:colcon.colcon_core.shell:Creating prefix script '/root/ros2-ws-2024/install/local_setup.sh'
[2.144s] INFO:colcon.colcon_core.shell:Creating prefix util module '/root/ros2-ws-2024/install/_local_setup_util_sh.py'
[2.146s] INFO:colcon.colcon_core.shell:Creating prefix chain script '/root/ros2-ws-2024/install/setup.sh'
[2.148s] INFO:colcon.colcon_core.shell:Creating prefix script '/root/ros2-ws-2024/install/local_setup.bash'
[2.149s] INFO:colcon.colcon_core.shell:Creating prefix chain script '/root/ros2-ws-2024/install/setup.bash'
[2.151s] INFO:colcon.colcon_core.shell:Creating prefix script '/root/ros2-ws-2024/install/local_setup.zsh'
[2.152s] INFO:colcon.colcon_core.shell:Creating prefix chain script '/root/ros2-ws-2024/install/setup.zsh'
