[6.746s] Invoking command in '/home/beachlbl/porter/ros2-ws-2024/src/joy_control': PYTHONPATH=/home/beachlbl/porter/ros2-ws-2024/build/joy_control/prefix_override:/home/beachlbl/porter/ros2-ws-2024/install/joy_control/lib/python3.10/site-packages:${PYTHONPATH} /usr/bin/python3 -W ignore:setup.py install is deprecated setup.py egg_info --egg-base ../../build/joy_control build --build-base /home/beachlbl/porter/ros2-ws-2024/build/joy_control/build install --record /home/beachlbl/porter/ros2-ws-2024/build/joy_control/install.log --single-version-externally-managed install_data
[8.497s] running egg_info
[8.500s] writing ../../build/joy_control/joy_control.egg-info/PKG-INFO
[8.502s] writing dependency_links to ../../build/joy_control/joy_control.egg-info/dependency_links.txt
[8.503s] writing entry points to ../../build/joy_control/joy_control.egg-info/entry_points.txt
[8.504s] writing requirements to ../../build/joy_control/joy_control.egg-info/requires.txt
[8.505s] writing top-level names to ../../build/joy_control/joy_control.egg-info/top_level.txt
[8.515s] reading manifest file '../../build/joy_control/joy_control.egg-info/SOURCES.txt'
[8.518s] adding license file 'LICENSE'
[8.521s] writing manifest file '../../build/joy_control/joy_control.egg-info/SOURCES.txt'
[8.523s] running build
[8.524s] running build_py
[8.526s] running install
[8.528s] running install_lib
[8.537s] running install_data
[8.538s] running install_egg_info
[8.547s] removing '/home/beachlbl/porter/ros2-ws-2024/install/joy_control/lib/python3.10/site-packages/joy_control-0.0.0-py3.10.egg-info' (and everything under it)
[8.549s] Copying ../../build/joy_control/joy_control.egg-info to /home/beachlbl/porter/ros2-ws-2024/install/joy_control/lib/python3.10/site-packages/joy_control-0.0.0-py3.10.egg-info
[8.559s] running install_scripts
[8.709s] Installing control_cb script to /home/beachlbl/porter/ros2-ws-2024/install/joy_control/lib/joy_control
[8.711s] Installing control_ex script to /home/beachlbl/porter/ros2-ws-2024/install/joy_control/lib/joy_control
[8.716s] writing list of installed files to '/home/beachlbl/porter/ros2-ws-2024/build/joy_control/install.log'
[9.027s] Invoked command in '/home/beachlbl/porter/ros2-ws-2024/src/joy_control' returned '0': PYTHONPATH=/home/beachlbl/porter/ros2-ws-2024/build/joy_control/prefix_override:/home/beachlbl/porter/ros2-ws-2024/install/joy_control/lib/python3.10/site-packages:${PYTHONPATH} /usr/bin/python3 -W ignore:setup.py install is deprecated setup.py egg_info --egg-base ../../build/joy_control build --build-base /home/beachlbl/porter/ros2-ws-2024/build/joy_control/build install --record /home/beachlbl/porter/ros2-ws-2024/build/joy_control/install.log --single-version-externally-managed install_data
