[8.234s] Invoking command in '/home/beachlbl/porter/ros2-ws-2024/src/sensors': PYTHONPATH=/home/beachlbl/porter/ros2-ws-2024/build/sensors/prefix_override:/home/beachlbl/porter/ros2-ws-2024/install/sensors/lib/python3.10/site-packages:${PYTHONPATH} /usr/bin/python3 -W ignore:setup.py install is deprecated setup.py egg_info --egg-base ../../build/sensors build --build-base /home/beachlbl/porter/ros2-ws-2024/build/sensors/build install --record /home/beachlbl/porter/ros2-ws-2024/build/sensors/install.log --single-version-externally-managed install_data
[10.066s] running egg_info
[10.069s] writing ../../build/sensors/sensors.egg-info/PKG-INFO
[10.072s] writing dependency_links to ../../build/sensors/sensors.egg-info/dependency_links.txt
[10.075s] writing entry points to ../../build/sensors/sensors.egg-info/entry_points.txt
[10.076s] writing requirements to ../../build/sensors/sensors.egg-info/requires.txt
[10.077s] writing top-level names to ../../build/sensors/sensors.egg-info/top_level.txt
[10.087s] reading manifest file '../../build/sensors/sensors.egg-info/SOURCES.txt'
[10.098s] adding license file 'LICENSE'
[10.100s] writing manifest file '../../build/sensors/sensors.egg-info/SOURCES.txt'
[10.101s] running build
[10.102s] running build_py
[10.109s] running install
[10.112s] running install_lib
[10.125s] running install_data
[10.128s] running install_egg_info
[10.140s] removing '/home/beachlbl/porter/ros2-ws-2024/install/sensors/lib/python3.10/site-packages/sensors-0.0.0-py3.10.egg-info' (and everything under it)
[10.144s] Copying ../../build/sensors/sensors.egg-info to /home/beachlbl/porter/ros2-ws-2024/install/sensors/lib/python3.10/site-packages/sensors-0.0.0-py3.10.egg-info
[10.156s] running install_scripts
[10.394s] Installing sensors_sub script to /home/beachlbl/porter/ros2-ws-2024/install/sensors/lib/sensors
[10.405s] writing list of installed files to '/home/beachlbl/porter/ros2-ws-2024/build/sensors/install.log'
[10.683s] Invoked command in '/home/beachlbl/porter/ros2-ws-2024/src/sensors' returned '0': PYTHONPATH=/home/beachlbl/porter/ros2-ws-2024/build/sensors/prefix_override:/home/beachlbl/porter/ros2-ws-2024/install/sensors/lib/python3.10/site-packages:${PYTHONPATH} /usr/bin/python3 -W ignore:setup.py install is deprecated setup.py egg_info --egg-base ../../build/sensors build --build-base /home/beachlbl/porter/ros2-ws-2024/build/sensors/build install --record /home/beachlbl/porter/ros2-ws-2024/build/sensors/install.log --single-version-externally-managed install_data
