[2.949s] Invoking command in '/home/beachlbl/porter/ros2-ws-2024/src/db_broker': PYTHONPATH=/home/beachlbl/porter/ros2-ws-2024/build/db_broker/prefix_override:/home/beachlbl/porter/ros2-ws-2024/install/db_broker/lib/python3.10/site-packages:${PYTHONPATH} /usr/bin/python3 -W ignore:setup.py install is deprecated setup.py egg_info --egg-base ../../build/db_broker build --build-base /home/beachlbl/porter/ros2-ws-2024/build/db_broker/build install --record /home/beachlbl/porter/ros2-ws-2024/build/db_broker/install.log --single-version-externally-managed install_data
[4.085s] running egg_info
[4.088s] writing ../../build/db_broker/db_broker.egg-info/PKG-INFO
[4.089s] writing dependency_links to ../../build/db_broker/db_broker.egg-info/dependency_links.txt
[4.089s] writing entry points to ../../build/db_broker/db_broker.egg-info/entry_points.txt
[4.090s] writing requirements to ../../build/db_broker/db_broker.egg-info/requires.txt
[4.091s] writing top-level names to ../../build/db_broker/db_broker.egg-info/top_level.txt
[4.098s] reading manifest file '../../build/db_broker/db_broker.egg-info/SOURCES.txt'
[4.100s] adding license file 'LICENSE'
[4.102s] writing manifest file '../../build/db_broker/db_broker.egg-info/SOURCES.txt'
[4.103s] running build
[4.103s] running build_py
[4.104s] copying db_broker/db_broker_pub.py -> /home/beachlbl/porter/ros2-ws-2024/build/db_broker/build/lib/db_broker
[4.105s] running install
[4.106s] running install_lib
[4.110s] copying /home/beachlbl/porter/ros2-ws-2024/build/db_broker/build/lib/db_broker/db_broker_pub.py -> /home/beachlbl/porter/ros2-ws-2024/install/db_broker/lib/python3.10/site-packages/db_broker
[4.113s] byte-compiling /home/beachlbl/porter/ros2-ws-2024/install/db_broker/lib/python3.10/site-packages/db_broker/db_broker_pub.py to db_broker_pub.cpython-310.pyc
[4.116s] running install_data
[4.117s] running install_egg_info
[4.123s] removing '/home/beachlbl/porter/ros2-ws-2024/install/db_broker/lib/python3.10/site-packages/db_broker-0.0.0-py3.10.egg-info' (and everything under it)
[4.125s] Copying ../../build/db_broker/db_broker.egg-info to /home/beachlbl/porter/ros2-ws-2024/install/db_broker/lib/python3.10/site-packages/db_broker-0.0.0-py3.10.egg-info
[4.130s] running install_scripts
[4.211s] Installing db_broker_pub script to /home/beachlbl/porter/ros2-ws-2024/install/db_broker/lib/db_broker
[4.213s] writing list of installed files to '/home/beachlbl/porter/ros2-ws-2024/build/db_broker/install.log'
[4.327s] Invoked command in '/home/beachlbl/porter/ros2-ws-2024/src/db_broker' returned '0': PYTHONPATH=/home/beachlbl/porter/ros2-ws-2024/build/db_broker/prefix_override:/home/beachlbl/porter/ros2-ws-2024/install/db_broker/lib/python3.10/site-packages:${PYTHONPATH} /usr/bin/python3 -W ignore:setup.py install is deprecated setup.py egg_info --egg-base ../../build/db_broker build --build-base /home/beachlbl/porter/ros2-ws-2024/build/db_broker/build install --record /home/beachlbl/porter/ros2-ws-2024/build/db_broker/install.log --single-version-externally-managed install_data
