[2.870s] Invoking command in '/home/beachlbl/porter/ros2-ws-2024/src/drive_ex': PYTHONPATH=/home/beachlbl/porter/ros2-ws-2024/build/drive_ex/prefix_override:/home/beachlbl/porter/ros2-ws-2024/install/drive_ex/lib/python3.10/site-packages:${PYTHONPATH} /usr/bin/python3 -W ignore:setup.py install is deprecated setup.py egg_info --egg-base ../../build/drive_ex build --build-base /home/beachlbl/porter/ros2-ws-2024/build/drive_ex/build install --record /home/beachlbl/porter/ros2-ws-2024/build/drive_ex/install.log --single-version-externally-managed install_data
[3.955s] running egg_info
[3.958s] writing ../../build/drive_ex/drive_ex.egg-info/PKG-INFO
[3.959s] writing dependency_links to ../../build/drive_ex/drive_ex.egg-info/dependency_links.txt
[3.960s] writing entry points to ../../build/drive_ex/drive_ex.egg-info/entry_points.txt
[3.960s] writing requirements to ../../build/drive_ex/drive_ex.egg-info/requires.txt
[3.961s] writing top-level names to ../../build/drive_ex/drive_ex.egg-info/top_level.txt
[3.968s] reading manifest file '../../build/drive_ex/drive_ex.egg-info/SOURCES.txt'
[3.969s] adding license file 'LICENSE'
[3.972s] writing manifest file '../../build/drive_ex/drive_ex.egg-info/SOURCES.txt'
[3.972s] running build
[3.973s] running build_py
[3.975s] running install
[3.976s] running install_lib
[3.981s] running install_data
[3.982s] running install_egg_info
[3.988s] removing '/home/beachlbl/porter/ros2-ws-2024/install/drive_ex/lib/python3.10/site-packages/drive_ex-0.0.0-py3.10.egg-info' (and everything under it)
[3.990s] Copying ../../build/drive_ex/drive_ex.egg-info to /home/beachlbl/porter/ros2-ws-2024/install/drive_ex/lib/python3.10/site-packages/drive_ex-0.0.0-py3.10.egg-info
[3.995s] running install_scripts
[4.074s] Installing drivetrain_ex script to /home/beachlbl/porter/ros2-ws-2024/install/drive_ex/lib/drive_ex
[4.074s] Installing drivetrain_mini script to /home/beachlbl/porter/ros2-ws-2024/install/drive_ex/lib/drive_ex
[4.076s] writing list of installed files to '/home/beachlbl/porter/ros2-ws-2024/build/drive_ex/install.log'
[4.182s] Invoked command in '/home/beachlbl/porter/ros2-ws-2024/src/drive_ex' returned '0': PYTHONPATH=/home/beachlbl/porter/ros2-ws-2024/build/drive_ex/prefix_override:/home/beachlbl/porter/ros2-ws-2024/install/drive_ex/lib/python3.10/site-packages:${PYTHONPATH} /usr/bin/python3 -W ignore:setup.py install is deprecated setup.py egg_info --egg-base ../../build/drive_ex build --build-base /home/beachlbl/porter/ros2-ws-2024/build/drive_ex/build install --record /home/beachlbl/porter/ros2-ws-2024/build/drive_ex/install.log --single-version-externally-managed install_data
