[8.834s] Invoking command in '/home/beachlbl/porter/ros2-ws-2024/src/drive_ex': PYTHONPATH=/home/beachlbl/porter/ros2-ws-2024/build/drive_ex/prefix_override:/home/beachlbl/porter/ros2-ws-2024/install/drive_ex/lib/python3.10/site-packages:${PYTHONPATH} /usr/bin/python3 -W ignore:setup.py install is deprecated setup.py egg_info --egg-base ../../build/drive_ex build --build-base /home/beachlbl/porter/ros2-ws-2024/build/drive_ex/build install --record /home/beachlbl/porter/ros2-ws-2024/build/drive_ex/install.log --single-version-externally-managed install_data
[11.462s] running egg_info
[11.468s] writing ../../build/drive_ex/drive_ex.egg-info/PKG-INFO
[11.471s] writing dependency_links to ../../build/drive_ex/drive_ex.egg-info/dependency_links.txt
[11.474s] writing entry points to ../../build/drive_ex/drive_ex.egg-info/entry_points.txt
[11.477s] writing requirements to ../../build/drive_ex/drive_ex.egg-info/requires.txt
[11.479s] writing top-level names to ../../build/drive_ex/drive_ex.egg-info/top_level.txt
[11.495s] reading manifest file '../../build/drive_ex/drive_ex.egg-info/SOURCES.txt'
[11.498s] adding license file 'LICENSE'
[11.503s] writing manifest file '../../build/drive_ex/drive_ex.egg-info/SOURCES.txt'
[11.505s] running build
[11.506s] running build_py
[11.510s] running install
[11.513s] running install_lib
[11.525s] running install_data
[11.527s] running install_egg_info
[11.541s] removing '/home/beachlbl/porter/ros2-ws-2024/install/drive_ex/lib/python3.10/site-packages/drive_ex-0.0.0-py3.10.egg-info' (and everything under it)
[11.545s] Copying ../../build/drive_ex/drive_ex.egg-info to /home/beachlbl/porter/ros2-ws-2024/install/drive_ex/lib/python3.10/site-packages/drive_ex-0.0.0-py3.10.egg-info
[11.558s] running install_scripts
[11.714s] Installing drivetrain_cb script to /home/beachlbl/porter/ros2-ws-2024/install/drive_ex/lib/drive_ex
[11.715s] Installing drivetrain_ex script to /home/beachlbl/porter/ros2-ws-2024/install/drive_ex/lib/drive_ex
[11.717s] writing list of installed files to '/home/beachlbl/porter/ros2-ws-2024/build/drive_ex/install.log'
[13.069s] Invoked command in '/home/beachlbl/porter/ros2-ws-2024/src/drive_ex' returned '0': PYTHONPATH=/home/beachlbl/porter/ros2-ws-2024/build/drive_ex/prefix_override:/home/beachlbl/porter/ros2-ws-2024/install/drive_ex/lib/python3.10/site-packages:${PYTHONPATH} /usr/bin/python3 -W ignore:setup.py install is deprecated setup.py egg_info --egg-base ../../build/drive_ex build --build-base /home/beachlbl/porter/ros2-ws-2024/build/drive_ex/build install --record /home/beachlbl/porter/ros2-ws-2024/build/drive_ex/install.log --single-version-externally-managed install_data
