[7.874s] Invoking command in '/home/beachlbl/porter/ros2-ws-2024/src/joy_control': PYTHONPATH=/home/beachlbl/porter/ros2-ws-2024/build/joy_control/prefix_override:/home/beachlbl/porter/ros2-ws-2024/install/joy_control/lib/python3.10/site-packages:${PYTHONPATH} /usr/bin/python3 -W ignore:setup.py install is deprecated setup.py egg_info --egg-base ../../build/joy_control build --build-base /home/beachlbl/porter/ros2-ws-2024/build/joy_control/build install --record /home/beachlbl/porter/ros2-ws-2024/build/joy_control/install.log --single-version-externally-managed install_data
[9.696s] running egg_info
[9.697s] writing ../../build/joy_control/joy_control.egg-info/PKG-INFO
[9.698s] writing dependency_links to ../../build/joy_control/joy_control.egg-info/dependency_links.txt
[9.699s] writing entry points to ../../build/joy_control/joy_control.egg-info/entry_points.txt
[9.701s] writing requirements to ../../build/joy_control/joy_control.egg-info/requires.txt
[9.702s] writing top-level names to ../../build/joy_control/joy_control.egg-info/top_level.txt
[9.703s] reading manifest file '../../build/joy_control/joy_control.egg-info/SOURCES.txt'
[9.704s] adding license file 'LICENSE'
[9.705s] writing manifest file '../../build/joy_control/joy_control.egg-info/SOURCES.txt'
[9.705s] running build
[9.706s] running build_py
[9.706s] running install
[9.707s] running install_lib
[9.707s] running install_data
[9.708s] running install_egg_info
[9.709s] removing '/home/beachlbl/porter/ros2-ws-2024/install/joy_control/lib/python3.10/site-packages/joy_control-0.0.0-py3.10.egg-info' (and everything under it)
[9.719s] Copying ../../build/joy_control/joy_control.egg-info to /home/beachlbl/porter/ros2-ws-2024/install/joy_control/lib/python3.10/site-packages/joy_control-0.0.0-py3.10.egg-info
[9.723s] running install_scripts
[9.778s] Installing control_cb script to /home/beachlbl/porter/ros2-ws-2024/install/joy_control/lib/joy_control
[9.781s] Installing control_ex script to /home/beachlbl/porter/ros2-ws-2024/install/joy_control/lib/joy_control
[9.784s] writing list of installed files to '/home/beachlbl/porter/ros2-ws-2024/build/joy_control/install.log'
[10.093s] Invoked command in '/home/beachlbl/porter/ros2-ws-2024/src/joy_control' returned '0': PYTHONPATH=/home/beachlbl/porter/ros2-ws-2024/build/joy_control/prefix_override:/home/beachlbl/porter/ros2-ws-2024/install/joy_control/lib/python3.10/site-packages:${PYTHONPATH} /usr/bin/python3 -W ignore:setup.py install is deprecated setup.py egg_info --egg-base ../../build/joy_control build --build-base /home/beachlbl/porter/ros2-ws-2024/build/joy_control/build install --record /home/beachlbl/porter/ros2-ws-2024/build/joy_control/install.log --single-version-externally-managed install_data
