[7.796s] Invoking command in '/home/beachlbl/ros2-ws-2024/src/drive_ex': PYTHONPATH=/home/beachlbl/ros2-ws-2024/build/drive_ex/prefix_override:/home/beachlbl/ros2-ws-2024/install/drive_ex/lib/python3.10/site-packages:${PYTHONPATH} /usr/bin/python3 -W ignore:setup.py install is deprecated setup.py egg_info --egg-base ../../build/drive_ex build --build-base /home/beachlbl/ros2-ws-2024/build/drive_ex/build install --record /home/beachlbl/ros2-ws-2024/build/drive_ex/install.log --single-version-externally-managed install_data
[9.621s] running egg_info
[9.626s] writing ../../build/drive_ex/drive_ex.egg-info/PKG-INFO
[9.628s] writing dependency_links to ../../build/drive_ex/drive_ex.egg-info/dependency_links.txt
[9.630s] writing entry points to ../../build/drive_ex/drive_ex.egg-info/entry_points.txt
[9.631s] writing requirements to ../../build/drive_ex/drive_ex.egg-info/requires.txt
[9.632s] writing top-level names to ../../build/drive_ex/drive_ex.egg-info/top_level.txt
[9.642s] reading manifest file '../../build/drive_ex/drive_ex.egg-info/SOURCES.txt'
[9.644s] adding license file 'LICENSE'
[9.648s] writing manifest file '../../build/drive_ex/drive_ex.egg-info/SOURCES.txt'
[9.649s] running build
[9.650s] running build_py
[9.651s] copying drive_ex/drivetrain_ex_sub.py -> /home/beachlbl/ros2-ws-2024/build/drive_ex/build/lib/drive_ex
[9.654s] running install
[9.657s] running install_lib
[9.662s] copying /home/beachlbl/ros2-ws-2024/build/drive_ex/build/lib/drive_ex/drivetrain_ex_sub.py -> /home/beachlbl/ros2-ws-2024/install/drive_ex/lib/python3.10/site-packages/drive_ex
[9.667s] byte-compiling /home/beachlbl/ros2-ws-2024/install/drive_ex/lib/python3.10/site-packages/drive_ex/drivetrain_ex_sub.py to drivetrain_ex_sub.cpython-310.pyc
[9.675s] running install_data
[9.677s] running install_egg_info
[9.688s] removing '/home/beachlbl/ros2-ws-2024/install/drive_ex/lib/python3.10/site-packages/drive_ex-0.0.0-py3.10.egg-info' (and everything under it)
[9.692s] Copying ../../build/drive_ex/drive_ex.egg-info to /home/beachlbl/ros2-ws-2024/install/drive_ex/lib/python3.10/site-packages/drive_ex-0.0.0-py3.10.egg-info
[9.706s] running install_scripts
[9.864s] Installing drivetrain_ex script to /home/beachlbl/ros2-ws-2024/install/drive_ex/lib/drive_ex
[9.869s] writing list of installed files to '/home/beachlbl/ros2-ws-2024/build/drive_ex/install.log'
[10.060s] Invoked command in '/home/beachlbl/ros2-ws-2024/src/drive_ex' returned '0': PYTHONPATH=/home/beachlbl/ros2-ws-2024/build/drive_ex/prefix_override:/home/beachlbl/ros2-ws-2024/install/drive_ex/lib/python3.10/site-packages:${PYTHONPATH} /usr/bin/python3 -W ignore:setup.py install is deprecated setup.py egg_info --egg-base ../../build/drive_ex build --build-base /home/beachlbl/ros2-ws-2024/build/drive_ex/build install --record /home/beachlbl/ros2-ws-2024/build/drive_ex/install.log --single-version-externally-managed install_data
