[6.034s] Invoking command in '/home/beachlbl/porter/ros2-ws-2024/src/joy_control': PYTHONPATH=/home/beachlbl/porter/ros2-ws-2024/build/joy_control/prefix_override:/home/beachlbl/porter/ros2-ws-2024/install/joy_control/lib/python3.10/site-packages:${PYTHONPATH} /usr/bin/python3 -W ignore:setup.py install is deprecated setup.py egg_info --egg-base ../../build/joy_control build --build-base /home/beachlbl/porter/ros2-ws-2024/build/joy_control/build install --record /home/beachlbl/porter/ros2-ws-2024/build/joy_control/install.log --single-version-externally-managed install_data
[7.844s] running egg_info
[7.858s] writing ../../build/joy_control/joy_control.egg-info/PKG-INFO
[7.865s] writing dependency_links to ../../build/joy_control/joy_control.egg-info/dependency_links.txt
[7.872s] writing entry points to ../../build/joy_control/joy_control.egg-info/entry_points.txt
[7.882s] writing requirements to ../../build/joy_control/joy_control.egg-info/requires.txt
[7.888s] writing top-level names to ../../build/joy_control/joy_control.egg-info/top_level.txt
[7.914s] reading manifest file '../../build/joy_control/joy_control.egg-info/SOURCES.txt'
[7.921s] adding license file 'LICENSE'
[7.932s] writing manifest file '../../build/joy_control/joy_control.egg-info/SOURCES.txt'
[7.937s] running build
[7.940s] running build_py
[7.945s] running install
[7.950s] running install_lib
[7.971s] running install_data
[7.973s] running install_egg_info
[7.993s] removing '/home/beachlbl/porter/ros2-ws-2024/install/joy_control/lib/python3.10/site-packages/joy_control-0.0.0-py3.10.egg-info' (and everything under it)
[7.999s] Copying ../../build/joy_control/joy_control.egg-info to /home/beachlbl/porter/ros2-ws-2024/install/joy_control/lib/python3.10/site-packages/joy_control-0.0.0-py3.10.egg-info
[8.021s] running install_scripts
[8.151s] Installing control_cb script to /home/beachlbl/porter/ros2-ws-2024/install/joy_control/lib/joy_control
[8.152s] Installing control_ex script to /home/beachlbl/porter/ros2-ws-2024/install/joy_control/lib/joy_control
[8.155s] writing list of installed files to '/home/beachlbl/porter/ros2-ws-2024/build/joy_control/install.log'
[8.328s] Invoked command in '/home/beachlbl/porter/ros2-ws-2024/src/joy_control' returned '0': PYTHONPATH=/home/beachlbl/porter/ros2-ws-2024/build/joy_control/prefix_override:/home/beachlbl/porter/ros2-ws-2024/install/joy_control/lib/python3.10/site-packages:${PYTHONPATH} /usr/bin/python3 -W ignore:setup.py install is deprecated setup.py egg_info --egg-base ../../build/joy_control build --build-base /home/beachlbl/porter/ros2-ws-2024/build/joy_control/build install --record /home/beachlbl/porter/ros2-ws-2024/build/joy_control/install.log --single-version-externally-managed install_data
