[3.078s] Invoking command in '/home/beachlbl/porter/ros2-ws-2024/src/drive_ex': PYTHONPATH=/home/beachlbl/porter/ros2-ws-2024/build/drive_ex/prefix_override:/home/beachlbl/porter/ros2-ws-2024/install/drive_ex/lib/python3.10/site-packages:${PYTHONPATH} /usr/bin/python3 -W ignore:setup.py install is deprecated setup.py egg_info --egg-base ../../build/drive_ex build --build-base /home/beachlbl/porter/ros2-ws-2024/build/drive_ex/build install --record /home/beachlbl/porter/ros2-ws-2024/build/drive_ex/install.log --single-version-externally-managed install_data
[4.248s] running egg_info
[4.252s] writing ../../build/drive_ex/drive_ex.egg-info/PKG-INFO
[4.253s] writing dependency_links to ../../build/drive_ex/drive_ex.egg-info/dependency_links.txt
[4.254s] writing entry points to ../../build/drive_ex/drive_ex.egg-info/entry_points.txt
[4.255s] writing requirements to ../../build/drive_ex/drive_ex.egg-info/requires.txt
[4.255s] writing top-level names to ../../build/drive_ex/drive_ex.egg-info/top_level.txt
[4.263s] reading manifest file '../../build/drive_ex/drive_ex.egg-info/SOURCES.txt'
[4.265s] adding license file 'LICENSE'
[4.267s] writing manifest file '../../build/drive_ex/drive_ex.egg-info/SOURCES.txt'
[4.268s] running build
[4.268s] running build_py
[4.270s] running install
[4.271s] running install_lib
[4.277s] running install_data
[4.278s] running install_egg_info
[4.285s] removing '/home/beachlbl/porter/ros2-ws-2024/install/drive_ex/lib/python3.10/site-packages/drive_ex-0.0.0-py3.10.egg-info' (and everything under it)
[4.287s] Copying ../../build/drive_ex/drive_ex.egg-info to /home/beachlbl/porter/ros2-ws-2024/install/drive_ex/lib/python3.10/site-packages/drive_ex-0.0.0-py3.10.egg-info
[4.292s] running install_scripts
[4.376s] Installing drivetrain_ex script to /home/beachlbl/porter/ros2-ws-2024/install/drive_ex/lib/drive_ex
[4.376s] Installing drivetrain_mini script to /home/beachlbl/porter/ros2-ws-2024/install/drive_ex/lib/drive_ex
[4.378s] writing list of installed files to '/home/beachlbl/porter/ros2-ws-2024/build/drive_ex/install.log'
[4.497s] Invoked command in '/home/beachlbl/porter/ros2-ws-2024/src/drive_ex' returned '0': PYTHONPATH=/home/beachlbl/porter/ros2-ws-2024/build/drive_ex/prefix_override:/home/beachlbl/porter/ros2-ws-2024/install/drive_ex/lib/python3.10/site-packages:${PYTHONPATH} /usr/bin/python3 -W ignore:setup.py install is deprecated setup.py egg_info --egg-base ../../build/drive_ex build --build-base /home/beachlbl/porter/ros2-ws-2024/build/drive_ex/build install --record /home/beachlbl/porter/ros2-ws-2024/build/drive_ex/install.log --single-version-externally-managed install_data
