[9.315s] Invoking command in '/home/beachlbl/porter/ros2-ws-2024/src/ui': PYTHONPATH=/home/beachlbl/porter/ros2-ws-2024/build/ui/prefix_override:/home/beachlbl/porter/ros2-ws-2024/install/ui/lib/python3.10/site-packages:${PYTHONPATH} /usr/bin/python3 -W ignore:setup.py install is deprecated setup.py egg_info --egg-base ../../build/ui build --build-base /home/beachlbl/porter/ros2-ws-2024/build/ui/build install --record /home/beachlbl/porter/ros2-ws-2024/build/ui/install.log --single-version-externally-managed install_data
[11.264s] running egg_info
[11.268s] writing ../../build/ui/ui.egg-info/PKG-INFO
[11.269s] writing dependency_links to ../../build/ui/ui.egg-info/dependency_links.txt
[11.270s] writing entry points to ../../build/ui/ui.egg-info/entry_points.txt
[11.271s] writing requirements to ../../build/ui/ui.egg-info/requires.txt
[11.271s] writing top-level names to ../../build/ui/ui.egg-info/top_level.txt
[11.280s] reading manifest file '../../build/ui/ui.egg-info/SOURCES.txt'
[11.281s] adding license file 'LICENSE'
[11.284s] writing manifest file '../../build/ui/ui.egg-info/SOURCES.txt'
[11.285s] running build
[11.286s] running build_py
[11.287s] running install
[11.288s] running install_lib
[11.294s] running install_data
[11.295s] running install_egg_info
[11.302s] removing '/home/beachlbl/porter/ros2-ws-2024/install/ui/lib/python3.10/site-packages/ui-0.0.0-py3.10.egg-info' (and everything under it)
[11.304s] Copying ../../build/ui/ui.egg-info to /home/beachlbl/porter/ros2-ws-2024/install/ui/lib/python3.10/site-packages/ui-0.0.0-py3.10.egg-info
[11.310s] running install_scripts
[11.401s] Installing ui_health script to /home/beachlbl/porter/ros2-ws-2024/install/ui/lib/ui
[11.402s] writing list of installed files to '/home/beachlbl/porter/ros2-ws-2024/build/ui/install.log'
[11.546s] Invoked command in '/home/beachlbl/porter/ros2-ws-2024/src/ui' returned '0': PYTHONPATH=/home/beachlbl/porter/ros2-ws-2024/build/ui/prefix_override:/home/beachlbl/porter/ros2-ws-2024/install/ui/lib/python3.10/site-packages:${PYTHONPATH} /usr/bin/python3 -W ignore:setup.py install is deprecated setup.py egg_info --egg-base ../../build/ui build --build-base /home/beachlbl/porter/ros2-ws-2024/build/ui/build install --record /home/beachlbl/porter/ros2-ws-2024/build/ui/install.log --single-version-externally-managed install_data
