[4.144s] Invoking command in '/home/beachlbl/ros2-ws-2024/src/drive_ex': PYTHONPATH=/home/beachlbl/ros2-ws-2024/build/drive_ex/prefix_override:/home/beachlbl/ros2-ws-2024/install/drive_ex/lib/python3.10/site-packages:${PYTHONPATH} /usr/bin/python3 -W ignore:setup.py install is deprecated setup.py egg_info --egg-base ../../build/drive_ex build --build-base /home/beachlbl/ros2-ws-2024/build/drive_ex/build install --record /home/beachlbl/ros2-ws-2024/build/drive_ex/install.log --single-version-externally-managed install_data
[5.439s] running egg_info
[5.442s] writing ../../build/drive_ex/drive_ex.egg-info/PKG-INFO
[5.444s] writing dependency_links to ../../build/drive_ex/drive_ex.egg-info/dependency_links.txt
[5.445s] writing entry points to ../../build/drive_ex/drive_ex.egg-info/entry_points.txt
[5.446s] writing requirements to ../../build/drive_ex/drive_ex.egg-info/requires.txt
[5.447s] writing top-level names to ../../build/drive_ex/drive_ex.egg-info/top_level.txt
[5.461s] reading manifest file '../../build/drive_ex/drive_ex.egg-info/SOURCES.txt'
[5.464s] adding license file 'LICENSE'
[5.468s] writing manifest file '../../build/drive_ex/drive_ex.egg-info/SOURCES.txt'
[5.468s] running build
[5.469s] running build_py
[5.474s] running install
[5.476s] running install_lib
[5.486s] running install_data
[5.488s] running install_egg_info
[5.496s] removing '/home/beachlbl/ros2-ws-2024/install/drive_ex/lib/python3.10/site-packages/drive_ex-0.0.0-py3.10.egg-info' (and everything under it)
[5.498s] Copying ../../build/drive_ex/drive_ex.egg-info to /home/beachlbl/ros2-ws-2024/install/drive_ex/lib/python3.10/site-packages/drive_ex-0.0.0-py3.10.egg-info
[5.505s] running install_scripts
[5.599s] Installing drivetrain_cb script to /home/beachlbl/ros2-ws-2024/install/drive_ex/lib/drive_ex
[5.601s] Installing drivetrain_ex script to /home/beachlbl/ros2-ws-2024/install/drive_ex/lib/drive_ex
[5.603s] writing list of installed files to '/home/beachlbl/ros2-ws-2024/build/drive_ex/install.log'
[5.784s] Invoked command in '/home/beachlbl/ros2-ws-2024/src/drive_ex' returned '0': PYTHONPATH=/home/beachlbl/ros2-ws-2024/build/drive_ex/prefix_override:/home/beachlbl/ros2-ws-2024/install/drive_ex/lib/python3.10/site-packages:${PYTHONPATH} /usr/bin/python3 -W ignore:setup.py install is deprecated setup.py egg_info --egg-base ../../build/drive_ex build --build-base /home/beachlbl/ros2-ws-2024/build/drive_ex/build install --record /home/beachlbl/ros2-ws-2024/build/drive_ex/install.log --single-version-externally-managed install_data
