[7.825s] Invoking command in '/home/beachlbl/porter/ros2-ws-2024/src/drive_ex': PYTHONPATH=/home/beachlbl/porter/ros2-ws-2024/build/drive_ex/prefix_override:/home/beachlbl/porter/ros2-ws-2024/install/drive_ex/lib/python3.10/site-packages:${PYTHONPATH} /usr/bin/python3 -W ignore:setup.py install is deprecated setup.py egg_info --egg-base ../../build/drive_ex build --build-base /home/beachlbl/porter/ros2-ws-2024/build/drive_ex/build install --record /home/beachlbl/porter/ros2-ws-2024/build/drive_ex/install.log --single-version-externally-managed install_data
[9.691s] running egg_info
[9.696s] writing ../../build/drive_ex/drive_ex.egg-info/PKG-INFO
[9.698s] writing dependency_links to ../../build/drive_ex/drive_ex.egg-info/dependency_links.txt
[9.700s] writing entry points to ../../build/drive_ex/drive_ex.egg-info/entry_points.txt
[9.702s] writing requirements to ../../build/drive_ex/drive_ex.egg-info/requires.txt
[9.703s] writing top-level names to ../../build/drive_ex/drive_ex.egg-info/top_level.txt
[9.714s] reading manifest file '../../build/drive_ex/drive_ex.egg-info/SOURCES.txt'
[9.717s] adding license file 'LICENSE'
[9.722s] writing manifest file '../../build/drive_ex/drive_ex.egg-info/SOURCES.txt'
[9.723s] running build
[9.723s] running build_py
[9.728s] running install
[9.733s] running install_lib
[9.748s] running install_data
[9.750s] running install_egg_info
[9.767s] removing '/home/beachlbl/porter/ros2-ws-2024/install/drive_ex/lib/python3.10/site-packages/drive_ex-0.0.0-py3.10.egg-info' (and everything under it)
[9.772s] Copying ../../build/drive_ex/drive_ex.egg-info to /home/beachlbl/porter/ros2-ws-2024/install/drive_ex/lib/python3.10/site-packages/drive_ex-0.0.0-py3.10.egg-info
[9.793s] running install_scripts
[9.977s] Installing drivetrain_cb script to /home/beachlbl/porter/ros2-ws-2024/install/drive_ex/lib/drive_ex
[9.980s] Installing drivetrain_ex script to /home/beachlbl/porter/ros2-ws-2024/install/drive_ex/lib/drive_ex
[9.982s] writing list of installed files to '/home/beachlbl/porter/ros2-ws-2024/build/drive_ex/install.log'
[10.244s] Invoked command in '/home/beachlbl/porter/ros2-ws-2024/src/drive_ex' returned '0': PYTHONPATH=/home/beachlbl/porter/ros2-ws-2024/build/drive_ex/prefix_override:/home/beachlbl/porter/ros2-ws-2024/install/drive_ex/lib/python3.10/site-packages:${PYTHONPATH} /usr/bin/python3 -W ignore:setup.py install is deprecated setup.py egg_info --egg-base ../../build/drive_ex build --build-base /home/beachlbl/porter/ros2-ws-2024/build/drive_ex/build install --record /home/beachlbl/porter/ros2-ws-2024/build/drive_ex/install.log --single-version-externally-managed install_data
