[3.873s] Invoking command in '/home/beachlbl/porter/ros2-ws-2024/src/drive_cb': PYTHONPATH=/home/beachlbl/porter/ros2-ws-2024/build/drive_cb/prefix_override:/home/beachlbl/porter/ros2-ws-2024/install/drive_cb/lib/python3.10/site-packages:${PYTHONPATH} /usr/bin/python3 -W ignore:setup.py install is deprecated setup.py egg_info --egg-base ../../build/drive_cb build --build-base /home/beachlbl/porter/ros2-ws-2024/build/drive_cb/build install --record /home/beachlbl/porter/ros2-ws-2024/build/drive_cb/install.log --single-version-externally-managed install_data
[5.220s] running egg_info
[5.223s] writing ../../build/drive_cb/drive_cb.egg-info/PKG-INFO
[5.224s] writing dependency_links to ../../build/drive_cb/drive_cb.egg-info/dependency_links.txt
[5.226s] writing entry points to ../../build/drive_cb/drive_cb.egg-info/entry_points.txt
[5.227s] writing requirements to ../../build/drive_cb/drive_cb.egg-info/requires.txt
[5.228s] writing top-level names to ../../build/drive_cb/drive_cb.egg-info/top_level.txt
[5.237s] reading manifest file '../../build/drive_cb/drive_cb.egg-info/SOURCES.txt'
[5.238s] adding license file 'LICENSE'
[5.241s] writing manifest file '../../build/drive_cb/drive_cb.egg-info/SOURCES.txt'
[5.242s] running build
[5.242s] running build_py
[5.244s] running install
[5.245s] running install_lib
[5.252s] running install_data
[5.253s] running install_egg_info
[5.260s] removing '/home/beachlbl/porter/ros2-ws-2024/install/drive_cb/lib/python3.10/site-packages/drive_cb-0.0.0-py3.10.egg-info' (and everything under it)
[5.262s] Copying ../../build/drive_cb/drive_cb.egg-info to /home/beachlbl/porter/ros2-ws-2024/install/drive_cb/lib/python3.10/site-packages/drive_cb-0.0.0-py3.10.egg-info
[5.270s] running install_scripts
[5.391s] Installing drivetrain_cb script to /home/beachlbl/porter/ros2-ws-2024/install/drive_cb/lib/drive_cb
[5.394s] writing list of installed files to '/home/beachlbl/porter/ros2-ws-2024/build/drive_cb/install.log'
[5.547s] Invoked command in '/home/beachlbl/porter/ros2-ws-2024/src/drive_cb' returned '0': PYTHONPATH=/home/beachlbl/porter/ros2-ws-2024/build/drive_cb/prefix_override:/home/beachlbl/porter/ros2-ws-2024/install/drive_cb/lib/python3.10/site-packages:${PYTHONPATH} /usr/bin/python3 -W ignore:setup.py install is deprecated setup.py egg_info --egg-base ../../build/drive_cb build --build-base /home/beachlbl/porter/ros2-ws-2024/build/drive_cb/build install --record /home/beachlbl/porter/ros2-ws-2024/build/drive_cb/install.log --single-version-externally-managed install_data
