[2.975s] Invoking command in '/home/beachlbl/ros2-ws-2024/src/drive_ex': PYTHONPATH=/home/beachlbl/ros2-ws-2024/build/drive_ex/prefix_override:/home/beachlbl/ros2-ws-2024/install/drive_ex/lib/python3.10/site-packages:${PYTHONPATH} /usr/bin/python3 -W ignore:setup.py install is deprecated setup.py egg_info --egg-base ../../build/drive_ex build --build-base /home/beachlbl/ros2-ws-2024/build/drive_ex/build install --record /home/beachlbl/ros2-ws-2024/build/drive_ex/install.log --single-version-externally-managed install_data
[4.111s] running egg_info
[4.114s] writing ../../build/drive_ex/drive_ex.egg-info/PKG-INFO
[4.115s] writing dependency_links to ../../build/drive_ex/drive_ex.egg-info/dependency_links.txt
[4.115s] writing entry points to ../../build/drive_ex/drive_ex.egg-info/entry_points.txt
[4.116s] writing requirements to ../../build/drive_ex/drive_ex.egg-info/requires.txt
[4.117s] writing top-level names to ../../build/drive_ex/drive_ex.egg-info/top_level.txt
[4.125s] reading manifest file '../../build/drive_ex/drive_ex.egg-info/SOURCES.txt'
[4.126s] adding license file 'LICENSE'
[4.128s] writing manifest file '../../build/drive_ex/drive_ex.egg-info/SOURCES.txt'
[4.129s] running build
[4.129s] running build_py
[4.131s] running install
[4.132s] running install_lib
[4.138s] running install_data
[4.139s] running install_egg_info
[4.145s] removing '/home/beachlbl/ros2-ws-2024/install/drive_ex/lib/python3.10/site-packages/drive_ex-0.0.0-py3.10.egg-info' (and everything under it)
[4.147s] Copying ../../build/drive_ex/drive_ex.egg-info to /home/beachlbl/ros2-ws-2024/install/drive_ex/lib/python3.10/site-packages/drive_ex-0.0.0-py3.10.egg-info
[4.152s] running install_scripts
[4.233s] Installing drivetrain_cb script to /home/beachlbl/ros2-ws-2024/install/drive_ex/lib/drive_ex
[4.233s] Installing drivetrain_ex script to /home/beachlbl/ros2-ws-2024/install/drive_ex/lib/drive_ex
[4.235s] writing list of installed files to '/home/beachlbl/ros2-ws-2024/build/drive_ex/install.log'
[4.349s] Invoked command in '/home/beachlbl/ros2-ws-2024/src/drive_ex' returned '0': PYTHONPATH=/home/beachlbl/ros2-ws-2024/build/drive_ex/prefix_override:/home/beachlbl/ros2-ws-2024/install/drive_ex/lib/python3.10/site-packages:${PYTHONPATH} /usr/bin/python3 -W ignore:setup.py install is deprecated setup.py egg_info --egg-base ../../build/drive_ex build --build-base /home/beachlbl/ros2-ws-2024/build/drive_ex/build install --record /home/beachlbl/ros2-ws-2024/build/drive_ex/install.log --single-version-externally-managed install_data
