[7.718s] Invoking command in '/home/beachlbl/porter/ros2-ws-2024/src/sensors': PYTHONPATH=/home/beachlbl/porter/ros2-ws-2024/build/sensors/prefix_override:/home/beachlbl/porter/ros2-ws-2024/install/sensors/lib/python3.10/site-packages:${PYTHONPATH} /usr/bin/python3 -W ignore:setup.py install is deprecated setup.py egg_info --egg-base ../../build/sensors build --build-base /home/beachlbl/porter/ros2-ws-2024/build/sensors/build install --record /home/beachlbl/porter/ros2-ws-2024/build/sensors/install.log --single-version-externally-managed install_data
[9.480s] running egg_info
[9.485s] writing ../../build/sensors/sensors.egg-info/PKG-INFO
[9.487s] writing dependency_links to ../../build/sensors/sensors.egg-info/dependency_links.txt
[9.492s] writing entry points to ../../build/sensors/sensors.egg-info/entry_points.txt
[9.494s] writing requirements to ../../build/sensors/sensors.egg-info/requires.txt
[9.497s] writing top-level names to ../../build/sensors/sensors.egg-info/top_level.txt
[9.508s] reading manifest file '../../build/sensors/sensors.egg-info/SOURCES.txt'
[9.512s] adding license file 'LICENSE'
[9.516s] writing manifest file '../../build/sensors/sensors.egg-info/SOURCES.txt'
[9.518s] running build
[9.519s] running build_py
[9.523s] running install
[9.526s] running install_lib
[9.539s] running install_data
[9.541s] running install_egg_info
[9.559s] removing '/home/beachlbl/porter/ros2-ws-2024/install/sensors/lib/python3.10/site-packages/sensors-0.0.0-py3.10.egg-info' (and everything under it)
[9.565s] Copying ../../build/sensors/sensors.egg-info to /home/beachlbl/porter/ros2-ws-2024/install/sensors/lib/python3.10/site-packages/sensors-0.0.0-py3.10.egg-info
[9.586s] running install_scripts
[9.804s] Installing sensors_sub script to /home/beachlbl/porter/ros2-ws-2024/install/sensors/lib/sensors
[9.810s] writing list of installed files to '/home/beachlbl/porter/ros2-ws-2024/build/sensors/install.log'
[9.968s] Invoked command in '/home/beachlbl/porter/ros2-ws-2024/src/sensors' returned '0': PYTHONPATH=/home/beachlbl/porter/ros2-ws-2024/build/sensors/prefix_override:/home/beachlbl/porter/ros2-ws-2024/install/sensors/lib/python3.10/site-packages:${PYTHONPATH} /usr/bin/python3 -W ignore:setup.py install is deprecated setup.py egg_info --egg-base ../../build/sensors build --build-base /home/beachlbl/porter/ros2-ws-2024/build/sensors/build install --record /home/beachlbl/porter/ros2-ws-2024/build/sensors/install.log --single-version-externally-managed install_data
