[7.930s] Invoking command in '/home/beachlbl/porter/ros2-ws-2024/src/py_pubsub': PYTHONPATH=/home/beachlbl/porter/ros2-ws-2024/build/py_pubsub/prefix_override:/home/beachlbl/porter/ros2-ws-2024/install/py_pubsub/lib/python3.10/site-packages:${PYTHONPATH} /usr/bin/python3 -W ignore:setup.py install is deprecated setup.py egg_info --egg-base ../../build/py_pubsub build --build-base /home/beachlbl/porter/ros2-ws-2024/build/py_pubsub/build install --record /home/beachlbl/porter/ros2-ws-2024/build/py_pubsub/install.log --single-version-externally-managed install_data
[9.670s] running egg_info
[9.674s] writing ../../build/py_pubsub/py_pubsub.egg-info/PKG-INFO
[9.676s] writing dependency_links to ../../build/py_pubsub/py_pubsub.egg-info/dependency_links.txt
[9.678s] writing entry points to ../../build/py_pubsub/py_pubsub.egg-info/entry_points.txt
[9.679s] writing requirements to ../../build/py_pubsub/py_pubsub.egg-info/requires.txt
[9.680s] writing top-level names to ../../build/py_pubsub/py_pubsub.egg-info/top_level.txt
[9.691s] reading manifest file '../../build/py_pubsub/py_pubsub.egg-info/SOURCES.txt'
[9.701s] adding license file 'LICENSE'
[9.706s] writing manifest file '../../build/py_pubsub/py_pubsub.egg-info/SOURCES.txt'
[9.707s] running build
[9.707s] running build_py
[9.735s] running install
[9.736s] running install_lib
[9.751s] running install_data
[9.755s] running install_egg_info
[9.765s] removing '/home/beachlbl/porter/ros2-ws-2024/install/py_pubsub/lib/python3.10/site-packages/py_pubsub-0.0.0-py3.10.egg-info' (and everything under it)
[9.765s] Copying ../../build/py_pubsub/py_pubsub.egg-info to /home/beachlbl/porter/ros2-ws-2024/install/py_pubsub/lib/python3.10/site-packages/py_pubsub-0.0.0-py3.10.egg-info
[9.775s] running install_scripts
[9.899s] writing list of installed files to '/home/beachlbl/porter/ros2-ws-2024/build/py_pubsub/install.log'
[10.199s] Invoked command in '/home/beachlbl/porter/ros2-ws-2024/src/py_pubsub' returned '0': PYTHONPATH=/home/beachlbl/porter/ros2-ws-2024/build/py_pubsub/prefix_override:/home/beachlbl/porter/ros2-ws-2024/install/py_pubsub/lib/python3.10/site-packages:${PYTHONPATH} /usr/bin/python3 -W ignore:setup.py install is deprecated setup.py egg_info --egg-base ../../build/py_pubsub build --build-base /home/beachlbl/porter/ros2-ws-2024/build/py_pubsub/build install --record /home/beachlbl/porter/ros2-ws-2024/build/py_pubsub/install.log --single-version-externally-managed install_data
