[8.051s] Invoking command in '/home/beachlbl/porter/ros2-ws-2024/src/sensors': PYTHONPATH=/home/beachlbl/porter/ros2-ws-2024/build/sensors/prefix_override:/home/beachlbl/porter/ros2-ws-2024/install/sensors/lib/python3.10/site-packages:${PYTHONPATH} /usr/bin/python3 -W ignore:setup.py install is deprecated setup.py egg_info --egg-base ../../build/sensors build --build-base /home/beachlbl/porter/ros2-ws-2024/build/sensors/build install --record /home/beachlbl/porter/ros2-ws-2024/build/sensors/install.log --single-version-externally-managed install_data
[9.800s] running egg_info
[9.804s] writing ../../build/sensors/sensors.egg-info/PKG-INFO
[9.806s] writing dependency_links to ../../build/sensors/sensors.egg-info/dependency_links.txt
[9.808s] writing entry points to ../../build/sensors/sensors.egg-info/entry_points.txt
[9.810s] writing requirements to ../../build/sensors/sensors.egg-info/requires.txt
[9.811s] writing top-level names to ../../build/sensors/sensors.egg-info/top_level.txt
[9.823s] reading manifest file '../../build/sensors/sensors.egg-info/SOURCES.txt'
[9.825s] adding license file 'LICENSE'
[9.829s] writing manifest file '../../build/sensors/sensors.egg-info/SOURCES.txt'
[9.830s] running build
[9.831s] running build_py
[9.832s] copying sensors/sensors_sub.py -> /home/beachlbl/porter/ros2-ws-2024/build/sensors/build/lib/sensors
[9.834s] running install
[9.835s] running install_lib
[9.854s] copying /home/beachlbl/porter/ros2-ws-2024/build/sensors/build/lib/sensors/sensors_sub.py -> /home/beachlbl/porter/ros2-ws-2024/install/sensors/lib/python3.10/site-packages/sensors
[9.858s] byte-compiling /home/beachlbl/porter/ros2-ws-2024/install/sensors/lib/python3.10/site-packages/sensors/sensors_sub.py to sensors_sub.cpython-310.pyc
[9.861s] running install_data
[9.862s] running install_egg_info
[9.873s] removing '/home/beachlbl/porter/ros2-ws-2024/install/sensors/lib/python3.10/site-packages/sensors-0.0.0-py3.10.egg-info' (and everything under it)
[9.879s] Copying ../../build/sensors/sensors.egg-info to /home/beachlbl/porter/ros2-ws-2024/install/sensors/lib/python3.10/site-packages/sensors-0.0.0-py3.10.egg-info
[9.893s] running install_scripts
[10.088s] Installing sensors_sub script to /home/beachlbl/porter/ros2-ws-2024/install/sensors/lib/sensors
[10.091s] writing list of installed files to '/home/beachlbl/porter/ros2-ws-2024/build/sensors/install.log'
[10.284s] Invoked command in '/home/beachlbl/porter/ros2-ws-2024/src/sensors' returned '0': PYTHONPATH=/home/beachlbl/porter/ros2-ws-2024/build/sensors/prefix_override:/home/beachlbl/porter/ros2-ws-2024/install/sensors/lib/python3.10/site-packages:${PYTHONPATH} /usr/bin/python3 -W ignore:setup.py install is deprecated setup.py egg_info --egg-base ../../build/sensors build --build-base /home/beachlbl/porter/ros2-ws-2024/build/sensors/build install --record /home/beachlbl/porter/ros2-ws-2024/build/sensors/install.log --single-version-externally-managed install_data
