[3.027s] Invoking command in '/home/beachlbl/porter/ros2-ws-2024/src/sensors': PYTHONPATH=/home/beachlbl/porter/ros2-ws-2024/build/sensors/prefix_override:/home/beachlbl/porter/ros2-ws-2024/install/sensors/lib/python3.10/site-packages:${PYTHONPATH} /usr/bin/python3 -W ignore:setup.py install is deprecated setup.py egg_info --egg-base ../../build/sensors build --build-base /home/beachlbl/porter/ros2-ws-2024/build/sensors/build install --record /home/beachlbl/porter/ros2-ws-2024/build/sensors/install.log --single-version-externally-managed install_data
[4.176s] running egg_info
[4.178s] writing ../../build/sensors/sensors.egg-info/PKG-INFO
[4.179s] writing dependency_links to ../../build/sensors/sensors.egg-info/dependency_links.txt
[4.180s] writing entry points to ../../build/sensors/sensors.egg-info/entry_points.txt
[4.181s] writing requirements to ../../build/sensors/sensors.egg-info/requires.txt
[4.182s] writing top-level names to ../../build/sensors/sensors.egg-info/top_level.txt
[4.190s] reading manifest file '../../build/sensors/sensors.egg-info/SOURCES.txt'
[4.191s] adding license file 'LICENSE'
[4.194s] writing manifest file '../../build/sensors/sensors.egg-info/SOURCES.txt'
[4.194s] running build
[4.195s] running build_py
[4.196s] running install
[4.197s] running install_lib
[4.203s] running install_data
[4.203s] running install_egg_info
[4.210s] removing '/home/beachlbl/porter/ros2-ws-2024/install/sensors/lib/python3.10/site-packages/sensors-0.0.0-py3.10.egg-info' (and everything under it)
[4.212s] Copying ../../build/sensors/sensors.egg-info to /home/beachlbl/porter/ros2-ws-2024/install/sensors/lib/python3.10/site-packages/sensors-0.0.0-py3.10.egg-info
[4.217s] running install_scripts
[4.300s] Installing sensors_sub script to /home/beachlbl/porter/ros2-ws-2024/install/sensors/lib/sensors
[4.301s] writing list of installed files to '/home/beachlbl/porter/ros2-ws-2024/build/sensors/install.log'
[4.418s] Invoked command in '/home/beachlbl/porter/ros2-ws-2024/src/sensors' returned '0': PYTHONPATH=/home/beachlbl/porter/ros2-ws-2024/build/sensors/prefix_override:/home/beachlbl/porter/ros2-ws-2024/install/sensors/lib/python3.10/site-packages:${PYTHONPATH} /usr/bin/python3 -W ignore:setup.py install is deprecated setup.py egg_info --egg-base ../../build/sensors build --build-base /home/beachlbl/porter/ros2-ws-2024/build/sensors/build install --record /home/beachlbl/porter/ros2-ws-2024/build/sensors/install.log --single-version-externally-managed install_data
