[7.854s] Invoking command in '/home/beachlbl/porter/ros2-ws-2024/src/drive_ex': PYTHONPATH=/home/beachlbl/porter/ros2-ws-2024/build/drive_ex/prefix_override:/home/beachlbl/porter/ros2-ws-2024/install/drive_ex/lib/python3.10/site-packages:${PYTHONPATH} /usr/bin/python3 -W ignore:setup.py install is deprecated setup.py egg_info --egg-base ../../build/drive_ex build --build-base /home/beachlbl/porter/ros2-ws-2024/build/drive_ex/build install --record /home/beachlbl/porter/ros2-ws-2024/build/drive_ex/install.log --single-version-externally-managed install_data
[9.554s] running egg_info
[9.557s] writing ../../build/drive_ex/drive_ex.egg-info/PKG-INFO
[9.559s] writing dependency_links to ../../build/drive_ex/drive_ex.egg-info/dependency_links.txt
[9.561s] writing entry points to ../../build/drive_ex/drive_ex.egg-info/entry_points.txt
[9.566s] writing requirements to ../../build/drive_ex/drive_ex.egg-info/requires.txt
[9.567s] writing top-level names to ../../build/drive_ex/drive_ex.egg-info/top_level.txt
[9.578s] reading manifest file '../../build/drive_ex/drive_ex.egg-info/SOURCES.txt'
[9.580s] adding license file 'LICENSE'
[9.582s] writing manifest file '../../build/drive_ex/drive_ex.egg-info/SOURCES.txt'
[9.583s] running build
[9.584s] running build_py
[9.586s] running install
[9.588s] running install_lib
[9.596s] running install_data
[9.598s] running install_egg_info
[9.605s] removing '/home/beachlbl/porter/ros2-ws-2024/install/drive_ex/lib/python3.10/site-packages/drive_ex-0.0.0-py3.10.egg-info' (and everything under it)
[9.607s] Copying ../../build/drive_ex/drive_ex.egg-info to /home/beachlbl/porter/ros2-ws-2024/install/drive_ex/lib/python3.10/site-packages/drive_ex-0.0.0-py3.10.egg-info
[9.614s] running install_scripts
[9.734s] Installing drivetrain_cb script to /home/beachlbl/porter/ros2-ws-2024/install/drive_ex/lib/drive_ex
[9.734s] Installing drivetrain_ex script to /home/beachlbl/porter/ros2-ws-2024/install/drive_ex/lib/drive_ex
[9.738s] writing list of installed files to '/home/beachlbl/porter/ros2-ws-2024/build/drive_ex/install.log'
[9.979s] Invoked command in '/home/beachlbl/porter/ros2-ws-2024/src/drive_ex' returned '0': PYTHONPATH=/home/beachlbl/porter/ros2-ws-2024/build/drive_ex/prefix_override:/home/beachlbl/porter/ros2-ws-2024/install/drive_ex/lib/python3.10/site-packages:${PYTHONPATH} /usr/bin/python3 -W ignore:setup.py install is deprecated setup.py egg_info --egg-base ../../build/drive_ex build --build-base /home/beachlbl/porter/ros2-ws-2024/build/drive_ex/build install --record /home/beachlbl/porter/ros2-ws-2024/build/drive_ex/install.log --single-version-externally-managed install_data
