[8.101s] Invoking command in '/home/beachlbl/porter/ros2-ws-2024/src/drive_ex': PYTHONPATH=/home/beachlbl/porter/ros2-ws-2024/build/drive_ex/prefix_override:/home/beachlbl/porter/ros2-ws-2024/install/drive_ex/lib/python3.10/site-packages:${PYTHONPATH} /usr/bin/python3 -W ignore:setup.py install is deprecated setup.py egg_info --egg-base ../../build/drive_ex build --build-base /home/beachlbl/porter/ros2-ws-2024/build/drive_ex/build install --record /home/beachlbl/porter/ros2-ws-2024/build/drive_ex/install.log --single-version-externally-managed install_data
[9.767s] running egg_info
[9.771s] writing ../../build/drive_ex/drive_ex.egg-info/PKG-INFO
[9.777s] writing dependency_links to ../../build/drive_ex/drive_ex.egg-info/dependency_links.txt
[9.778s] writing entry points to ../../build/drive_ex/drive_ex.egg-info/entry_points.txt
[9.779s] writing requirements to ../../build/drive_ex/drive_ex.egg-info/requires.txt
[9.781s] writing top-level names to ../../build/drive_ex/drive_ex.egg-info/top_level.txt
[9.788s] reading manifest file '../../build/drive_ex/drive_ex.egg-info/SOURCES.txt'
[9.806s] adding license file 'LICENSE'
[9.811s] writing manifest file '../../build/drive_ex/drive_ex.egg-info/SOURCES.txt'
[9.811s] running build
[9.813s] running build_py
[9.852s] running install
[9.853s] running install_lib
[9.864s] running install_data
[9.871s] running install_egg_info
[9.888s] removing '/home/beachlbl/porter/ros2-ws-2024/install/drive_ex/lib/python3.10/site-packages/drive_ex-0.0.0-py3.10.egg-info' (and everything under it)
[9.890s] Copying ../../build/drive_ex/drive_ex.egg-info to /home/beachlbl/porter/ros2-ws-2024/install/drive_ex/lib/python3.10/site-packages/drive_ex-0.0.0-py3.10.egg-info
[9.901s] running install_scripts
[10.028s] Installing drivetrain_cb script to /home/beachlbl/porter/ros2-ws-2024/install/drive_ex/lib/drive_ex
[10.039s] Installing drivetrain_ex script to /home/beachlbl/porter/ros2-ws-2024/install/drive_ex/lib/drive_ex
[10.050s] writing list of installed files to '/home/beachlbl/porter/ros2-ws-2024/build/drive_ex/install.log'
[10.532s] Invoked command in '/home/beachlbl/porter/ros2-ws-2024/src/drive_ex' returned '0': PYTHONPATH=/home/beachlbl/porter/ros2-ws-2024/build/drive_ex/prefix_override:/home/beachlbl/porter/ros2-ws-2024/install/drive_ex/lib/python3.10/site-packages:${PYTHONPATH} /usr/bin/python3 -W ignore:setup.py install is deprecated setup.py egg_info --egg-base ../../build/drive_ex build --build-base /home/beachlbl/porter/ros2-ws-2024/build/drive_ex/build install --record /home/beachlbl/porter/ros2-ws-2024/build/drive_ex/install.log --single-version-externally-managed install_data
