[3.405s] Invoking command in '/home/beachlbl/ros2-ws-2024/src/joy_control': PYTHONPATH=/home/beachlbl/ros2-ws-2024/build/joy_control/prefix_override:/home/beachlbl/ros2-ws-2024/install/joy_control/lib/python3.10/site-packages:${PYTHONPATH} /usr/bin/python3 -W ignore:setup.py install is deprecated setup.py egg_info --egg-base ../../build/joy_control build --build-base /home/beachlbl/ros2-ws-2024/build/joy_control/build install --record /home/beachlbl/ros2-ws-2024/build/joy_control/install.log --single-version-externally-managed install_data
[4.741s] running egg_info
[4.744s] writing ../../build/joy_control/joy_control.egg-info/PKG-INFO
[4.745s] writing dependency_links to ../../build/joy_control/joy_control.egg-info/dependency_links.txt
[4.746s] writing entry points to ../../build/joy_control/joy_control.egg-info/entry_points.txt
[4.746s] writing requirements to ../../build/joy_control/joy_control.egg-info/requires.txt
[4.747s] writing top-level names to ../../build/joy_control/joy_control.egg-info/top_level.txt
[4.755s] reading manifest file '../../build/joy_control/joy_control.egg-info/SOURCES.txt'
[4.757s] adding license file 'LICENSE'
[4.759s] writing manifest file '../../build/joy_control/joy_control.egg-info/SOURCES.txt'
[4.760s] running build
[4.761s] running build_py
[4.761s] copying joy_control/joy_ex_pub.py -> /home/beachlbl/ros2-ws-2024/build/joy_control/build/lib/joy_control
[4.763s] running install
[4.764s] running install_lib
[4.769s] copying /home/beachlbl/ros2-ws-2024/build/joy_control/build/lib/joy_control/joy_ex_pub.py -> /home/beachlbl/ros2-ws-2024/install/joy_control/lib/python3.10/site-packages/joy_control
[4.772s] byte-compiling /home/beachlbl/ros2-ws-2024/install/joy_control/lib/python3.10/site-packages/joy_control/joy_ex_pub.py to joy_ex_pub.cpython-310.pyc
[4.777s] running install_data
[4.778s] running install_egg_info
[4.785s] removing '/home/beachlbl/ros2-ws-2024/install/joy_control/lib/python3.10/site-packages/joy_control-0.0.0-py3.10.egg-info' (and everything under it)
[4.787s] Copying ../../build/joy_control/joy_control.egg-info to /home/beachlbl/ros2-ws-2024/install/joy_control/lib/python3.10/site-packages/joy_control-0.0.0-py3.10.egg-info
[4.793s] running install_scripts
[4.886s] Installing control_cb script to /home/beachlbl/ros2-ws-2024/install/joy_control/lib/joy_control
[4.887s] Installing control_ex script to /home/beachlbl/ros2-ws-2024/install/joy_control/lib/joy_control
[4.889s] writing list of installed files to '/home/beachlbl/ros2-ws-2024/build/joy_control/install.log'
[5.025s] Invoked command in '/home/beachlbl/ros2-ws-2024/src/joy_control' returned '0': PYTHONPATH=/home/beachlbl/ros2-ws-2024/build/joy_control/prefix_override:/home/beachlbl/ros2-ws-2024/install/joy_control/lib/python3.10/site-packages:${PYTHONPATH} /usr/bin/python3 -W ignore:setup.py install is deprecated setup.py egg_info --egg-base ../../build/joy_control build --build-base /home/beachlbl/ros2-ws-2024/build/joy_control/build install --record /home/beachlbl/ros2-ws-2024/build/joy_control/install.log --single-version-externally-managed install_data
