[0.527s] DEBUG:colcon:Command line arguments: ['/usr/bin/colcon', 'build', '--build-base', 'build', '--install-base', 'install', '--packages-select', 'joy_control']
[0.527s] DEBUG:colcon:Command line arguments: ['/usr/bin/colcon', 'build', '--build-base', 'build', '--install-base', 'install', '--packages-select', 'drive_ex']
[0.528s] DEBUG:colcon:Parsed command line arguments: Namespace(log_base=None, log_level=None, verb_name='build', build_base='/home/beachlbl/ros2-ws-2024/build', install_base='/home/beachlbl/ros2-ws-2024/install', merge_install=False, symlink_install=False, test_result_base=None, continue_on_error=False, executor='parallel', parallel_workers=4, event_handlers=None, ignore_user_meta=False, metas=['./colcon.meta'], base_paths=['.'], packages_ignore=None, packages_ignore_regex=None, paths=None, packages_up_to=None, packages_up_to_regex=None, packages_above=None, packages_above_and_dependencies=None, packages_above_depth=None, packages_select_by_dep=None, packages_skip_by_dep=None, packages_skip_up_to=None, packages_select_build_failed=False, packages_skip_build_finished=False, packages_select_test_failures=False, packages_skip_test_passed=False, packages_select=['joy_control'], packages_skip=None, packages_select_regex=None, packages_skip_regex=None, packages_start=None, packages_end=None, allow_overriding=[], cmake_args=None, cmake_target=None, cmake_target_skip_unavailable=False, cmake_clean_cache=False, cmake_clean_first=False, cmake_force_configure=False, ament_cmake_args=None, catkin_cmake_args=None, catkin_skip_building_tests=False, verb_parser=<colcon_defaults.argument_parser.defaults.DefaultArgumentsDecorator object at 0xffff7e245390>, verb_extension=<colcon_core.verb.build.BuildVerb object at 0xffff7e3528c0>, main=<bound method BuildVerb.main of <colcon_core.verb.build.BuildVerb object at 0xffff7e3528c0>>)
[0.528s] DEBUG:colcon:Parsed command line arguments: Namespace(log_base=None, log_level=None, verb_name='build', build_base='/home/beachlbl/ros2-ws-2024/build', install_base='/home/beachlbl/ros2-ws-2024/install', merge_install=False, symlink_install=False, test_result_base=None, continue_on_error=False, executor='parallel', parallel_workers=4, event_handlers=None, ignore_user_meta=False, metas=['./colcon.meta'], base_paths=['.'], packages_ignore=None, packages_ignore_regex=None, paths=None, packages_up_to=None, packages_up_to_regex=None, packages_above=None, packages_above_and_dependencies=None, packages_above_depth=None, packages_select_by_dep=None, packages_skip_by_dep=None, packages_skip_up_to=None, packages_select_build_failed=False, packages_skip_build_finished=False, packages_select_test_failures=False, packages_skip_test_passed=False, packages_select=['drive_ex'], packages_skip=None, packages_select_regex=None, packages_skip_regex=None, packages_start=None, packages_end=None, allow_overriding=[], cmake_args=None, cmake_target=None, cmake_target_skip_unavailable=False, cmake_clean_cache=False, cmake_clean_first=False, cmake_force_configure=False, ament_cmake_args=None, catkin_cmake_args=None, catkin_skip_building_tests=False, verb_parser=<colcon_defaults.argument_parser.defaults.DefaultArgumentsDecorator object at 0xffffbb3b5390>, verb_extension=<colcon_core.verb.build.BuildVerb object at 0xffffbb4c28c0>, main=<bound method BuildVerb.main of <colcon_core.verb.build.BuildVerb object at 0xffffbb4c28c0>>)
[1.499s] Level 1:colcon.colcon_core.package_discovery:discover_packages(colcon_meta) check parameters
[1.499s] Level 1:colcon.colcon_core.package_discovery:discover_packages(colcon_meta) check parameters
[1.500s] Level 1:colcon.colcon_core.package_discovery:discover_packages(recursive) check parameters
[1.500s] Level 1:colcon.colcon_core.package_discovery:discover_packages(recursive) check parameters
[1.500s] Level 1:colcon.colcon_core.package_discovery:discover_packages(ignore) check parameters
[1.500s] Level 1:colcon.colcon_core.package_discovery:discover_packages(ignore) check parameters
[1.500s] Level 1:colcon.colcon_core.package_discovery:discover_packages(path) check parameters
[1.500s] Level 1:colcon.colcon_core.package_discovery:discover_packages(path) check parameters
[1.500s] Level 1:colcon.colcon_core.package_discovery:discover_packages(colcon_meta) discover
[1.501s] Level 1:colcon.colcon_core.package_discovery:discover_packages(colcon_meta) discover
[1.501s] Level 1:colcon.colcon_core.package_discovery:discover_packages(recursive) discover
[1.501s] Level 1:colcon.colcon_core.package_discovery:discover_packages(recursive) discover
[1.501s] INFO:colcon.colcon_core.package_discovery:Crawling recursively for packages in '/home/beachlbl/ros2-ws-2024'
[1.501s] INFO:colcon.colcon_core.package_discovery:Crawling recursively for packages in '/home/beachlbl/ros2-ws-2024'
[1.501s] Level 1:colcon.colcon_core.package_identification:_identify(.) by extensions ['ignore', 'ignore_ament_install']
[1.501s] Level 1:colcon.colcon_core.package_identification:_identify(.) by extensions ['ignore', 'ignore_ament_install']
[1.502s] Level 1:colcon.colcon_core.package_identification:_identify(.) by extension 'ignore'
[1.502s] Level 1:colcon.colcon_core.package_identification:_identify(.) by extension 'ignore'
[1.502s] Level 1:colcon.colcon_core.package_identification:_identify(.) by extension 'ignore_ament_install'
[1.502s] Level 1:colcon.colcon_core.package_identification:_identify(.) by extension 'ignore_ament_install'
[1.502s] Level 1:colcon.colcon_core.package_identification:_identify(.) by extensions ['colcon_pkg']
[1.502s] Level 1:colcon.colcon_core.package_identification:_identify(.) by extensions ['colcon_pkg']
[1.503s] Level 1:colcon.colcon_core.package_identification:_identify(.) by extension 'colcon_pkg'
[1.503s] Level 1:colcon.colcon_core.package_identification:_identify(.) by extension 'colcon_pkg'
[1.503s] Level 1:colcon.colcon_core.package_identification:_identify(.) by extensions ['colcon_meta']
[1.503s] Level 1:colcon.colcon_core.package_identification:_identify(.) by extensions ['colcon_meta']
[1.503s] Level 1:colcon.colcon_core.package_identification:_identify(.) by extension 'colcon_meta'
[1.503s] Level 1:colcon.colcon_core.package_identification:_identify(.) by extension 'colcon_meta'
[1.503s] Level 1:colcon.colcon_core.package_identification:_identify(.) by extensions ['ros']
[1.503s] Level 1:colcon.colcon_core.package_identification:_identify(.) by extensions ['ros']
[1.503s] Level 1:colcon.colcon_core.package_identification:_identify(.) by extension 'ros'
[1.503s] Level 1:colcon.colcon_core.package_identification:_identify(.) by extension 'ros'
[1.557s] Level 1:colcon.colcon_core.package_identification:_identify(.) by extensions ['cmake', 'python']
[1.557s] Level 1:colcon.colcon_core.package_identification:_identify(.) by extensions ['cmake', 'python']
[1.557s] Level 1:colcon.colcon_core.package_identification:_identify(.) by extension 'cmake'
[1.557s] Level 1:colcon.colcon_core.package_identification:_identify(.) by extension 'cmake'
[1.557s] Level 1:colcon.colcon_core.package_identification:_identify(.) by extension 'python'
[1.557s] Level 1:colcon.colcon_core.package_identification:_identify(.) by extension 'python'
[1.557s] Level 1:colcon.colcon_core.package_identification:_identify(.) by extensions ['python_setup_py']
[1.557s] Level 1:colcon.colcon_core.package_identification:_identify(.) by extensions ['python_setup_py']
[1.557s] Level 1:colcon.colcon_core.package_identification:_identify(.) by extension 'python_setup_py'
[1.557s] Level 1:colcon.colcon_core.package_identification:_identify(.) by extension 'python_setup_py'
[1.558s] Level 1:colcon.colcon_core.package_identification:_identify(build) by extensions ['ignore', 'ignore_ament_install']
[1.558s] Level 1:colcon.colcon_core.package_identification:_identify(build) by extensions ['ignore', 'ignore_ament_install']
[1.559s] Level 1:colcon.colcon_core.package_identification:_identify(build) by extension 'ignore'
[1.559s] Level 1:colcon.colcon_core.package_identification:_identify(build) by extension 'ignore'
[1.559s] Level 1:colcon.colcon_core.package_identification:_identify(build) ignored
[1.559s] Level 1:colcon.colcon_core.package_identification:_identify(build) ignored
[1.560s] Level 1:colcon.colcon_core.package_identification:_identify(install) by extensions ['ignore', 'ignore_ament_install']
[1.560s] Level 1:colcon.colcon_core.package_identification:_identify(install) by extensions ['ignore', 'ignore_ament_install']
[1.560s] Level 1:colcon.colcon_core.package_identification:_identify(install) by extension 'ignore'
[1.560s] Level 1:colcon.colcon_core.package_identification:_identify(install) by extension 'ignore'
[1.560s] Level 1:colcon.colcon_core.package_identification:_identify(install) ignored
[1.560s] Level 1:colcon.colcon_core.package_identification:_identify(install) ignored
[1.561s] Level 1:colcon.colcon_core.package_identification:_identify(launch) by extensions ['ignore', 'ignore_ament_install']
[1.561s] Level 1:colcon.colcon_core.package_identification:_identify(launch) by extensions ['ignore', 'ignore_ament_install']
[1.561s] Level 1:colcon.colcon_core.package_identification:_identify(launch) by extension 'ignore'
[1.561s] Level 1:colcon.colcon_core.package_identification:_identify(launch) by extension 'ignore'
[1.561s] Level 1:colcon.colcon_core.package_identification:_identify(launch) by extension 'ignore_ament_install'
[1.561s] Level 1:colcon.colcon_core.package_identification:_identify(launch) by extension 'ignore_ament_install'
[1.561s] Level 1:colcon.colcon_core.package_identification:_identify(launch) by extensions ['colcon_pkg']
[1.561s] Level 1:colcon.colcon_core.package_identification:_identify(launch) by extensions ['colcon_pkg']
[1.562s] Level 1:colcon.colcon_core.package_identification:_identify(launch) by extension 'colcon_pkg'
[1.562s] Level 1:colcon.colcon_core.package_identification:_identify(launch) by extension 'colcon_pkg'
[1.562s] Level 1:colcon.colcon_core.package_identification:_identify(launch) by extensions ['colcon_meta']
[1.562s] Level 1:colcon.colcon_core.package_identification:_identify(launch) by extensions ['colcon_meta']
[1.562s] Level 1:colcon.colcon_core.package_identification:_identify(launch) by extension 'colcon_meta'
[1.562s] Level 1:colcon.colcon_core.package_identification:_identify(launch) by extension 'colcon_meta'
[1.562s] Level 1:colcon.colcon_core.package_identification:_identify(launch) by extensions ['ros']
[1.562s] Level 1:colcon.colcon_core.package_identification:_identify(launch) by extensions ['ros']
[1.562s] Level 1:colcon.colcon_core.package_identification:_identify(launch) by extension 'ros'
[1.562s] Level 1:colcon.colcon_core.package_identification:_identify(launch) by extension 'ros'
[1.563s] Level 1:colcon.colcon_core.package_identification:_identify(launch) by extensions ['cmake', 'python']
[1.563s] Level 1:colcon.colcon_core.package_identification:_identify(launch) by extensions ['cmake', 'python']
[1.563s] Level 1:colcon.colcon_core.package_identification:_identify(launch) by extension 'cmake'
[1.563s] Level 1:colcon.colcon_core.package_identification:_identify(launch) by extension 'cmake'
[1.563s] Level 1:colcon.colcon_core.package_identification:_identify(launch) by extension 'python'
[1.563s] Level 1:colcon.colcon_core.package_identification:_identify(launch) by extension 'python'
[1.563s] Level 1:colcon.colcon_core.package_identification:_identify(launch) by extensions ['python_setup_py']
[1.563s] Level 1:colcon.colcon_core.package_identification:_identify(launch) by extensions ['python_setup_py']
[1.563s] Level 1:colcon.colcon_core.package_identification:_identify(launch) by extension 'python_setup_py'
[1.563s] Level 1:colcon.colcon_core.package_identification:_identify(launch) by extension 'python_setup_py'
[1.564s] Level 1:colcon.colcon_core.package_identification:_identify(launch/__pycache__) by extensions ['ignore', 'ignore_ament_install']
[1.564s] Level 1:colcon.colcon_core.package_identification:_identify(launch/__pycache__) by extensions ['ignore', 'ignore_ament_install']
[1.564s] Level 1:colcon.colcon_core.package_identification:_identify(launch/__pycache__) by extension 'ignore'
[1.564s] Level 1:colcon.colcon_core.package_identification:_identify(launch/__pycache__) by extension 'ignore'
[1.565s] Level 1:colcon.colcon_core.package_identification:_identify(launch/__pycache__) by extension 'ignore_ament_install'
[1.565s] Level 1:colcon.colcon_core.package_identification:_identify(launch/__pycache__) by extension 'ignore_ament_install'
[1.565s] Level 1:colcon.colcon_core.package_identification:_identify(launch/__pycache__) by extensions ['colcon_pkg']
[1.565s] Level 1:colcon.colcon_core.package_identification:_identify(launch/__pycache__) by extensions ['colcon_pkg']
[1.565s] Level 1:colcon.colcon_core.package_identification:_identify(launch/__pycache__) by extension 'colcon_pkg'
[1.565s] Level 1:colcon.colcon_core.package_identification:_identify(launch/__pycache__) by extension 'colcon_pkg'
[1.565s] Level 1:colcon.colcon_core.package_identification:_identify(launch/__pycache__) by extensions ['colcon_meta']
[1.565s] Level 1:colcon.colcon_core.package_identification:_identify(launch/__pycache__) by extensions ['colcon_meta']
[1.565s] Level 1:colcon.colcon_core.package_identification:_identify(launch/__pycache__) by extension 'colcon_meta'
[1.565s] Level 1:colcon.colcon_core.package_identification:_identify(launch/__pycache__) by extension 'colcon_meta'
[1.566s] Level 1:colcon.colcon_core.package_identification:_identify(launch/__pycache__) by extensions ['ros']
[1.566s] Level 1:colcon.colcon_core.package_identification:_identify(launch/__pycache__) by extensions ['ros']
[1.566s] Level 1:colcon.colcon_core.package_identification:_identify(launch/__pycache__) by extension 'ros'
[1.566s] Level 1:colcon.colcon_core.package_identification:_identify(launch/__pycache__) by extension 'ros'
[1.566s] Level 1:colcon.colcon_core.package_identification:_identify(launch/__pycache__) by extensions ['cmake', 'python']
[1.566s] Level 1:colcon.colcon_core.package_identification:_identify(launch/__pycache__) by extensions ['cmake', 'python']
[1.566s] Level 1:colcon.colcon_core.package_identification:_identify(launch/__pycache__) by extension 'cmake'
[1.566s] Level 1:colcon.colcon_core.package_identification:_identify(launch/__pycache__) by extension 'cmake'
[1.566s] Level 1:colcon.colcon_core.package_identification:_identify(launch/__pycache__) by extension 'python'
[1.566s] Level 1:colcon.colcon_core.package_identification:_identify(launch/__pycache__) by extension 'python'
[1.567s] Level 1:colcon.colcon_core.package_identification:_identify(launch/__pycache__) by extensions ['python_setup_py']
[1.567s] Level 1:colcon.colcon_core.package_identification:_identify(launch/__pycache__) by extensions ['python_setup_py']
[1.567s] Level 1:colcon.colcon_core.package_identification:_identify(launch/__pycache__) by extension 'python_setup_py'
[1.567s] Level 1:colcon.colcon_core.package_identification:_identify(launch/__pycache__) by extension 'python_setup_py'
[1.577s] Level 1:colcon.colcon_core.package_identification:_identify(log) by extensions ['ignore', 'ignore_ament_install']
[1.577s] Level 1:colcon.colcon_core.package_identification:_identify(log) by extensions ['ignore', 'ignore_ament_install']
[1.577s] Level 1:colcon.colcon_core.package_identification:_identify(log) by extension 'ignore'
[1.577s] Level 1:colcon.colcon_core.package_identification:_identify(log) by extension 'ignore'
[1.577s] Level 1:colcon.colcon_core.package_identification:_identify(log) ignored
[1.577s] Level 1:colcon.colcon_core.package_identification:_identify(log) ignored
[1.578s] Level 1:colcon.colcon_core.package_identification:_identify(scripts) by extensions ['ignore', 'ignore_ament_install']
[1.578s] Level 1:colcon.colcon_core.package_identification:_identify(scripts) by extensions ['ignore', 'ignore_ament_install']
[1.579s] Level 1:colcon.colcon_core.package_identification:_identify(scripts) by extension 'ignore'
[1.579s] Level 1:colcon.colcon_core.package_identification:_identify(scripts) by extension 'ignore'
[1.579s] Level 1:colcon.colcon_core.package_identification:_identify(scripts) by extension 'ignore_ament_install'
[1.579s] Level 1:colcon.colcon_core.package_identification:_identify(scripts) by extension 'ignore_ament_install'
[1.579s] Level 1:colcon.colcon_core.package_identification:_identify(scripts) by extensions ['colcon_pkg']
[1.579s] Level 1:colcon.colcon_core.package_identification:_identify(scripts) by extensions ['colcon_pkg']
[1.579s] Level 1:colcon.colcon_core.package_identification:_identify(scripts) by extension 'colcon_pkg'
[1.579s] Level 1:colcon.colcon_core.package_identification:_identify(scripts) by extension 'colcon_pkg'
[1.579s] Level 1:colcon.colcon_core.package_identification:_identify(scripts) by extensions ['colcon_meta']
[1.579s] Level 1:colcon.colcon_core.package_identification:_identify(scripts) by extensions ['colcon_meta']
[1.580s] Level 1:colcon.colcon_core.package_identification:_identify(scripts) by extension 'colcon_meta'
[1.580s] Level 1:colcon.colcon_core.package_identification:_identify(scripts) by extension 'colcon_meta'
[1.580s] Level 1:colcon.colcon_core.package_identification:_identify(scripts) by extensions ['ros']
[1.580s] Level 1:colcon.colcon_core.package_identification:_identify(scripts) by extensions ['ros']
[1.580s] Level 1:colcon.colcon_core.package_identification:_identify(scripts) by extension 'ros'
[1.580s] Level 1:colcon.colcon_core.package_identification:_identify(scripts) by extension 'ros'
[1.580s] Level 1:colcon.colcon_core.package_identification:_identify(scripts) by extensions ['cmake', 'python']
[1.580s] Level 1:colcon.colcon_core.package_identification:_identify(scripts) by extensions ['cmake', 'python']
[1.580s] Level 1:colcon.colcon_core.package_identification:_identify(scripts) by extension 'cmake'
[1.580s] Level 1:colcon.colcon_core.package_identification:_identify(scripts) by extension 'cmake'
[1.581s] Level 1:colcon.colcon_core.package_identification:_identify(scripts) by extension 'python'
[1.581s] Level 1:colcon.colcon_core.package_identification:_identify(scripts) by extension 'python'
[1.581s] Level 1:colcon.colcon_core.package_identification:_identify(scripts) by extensions ['python_setup_py']
[1.581s] Level 1:colcon.colcon_core.package_identification:_identify(scripts) by extensions ['python_setup_py']
[1.581s] Level 1:colcon.colcon_core.package_identification:_identify(scripts) by extension 'python_setup_py'
[1.581s] Level 1:colcon.colcon_core.package_identification:_identify(scripts) by extension 'python_setup_py'
[1.581s] Level 1:colcon.colcon_core.package_identification:_identify(src) by extensions ['ignore', 'ignore_ament_install']
[1.581s] Level 1:colcon.colcon_core.package_identification:_identify(src) by extensions ['ignore', 'ignore_ament_install']
[1.582s] Level 1:colcon.colcon_core.package_identification:_identify(src) by extension 'ignore'
[1.582s] Level 1:colcon.colcon_core.package_identification:_identify(src) by extension 'ignore'
[1.582s] Level 1:colcon.colcon_core.package_identification:_identify(src) by extension 'ignore_ament_install'
[1.582s] Level 1:colcon.colcon_core.package_identification:_identify(src) by extension 'ignore_ament_install'
[1.582s] Level 1:colcon.colcon_core.package_identification:_identify(src) by extensions ['colcon_pkg']
[1.582s] Level 1:colcon.colcon_core.package_identification:_identify(src) by extensions ['colcon_pkg']
[1.583s] Level 1:colcon.colcon_core.package_identification:_identify(src) by extension 'colcon_pkg'
[1.583s] Level 1:colcon.colcon_core.package_identification:_identify(src) by extension 'colcon_pkg'
[1.583s] Level 1:colcon.colcon_core.package_identification:_identify(src) by extensions ['colcon_meta']
[1.583s] Level 1:colcon.colcon_core.package_identification:_identify(src) by extensions ['colcon_meta']
[1.583s] Level 1:colcon.colcon_core.package_identification:_identify(src) by extension 'colcon_meta'
[1.583s] Level 1:colcon.colcon_core.package_identification:_identify(src) by extension 'colcon_meta'
[1.583s] Level 1:colcon.colcon_core.package_identification:_identify(src) by extensions ['ros']
[1.583s] Level 1:colcon.colcon_core.package_identification:_identify(src) by extensions ['ros']
[1.583s] Level 1:colcon.colcon_core.package_identification:_identify(src) by extension 'ros'
[1.583s] Level 1:colcon.colcon_core.package_identification:_identify(src) by extension 'ros'
[1.584s] Level 1:colcon.colcon_core.package_identification:_identify(src) by extensions ['cmake', 'python']
[1.584s] Level 1:colcon.colcon_core.package_identification:_identify(src) by extensions ['cmake', 'python']
[1.584s] Level 1:colcon.colcon_core.package_identification:_identify(src) by extension 'cmake'
[1.584s] Level 1:colcon.colcon_core.package_identification:_identify(src) by extension 'cmake'
[1.584s] Level 1:colcon.colcon_core.package_identification:_identify(src) by extension 'python'
[1.584s] Level 1:colcon.colcon_core.package_identification:_identify(src) by extension 'python'
[1.584s] Level 1:colcon.colcon_core.package_identification:_identify(src) by extensions ['python_setup_py']
[1.584s] Level 1:colcon.colcon_core.package_identification:_identify(src) by extensions ['python_setup_py']
[1.584s] Level 1:colcon.colcon_core.package_identification:_identify(src) by extension 'python_setup_py'
[1.584s] Level 1:colcon.colcon_core.package_identification:_identify(src) by extension 'python_setup_py'
[1.585s] Level 1:colcon.colcon_core.package_identification:_identify(src/camera_test) by extensions ['ignore', 'ignore_ament_install']
[1.585s] Level 1:colcon.colcon_core.package_identification:_identify(src/camera_test) by extensions ['ignore', 'ignore_ament_install']
[1.585s] Level 1:colcon.colcon_core.package_identification:_identify(src/camera_test) by extension 'ignore'
[1.585s] Level 1:colcon.colcon_core.package_identification:_identify(src/camera_test) by extension 'ignore'
[1.585s] Level 1:colcon.colcon_core.package_identification:_identify(src/camera_test) by extension 'ignore_ament_install'
[1.585s] Level 1:colcon.colcon_core.package_identification:_identify(src/camera_test) by extension 'ignore_ament_install'
[1.586s] Level 1:colcon.colcon_core.package_identification:_identify(src/camera_test) by extensions ['colcon_pkg']
[1.586s] Level 1:colcon.colcon_core.package_identification:_identify(src/camera_test) by extensions ['colcon_pkg']
[1.586s] Level 1:colcon.colcon_core.package_identification:_identify(src/camera_test) by extension 'colcon_pkg'
[1.586s] Level 1:colcon.colcon_core.package_identification:_identify(src/camera_test) by extension 'colcon_pkg'
[1.586s] Level 1:colcon.colcon_core.package_identification:_identify(src/camera_test) by extensions ['colcon_meta']
[1.586s] Level 1:colcon.colcon_core.package_identification:_identify(src/camera_test) by extensions ['colcon_meta']
[1.586s] Level 1:colcon.colcon_core.package_identification:_identify(src/camera_test) by extension 'colcon_meta'
[1.586s] Level 1:colcon.colcon_core.package_identification:_identify(src/camera_test) by extension 'colcon_meta'
[1.587s] Level 1:colcon.colcon_core.package_identification:_identify(src/camera_test) by extensions ['ros']
[1.587s] Level 1:colcon.colcon_core.package_identification:_identify(src/camera_test) by extensions ['ros']
[1.587s] Level 1:colcon.colcon_core.package_identification:_identify(src/camera_test) by extension 'ros'
[1.587s] Level 1:colcon.colcon_core.package_identification:_identify(src/camera_test) by extension 'ros'
[1.596s] DEBUG:colcon.colcon_core.package_identification:Package 'src/camera_test' with type 'ros.ament_python' and name 'camera_test'
[1.596s] DEBUG:colcon.colcon_core.package_identification:Package 'src/camera_test' with type 'ros.ament_python' and name 'camera_test'
[1.597s] Level 1:colcon.colcon_core.package_identification:_identify(src/db_broker) by extensions ['ignore', 'ignore_ament_install']
[1.597s] Level 1:colcon.colcon_core.package_identification:_identify(src/db_broker) by extensions ['ignore', 'ignore_ament_install']
[1.597s] Level 1:colcon.colcon_core.package_identification:_identify(src/db_broker) by extension 'ignore'
[1.597s] Level 1:colcon.colcon_core.package_identification:_identify(src/db_broker) by extension 'ignore'
[1.598s] Level 1:colcon.colcon_core.package_identification:_identify(src/db_broker) by extension 'ignore_ament_install'
[1.598s] Level 1:colcon.colcon_core.package_identification:_identify(src/db_broker) by extension 'ignore_ament_install'
[1.598s] Level 1:colcon.colcon_core.package_identification:_identify(src/db_broker) by extensions ['colcon_pkg']
[1.598s] Level 1:colcon.colcon_core.package_identification:_identify(src/db_broker) by extensions ['colcon_pkg']
[1.598s] Level 1:colcon.colcon_core.package_identification:_identify(src/db_broker) by extension 'colcon_pkg'
[1.598s] Level 1:colcon.colcon_core.package_identification:_identify(src/db_broker) by extension 'colcon_pkg'
[1.598s] Level 1:colcon.colcon_core.package_identification:_identify(src/db_broker) by extensions ['colcon_meta']
[1.598s] Level 1:colcon.colcon_core.package_identification:_identify(src/db_broker) by extensions ['colcon_meta']
[1.598s] Level 1:colcon.colcon_core.package_identification:_identify(src/db_broker) by extension 'colcon_meta'
[1.598s] Level 1:colcon.colcon_core.package_identification:_identify(src/db_broker) by extension 'colcon_meta'
[1.599s] Level 1:colcon.colcon_core.package_identification:_identify(src/db_broker) by extensions ['ros']
[1.599s] Level 1:colcon.colcon_core.package_identification:_identify(src/db_broker) by extensions ['ros']
[1.599s] Level 1:colcon.colcon_core.package_identification:_identify(src/db_broker) by extension 'ros'
[1.599s] Level 1:colcon.colcon_core.package_identification:_identify(src/db_broker) by extension 'ros'
[1.601s] DEBUG:colcon.colcon_core.package_identification:Package 'src/db_broker' with type 'ros.ament_python' and name 'db_broker'
[1.601s] DEBUG:colcon.colcon_core.package_identification:Package 'src/db_broker' with type 'ros.ament_python' and name 'db_broker'
[1.601s] Level 1:colcon.colcon_core.package_identification:_identify(src/drive_cb) by extensions ['ignore', 'ignore_ament_install']
[1.601s] Level 1:colcon.colcon_core.package_identification:_identify(src/drive_cb) by extensions ['ignore', 'ignore_ament_install']
[1.602s] Level 1:colcon.colcon_core.package_identification:_identify(src/drive_cb) by extension 'ignore'
[1.602s] Level 1:colcon.colcon_core.package_identification:_identify(src/drive_cb) by extension 'ignore'
[1.602s] Level 1:colcon.colcon_core.package_identification:_identify(src/drive_cb) by extension 'ignore_ament_install'
[1.602s] Level 1:colcon.colcon_core.package_identification:_identify(src/drive_cb) by extension 'ignore_ament_install'
[1.602s] Level 1:colcon.colcon_core.package_identification:_identify(src/drive_cb) by extensions ['colcon_pkg']
[1.602s] Level 1:colcon.colcon_core.package_identification:_identify(src/drive_cb) by extensions ['colcon_pkg']
[1.603s] Level 1:colcon.colcon_core.package_identification:_identify(src/drive_cb) by extension 'colcon_pkg'
[1.603s] Level 1:colcon.colcon_core.package_identification:_identify(src/drive_cb) by extension 'colcon_pkg'
[1.603s] Level 1:colcon.colcon_core.package_identification:_identify(src/drive_cb) by extensions ['colcon_meta']
[1.603s] Level 1:colcon.colcon_core.package_identification:_identify(src/drive_cb) by extensions ['colcon_meta']
[1.603s] Level 1:colcon.colcon_core.package_identification:_identify(src/drive_cb) by extension 'colcon_meta'
[1.603s] Level 1:colcon.colcon_core.package_identification:_identify(src/drive_cb) by extension 'colcon_meta'
[1.603s] Level 1:colcon.colcon_core.package_identification:_identify(src/drive_cb) by extensions ['ros']
[1.603s] Level 1:colcon.colcon_core.package_identification:_identify(src/drive_cb) by extensions ['ros']
[1.603s] Level 1:colcon.colcon_core.package_identification:_identify(src/drive_cb) by extension 'ros'
[1.603s] Level 1:colcon.colcon_core.package_identification:_identify(src/drive_cb) by extension 'ros'
[1.605s] DEBUG:colcon.colcon_core.package_identification:Package 'src/drive_cb' with type 'ros.ament_python' and name 'drive_cb'
[1.605s] DEBUG:colcon.colcon_core.package_identification:Package 'src/drive_cb' with type 'ros.ament_python' and name 'drive_cb'
[1.606s] Level 1:colcon.colcon_core.package_identification:_identify(src/drive_ex) by extensions ['ignore', 'ignore_ament_install']
[1.606s] Level 1:colcon.colcon_core.package_identification:_identify(src/drive_ex) by extensions ['ignore', 'ignore_ament_install']
[1.606s] Level 1:colcon.colcon_core.package_identification:_identify(src/drive_ex) by extension 'ignore'
[1.606s] Level 1:colcon.colcon_core.package_identification:_identify(src/drive_ex) by extension 'ignore'
[1.607s] Level 1:colcon.colcon_core.package_identification:_identify(src/drive_ex) by extension 'ignore_ament_install'
[1.607s] Level 1:colcon.colcon_core.package_identification:_identify(src/drive_ex) by extension 'ignore_ament_install'
[1.607s] Level 1:colcon.colcon_core.package_identification:_identify(src/drive_ex) by extensions ['colcon_pkg']
[1.607s] Level 1:colcon.colcon_core.package_identification:_identify(src/drive_ex) by extensions ['colcon_pkg']
[1.607s] Level 1:colcon.colcon_core.package_identification:_identify(src/drive_ex) by extension 'colcon_pkg'
[1.607s] Level 1:colcon.colcon_core.package_identification:_identify(src/drive_ex) by extension 'colcon_pkg'
[1.607s] Level 1:colcon.colcon_core.package_identification:_identify(src/drive_ex) by extensions ['colcon_meta']
[1.607s] Level 1:colcon.colcon_core.package_identification:_identify(src/drive_ex) by extensions ['colcon_meta']
[1.607s] Level 1:colcon.colcon_core.package_identification:_identify(src/drive_ex) by extension 'colcon_meta'
[1.607s] Level 1:colcon.colcon_core.package_identification:_identify(src/drive_ex) by extension 'colcon_meta'
[1.608s] Level 1:colcon.colcon_core.package_identification:_identify(src/drive_ex) by extensions ['ros']
[1.608s] Level 1:colcon.colcon_core.package_identification:_identify(src/drive_ex) by extensions ['ros']
[1.608s] Level 1:colcon.colcon_core.package_identification:_identify(src/drive_ex) by extension 'ros'
[1.608s] Level 1:colcon.colcon_core.package_identification:_identify(src/drive_ex) by extension 'ros'
[1.610s] DEBUG:colcon.colcon_core.package_identification:Package 'src/drive_ex' with type 'ros.ament_python' and name 'drive_ex'
[1.610s] DEBUG:colcon.colcon_core.package_identification:Package 'src/drive_ex' with type 'ros.ament_python' and name 'drive_ex'
[1.610s] Level 1:colcon.colcon_core.package_identification:_identify(src/joy_control) by extensions ['ignore', 'ignore_ament_install']
[1.610s] Level 1:colcon.colcon_core.package_identification:_identify(src/joy_control) by extensions ['ignore', 'ignore_ament_install']
[1.611s] Level 1:colcon.colcon_core.package_identification:_identify(src/joy_control) by extension 'ignore'
[1.611s] Level 1:colcon.colcon_core.package_identification:_identify(src/joy_control) by extension 'ignore'
[1.611s] Level 1:colcon.colcon_core.package_identification:_identify(src/joy_control) by extension 'ignore_ament_install'
[1.611s] Level 1:colcon.colcon_core.package_identification:_identify(src/joy_control) by extension 'ignore_ament_install'
[1.611s] Level 1:colcon.colcon_core.package_identification:_identify(src/joy_control) by extensions ['colcon_pkg']
[1.611s] Level 1:colcon.colcon_core.package_identification:_identify(src/joy_control) by extensions ['colcon_pkg']
[1.612s] Level 1:colcon.colcon_core.package_identification:_identify(src/joy_control) by extension 'colcon_pkg'
[1.612s] Level 1:colcon.colcon_core.package_identification:_identify(src/joy_control) by extension 'colcon_pkg'
[1.612s] Level 1:colcon.colcon_core.package_identification:_identify(src/joy_control) by extensions ['colcon_meta']
[1.612s] Level 1:colcon.colcon_core.package_identification:_identify(src/joy_control) by extensions ['colcon_meta']
[1.612s] Level 1:colcon.colcon_core.package_identification:_identify(src/joy_control) by extension 'colcon_meta'
[1.612s] Level 1:colcon.colcon_core.package_identification:_identify(src/joy_control) by extension 'colcon_meta'
[1.612s] Level 1:colcon.colcon_core.package_identification:_identify(src/joy_control) by extensions ['ros']
[1.612s] Level 1:colcon.colcon_core.package_identification:_identify(src/joy_control) by extensions ['ros']
[1.612s] Level 1:colcon.colcon_core.package_identification:_identify(src/joy_control) by extension 'ros'
[1.612s] Level 1:colcon.colcon_core.package_identification:_identify(src/joy_control) by extension 'ros'
[1.614s] DEBUG:colcon.colcon_core.package_identification:Package 'src/joy_control' with type 'ros.ament_python' and name 'joy_control'
[1.614s] DEBUG:colcon.colcon_core.package_identification:Package 'src/joy_control' with type 'ros.ament_python' and name 'joy_control'
[1.615s] Level 1:colcon.colcon_core.package_identification:_identify(src/py_pubsub) by extensions ['ignore', 'ignore_ament_install']
[1.615s] Level 1:colcon.colcon_core.package_identification:_identify(src/py_pubsub) by extensions ['ignore', 'ignore_ament_install']
[1.615s] Level 1:colcon.colcon_core.package_identification:_identify(src/py_pubsub) by extension 'ignore'
[1.615s] Level 1:colcon.colcon_core.package_identification:_identify(src/py_pubsub) by extension 'ignore'
[1.616s] Level 1:colcon.colcon_core.package_identification:_identify(src/py_pubsub) by extension 'ignore_ament_install'
[1.616s] Level 1:colcon.colcon_core.package_identification:_identify(src/py_pubsub) by extension 'ignore_ament_install'
[1.616s] Level 1:colcon.colcon_core.package_identification:_identify(src/py_pubsub) by extensions ['colcon_pkg']
[1.616s] Level 1:colcon.colcon_core.package_identification:_identify(src/py_pubsub) by extensions ['colcon_pkg']
[1.616s] Level 1:colcon.colcon_core.package_identification:_identify(src/py_pubsub) by extension 'colcon_pkg'
[1.616s] Level 1:colcon.colcon_core.package_identification:_identify(src/py_pubsub) by extension 'colcon_pkg'
[1.616s] Level 1:colcon.colcon_core.package_identification:_identify(src/py_pubsub) by extensions ['colcon_meta']
[1.616s] Level 1:colcon.colcon_core.package_identification:_identify(src/py_pubsub) by extensions ['colcon_meta']
[1.616s] Level 1:colcon.colcon_core.package_identification:_identify(src/py_pubsub) by extension 'colcon_meta'
[1.616s] Level 1:colcon.colcon_core.package_identification:_identify(src/py_pubsub) by extension 'colcon_meta'
[1.617s] Level 1:colcon.colcon_core.package_identification:_identify(src/py_pubsub) by extensions ['ros']
[1.617s] Level 1:colcon.colcon_core.package_identification:_identify(src/py_pubsub) by extensions ['ros']
[1.617s] Level 1:colcon.colcon_core.package_identification:_identify(src/py_pubsub) by extension 'ros'
[1.617s] Level 1:colcon.colcon_core.package_identification:_identify(src/py_pubsub) by extension 'ros'
[1.619s] DEBUG:colcon.colcon_core.package_identification:Package 'src/py_pubsub' with type 'ros.ament_python' and name 'py_pubsub'
[1.619s] DEBUG:colcon.colcon_core.package_identification:Package 'src/py_pubsub' with type 'ros.ament_python' and name 'py_pubsub'
[1.619s] Level 1:colcon.colcon_core.package_identification:_identify(src/ui) by extensions ['ignore', 'ignore_ament_install']
[1.619s] Level 1:colcon.colcon_core.package_identification:_identify(src/ui) by extensions ['ignore', 'ignore_ament_install']
[1.620s] Level 1:colcon.colcon_core.package_identification:_identify(src/ui) by extension 'ignore'
[1.620s] Level 1:colcon.colcon_core.package_identification:_identify(src/ui) by extension 'ignore'
[1.620s] Level 1:colcon.colcon_core.package_identification:_identify(src/ui) by extension 'ignore_ament_install'
[1.620s] Level 1:colcon.colcon_core.package_identification:_identify(src/ui) by extension 'ignore_ament_install'
[1.620s] Level 1:colcon.colcon_core.package_identification:_identify(src/ui) by extensions ['colcon_pkg']
[1.620s] Level 1:colcon.colcon_core.package_identification:_identify(src/ui) by extensions ['colcon_pkg']
[1.620s] Level 1:colcon.colcon_core.package_identification:_identify(src/ui) by extension 'colcon_pkg'
[1.620s] Level 1:colcon.colcon_core.package_identification:_identify(src/ui) by extension 'colcon_pkg'
[1.621s] Level 1:colcon.colcon_core.package_identification:_identify(src/ui) by extensions ['colcon_meta']
[1.621s] Level 1:colcon.colcon_core.package_identification:_identify(src/ui) by extensions ['colcon_meta']
[1.621s] Level 1:colcon.colcon_core.package_identification:_identify(src/ui) by extension 'colcon_meta'
[1.621s] Level 1:colcon.colcon_core.package_identification:_identify(src/ui) by extension 'colcon_meta'
[1.621s] Level 1:colcon.colcon_core.package_identification:_identify(src/ui) by extensions ['ros']
[1.621s] Level 1:colcon.colcon_core.package_identification:_identify(src/ui) by extensions ['ros']
[1.621s] Level 1:colcon.colcon_core.package_identification:_identify(src/ui) by extension 'ros'
[1.621s] Level 1:colcon.colcon_core.package_identification:_identify(src/ui) by extension 'ros'
[1.623s] DEBUG:colcon.colcon_core.package_identification:Package 'src/ui' with type 'ros.ament_python' and name 'ui'
[1.623s] DEBUG:colcon.colcon_core.package_identification:Package 'src/ui' with type 'ros.ament_python' and name 'ui'
[1.624s] Level 1:colcon.colcon_core.package_discovery:discover_packages(recursive) using defaults
[1.624s] Level 1:colcon.colcon_core.package_discovery:discover_packages(recursive) using defaults
[1.624s] Level 1:colcon.colcon_core.package_discovery:discover_packages(ignore) discover
[1.624s] Level 1:colcon.colcon_core.package_discovery:discover_packages(ignore) discover
[1.624s] Level 1:colcon.colcon_core.package_discovery:discover_packages(ignore) using defaults
[1.624s] Level 1:colcon.colcon_core.package_discovery:discover_packages(ignore) using defaults
[1.624s] Level 1:colcon.colcon_core.package_discovery:discover_packages(path) discover
[1.624s] Level 1:colcon.colcon_core.package_discovery:discover_packages(path) discover
[1.624s] Level 1:colcon.colcon_core.package_discovery:discover_packages(path) using defaults
[1.624s] Level 1:colcon.colcon_core.package_discovery:discover_packages(path) using defaults
[1.776s] INFO:colcon.colcon_core.package_selection:Skipping not selected package 'camera_test' in 'src/camera_test'
[1.776s] INFO:colcon.colcon_core.package_selection:Skipping not selected package 'camera_test' in 'src/camera_test'
[1.777s] INFO:colcon.colcon_core.package_selection:Skipping not selected package 'db_broker' in 'src/db_broker'
[1.777s] INFO:colcon.colcon_core.package_selection:Skipping not selected package 'db_broker' in 'src/db_broker'
[1.777s] INFO:colcon.colcon_core.package_selection:Skipping not selected package 'drive_cb' in 'src/drive_cb'
[1.777s] INFO:colcon.colcon_core.package_selection:Skipping not selected package 'drive_cb' in 'src/drive_cb'
[1.777s] INFO:colcon.colcon_core.package_selection:Skipping not selected package 'drive_ex' in 'src/drive_ex'
[1.777s] INFO:colcon.colcon_core.package_selection:Skipping not selected package 'joy_control' in 'src/joy_control'
[1.777s] INFO:colcon.colcon_core.package_selection:Skipping not selected package 'py_pubsub' in 'src/py_pubsub'
[1.777s] INFO:colcon.colcon_core.package_selection:Skipping not selected package 'py_pubsub' in 'src/py_pubsub'
[1.777s] INFO:colcon.colcon_core.package_selection:Skipping not selected package 'ui' in 'src/ui'
[1.777s] INFO:colcon.colcon_core.package_selection:Skipping not selected package 'ui' in 'src/ui'
[1.779s] Level 1:colcon.colcon_core.package_discovery:discover_packages(prefix_path) check parameters
[1.779s] Level 1:colcon.colcon_core.package_discovery:discover_packages(prefix_path) check parameters
[1.780s] Level 1:colcon.colcon_core.package_discovery:discover_packages(prefix_path) discover
[1.780s] Level 1:colcon.colcon_core.package_discovery:discover_packages(prefix_path) discover
[1.791s] DEBUG:colcon.colcon_installed_package_information.package_discovery:Found 7 installed packages in /home/beachlbl/ros2-ws-2024/install
[1.791s] DEBUG:colcon.colcon_installed_package_information.package_discovery:Found 7 installed packages in /home/beachlbl/ros2-ws-2024/install
[1.800s] DEBUG:colcon.colcon_installed_package_information.package_discovery:Found 287 installed packages in /opt/ros/iron
[1.800s] DEBUG:colcon.colcon_installed_package_information.package_discovery:Found 287 installed packages in /opt/ros/iron
[1.807s] Level 1:colcon.colcon_core.package_discovery:discover_packages(prefix_path) using defaults
[1.807s] Level 1:colcon.colcon_core.package_discovery:discover_packages(prefix_path) using defaults
[2.035s] Level 5:colcon.colcon_core.verb:set package 'drive_ex' build argument 'cmake_args' from command line to 'None'
[2.036s] Level 5:colcon.colcon_core.verb:set package 'joy_control' build argument 'cmake_args' from command line to 'None'
[2.036s] Level 5:colcon.colcon_core.verb:set package 'drive_ex' build argument 'cmake_target' from command line to 'None'
[2.036s] Level 5:colcon.colcon_core.verb:set package 'joy_control' build argument 'cmake_target' from command line to 'None'
[2.036s] Level 5:colcon.colcon_core.verb:set package 'drive_ex' build argument 'cmake_target_skip_unavailable' from command line to 'False'
[2.036s] Level 5:colcon.colcon_core.verb:set package 'joy_control' build argument 'cmake_target_skip_unavailable' from command line to 'False'
[2.036s] Level 5:colcon.colcon_core.verb:set package 'drive_ex' build argument 'cmake_clean_cache' from command line to 'False'
[2.036s] Level 5:colcon.colcon_core.verb:set package 'joy_control' build argument 'cmake_clean_cache' from command line to 'False'
[2.036s] Level 5:colcon.colcon_core.verb:set package 'drive_ex' build argument 'cmake_clean_first' from command line to 'False'
[2.036s] Level 5:colcon.colcon_core.verb:set package 'joy_control' build argument 'cmake_clean_first' from command line to 'False'
[2.036s] Level 5:colcon.colcon_core.verb:set package 'drive_ex' build argument 'cmake_force_configure' from command line to 'False'
[2.036s] Level 5:colcon.colcon_core.verb:set package 'joy_control' build argument 'cmake_force_configure' from command line to 'False'
[2.036s] Level 5:colcon.colcon_core.verb:set package 'drive_ex' build argument 'ament_cmake_args' from command line to 'None'
[2.036s] Level 5:colcon.colcon_core.verb:set package 'joy_control' build argument 'ament_cmake_args' from command line to 'None'
[2.036s] Level 5:colcon.colcon_core.verb:set package 'drive_ex' build argument 'catkin_cmake_args' from command line to 'None'
[2.037s] Level 5:colcon.colcon_core.verb:set package 'joy_control' build argument 'catkin_cmake_args' from command line to 'None'
[2.037s] Level 5:colcon.colcon_core.verb:set package 'drive_ex' build argument 'catkin_skip_building_tests' from command line to 'False'
[2.037s] Level 5:colcon.colcon_core.verb:set package 'joy_control' build argument 'catkin_skip_building_tests' from command line to 'False'
[2.037s] DEBUG:colcon.colcon_core.verb:Building package 'drive_ex' with the following arguments: {'ament_cmake_args': None, 'build_base': '/home/beachlbl/ros2-ws-2024/build/drive_ex', 'catkin_cmake_args': None, 'catkin_skip_building_tests': False, 'cmake_args': None, 'cmake_clean_cache': False, 'cmake_clean_first': False, 'cmake_force_configure': False, 'cmake_target': None, 'cmake_target_skip_unavailable': False, 'install_base': '/home/beachlbl/ros2-ws-2024/install/drive_ex', 'merge_install': False, 'path': '/home/beachlbl/ros2-ws-2024/src/drive_ex', 'symlink_install': False, 'test_result_base': None}
[2.037s] DEBUG:colcon.colcon_core.verb:Building package 'joy_control' with the following arguments: {'ament_cmake_args': None, 'build_base': '/home/beachlbl/ros2-ws-2024/build/joy_control', 'catkin_cmake_args': None, 'catkin_skip_building_tests': False, 'cmake_args': None, 'cmake_clean_cache': False, 'cmake_clean_first': False, 'cmake_force_configure': False, 'cmake_target': None, 'cmake_target_skip_unavailable': False, 'install_base': '/home/beachlbl/ros2-ws-2024/install/joy_control', 'merge_install': False, 'path': '/home/beachlbl/ros2-ws-2024/src/joy_control', 'symlink_install': False, 'test_result_base': None}
[2.037s] INFO:colcon.colcon_core.executor:Executing jobs using 'parallel' executor
[2.037s] INFO:colcon.colcon_core.executor:Executing jobs using 'parallel' executor
[2.041s] DEBUG:colcon.colcon_parallel_executor.executor.parallel:run_until_complete
[2.042s] DEBUG:colcon.colcon_parallel_executor.executor.parallel:run_until_complete
[2.042s] INFO:colcon.colcon_ros.task.ament_python.build:Building ROS package in '/home/beachlbl/ros2-ws-2024/src/drive_ex' with build type 'ament_python'
[2.042s] Level 1:colcon.colcon_core.shell:create_environment_hook('drive_ex', 'ament_prefix_path')
[2.043s] INFO:colcon.colcon_ros.task.ament_python.build:Building ROS package in '/home/beachlbl/ros2-ws-2024/src/joy_control' with build type 'ament_python'
[2.044s] Level 1:colcon.colcon_core.shell:create_environment_hook('joy_control', 'ament_prefix_path')
[2.054s] INFO:colcon.colcon_core.plugin_system:Skipping extension 'colcon_core.shell.bat': Not used on non-Windows systems
[2.055s] INFO:colcon.colcon_core.plugin_system:Skipping extension 'colcon_core.shell.bat': Not used on non-Windows systems
[2.055s] INFO:colcon.colcon_core.shell:Creating environment hook '/home/beachlbl/ros2-ws-2024/install/drive_ex/share/drive_ex/hook/ament_prefix_path.ps1'
[2.056s] INFO:colcon.colcon_core.shell:Creating environment hook '/home/beachlbl/ros2-ws-2024/install/joy_control/share/joy_control/hook/ament_prefix_path.ps1'
[2.058s] INFO:colcon.colcon_core.shell:Creating environment descriptor '/home/beachlbl/ros2-ws-2024/install/drive_ex/share/drive_ex/hook/ament_prefix_path.dsv'
[2.058s] INFO:colcon.colcon_core.shell:Creating environment descriptor '/home/beachlbl/ros2-ws-2024/install/joy_control/share/joy_control/hook/ament_prefix_path.dsv'
[2.060s] INFO:colcon.colcon_core.shell:Creating environment hook '/home/beachlbl/ros2-ws-2024/install/drive_ex/share/drive_ex/hook/ament_prefix_path.sh'
[2.060s] INFO:colcon.colcon_core.shell:Creating environment hook '/home/beachlbl/ros2-ws-2024/install/joy_control/share/joy_control/hook/ament_prefix_path.sh'
[2.063s] INFO:colcon.colcon_core.shell:Skip shell extension 'powershell' for command environment: Not usable outside of PowerShell
[2.063s] INFO:colcon.colcon_core.shell:Skip shell extension 'powershell' for command environment: Not usable outside of PowerShell
[2.064s] DEBUG:colcon.colcon_core.shell:Skip shell extension 'dsv' for command environment
[2.064s] DEBUG:colcon.colcon_core.shell:Skip shell extension 'dsv' for command environment
[3.557s] INFO:colcon.colcon_core.task.python.build:Building Python package in '/home/beachlbl/ros2-ws-2024/src/joy_control'
[3.558s] INFO:colcon.colcon_core.shell:Skip shell extension 'powershell' for command environment: Not usable outside of PowerShell
[3.559s] DEBUG:colcon.colcon_core.shell:Skip shell extension 'dsv' for command environment
[3.560s] INFO:colcon.colcon_core.task.python.build:Building Python package in '/home/beachlbl/ros2-ws-2024/src/drive_ex'
[3.561s] INFO:colcon.colcon_core.shell:Skip shell extension 'powershell' for command environment: Not usable outside of PowerShell
[3.561s] DEBUG:colcon.colcon_core.shell:Skip shell extension 'dsv' for command environment
[5.502s] DEBUG:colcon.colcon_core.event_handler.log_command:Invoking command in '/home/beachlbl/ros2-ws-2024/src/drive_ex': PYTHONPATH=/home/beachlbl/ros2-ws-2024/build/drive_ex/prefix_override:/home/beachlbl/ros2-ws-2024/install/drive_ex/lib/python3.10/site-packages:${PYTHONPATH} /usr/bin/python3 -W ignore:setup.py install is deprecated setup.py egg_info --egg-base ../../build/drive_ex build --build-base /home/beachlbl/ros2-ws-2024/build/drive_ex/build install --record /home/beachlbl/ros2-ws-2024/build/drive_ex/install.log --single-version-externally-managed install_data
[5.531s] DEBUG:colcon.colcon_core.event_handler.log_command:Invoking command in '/home/beachlbl/ros2-ws-2024/src/joy_control': PYTHONPATH=/home/beachlbl/ros2-ws-2024/build/joy_control/prefix_override:/home/beachlbl/ros2-ws-2024/install/joy_control/lib/python3.10/site-packages:${PYTHONPATH} /usr/bin/python3 -W ignore:setup.py install is deprecated setup.py egg_info --egg-base ../../build/joy_control build --build-base /home/beachlbl/ros2-ws-2024/build/joy_control/build install --record /home/beachlbl/ros2-ws-2024/build/joy_control/install.log --single-version-externally-managed install_data
[7.084s] DEBUG:colcon.colcon_core.event_handler.log_command:Invoked command in '/home/beachlbl/ros2-ws-2024/src/drive_ex' returned '0': PYTHONPATH=/home/beachlbl/ros2-ws-2024/build/drive_ex/prefix_override:/home/beachlbl/ros2-ws-2024/install/drive_ex/lib/python3.10/site-packages:${PYTHONPATH} /usr/bin/python3 -W ignore:setup.py install is deprecated setup.py egg_info --egg-base ../../build/drive_ex build --build-base /home/beachlbl/ros2-ws-2024/build/drive_ex/build install --record /home/beachlbl/ros2-ws-2024/build/drive_ex/install.log --single-version-externally-managed install_data
[7.109s] Level 1:colcon.colcon_core.environment:checking '/home/beachlbl/ros2-ws-2024/install/drive_ex' for CMake module files
[7.112s] Level 1:colcon.colcon_core.environment:checking '/home/beachlbl/ros2-ws-2024/install/drive_ex' for CMake config files
[7.119s] Level 1:colcon.colcon_core.environment:checking '/home/beachlbl/ros2-ws-2024/install/drive_ex/lib'
[7.120s] Level 1:colcon.colcon_core.environment:checking '/home/beachlbl/ros2-ws-2024/install/drive_ex/bin'
[7.121s] Level 1:colcon.colcon_core.environment:checking '/home/beachlbl/ros2-ws-2024/install/drive_ex/lib/pkgconfig/drive_ex.pc'
[7.122s] Level 1:colcon.colcon_core.environment:checking '/home/beachlbl/ros2-ws-2024/install/drive_ex/lib/python3.10/site-packages'
[7.123s] Level 1:colcon.colcon_core.shell:create_environment_hook('drive_ex', 'pythonpath')
[7.124s] INFO:colcon.colcon_core.shell:Creating environment hook '/home/beachlbl/ros2-ws-2024/install/drive_ex/share/drive_ex/hook/pythonpath.ps1'
[7.127s] INFO:colcon.colcon_core.shell:Creating environment descriptor '/home/beachlbl/ros2-ws-2024/install/drive_ex/share/drive_ex/hook/pythonpath.dsv'
[7.130s] INFO:colcon.colcon_core.shell:Creating environment hook '/home/beachlbl/ros2-ws-2024/install/drive_ex/share/drive_ex/hook/pythonpath.sh'
[7.135s] Level 1:colcon.colcon_core.environment:checking '/home/beachlbl/ros2-ws-2024/install/drive_ex/bin'
[7.135s] Level 1:colcon.colcon_core.environment:create_environment_scripts_only(drive_ex)
[7.137s] INFO:colcon.colcon_core.shell:Creating package script '/home/beachlbl/ros2-ws-2024/install/drive_ex/share/drive_ex/package.ps1'
[7.144s] INFO:colcon.colcon_core.shell:Creating package descriptor '/home/beachlbl/ros2-ws-2024/install/drive_ex/share/drive_ex/package.dsv'
[7.149s] INFO:colcon.colcon_core.shell:Creating package script '/home/beachlbl/ros2-ws-2024/install/drive_ex/share/drive_ex/package.sh'
[7.154s] INFO:colcon.colcon_core.shell:Creating package script '/home/beachlbl/ros2-ws-2024/install/drive_ex/share/drive_ex/package.bash'
[7.159s] INFO:colcon.colcon_core.shell:Creating package script '/home/beachlbl/ros2-ws-2024/install/drive_ex/share/drive_ex/package.zsh'
[7.163s] Level 1:colcon.colcon_core.environment:create_file_with_runtime_dependencies(/home/beachlbl/ros2-ws-2024/install/drive_ex/share/colcon-core/packages/drive_ex)
[7.165s] DEBUG:colcon.colcon_parallel_executor.executor.parallel:closing loop
[7.167s] DEBUG:colcon.colcon_parallel_executor.executor.parallel:loop closed
[7.168s] DEBUG:colcon.colcon_parallel_executor.executor.parallel:run_until_complete finished with '0'
[7.169s] DEBUG:colcon.colcon_core.event_reactor:joining thread
[7.188s] DEBUG:colcon.colcon_core.event_handler.log_command:Invoked command in '/home/beachlbl/ros2-ws-2024/src/joy_control' returned '0': PYTHONPATH=/home/beachlbl/ros2-ws-2024/build/joy_control/prefix_override:/home/beachlbl/ros2-ws-2024/install/joy_control/lib/python3.10/site-packages:${PYTHONPATH} /usr/bin/python3 -W ignore:setup.py install is deprecated setup.py egg_info --egg-base ../../build/joy_control build --build-base /home/beachlbl/ros2-ws-2024/build/joy_control/build install --record /home/beachlbl/ros2-ws-2024/build/joy_control/install.log --single-version-externally-managed install_data
[7.197s] INFO:colcon.colcon_core.plugin_system:Skipping extension 'colcon_notification.desktop_notification.terminal_notifier': Not used on non-Darwin systems
[7.197s] INFO:colcon.colcon_core.plugin_system:Skipping extension 'colcon_notification.desktop_notification.win32': Not used on non-Windows systems
[7.197s] INFO:colcon.colcon_notification.desktop_notification:Sending desktop notification using 'notify2'
[7.200s] DEBUG:colcon.colcon_notification.desktop_notification.notify2:Failed to initialize notify2: org.freedesktop.DBus.Error.ServiceUnknown: The name org.freedesktop.Notifications was not provided by any .service files
[7.201s] DEBUG:colcon.colcon_core.event_reactor:joined thread
[7.201s] Level 1:colcon.colcon_core.environment:checking '/home/beachlbl/ros2-ws-2024/install/joy_control' for CMake module files
[7.202s] INFO:colcon.colcon_core.shell:Creating prefix script '/home/beachlbl/ros2-ws-2024/install/local_setup.ps1'
[7.204s] Level 1:colcon.colcon_core.environment:checking '/home/beachlbl/ros2-ws-2024/install/joy_control' for CMake config files
[7.206s] INFO:colcon.colcon_core.shell:Creating prefix util module '/home/beachlbl/ros2-ws-2024/install/_local_setup_util_ps1.py'
[7.208s] Level 1:colcon.colcon_core.environment:checking '/home/beachlbl/ros2-ws-2024/install/joy_control/lib'
[7.209s] Level 1:colcon.colcon_core.environment:checking '/home/beachlbl/ros2-ws-2024/install/joy_control/bin'
[7.209s] Level 1:colcon.colcon_core.environment:checking '/home/beachlbl/ros2-ws-2024/install/joy_control/lib/pkgconfig/joy_control.pc'
[7.210s] Level 1:colcon.colcon_core.environment:checking '/home/beachlbl/ros2-ws-2024/install/joy_control/lib/python3.10/site-packages'
[7.210s] Level 1:colcon.colcon_core.shell:create_environment_hook('joy_control', 'pythonpath')
[7.211s] INFO:colcon.colcon_core.shell:Creating prefix chain script '/home/beachlbl/ros2-ws-2024/install/setup.ps1'
[7.211s] INFO:colcon.colcon_core.shell:Creating environment hook '/home/beachlbl/ros2-ws-2024/install/joy_control/share/joy_control/hook/pythonpath.ps1'
[7.213s] INFO:colcon.colcon_core.shell:Creating environment descriptor '/home/beachlbl/ros2-ws-2024/install/joy_control/share/joy_control/hook/pythonpath.dsv'
[7.215s] INFO:colcon.colcon_core.shell:Creating environment hook '/home/beachlbl/ros2-ws-2024/install/joy_control/share/joy_control/hook/pythonpath.sh'
[7.217s] INFO:colcon.colcon_core.shell:Creating prefix script '/home/beachlbl/ros2-ws-2024/install/local_setup.sh'
[7.218s] Level 1:colcon.colcon_core.environment:checking '/home/beachlbl/ros2-ws-2024/install/joy_control/bin'
[7.218s] Level 1:colcon.colcon_core.environment:create_environment_scripts_only(joy_control)
[7.219s] INFO:colcon.colcon_core.shell:Creating package script '/home/beachlbl/ros2-ws-2024/install/joy_control/share/joy_control/package.ps1'
[7.220s] INFO:colcon.colcon_core.shell:Creating prefix util module '/home/beachlbl/ros2-ws-2024/install/_local_setup_util_sh.py'
[7.222s] INFO:colcon.colcon_core.shell:Creating prefix chain script '/home/beachlbl/ros2-ws-2024/install/setup.sh'
[7.223s] INFO:colcon.colcon_core.shell:Creating package descriptor '/home/beachlbl/ros2-ws-2024/install/joy_control/share/joy_control/package.dsv'
[7.226s] INFO:colcon.colcon_core.shell:Creating package script '/home/beachlbl/ros2-ws-2024/install/joy_control/share/joy_control/package.sh'
[7.228s] INFO:colcon.colcon_core.shell:Creating prefix script '/home/beachlbl/ros2-ws-2024/install/local_setup.bash'
[7.229s] INFO:colcon.colcon_core.shell:Creating package script '/home/beachlbl/ros2-ws-2024/install/joy_control/share/joy_control/package.bash'
[7.230s] INFO:colcon.colcon_core.shell:Creating prefix chain script '/home/beachlbl/ros2-ws-2024/install/setup.bash'
[7.232s] INFO:colcon.colcon_core.shell:Creating package script '/home/beachlbl/ros2-ws-2024/install/joy_control/share/joy_control/package.zsh'
[7.235s] Level 1:colcon.colcon_core.environment:create_file_with_runtime_dependencies(/home/beachlbl/ros2-ws-2024/install/joy_control/share/colcon-core/packages/joy_control)
[7.236s] INFO:colcon.colcon_core.shell:Creating prefix script '/home/beachlbl/ros2-ws-2024/install/local_setup.zsh'
[7.237s] DEBUG:colcon.colcon_parallel_executor.executor.parallel:closing loop
[7.238s] DEBUG:colcon.colcon_parallel_executor.executor.parallel:loop closed
[7.238s] DEBUG:colcon.colcon_parallel_executor.executor.parallel:run_until_complete finished with '0'
[7.238s] DEBUG:colcon.colcon_core.event_reactor:joining thread
[7.239s] INFO:colcon.colcon_core.shell:Creating prefix chain script '/home/beachlbl/ros2-ws-2024/install/setup.zsh'
[7.277s] INFO:colcon.colcon_core.plugin_system:Skipping extension 'colcon_notification.desktop_notification.terminal_notifier': Not used on non-Darwin systems
[7.277s] INFO:colcon.colcon_core.plugin_system:Skipping extension 'colcon_notification.desktop_notification.win32': Not used on non-Windows systems
[7.278s] INFO:colcon.colcon_notification.desktop_notification:Sending desktop notification using 'notify2'
[7.283s] DEBUG:colcon.colcon_notification.desktop_notification.notify2:Failed to initialize notify2: org.freedesktop.DBus.Error.ServiceUnknown: The name org.freedesktop.Notifications was not provided by any .service files
[7.284s] DEBUG:colcon.colcon_core.event_reactor:joined thread
[7.285s] INFO:colcon.colcon_core.shell:Creating prefix script '/home/beachlbl/ros2-ws-2024/install/local_setup.ps1'
[7.291s] INFO:colcon.colcon_core.shell:Creating prefix util module '/home/beachlbl/ros2-ws-2024/install/_local_setup_util_ps1.py'
[7.299s] INFO:colcon.colcon_core.shell:Creating prefix chain script '/home/beachlbl/ros2-ws-2024/install/setup.ps1'
[7.310s] INFO:colcon.colcon_core.shell:Creating prefix script '/home/beachlbl/ros2-ws-2024/install/local_setup.sh'
[7.315s] INFO:colcon.colcon_core.shell:Creating prefix util module '/home/beachlbl/ros2-ws-2024/install/_local_setup_util_sh.py'
[7.320s] INFO:colcon.colcon_core.shell:Creating prefix chain script '/home/beachlbl/ros2-ws-2024/install/setup.sh'
[7.331s] INFO:colcon.colcon_core.shell:Creating prefix script '/home/beachlbl/ros2-ws-2024/install/local_setup.bash'
[7.335s] INFO:colcon.colcon_core.shell:Creating prefix chain script '/home/beachlbl/ros2-ws-2024/install/setup.bash'
[7.343s] INFO:colcon.colcon_core.shell:Creating prefix script '/home/beachlbl/ros2-ws-2024/install/local_setup.zsh'
[7.347s] INFO:colcon.colcon_core.shell:Creating prefix chain script '/home/beachlbl/ros2-ws-2024/install/setup.zsh'
