[2.992s] Invoking command in '/home/beachlbl/porter/ros2-ws-2024/src/joy_control': PYTHONPATH=/home/beachlbl/porter/ros2-ws-2024/build/joy_control/prefix_override:/home/beachlbl/porter/ros2-ws-2024/install/joy_control/lib/python3.10/site-packages:${PYTHONPATH} /usr/bin/python3 -W ignore:setup.py install is deprecated setup.py egg_info --egg-base ../../build/joy_control build --build-base /home/beachlbl/porter/ros2-ws-2024/build/joy_control/build install --record /home/beachlbl/porter/ros2-ws-2024/build/joy_control/install.log --single-version-externally-managed install_data
[4.138s] running egg_info
[4.141s] writing ../../build/joy_control/joy_control.egg-info/PKG-INFO
[4.142s] writing dependency_links to ../../build/joy_control/joy_control.egg-info/dependency_links.txt
[4.143s] writing entry points to ../../build/joy_control/joy_control.egg-info/entry_points.txt
[4.144s] writing requirements to ../../build/joy_control/joy_control.egg-info/requires.txt
[4.144s] writing top-level names to ../../build/joy_control/joy_control.egg-info/top_level.txt
[4.152s] reading manifest file '../../build/joy_control/joy_control.egg-info/SOURCES.txt'
[4.153s] adding license file 'LICENSE'
[4.156s] writing manifest file '../../build/joy_control/joy_control.egg-info/SOURCES.txt'
[4.157s] running build
[4.157s] running build_py
[4.159s] running install
[4.160s] running install_lib
[4.167s] byte-compiling /home/beachlbl/porter/ros2-ws-2024/install/joy_control/lib/python3.10/site-packages/joy_control/joy_ex_pub.py to joy_ex_pub.cpython-310.pyc
[4.168s]   File "/home/beachlbl/porter/ros2-ws-2024/install/joy_control/lib/python3.10/site-packages/joy_control/joy_ex_pub.py", line 21
[4.169s]     self.cb_r_publisher_ = self.create_publisher(UInt8, 'cb_dt_right', 10
[4.169s]                                                 ^
[4.170s] SyntaxError: '(' was never closed
[4.170s] 
[4.170s] running install_data
[4.171s] running install_egg_info
[4.176s] removing '/home/beachlbl/porter/ros2-ws-2024/install/joy_control/lib/python3.10/site-packages/joy_control-0.0.0-py3.10.egg-info' (and everything under it)
[4.178s] Copying ../../build/joy_control/joy_control.egg-info to /home/beachlbl/porter/ros2-ws-2024/install/joy_control/lib/python3.10/site-packages/joy_control-0.0.0-py3.10.egg-info
[4.183s] running install_scripts
[4.266s] Installing control_cb script to /home/beachlbl/porter/ros2-ws-2024/install/joy_control/lib/joy_control
[4.267s] Installing control_ex script to /home/beachlbl/porter/ros2-ws-2024/install/joy_control/lib/joy_control
[4.268s] writing list of installed files to '/home/beachlbl/porter/ros2-ws-2024/build/joy_control/install.log'
[4.388s] Invoked command in '/home/beachlbl/porter/ros2-ws-2024/src/joy_control' returned '0': PYTHONPATH=/home/beachlbl/porter/ros2-ws-2024/build/joy_control/prefix_override:/home/beachlbl/porter/ros2-ws-2024/install/joy_control/lib/python3.10/site-packages:${PYTHONPATH} /usr/bin/python3 -W ignore:setup.py install is deprecated setup.py egg_info --egg-base ../../build/joy_control build --build-base /home/beachlbl/porter/ros2-ws-2024/build/joy_control/build install --record /home/beachlbl/porter/ros2-ws-2024/build/joy_control/install.log --single-version-externally-managed install_data
