[4.162s] Invoking command in '/home/beachlbl/ros2-ws-2024/src/drive_ex': PYTHONPATH=/home/beachlbl/ros2-ws-2024/build/drive_ex/prefix_override:/home/beachlbl/ros2-ws-2024/install/drive_ex/lib/python3.10/site-packages:${PYTHONPATH} /usr/bin/python3 -W ignore:setup.py install is deprecated setup.py egg_info --egg-base ../../build/drive_ex build --build-base /home/beachlbl/ros2-ws-2024/build/drive_ex/build install --record /home/beachlbl/ros2-ws-2024/build/drive_ex/install.log --single-version-externally-managed install_data
[5.491s] running egg_info
[5.495s] writing ../../build/drive_ex/drive_ex.egg-info/PKG-INFO
[5.498s] writing dependency_links to ../../build/drive_ex/drive_ex.egg-info/dependency_links.txt
[5.500s] writing entry points to ../../build/drive_ex/drive_ex.egg-info/entry_points.txt
[5.503s] writing requirements to ../../build/drive_ex/drive_ex.egg-info/requires.txt
[5.504s] writing top-level names to ../../build/drive_ex/drive_ex.egg-info/top_level.txt
[5.520s] reading manifest file '../../build/drive_ex/drive_ex.egg-info/SOURCES.txt'
[5.526s] adding license file 'LICENSE'
[5.530s] writing manifest file '../../build/drive_ex/drive_ex.egg-info/SOURCES.txt'
[5.531s] running build
[5.531s] running build_py
[5.536s] running install
[5.539s] running install_lib
[5.547s] running install_data
[5.547s] running install_egg_info
[5.555s] removing '/home/beachlbl/ros2-ws-2024/install/drive_ex/lib/python3.10/site-packages/drive_ex-0.0.0-py3.10.egg-info' (and everything under it)
[5.557s] Copying ../../build/drive_ex/drive_ex.egg-info to /home/beachlbl/ros2-ws-2024/install/drive_ex/lib/python3.10/site-packages/drive_ex-0.0.0-py3.10.egg-info
[5.564s] running install_scripts
[5.658s] Installing drivetrain_cb script to /home/beachlbl/ros2-ws-2024/install/drive_ex/lib/drive_ex
[5.660s] Installing drivetrain_ex script to /home/beachlbl/ros2-ws-2024/install/drive_ex/lib/drive_ex
[5.661s] writing list of installed files to '/home/beachlbl/ros2-ws-2024/build/drive_ex/install.log'
[5.843s] Invoked command in '/home/beachlbl/ros2-ws-2024/src/drive_ex' returned '0': PYTHONPATH=/home/beachlbl/ros2-ws-2024/build/drive_ex/prefix_override:/home/beachlbl/ros2-ws-2024/install/drive_ex/lib/python3.10/site-packages:${PYTHONPATH} /usr/bin/python3 -W ignore:setup.py install is deprecated setup.py egg_info --egg-base ../../build/drive_ex build --build-base /home/beachlbl/ros2-ws-2024/build/drive_ex/build install --record /home/beachlbl/ros2-ws-2024/build/drive_ex/install.log --single-version-externally-managed install_data
