[6.067s] Invoking command in '/home/beachlbl/porter/ros2-ws-2024/src/ui': PYTHONPATH=/home/beachlbl/porter/ros2-ws-2024/build/ui/prefix_override:/home/beachlbl/porter/ros2-ws-2024/install/ui/lib/python3.10/site-packages:${PYTHONPATH} /usr/bin/python3 -W ignore:setup.py install is deprecated setup.py egg_info --egg-base ../../build/ui build --build-base /home/beachlbl/porter/ros2-ws-2024/build/ui/build install --record /home/beachlbl/porter/ros2-ws-2024/build/ui/install.log --single-version-externally-managed install_data
[7.416s] running egg_info
[7.420s] writing ../../build/ui/ui.egg-info/PKG-INFO
[7.422s] writing dependency_links to ../../build/ui/ui.egg-info/dependency_links.txt
[7.425s] writing entry points to ../../build/ui/ui.egg-info/entry_points.txt
[7.427s] writing requirements to ../../build/ui/ui.egg-info/requires.txt
[7.428s] writing top-level names to ../../build/ui/ui.egg-info/top_level.txt
[7.442s] reading manifest file '../../build/ui/ui.egg-info/SOURCES.txt'
[7.444s] adding license file 'LICENSE'
[7.448s] writing manifest file '../../build/ui/ui.egg-info/SOURCES.txt'
[7.449s] running build
[7.451s] running build_py
[7.452s] running install
[7.454s] running install_lib
[7.465s] running install_data
[7.467s] running install_egg_info
[7.478s] removing '/home/beachlbl/porter/ros2-ws-2024/install/ui/lib/python3.10/site-packages/ui-0.0.0-py3.10.egg-info' (and everything under it)
[7.481s] Copying ../../build/ui/ui.egg-info to /home/beachlbl/porter/ros2-ws-2024/install/ui/lib/python3.10/site-packages/ui-0.0.0-py3.10.egg-info
[7.490s] running install_scripts
[7.600s] Installing ui_health script to /home/beachlbl/porter/ros2-ws-2024/install/ui/lib/ui
[7.602s] writing list of installed files to '/home/beachlbl/porter/ros2-ws-2024/build/ui/install.log'
[7.722s] Invoked command in '/home/beachlbl/porter/ros2-ws-2024/src/ui' returned '0': PYTHONPATH=/home/beachlbl/porter/ros2-ws-2024/build/ui/prefix_override:/home/beachlbl/porter/ros2-ws-2024/install/ui/lib/python3.10/site-packages:${PYTHONPATH} /usr/bin/python3 -W ignore:setup.py install is deprecated setup.py egg_info --egg-base ../../build/ui build --build-base /home/beachlbl/porter/ros2-ws-2024/build/ui/build install --record /home/beachlbl/porter/ros2-ws-2024/build/ui/install.log --single-version-externally-managed install_data
