[0.676s] Invoking command in '/home/porterclev/ros2-ws-2024/src/drive_cb': PYTHONPATH=/home/porterclev/ros2-ws-2024/build/drive_cb/prefix_override:/home/porterclev/ros2-ws-2024/install/drive_cb/lib/python3.10/site-packages:${PYTHONPATH} /usr/bin/python3 -W ignore:setup.py install is deprecated setup.py egg_info --egg-base ../../build/drive_cb build --build-base /home/porterclev/ros2-ws-2024/build/drive_cb/build install --record /home/porterclev/ros2-ws-2024/build/drive_cb/install.log --single-version-externally-managed install_data
[0.909s] running egg_info
[0.913s] writing ../../build/drive_cb/drive_cb.egg-info/PKG-INFO
[0.916s] writing dependency_links to ../../build/drive_cb/drive_cb.egg-info/dependency_links.txt
[0.916s] writing entry points to ../../build/drive_cb/drive_cb.egg-info/entry_points.txt
[0.918s] writing requirements to ../../build/drive_cb/drive_cb.egg-info/requires.txt
[0.918s] writing top-level names to ../../build/drive_cb/drive_cb.egg-info/top_level.txt
[0.920s] reading manifest file '../../build/drive_cb/drive_cb.egg-info/SOURCES.txt'
[0.920s] adding license file 'LICENSE'
[0.922s] writing manifest file '../../build/drive_cb/drive_cb.egg-info/SOURCES.txt'
[0.922s] running build
[0.922s] running build_py
[0.922s] running install
[0.923s] running install_lib
[0.924s] running install_data
[0.925s] running install_egg_info
[0.927s] removing '/home/porterclev/ros2-ws-2024/install/drive_cb/lib/python3.10/site-packages/drive_cb-0.0.0-py3.10.egg-info' (and everything under it)
[0.927s] Copying ../../build/drive_cb/drive_cb.egg-info to /home/porterclev/ros2-ws-2024/install/drive_cb/lib/python3.10/site-packages/drive_cb-0.0.0-py3.10.egg-info
[0.928s] running install_scripts
[0.951s] Installing drivetrain_cb script to /home/porterclev/ros2-ws-2024/install/drive_cb/lib/drive_cb
[0.952s] writing list of installed files to '/home/porterclev/ros2-ws-2024/build/drive_cb/install.log'
[0.980s] Invoked command in '/home/porterclev/ros2-ws-2024/src/drive_cb' returned '0': PYTHONPATH=/home/porterclev/ros2-ws-2024/build/drive_cb/prefix_override:/home/porterclev/ros2-ws-2024/install/drive_cb/lib/python3.10/site-packages:${PYTHONPATH} /usr/bin/python3 -W ignore:setup.py install is deprecated setup.py egg_info --egg-base ../../build/drive_cb build --build-base /home/porterclev/ros2-ws-2024/build/drive_cb/build install --record /home/porterclev/ros2-ws-2024/build/drive_cb/install.log --single-version-externally-managed install_data
