[6.389s] Invoking command in '/home/beachlbl/porter/ros2-ws-2024/src/py_pubsub': PYTHONPATH=/home/beachlbl/porter/ros2-ws-2024/build/py_pubsub/prefix_override:/home/beachlbl/porter/ros2-ws-2024/install/py_pubsub/lib/python3.10/site-packages:${PYTHONPATH} /usr/bin/python3 -W ignore:setup.py install is deprecated setup.py egg_info --egg-base ../../build/py_pubsub build --build-base /home/beachlbl/porter/ros2-ws-2024/build/py_pubsub/build install --record /home/beachlbl/porter/ros2-ws-2024/build/py_pubsub/install.log --single-version-externally-managed install_data
[8.197s] running egg_info
[8.207s] writing ../../build/py_pubsub/py_pubsub.egg-info/PKG-INFO
[8.211s] writing dependency_links to ../../build/py_pubsub/py_pubsub.egg-info/dependency_links.txt
[8.212s] writing entry points to ../../build/py_pubsub/py_pubsub.egg-info/entry_points.txt
[8.213s] writing requirements to ../../build/py_pubsub/py_pubsub.egg-info/requires.txt
[8.214s] writing top-level names to ../../build/py_pubsub/py_pubsub.egg-info/top_level.txt
[8.231s] reading manifest file '../../build/py_pubsub/py_pubsub.egg-info/SOURCES.txt'
[8.233s] adding license file 'LICENSE'
[8.237s] writing manifest file '../../build/py_pubsub/py_pubsub.egg-info/SOURCES.txt'
[8.238s] running build
[8.238s] running build_py
[8.241s] running install
[8.244s] running install_lib
[8.258s] running install_data
[8.259s] running install_egg_info
[8.272s] removing '/home/beachlbl/porter/ros2-ws-2024/install/py_pubsub/lib/python3.10/site-packages/py_pubsub-0.0.0-py3.10.egg-info' (and everything under it)
[8.275s] Copying ../../build/py_pubsub/py_pubsub.egg-info to /home/beachlbl/porter/ros2-ws-2024/install/py_pubsub/lib/python3.10/site-packages/py_pubsub-0.0.0-py3.10.egg-info
[8.287s] running install_scripts
[8.496s] writing list of installed files to '/home/beachlbl/porter/ros2-ws-2024/build/py_pubsub/install.log'
[8.748s] Invoked command in '/home/beachlbl/porter/ros2-ws-2024/src/py_pubsub' returned '0': PYTHONPATH=/home/beachlbl/porter/ros2-ws-2024/build/py_pubsub/prefix_override:/home/beachlbl/porter/ros2-ws-2024/install/py_pubsub/lib/python3.10/site-packages:${PYTHONPATH} /usr/bin/python3 -W ignore:setup.py install is deprecated setup.py egg_info --egg-base ../../build/py_pubsub build --build-base /home/beachlbl/porter/ros2-ws-2024/build/py_pubsub/build install --record /home/beachlbl/porter/ros2-ws-2024/build/py_pubsub/install.log --single-version-externally-managed install_data
