[6.541s] Invoking command in '/home/beachlbl/porter/ros2-ws-2024/src/ui': PYTHONPATH=/home/beachlbl/porter/ros2-ws-2024/build/ui/prefix_override:/home/beachlbl/porter/ros2-ws-2024/install/ui/lib/python3.10/site-packages:${PYTHONPATH} /usr/bin/python3 -W ignore:setup.py install is deprecated setup.py egg_info --egg-base ../../build/ui build --build-base /home/beachlbl/porter/ros2-ws-2024/build/ui/build install --record /home/beachlbl/porter/ros2-ws-2024/build/ui/install.log --single-version-externally-managed install_data
[8.066s] running egg_info
[8.069s] writing ../../build/ui/ui.egg-info/PKG-INFO
[8.070s] writing dependency_links to ../../build/ui/ui.egg-info/dependency_links.txt
[8.071s] writing entry points to ../../build/ui/ui.egg-info/entry_points.txt
[8.072s] writing requirements to ../../build/ui/ui.egg-info/requires.txt
[8.072s] writing top-level names to ../../build/ui/ui.egg-info/top_level.txt
[8.082s] reading manifest file '../../build/ui/ui.egg-info/SOURCES.txt'
[8.083s] adding license file 'LICENSE'
[8.089s] writing manifest file '../../build/ui/ui.egg-info/SOURCES.txt'
[8.089s] running build
[8.090s] running build_py
[8.091s] running install
[8.091s] running install_lib
[8.097s] running install_data
[8.098s] running install_egg_info
[8.106s] removing '/home/beachlbl/porter/ros2-ws-2024/install/ui/lib/python3.10/site-packages/ui-0.0.0-py3.10.egg-info' (and everything under it)
[8.108s] Copying ../../build/ui/ui.egg-info to /home/beachlbl/porter/ros2-ws-2024/install/ui/lib/python3.10/site-packages/ui-0.0.0-py3.10.egg-info
[8.117s] running install_scripts
[8.238s] Installing ui_health script to /home/beachlbl/porter/ros2-ws-2024/install/ui/lib/ui
[8.241s] writing list of installed files to '/home/beachlbl/porter/ros2-ws-2024/build/ui/install.log'
[8.492s] Invoked command in '/home/beachlbl/porter/ros2-ws-2024/src/ui' returned '0': PYTHONPATH=/home/beachlbl/porter/ros2-ws-2024/build/ui/prefix_override:/home/beachlbl/porter/ros2-ws-2024/install/ui/lib/python3.10/site-packages:${PYTHONPATH} /usr/bin/python3 -W ignore:setup.py install is deprecated setup.py egg_info --egg-base ../../build/ui build --build-base /home/beachlbl/porter/ros2-ws-2024/build/ui/build install --record /home/beachlbl/porter/ros2-ws-2024/build/ui/install.log --single-version-externally-managed install_data
