[7.907s] Invoking command in '/home/beachlbl/porter/ros2-ws-2024/src/db_broker': PYTHONPATH=/home/beachlbl/porter/ros2-ws-2024/build/db_broker/prefix_override:/home/beachlbl/porter/ros2-ws-2024/install/db_broker/lib/python3.10/site-packages:${PYTHONPATH} /usr/bin/python3 -W ignore:setup.py install is deprecated setup.py egg_info --egg-base ../../build/db_broker build --build-base /home/beachlbl/porter/ros2-ws-2024/build/db_broker/build install --record /home/beachlbl/porter/ros2-ws-2024/build/db_broker/install.log --single-version-externally-managed install_data
[10.640s] running egg_info
[10.648s] writing ../../build/db_broker/db_broker.egg-info/PKG-INFO
[10.650s] writing dependency_links to ../../build/db_broker/db_broker.egg-info/dependency_links.txt
[10.653s] writing entry points to ../../build/db_broker/db_broker.egg-info/entry_points.txt
[10.657s] writing requirements to ../../build/db_broker/db_broker.egg-info/requires.txt
[10.659s] writing top-level names to ../../build/db_broker/db_broker.egg-info/top_level.txt
[10.674s] reading manifest file '../../build/db_broker/db_broker.egg-info/SOURCES.txt'
[10.675s] adding license file 'LICENSE'
[10.678s] writing manifest file '../../build/db_broker/db_broker.egg-info/SOURCES.txt'
[10.679s] running build
[10.680s] running build_py
[10.681s] running install
[10.683s] running install_lib
[10.693s] running install_data
[10.694s] running install_egg_info
[10.703s] removing '/home/beachlbl/porter/ros2-ws-2024/install/db_broker/lib/python3.10/site-packages/db_broker-0.0.0-py3.10.egg-info' (and everything under it)
[10.705s] Copying ../../build/db_broker/db_broker.egg-info to /home/beachlbl/porter/ros2-ws-2024/install/db_broker/lib/python3.10/site-packages/db_broker-0.0.0-py3.10.egg-info
[10.714s] running install_scripts
[10.832s] Installing db_broker_pub script to /home/beachlbl/porter/ros2-ws-2024/install/db_broker/lib/db_broker
[10.835s] writing list of installed files to '/home/beachlbl/porter/ros2-ws-2024/build/db_broker/install.log'
[12.229s] Invoked command in '/home/beachlbl/porter/ros2-ws-2024/src/db_broker' returned '0': PYTHONPATH=/home/beachlbl/porter/ros2-ws-2024/build/db_broker/prefix_override:/home/beachlbl/porter/ros2-ws-2024/install/db_broker/lib/python3.10/site-packages:${PYTHONPATH} /usr/bin/python3 -W ignore:setup.py install is deprecated setup.py egg_info --egg-base ../../build/db_broker build --build-base /home/beachlbl/porter/ros2-ws-2024/build/db_broker/build install --record /home/beachlbl/porter/ros2-ws-2024/build/db_broker/install.log --single-version-externally-managed install_data
