[3.571s] Invoking command in '/home/beachlbl/ros2-ws-2024/src/drive_ex': PYTHONPATH=/home/beachlbl/ros2-ws-2024/build/drive_ex/prefix_override:/home/beachlbl/ros2-ws-2024/install/drive_ex/lib/python3.10/site-packages:${PYTHONPATH} /usr/bin/python3 -W ignore:setup.py install is deprecated setup.py egg_info --egg-base ../../build/drive_ex build --build-base /home/beachlbl/ros2-ws-2024/build/drive_ex/build install --record /home/beachlbl/ros2-ws-2024/build/drive_ex/install.log --single-version-externally-managed install_data
[4.714s] running egg_info
[4.716s] writing ../../build/drive_ex/drive_ex.egg-info/PKG-INFO
[4.718s] writing dependency_links to ../../build/drive_ex/drive_ex.egg-info/dependency_links.txt
[4.719s] writing entry points to ../../build/drive_ex/drive_ex.egg-info/entry_points.txt
[4.720s] writing requirements to ../../build/drive_ex/drive_ex.egg-info/requires.txt
[4.721s] writing top-level names to ../../build/drive_ex/drive_ex.egg-info/top_level.txt
[4.732s] reading manifest file '../../build/drive_ex/drive_ex.egg-info/SOURCES.txt'
[4.734s] adding license file 'LICENSE'
[4.737s] writing manifest file '../../build/drive_ex/drive_ex.egg-info/SOURCES.txt'
[4.737s] running build
[4.738s] running build_py
[4.764s] running install
[4.766s] running install_lib
[4.776s] running install_data
[4.778s] running install_egg_info
[4.784s] removing '/home/beachlbl/ros2-ws-2024/install/drive_ex/lib/python3.10/site-packages/drive_ex-0.0.0-py3.10.egg-info' (and everything under it)
[4.786s] Copying ../../build/drive_ex/drive_ex.egg-info to /home/beachlbl/ros2-ws-2024/install/drive_ex/lib/python3.10/site-packages/drive_ex-0.0.0-py3.10.egg-info
[4.792s] running install_scripts
[4.875s] Installing drivetrain_cb script to /home/beachlbl/ros2-ws-2024/install/drive_ex/lib/drive_ex
[4.876s] Installing drivetrain_ex script to /home/beachlbl/ros2-ws-2024/install/drive_ex/lib/drive_ex
[4.878s] writing list of installed files to '/home/beachlbl/ros2-ws-2024/build/drive_ex/install.log'
[4.992s] Invoked command in '/home/beachlbl/ros2-ws-2024/src/drive_ex' returned '0': PYTHONPATH=/home/beachlbl/ros2-ws-2024/build/drive_ex/prefix_override:/home/beachlbl/ros2-ws-2024/install/drive_ex/lib/python3.10/site-packages:${PYTHONPATH} /usr/bin/python3 -W ignore:setup.py install is deprecated setup.py egg_info --egg-base ../../build/drive_ex build --build-base /home/beachlbl/ros2-ws-2024/build/drive_ex/build install --record /home/beachlbl/ros2-ws-2024/build/drive_ex/install.log --single-version-externally-managed install_data
