[8.412s] Invoking command in '/home/beachlbl/ros2-ws-2024/src/drive_ex': PYTHONPATH=/home/beachlbl/ros2-ws-2024/build/drive_ex/prefix_override:/home/beachlbl/ros2-ws-2024/install/drive_ex/lib/python3.10/site-packages:${PYTHONPATH} /usr/bin/python3 -W ignore:setup.py install is deprecated setup.py egg_info --egg-base ../../build/drive_ex build --build-base /home/beachlbl/ros2-ws-2024/build/drive_ex/build install --record /home/beachlbl/ros2-ws-2024/build/drive_ex/install.log --single-version-externally-managed install_data
[10.109s] running egg_info
[10.112s] writing ../../build/drive_ex/drive_ex.egg-info/PKG-INFO
[10.115s] writing dependency_links to ../../build/drive_ex/drive_ex.egg-info/dependency_links.txt
[10.119s] writing entry points to ../../build/drive_ex/drive_ex.egg-info/entry_points.txt
[10.137s] writing requirements to ../../build/drive_ex/drive_ex.egg-info/requires.txt
[10.139s] writing top-level names to ../../build/drive_ex/drive_ex.egg-info/top_level.txt
[10.154s] reading manifest file '../../build/drive_ex/drive_ex.egg-info/SOURCES.txt'
[10.169s] adding license file 'LICENSE'
[10.172s] writing manifest file '../../build/drive_ex/drive_ex.egg-info/SOURCES.txt'
[10.172s] running build
[10.173s] running build_py
[10.197s] running install
[10.204s] running install_lib
[10.216s] running install_data
[10.223s] running install_egg_info
[10.227s] removing '/home/beachlbl/ros2-ws-2024/install/drive_ex/lib/python3.10/site-packages/drive_ex-0.0.0-py3.10.egg-info' (and everything under it)
[10.231s] Copying ../../build/drive_ex/drive_ex.egg-info to /home/beachlbl/ros2-ws-2024/install/drive_ex/lib/python3.10/site-packages/drive_ex-0.0.0-py3.10.egg-info
[10.244s] running install_scripts
[10.374s] Installing drivetrain_cb script to /home/beachlbl/ros2-ws-2024/install/drive_ex/lib/drive_ex
[10.387s] Installing drivetrain_ex script to /home/beachlbl/ros2-ws-2024/install/drive_ex/lib/drive_ex
[10.393s] writing list of installed files to '/home/beachlbl/ros2-ws-2024/build/drive_ex/install.log'
[10.843s] Invoked command in '/home/beachlbl/ros2-ws-2024/src/drive_ex' returned '0': PYTHONPATH=/home/beachlbl/ros2-ws-2024/build/drive_ex/prefix_override:/home/beachlbl/ros2-ws-2024/install/drive_ex/lib/python3.10/site-packages:${PYTHONPATH} /usr/bin/python3 -W ignore:setup.py install is deprecated setup.py egg_info --egg-base ../../build/drive_ex build --build-base /home/beachlbl/ros2-ws-2024/build/drive_ex/build install --record /home/beachlbl/ros2-ws-2024/build/drive_ex/install.log --single-version-externally-managed install_data
