[6.118s] Invoking command in '/home/beachlbl/porter/ros2-ws-2024/src/ui': PYTHONPATH=/home/beachlbl/porter/ros2-ws-2024/build/ui/prefix_override:/home/beachlbl/porter/ros2-ws-2024/install/ui/lib/python3.10/site-packages:${PYTHONPATH} /usr/bin/python3 -W ignore:setup.py install is deprecated setup.py egg_info --egg-base ../../build/ui build --build-base /home/beachlbl/porter/ros2-ws-2024/build/ui/build install --record /home/beachlbl/porter/ros2-ws-2024/build/ui/install.log --single-version-externally-managed install_data
[7.587s] running egg_info
[7.589s] writing ../../build/ui/ui.egg-info/PKG-INFO
[7.590s] writing dependency_links to ../../build/ui/ui.egg-info/dependency_links.txt
[7.591s] writing entry points to ../../build/ui/ui.egg-info/entry_points.txt
[7.592s] writing requirements to ../../build/ui/ui.egg-info/requires.txt
[7.593s] writing top-level names to ../../build/ui/ui.egg-info/top_level.txt
[7.603s] reading manifest file '../../build/ui/ui.egg-info/SOURCES.txt'
[7.604s] adding license file 'LICENSE'
[7.606s] writing manifest file '../../build/ui/ui.egg-info/SOURCES.txt'
[7.607s] running build
[7.607s] running build_py
[7.608s] copying ui/ui_health.py -> /home/beachlbl/porter/ros2-ws-2024/build/ui/build/lib/ui
[7.609s] running install
[7.612s] running install_lib
[7.616s] copying /home/beachlbl/porter/ros2-ws-2024/build/ui/build/lib/ui/ui_health.py -> /home/beachlbl/porter/ros2-ws-2024/install/ui/lib/python3.10/site-packages/ui
[7.620s] running install_data
[7.621s] running install_egg_info
[7.631s] removing '/home/beachlbl/porter/ros2-ws-2024/install/ui/lib/python3.10/site-packages/ui-0.0.0-py3.10.egg-info' (and everything under it)
[7.634s] Copying ../../build/ui/ui.egg-info to /home/beachlbl/porter/ros2-ws-2024/install/ui/lib/python3.10/site-packages/ui-0.0.0-py3.10.egg-info
[7.641s] running install_scripts
[7.770s] Installing ui_health script to /home/beachlbl/porter/ros2-ws-2024/install/ui/lib/ui
[7.774s] writing list of installed files to '/home/beachlbl/porter/ros2-ws-2024/build/ui/install.log'
[8.017s] Invoked command in '/home/beachlbl/porter/ros2-ws-2024/src/ui' returned '0': PYTHONPATH=/home/beachlbl/porter/ros2-ws-2024/build/ui/prefix_override:/home/beachlbl/porter/ros2-ws-2024/install/ui/lib/python3.10/site-packages:${PYTHONPATH} /usr/bin/python3 -W ignore:setup.py install is deprecated setup.py egg_info --egg-base ../../build/ui build --build-base /home/beachlbl/porter/ros2-ws-2024/build/ui/build install --record /home/beachlbl/porter/ros2-ws-2024/build/ui/install.log --single-version-externally-managed install_data
