[3.025s] Invoking command in '/home/beachlbl/porter/ros2-ws-2024/src/sensors': PYTHONPATH=/home/beachlbl/porter/ros2-ws-2024/build/sensors/prefix_override:/home/beachlbl/porter/ros2-ws-2024/install/sensors/lib/python3.10/site-packages:${PYTHONPATH} /usr/bin/python3 -W ignore:setup.py install is deprecated setup.py egg_info --egg-base ../../build/sensors build --build-base /home/beachlbl/porter/ros2-ws-2024/build/sensors/build install --record /home/beachlbl/porter/ros2-ws-2024/build/sensors/install.log --single-version-externally-managed install_data
[4.198s] running egg_info
[4.201s] writing ../../build/sensors/sensors.egg-info/PKG-INFO
[4.202s] writing dependency_links to ../../build/sensors/sensors.egg-info/dependency_links.txt
[4.203s] writing entry points to ../../build/sensors/sensors.egg-info/entry_points.txt
[4.203s] writing requirements to ../../build/sensors/sensors.egg-info/requires.txt
[4.204s] writing top-level names to ../../build/sensors/sensors.egg-info/top_level.txt
[4.212s] reading manifest file '../../build/sensors/sensors.egg-info/SOURCES.txt'
[4.213s] adding license file 'LICENSE'
[4.216s] writing manifest file '../../build/sensors/sensors.egg-info/SOURCES.txt'
[4.216s] running build
[4.217s] running build_py
[4.218s] running install
[4.219s] running install_lib
[4.225s] running install_data
[4.226s] running install_egg_info
[4.232s] removing '/home/beachlbl/porter/ros2-ws-2024/install/sensors/lib/python3.10/site-packages/sensors-0.0.0-py3.10.egg-info' (and everything under it)
[4.234s] Copying ../../build/sensors/sensors.egg-info to /home/beachlbl/porter/ros2-ws-2024/install/sensors/lib/python3.10/site-packages/sensors-0.0.0-py3.10.egg-info
[4.239s] running install_scripts
[4.322s] Installing sensors_sub script to /home/beachlbl/porter/ros2-ws-2024/install/sensors/lib/sensors
[4.324s] writing list of installed files to '/home/beachlbl/porter/ros2-ws-2024/build/sensors/install.log'
[4.444s] Invoked command in '/home/beachlbl/porter/ros2-ws-2024/src/sensors' returned '0': PYTHONPATH=/home/beachlbl/porter/ros2-ws-2024/build/sensors/prefix_override:/home/beachlbl/porter/ros2-ws-2024/install/sensors/lib/python3.10/site-packages:${PYTHONPATH} /usr/bin/python3 -W ignore:setup.py install is deprecated setup.py egg_info --egg-base ../../build/sensors build --build-base /home/beachlbl/porter/ros2-ws-2024/build/sensors/build install --record /home/beachlbl/porter/ros2-ws-2024/build/sensors/install.log --single-version-externally-managed install_data
