[3.938s] Invoking command in '/home/beachlbl/porter/ros2-ws-2024/src/drive_cb': PYTHONPATH=/home/beachlbl/porter/ros2-ws-2024/build/drive_cb/prefix_override:/home/beachlbl/porter/ros2-ws-2024/install/drive_cb/lib/python3.10/site-packages:${PYTHONPATH} /usr/bin/python3 -W ignore:setup.py install is deprecated setup.py egg_info --egg-base ../../build/drive_cb build --build-base /home/beachlbl/porter/ros2-ws-2024/build/drive_cb/build install --record /home/beachlbl/porter/ros2-ws-2024/build/drive_cb/install.log --single-version-externally-managed install_data
[5.414s] running egg_info
[5.417s] writing ../../build/drive_cb/drive_cb.egg-info/PKG-INFO
[5.418s] writing dependency_links to ../../build/drive_cb/drive_cb.egg-info/dependency_links.txt
[5.419s] writing entry points to ../../build/drive_cb/drive_cb.egg-info/entry_points.txt
[5.419s] writing requirements to ../../build/drive_cb/drive_cb.egg-info/requires.txt
[5.420s] writing top-level names to ../../build/drive_cb/drive_cb.egg-info/top_level.txt
[5.428s] reading manifest file '../../build/drive_cb/drive_cb.egg-info/SOURCES.txt'
[5.430s] adding license file 'LICENSE'
[5.433s] writing manifest file '../../build/drive_cb/drive_cb.egg-info/SOURCES.txt'
[5.433s] running build
[5.434s] running build_py
[5.435s] running install
[5.437s] running install_lib
[5.443s] running install_data
[5.444s] running install_egg_info
[5.451s] removing '/home/beachlbl/porter/ros2-ws-2024/install/drive_cb/lib/python3.10/site-packages/drive_cb-0.0.0-py3.10.egg-info' (and everything under it)
[5.453s] Copying ../../build/drive_cb/drive_cb.egg-info to /home/beachlbl/porter/ros2-ws-2024/install/drive_cb/lib/python3.10/site-packages/drive_cb-0.0.0-py3.10.egg-info
[5.460s] running install_scripts
[5.556s] Installing drivetrain_cb script to /home/beachlbl/porter/ros2-ws-2024/install/drive_cb/lib/drive_cb
[5.558s] writing list of installed files to '/home/beachlbl/porter/ros2-ws-2024/build/drive_cb/install.log'
[5.712s] Invoked command in '/home/beachlbl/porter/ros2-ws-2024/src/drive_cb' returned '0': PYTHONPATH=/home/beachlbl/porter/ros2-ws-2024/build/drive_cb/prefix_override:/home/beachlbl/porter/ros2-ws-2024/install/drive_cb/lib/python3.10/site-packages:${PYTHONPATH} /usr/bin/python3 -W ignore:setup.py install is deprecated setup.py egg_info --egg-base ../../build/drive_cb build --build-base /home/beachlbl/porter/ros2-ws-2024/build/drive_cb/build install --record /home/beachlbl/porter/ros2-ws-2024/build/drive_cb/install.log --single-version-externally-managed install_data
