[1.047s] Invoking command in '/home/porterclev/ros2-ws-2024/src/drive_ex': PYTHONPATH=/home/porterclev/ros2-ws-2024/build/drive_ex/prefix_override:/home/porterclev/ros2-ws-2024/install/drive_ex/lib/python3.10/site-packages:${PYTHONPATH} /usr/bin/python3 -W ignore:setup.py install is deprecated setup.py egg_info --egg-base ../../build/drive_ex build --build-base /home/porterclev/ros2-ws-2024/build/drive_ex/build install --record /home/porterclev/ros2-ws-2024/build/drive_ex/install.log --single-version-externally-managed install_data
[1.326s] running egg_info
[1.327s] writing ../../build/drive_ex/drive_ex.egg-info/PKG-INFO
[1.327s] writing dependency_links to ../../build/drive_ex/drive_ex.egg-info/dependency_links.txt
[1.328s] writing entry points to ../../build/drive_ex/drive_ex.egg-info/entry_points.txt
[1.329s] writing requirements to ../../build/drive_ex/drive_ex.egg-info/requires.txt
[1.329s] writing top-level names to ../../build/drive_ex/drive_ex.egg-info/top_level.txt
[1.331s] reading manifest file '../../build/drive_ex/drive_ex.egg-info/SOURCES.txt'
[1.331s] adding license file 'LICENSE'
[1.333s] writing manifest file '../../build/drive_ex/drive_ex.egg-info/SOURCES.txt'
[1.333s] running build
[1.333s] running build_py
[1.334s] copying drive_ex/drivetrain_ex_sub.py -> /home/porterclev/ros2-ws-2024/build/drive_ex/build/lib/drive_ex
[1.334s] running install
[1.335s] running install_lib
[1.339s] copying /home/porterclev/ros2-ws-2024/build/drive_ex/build/lib/drive_ex/drivetrain_ex_sub.py -> /home/porterclev/ros2-ws-2024/install/drive_ex/lib/python3.10/site-packages/drive_ex
[1.340s] byte-compiling /home/porterclev/ros2-ws-2024/install/drive_ex/lib/python3.10/site-packages/drive_ex/drivetrain_ex_sub.py to drivetrain_ex_sub.cpython-310.pyc
[1.342s] running install_data
[1.343s] running install_egg_info
[1.344s] removing '/home/porterclev/ros2-ws-2024/install/drive_ex/lib/python3.10/site-packages/drive_ex-0.0.0-py3.10.egg-info' (and everything under it)
[1.345s] Copying ../../build/drive_ex/drive_ex.egg-info to /home/porterclev/ros2-ws-2024/install/drive_ex/lib/python3.10/site-packages/drive_ex-0.0.0-py3.10.egg-info
[1.347s] running install_scripts
[1.368s] Installing drivetrain_cb script to /home/porterclev/ros2-ws-2024/install/drive_ex/lib/drive_ex
[1.369s] Installing drivetrain_ex script to /home/porterclev/ros2-ws-2024/install/drive_ex/lib/drive_ex
[1.371s] writing list of installed files to '/home/porterclev/ros2-ws-2024/build/drive_ex/install.log'
[1.407s] Invoked command in '/home/porterclev/ros2-ws-2024/src/drive_ex' returned '0': PYTHONPATH=/home/porterclev/ros2-ws-2024/build/drive_ex/prefix_override:/home/porterclev/ros2-ws-2024/install/drive_ex/lib/python3.10/site-packages:${PYTHONPATH} /usr/bin/python3 -W ignore:setup.py install is deprecated setup.py egg_info --egg-base ../../build/drive_ex build --build-base /home/porterclev/ros2-ws-2024/build/drive_ex/build install --record /home/porterclev/ros2-ws-2024/build/drive_ex/install.log --single-version-externally-managed install_data
