[3.836s] Invoking command in '/home/beachlbl/porter/ros2-ws-2024/src/drive_ex': PYTHONPATH=/home/beachlbl/porter/ros2-ws-2024/build/drive_ex/prefix_override:/home/beachlbl/porter/ros2-ws-2024/install/drive_ex/lib/python3.10/site-packages:${PYTHONPATH} /usr/bin/python3 -W ignore:setup.py install is deprecated setup.py egg_info --egg-base ../../build/drive_ex build --build-base /home/beachlbl/porter/ros2-ws-2024/build/drive_ex/build install --record /home/beachlbl/porter/ros2-ws-2024/build/drive_ex/install.log --single-version-externally-managed install_data
[5.168s] running egg_info
[5.171s] writing ../../build/drive_ex/drive_ex.egg-info/PKG-INFO
[5.172s] writing dependency_links to ../../build/drive_ex/drive_ex.egg-info/dependency_links.txt
[5.173s] writing entry points to ../../build/drive_ex/drive_ex.egg-info/entry_points.txt
[5.174s] writing requirements to ../../build/drive_ex/drive_ex.egg-info/requires.txt
[5.175s] writing top-level names to ../../build/drive_ex/drive_ex.egg-info/top_level.txt
[5.184s] reading manifest file '../../build/drive_ex/drive_ex.egg-info/SOURCES.txt'
[5.185s] adding license file 'LICENSE'
[5.188s] writing manifest file '../../build/drive_ex/drive_ex.egg-info/SOURCES.txt'
[5.189s] running build
[5.189s] running build_py
[5.191s] running install
[5.193s] running install_lib
[5.200s] running install_data
[5.201s] running install_egg_info
[5.208s] removing '/home/beachlbl/porter/ros2-ws-2024/install/drive_ex/lib/python3.10/site-packages/drive_ex-0.0.0-py3.10.egg-info' (and everything under it)
[5.210s] Copying ../../build/drive_ex/drive_ex.egg-info to /home/beachlbl/porter/ros2-ws-2024/install/drive_ex/lib/python3.10/site-packages/drive_ex-0.0.0-py3.10.egg-info
[5.217s] running install_scripts
[5.312s] Installing drivetrain_cb script to /home/beachlbl/porter/ros2-ws-2024/install/drive_ex/lib/drive_ex
[5.313s] Installing drivetrain_ex script to /home/beachlbl/porter/ros2-ws-2024/install/drive_ex/lib/drive_ex
[5.315s] writing list of installed files to '/home/beachlbl/porter/ros2-ws-2024/build/drive_ex/install.log'
[5.495s] Invoked command in '/home/beachlbl/porter/ros2-ws-2024/src/drive_ex' returned '0': PYTHONPATH=/home/beachlbl/porter/ros2-ws-2024/build/drive_ex/prefix_override:/home/beachlbl/porter/ros2-ws-2024/install/drive_ex/lib/python3.10/site-packages:${PYTHONPATH} /usr/bin/python3 -W ignore:setup.py install is deprecated setup.py egg_info --egg-base ../../build/drive_ex build --build-base /home/beachlbl/porter/ros2-ws-2024/build/drive_ex/build install --record /home/beachlbl/porter/ros2-ws-2024/build/drive_ex/install.log --single-version-externally-managed install_data
