[0.061s] DEBUG:colcon:Command line arguments: ['/usr/bin/colcon', 'build']
[0.061s] DEBUG:colcon:Parsed command line arguments: Namespace(log_base=None, log_level=None, verb_name='build', build_base='build', install_base='install', merge_install=False, symlink_install=False, test_result_base=None, continue_on_error=False, executor='parallel', parallel_workers=4, event_handlers=None, ignore_user_meta=False, metas=['./colcon.meta'], base_paths=['.'], packages_ignore=None, packages_ignore_regex=None, paths=None, packages_up_to=None, packages_up_to_regex=None, packages_above=None, packages_above_and_dependencies=None, packages_above_depth=None, packages_select_by_dep=None, packages_skip_by_dep=None, packages_skip_up_to=None, packages_select_build_failed=False, packages_skip_build_finished=False, packages_select_test_failures=False, packages_skip_test_passed=False, packages_select=None, packages_skip=None, packages_select_regex=None, packages_skip_regex=None, packages_start=None, packages_end=None, allow_overriding=[], cmake_args=None, cmake_target=None, cmake_target_skip_unavailable=False, cmake_clean_cache=False, cmake_clean_first=False, cmake_force_configure=False, ament_cmake_args=None, catkin_cmake_args=None, catkin_skip_building_tests=False, verb_parser=<colcon_defaults.argument_parser.defaults.DefaultArgumentsDecorator object at 0xffffa9ef1510>, verb_extension=<colcon_core.verb.build.BuildVerb object at 0xffffa9ef0790>, main=<bound method BuildVerb.main of <colcon_core.verb.build.BuildVerb object at 0xffffa9ef0790>>)
[0.144s] Level 1:colcon.colcon_core.package_discovery:discover_packages(colcon_meta) check parameters
[0.144s] Level 1:colcon.colcon_core.package_discovery:discover_packages(recursive) check parameters
[0.144s] Level 1:colcon.colcon_core.package_discovery:discover_packages(ignore) check parameters
[0.144s] Level 1:colcon.colcon_core.package_discovery:discover_packages(path) check parameters
[0.144s] Level 1:colcon.colcon_core.package_discovery:discover_packages(colcon_meta) discover
[0.144s] Level 1:colcon.colcon_core.package_discovery:discover_packages(recursive) discover
[0.144s] INFO:colcon.colcon_core.package_discovery:Crawling recursively for packages in '/home/leho42/Desktop/ros2-ws-2024'
[0.144s] Level 1:colcon.colcon_core.package_identification:_identify(.) by extensions ['ignore', 'ignore_ament_install']
[0.144s] Level 1:colcon.colcon_core.package_identification:_identify(.) by extension 'ignore'
[0.144s] Level 1:colcon.colcon_core.package_identification:_identify(.) by extension 'ignore_ament_install'
[0.144s] Level 1:colcon.colcon_core.package_identification:_identify(.) by extensions ['colcon_pkg']
[0.144s] Level 1:colcon.colcon_core.package_identification:_identify(.) by extension 'colcon_pkg'
[0.144s] Level 1:colcon.colcon_core.package_identification:_identify(.) by extensions ['colcon_meta']
[0.144s] Level 1:colcon.colcon_core.package_identification:_identify(.) by extension 'colcon_meta'
[0.144s] Level 1:colcon.colcon_core.package_identification:_identify(.) by extensions ['ros']
[0.144s] Level 1:colcon.colcon_core.package_identification:_identify(.) by extension 'ros'
[0.155s] Level 1:colcon.colcon_core.package_identification:_identify(.) by extensions ['cmake', 'python']
[0.155s] Level 1:colcon.colcon_core.package_identification:_identify(.) by extension 'cmake'
[0.155s] Level 1:colcon.colcon_core.package_identification:_identify(.) by extension 'python'
[0.155s] Level 1:colcon.colcon_core.package_identification:_identify(.) by extensions ['python_setup_py']
[0.155s] Level 1:colcon.colcon_core.package_identification:_identify(.) by extension 'python_setup_py'
[0.155s] Level 1:colcon.colcon_core.package_identification:_identify(build) by extensions ['ignore', 'ignore_ament_install']
[0.155s] Level 1:colcon.colcon_core.package_identification:_identify(build) by extension 'ignore'
[0.155s] Level 1:colcon.colcon_core.package_identification:_identify(build) ignored
[0.155s] Level 1:colcon.colcon_core.package_identification:_identify(install) by extensions ['ignore', 'ignore_ament_install']
[0.155s] Level 1:colcon.colcon_core.package_identification:_identify(install) by extension 'ignore'
[0.155s] Level 1:colcon.colcon_core.package_identification:_identify(install) ignored
[0.155s] Level 1:colcon.colcon_core.package_identification:_identify(log) by extensions ['ignore', 'ignore_ament_install']
[0.155s] Level 1:colcon.colcon_core.package_identification:_identify(log) by extension 'ignore'
[0.156s] Level 1:colcon.colcon_core.package_identification:_identify(log) ignored
[0.156s] Level 1:colcon.colcon_core.package_identification:_identify(src) by extensions ['ignore', 'ignore_ament_install']
[0.156s] Level 1:colcon.colcon_core.package_identification:_identify(src) by extension 'ignore'
[0.156s] Level 1:colcon.colcon_core.package_identification:_identify(src) by extension 'ignore_ament_install'
[0.156s] Level 1:colcon.colcon_core.package_identification:_identify(src) by extensions ['colcon_pkg']
[0.156s] Level 1:colcon.colcon_core.package_identification:_identify(src) by extension 'colcon_pkg'
[0.156s] Level 1:colcon.colcon_core.package_identification:_identify(src) by extensions ['colcon_meta']
[0.156s] Level 1:colcon.colcon_core.package_identification:_identify(src) by extension 'colcon_meta'
[0.156s] Level 1:colcon.colcon_core.package_identification:_identify(src) by extensions ['ros']
[0.156s] Level 1:colcon.colcon_core.package_identification:_identify(src) by extension 'ros'
[0.156s] Level 1:colcon.colcon_core.package_identification:_identify(src) by extensions ['cmake', 'python']
[0.156s] Level 1:colcon.colcon_core.package_identification:_identify(src) by extension 'cmake'
[0.156s] Level 1:colcon.colcon_core.package_identification:_identify(src) by extension 'python'
[0.156s] Level 1:colcon.colcon_core.package_identification:_identify(src) by extensions ['python_setup_py']
[0.156s] Level 1:colcon.colcon_core.package_identification:_identify(src) by extension 'python_setup_py'
[0.156s] Level 1:colcon.colcon_core.package_identification:_identify(src/camera_test) by extensions ['ignore', 'ignore_ament_install']
[0.156s] Level 1:colcon.colcon_core.package_identification:_identify(src/camera_test) by extension 'ignore'
[0.156s] Level 1:colcon.colcon_core.package_identification:_identify(src/camera_test) by extension 'ignore_ament_install'
[0.156s] Level 1:colcon.colcon_core.package_identification:_identify(src/camera_test) by extensions ['colcon_pkg']
[0.156s] Level 1:colcon.colcon_core.package_identification:_identify(src/camera_test) by extension 'colcon_pkg'
[0.156s] Level 1:colcon.colcon_core.package_identification:_identify(src/camera_test) by extensions ['colcon_meta']
[0.156s] Level 1:colcon.colcon_core.package_identification:_identify(src/camera_test) by extension 'colcon_meta'
[0.156s] Level 1:colcon.colcon_core.package_identification:_identify(src/camera_test) by extensions ['ros']
[0.156s] Level 1:colcon.colcon_core.package_identification:_identify(src/camera_test) by extension 'ros'
[0.157s] DEBUG:colcon.colcon_core.package_identification:Package 'src/camera_test' with type 'ros.ament_python' and name 'camera_test'
[0.157s] Level 1:colcon.colcon_core.package_identification:_identify(src/drive_ex) by extensions ['ignore', 'ignore_ament_install']
[0.157s] Level 1:colcon.colcon_core.package_identification:_identify(src/drive_ex) by extension 'ignore'
[0.157s] Level 1:colcon.colcon_core.package_identification:_identify(src/drive_ex) by extension 'ignore_ament_install'
[0.157s] Level 1:colcon.colcon_core.package_identification:_identify(src/drive_ex) by extensions ['colcon_pkg']
[0.157s] Level 1:colcon.colcon_core.package_identification:_identify(src/drive_ex) by extension 'colcon_pkg'
[0.157s] Level 1:colcon.colcon_core.package_identification:_identify(src/drive_ex) by extensions ['colcon_meta']
[0.157s] Level 1:colcon.colcon_core.package_identification:_identify(src/drive_ex) by extension 'colcon_meta'
[0.157s] Level 1:colcon.colcon_core.package_identification:_identify(src/drive_ex) by extensions ['ros']
[0.157s] Level 1:colcon.colcon_core.package_identification:_identify(src/drive_ex) by extension 'ros'
[0.158s] DEBUG:colcon.colcon_core.package_identification:Package 'src/drive_ex' with type 'ros.ament_python' and name 'drive_ex'
[0.158s] Level 1:colcon.colcon_core.package_identification:_identify(src/py_pubsub) by extensions ['ignore', 'ignore_ament_install']
[0.158s] Level 1:colcon.colcon_core.package_identification:_identify(src/py_pubsub) by extension 'ignore'
[0.158s] Level 1:colcon.colcon_core.package_identification:_identify(src/py_pubsub) by extension 'ignore_ament_install'
[0.158s] Level 1:colcon.colcon_core.package_identification:_identify(src/py_pubsub) by extensions ['colcon_pkg']
[0.158s] Level 1:colcon.colcon_core.package_identification:_identify(src/py_pubsub) by extension 'colcon_pkg'
[0.158s] Level 1:colcon.colcon_core.package_identification:_identify(src/py_pubsub) by extensions ['colcon_meta']
[0.158s] Level 1:colcon.colcon_core.package_identification:_identify(src/py_pubsub) by extension 'colcon_meta'
[0.158s] Level 1:colcon.colcon_core.package_identification:_identify(src/py_pubsub) by extensions ['ros']
[0.158s] Level 1:colcon.colcon_core.package_identification:_identify(src/py_pubsub) by extension 'ros'
[0.158s] DEBUG:colcon.colcon_core.package_identification:Package 'src/py_pubsub' with type 'ros.ament_python' and name 'py_pubsub'
[0.158s] Level 1:colcon.colcon_core.package_discovery:discover_packages(recursive) using defaults
[0.158s] Level 1:colcon.colcon_core.package_discovery:discover_packages(ignore) discover
[0.158s] Level 1:colcon.colcon_core.package_discovery:discover_packages(ignore) using defaults
[0.158s] Level 1:colcon.colcon_core.package_discovery:discover_packages(path) discover
[0.158s] Level 1:colcon.colcon_core.package_discovery:discover_packages(path) using defaults
[0.173s] Level 1:colcon.colcon_core.package_discovery:discover_packages(prefix_path) check parameters
[0.173s] Level 1:colcon.colcon_core.package_discovery:discover_packages(prefix_path) discover
[0.174s] DEBUG:colcon.colcon_installed_package_information.package_discovery:Found 3 installed packages in /home/leho42/Desktop/ros2-ws-2024/install
[0.174s] DEBUG:colcon.colcon_installed_package_information.package_discovery:Found 281 installed packages in /opt/ros/iron
[0.175s] Level 1:colcon.colcon_core.package_discovery:discover_packages(prefix_path) using defaults
[0.197s] Level 5:colcon.colcon_core.verb:set package 'camera_test' build argument 'cmake_args' from command line to 'None'
[0.197s] Level 5:colcon.colcon_core.verb:set package 'camera_test' build argument 'cmake_target' from command line to 'None'
[0.197s] Level 5:colcon.colcon_core.verb:set package 'camera_test' build argument 'cmake_target_skip_unavailable' from command line to 'False'
[0.197s] Level 5:colcon.colcon_core.verb:set package 'camera_test' build argument 'cmake_clean_cache' from command line to 'False'
[0.197s] Level 5:colcon.colcon_core.verb:set package 'camera_test' build argument 'cmake_clean_first' from command line to 'False'
[0.197s] Level 5:colcon.colcon_core.verb:set package 'camera_test' build argument 'cmake_force_configure' from command line to 'False'
[0.197s] Level 5:colcon.colcon_core.verb:set package 'camera_test' build argument 'ament_cmake_args' from command line to 'None'
[0.197s] Level 5:colcon.colcon_core.verb:set package 'camera_test' build argument 'catkin_cmake_args' from command line to 'None'
[0.197s] Level 5:colcon.colcon_core.verb:set package 'camera_test' build argument 'catkin_skip_building_tests' from command line to 'False'
[0.197s] DEBUG:colcon.colcon_core.verb:Building package 'camera_test' with the following arguments: {'ament_cmake_args': None, 'build_base': '/home/leho42/Desktop/ros2-ws-2024/build/camera_test', 'catkin_cmake_args': None, 'catkin_skip_building_tests': False, 'cmake_args': None, 'cmake_clean_cache': False, 'cmake_clean_first': False, 'cmake_force_configure': False, 'cmake_target': None, 'cmake_target_skip_unavailable': False, 'install_base': '/home/leho42/Desktop/ros2-ws-2024/install/camera_test', 'merge_install': False, 'path': '/home/leho42/Desktop/ros2-ws-2024/src/camera_test', 'symlink_install': False, 'test_result_base': None}
[0.197s] Level 5:colcon.colcon_core.verb:set package 'drive_ex' build argument 'cmake_args' from command line to 'None'
[0.197s] Level 5:colcon.colcon_core.verb:set package 'drive_ex' build argument 'cmake_target' from command line to 'None'
[0.197s] Level 5:colcon.colcon_core.verb:set package 'drive_ex' build argument 'cmake_target_skip_unavailable' from command line to 'False'
[0.197s] Level 5:colcon.colcon_core.verb:set package 'drive_ex' build argument 'cmake_clean_cache' from command line to 'False'
[0.197s] Level 5:colcon.colcon_core.verb:set package 'drive_ex' build argument 'cmake_clean_first' from command line to 'False'
[0.197s] Level 5:colcon.colcon_core.verb:set package 'drive_ex' build argument 'cmake_force_configure' from command line to 'False'
[0.197s] Level 5:colcon.colcon_core.verb:set package 'drive_ex' build argument 'ament_cmake_args' from command line to 'None'
[0.197s] Level 5:colcon.colcon_core.verb:set package 'drive_ex' build argument 'catkin_cmake_args' from command line to 'None'
[0.197s] Level 5:colcon.colcon_core.verb:set package 'drive_ex' build argument 'catkin_skip_building_tests' from command line to 'False'
[0.197s] DEBUG:colcon.colcon_core.verb:Building package 'drive_ex' with the following arguments: {'ament_cmake_args': None, 'build_base': '/home/leho42/Desktop/ros2-ws-2024/build/drive_ex', 'catkin_cmake_args': None, 'catkin_skip_building_tests': False, 'cmake_args': None, 'cmake_clean_cache': False, 'cmake_clean_first': False, 'cmake_force_configure': False, 'cmake_target': None, 'cmake_target_skip_unavailable': False, 'install_base': '/home/leho42/Desktop/ros2-ws-2024/install/drive_ex', 'merge_install': False, 'path': '/home/leho42/Desktop/ros2-ws-2024/src/drive_ex', 'symlink_install': False, 'test_result_base': None}
[0.197s] Level 5:colcon.colcon_core.verb:set package 'py_pubsub' build argument 'cmake_args' from command line to 'None'
[0.197s] Level 5:colcon.colcon_core.verb:set package 'py_pubsub' build argument 'cmake_target' from command line to 'None'
[0.197s] Level 5:colcon.colcon_core.verb:set package 'py_pubsub' build argument 'cmake_target_skip_unavailable' from command line to 'False'
[0.197s] Level 5:colcon.colcon_core.verb:set package 'py_pubsub' build argument 'cmake_clean_cache' from command line to 'False'
[0.197s] Level 5:colcon.colcon_core.verb:set package 'py_pubsub' build argument 'cmake_clean_first' from command line to 'False'
[0.197s] Level 5:colcon.colcon_core.verb:set package 'py_pubsub' build argument 'cmake_force_configure' from command line to 'False'
[0.197s] Level 5:colcon.colcon_core.verb:set package 'py_pubsub' build argument 'ament_cmake_args' from command line to 'None'
[0.197s] Level 5:colcon.colcon_core.verb:set package 'py_pubsub' build argument 'catkin_cmake_args' from command line to 'None'
[0.197s] Level 5:colcon.colcon_core.verb:set package 'py_pubsub' build argument 'catkin_skip_building_tests' from command line to 'False'
[0.197s] DEBUG:colcon.colcon_core.verb:Building package 'py_pubsub' with the following arguments: {'ament_cmake_args': None, 'build_base': '/home/leho42/Desktop/ros2-ws-2024/build/py_pubsub', 'catkin_cmake_args': None, 'catkin_skip_building_tests': False, 'cmake_args': None, 'cmake_clean_cache': False, 'cmake_clean_first': False, 'cmake_force_configure': False, 'cmake_target': None, 'cmake_target_skip_unavailable': False, 'install_base': '/home/leho42/Desktop/ros2-ws-2024/install/py_pubsub', 'merge_install': False, 'path': '/home/leho42/Desktop/ros2-ws-2024/src/py_pubsub', 'symlink_install': False, 'test_result_base': None}
[0.198s] INFO:colcon.colcon_core.executor:Executing jobs using 'parallel' executor
[0.198s] DEBUG:colcon.colcon_parallel_executor.executor.parallel:run_until_complete
[0.198s] INFO:colcon.colcon_ros.task.ament_python.build:Building ROS package in '/home/leho42/Desktop/ros2-ws-2024/src/camera_test' with build type 'ament_python'
[0.198s] Level 1:colcon.colcon_core.shell:create_environment_hook('camera_test', 'ament_prefix_path')
[0.200s] INFO:colcon.colcon_core.plugin_system:Skipping extension 'colcon_core.shell.bat': Not used on non-Windows systems
[0.200s] INFO:colcon.colcon_core.shell:Creating environment hook '/home/leho42/Desktop/ros2-ws-2024/install/camera_test/share/camera_test/hook/ament_prefix_path.ps1'
[0.200s] INFO:colcon.colcon_core.shell:Creating environment descriptor '/home/leho42/Desktop/ros2-ws-2024/install/camera_test/share/camera_test/hook/ament_prefix_path.dsv'
[0.201s] INFO:colcon.colcon_core.shell:Creating environment hook '/home/leho42/Desktop/ros2-ws-2024/install/camera_test/share/camera_test/hook/ament_prefix_path.sh'
[0.201s] INFO:colcon.colcon_core.shell:Skip shell extension 'powershell' for command environment: Not usable outside of PowerShell
[0.201s] DEBUG:colcon.colcon_core.shell:Skip shell extension 'dsv' for command environment
[0.203s] INFO:colcon.colcon_ros.task.ament_python.build:Building ROS package in '/home/leho42/Desktop/ros2-ws-2024/src/drive_ex' with build type 'ament_python'
[0.203s] Level 1:colcon.colcon_core.shell:create_environment_hook('drive_ex', 'ament_prefix_path')
[0.203s] INFO:colcon.colcon_core.shell:Creating environment hook '/home/leho42/Desktop/ros2-ws-2024/install/drive_ex/share/drive_ex/hook/ament_prefix_path.ps1'
[0.204s] INFO:colcon.colcon_core.shell:Creating environment descriptor '/home/leho42/Desktop/ros2-ws-2024/install/drive_ex/share/drive_ex/hook/ament_prefix_path.dsv'
[0.204s] INFO:colcon.colcon_core.shell:Creating environment hook '/home/leho42/Desktop/ros2-ws-2024/install/drive_ex/share/drive_ex/hook/ament_prefix_path.sh'
[0.204s] INFO:colcon.colcon_core.shell:Skip shell extension 'powershell' for command environment: Not usable outside of PowerShell
[0.204s] DEBUG:colcon.colcon_core.shell:Skip shell extension 'dsv' for command environment
[0.206s] INFO:colcon.colcon_ros.task.ament_python.build:Building ROS package in '/home/leho42/Desktop/ros2-ws-2024/src/py_pubsub' with build type 'ament_python'
[0.206s] Level 1:colcon.colcon_core.shell:create_environment_hook('py_pubsub', 'ament_prefix_path')
[0.206s] INFO:colcon.colcon_core.shell:Creating environment hook '/home/leho42/Desktop/ros2-ws-2024/install/py_pubsub/share/py_pubsub/hook/ament_prefix_path.ps1'
[0.206s] INFO:colcon.colcon_core.shell:Creating environment descriptor '/home/leho42/Desktop/ros2-ws-2024/install/py_pubsub/share/py_pubsub/hook/ament_prefix_path.dsv'
[0.206s] INFO:colcon.colcon_core.shell:Creating environment hook '/home/leho42/Desktop/ros2-ws-2024/install/py_pubsub/share/py_pubsub/hook/ament_prefix_path.sh'
[0.207s] INFO:colcon.colcon_core.shell:Skip shell extension 'powershell' for command environment: Not usable outside of PowerShell
[0.207s] DEBUG:colcon.colcon_core.shell:Skip shell extension 'dsv' for command environment
[0.335s] INFO:colcon.colcon_core.task.python.build:Building Python package in '/home/leho42/Desktop/ros2-ws-2024/src/camera_test'
[0.335s] INFO:colcon.colcon_core.shell:Skip shell extension 'powershell' for command environment: Not usable outside of PowerShell
[0.335s] DEBUG:colcon.colcon_core.shell:Skip shell extension 'dsv' for command environment
[0.452s] INFO:colcon.colcon_core.task.python.build:Building Python package in '/home/leho42/Desktop/ros2-ws-2024/src/drive_ex'
[0.452s] INFO:colcon.colcon_core.shell:Skip shell extension 'powershell' for command environment: Not usable outside of PowerShell
[0.452s] DEBUG:colcon.colcon_core.shell:Skip shell extension 'dsv' for command environment
[0.566s] INFO:colcon.colcon_core.task.python.build:Building Python package in '/home/leho42/Desktop/ros2-ws-2024/src/py_pubsub'
[0.566s] INFO:colcon.colcon_core.shell:Skip shell extension 'powershell' for command environment: Not usable outside of PowerShell
[0.566s] DEBUG:colcon.colcon_core.shell:Skip shell extension 'dsv' for command environment
[0.777s] DEBUG:colcon.colcon_core.event_handler.log_command:Invoking command in '/home/leho42/Desktop/ros2-ws-2024/src/py_pubsub': PYTHONPATH=/home/leho42/Desktop/ros2-ws-2024/build/py_pubsub/prefix_override:/home/leho42/Desktop/ros2-ws-2024/install/py_pubsub/lib/python3.10/site-packages:${PYTHONPATH} /usr/bin/python3 -W ignore:setup.py install is deprecated setup.py egg_info --egg-base ../../build/py_pubsub build --build-base /home/leho42/Desktop/ros2-ws-2024/build/py_pubsub/build install --record /home/leho42/Desktop/ros2-ws-2024/build/py_pubsub/install.log --single-version-externally-managed install_data
[0.780s] DEBUG:colcon.colcon_core.event_handler.log_command:Invoking command in '/home/leho42/Desktop/ros2-ws-2024/src/camera_test': PYTHONPATH=/home/leho42/Desktop/ros2-ws-2024/build/camera_test/prefix_override:/home/leho42/Desktop/ros2-ws-2024/install/camera_test/lib/python3.10/site-packages:${PYTHONPATH} /usr/bin/python3 -W ignore:setup.py install is deprecated setup.py egg_info --egg-base ../../build/camera_test build --build-base /home/leho42/Desktop/ros2-ws-2024/build/camera_test/build install --record /home/leho42/Desktop/ros2-ws-2024/build/camera_test/install.log --single-version-externally-managed install_data
[0.782s] DEBUG:colcon.colcon_core.event_handler.log_command:Invoking command in '/home/leho42/Desktop/ros2-ws-2024/src/drive_ex': PYTHONPATH=/home/leho42/Desktop/ros2-ws-2024/build/drive_ex/prefix_override:/home/leho42/Desktop/ros2-ws-2024/install/drive_ex/lib/python3.10/site-packages:${PYTHONPATH} /usr/bin/python3 -W ignore:setup.py install is deprecated setup.py egg_info --egg-base ../../build/drive_ex build --build-base /home/leho42/Desktop/ros2-ws-2024/build/drive_ex/build install --record /home/leho42/Desktop/ros2-ws-2024/build/drive_ex/install.log --single-version-externally-managed install_data
[0.916s] DEBUG:colcon.colcon_core.event_handler.log_command:Invoked command in '/home/leho42/Desktop/ros2-ws-2024/src/py_pubsub' returned '0': PYTHONPATH=/home/leho42/Desktop/ros2-ws-2024/build/py_pubsub/prefix_override:/home/leho42/Desktop/ros2-ws-2024/install/py_pubsub/lib/python3.10/site-packages:${PYTHONPATH} /usr/bin/python3 -W ignore:setup.py install is deprecated setup.py egg_info --egg-base ../../build/py_pubsub build --build-base /home/leho42/Desktop/ros2-ws-2024/build/py_pubsub/build install --record /home/leho42/Desktop/ros2-ws-2024/build/py_pubsub/install.log --single-version-externally-managed install_data
[0.917s] Level 1:colcon.colcon_core.environment:checking '/home/leho42/Desktop/ros2-ws-2024/install/py_pubsub' for CMake module files
[0.917s] Level 1:colcon.colcon_core.environment:checking '/home/leho42/Desktop/ros2-ws-2024/install/py_pubsub' for CMake config files
[0.918s] Level 1:colcon.colcon_core.environment:checking '/home/leho42/Desktop/ros2-ws-2024/install/py_pubsub/lib'
[0.918s] Level 1:colcon.colcon_core.environment:checking '/home/leho42/Desktop/ros2-ws-2024/install/py_pubsub/bin'
[0.918s] Level 1:colcon.colcon_core.environment:checking '/home/leho42/Desktop/ros2-ws-2024/install/py_pubsub/lib/pkgconfig/py_pubsub.pc'
[0.918s] Level 1:colcon.colcon_core.environment:checking '/home/leho42/Desktop/ros2-ws-2024/install/py_pubsub/lib/python3.10/site-packages'
[0.918s] Level 1:colcon.colcon_core.shell:create_environment_hook('py_pubsub', 'pythonpath')
[0.918s] INFO:colcon.colcon_core.shell:Creating environment hook '/home/leho42/Desktop/ros2-ws-2024/install/py_pubsub/share/py_pubsub/hook/pythonpath.ps1'
[0.919s] INFO:colcon.colcon_core.shell:Creating environment descriptor '/home/leho42/Desktop/ros2-ws-2024/install/py_pubsub/share/py_pubsub/hook/pythonpath.dsv'
[0.919s] INFO:colcon.colcon_core.shell:Creating environment hook '/home/leho42/Desktop/ros2-ws-2024/install/py_pubsub/share/py_pubsub/hook/pythonpath.sh'
[0.919s] Level 1:colcon.colcon_core.environment:checking '/home/leho42/Desktop/ros2-ws-2024/install/py_pubsub/bin'
[0.919s] Level 1:colcon.colcon_core.environment:create_environment_scripts_only(py_pubsub)
[0.920s] INFO:colcon.colcon_core.shell:Creating package script '/home/leho42/Desktop/ros2-ws-2024/install/py_pubsub/share/py_pubsub/package.ps1'
[0.920s] INFO:colcon.colcon_core.shell:Creating package descriptor '/home/leho42/Desktop/ros2-ws-2024/install/py_pubsub/share/py_pubsub/package.dsv'
[0.920s] INFO:colcon.colcon_core.shell:Creating package script '/home/leho42/Desktop/ros2-ws-2024/install/py_pubsub/share/py_pubsub/package.sh'
[0.921s] INFO:colcon.colcon_core.shell:Creating package script '/home/leho42/Desktop/ros2-ws-2024/install/py_pubsub/share/py_pubsub/package.bash'
[0.921s] INFO:colcon.colcon_core.shell:Creating package script '/home/leho42/Desktop/ros2-ws-2024/install/py_pubsub/share/py_pubsub/package.zsh'
[0.921s] Level 1:colcon.colcon_core.environment:create_file_with_runtime_dependencies(/home/leho42/Desktop/ros2-ws-2024/install/py_pubsub/share/colcon-core/packages/py_pubsub)
[0.926s] Level 1:colcon.colcon_core.environment:checking '/home/leho42/Desktop/ros2-ws-2024/install/drive_ex' for CMake module files
[0.926s] DEBUG:colcon.colcon_core.event_handler.log_command:Invoked command in '/home/leho42/Desktop/ros2-ws-2024/src/drive_ex' returned '0': PYTHONPATH=/home/leho42/Desktop/ros2-ws-2024/build/drive_ex/prefix_override:/home/leho42/Desktop/ros2-ws-2024/install/drive_ex/lib/python3.10/site-packages:${PYTHONPATH} /usr/bin/python3 -W ignore:setup.py install is deprecated setup.py egg_info --egg-base ../../build/drive_ex build --build-base /home/leho42/Desktop/ros2-ws-2024/build/drive_ex/build install --record /home/leho42/Desktop/ros2-ws-2024/build/drive_ex/install.log --single-version-externally-managed install_data
[0.926s] Level 1:colcon.colcon_core.environment:checking '/home/leho42/Desktop/ros2-ws-2024/install/drive_ex' for CMake config files
[0.927s] Level 1:colcon.colcon_core.environment:checking '/home/leho42/Desktop/ros2-ws-2024/install/drive_ex/lib'
[0.927s] Level 1:colcon.colcon_core.environment:checking '/home/leho42/Desktop/ros2-ws-2024/install/drive_ex/bin'
[0.927s] Level 1:colcon.colcon_core.environment:checking '/home/leho42/Desktop/ros2-ws-2024/install/drive_ex/lib/pkgconfig/drive_ex.pc'
[0.927s] Level 1:colcon.colcon_core.environment:checking '/home/leho42/Desktop/ros2-ws-2024/install/drive_ex/lib/python3.10/site-packages'
[0.927s] Level 1:colcon.colcon_core.shell:create_environment_hook('drive_ex', 'pythonpath')
[0.927s] INFO:colcon.colcon_core.shell:Creating environment hook '/home/leho42/Desktop/ros2-ws-2024/install/drive_ex/share/drive_ex/hook/pythonpath.ps1'
[0.927s] INFO:colcon.colcon_core.shell:Creating environment descriptor '/home/leho42/Desktop/ros2-ws-2024/install/drive_ex/share/drive_ex/hook/pythonpath.dsv'
[0.928s] INFO:colcon.colcon_core.shell:Creating environment hook '/home/leho42/Desktop/ros2-ws-2024/install/drive_ex/share/drive_ex/hook/pythonpath.sh'
[0.928s] Level 1:colcon.colcon_core.environment:checking '/home/leho42/Desktop/ros2-ws-2024/install/drive_ex/bin'
[0.928s] Level 1:colcon.colcon_core.environment:create_environment_scripts_only(drive_ex)
[0.928s] INFO:colcon.colcon_core.shell:Creating package script '/home/leho42/Desktop/ros2-ws-2024/install/drive_ex/share/drive_ex/package.ps1'
[0.928s] INFO:colcon.colcon_core.shell:Creating package descriptor '/home/leho42/Desktop/ros2-ws-2024/install/drive_ex/share/drive_ex/package.dsv'
[0.929s] INFO:colcon.colcon_core.shell:Creating package script '/home/leho42/Desktop/ros2-ws-2024/install/drive_ex/share/drive_ex/package.sh'
[0.929s] INFO:colcon.colcon_core.shell:Creating package script '/home/leho42/Desktop/ros2-ws-2024/install/drive_ex/share/drive_ex/package.bash'
[0.929s] INFO:colcon.colcon_core.shell:Creating package script '/home/leho42/Desktop/ros2-ws-2024/install/drive_ex/share/drive_ex/package.zsh'
[0.929s] Level 1:colcon.colcon_core.environment:create_file_with_runtime_dependencies(/home/leho42/Desktop/ros2-ws-2024/install/drive_ex/share/colcon-core/packages/drive_ex)
[0.931s] Level 1:colcon.colcon_core.environment:checking '/home/leho42/Desktop/ros2-ws-2024/install/camera_test' for CMake module files
[0.931s] DEBUG:colcon.colcon_core.event_handler.log_command:Invoked command in '/home/leho42/Desktop/ros2-ws-2024/src/camera_test' returned '0': PYTHONPATH=/home/leho42/Desktop/ros2-ws-2024/build/camera_test/prefix_override:/home/leho42/Desktop/ros2-ws-2024/install/camera_test/lib/python3.10/site-packages:${PYTHONPATH} /usr/bin/python3 -W ignore:setup.py install is deprecated setup.py egg_info --egg-base ../../build/camera_test build --build-base /home/leho42/Desktop/ros2-ws-2024/build/camera_test/build install --record /home/leho42/Desktop/ros2-ws-2024/build/camera_test/install.log --single-version-externally-managed install_data
[0.931s] Level 1:colcon.colcon_core.environment:checking '/home/leho42/Desktop/ros2-ws-2024/install/camera_test' for CMake config files
[0.932s] Level 1:colcon.colcon_core.shell:create_environment_hook('camera_test', 'cmake_prefix_path')
[0.932s] INFO:colcon.colcon_core.shell:Creating environment hook '/home/leho42/Desktop/ros2-ws-2024/install/camera_test/share/camera_test/hook/cmake_prefix_path.ps1'
[0.932s] INFO:colcon.colcon_core.shell:Creating environment descriptor '/home/leho42/Desktop/ros2-ws-2024/install/camera_test/share/camera_test/hook/cmake_prefix_path.dsv'
[0.933s] INFO:colcon.colcon_core.shell:Creating environment hook '/home/leho42/Desktop/ros2-ws-2024/install/camera_test/share/camera_test/hook/cmake_prefix_path.sh'
[0.934s] Level 1:colcon.colcon_core.environment:checking '/home/leho42/Desktop/ros2-ws-2024/install/camera_test/lib'
[0.934s] Level 1:colcon.colcon_core.environment:checking '/home/leho42/Desktop/ros2-ws-2024/install/camera_test/bin'
[0.934s] Level 1:colcon.colcon_core.environment:checking '/home/leho42/Desktop/ros2-ws-2024/install/camera_test/lib/pkgconfig/camera_test.pc'
[0.934s] Level 1:colcon.colcon_core.environment:checking '/home/leho42/Desktop/ros2-ws-2024/install/camera_test/lib/python3.10/site-packages'
[0.934s] Level 1:colcon.colcon_core.shell:create_environment_hook('camera_test', 'pythonpath')
[0.934s] INFO:colcon.colcon_core.shell:Creating environment hook '/home/leho42/Desktop/ros2-ws-2024/install/camera_test/share/camera_test/hook/pythonpath.ps1'
[0.935s] INFO:colcon.colcon_core.shell:Creating environment descriptor '/home/leho42/Desktop/ros2-ws-2024/install/camera_test/share/camera_test/hook/pythonpath.dsv'
[0.935s] INFO:colcon.colcon_core.shell:Creating environment hook '/home/leho42/Desktop/ros2-ws-2024/install/camera_test/share/camera_test/hook/pythonpath.sh'
[0.936s] Level 1:colcon.colcon_core.environment:checking '/home/leho42/Desktop/ros2-ws-2024/install/camera_test/bin'
[0.936s] Level 1:colcon.colcon_core.environment:create_environment_scripts_only(camera_test)
[0.936s] INFO:colcon.colcon_core.shell:Creating package script '/home/leho42/Desktop/ros2-ws-2024/install/camera_test/share/camera_test/package.ps1'
[0.937s] INFO:colcon.colcon_core.shell:Creating package descriptor '/home/leho42/Desktop/ros2-ws-2024/install/camera_test/share/camera_test/package.dsv'
[0.937s] INFO:colcon.colcon_core.shell:Creating package script '/home/leho42/Desktop/ros2-ws-2024/install/camera_test/share/camera_test/package.sh'
[0.937s] INFO:colcon.colcon_core.shell:Creating package script '/home/leho42/Desktop/ros2-ws-2024/install/camera_test/share/camera_test/package.bash'
[0.938s] INFO:colcon.colcon_core.shell:Creating package script '/home/leho42/Desktop/ros2-ws-2024/install/camera_test/share/camera_test/package.zsh'
[0.938s] Level 1:colcon.colcon_core.environment:create_file_with_runtime_dependencies(/home/leho42/Desktop/ros2-ws-2024/install/camera_test/share/colcon-core/packages/camera_test)
[0.939s] DEBUG:colcon.colcon_parallel_executor.executor.parallel:closing loop
[0.939s] DEBUG:colcon.colcon_parallel_executor.executor.parallel:loop closed
[0.939s] DEBUG:colcon.colcon_parallel_executor.executor.parallel:run_until_complete finished with '0'
[0.939s] DEBUG:colcon.colcon_core.event_reactor:joining thread
[0.946s] INFO:colcon.colcon_core.plugin_system:Skipping extension 'colcon_notification.desktop_notification.terminal_notifier': Not used on non-Darwin systems
[0.947s] INFO:colcon.colcon_core.plugin_system:Skipping extension 'colcon_notification.desktop_notification.win32': Not used on non-Windows systems
[0.947s] INFO:colcon.colcon_notification.desktop_notification:Sending desktop notification using 'notify2'
[0.957s] DEBUG:colcon.colcon_core.event_reactor:joined thread
[0.957s] INFO:colcon.colcon_core.shell:Creating prefix script '/home/leho42/Desktop/ros2-ws-2024/install/local_setup.ps1'
[0.959s] INFO:colcon.colcon_core.shell:Creating prefix util module '/home/leho42/Desktop/ros2-ws-2024/install/_local_setup_util_ps1.py'
[0.959s] INFO:colcon.colcon_core.shell:Creating prefix chain script '/home/leho42/Desktop/ros2-ws-2024/install/setup.ps1'
[0.960s] INFO:colcon.colcon_core.shell:Creating prefix script '/home/leho42/Desktop/ros2-ws-2024/install/local_setup.sh'
[0.960s] INFO:colcon.colcon_core.shell:Creating prefix util module '/home/leho42/Desktop/ros2-ws-2024/install/_local_setup_util_sh.py'
[0.961s] INFO:colcon.colcon_core.shell:Creating prefix chain script '/home/leho42/Desktop/ros2-ws-2024/install/setup.sh'
[0.961s] INFO:colcon.colcon_core.shell:Creating prefix script '/home/leho42/Desktop/ros2-ws-2024/install/local_setup.bash'
[0.962s] INFO:colcon.colcon_core.shell:Creating prefix chain script '/home/leho42/Desktop/ros2-ws-2024/install/setup.bash'
[0.962s] INFO:colcon.colcon_core.shell:Creating prefix script '/home/leho42/Desktop/ros2-ws-2024/install/local_setup.zsh'
[0.963s] INFO:colcon.colcon_core.shell:Creating prefix chain script '/home/leho42/Desktop/ros2-ws-2024/install/setup.zsh'
