[4.249s] Invoking command in '/home/beachlbl/ros2-ws-2024/src/joy_control': PYTHONPATH=/home/beachlbl/ros2-ws-2024/build/joy_control/prefix_override:/home/beachlbl/ros2-ws-2024/install/joy_control/lib/python3.10/site-packages:${PYTHONPATH} /usr/bin/python3 -W ignore:setup.py install is deprecated setup.py egg_info --egg-base ../../build/joy_control build --build-base /home/beachlbl/ros2-ws-2024/build/joy_control/build install --record /home/beachlbl/ros2-ws-2024/build/joy_control/install.log --single-version-externally-managed install_data
[5.787s] running egg_info
[5.790s] writing ../../build/joy_control/joy_control.egg-info/PKG-INFO
[5.792s] writing dependency_links to ../../build/joy_control/joy_control.egg-info/dependency_links.txt
[5.793s] writing entry points to ../../build/joy_control/joy_control.egg-info/entry_points.txt
[5.793s] writing requirements to ../../build/joy_control/joy_control.egg-info/requires.txt
[5.794s] writing top-level names to ../../build/joy_control/joy_control.egg-info/top_level.txt
[5.802s] reading manifest file '../../build/joy_control/joy_control.egg-info/SOURCES.txt'
[5.810s] adding license file 'LICENSE'
[5.815s] writing manifest file '../../build/joy_control/joy_control.egg-info/SOURCES.txt'
[5.815s] running build
[5.816s] running build_py
[5.823s] copying joy_control/joy_ex_pub.py -> /home/beachlbl/ros2-ws-2024/build/joy_control/build/lib/joy_control
[5.825s] running install
[5.826s] running install_lib
[5.833s] copying /home/beachlbl/ros2-ws-2024/build/joy_control/build/lib/joy_control/joy_ex_pub.py -> /home/beachlbl/ros2-ws-2024/install/joy_control/lib/python3.10/site-packages/joy_control
[5.840s] byte-compiling /home/beachlbl/ros2-ws-2024/install/joy_control/lib/python3.10/site-packages/joy_control/joy_ex_pub.py to joy_ex_pub.cpython-310.pyc
[5.846s] running install_data
[5.860s] running install_egg_info
[5.886s] removing '/home/beachlbl/ros2-ws-2024/install/joy_control/lib/python3.10/site-packages/joy_control-0.0.0-py3.10.egg-info' (and everything under it)
[5.887s] Copying ../../build/joy_control/joy_control.egg-info to /home/beachlbl/ros2-ws-2024/install/joy_control/lib/python3.10/site-packages/joy_control-0.0.0-py3.10.egg-info
[5.920s] running install_scripts
[6.123s] Installing control_cb script to /home/beachlbl/ros2-ws-2024/install/joy_control/lib/joy_control
[6.132s] Installing control_ex script to /home/beachlbl/ros2-ws-2024/install/joy_control/lib/joy_control
[6.135s] writing list of installed files to '/home/beachlbl/ros2-ws-2024/build/joy_control/install.log'
[6.310s] Invoked command in '/home/beachlbl/ros2-ws-2024/src/joy_control' returned '0': PYTHONPATH=/home/beachlbl/ros2-ws-2024/build/joy_control/prefix_override:/home/beachlbl/ros2-ws-2024/install/joy_control/lib/python3.10/site-packages:${PYTHONPATH} /usr/bin/python3 -W ignore:setup.py install is deprecated setup.py egg_info --egg-base ../../build/joy_control build --build-base /home/beachlbl/ros2-ws-2024/build/joy_control/build install --record /home/beachlbl/ros2-ws-2024/build/joy_control/install.log --single-version-externally-managed install_data
