[4.168s] Invoking command in '/home/beachlbl/ros2-ws-2024/src/joy_control': PYTHONPATH=/home/beachlbl/ros2-ws-2024/build/joy_control/prefix_override:/home/beachlbl/ros2-ws-2024/install/joy_control/lib/python3.10/site-packages:${PYTHONPATH} /usr/bin/python3 -W ignore:setup.py install is deprecated setup.py egg_info --egg-base ../../build/joy_control build --build-base /home/beachlbl/ros2-ws-2024/build/joy_control/build install --record /home/beachlbl/ros2-ws-2024/build/joy_control/install.log --single-version-externally-managed install_data
[5.486s] running egg_info
[5.488s] writing ../../build/joy_control/joy_control.egg-info/PKG-INFO
[5.491s] writing dependency_links to ../../build/joy_control/joy_control.egg-info/dependency_links.txt
[5.492s] writing entry points to ../../build/joy_control/joy_control.egg-info/entry_points.txt
[5.493s] writing requirements to ../../build/joy_control/joy_control.egg-info/requires.txt
[5.494s] writing top-level names to ../../build/joy_control/joy_control.egg-info/top_level.txt
[5.506s] reading manifest file '../../build/joy_control/joy_control.egg-info/SOURCES.txt'
[5.508s] adding license file 'LICENSE'
[5.512s] writing manifest file '../../build/joy_control/joy_control.egg-info/SOURCES.txt'
[5.513s] running build
[5.513s] running build_py
[5.518s] running install
[5.520s] running install_lib
[5.529s] running install_data
[5.531s] running install_egg_info
[5.539s] removing '/home/beachlbl/ros2-ws-2024/install/joy_control/lib/python3.10/site-packages/joy_control-0.0.0-py3.10.egg-info' (and everything under it)
[5.540s] Copying ../../build/joy_control/joy_control.egg-info to /home/beachlbl/ros2-ws-2024/install/joy_control/lib/python3.10/site-packages/joy_control-0.0.0-py3.10.egg-info
[5.549s] running install_scripts
[5.642s] Installing control_cb script to /home/beachlbl/ros2-ws-2024/install/joy_control/lib/joy_control
[5.644s] Installing control_ex script to /home/beachlbl/ros2-ws-2024/install/joy_control/lib/joy_control
[5.646s] writing list of installed files to '/home/beachlbl/ros2-ws-2024/build/joy_control/install.log'
[5.823s] Invoked command in '/home/beachlbl/ros2-ws-2024/src/joy_control' returned '0': PYTHONPATH=/home/beachlbl/ros2-ws-2024/build/joy_control/prefix_override:/home/beachlbl/ros2-ws-2024/install/joy_control/lib/python3.10/site-packages:${PYTHONPATH} /usr/bin/python3 -W ignore:setup.py install is deprecated setup.py egg_info --egg-base ../../build/joy_control build --build-base /home/beachlbl/ros2-ws-2024/build/joy_control/build install --record /home/beachlbl/ros2-ws-2024/build/joy_control/install.log --single-version-externally-managed install_data
