[3.861s] Invoking command in '/home/beachlbl/porter/ros2-ws-2024/src/joy_control': PYTHONPATH=/home/beachlbl/porter/ros2-ws-2024/build/joy_control/prefix_override:/home/beachlbl/porter/ros2-ws-2024/install/joy_control/lib/python3.10/site-packages:${PYTHONPATH} /usr/bin/python3 -W ignore:setup.py install is deprecated setup.py egg_info --egg-base ../../build/joy_control build --build-base /home/beachlbl/porter/ros2-ws-2024/build/joy_control/build install --record /home/beachlbl/porter/ros2-ws-2024/build/joy_control/install.log --single-version-externally-managed install_data
[5.141s] running egg_info
[5.145s] writing ../../build/joy_control/joy_control.egg-info/PKG-INFO
[5.147s] writing dependency_links to ../../build/joy_control/joy_control.egg-info/dependency_links.txt
[5.148s] writing entry points to ../../build/joy_control/joy_control.egg-info/entry_points.txt
[5.149s] writing requirements to ../../build/joy_control/joy_control.egg-info/requires.txt
[5.150s] writing top-level names to ../../build/joy_control/joy_control.egg-info/top_level.txt
[5.158s] reading manifest file '../../build/joy_control/joy_control.egg-info/SOURCES.txt'
[5.161s] adding license file 'LICENSE'
[5.164s] writing manifest file '../../build/joy_control/joy_control.egg-info/SOURCES.txt'
[5.164s] running build
[5.165s] running build_py
[5.167s] running install
[5.169s] running install_lib
[5.176s] running install_data
[5.177s] running install_egg_info
[5.184s] removing '/home/beachlbl/porter/ros2-ws-2024/install/joy_control/lib/python3.10/site-packages/joy_control-0.0.0-py3.10.egg-info' (and everything under it)
[5.187s] Copying ../../build/joy_control/joy_control.egg-info to /home/beachlbl/porter/ros2-ws-2024/install/joy_control/lib/python3.10/site-packages/joy_control-0.0.0-py3.10.egg-info
[5.193s] running install_scripts
[5.277s] Installing talker script to /home/beachlbl/porter/ros2-ws-2024/install/joy_control/lib/joy_control
[5.280s] writing list of installed files to '/home/beachlbl/porter/ros2-ws-2024/build/joy_control/install.log'
[5.409s] Invoked command in '/home/beachlbl/porter/ros2-ws-2024/src/joy_control' returned '0': PYTHONPATH=/home/beachlbl/porter/ros2-ws-2024/build/joy_control/prefix_override:/home/beachlbl/porter/ros2-ws-2024/install/joy_control/lib/python3.10/site-packages:${PYTHONPATH} /usr/bin/python3 -W ignore:setup.py install is deprecated setup.py egg_info --egg-base ../../build/joy_control build --build-base /home/beachlbl/porter/ros2-ws-2024/build/joy_control/build install --record /home/beachlbl/porter/ros2-ws-2024/build/joy_control/install.log --single-version-externally-managed install_data
