[0.098s] DEBUG:colcon:Command line arguments: ['/usr/bin/colcon', 'build']
[0.099s] DEBUG:colcon:Parsed command line arguments: Namespace(log_base=None, log_level=None, verb_name='build', build_base='build', install_base='install', merge_install=False, symlink_install=False, test_result_base=None, continue_on_error=False, executor='parallel', parallel_workers=2, event_handlers=None, ignore_user_meta=False, metas=['./colcon.meta'], base_paths=['.'], packages_ignore=None, packages_ignore_regex=None, paths=None, packages_up_to=None, packages_up_to_regex=None, packages_above=None, packages_above_and_dependencies=None, packages_above_depth=None, packages_select_by_dep=None, packages_skip_by_dep=None, packages_skip_up_to=None, packages_select_build_failed=False, packages_skip_build_finished=False, packages_select_test_failures=False, packages_skip_test_passed=False, packages_select=None, packages_skip=None, packages_select_regex=None, packages_skip_regex=None, packages_start=None, packages_end=None, allow_overriding=[], cmake_args=None, cmake_target=None, cmake_target_skip_unavailable=False, cmake_clean_cache=False, cmake_clean_first=False, cmake_force_configure=False, ament_cmake_args=None, catkin_cmake_args=None, catkin_skip_building_tests=False, verb_parser=<colcon_defaults.argument_parser.defaults.DefaultArgumentsDecorator object at 0x7f09d0824f70>, verb_extension=<colcon_core.verb.build.BuildVerb object at 0x7f09d0824a60>, main=<bound method BuildVerb.main of <colcon_core.verb.build.BuildVerb object at 0x7f09d0824a60>>)
[0.259s] Level 1:colcon.colcon_core.package_discovery:discover_packages(colcon_meta) check parameters
[0.259s] Level 1:colcon.colcon_core.package_discovery:discover_packages(recursive) check parameters
[0.259s] Level 1:colcon.colcon_core.package_discovery:discover_packages(ignore) check parameters
[0.259s] Level 1:colcon.colcon_core.package_discovery:discover_packages(path) check parameters
[0.259s] Level 1:colcon.colcon_core.package_discovery:discover_packages(colcon_meta) discover
[0.259s] Level 1:colcon.colcon_core.package_discovery:discover_packages(recursive) discover
[0.259s] INFO:colcon.colcon_core.package_discovery:Crawling recursively for packages in '/home/porterclev/ros2-ws-2024'
[0.259s] Level 1:colcon.colcon_core.package_identification:_identify(.) by extensions ['ignore', 'ignore_ament_install']
[0.259s] Level 1:colcon.colcon_core.package_identification:_identify(.) by extension 'ignore'
[0.260s] Level 1:colcon.colcon_core.package_identification:_identify(.) by extension 'ignore_ament_install'
[0.260s] Level 1:colcon.colcon_core.package_identification:_identify(.) by extensions ['colcon_pkg']
[0.260s] Level 1:colcon.colcon_core.package_identification:_identify(.) by extension 'colcon_pkg'
[0.260s] Level 1:colcon.colcon_core.package_identification:_identify(.) by extensions ['colcon_meta']
[0.260s] Level 1:colcon.colcon_core.package_identification:_identify(.) by extension 'colcon_meta'
[0.260s] Level 1:colcon.colcon_core.package_identification:_identify(.) by extensions ['ros']
[0.260s] Level 1:colcon.colcon_core.package_identification:_identify(.) by extension 'ros'
[0.271s] Level 1:colcon.colcon_core.package_identification:_identify(.) by extensions ['cmake', 'python']
[0.271s] Level 1:colcon.colcon_core.package_identification:_identify(.) by extension 'cmake'
[0.271s] Level 1:colcon.colcon_core.package_identification:_identify(.) by extension 'python'
[0.272s] Level 1:colcon.colcon_core.package_identification:_identify(.) by extensions ['python_setup_py']
[0.272s] Level 1:colcon.colcon_core.package_identification:_identify(.) by extension 'python_setup_py'
[0.272s] Level 1:colcon.colcon_core.package_identification:_identify(build) by extensions ['ignore', 'ignore_ament_install']
[0.272s] Level 1:colcon.colcon_core.package_identification:_identify(build) by extension 'ignore'
[0.272s] Level 1:colcon.colcon_core.package_identification:_identify(build) ignored
[0.272s] Level 1:colcon.colcon_core.package_identification:_identify(install) by extensions ['ignore', 'ignore_ament_install']
[0.272s] Level 1:colcon.colcon_core.package_identification:_identify(install) by extension 'ignore'
[0.272s] Level 1:colcon.colcon_core.package_identification:_identify(install) ignored
[0.273s] Level 1:colcon.colcon_core.package_identification:_identify(log) by extensions ['ignore', 'ignore_ament_install']
[0.273s] Level 1:colcon.colcon_core.package_identification:_identify(log) by extension 'ignore'
[0.273s] Level 1:colcon.colcon_core.package_identification:_identify(log) ignored
[0.273s] Level 1:colcon.colcon_core.package_identification:_identify(scripts) by extensions ['ignore', 'ignore_ament_install']
[0.273s] Level 1:colcon.colcon_core.package_identification:_identify(scripts) by extension 'ignore'
[0.273s] Level 1:colcon.colcon_core.package_identification:_identify(scripts) by extension 'ignore_ament_install'
[0.273s] Level 1:colcon.colcon_core.package_identification:_identify(scripts) by extensions ['colcon_pkg']
[0.273s] Level 1:colcon.colcon_core.package_identification:_identify(scripts) by extension 'colcon_pkg'
[0.273s] Level 1:colcon.colcon_core.package_identification:_identify(scripts) by extensions ['colcon_meta']
[0.273s] Level 1:colcon.colcon_core.package_identification:_identify(scripts) by extension 'colcon_meta'
[0.273s] Level 1:colcon.colcon_core.package_identification:_identify(scripts) by extensions ['ros']
[0.273s] Level 1:colcon.colcon_core.package_identification:_identify(scripts) by extension 'ros'
[0.273s] Level 1:colcon.colcon_core.package_identification:_identify(scripts) by extensions ['cmake', 'python']
[0.274s] Level 1:colcon.colcon_core.package_identification:_identify(scripts) by extension 'cmake'
[0.274s] Level 1:colcon.colcon_core.package_identification:_identify(scripts) by extension 'python'
[0.274s] Level 1:colcon.colcon_core.package_identification:_identify(scripts) by extensions ['python_setup_py']
[0.274s] Level 1:colcon.colcon_core.package_identification:_identify(scripts) by extension 'python_setup_py'
[0.274s] Level 1:colcon.colcon_core.package_identification:_identify(src) by extensions ['ignore', 'ignore_ament_install']
[0.274s] Level 1:colcon.colcon_core.package_identification:_identify(src) by extension 'ignore'
[0.274s] Level 1:colcon.colcon_core.package_identification:_identify(src) by extension 'ignore_ament_install'
[0.274s] Level 1:colcon.colcon_core.package_identification:_identify(src) by extensions ['colcon_pkg']
[0.274s] Level 1:colcon.colcon_core.package_identification:_identify(src) by extension 'colcon_pkg'
[0.274s] Level 1:colcon.colcon_core.package_identification:_identify(src) by extensions ['colcon_meta']
[0.274s] Level 1:colcon.colcon_core.package_identification:_identify(src) by extension 'colcon_meta'
[0.274s] Level 1:colcon.colcon_core.package_identification:_identify(src) by extensions ['ros']
[0.274s] Level 1:colcon.colcon_core.package_identification:_identify(src) by extension 'ros'
[0.274s] Level 1:colcon.colcon_core.package_identification:_identify(src) by extensions ['cmake', 'python']
[0.274s] Level 1:colcon.colcon_core.package_identification:_identify(src) by extension 'cmake'
[0.274s] Level 1:colcon.colcon_core.package_identification:_identify(src) by extension 'python'
[0.274s] Level 1:colcon.colcon_core.package_identification:_identify(src) by extensions ['python_setup_py']
[0.274s] Level 1:colcon.colcon_core.package_identification:_identify(src) by extension 'python_setup_py'
[0.274s] Level 1:colcon.colcon_core.package_identification:_identify(src/camera_test) by extensions ['ignore', 'ignore_ament_install']
[0.275s] Level 1:colcon.colcon_core.package_identification:_identify(src/camera_test) by extension 'ignore'
[0.275s] Level 1:colcon.colcon_core.package_identification:_identify(src/camera_test) by extension 'ignore_ament_install'
[0.275s] Level 1:colcon.colcon_core.package_identification:_identify(src/camera_test) by extensions ['colcon_pkg']
[0.275s] Level 1:colcon.colcon_core.package_identification:_identify(src/camera_test) by extension 'colcon_pkg'
[0.275s] Level 1:colcon.colcon_core.package_identification:_identify(src/camera_test) by extensions ['colcon_meta']
[0.275s] Level 1:colcon.colcon_core.package_identification:_identify(src/camera_test) by extension 'colcon_meta'
[0.275s] Level 1:colcon.colcon_core.package_identification:_identify(src/camera_test) by extensions ['ros']
[0.275s] Level 1:colcon.colcon_core.package_identification:_identify(src/camera_test) by extension 'ros'
[0.277s] DEBUG:colcon.colcon_core.package_identification:Package 'src/camera_test' with type 'ros.ament_python' and name 'camera_test'
[0.277s] Level 1:colcon.colcon_core.package_identification:_identify(src/db_broker) by extensions ['ignore', 'ignore_ament_install']
[0.277s] Level 1:colcon.colcon_core.package_identification:_identify(src/db_broker) by extension 'ignore'
[0.277s] Level 1:colcon.colcon_core.package_identification:_identify(src/db_broker) by extension 'ignore_ament_install'
[0.277s] Level 1:colcon.colcon_core.package_identification:_identify(src/db_broker) by extensions ['colcon_pkg']
[0.277s] Level 1:colcon.colcon_core.package_identification:_identify(src/db_broker) by extension 'colcon_pkg'
[0.277s] Level 1:colcon.colcon_core.package_identification:_identify(src/db_broker) by extensions ['colcon_meta']
[0.277s] Level 1:colcon.colcon_core.package_identification:_identify(src/db_broker) by extension 'colcon_meta'
[0.277s] Level 1:colcon.colcon_core.package_identification:_identify(src/db_broker) by extensions ['ros']
[0.277s] Level 1:colcon.colcon_core.package_identification:_identify(src/db_broker) by extension 'ros'
[0.278s] DEBUG:colcon.colcon_core.package_identification:Package 'src/db_broker' with type 'ros.ament_python' and name 'db_broker'
[0.278s] Level 1:colcon.colcon_core.package_identification:_identify(src/drive_cb) by extensions ['ignore', 'ignore_ament_install']
[0.278s] Level 1:colcon.colcon_core.package_identification:_identify(src/drive_cb) by extension 'ignore'
[0.278s] Level 1:colcon.colcon_core.package_identification:_identify(src/drive_cb) by extension 'ignore_ament_install'
[0.278s] Level 1:colcon.colcon_core.package_identification:_identify(src/drive_cb) by extensions ['colcon_pkg']
[0.278s] Level 1:colcon.colcon_core.package_identification:_identify(src/drive_cb) by extension 'colcon_pkg'
[0.278s] Level 1:colcon.colcon_core.package_identification:_identify(src/drive_cb) by extensions ['colcon_meta']
[0.278s] Level 1:colcon.colcon_core.package_identification:_identify(src/drive_cb) by extension 'colcon_meta'
[0.278s] Level 1:colcon.colcon_core.package_identification:_identify(src/drive_cb) by extensions ['ros']
[0.278s] Level 1:colcon.colcon_core.package_identification:_identify(src/drive_cb) by extension 'ros'
[0.278s] DEBUG:colcon.colcon_core.package_identification:Package 'src/drive_cb' with type 'ros.ament_python' and name 'drive_cb'
[0.279s] Level 1:colcon.colcon_core.package_identification:_identify(src/drive_ex) by extensions ['ignore', 'ignore_ament_install']
[0.279s] Level 1:colcon.colcon_core.package_identification:_identify(src/drive_ex) by extension 'ignore'
[0.279s] Level 1:colcon.colcon_core.package_identification:_identify(src/drive_ex) by extension 'ignore_ament_install'
[0.279s] Level 1:colcon.colcon_core.package_identification:_identify(src/drive_ex) by extensions ['colcon_pkg']
[0.279s] Level 1:colcon.colcon_core.package_identification:_identify(src/drive_ex) by extension 'colcon_pkg'
[0.279s] Level 1:colcon.colcon_core.package_identification:_identify(src/drive_ex) by extensions ['colcon_meta']
[0.279s] Level 1:colcon.colcon_core.package_identification:_identify(src/drive_ex) by extension 'colcon_meta'
[0.279s] Level 1:colcon.colcon_core.package_identification:_identify(src/drive_ex) by extensions ['ros']
[0.279s] Level 1:colcon.colcon_core.package_identification:_identify(src/drive_ex) by extension 'ros'
[0.279s] DEBUG:colcon.colcon_core.package_identification:Package 'src/drive_ex' with type 'ros.ament_python' and name 'drive_ex'
[0.280s] Level 1:colcon.colcon_core.package_identification:_identify(src/joy_control) by extensions ['ignore', 'ignore_ament_install']
[0.280s] Level 1:colcon.colcon_core.package_identification:_identify(src/joy_control) by extension 'ignore'
[0.280s] Level 1:colcon.colcon_core.package_identification:_identify(src/joy_control) by extension 'ignore_ament_install'
[0.280s] Level 1:colcon.colcon_core.package_identification:_identify(src/joy_control) by extensions ['colcon_pkg']
[0.280s] Level 1:colcon.colcon_core.package_identification:_identify(src/joy_control) by extension 'colcon_pkg'
[0.280s] Level 1:colcon.colcon_core.package_identification:_identify(src/joy_control) by extensions ['colcon_meta']
[0.280s] Level 1:colcon.colcon_core.package_identification:_identify(src/joy_control) by extension 'colcon_meta'
[0.280s] Level 1:colcon.colcon_core.package_identification:_identify(src/joy_control) by extensions ['ros']
[0.280s] Level 1:colcon.colcon_core.package_identification:_identify(src/joy_control) by extension 'ros'
[0.280s] DEBUG:colcon.colcon_core.package_identification:Package 'src/joy_control' with type 'ros.ament_python' and name 'joy_control'
[0.280s] Level 1:colcon.colcon_core.package_identification:_identify(src/py_pubsub) by extensions ['ignore', 'ignore_ament_install']
[0.280s] Level 1:colcon.colcon_core.package_identification:_identify(src/py_pubsub) by extension 'ignore'
[0.280s] Level 1:colcon.colcon_core.package_identification:_identify(src/py_pubsub) by extension 'ignore_ament_install'
[0.281s] Level 1:colcon.colcon_core.package_identification:_identify(src/py_pubsub) by extensions ['colcon_pkg']
[0.281s] Level 1:colcon.colcon_core.package_identification:_identify(src/py_pubsub) by extension 'colcon_pkg'
[0.281s] Level 1:colcon.colcon_core.package_identification:_identify(src/py_pubsub) by extensions ['colcon_meta']
[0.281s] Level 1:colcon.colcon_core.package_identification:_identify(src/py_pubsub) by extension 'colcon_meta'
[0.281s] Level 1:colcon.colcon_core.package_identification:_identify(src/py_pubsub) by extensions ['ros']
[0.281s] Level 1:colcon.colcon_core.package_identification:_identify(src/py_pubsub) by extension 'ros'
[0.281s] DEBUG:colcon.colcon_core.package_identification:Package 'src/py_pubsub' with type 'ros.ament_python' and name 'py_pubsub'
[0.281s] Level 1:colcon.colcon_core.package_identification:_identify(src/ui) by extensions ['ignore', 'ignore_ament_install']
[0.281s] Level 1:colcon.colcon_core.package_identification:_identify(src/ui) by extension 'ignore'
[0.281s] Level 1:colcon.colcon_core.package_identification:_identify(src/ui) by extension 'ignore_ament_install'
[0.281s] Level 1:colcon.colcon_core.package_identification:_identify(src/ui) by extensions ['colcon_pkg']
[0.281s] Level 1:colcon.colcon_core.package_identification:_identify(src/ui) by extension 'colcon_pkg'
[0.281s] Level 1:colcon.colcon_core.package_identification:_identify(src/ui) by extensions ['colcon_meta']
[0.281s] Level 1:colcon.colcon_core.package_identification:_identify(src/ui) by extension 'colcon_meta'
[0.281s] Level 1:colcon.colcon_core.package_identification:_identify(src/ui) by extensions ['ros']
[0.282s] Level 1:colcon.colcon_core.package_identification:_identify(src/ui) by extension 'ros'
[0.282s] DEBUG:colcon.colcon_core.package_identification:Package 'src/ui' with type 'ros.ament_python' and name 'ui'
[0.282s] Level 1:colcon.colcon_core.package_discovery:discover_packages(recursive) using defaults
[0.282s] Level 1:colcon.colcon_core.package_discovery:discover_packages(ignore) discover
[0.282s] Level 1:colcon.colcon_core.package_discovery:discover_packages(ignore) using defaults
[0.282s] Level 1:colcon.colcon_core.package_discovery:discover_packages(path) discover
[0.282s] Level 1:colcon.colcon_core.package_discovery:discover_packages(path) using defaults
[0.310s] Level 1:colcon.colcon_core.package_discovery:discover_packages(prefix_path) check parameters
[0.310s] Level 1:colcon.colcon_core.package_discovery:discover_packages(prefix_path) discover
[0.311s] DEBUG:colcon.colcon_installed_package_information.package_discovery:Found 7 installed packages in /home/porterclev/ros2-ws-2024/install
[0.313s] DEBUG:colcon.colcon_installed_package_information.package_discovery:Found 281 installed packages in /opt/ros/iron
[0.314s] Level 1:colcon.colcon_core.package_discovery:discover_packages(prefix_path) using defaults
[0.350s] Level 5:colcon.colcon_core.verb:set package 'camera_test' build argument 'cmake_args' from command line to 'None'
[0.350s] Level 5:colcon.colcon_core.verb:set package 'camera_test' build argument 'cmake_target' from command line to 'None'
[0.350s] Level 5:colcon.colcon_core.verb:set package 'camera_test' build argument 'cmake_target_skip_unavailable' from command line to 'False'
[0.350s] Level 5:colcon.colcon_core.verb:set package 'camera_test' build argument 'cmake_clean_cache' from command line to 'False'
[0.350s] Level 5:colcon.colcon_core.verb:set package 'camera_test' build argument 'cmake_clean_first' from command line to 'False'
[0.350s] Level 5:colcon.colcon_core.verb:set package 'camera_test' build argument 'cmake_force_configure' from command line to 'False'
[0.350s] Level 5:colcon.colcon_core.verb:set package 'camera_test' build argument 'ament_cmake_args' from command line to 'None'
[0.350s] Level 5:colcon.colcon_core.verb:set package 'camera_test' build argument 'catkin_cmake_args' from command line to 'None'
[0.350s] Level 5:colcon.colcon_core.verb:set package 'camera_test' build argument 'catkin_skip_building_tests' from command line to 'False'
[0.350s] DEBUG:colcon.colcon_core.verb:Building package 'camera_test' with the following arguments: {'ament_cmake_args': None, 'build_base': '/home/porterclev/ros2-ws-2024/build/camera_test', 'catkin_cmake_args': None, 'catkin_skip_building_tests': False, 'cmake_args': None, 'cmake_clean_cache': False, 'cmake_clean_first': False, 'cmake_force_configure': False, 'cmake_target': None, 'cmake_target_skip_unavailable': False, 'install_base': '/home/porterclev/ros2-ws-2024/install/camera_test', 'merge_install': False, 'path': '/home/porterclev/ros2-ws-2024/src/camera_test', 'symlink_install': False, 'test_result_base': None}
[0.350s] Level 5:colcon.colcon_core.verb:set package 'db_broker' build argument 'cmake_args' from command line to 'None'
[0.350s] Level 5:colcon.colcon_core.verb:set package 'db_broker' build argument 'cmake_target' from command line to 'None'
[0.350s] Level 5:colcon.colcon_core.verb:set package 'db_broker' build argument 'cmake_target_skip_unavailable' from command line to 'False'
[0.350s] Level 5:colcon.colcon_core.verb:set package 'db_broker' build argument 'cmake_clean_cache' from command line to 'False'
[0.350s] Level 5:colcon.colcon_core.verb:set package 'db_broker' build argument 'cmake_clean_first' from command line to 'False'
[0.350s] Level 5:colcon.colcon_core.verb:set package 'db_broker' build argument 'cmake_force_configure' from command line to 'False'
[0.350s] Level 5:colcon.colcon_core.verb:set package 'db_broker' build argument 'ament_cmake_args' from command line to 'None'
[0.350s] Level 5:colcon.colcon_core.verb:set package 'db_broker' build argument 'catkin_cmake_args' from command line to 'None'
[0.350s] Level 5:colcon.colcon_core.verb:set package 'db_broker' build argument 'catkin_skip_building_tests' from command line to 'False'
[0.351s] DEBUG:colcon.colcon_core.verb:Building package 'db_broker' with the following arguments: {'ament_cmake_args': None, 'build_base': '/home/porterclev/ros2-ws-2024/build/db_broker', 'catkin_cmake_args': None, 'catkin_skip_building_tests': False, 'cmake_args': None, 'cmake_clean_cache': False, 'cmake_clean_first': False, 'cmake_force_configure': False, 'cmake_target': None, 'cmake_target_skip_unavailable': False, 'install_base': '/home/porterclev/ros2-ws-2024/install/db_broker', 'merge_install': False, 'path': '/home/porterclev/ros2-ws-2024/src/db_broker', 'symlink_install': False, 'test_result_base': None}
[0.351s] Level 5:colcon.colcon_core.verb:set package 'drive_cb' build argument 'cmake_args' from command line to 'None'
[0.351s] Level 5:colcon.colcon_core.verb:set package 'drive_cb' build argument 'cmake_target' from command line to 'None'
[0.351s] Level 5:colcon.colcon_core.verb:set package 'drive_cb' build argument 'cmake_target_skip_unavailable' from command line to 'False'
[0.351s] Level 5:colcon.colcon_core.verb:set package 'drive_cb' build argument 'cmake_clean_cache' from command line to 'False'
[0.351s] Level 5:colcon.colcon_core.verb:set package 'drive_cb' build argument 'cmake_clean_first' from command line to 'False'
[0.351s] Level 5:colcon.colcon_core.verb:set package 'drive_cb' build argument 'cmake_force_configure' from command line to 'False'
[0.351s] Level 5:colcon.colcon_core.verb:set package 'drive_cb' build argument 'ament_cmake_args' from command line to 'None'
[0.351s] Level 5:colcon.colcon_core.verb:set package 'drive_cb' build argument 'catkin_cmake_args' from command line to 'None'
[0.351s] Level 5:colcon.colcon_core.verb:set package 'drive_cb' build argument 'catkin_skip_building_tests' from command line to 'False'
[0.351s] DEBUG:colcon.colcon_core.verb:Building package 'drive_cb' with the following arguments: {'ament_cmake_args': None, 'build_base': '/home/porterclev/ros2-ws-2024/build/drive_cb', 'catkin_cmake_args': None, 'catkin_skip_building_tests': False, 'cmake_args': None, 'cmake_clean_cache': False, 'cmake_clean_first': False, 'cmake_force_configure': False, 'cmake_target': None, 'cmake_target_skip_unavailable': False, 'install_base': '/home/porterclev/ros2-ws-2024/install/drive_cb', 'merge_install': False, 'path': '/home/porterclev/ros2-ws-2024/src/drive_cb', 'symlink_install': False, 'test_result_base': None}
[0.351s] Level 5:colcon.colcon_core.verb:set package 'drive_ex' build argument 'cmake_args' from command line to 'None'
[0.351s] Level 5:colcon.colcon_core.verb:set package 'drive_ex' build argument 'cmake_target' from command line to 'None'
[0.351s] Level 5:colcon.colcon_core.verb:set package 'drive_ex' build argument 'cmake_target_skip_unavailable' from command line to 'False'
[0.351s] Level 5:colcon.colcon_core.verb:set package 'drive_ex' build argument 'cmake_clean_cache' from command line to 'False'
[0.351s] Level 5:colcon.colcon_core.verb:set package 'drive_ex' build argument 'cmake_clean_first' from command line to 'False'
[0.351s] Level 5:colcon.colcon_core.verb:set package 'drive_ex' build argument 'cmake_force_configure' from command line to 'False'
[0.351s] Level 5:colcon.colcon_core.verb:set package 'drive_ex' build argument 'ament_cmake_args' from command line to 'None'
[0.351s] Level 5:colcon.colcon_core.verb:set package 'drive_ex' build argument 'catkin_cmake_args' from command line to 'None'
[0.352s] Level 5:colcon.colcon_core.verb:set package 'drive_ex' build argument 'catkin_skip_building_tests' from command line to 'False'
[0.352s] DEBUG:colcon.colcon_core.verb:Building package 'drive_ex' with the following arguments: {'ament_cmake_args': None, 'build_base': '/home/porterclev/ros2-ws-2024/build/drive_ex', 'catkin_cmake_args': None, 'catkin_skip_building_tests': False, 'cmake_args': None, 'cmake_clean_cache': False, 'cmake_clean_first': False, 'cmake_force_configure': False, 'cmake_target': None, 'cmake_target_skip_unavailable': False, 'install_base': '/home/porterclev/ros2-ws-2024/install/drive_ex', 'merge_install': False, 'path': '/home/porterclev/ros2-ws-2024/src/drive_ex', 'symlink_install': False, 'test_result_base': None}
[0.352s] Level 5:colcon.colcon_core.verb:set package 'joy_control' build argument 'cmake_args' from command line to 'None'
[0.352s] Level 5:colcon.colcon_core.verb:set package 'joy_control' build argument 'cmake_target' from command line to 'None'
[0.352s] Level 5:colcon.colcon_core.verb:set package 'joy_control' build argument 'cmake_target_skip_unavailable' from command line to 'False'
[0.352s] Level 5:colcon.colcon_core.verb:set package 'joy_control' build argument 'cmake_clean_cache' from command line to 'False'
[0.352s] Level 5:colcon.colcon_core.verb:set package 'joy_control' build argument 'cmake_clean_first' from command line to 'False'
[0.352s] Level 5:colcon.colcon_core.verb:set package 'joy_control' build argument 'cmake_force_configure' from command line to 'False'
[0.352s] Level 5:colcon.colcon_core.verb:set package 'joy_control' build argument 'ament_cmake_args' from command line to 'None'
[0.352s] Level 5:colcon.colcon_core.verb:set package 'joy_control' build argument 'catkin_cmake_args' from command line to 'None'
[0.352s] Level 5:colcon.colcon_core.verb:set package 'joy_control' build argument 'catkin_skip_building_tests' from command line to 'False'
[0.352s] DEBUG:colcon.colcon_core.verb:Building package 'joy_control' with the following arguments: {'ament_cmake_args': None, 'build_base': '/home/porterclev/ros2-ws-2024/build/joy_control', 'catkin_cmake_args': None, 'catkin_skip_building_tests': False, 'cmake_args': None, 'cmake_clean_cache': False, 'cmake_clean_first': False, 'cmake_force_configure': False, 'cmake_target': None, 'cmake_target_skip_unavailable': False, 'install_base': '/home/porterclev/ros2-ws-2024/install/joy_control', 'merge_install': False, 'path': '/home/porterclev/ros2-ws-2024/src/joy_control', 'symlink_install': False, 'test_result_base': None}
[0.352s] Level 5:colcon.colcon_core.verb:set package 'py_pubsub' build argument 'cmake_args' from command line to 'None'
[0.352s] Level 5:colcon.colcon_core.verb:set package 'py_pubsub' build argument 'cmake_target' from command line to 'None'
[0.352s] Level 5:colcon.colcon_core.verb:set package 'py_pubsub' build argument 'cmake_target_skip_unavailable' from command line to 'False'
[0.352s] Level 5:colcon.colcon_core.verb:set package 'py_pubsub' build argument 'cmake_clean_cache' from command line to 'False'
[0.352s] Level 5:colcon.colcon_core.verb:set package 'py_pubsub' build argument 'cmake_clean_first' from command line to 'False'
[0.352s] Level 5:colcon.colcon_core.verb:set package 'py_pubsub' build argument 'cmake_force_configure' from command line to 'False'
[0.352s] Level 5:colcon.colcon_core.verb:set package 'py_pubsub' build argument 'ament_cmake_args' from command line to 'None'
[0.352s] Level 5:colcon.colcon_core.verb:set package 'py_pubsub' build argument 'catkin_cmake_args' from command line to 'None'
[0.353s] Level 5:colcon.colcon_core.verb:set package 'py_pubsub' build argument 'catkin_skip_building_tests' from command line to 'False'
[0.353s] DEBUG:colcon.colcon_core.verb:Building package 'py_pubsub' with the following arguments: {'ament_cmake_args': None, 'build_base': '/home/porterclev/ros2-ws-2024/build/py_pubsub', 'catkin_cmake_args': None, 'catkin_skip_building_tests': False, 'cmake_args': None, 'cmake_clean_cache': False, 'cmake_clean_first': False, 'cmake_force_configure': False, 'cmake_target': None, 'cmake_target_skip_unavailable': False, 'install_base': '/home/porterclev/ros2-ws-2024/install/py_pubsub', 'merge_install': False, 'path': '/home/porterclev/ros2-ws-2024/src/py_pubsub', 'symlink_install': False, 'test_result_base': None}
[0.353s] Level 5:colcon.colcon_core.verb:set package 'ui' build argument 'cmake_args' from command line to 'None'
[0.353s] Level 5:colcon.colcon_core.verb:set package 'ui' build argument 'cmake_target' from command line to 'None'
[0.353s] Level 5:colcon.colcon_core.verb:set package 'ui' build argument 'cmake_target_skip_unavailable' from command line to 'False'
[0.353s] Level 5:colcon.colcon_core.verb:set package 'ui' build argument 'cmake_clean_cache' from command line to 'False'
[0.353s] Level 5:colcon.colcon_core.verb:set package 'ui' build argument 'cmake_clean_first' from command line to 'False'
[0.353s] Level 5:colcon.colcon_core.verb:set package 'ui' build argument 'cmake_force_configure' from command line to 'False'
[0.353s] Level 5:colcon.colcon_core.verb:set package 'ui' build argument 'ament_cmake_args' from command line to 'None'
[0.353s] Level 5:colcon.colcon_core.verb:set package 'ui' build argument 'catkin_cmake_args' from command line to 'None'
[0.353s] Level 5:colcon.colcon_core.verb:set package 'ui' build argument 'catkin_skip_building_tests' from command line to 'False'
[0.353s] DEBUG:colcon.colcon_core.verb:Building package 'ui' with the following arguments: {'ament_cmake_args': None, 'build_base': '/home/porterclev/ros2-ws-2024/build/ui', 'catkin_cmake_args': None, 'catkin_skip_building_tests': False, 'cmake_args': None, 'cmake_clean_cache': False, 'cmake_clean_first': False, 'cmake_force_configure': False, 'cmake_target': None, 'cmake_target_skip_unavailable': False, 'install_base': '/home/porterclev/ros2-ws-2024/install/ui', 'merge_install': False, 'path': '/home/porterclev/ros2-ws-2024/src/ui', 'symlink_install': False, 'test_result_base': None}
[0.353s] INFO:colcon.colcon_core.executor:Executing jobs using 'parallel' executor
[0.359s] DEBUG:colcon.colcon_parallel_executor.executor.parallel:run_until_complete
[0.359s] INFO:colcon.colcon_ros.task.ament_python.build:Building ROS package in '/home/porterclev/ros2-ws-2024/src/camera_test' with build type 'ament_python'
[0.359s] Level 1:colcon.colcon_core.shell:create_environment_hook('camera_test', 'ament_prefix_path')
[0.362s] INFO:colcon.colcon_core.plugin_system:Skipping extension 'colcon_core.shell.bat': Not used on non-Windows systems
[0.363s] INFO:colcon.colcon_core.shell:Creating environment hook '/home/porterclev/ros2-ws-2024/install/camera_test/share/camera_test/hook/ament_prefix_path.ps1'
[0.363s] INFO:colcon.colcon_core.shell:Creating environment descriptor '/home/porterclev/ros2-ws-2024/install/camera_test/share/camera_test/hook/ament_prefix_path.dsv'
[0.364s] INFO:colcon.colcon_core.shell:Creating environment hook '/home/porterclev/ros2-ws-2024/install/camera_test/share/camera_test/hook/ament_prefix_path.sh'
[0.367s] INFO:colcon.colcon_core.shell:Skip shell extension 'powershell' for command environment: Not usable outside of PowerShell
[0.367s] DEBUG:colcon.colcon_core.shell:Skip shell extension 'dsv' for command environment
[0.373s] INFO:colcon.colcon_ros.task.ament_python.build:Building ROS package in '/home/porterclev/ros2-ws-2024/src/db_broker' with build type 'ament_python'
[0.373s] Level 1:colcon.colcon_core.shell:create_environment_hook('db_broker', 'ament_prefix_path')
[0.374s] INFO:colcon.colcon_core.shell:Creating environment hook '/home/porterclev/ros2-ws-2024/install/db_broker/share/db_broker/hook/ament_prefix_path.ps1'
[0.376s] INFO:colcon.colcon_core.shell:Creating environment descriptor '/home/porterclev/ros2-ws-2024/install/db_broker/share/db_broker/hook/ament_prefix_path.dsv'
[0.376s] INFO:colcon.colcon_core.shell:Creating environment hook '/home/porterclev/ros2-ws-2024/install/db_broker/share/db_broker/hook/ament_prefix_path.sh'
[0.378s] INFO:colcon.colcon_core.shell:Skip shell extension 'powershell' for command environment: Not usable outside of PowerShell
[0.379s] DEBUG:colcon.colcon_core.shell:Skip shell extension 'dsv' for command environment
[0.641s] INFO:colcon.colcon_core.task.python.build:Building Python package in '/home/porterclev/ros2-ws-2024/src/camera_test'
[0.642s] INFO:colcon.colcon_core.shell:Skip shell extension 'powershell' for command environment: Not usable outside of PowerShell
[0.642s] DEBUG:colcon.colcon_core.shell:Skip shell extension 'dsv' for command environment
[0.906s] INFO:colcon.colcon_core.task.python.build:Building Python package in '/home/porterclev/ros2-ws-2024/src/db_broker'
[0.906s] INFO:colcon.colcon_core.shell:Skip shell extension 'powershell' for command environment: Not usable outside of PowerShell
[0.906s] DEBUG:colcon.colcon_core.shell:Skip shell extension 'dsv' for command environment
[1.265s] DEBUG:colcon.colcon_core.event_handler.log_command:Invoking command in '/home/porterclev/ros2-ws-2024/src/camera_test': PYTHONPATH=/home/porterclev/ros2-ws-2024/build/camera_test/prefix_override:/home/porterclev/ros2-ws-2024/install/camera_test/lib/python3.10/site-packages:${PYTHONPATH} /usr/bin/python3 -W ignore:setup.py install is deprecated setup.py egg_info --egg-base ../../build/camera_test build --build-base /home/porterclev/ros2-ws-2024/build/camera_test/build install --record /home/porterclev/ros2-ws-2024/build/camera_test/install.log --single-version-externally-managed install_data
[1.269s] DEBUG:colcon.colcon_core.event_handler.log_command:Invoking command in '/home/porterclev/ros2-ws-2024/src/db_broker': PYTHONPATH=/home/porterclev/ros2-ws-2024/build/db_broker/prefix_override:/home/porterclev/ros2-ws-2024/install/db_broker/lib/python3.10/site-packages:${PYTHONPATH} /usr/bin/python3 -W ignore:setup.py install is deprecated setup.py egg_info --egg-base ../../build/db_broker build --build-base /home/porterclev/ros2-ws-2024/build/db_broker/build install --record /home/porterclev/ros2-ws-2024/build/db_broker/install.log --single-version-externally-managed install_data
[1.574s] Level 1:colcon.colcon_core.environment:checking '/home/porterclev/ros2-ws-2024/install/camera_test' for CMake module files
[1.574s] Level 1:colcon.colcon_core.environment:checking '/home/porterclev/ros2-ws-2024/install/camera_test' for CMake config files
[1.575s] Level 1:colcon.colcon_core.shell:create_environment_hook('camera_test', 'cmake_prefix_path')
[1.575s] INFO:colcon.colcon_core.shell:Creating environment hook '/home/porterclev/ros2-ws-2024/install/camera_test/share/camera_test/hook/cmake_prefix_path.ps1'
[1.576s] DEBUG:colcon.colcon_core.event_handler.log_command:Invoked command in '/home/porterclev/ros2-ws-2024/src/camera_test' returned '0': PYTHONPATH=/home/porterclev/ros2-ws-2024/build/camera_test/prefix_override:/home/porterclev/ros2-ws-2024/install/camera_test/lib/python3.10/site-packages:${PYTHONPATH} /usr/bin/python3 -W ignore:setup.py install is deprecated setup.py egg_info --egg-base ../../build/camera_test build --build-base /home/porterclev/ros2-ws-2024/build/camera_test/build install --record /home/porterclev/ros2-ws-2024/build/camera_test/install.log --single-version-externally-managed install_data
[1.576s] INFO:colcon.colcon_core.shell:Creating environment descriptor '/home/porterclev/ros2-ws-2024/install/camera_test/share/camera_test/hook/cmake_prefix_path.dsv'
[1.576s] INFO:colcon.colcon_core.shell:Creating environment hook '/home/porterclev/ros2-ws-2024/install/camera_test/share/camera_test/hook/cmake_prefix_path.sh'
[1.577s] Level 1:colcon.colcon_core.environment:checking '/home/porterclev/ros2-ws-2024/install/camera_test/lib'
[1.578s] Level 1:colcon.colcon_core.environment:checking '/home/porterclev/ros2-ws-2024/install/camera_test/bin'
[1.578s] Level 1:colcon.colcon_core.environment:checking '/home/porterclev/ros2-ws-2024/install/camera_test/lib/pkgconfig/camera_test.pc'
[1.578s] Level 1:colcon.colcon_core.environment:checking '/home/porterclev/ros2-ws-2024/install/camera_test/lib/python3.10/site-packages'
[1.578s] Level 1:colcon.colcon_core.shell:create_environment_hook('camera_test', 'pythonpath')
[1.578s] INFO:colcon.colcon_core.shell:Creating environment hook '/home/porterclev/ros2-ws-2024/install/camera_test/share/camera_test/hook/pythonpath.ps1'
[1.579s] INFO:colcon.colcon_core.shell:Creating environment descriptor '/home/porterclev/ros2-ws-2024/install/camera_test/share/camera_test/hook/pythonpath.dsv'
[1.580s] INFO:colcon.colcon_core.shell:Creating environment hook '/home/porterclev/ros2-ws-2024/install/camera_test/share/camera_test/hook/pythonpath.sh'
[1.580s] Level 1:colcon.colcon_core.environment:checking '/home/porterclev/ros2-ws-2024/install/camera_test/bin'
[1.580s] Level 1:colcon.colcon_core.environment:create_environment_scripts_only(camera_test)
[1.581s] INFO:colcon.colcon_core.shell:Creating package script '/home/porterclev/ros2-ws-2024/install/camera_test/share/camera_test/package.ps1'
[1.582s] INFO:colcon.colcon_core.shell:Creating package descriptor '/home/porterclev/ros2-ws-2024/install/camera_test/share/camera_test/package.dsv'
[1.583s] INFO:colcon.colcon_core.shell:Creating package script '/home/porterclev/ros2-ws-2024/install/camera_test/share/camera_test/package.sh'
[1.584s] INFO:colcon.colcon_core.shell:Creating package script '/home/porterclev/ros2-ws-2024/install/camera_test/share/camera_test/package.bash'
[1.585s] INFO:colcon.colcon_core.shell:Creating package script '/home/porterclev/ros2-ws-2024/install/camera_test/share/camera_test/package.zsh'
[1.585s] Level 1:colcon.colcon_core.environment:create_file_with_runtime_dependencies(/home/porterclev/ros2-ws-2024/install/camera_test/share/colcon-core/packages/camera_test)
[1.587s] INFO:colcon.colcon_ros.task.ament_python.build:Building ROS package in '/home/porterclev/ros2-ws-2024/src/drive_cb' with build type 'ament_python'
[1.587s] Level 1:colcon.colcon_core.shell:create_environment_hook('drive_cb', 'ament_prefix_path')
[1.588s] INFO:colcon.colcon_core.shell:Creating environment hook '/home/porterclev/ros2-ws-2024/install/drive_cb/share/drive_cb/hook/ament_prefix_path.ps1'
[1.589s] INFO:colcon.colcon_core.shell:Creating environment descriptor '/home/porterclev/ros2-ws-2024/install/drive_cb/share/drive_cb/hook/ament_prefix_path.dsv'
[1.589s] INFO:colcon.colcon_core.shell:Creating environment hook '/home/porterclev/ros2-ws-2024/install/drive_cb/share/drive_cb/hook/ament_prefix_path.sh'
[1.591s] INFO:colcon.colcon_core.shell:Skip shell extension 'powershell' for command environment: Not usable outside of PowerShell
[1.591s] DEBUG:colcon.colcon_core.shell:Skip shell extension 'dsv' for command environment
[1.596s] Level 1:colcon.colcon_core.environment:checking '/home/porterclev/ros2-ws-2024/install/db_broker' for CMake module files
[1.596s] Level 1:colcon.colcon_core.environment:checking '/home/porterclev/ros2-ws-2024/install/db_broker' for CMake config files
[1.596s] Level 1:colcon.colcon_core.environment:checking '/home/porterclev/ros2-ws-2024/install/db_broker/lib'
[1.596s] Level 1:colcon.colcon_core.environment:checking '/home/porterclev/ros2-ws-2024/install/db_broker/bin'
[1.596s] Level 1:colcon.colcon_core.environment:checking '/home/porterclev/ros2-ws-2024/install/db_broker/lib/pkgconfig/db_broker.pc'
[1.597s] Level 1:colcon.colcon_core.environment:checking '/home/porterclev/ros2-ws-2024/install/db_broker/lib/python3.10/site-packages'
[1.597s] Level 1:colcon.colcon_core.shell:create_environment_hook('db_broker', 'pythonpath')
[1.597s] INFO:colcon.colcon_core.shell:Creating environment hook '/home/porterclev/ros2-ws-2024/install/db_broker/share/db_broker/hook/pythonpath.ps1'
[1.597s] INFO:colcon.colcon_core.shell:Creating environment descriptor '/home/porterclev/ros2-ws-2024/install/db_broker/share/db_broker/hook/pythonpath.dsv'
[1.598s] DEBUG:colcon.colcon_core.event_handler.log_command:Invoked command in '/home/porterclev/ros2-ws-2024/src/db_broker' returned '0': PYTHONPATH=/home/porterclev/ros2-ws-2024/build/db_broker/prefix_override:/home/porterclev/ros2-ws-2024/install/db_broker/lib/python3.10/site-packages:${PYTHONPATH} /usr/bin/python3 -W ignore:setup.py install is deprecated setup.py egg_info --egg-base ../../build/db_broker build --build-base /home/porterclev/ros2-ws-2024/build/db_broker/build install --record /home/porterclev/ros2-ws-2024/build/db_broker/install.log --single-version-externally-managed install_data
[1.599s] INFO:colcon.colcon_core.shell:Creating environment hook '/home/porterclev/ros2-ws-2024/install/db_broker/share/db_broker/hook/pythonpath.sh'
[1.601s] Level 1:colcon.colcon_core.environment:checking '/home/porterclev/ros2-ws-2024/install/db_broker/bin'
[1.601s] Level 1:colcon.colcon_core.environment:create_environment_scripts_only(db_broker)
[1.602s] INFO:colcon.colcon_core.shell:Creating package script '/home/porterclev/ros2-ws-2024/install/db_broker/share/db_broker/package.ps1'
[1.603s] INFO:colcon.colcon_core.shell:Creating package descriptor '/home/porterclev/ros2-ws-2024/install/db_broker/share/db_broker/package.dsv'
[1.604s] INFO:colcon.colcon_core.shell:Creating package script '/home/porterclev/ros2-ws-2024/install/db_broker/share/db_broker/package.sh'
[1.604s] INFO:colcon.colcon_core.shell:Creating package script '/home/porterclev/ros2-ws-2024/install/db_broker/share/db_broker/package.bash'
[1.605s] INFO:colcon.colcon_core.shell:Creating package script '/home/porterclev/ros2-ws-2024/install/db_broker/share/db_broker/package.zsh'
[1.606s] Level 1:colcon.colcon_core.environment:create_file_with_runtime_dependencies(/home/porterclev/ros2-ws-2024/install/db_broker/share/colcon-core/packages/db_broker)
[1.608s] INFO:colcon.colcon_ros.task.ament_python.build:Building ROS package in '/home/porterclev/ros2-ws-2024/src/drive_ex' with build type 'ament_python'
[1.609s] Level 1:colcon.colcon_core.shell:create_environment_hook('drive_ex', 'ament_prefix_path')
[1.609s] INFO:colcon.colcon_core.shell:Creating environment hook '/home/porterclev/ros2-ws-2024/install/drive_ex/share/drive_ex/hook/ament_prefix_path.ps1'
[1.611s] INFO:colcon.colcon_core.shell:Creating environment descriptor '/home/porterclev/ros2-ws-2024/install/drive_ex/share/drive_ex/hook/ament_prefix_path.dsv'
[1.612s] INFO:colcon.colcon_core.shell:Creating environment hook '/home/porterclev/ros2-ws-2024/install/drive_ex/share/drive_ex/hook/ament_prefix_path.sh'
[1.613s] INFO:colcon.colcon_core.shell:Skip shell extension 'powershell' for command environment: Not usable outside of PowerShell
[1.614s] DEBUG:colcon.colcon_core.shell:Skip shell extension 'dsv' for command environment
[1.871s] INFO:colcon.colcon_core.task.python.build:Building Python package in '/home/porterclev/ros2-ws-2024/src/drive_cb'
[1.871s] INFO:colcon.colcon_core.shell:Skip shell extension 'powershell' for command environment: Not usable outside of PowerShell
[1.871s] DEBUG:colcon.colcon_core.shell:Skip shell extension 'dsv' for command environment
[2.118s] INFO:colcon.colcon_core.task.python.build:Building Python package in '/home/porterclev/ros2-ws-2024/src/drive_ex'
[2.118s] INFO:colcon.colcon_core.shell:Skip shell extension 'powershell' for command environment: Not usable outside of PowerShell
[2.118s] DEBUG:colcon.colcon_core.shell:Skip shell extension 'dsv' for command environment
[2.480s] DEBUG:colcon.colcon_core.event_handler.log_command:Invoking command in '/home/porterclev/ros2-ws-2024/src/drive_cb': PYTHONPATH=/home/porterclev/ros2-ws-2024/build/drive_cb/prefix_override:/home/porterclev/ros2-ws-2024/install/drive_cb/lib/python3.10/site-packages:${PYTHONPATH} /usr/bin/python3 -W ignore:setup.py install is deprecated setup.py egg_info --egg-base ../../build/drive_cb build --build-base /home/porterclev/ros2-ws-2024/build/drive_cb/build install --record /home/porterclev/ros2-ws-2024/build/drive_cb/install.log --single-version-externally-managed install_data
[2.499s] DEBUG:colcon.colcon_core.event_handler.log_command:Invoking command in '/home/porterclev/ros2-ws-2024/src/drive_ex': PYTHONPATH=/home/porterclev/ros2-ws-2024/build/drive_ex/prefix_override:/home/porterclev/ros2-ws-2024/install/drive_ex/lib/python3.10/site-packages:${PYTHONPATH} /usr/bin/python3 -W ignore:setup.py install is deprecated setup.py egg_info --egg-base ../../build/drive_ex build --build-base /home/porterclev/ros2-ws-2024/build/drive_ex/build install --record /home/porterclev/ros2-ws-2024/build/drive_ex/install.log --single-version-externally-managed install_data
[2.792s] Level 1:colcon.colcon_core.environment:checking '/home/porterclev/ros2-ws-2024/install/drive_cb' for CMake module files
[2.793s] DEBUG:colcon.colcon_core.event_handler.log_command:Invoked command in '/home/porterclev/ros2-ws-2024/src/drive_cb' returned '0': PYTHONPATH=/home/porterclev/ros2-ws-2024/build/drive_cb/prefix_override:/home/porterclev/ros2-ws-2024/install/drive_cb/lib/python3.10/site-packages:${PYTHONPATH} /usr/bin/python3 -W ignore:setup.py install is deprecated setup.py egg_info --egg-base ../../build/drive_cb build --build-base /home/porterclev/ros2-ws-2024/build/drive_cb/build install --record /home/porterclev/ros2-ws-2024/build/drive_cb/install.log --single-version-externally-managed install_data
[2.793s] Level 1:colcon.colcon_core.environment:checking '/home/porterclev/ros2-ws-2024/install/drive_cb' for CMake config files
[2.793s] Level 1:colcon.colcon_core.environment:checking '/home/porterclev/ros2-ws-2024/install/drive_cb/lib'
[2.793s] Level 1:colcon.colcon_core.environment:checking '/home/porterclev/ros2-ws-2024/install/drive_cb/bin'
[2.794s] Level 1:colcon.colcon_core.environment:checking '/home/porterclev/ros2-ws-2024/install/drive_cb/lib/pkgconfig/drive_cb.pc'
[2.794s] Level 1:colcon.colcon_core.environment:checking '/home/porterclev/ros2-ws-2024/install/drive_cb/lib/python3.10/site-packages'
[2.794s] Level 1:colcon.colcon_core.shell:create_environment_hook('drive_cb', 'pythonpath')
[2.794s] INFO:colcon.colcon_core.shell:Creating environment hook '/home/porterclev/ros2-ws-2024/install/drive_cb/share/drive_cb/hook/pythonpath.ps1'
[2.794s] INFO:colcon.colcon_core.shell:Creating environment descriptor '/home/porterclev/ros2-ws-2024/install/drive_cb/share/drive_cb/hook/pythonpath.dsv'
[2.795s] INFO:colcon.colcon_core.shell:Creating environment hook '/home/porterclev/ros2-ws-2024/install/drive_cb/share/drive_cb/hook/pythonpath.sh'
[2.797s] Level 1:colcon.colcon_core.environment:checking '/home/porterclev/ros2-ws-2024/install/drive_cb/bin'
[2.797s] Level 1:colcon.colcon_core.environment:create_environment_scripts_only(drive_cb)
[2.797s] INFO:colcon.colcon_core.shell:Creating package script '/home/porterclev/ros2-ws-2024/install/drive_cb/share/drive_cb/package.ps1'
[2.797s] INFO:colcon.colcon_core.shell:Creating package descriptor '/home/porterclev/ros2-ws-2024/install/drive_cb/share/drive_cb/package.dsv'
[2.799s] INFO:colcon.colcon_core.shell:Creating package script '/home/porterclev/ros2-ws-2024/install/drive_cb/share/drive_cb/package.sh'
[2.799s] INFO:colcon.colcon_core.shell:Creating package script '/home/porterclev/ros2-ws-2024/install/drive_cb/share/drive_cb/package.bash'
[2.800s] INFO:colcon.colcon_core.shell:Creating package script '/home/porterclev/ros2-ws-2024/install/drive_cb/share/drive_cb/package.zsh'
[2.801s] Level 1:colcon.colcon_core.environment:create_file_with_runtime_dependencies(/home/porterclev/ros2-ws-2024/install/drive_cb/share/colcon-core/packages/drive_cb)
[2.801s] INFO:colcon.colcon_ros.task.ament_python.build:Building ROS package in '/home/porterclev/ros2-ws-2024/src/joy_control' with build type 'ament_python'
[2.806s] Level 1:colcon.colcon_core.shell:create_environment_hook('joy_control', 'ament_prefix_path')
[2.808s] INFO:colcon.colcon_core.shell:Creating environment hook '/home/porterclev/ros2-ws-2024/install/joy_control/share/joy_control/hook/ament_prefix_path.ps1'
[2.809s] INFO:colcon.colcon_core.shell:Creating environment descriptor '/home/porterclev/ros2-ws-2024/install/joy_control/share/joy_control/hook/ament_prefix_path.dsv'
[2.810s] INFO:colcon.colcon_core.shell:Creating environment hook '/home/porterclev/ros2-ws-2024/install/joy_control/share/joy_control/hook/ament_prefix_path.sh'
[2.811s] INFO:colcon.colcon_core.shell:Skip shell extension 'powershell' for command environment: Not usable outside of PowerShell
[2.812s] DEBUG:colcon.colcon_core.shell:Skip shell extension 'dsv' for command environment
[3.053s] INFO:colcon.colcon_core.task.python.build:Building Python package in '/home/porterclev/ros2-ws-2024/src/joy_control'
[3.053s] INFO:colcon.colcon_core.shell:Skip shell extension 'powershell' for command environment: Not usable outside of PowerShell
[3.053s] DEBUG:colcon.colcon_core.shell:Skip shell extension 'dsv' for command environment
[3.069s] Level 1:colcon.colcon_core.environment:checking '/home/porterclev/ros2-ws-2024/install/drive_ex' for CMake module files
[3.070s] DEBUG:colcon.colcon_core.event_handler.log_command:Invoked command in '/home/porterclev/ros2-ws-2024/src/drive_ex' returned '0': PYTHONPATH=/home/porterclev/ros2-ws-2024/build/drive_ex/prefix_override:/home/porterclev/ros2-ws-2024/install/drive_ex/lib/python3.10/site-packages:${PYTHONPATH} /usr/bin/python3 -W ignore:setup.py install is deprecated setup.py egg_info --egg-base ../../build/drive_ex build --build-base /home/porterclev/ros2-ws-2024/build/drive_ex/build install --record /home/porterclev/ros2-ws-2024/build/drive_ex/install.log --single-version-externally-managed install_data
[3.071s] Level 1:colcon.colcon_core.environment:checking '/home/porterclev/ros2-ws-2024/install/drive_ex' for CMake config files
[3.071s] Level 1:colcon.colcon_core.environment:checking '/home/porterclev/ros2-ws-2024/install/drive_ex/lib'
[3.071s] Level 1:colcon.colcon_core.environment:checking '/home/porterclev/ros2-ws-2024/install/drive_ex/bin'
[3.071s] Level 1:colcon.colcon_core.environment:checking '/home/porterclev/ros2-ws-2024/install/drive_ex/lib/pkgconfig/drive_ex.pc'
[3.071s] Level 1:colcon.colcon_core.environment:checking '/home/porterclev/ros2-ws-2024/install/drive_ex/lib/python3.10/site-packages'
[3.071s] Level 1:colcon.colcon_core.shell:create_environment_hook('drive_ex', 'pythonpath')
[3.072s] INFO:colcon.colcon_core.shell:Creating environment hook '/home/porterclev/ros2-ws-2024/install/drive_ex/share/drive_ex/hook/pythonpath.ps1'
[3.072s] INFO:colcon.colcon_core.shell:Creating environment descriptor '/home/porterclev/ros2-ws-2024/install/drive_ex/share/drive_ex/hook/pythonpath.dsv'
[3.073s] INFO:colcon.colcon_core.shell:Creating environment hook '/home/porterclev/ros2-ws-2024/install/drive_ex/share/drive_ex/hook/pythonpath.sh'
[3.073s] Level 1:colcon.colcon_core.environment:checking '/home/porterclev/ros2-ws-2024/install/drive_ex/bin'
[3.074s] Level 1:colcon.colcon_core.environment:create_environment_scripts_only(drive_ex)
[3.074s] INFO:colcon.colcon_core.shell:Creating package script '/home/porterclev/ros2-ws-2024/install/drive_ex/share/drive_ex/package.ps1'
[3.075s] INFO:colcon.colcon_core.shell:Creating package descriptor '/home/porterclev/ros2-ws-2024/install/drive_ex/share/drive_ex/package.dsv'
[3.075s] INFO:colcon.colcon_core.shell:Creating package script '/home/porterclev/ros2-ws-2024/install/drive_ex/share/drive_ex/package.sh'
[3.076s] INFO:colcon.colcon_core.shell:Creating package script '/home/porterclev/ros2-ws-2024/install/drive_ex/share/drive_ex/package.bash'
[3.076s] INFO:colcon.colcon_core.shell:Creating package script '/home/porterclev/ros2-ws-2024/install/drive_ex/share/drive_ex/package.zsh'
[3.077s] Level 1:colcon.colcon_core.environment:create_file_with_runtime_dependencies(/home/porterclev/ros2-ws-2024/install/drive_ex/share/colcon-core/packages/drive_ex)
[3.077s] INFO:colcon.colcon_ros.task.ament_python.build:Building ROS package in '/home/porterclev/ros2-ws-2024/src/py_pubsub' with build type 'ament_python'
[3.078s] Level 1:colcon.colcon_core.shell:create_environment_hook('py_pubsub', 'ament_prefix_path')
[3.079s] INFO:colcon.colcon_core.shell:Creating environment hook '/home/porterclev/ros2-ws-2024/install/py_pubsub/share/py_pubsub/hook/ament_prefix_path.ps1'
[3.080s] INFO:colcon.colcon_core.shell:Creating environment descriptor '/home/porterclev/ros2-ws-2024/install/py_pubsub/share/py_pubsub/hook/ament_prefix_path.dsv'
[3.080s] INFO:colcon.colcon_core.shell:Creating environment hook '/home/porterclev/ros2-ws-2024/install/py_pubsub/share/py_pubsub/hook/ament_prefix_path.sh'
[3.083s] INFO:colcon.colcon_core.shell:Skip shell extension 'powershell' for command environment: Not usable outside of PowerShell
[3.083s] DEBUG:colcon.colcon_core.shell:Skip shell extension 'dsv' for command environment
[3.343s] INFO:colcon.colcon_core.task.python.build:Building Python package in '/home/porterclev/ros2-ws-2024/src/py_pubsub'
[3.344s] INFO:colcon.colcon_core.shell:Skip shell extension 'powershell' for command environment: Not usable outside of PowerShell
[3.344s] DEBUG:colcon.colcon_core.shell:Skip shell extension 'dsv' for command environment
[3.446s] DEBUG:colcon.colcon_core.event_handler.log_command:Invoking command in '/home/porterclev/ros2-ws-2024/src/joy_control': PYTHONPATH=/home/porterclev/ros2-ws-2024/build/joy_control/prefix_override:/home/porterclev/ros2-ws-2024/install/joy_control/lib/python3.10/site-packages:${PYTHONPATH} /usr/bin/python3 -W ignore:setup.py install is deprecated setup.py egg_info --egg-base ../../build/joy_control build --build-base /home/porterclev/ros2-ws-2024/build/joy_control/build install --record /home/porterclev/ros2-ws-2024/build/joy_control/install.log --single-version-externally-managed install_data
[3.724s] DEBUG:colcon.colcon_core.event_handler.log_command:Invoking command in '/home/porterclev/ros2-ws-2024/src/py_pubsub': PYTHONPATH=/home/porterclev/ros2-ws-2024/build/py_pubsub/prefix_override:/home/porterclev/ros2-ws-2024/install/py_pubsub/lib/python3.10/site-packages:${PYTHONPATH} /usr/bin/python3 -W ignore:setup.py install is deprecated setup.py egg_info --egg-base ../../build/py_pubsub build --build-base /home/porterclev/ros2-ws-2024/build/py_pubsub/build install --record /home/porterclev/ros2-ws-2024/build/py_pubsub/install.log --single-version-externally-managed install_data
[3.756s] Level 1:colcon.colcon_core.environment:checking '/home/porterclev/ros2-ws-2024/install/joy_control' for CMake module files
[3.757s] DEBUG:colcon.colcon_core.event_handler.log_command:Invoked command in '/home/porterclev/ros2-ws-2024/src/joy_control' returned '0': PYTHONPATH=/home/porterclev/ros2-ws-2024/build/joy_control/prefix_override:/home/porterclev/ros2-ws-2024/install/joy_control/lib/python3.10/site-packages:${PYTHONPATH} /usr/bin/python3 -W ignore:setup.py install is deprecated setup.py egg_info --egg-base ../../build/joy_control build --build-base /home/porterclev/ros2-ws-2024/build/joy_control/build install --record /home/porterclev/ros2-ws-2024/build/joy_control/install.log --single-version-externally-managed install_data
[3.757s] Level 1:colcon.colcon_core.environment:checking '/home/porterclev/ros2-ws-2024/install/joy_control' for CMake config files
[3.758s] Level 1:colcon.colcon_core.environment:checking '/home/porterclev/ros2-ws-2024/install/joy_control/lib'
[3.758s] Level 1:colcon.colcon_core.environment:checking '/home/porterclev/ros2-ws-2024/install/joy_control/bin'
[3.758s] Level 1:colcon.colcon_core.environment:checking '/home/porterclev/ros2-ws-2024/install/joy_control/lib/pkgconfig/joy_control.pc'
[3.758s] Level 1:colcon.colcon_core.environment:checking '/home/porterclev/ros2-ws-2024/install/joy_control/lib/python3.10/site-packages'
[3.758s] Level 1:colcon.colcon_core.shell:create_environment_hook('joy_control', 'pythonpath')
[3.758s] INFO:colcon.colcon_core.shell:Creating environment hook '/home/porterclev/ros2-ws-2024/install/joy_control/share/joy_control/hook/pythonpath.ps1'
[3.759s] INFO:colcon.colcon_core.shell:Creating environment descriptor '/home/porterclev/ros2-ws-2024/install/joy_control/share/joy_control/hook/pythonpath.dsv'
[3.759s] INFO:colcon.colcon_core.shell:Creating environment hook '/home/porterclev/ros2-ws-2024/install/joy_control/share/joy_control/hook/pythonpath.sh'
[3.761s] Level 1:colcon.colcon_core.environment:checking '/home/porterclev/ros2-ws-2024/install/joy_control/bin'
[3.761s] Level 1:colcon.colcon_core.environment:create_environment_scripts_only(joy_control)
[3.762s] INFO:colcon.colcon_core.shell:Creating package script '/home/porterclev/ros2-ws-2024/install/joy_control/share/joy_control/package.ps1'
[3.762s] INFO:colcon.colcon_core.shell:Creating package descriptor '/home/porterclev/ros2-ws-2024/install/joy_control/share/joy_control/package.dsv'
[3.763s] INFO:colcon.colcon_core.shell:Creating package script '/home/porterclev/ros2-ws-2024/install/joy_control/share/joy_control/package.sh'
[3.764s] INFO:colcon.colcon_core.shell:Creating package script '/home/porterclev/ros2-ws-2024/install/joy_control/share/joy_control/package.bash'
[3.765s] INFO:colcon.colcon_core.shell:Creating package script '/home/porterclev/ros2-ws-2024/install/joy_control/share/joy_control/package.zsh'
[3.766s] Level 1:colcon.colcon_core.environment:create_file_with_runtime_dependencies(/home/porterclev/ros2-ws-2024/install/joy_control/share/colcon-core/packages/joy_control)
[3.767s] INFO:colcon.colcon_ros.task.ament_python.build:Building ROS package in '/home/porterclev/ros2-ws-2024/src/ui' with build type 'ament_python'
[3.767s] Level 1:colcon.colcon_core.shell:create_environment_hook('ui', 'ament_prefix_path')
[3.768s] INFO:colcon.colcon_core.shell:Creating environment hook '/home/porterclev/ros2-ws-2024/install/ui/share/ui/hook/ament_prefix_path.ps1'
[3.769s] INFO:colcon.colcon_core.shell:Creating environment descriptor '/home/porterclev/ros2-ws-2024/install/ui/share/ui/hook/ament_prefix_path.dsv'
[3.770s] INFO:colcon.colcon_core.shell:Creating environment hook '/home/porterclev/ros2-ws-2024/install/ui/share/ui/hook/ament_prefix_path.sh'
[3.772s] INFO:colcon.colcon_core.shell:Skip shell extension 'powershell' for command environment: Not usable outside of PowerShell
[3.772s] DEBUG:colcon.colcon_core.shell:Skip shell extension 'dsv' for command environment
[4.063s] INFO:colcon.colcon_core.task.python.build:Building Python package in '/home/porterclev/ros2-ws-2024/src/ui'
[4.063s] INFO:colcon.colcon_core.shell:Skip shell extension 'powershell' for command environment: Not usable outside of PowerShell
[4.063s] DEBUG:colcon.colcon_core.shell:Skip shell extension 'dsv' for command environment
[4.069s] Level 1:colcon.colcon_core.environment:checking '/home/porterclev/ros2-ws-2024/install/py_pubsub' for CMake module files
[4.070s] DEBUG:colcon.colcon_core.event_handler.log_command:Invoked command in '/home/porterclev/ros2-ws-2024/src/py_pubsub' returned '0': PYTHONPATH=/home/porterclev/ros2-ws-2024/build/py_pubsub/prefix_override:/home/porterclev/ros2-ws-2024/install/py_pubsub/lib/python3.10/site-packages:${PYTHONPATH} /usr/bin/python3 -W ignore:setup.py install is deprecated setup.py egg_info --egg-base ../../build/py_pubsub build --build-base /home/porterclev/ros2-ws-2024/build/py_pubsub/build install --record /home/porterclev/ros2-ws-2024/build/py_pubsub/install.log --single-version-externally-managed install_data
[4.070s] Level 1:colcon.colcon_core.environment:checking '/home/porterclev/ros2-ws-2024/install/py_pubsub' for CMake config files
[4.071s] Level 1:colcon.colcon_core.environment:checking '/home/porterclev/ros2-ws-2024/install/py_pubsub/lib'
[4.071s] Level 1:colcon.colcon_core.environment:checking '/home/porterclev/ros2-ws-2024/install/py_pubsub/bin'
[4.071s] Level 1:colcon.colcon_core.environment:checking '/home/porterclev/ros2-ws-2024/install/py_pubsub/lib/pkgconfig/py_pubsub.pc'
[4.072s] Level 1:colcon.colcon_core.environment:checking '/home/porterclev/ros2-ws-2024/install/py_pubsub/lib/python3.10/site-packages'
[4.072s] Level 1:colcon.colcon_core.shell:create_environment_hook('py_pubsub', 'pythonpath')
[4.072s] INFO:colcon.colcon_core.shell:Creating environment hook '/home/porterclev/ros2-ws-2024/install/py_pubsub/share/py_pubsub/hook/pythonpath.ps1'
[4.073s] INFO:colcon.colcon_core.shell:Creating environment descriptor '/home/porterclev/ros2-ws-2024/install/py_pubsub/share/py_pubsub/hook/pythonpath.dsv'
[4.075s] INFO:colcon.colcon_core.shell:Creating environment hook '/home/porterclev/ros2-ws-2024/install/py_pubsub/share/py_pubsub/hook/pythonpath.sh'
[4.076s] Level 1:colcon.colcon_core.environment:checking '/home/porterclev/ros2-ws-2024/install/py_pubsub/bin'
[4.077s] Level 1:colcon.colcon_core.environment:create_environment_scripts_only(py_pubsub)
[4.077s] INFO:colcon.colcon_core.shell:Creating package script '/home/porterclev/ros2-ws-2024/install/py_pubsub/share/py_pubsub/package.ps1'
[4.078s] INFO:colcon.colcon_core.shell:Creating package descriptor '/home/porterclev/ros2-ws-2024/install/py_pubsub/share/py_pubsub/package.dsv'
[4.080s] INFO:colcon.colcon_core.shell:Creating package script '/home/porterclev/ros2-ws-2024/install/py_pubsub/share/py_pubsub/package.sh'
[4.080s] INFO:colcon.colcon_core.shell:Creating package script '/home/porterclev/ros2-ws-2024/install/py_pubsub/share/py_pubsub/package.bash'
[4.081s] INFO:colcon.colcon_core.shell:Creating package script '/home/porterclev/ros2-ws-2024/install/py_pubsub/share/py_pubsub/package.zsh'
[4.082s] Level 1:colcon.colcon_core.environment:create_file_with_runtime_dependencies(/home/porterclev/ros2-ws-2024/install/py_pubsub/share/colcon-core/packages/py_pubsub)
[4.411s] DEBUG:colcon.colcon_core.event_handler.log_command:Invoking command in '/home/porterclev/ros2-ws-2024/src/ui': PYTHONPATH=/home/porterclev/ros2-ws-2024/build/ui/prefix_override:/home/porterclev/ros2-ws-2024/install/ui/lib/python3.10/site-packages:${PYTHONPATH} /usr/bin/python3 -W ignore:setup.py install is deprecated setup.py egg_info --egg-base ../../build/ui build --build-base /home/porterclev/ros2-ws-2024/build/ui/build install --record /home/porterclev/ros2-ws-2024/build/ui/install.log --single-version-externally-managed install_data
[4.695s] Level 1:colcon.colcon_core.environment:checking '/home/porterclev/ros2-ws-2024/install/ui' for CMake module files
[4.696s] Level 1:colcon.colcon_core.environment:checking '/home/porterclev/ros2-ws-2024/install/ui' for CMake config files
[4.696s] Level 1:colcon.colcon_core.environment:checking '/home/porterclev/ros2-ws-2024/install/ui/lib'
[4.696s] Level 1:colcon.colcon_core.environment:checking '/home/porterclev/ros2-ws-2024/install/ui/bin'
[4.696s] Level 1:colcon.colcon_core.environment:checking '/home/porterclev/ros2-ws-2024/install/ui/lib/pkgconfig/ui.pc'
[4.697s] Level 1:colcon.colcon_core.environment:checking '/home/porterclev/ros2-ws-2024/install/ui/lib/python3.10/site-packages'
[4.697s] Level 1:colcon.colcon_core.shell:create_environment_hook('ui', 'pythonpath')
[4.697s] INFO:colcon.colcon_core.shell:Creating environment hook '/home/porterclev/ros2-ws-2024/install/ui/share/ui/hook/pythonpath.ps1'
[4.697s] INFO:colcon.colcon_core.shell:Creating environment descriptor '/home/porterclev/ros2-ws-2024/install/ui/share/ui/hook/pythonpath.dsv'
[4.699s] DEBUG:colcon.colcon_core.event_handler.log_command:Invoked command in '/home/porterclev/ros2-ws-2024/src/ui' returned '0': PYTHONPATH=/home/porterclev/ros2-ws-2024/build/ui/prefix_override:/home/porterclev/ros2-ws-2024/install/ui/lib/python3.10/site-packages:${PYTHONPATH} /usr/bin/python3 -W ignore:setup.py install is deprecated setup.py egg_info --egg-base ../../build/ui build --build-base /home/porterclev/ros2-ws-2024/build/ui/build install --record /home/porterclev/ros2-ws-2024/build/ui/install.log --single-version-externally-managed install_data
[4.700s] INFO:colcon.colcon_core.shell:Creating environment hook '/home/porterclev/ros2-ws-2024/install/ui/share/ui/hook/pythonpath.sh'
[4.700s] Level 1:colcon.colcon_core.environment:checking '/home/porterclev/ros2-ws-2024/install/ui/bin'
[4.701s] Level 1:colcon.colcon_core.environment:create_environment_scripts_only(ui)
[4.701s] INFO:colcon.colcon_core.shell:Creating package script '/home/porterclev/ros2-ws-2024/install/ui/share/ui/package.ps1'
[4.701s] INFO:colcon.colcon_core.shell:Creating package descriptor '/home/porterclev/ros2-ws-2024/install/ui/share/ui/package.dsv'
[4.702s] INFO:colcon.colcon_core.shell:Creating package script '/home/porterclev/ros2-ws-2024/install/ui/share/ui/package.sh'
[4.703s] INFO:colcon.colcon_core.shell:Creating package script '/home/porterclev/ros2-ws-2024/install/ui/share/ui/package.bash'
[4.704s] INFO:colcon.colcon_core.shell:Creating package script '/home/porterclev/ros2-ws-2024/install/ui/share/ui/package.zsh'
[4.704s] Level 1:colcon.colcon_core.environment:create_file_with_runtime_dependencies(/home/porterclev/ros2-ws-2024/install/ui/share/colcon-core/packages/ui)
[4.705s] DEBUG:colcon.colcon_parallel_executor.executor.parallel:closing loop
[4.705s] DEBUG:colcon.colcon_parallel_executor.executor.parallel:loop closed
[4.705s] DEBUG:colcon.colcon_parallel_executor.executor.parallel:run_until_complete finished with '0'
[4.705s] DEBUG:colcon.colcon_core.event_reactor:joining thread
[4.715s] INFO:colcon.colcon_core.plugin_system:Skipping extension 'colcon_notification.desktop_notification.notify_send': Could not find 'notify-send'
[4.715s] INFO:colcon.colcon_core.plugin_system:Skipping extension 'colcon_notification.desktop_notification.terminal_notifier': Not used on non-Darwin systems
[4.715s] INFO:colcon.colcon_core.plugin_system:Skipping extension 'colcon_notification.desktop_notification.win32': Not used on non-Windows systems
[4.715s] INFO:colcon.colcon_notification.desktop_notification:Sending desktop notification using 'notify2'
[4.718s] DEBUG:colcon.colcon_notification.desktop_notification.notify2:Failed to initialize notify2: org.freedesktop.DBus.Error.ServiceUnknown: The name org.freedesktop.Notifications was not provided by any .service files
[4.719s] DEBUG:colcon.colcon_core.event_reactor:joined thread
[4.719s] INFO:colcon.colcon_core.shell:Creating prefix script '/home/porterclev/ros2-ws-2024/install/local_setup.ps1'
[4.721s] INFO:colcon.colcon_core.shell:Creating prefix util module '/home/porterclev/ros2-ws-2024/install/_local_setup_util_ps1.py'
[4.722s] INFO:colcon.colcon_core.shell:Creating prefix chain script '/home/porterclev/ros2-ws-2024/install/setup.ps1'
[4.725s] INFO:colcon.colcon_core.shell:Creating prefix script '/home/porterclev/ros2-ws-2024/install/local_setup.sh'
[4.725s] INFO:colcon.colcon_core.shell:Creating prefix util module '/home/porterclev/ros2-ws-2024/install/_local_setup_util_sh.py'
[4.727s] INFO:colcon.colcon_core.shell:Creating prefix chain script '/home/porterclev/ros2-ws-2024/install/setup.sh'
[4.729s] INFO:colcon.colcon_core.shell:Creating prefix script '/home/porterclev/ros2-ws-2024/install/local_setup.bash'
[4.730s] INFO:colcon.colcon_core.shell:Creating prefix chain script '/home/porterclev/ros2-ws-2024/install/setup.bash'
[4.733s] INFO:colcon.colcon_core.shell:Creating prefix script '/home/porterclev/ros2-ws-2024/install/local_setup.zsh'
[4.733s] INFO:colcon.colcon_core.shell:Creating prefix chain script '/home/porterclev/ros2-ws-2024/install/setup.zsh'
