[4.602s] Invoking command in '/home/beachlbl/porter/ros2-ws-2024/src/joy_control': PYTHONPATH=/home/beachlbl/porter/ros2-ws-2024/build/joy_control/prefix_override:/home/beachlbl/porter/ros2-ws-2024/install/joy_control/lib/python3.10/site-packages:${PYTHONPATH} /usr/bin/python3 -W ignore:setup.py install is deprecated setup.py egg_info --egg-base ../../build/joy_control build --build-base /home/beachlbl/porter/ros2-ws-2024/build/joy_control/build install --record /home/beachlbl/porter/ros2-ws-2024/build/joy_control/install.log --single-version-externally-managed install_data
[5.869s] running egg_info
[5.874s] writing ../../build/joy_control/joy_control.egg-info/PKG-INFO
[5.875s] writing dependency_links to ../../build/joy_control/joy_control.egg-info/dependency_links.txt
[5.876s] writing entry points to ../../build/joy_control/joy_control.egg-info/entry_points.txt
[5.877s] writing requirements to ../../build/joy_control/joy_control.egg-info/requires.txt
[5.877s] writing top-level names to ../../build/joy_control/joy_control.egg-info/top_level.txt
[5.886s] reading manifest file '../../build/joy_control/joy_control.egg-info/SOURCES.txt'
[5.889s] adding license file 'LICENSE'
[5.891s] writing manifest file '../../build/joy_control/joy_control.egg-info/SOURCES.txt'
[5.891s] running build
[5.892s] running build_py
[5.893s] copying joy_control/joy_ex_pub.py -> /home/beachlbl/porter/ros2-ws-2024/build/joy_control/build/lib/joy_control
[5.893s] copying joy_control/joy_cb_pub.py -> /home/beachlbl/porter/ros2-ws-2024/build/joy_control/build/lib/joy_control
[5.895s] running install
[5.897s] running install_lib
[5.900s] copying /home/beachlbl/porter/ros2-ws-2024/build/joy_control/build/lib/joy_control/joy_ex_pub.py -> /home/beachlbl/porter/ros2-ws-2024/install/joy_control/lib/python3.10/site-packages/joy_control
[5.901s] copying /home/beachlbl/porter/ros2-ws-2024/build/joy_control/build/lib/joy_control/joy_cb_pub.py -> /home/beachlbl/porter/ros2-ws-2024/install/joy_control/lib/python3.10/site-packages/joy_control
[5.905s] byte-compiling /home/beachlbl/porter/ros2-ws-2024/install/joy_control/lib/python3.10/site-packages/joy_control/joy_ex_pub.py to joy_ex_pub.cpython-310.pyc
[5.908s] byte-compiling /home/beachlbl/porter/ros2-ws-2024/install/joy_control/lib/python3.10/site-packages/joy_control/joy_cb_pub.py to joy_cb_pub.cpython-310.pyc
[5.911s] running install_data
[5.911s] running install_egg_info
[5.920s] removing '/home/beachlbl/porter/ros2-ws-2024/install/joy_control/lib/python3.10/site-packages/joy_control-0.0.0-py3.10.egg-info' (and everything under it)
[5.923s] Copying ../../build/joy_control/joy_control.egg-info to /home/beachlbl/porter/ros2-ws-2024/install/joy_control/lib/python3.10/site-packages/joy_control-0.0.0-py3.10.egg-info
[5.929s] running install_scripts
[6.031s] Installing control_ex = joy_control.joy_ex_pub:maincontrol_cb script to /home/beachlbl/porter/ros2-ws-2024/install/joy_control/lib/joy_control
[6.034s] writing list of installed files to '/home/beachlbl/porter/ros2-ws-2024/build/joy_control/install.log'
[6.224s] Invoked command in '/home/beachlbl/porter/ros2-ws-2024/src/joy_control' returned '0': PYTHONPATH=/home/beachlbl/porter/ros2-ws-2024/build/joy_control/prefix_override:/home/beachlbl/porter/ros2-ws-2024/install/joy_control/lib/python3.10/site-packages:${PYTHONPATH} /usr/bin/python3 -W ignore:setup.py install is deprecated setup.py egg_info --egg-base ../../build/joy_control build --build-base /home/beachlbl/porter/ros2-ws-2024/build/joy_control/build install --record /home/beachlbl/porter/ros2-ws-2024/build/joy_control/install.log --single-version-externally-managed install_data
