[0.622s] Invoking command in '/home/leopan42/ros2_ws/src/py_pubsub': PYTHONPATH=/home/leopan42/ros2_ws/build/py_pubsub/prefix_override:/home/leopan42/ros2_ws/install/py_pubsub/lib/python3.10/site-packages:${PYTHONPATH} /usr/bin/python3 setup.py egg_info --egg-base ../../build/py_pubsub build --build-base /home/leopan42/ros2_ws/build/py_pubsub/build install --record /home/leopan42/ros2_ws/build/py_pubsub/install.log --single-version-externally-managed
[0.746s] running egg_info
[0.747s] writing ../../build/py_pubsub/py_pubsub.egg-info/PKG-INFO
[0.747s] writing dependency_links to ../../build/py_pubsub/py_pubsub.egg-info/dependency_links.txt
[0.747s] writing entry points to ../../build/py_pubsub/py_pubsub.egg-info/entry_points.txt
[0.748s] writing requirements to ../../build/py_pubsub/py_pubsub.egg-info/requires.txt
[0.748s] writing top-level names to ../../build/py_pubsub/py_pubsub.egg-info/top_level.txt
[0.749s] reading manifest file '../../build/py_pubsub/py_pubsub.egg-info/SOURCES.txt'
[0.749s] adding license file 'LICENSE'
[0.749s] writing manifest file '../../build/py_pubsub/py_pubsub.egg-info/SOURCES.txt'
[0.749s] running build
[0.749s] running build_py
[0.749s] running install
[0.750s] /usr/lib/python3/dist-packages/setuptools/command/install.py:34: SetuptoolsDeprecationWarning: setup.py install is deprecated. Use build and pip and other standards-based tools.
[0.750s]   warnings.warn(
[0.750s] running install_lib
[0.751s] running install_data
[0.751s] running install_egg_info
[0.752s] removing '/home/leopan42/ros2_ws/install/py_pubsub/lib/python3.10/site-packages/py_pubsub-0.0.0-py3.10.egg-info' (and everything under it)
[0.752s] Copying ../../build/py_pubsub/py_pubsub.egg-info to /home/leopan42/ros2_ws/install/py_pubsub/lib/python3.10/site-packages/py_pubsub-0.0.0-py3.10.egg-info
[0.752s] running install_scripts
[0.764s] writing list of installed files to '/home/leopan42/ros2_ws/build/py_pubsub/install.log'
[0.812s] Invoked command in '/home/leopan42/ros2_ws/src/py_pubsub' returned '0': PYTHONPATH=/home/leopan42/ros2_ws/build/py_pubsub/prefix_override:/home/leopan42/ros2_ws/install/py_pubsub/lib/python3.10/site-packages:${PYTHONPATH} /usr/bin/python3 setup.py egg_info --egg-base ../../build/py_pubsub build --build-base /home/leopan42/ros2_ws/build/py_pubsub/build install --record /home/leopan42/ros2_ws/build/py_pubsub/install.log --single-version-externally-managed
