[6.781s] Invoking command in '/home/beachlbl/porter/ros2-ws-2024/src/ui': PYTHONPATH=/home/beachlbl/porter/ros2-ws-2024/build/ui/prefix_override:/home/beachlbl/porter/ros2-ws-2024/install/ui/lib/python3.10/site-packages:${PYTHONPATH} /usr/bin/python3 -W ignore:setup.py install is deprecated setup.py egg_info --egg-base ../../build/ui build --build-base /home/beachlbl/porter/ros2-ws-2024/build/ui/build install --record /home/beachlbl/porter/ros2-ws-2024/build/ui/install.log --single-version-externally-managed install_data
[8.391s] running egg_info
[8.396s] writing ../../build/ui/ui.egg-info/PKG-INFO
[8.397s] writing dependency_links to ../../build/ui/ui.egg-info/dependency_links.txt
[8.399s] writing entry points to ../../build/ui/ui.egg-info/entry_points.txt
[8.400s] writing requirements to ../../build/ui/ui.egg-info/requires.txt
[8.401s] writing top-level names to ../../build/ui/ui.egg-info/top_level.txt
[8.407s] reading manifest file '../../build/ui/ui.egg-info/SOURCES.txt'
[8.409s] adding license file 'LICENSE'
[8.413s] writing manifest file '../../build/ui/ui.egg-info/SOURCES.txt'
[8.413s] running build
[8.414s] running build_py
[8.416s] running install
[8.417s] running install_lib
[8.424s] running install_data
[8.425s] running install_egg_info
[8.434s] removing '/home/beachlbl/porter/ros2-ws-2024/install/ui/lib/python3.10/site-packages/ui-0.0.0-py3.10.egg-info' (and everything under it)
[8.436s] Copying ../../build/ui/ui.egg-info to /home/beachlbl/porter/ros2-ws-2024/install/ui/lib/python3.10/site-packages/ui-0.0.0-py3.10.egg-info
[8.443s] running install_scripts
[8.561s] Installing ui_health script to /home/beachlbl/porter/ros2-ws-2024/install/ui/lib/ui
[8.564s] writing list of installed files to '/home/beachlbl/porter/ros2-ws-2024/build/ui/install.log'
[8.774s] Invoked command in '/home/beachlbl/porter/ros2-ws-2024/src/ui' returned '0': PYTHONPATH=/home/beachlbl/porter/ros2-ws-2024/build/ui/prefix_override:/home/beachlbl/porter/ros2-ws-2024/install/ui/lib/python3.10/site-packages:${PYTHONPATH} /usr/bin/python3 -W ignore:setup.py install is deprecated setup.py egg_info --egg-base ../../build/ui build --build-base /home/beachlbl/porter/ros2-ws-2024/build/ui/build install --record /home/beachlbl/porter/ros2-ws-2024/build/ui/install.log --single-version-externally-managed install_data
