[4.277s] Invoking command in '/home/beachlbl/ros2-ws-2024/src/joy_control': PYTHONPATH=/home/beachlbl/ros2-ws-2024/build/joy_control/prefix_override:/home/beachlbl/ros2-ws-2024/install/joy_control/lib/python3.10/site-packages:${PYTHONPATH} /usr/bin/python3 -W ignore:setup.py install is deprecated setup.py egg_info --egg-base ../../build/joy_control build --build-base /home/beachlbl/ros2-ws-2024/build/joy_control/build install --record /home/beachlbl/ros2-ws-2024/build/joy_control/install.log --single-version-externally-managed install_data
[5.608s] running egg_info
[5.611s] writing ../../build/joy_control/joy_control.egg-info/PKG-INFO
[5.614s] writing dependency_links to ../../build/joy_control/joy_control.egg-info/dependency_links.txt
[5.615s] writing entry points to ../../build/joy_control/joy_control.egg-info/entry_points.txt
[5.616s] writing requirements to ../../build/joy_control/joy_control.egg-info/requires.txt
[5.617s] writing top-level names to ../../build/joy_control/joy_control.egg-info/top_level.txt
[5.633s] reading manifest file '../../build/joy_control/joy_control.egg-info/SOURCES.txt'
[5.635s] adding license file 'LICENSE'
[5.638s] writing manifest file '../../build/joy_control/joy_control.egg-info/SOURCES.txt'
[5.638s] running build
[5.639s] running build_py
[5.648s] running install
[5.650s] running install_lib
[5.662s] running install_data
[5.663s] running install_egg_info
[5.670s] removing '/home/beachlbl/ros2-ws-2024/install/joy_control/lib/python3.10/site-packages/joy_control-0.0.0-py3.10.egg-info' (and everything under it)
[5.672s] Copying ../../build/joy_control/joy_control.egg-info to /home/beachlbl/ros2-ws-2024/install/joy_control/lib/python3.10/site-packages/joy_control-0.0.0-py3.10.egg-info
[5.679s] running install_scripts
[5.774s] Installing control_cb script to /home/beachlbl/ros2-ws-2024/install/joy_control/lib/joy_control
[5.775s] Installing control_ex script to /home/beachlbl/ros2-ws-2024/install/joy_control/lib/joy_control
[5.779s] writing list of installed files to '/home/beachlbl/ros2-ws-2024/build/joy_control/install.log'
[5.960s] Invoked command in '/home/beachlbl/ros2-ws-2024/src/joy_control' returned '0': PYTHONPATH=/home/beachlbl/ros2-ws-2024/build/joy_control/prefix_override:/home/beachlbl/ros2-ws-2024/install/joy_control/lib/python3.10/site-packages:${PYTHONPATH} /usr/bin/python3 -W ignore:setup.py install is deprecated setup.py egg_info --egg-base ../../build/joy_control build --build-base /home/beachlbl/ros2-ws-2024/build/joy_control/build install --record /home/beachlbl/ros2-ws-2024/build/joy_control/install.log --single-version-externally-managed install_data
