[8.131s] Invoking command in '/home/beachlbl/porter/ros2-ws-2024/src/joy_control': PYTHONPATH=/home/beachlbl/porter/ros2-ws-2024/build/joy_control/prefix_override:/home/beachlbl/porter/ros2-ws-2024/install/joy_control/lib/python3.10/site-packages:${PYTHONPATH} /usr/bin/python3 -W ignore:setup.py install is deprecated setup.py egg_info --egg-base ../../build/joy_control build --build-base /home/beachlbl/porter/ros2-ws-2024/build/joy_control/build install --record /home/beachlbl/porter/ros2-ws-2024/build/joy_control/install.log --single-version-externally-managed install_data
[10.387s] running egg_info
[10.391s] writing ../../build/joy_control/joy_control.egg-info/PKG-INFO
[10.393s] writing dependency_links to ../../build/joy_control/joy_control.egg-info/dependency_links.txt
[10.394s] writing entry points to ../../build/joy_control/joy_control.egg-info/entry_points.txt
[10.395s] writing requirements to ../../build/joy_control/joy_control.egg-info/requires.txt
[10.396s] writing top-level names to ../../build/joy_control/joy_control.egg-info/top_level.txt
[10.405s] reading manifest file '../../build/joy_control/joy_control.egg-info/SOURCES.txt'
[10.406s] adding license file 'LICENSE'
[10.409s] writing manifest file '../../build/joy_control/joy_control.egg-info/SOURCES.txt'
[10.410s] running build
[10.411s] running build_py
[10.412s] running install
[10.413s] running install_lib
[10.419s] running install_data
[10.420s] running install_egg_info
[10.428s] removing '/home/beachlbl/porter/ros2-ws-2024/install/joy_control/lib/python3.10/site-packages/joy_control-0.0.0-py3.10.egg-info' (and everything under it)
[10.432s] Copying ../../build/joy_control/joy_control.egg-info to /home/beachlbl/porter/ros2-ws-2024/install/joy_control/lib/python3.10/site-packages/joy_control-0.0.0-py3.10.egg-info
[10.439s] running install_scripts
[10.532s] Installing talker script to /home/beachlbl/porter/ros2-ws-2024/install/joy_control/lib/joy_control
[10.535s] writing list of installed files to '/home/beachlbl/porter/ros2-ws-2024/build/joy_control/install.log'
[11.528s] Invoked command in '/home/beachlbl/porter/ros2-ws-2024/src/joy_control' returned '0': PYTHONPATH=/home/beachlbl/porter/ros2-ws-2024/build/joy_control/prefix_override:/home/beachlbl/porter/ros2-ws-2024/install/joy_control/lib/python3.10/site-packages:${PYTHONPATH} /usr/bin/python3 -W ignore:setup.py install is deprecated setup.py egg_info --egg-base ../../build/joy_control build --build-base /home/beachlbl/porter/ros2-ws-2024/build/joy_control/build install --record /home/beachlbl/porter/ros2-ws-2024/build/joy_control/install.log --single-version-externally-managed install_data
