[7.635s] Invoking command in '/home/beachlbl/ros2-ws-2024/src/py_pubsub': PYTHONPATH=/home/beachlbl/ros2-ws-2024/build/py_pubsub/prefix_override:/home/beachlbl/ros2-ws-2024/install/py_pubsub/lib/python3.10/site-packages:${PYTHONPATH} /usr/bin/python3 -W ignore:setup.py install is deprecated setup.py egg_info --egg-base ../../build/py_pubsub build --build-base /home/beachlbl/ros2-ws-2024/build/py_pubsub/build install --record /home/beachlbl/ros2-ws-2024/build/py_pubsub/install.log --single-version-externally-managed install_data
[9.505s] running egg_info
[9.511s] writing ../../build/py_pubsub/py_pubsub.egg-info/PKG-INFO
[9.513s] writing dependency_links to ../../build/py_pubsub/py_pubsub.egg-info/dependency_links.txt
[9.514s] writing entry points to ../../build/py_pubsub/py_pubsub.egg-info/entry_points.txt
[9.517s] writing requirements to ../../build/py_pubsub/py_pubsub.egg-info/requires.txt
[9.518s] writing top-level names to ../../build/py_pubsub/py_pubsub.egg-info/top_level.txt
[9.530s] reading manifest file '../../build/py_pubsub/py_pubsub.egg-info/SOURCES.txt'
[9.533s] adding license file 'LICENSE'
[9.539s] writing manifest file '../../build/py_pubsub/py_pubsub.egg-info/SOURCES.txt'
[9.543s] running build
[9.545s] running build_py
[9.548s] running install
[9.551s] running install_lib
[9.560s] running install_data
[9.562s] running install_egg_info
[9.573s] removing '/home/beachlbl/ros2-ws-2024/install/py_pubsub/lib/python3.10/site-packages/py_pubsub-0.0.0-py3.10.egg-info' (and everything under it)
[9.576s] Copying ../../build/py_pubsub/py_pubsub.egg-info to /home/beachlbl/ros2-ws-2024/install/py_pubsub/lib/python3.10/site-packages/py_pubsub-0.0.0-py3.10.egg-info
[9.587s] running install_scripts
[9.731s] writing list of installed files to '/home/beachlbl/ros2-ws-2024/build/py_pubsub/install.log'
[9.995s] Invoked command in '/home/beachlbl/ros2-ws-2024/src/py_pubsub' returned '0': PYTHONPATH=/home/beachlbl/ros2-ws-2024/build/py_pubsub/prefix_override:/home/beachlbl/ros2-ws-2024/install/py_pubsub/lib/python3.10/site-packages:${PYTHONPATH} /usr/bin/python3 -W ignore:setup.py install is deprecated setup.py egg_info --egg-base ../../build/py_pubsub build --build-base /home/beachlbl/ros2-ws-2024/build/py_pubsub/build install --record /home/beachlbl/ros2-ws-2024/build/py_pubsub/install.log --single-version-externally-managed install_data
