[8.146s] Invoking command in '/home/beachlbl/porter/ros2-ws-2024/src/sensors': PYTHONPATH=/home/beachlbl/porter/ros2-ws-2024/build/sensors/prefix_override:/home/beachlbl/porter/ros2-ws-2024/install/sensors/lib/python3.10/site-packages:${PYTHONPATH} /usr/bin/python3 -W ignore:setup.py install is deprecated setup.py egg_info --egg-base ../../build/sensors build --build-base /home/beachlbl/porter/ros2-ws-2024/build/sensors/build install --record /home/beachlbl/porter/ros2-ws-2024/build/sensors/install.log --single-version-externally-managed install_data
[9.781s] running egg_info
[9.783s] writing ../../build/sensors/sensors.egg-info/PKG-INFO
[9.785s] writing dependency_links to ../../build/sensors/sensors.egg-info/dependency_links.txt
[9.786s] writing entry points to ../../build/sensors/sensors.egg-info/entry_points.txt
[9.788s] writing requirements to ../../build/sensors/sensors.egg-info/requires.txt
[9.789s] writing top-level names to ../../build/sensors/sensors.egg-info/top_level.txt
[9.800s] reading manifest file '../../build/sensors/sensors.egg-info/SOURCES.txt'
[9.802s] adding license file 'LICENSE'
[9.806s] writing manifest file '../../build/sensors/sensors.egg-info/SOURCES.txt'
[9.807s] running build
[9.809s] running build_py
[9.810s] copying sensors/sensors_sub.py -> /home/beachlbl/porter/ros2-ws-2024/build/sensors/build/lib/sensors
[9.812s] running install
[9.815s] running install_lib
[9.818s] copying /home/beachlbl/porter/ros2-ws-2024/build/sensors/build/lib/sensors/sensors_sub.py -> /home/beachlbl/porter/ros2-ws-2024/install/sensors/lib/python3.10/site-packages/sensors
[9.821s] byte-compiling /home/beachlbl/porter/ros2-ws-2024/install/sensors/lib/python3.10/site-packages/sensors/sensors_sub.py to sensors_sub.cpython-310.pyc
[9.825s] running install_data
[9.827s] running install_egg_info
[9.835s] removing '/home/beachlbl/porter/ros2-ws-2024/install/sensors/lib/python3.10/site-packages/sensors-0.0.0-py3.10.egg-info' (and everything under it)
[9.838s] Copying ../../build/sensors/sensors.egg-info to /home/beachlbl/porter/ros2-ws-2024/install/sensors/lib/python3.10/site-packages/sensors-0.0.0-py3.10.egg-info
[9.845s] running install_scripts
[9.980s] Installing sensors_sub script to /home/beachlbl/porter/ros2-ws-2024/install/sensors/lib/sensors
[9.983s] writing list of installed files to '/home/beachlbl/porter/ros2-ws-2024/build/sensors/install.log'
[10.206s] Invoked command in '/home/beachlbl/porter/ros2-ws-2024/src/sensors' returned '0': PYTHONPATH=/home/beachlbl/porter/ros2-ws-2024/build/sensors/prefix_override:/home/beachlbl/porter/ros2-ws-2024/install/sensors/lib/python3.10/site-packages:${PYTHONPATH} /usr/bin/python3 -W ignore:setup.py install is deprecated setup.py egg_info --egg-base ../../build/sensors build --build-base /home/beachlbl/porter/ros2-ws-2024/build/sensors/build install --record /home/beachlbl/porter/ros2-ws-2024/build/sensors/install.log --single-version-externally-managed install_data
