[1.512s] DEBUG:colcon:Command line arguments: ['/usr/bin/colcon', 'build', '--build-base', 'build', '--install-base', 'install', '--packages-select', 'joy_control']
[1.512s] DEBUG:colcon:Command line arguments: ['/usr/bin/colcon', 'build', '--build-base', 'build', '--install-base', 'install', '--packages-select', 'drive_ex']
[1.513s] DEBUG:colcon:Parsed command line arguments: Namespace(log_base=None, log_level=None, verb_name='build', build_base='/home/beachlbl/ros2-ws-2024/build', install_base='/home/beachlbl/ros2-ws-2024/install', merge_install=False, symlink_install=False, test_result_base=None, continue_on_error=False, executor='parallel', parallel_workers=4, event_handlers=None, ignore_user_meta=False, metas=['./colcon.meta'], base_paths=['.'], packages_ignore=None, packages_ignore_regex=None, paths=None, packages_up_to=None, packages_up_to_regex=None, packages_above=None, packages_above_and_dependencies=None, packages_above_depth=None, packages_select_by_dep=None, packages_skip_by_dep=None, packages_skip_up_to=None, packages_select_build_failed=False, packages_skip_build_finished=False, packages_select_test_failures=False, packages_skip_test_passed=False, packages_select=['drive_ex'], packages_skip=None, packages_select_regex=None, packages_skip_regex=None, packages_start=None, packages_end=None, allow_overriding=[], cmake_args=None, cmake_target=None, cmake_target_skip_unavailable=False, cmake_clean_cache=False, cmake_clean_first=False, cmake_force_configure=False, ament_cmake_args=None, catkin_cmake_args=None, catkin_skip_building_tests=False, verb_parser=<colcon_defaults.argument_parser.defaults.DefaultArgumentsDecorator object at 0xffffa1295120>, verb_extension=<colcon_core.verb.build.BuildVerb object at 0xffffa13a2650>, main=<bound method BuildVerb.main of <colcon_core.verb.build.BuildVerb object at 0xffffa13a2650>>)
[1.513s] DEBUG:colcon:Parsed command line arguments: Namespace(log_base=None, log_level=None, verb_name='build', build_base='/home/beachlbl/ros2-ws-2024/build', install_base='/home/beachlbl/ros2-ws-2024/install', merge_install=False, symlink_install=False, test_result_base=None, continue_on_error=False, executor='parallel', parallel_workers=4, event_handlers=None, ignore_user_meta=False, metas=['./colcon.meta'], base_paths=['.'], packages_ignore=None, packages_ignore_regex=None, paths=None, packages_up_to=None, packages_up_to_regex=None, packages_above=None, packages_above_and_dependencies=None, packages_above_depth=None, packages_select_by_dep=None, packages_skip_by_dep=None, packages_skip_up_to=None, packages_select_build_failed=False, packages_skip_build_finished=False, packages_select_test_failures=False, packages_skip_test_passed=False, packages_select=['joy_control'], packages_skip=None, packages_select_regex=None, packages_skip_regex=None, packages_start=None, packages_end=None, allow_overriding=[], cmake_args=None, cmake_target=None, cmake_target_skip_unavailable=False, cmake_clean_cache=False, cmake_clean_first=False, cmake_force_configure=False, ament_cmake_args=None, catkin_cmake_args=None, catkin_skip_building_tests=False, verb_parser=<colcon_defaults.argument_parser.defaults.DefaultArgumentsDecorator object at 0xffffb1bf5120>, verb_extension=<colcon_core.verb.build.BuildVerb object at 0xffffb1d02650>, main=<bound method BuildVerb.main of <colcon_core.verb.build.BuildVerb object at 0xffffb1d02650>>)
[3.067s] Level 1:colcon.colcon_core.package_discovery:discover_packages(colcon_meta) check parameters
[3.066s] Level 1:colcon.colcon_core.package_discovery:discover_packages(colcon_meta) check parameters
[3.067s] Level 1:colcon.colcon_core.package_discovery:discover_packages(recursive) check parameters
[3.067s] Level 1:colcon.colcon_core.package_discovery:discover_packages(recursive) check parameters
[3.068s] Level 1:colcon.colcon_core.package_discovery:discover_packages(ignore) check parameters
[3.068s] Level 1:colcon.colcon_core.package_discovery:discover_packages(ignore) check parameters
[3.068s] Level 1:colcon.colcon_core.package_discovery:discover_packages(path) check parameters
[3.068s] Level 1:colcon.colcon_core.package_discovery:discover_packages(path) check parameters
[3.068s] Level 1:colcon.colcon_core.package_discovery:discover_packages(colcon_meta) discover
[3.068s] Level 1:colcon.colcon_core.package_discovery:discover_packages(colcon_meta) discover
[3.068s] Level 1:colcon.colcon_core.package_discovery:discover_packages(recursive) discover
[3.068s] Level 1:colcon.colcon_core.package_discovery:discover_packages(recursive) discover
[3.068s] INFO:colcon.colcon_core.package_discovery:Crawling recursively for packages in '/home/beachlbl/ros2-ws-2024'
[3.069s] INFO:colcon.colcon_core.package_discovery:Crawling recursively for packages in '/home/beachlbl/ros2-ws-2024'
[3.069s] Level 1:colcon.colcon_core.package_identification:_identify(.) by extensions ['ignore', 'ignore_ament_install']
[3.069s] Level 1:colcon.colcon_core.package_identification:_identify(.) by extensions ['ignore', 'ignore_ament_install']
[3.070s] Level 1:colcon.colcon_core.package_identification:_identify(.) by extension 'ignore'
[3.069s] Level 1:colcon.colcon_core.package_identification:_identify(.) by extension 'ignore'
[3.070s] Level 1:colcon.colcon_core.package_identification:_identify(.) by extension 'ignore_ament_install'
[3.070s] Level 1:colcon.colcon_core.package_identification:_identify(.) by extension 'ignore_ament_install'
[3.070s] Level 1:colcon.colcon_core.package_identification:_identify(.) by extensions ['colcon_pkg']
[3.070s] Level 1:colcon.colcon_core.package_identification:_identify(.) by extensions ['colcon_pkg']
[3.071s] Level 1:colcon.colcon_core.package_identification:_identify(.) by extension 'colcon_pkg'
[3.070s] Level 1:colcon.colcon_core.package_identification:_identify(.) by extension 'colcon_pkg'
[3.071s] Level 1:colcon.colcon_core.package_identification:_identify(.) by extensions ['colcon_meta']
[3.071s] Level 1:colcon.colcon_core.package_identification:_identify(.) by extensions ['colcon_meta']
[3.071s] Level 1:colcon.colcon_core.package_identification:_identify(.) by extension 'colcon_meta'
[3.071s] Level 1:colcon.colcon_core.package_identification:_identify(.) by extension 'colcon_meta'
[3.071s] Level 1:colcon.colcon_core.package_identification:_identify(.) by extensions ['ros']
[3.071s] Level 1:colcon.colcon_core.package_identification:_identify(.) by extensions ['ros']
[3.071s] Level 1:colcon.colcon_core.package_identification:_identify(.) by extension 'ros'
[3.072s] Level 1:colcon.colcon_core.package_identification:_identify(.) by extension 'ros'
[3.178s] Level 1:colcon.colcon_core.package_identification:_identify(.) by extensions ['cmake', 'python']
[3.177s] Level 1:colcon.colcon_core.package_identification:_identify(.) by extensions ['cmake', 'python']
[3.178s] Level 1:colcon.colcon_core.package_identification:_identify(.) by extension 'cmake'
[3.178s] Level 1:colcon.colcon_core.package_identification:_identify(.) by extension 'cmake'
[3.178s] Level 1:colcon.colcon_core.package_identification:_identify(.) by extension 'python'
[3.178s] Level 1:colcon.colcon_core.package_identification:_identify(.) by extension 'python'
[3.178s] Level 1:colcon.colcon_core.package_identification:_identify(.) by extensions ['python_setup_py']
[3.178s] Level 1:colcon.colcon_core.package_identification:_identify(.) by extensions ['python_setup_py']
[3.179s] Level 1:colcon.colcon_core.package_identification:_identify(.) by extension 'python_setup_py'
[3.178s] Level 1:colcon.colcon_core.package_identification:_identify(.) by extension 'python_setup_py'
[3.179s] Level 1:colcon.colcon_core.package_identification:_identify(build) by extensions ['ignore', 'ignore_ament_install']
[3.179s] Level 1:colcon.colcon_core.package_identification:_identify(build) by extensions ['ignore', 'ignore_ament_install']
[3.180s] Level 1:colcon.colcon_core.package_identification:_identify(build) by extension 'ignore'
[3.180s] Level 1:colcon.colcon_core.package_identification:_identify(build) by extension 'ignore'
[3.180s] Level 1:colcon.colcon_core.package_identification:_identify(build) ignored
[3.180s] Level 1:colcon.colcon_core.package_identification:_identify(build) ignored
[3.181s] Level 1:colcon.colcon_core.package_identification:_identify(install) by extensions ['ignore', 'ignore_ament_install']
[3.181s] Level 1:colcon.colcon_core.package_identification:_identify(install) by extensions ['ignore', 'ignore_ament_install']
[3.181s] Level 1:colcon.colcon_core.package_identification:_identify(install) by extension 'ignore'
[3.181s] Level 1:colcon.colcon_core.package_identification:_identify(install) by extension 'ignore'
[3.181s] Level 1:colcon.colcon_core.package_identification:_identify(install) ignored
[3.181s] Level 1:colcon.colcon_core.package_identification:_identify(install) ignored
[3.183s] Level 1:colcon.colcon_core.package_identification:_identify(launch) by extensions ['ignore', 'ignore_ament_install']
[3.183s] Level 1:colcon.colcon_core.package_identification:_identify(launch) by extensions ['ignore', 'ignore_ament_install']
[3.183s] Level 1:colcon.colcon_core.package_identification:_identify(launch) by extension 'ignore'
[3.183s] Level 1:colcon.colcon_core.package_identification:_identify(launch) by extension 'ignore'
[3.184s] Level 1:colcon.colcon_core.package_identification:_identify(launch) by extension 'ignore_ament_install'
[3.183s] Level 1:colcon.colcon_core.package_identification:_identify(launch) by extension 'ignore_ament_install'
[3.184s] Level 1:colcon.colcon_core.package_identification:_identify(launch) by extensions ['colcon_pkg']
[3.184s] Level 1:colcon.colcon_core.package_identification:_identify(launch) by extensions ['colcon_pkg']
[3.184s] Level 1:colcon.colcon_core.package_identification:_identify(launch) by extension 'colcon_pkg'
[3.184s] Level 1:colcon.colcon_core.package_identification:_identify(launch) by extension 'colcon_pkg'
[3.184s] Level 1:colcon.colcon_core.package_identification:_identify(launch) by extensions ['colcon_meta']
[3.184s] Level 1:colcon.colcon_core.package_identification:_identify(launch) by extensions ['colcon_meta']
[3.184s] Level 1:colcon.colcon_core.package_identification:_identify(launch) by extension 'colcon_meta'
[3.185s] Level 1:colcon.colcon_core.package_identification:_identify(launch) by extension 'colcon_meta'
[3.185s] Level 1:colcon.colcon_core.package_identification:_identify(launch) by extensions ['ros']
[3.185s] Level 1:colcon.colcon_core.package_identification:_identify(launch) by extensions ['ros']
[3.185s] Level 1:colcon.colcon_core.package_identification:_identify(launch) by extension 'ros'
[3.185s] Level 1:colcon.colcon_core.package_identification:_identify(launch) by extension 'ros'
[3.185s] Level 1:colcon.colcon_core.package_identification:_identify(launch) by extensions ['cmake', 'python']
[3.185s] Level 1:colcon.colcon_core.package_identification:_identify(launch) by extensions ['cmake', 'python']
[3.185s] Level 1:colcon.colcon_core.package_identification:_identify(launch) by extension 'cmake'
[3.186s] Level 1:colcon.colcon_core.package_identification:_identify(launch) by extension 'cmake'
[3.186s] Level 1:colcon.colcon_core.package_identification:_identify(launch) by extension 'python'
[3.186s] Level 1:colcon.colcon_core.package_identification:_identify(launch) by extension 'python'
[3.186s] Level 1:colcon.colcon_core.package_identification:_identify(launch) by extensions ['python_setup_py']
[3.186s] Level 1:colcon.colcon_core.package_identification:_identify(launch) by extensions ['python_setup_py']
[3.186s] Level 1:colcon.colcon_core.package_identification:_identify(launch) by extension 'python_setup_py'
[3.186s] Level 1:colcon.colcon_core.package_identification:_identify(launch) by extension 'python_setup_py'
[3.187s] Level 1:colcon.colcon_core.package_identification:_identify(launch/__pycache__) by extensions ['ignore', 'ignore_ament_install']
[3.187s] Level 1:colcon.colcon_core.package_identification:_identify(launch/__pycache__) by extensions ['ignore', 'ignore_ament_install']
[3.188s] Level 1:colcon.colcon_core.package_identification:_identify(launch/__pycache__) by extension 'ignore'
[3.188s] Level 1:colcon.colcon_core.package_identification:_identify(launch/__pycache__) by extension 'ignore'
[3.188s] Level 1:colcon.colcon_core.package_identification:_identify(launch/__pycache__) by extension 'ignore_ament_install'
[3.188s] Level 1:colcon.colcon_core.package_identification:_identify(launch/__pycache__) by extension 'ignore_ament_install'
[3.189s] Level 1:colcon.colcon_core.package_identification:_identify(launch/__pycache__) by extensions ['colcon_pkg']
[3.188s] Level 1:colcon.colcon_core.package_identification:_identify(launch/__pycache__) by extensions ['colcon_pkg']
[3.189s] Level 1:colcon.colcon_core.package_identification:_identify(launch/__pycache__) by extension 'colcon_pkg'
[3.189s] Level 1:colcon.colcon_core.package_identification:_identify(launch/__pycache__) by extension 'colcon_pkg'
[3.189s] Level 1:colcon.colcon_core.package_identification:_identify(launch/__pycache__) by extensions ['colcon_meta']
[3.189s] Level 1:colcon.colcon_core.package_identification:_identify(launch/__pycache__) by extensions ['colcon_meta']
[3.189s] Level 1:colcon.colcon_core.package_identification:_identify(launch/__pycache__) by extension 'colcon_meta'
[3.189s] Level 1:colcon.colcon_core.package_identification:_identify(launch/__pycache__) by extension 'colcon_meta'
[3.189s] Level 1:colcon.colcon_core.package_identification:_identify(launch/__pycache__) by extensions ['ros']
[3.189s] Level 1:colcon.colcon_core.package_identification:_identify(launch/__pycache__) by extensions ['ros']
[3.189s] Level 1:colcon.colcon_core.package_identification:_identify(launch/__pycache__) by extension 'ros'
[3.189s] Level 1:colcon.colcon_core.package_identification:_identify(launch/__pycache__) by extension 'ros'
[3.190s] Level 1:colcon.colcon_core.package_identification:_identify(launch/__pycache__) by extensions ['cmake', 'python']
[3.190s] Level 1:colcon.colcon_core.package_identification:_identify(launch/__pycache__) by extensions ['cmake', 'python']
[3.190s] Level 1:colcon.colcon_core.package_identification:_identify(launch/__pycache__) by extension 'cmake'
[3.190s] Level 1:colcon.colcon_core.package_identification:_identify(launch/__pycache__) by extension 'cmake'
[3.190s] Level 1:colcon.colcon_core.package_identification:_identify(launch/__pycache__) by extension 'python'
[3.190s] Level 1:colcon.colcon_core.package_identification:_identify(launch/__pycache__) by extension 'python'
[3.190s] Level 1:colcon.colcon_core.package_identification:_identify(launch/__pycache__) by extensions ['python_setup_py']
[3.191s] Level 1:colcon.colcon_core.package_identification:_identify(launch/__pycache__) by extensions ['python_setup_py']
[3.191s] Level 1:colcon.colcon_core.package_identification:_identify(launch/__pycache__) by extension 'python_setup_py'
[3.191s] Level 1:colcon.colcon_core.package_identification:_identify(launch/__pycache__) by extension 'python_setup_py'
[3.207s] Level 1:colcon.colcon_core.package_identification:_identify(log) by extensions ['ignore', 'ignore_ament_install']
[3.207s] Level 1:colcon.colcon_core.package_identification:_identify(log) by extensions ['ignore', 'ignore_ament_install']
[3.208s] Level 1:colcon.colcon_core.package_identification:_identify(log) by extension 'ignore'
[3.208s] Level 1:colcon.colcon_core.package_identification:_identify(log) by extension 'ignore'
[3.208s] Level 1:colcon.colcon_core.package_identification:_identify(log) ignored
[3.208s] Level 1:colcon.colcon_core.package_identification:_identify(log) ignored
[3.209s] Level 1:colcon.colcon_core.package_identification:_identify(scripts) by extensions ['ignore', 'ignore_ament_install']
[3.209s] Level 1:colcon.colcon_core.package_identification:_identify(scripts) by extensions ['ignore', 'ignore_ament_install']
[3.209s] Level 1:colcon.colcon_core.package_identification:_identify(scripts) by extension 'ignore'
[3.209s] Level 1:colcon.colcon_core.package_identification:_identify(scripts) by extension 'ignore'
[3.210s] Level 1:colcon.colcon_core.package_identification:_identify(scripts) by extension 'ignore_ament_install'
[3.210s] Level 1:colcon.colcon_core.package_identification:_identify(scripts) by extension 'ignore_ament_install'
[3.210s] Level 1:colcon.colcon_core.package_identification:_identify(scripts) by extensions ['colcon_pkg']
[3.210s] Level 1:colcon.colcon_core.package_identification:_identify(scripts) by extensions ['colcon_pkg']
[3.210s] Level 1:colcon.colcon_core.package_identification:_identify(scripts) by extension 'colcon_pkg'
[3.210s] Level 1:colcon.colcon_core.package_identification:_identify(scripts) by extension 'colcon_pkg'
[3.211s] Level 1:colcon.colcon_core.package_identification:_identify(scripts) by extensions ['colcon_meta']
[3.210s] Level 1:colcon.colcon_core.package_identification:_identify(scripts) by extensions ['colcon_meta']
[3.211s] Level 1:colcon.colcon_core.package_identification:_identify(scripts) by extension 'colcon_meta'
[3.211s] Level 1:colcon.colcon_core.package_identification:_identify(scripts) by extension 'colcon_meta'
[3.211s] Level 1:colcon.colcon_core.package_identification:_identify(scripts) by extensions ['ros']
[3.211s] Level 1:colcon.colcon_core.package_identification:_identify(scripts) by extensions ['ros']
[3.211s] Level 1:colcon.colcon_core.package_identification:_identify(scripts) by extension 'ros'
[3.211s] Level 1:colcon.colcon_core.package_identification:_identify(scripts) by extension 'ros'
[3.212s] Level 1:colcon.colcon_core.package_identification:_identify(scripts) by extensions ['cmake', 'python']
[3.212s] Level 1:colcon.colcon_core.package_identification:_identify(scripts) by extensions ['cmake', 'python']
[3.212s] Level 1:colcon.colcon_core.package_identification:_identify(scripts) by extension 'cmake'
[3.212s] Level 1:colcon.colcon_core.package_identification:_identify(scripts) by extension 'cmake'
[3.212s] Level 1:colcon.colcon_core.package_identification:_identify(scripts) by extension 'python'
[3.212s] Level 1:colcon.colcon_core.package_identification:_identify(scripts) by extension 'python'
[3.213s] Level 1:colcon.colcon_core.package_identification:_identify(scripts) by extensions ['python_setup_py']
[3.212s] Level 1:colcon.colcon_core.package_identification:_identify(scripts) by extensions ['python_setup_py']
[3.213s] Level 1:colcon.colcon_core.package_identification:_identify(scripts) by extension 'python_setup_py'
[3.213s] Level 1:colcon.colcon_core.package_identification:_identify(scripts) by extension 'python_setup_py'
[3.214s] Level 1:colcon.colcon_core.package_identification:_identify(src) by extensions ['ignore', 'ignore_ament_install']
[3.214s] Level 1:colcon.colcon_core.package_identification:_identify(src) by extensions ['ignore', 'ignore_ament_install']
[3.214s] Level 1:colcon.colcon_core.package_identification:_identify(src) by extension 'ignore'
[3.214s] Level 1:colcon.colcon_core.package_identification:_identify(src) by extension 'ignore'
[3.215s] Level 1:colcon.colcon_core.package_identification:_identify(src) by extension 'ignore_ament_install'
[3.215s] Level 1:colcon.colcon_core.package_identification:_identify(src) by extension 'ignore_ament_install'
[3.215s] Level 1:colcon.colcon_core.package_identification:_identify(src) by extensions ['colcon_pkg']
[3.215s] Level 1:colcon.colcon_core.package_identification:_identify(src) by extensions ['colcon_pkg']
[3.215s] Level 1:colcon.colcon_core.package_identification:_identify(src) by extension 'colcon_pkg'
[3.215s] Level 1:colcon.colcon_core.package_identification:_identify(src) by extension 'colcon_pkg'
[3.216s] Level 1:colcon.colcon_core.package_identification:_identify(src) by extensions ['colcon_meta']
[3.215s] Level 1:colcon.colcon_core.package_identification:_identify(src) by extensions ['colcon_meta']
[3.216s] Level 1:colcon.colcon_core.package_identification:_identify(src) by extension 'colcon_meta'
[3.216s] Level 1:colcon.colcon_core.package_identification:_identify(src) by extension 'colcon_meta'
[3.216s] Level 1:colcon.colcon_core.package_identification:_identify(src) by extensions ['ros']
[3.216s] Level 1:colcon.colcon_core.package_identification:_identify(src) by extensions ['ros']
[3.216s] Level 1:colcon.colcon_core.package_identification:_identify(src) by extension 'ros'
[3.216s] Level 1:colcon.colcon_core.package_identification:_identify(src) by extension 'ros'
[3.217s] Level 1:colcon.colcon_core.package_identification:_identify(src) by extensions ['cmake', 'python']
[3.217s] Level 1:colcon.colcon_core.package_identification:_identify(src) by extensions ['cmake', 'python']
[3.217s] Level 1:colcon.colcon_core.package_identification:_identify(src) by extension 'cmake'
[3.217s] Level 1:colcon.colcon_core.package_identification:_identify(src) by extension 'cmake'
[3.217s] Level 1:colcon.colcon_core.package_identification:_identify(src) by extension 'python'
[3.217s] Level 1:colcon.colcon_core.package_identification:_identify(src) by extension 'python'
[3.217s] Level 1:colcon.colcon_core.package_identification:_identify(src) by extensions ['python_setup_py']
[3.217s] Level 1:colcon.colcon_core.package_identification:_identify(src) by extensions ['python_setup_py']
[3.218s] Level 1:colcon.colcon_core.package_identification:_identify(src) by extension 'python_setup_py'
[3.217s] Level 1:colcon.colcon_core.package_identification:_identify(src) by extension 'python_setup_py'
[3.219s] Level 1:colcon.colcon_core.package_identification:_identify(src/camera_test) by extensions ['ignore', 'ignore_ament_install']
[3.219s] Level 1:colcon.colcon_core.package_identification:_identify(src/camera_test) by extensions ['ignore', 'ignore_ament_install']
[3.219s] Level 1:colcon.colcon_core.package_identification:_identify(src/camera_test) by extension 'ignore'
[3.219s] Level 1:colcon.colcon_core.package_identification:_identify(src/camera_test) by extension 'ignore'
[3.220s] Level 1:colcon.colcon_core.package_identification:_identify(src/camera_test) by extension 'ignore_ament_install'
[3.220s] Level 1:colcon.colcon_core.package_identification:_identify(src/camera_test) by extension 'ignore_ament_install'
[3.220s] Level 1:colcon.colcon_core.package_identification:_identify(src/camera_test) by extensions ['colcon_pkg']
[3.220s] Level 1:colcon.colcon_core.package_identification:_identify(src/camera_test) by extensions ['colcon_pkg']
[3.220s] Level 1:colcon.colcon_core.package_identification:_identify(src/camera_test) by extension 'colcon_pkg'
[3.220s] Level 1:colcon.colcon_core.package_identification:_identify(src/camera_test) by extension 'colcon_pkg'
[3.221s] Level 1:colcon.colcon_core.package_identification:_identify(src/camera_test) by extensions ['colcon_meta']
[3.220s] Level 1:colcon.colcon_core.package_identification:_identify(src/camera_test) by extensions ['colcon_meta']
[3.221s] Level 1:colcon.colcon_core.package_identification:_identify(src/camera_test) by extension 'colcon_meta'
[3.221s] Level 1:colcon.colcon_core.package_identification:_identify(src/camera_test) by extension 'colcon_meta'
[3.221s] Level 1:colcon.colcon_core.package_identification:_identify(src/camera_test) by extensions ['ros']
[3.221s] Level 1:colcon.colcon_core.package_identification:_identify(src/camera_test) by extensions ['ros']
[3.221s] Level 1:colcon.colcon_core.package_identification:_identify(src/camera_test) by extension 'ros'
[3.221s] Level 1:colcon.colcon_core.package_identification:_identify(src/camera_test) by extension 'ros'
[3.237s] DEBUG:colcon.colcon_core.package_identification:Package 'src/camera_test' with type 'ros.ament_python' and name 'camera_test'
[3.236s] DEBUG:colcon.colcon_core.package_identification:Package 'src/camera_test' with type 'ros.ament_python' and name 'camera_test'
[3.238s] Level 1:colcon.colcon_core.package_identification:_identify(src/db_broker) by extensions ['ignore', 'ignore_ament_install']
[3.238s] Level 1:colcon.colcon_core.package_identification:_identify(src/db_broker) by extensions ['ignore', 'ignore_ament_install']
[3.239s] Level 1:colcon.colcon_core.package_identification:_identify(src/db_broker) by extension 'ignore'
[3.239s] Level 1:colcon.colcon_core.package_identification:_identify(src/db_broker) by extension 'ignore'
[3.239s] Level 1:colcon.colcon_core.package_identification:_identify(src/db_broker) by extension 'ignore_ament_install'
[3.239s] Level 1:colcon.colcon_core.package_identification:_identify(src/db_broker) by extension 'ignore_ament_install'
[3.240s] Level 1:colcon.colcon_core.package_identification:_identify(src/db_broker) by extensions ['colcon_pkg']
[3.240s] Level 1:colcon.colcon_core.package_identification:_identify(src/db_broker) by extensions ['colcon_pkg']
[3.240s] Level 1:colcon.colcon_core.package_identification:_identify(src/db_broker) by extension 'colcon_pkg'
[3.240s] Level 1:colcon.colcon_core.package_identification:_identify(src/db_broker) by extension 'colcon_pkg'
[3.240s] Level 1:colcon.colcon_core.package_identification:_identify(src/db_broker) by extensions ['colcon_meta']
[3.240s] Level 1:colcon.colcon_core.package_identification:_identify(src/db_broker) by extensions ['colcon_meta']
[3.240s] Level 1:colcon.colcon_core.package_identification:_identify(src/db_broker) by extension 'colcon_meta'
[3.240s] Level 1:colcon.colcon_core.package_identification:_identify(src/db_broker) by extension 'colcon_meta'
[3.241s] Level 1:colcon.colcon_core.package_identification:_identify(src/db_broker) by extensions ['ros']
[3.241s] Level 1:colcon.colcon_core.package_identification:_identify(src/db_broker) by extensions ['ros']
[3.241s] Level 1:colcon.colcon_core.package_identification:_identify(src/db_broker) by extension 'ros'
[3.241s] Level 1:colcon.colcon_core.package_identification:_identify(src/db_broker) by extension 'ros'
[3.244s] DEBUG:colcon.colcon_core.package_identification:Package 'src/db_broker' with type 'ros.ament_python' and name 'db_broker'
[3.244s] DEBUG:colcon.colcon_core.package_identification:Package 'src/db_broker' with type 'ros.ament_python' and name 'db_broker'
[3.246s] Level 1:colcon.colcon_core.package_identification:_identify(src/drive_cb) by extensions ['ignore', 'ignore_ament_install']
[3.246s] Level 1:colcon.colcon_core.package_identification:_identify(src/drive_cb) by extensions ['ignore', 'ignore_ament_install']
[3.246s] Level 1:colcon.colcon_core.package_identification:_identify(src/drive_cb) by extension 'ignore'
[3.246s] Level 1:colcon.colcon_core.package_identification:_identify(src/drive_cb) by extension 'ignore'
[3.246s] Level 1:colcon.colcon_core.package_identification:_identify(src/drive_cb) by extension 'ignore_ament_install'
[3.247s] Level 1:colcon.colcon_core.package_identification:_identify(src/drive_cb) by extension 'ignore_ament_install'
[3.247s] Level 1:colcon.colcon_core.package_identification:_identify(src/drive_cb) by extensions ['colcon_pkg']
[3.247s] Level 1:colcon.colcon_core.package_identification:_identify(src/drive_cb) by extensions ['colcon_pkg']
[3.247s] Level 1:colcon.colcon_core.package_identification:_identify(src/drive_cb) by extension 'colcon_pkg'
[3.247s] Level 1:colcon.colcon_core.package_identification:_identify(src/drive_cb) by extension 'colcon_pkg'
[3.247s] Level 1:colcon.colcon_core.package_identification:_identify(src/drive_cb) by extensions ['colcon_meta']
[3.248s] Level 1:colcon.colcon_core.package_identification:_identify(src/drive_cb) by extensions ['colcon_meta']
[3.248s] Level 1:colcon.colcon_core.package_identification:_identify(src/drive_cb) by extension 'colcon_meta'
[3.248s] Level 1:colcon.colcon_core.package_identification:_identify(src/drive_cb) by extension 'colcon_meta'
[3.248s] Level 1:colcon.colcon_core.package_identification:_identify(src/drive_cb) by extensions ['ros']
[3.248s] Level 1:colcon.colcon_core.package_identification:_identify(src/drive_cb) by extensions ['ros']
[3.248s] Level 1:colcon.colcon_core.package_identification:_identify(src/drive_cb) by extension 'ros'
[3.248s] Level 1:colcon.colcon_core.package_identification:_identify(src/drive_cb) by extension 'ros'
[3.251s] DEBUG:colcon.colcon_core.package_identification:Package 'src/drive_cb' with type 'ros.ament_python' and name 'drive_cb'
[3.251s] DEBUG:colcon.colcon_core.package_identification:Package 'src/drive_cb' with type 'ros.ament_python' and name 'drive_cb'
[3.253s] Level 1:colcon.colcon_core.package_identification:_identify(src/drive_ex) by extensions ['ignore', 'ignore_ament_install']
[3.253s] Level 1:colcon.colcon_core.package_identification:_identify(src/drive_ex) by extensions ['ignore', 'ignore_ament_install']
[3.253s] Level 1:colcon.colcon_core.package_identification:_identify(src/drive_ex) by extension 'ignore'
[3.253s] Level 1:colcon.colcon_core.package_identification:_identify(src/drive_ex) by extension 'ignore'
[3.253s] Level 1:colcon.colcon_core.package_identification:_identify(src/drive_ex) by extension 'ignore_ament_install'
[3.254s] Level 1:colcon.colcon_core.package_identification:_identify(src/drive_ex) by extension 'ignore_ament_install'
[3.254s] Level 1:colcon.colcon_core.package_identification:_identify(src/drive_ex) by extensions ['colcon_pkg']
[3.254s] Level 1:colcon.colcon_core.package_identification:_identify(src/drive_ex) by extensions ['colcon_pkg']
[3.254s] Level 1:colcon.colcon_core.package_identification:_identify(src/drive_ex) by extension 'colcon_pkg'
[3.254s] Level 1:colcon.colcon_core.package_identification:_identify(src/drive_ex) by extension 'colcon_pkg'
[3.254s] Level 1:colcon.colcon_core.package_identification:_identify(src/drive_ex) by extensions ['colcon_meta']
[3.254s] Level 1:colcon.colcon_core.package_identification:_identify(src/drive_ex) by extensions ['colcon_meta']
[3.254s] Level 1:colcon.colcon_core.package_identification:_identify(src/drive_ex) by extension 'colcon_meta'
[3.255s] Level 1:colcon.colcon_core.package_identification:_identify(src/drive_ex) by extension 'colcon_meta'
[3.255s] Level 1:colcon.colcon_core.package_identification:_identify(src/drive_ex) by extensions ['ros']
[3.255s] Level 1:colcon.colcon_core.package_identification:_identify(src/drive_ex) by extensions ['ros']
[3.255s] Level 1:colcon.colcon_core.package_identification:_identify(src/drive_ex) by extension 'ros'
[3.255s] Level 1:colcon.colcon_core.package_identification:_identify(src/drive_ex) by extension 'ros'
[3.258s] DEBUG:colcon.colcon_core.package_identification:Package 'src/drive_ex' with type 'ros.ament_python' and name 'drive_ex'
[3.258s] DEBUG:colcon.colcon_core.package_identification:Package 'src/drive_ex' with type 'ros.ament_python' and name 'drive_ex'
[3.260s] Level 1:colcon.colcon_core.package_identification:_identify(src/joy_control) by extensions ['ignore', 'ignore_ament_install']
[3.260s] Level 1:colcon.colcon_core.package_identification:_identify(src/joy_control) by extensions ['ignore', 'ignore_ament_install']
[3.260s] Level 1:colcon.colcon_core.package_identification:_identify(src/joy_control) by extension 'ignore'
[3.260s] Level 1:colcon.colcon_core.package_identification:_identify(src/joy_control) by extension 'ignore'
[3.261s] Level 1:colcon.colcon_core.package_identification:_identify(src/joy_control) by extension 'ignore_ament_install'
[3.260s] Level 1:colcon.colcon_core.package_identification:_identify(src/joy_control) by extension 'ignore_ament_install'
[3.261s] Level 1:colcon.colcon_core.package_identification:_identify(src/joy_control) by extensions ['colcon_pkg']
[3.261s] Level 1:colcon.colcon_core.package_identification:_identify(src/joy_control) by extensions ['colcon_pkg']
[3.261s] Level 1:colcon.colcon_core.package_identification:_identify(src/joy_control) by extension 'colcon_pkg'
[3.261s] Level 1:colcon.colcon_core.package_identification:_identify(src/joy_control) by extension 'colcon_pkg'
[3.261s] Level 1:colcon.colcon_core.package_identification:_identify(src/joy_control) by extensions ['colcon_meta']
[3.261s] Level 1:colcon.colcon_core.package_identification:_identify(src/joy_control) by extensions ['colcon_meta']
[3.262s] Level 1:colcon.colcon_core.package_identification:_identify(src/joy_control) by extension 'colcon_meta'
[3.261s] Level 1:colcon.colcon_core.package_identification:_identify(src/joy_control) by extension 'colcon_meta'
[3.262s] Level 1:colcon.colcon_core.package_identification:_identify(src/joy_control) by extensions ['ros']
[3.262s] Level 1:colcon.colcon_core.package_identification:_identify(src/joy_control) by extensions ['ros']
[3.262s] Level 1:colcon.colcon_core.package_identification:_identify(src/joy_control) by extension 'ros'
[3.262s] Level 1:colcon.colcon_core.package_identification:_identify(src/joy_control) by extension 'ros'
[3.265s] DEBUG:colcon.colcon_core.package_identification:Package 'src/joy_control' with type 'ros.ament_python' and name 'joy_control'
[3.265s] DEBUG:colcon.colcon_core.package_identification:Package 'src/joy_control' with type 'ros.ament_python' and name 'joy_control'
[3.266s] Level 1:colcon.colcon_core.package_identification:_identify(src/py_pubsub) by extensions ['ignore', 'ignore_ament_install']
[3.266s] Level 1:colcon.colcon_core.package_identification:_identify(src/py_pubsub) by extensions ['ignore', 'ignore_ament_install']
[3.267s] Level 1:colcon.colcon_core.package_identification:_identify(src/py_pubsub) by extension 'ignore'
[3.267s] Level 1:colcon.colcon_core.package_identification:_identify(src/py_pubsub) by extension 'ignore'
[3.267s] Level 1:colcon.colcon_core.package_identification:_identify(src/py_pubsub) by extension 'ignore_ament_install'
[3.267s] Level 1:colcon.colcon_core.package_identification:_identify(src/py_pubsub) by extension 'ignore_ament_install'
[3.267s] Level 1:colcon.colcon_core.package_identification:_identify(src/py_pubsub) by extensions ['colcon_pkg']
[3.268s] Level 1:colcon.colcon_core.package_identification:_identify(src/py_pubsub) by extensions ['colcon_pkg']
[3.268s] Level 1:colcon.colcon_core.package_identification:_identify(src/py_pubsub) by extension 'colcon_pkg'
[3.268s] Level 1:colcon.colcon_core.package_identification:_identify(src/py_pubsub) by extension 'colcon_pkg'
[3.268s] Level 1:colcon.colcon_core.package_identification:_identify(src/py_pubsub) by extensions ['colcon_meta']
[3.268s] Level 1:colcon.colcon_core.package_identification:_identify(src/py_pubsub) by extensions ['colcon_meta']
[3.268s] Level 1:colcon.colcon_core.package_identification:_identify(src/py_pubsub) by extension 'colcon_meta'
[3.268s] Level 1:colcon.colcon_core.package_identification:_identify(src/py_pubsub) by extension 'colcon_meta'
[3.268s] Level 1:colcon.colcon_core.package_identification:_identify(src/py_pubsub) by extensions ['ros']
[3.268s] Level 1:colcon.colcon_core.package_identification:_identify(src/py_pubsub) by extensions ['ros']
[3.269s] Level 1:colcon.colcon_core.package_identification:_identify(src/py_pubsub) by extension 'ros'
[3.268s] Level 1:colcon.colcon_core.package_identification:_identify(src/py_pubsub) by extension 'ros'
[3.271s] DEBUG:colcon.colcon_core.package_identification:Package 'src/py_pubsub' with type 'ros.ament_python' and name 'py_pubsub'
[3.271s] DEBUG:colcon.colcon_core.package_identification:Package 'src/py_pubsub' with type 'ros.ament_python' and name 'py_pubsub'
[3.273s] Level 1:colcon.colcon_core.package_identification:_identify(src/ui) by extensions ['ignore', 'ignore_ament_install']
[3.273s] Level 1:colcon.colcon_core.package_identification:_identify(src/ui) by extensions ['ignore', 'ignore_ament_install']
[3.274s] Level 1:colcon.colcon_core.package_identification:_identify(src/ui) by extension 'ignore'
[3.274s] Level 1:colcon.colcon_core.package_identification:_identify(src/ui) by extension 'ignore'
[3.274s] Level 1:colcon.colcon_core.package_identification:_identify(src/ui) by extension 'ignore_ament_install'
[3.274s] Level 1:colcon.colcon_core.package_identification:_identify(src/ui) by extension 'ignore_ament_install'
[3.274s] Level 1:colcon.colcon_core.package_identification:_identify(src/ui) by extensions ['colcon_pkg']
[3.274s] Level 1:colcon.colcon_core.package_identification:_identify(src/ui) by extensions ['colcon_pkg']
[3.275s] Level 1:colcon.colcon_core.package_identification:_identify(src/ui) by extension 'colcon_pkg'
[3.274s] Level 1:colcon.colcon_core.package_identification:_identify(src/ui) by extension 'colcon_pkg'
[3.275s] Level 1:colcon.colcon_core.package_identification:_identify(src/ui) by extensions ['colcon_meta']
[3.275s] Level 1:colcon.colcon_core.package_identification:_identify(src/ui) by extensions ['colcon_meta']
[3.275s] Level 1:colcon.colcon_core.package_identification:_identify(src/ui) by extension 'colcon_meta'
[3.275s] Level 1:colcon.colcon_core.package_identification:_identify(src/ui) by extension 'colcon_meta'
[3.275s] Level 1:colcon.colcon_core.package_identification:_identify(src/ui) by extensions ['ros']
[3.275s] Level 1:colcon.colcon_core.package_identification:_identify(src/ui) by extensions ['ros']
[3.275s] Level 1:colcon.colcon_core.package_identification:_identify(src/ui) by extension 'ros'
[3.276s] Level 1:colcon.colcon_core.package_identification:_identify(src/ui) by extension 'ros'
[3.279s] DEBUG:colcon.colcon_core.package_identification:Package 'src/ui' with type 'ros.ament_python' and name 'ui'
[3.279s] DEBUG:colcon.colcon_core.package_identification:Package 'src/ui' with type 'ros.ament_python' and name 'ui'
[3.280s] Level 1:colcon.colcon_core.package_discovery:discover_packages(recursive) using defaults
[3.279s] Level 1:colcon.colcon_core.package_discovery:discover_packages(recursive) using defaults
[3.280s] Level 1:colcon.colcon_core.package_discovery:discover_packages(ignore) discover
[3.280s] Level 1:colcon.colcon_core.package_discovery:discover_packages(ignore) discover
[3.280s] Level 1:colcon.colcon_core.package_discovery:discover_packages(ignore) using defaults
[3.280s] Level 1:colcon.colcon_core.package_discovery:discover_packages(ignore) using defaults
[3.280s] Level 1:colcon.colcon_core.package_discovery:discover_packages(path) discover
[3.280s] Level 1:colcon.colcon_core.package_discovery:discover_packages(path) discover
[3.280s] Level 1:colcon.colcon_core.package_discovery:discover_packages(path) using defaults
[3.280s] Level 1:colcon.colcon_core.package_discovery:discover_packages(path) using defaults
[3.496s] INFO:colcon.colcon_core.package_selection:Skipping not selected package 'camera_test' in 'src/camera_test'
[3.497s] INFO:colcon.colcon_core.package_selection:Skipping not selected package 'camera_test' in 'src/camera_test'
[3.497s] INFO:colcon.colcon_core.package_selection:Skipping not selected package 'db_broker' in 'src/db_broker'
[3.497s] INFO:colcon.colcon_core.package_selection:Skipping not selected package 'db_broker' in 'src/db_broker'
[3.497s] INFO:colcon.colcon_core.package_selection:Skipping not selected package 'drive_cb' in 'src/drive_cb'
[3.497s] INFO:colcon.colcon_core.package_selection:Skipping not selected package 'drive_cb' in 'src/drive_cb'
[3.497s] INFO:colcon.colcon_core.package_selection:Skipping not selected package 'joy_control' in 'src/joy_control'
[3.497s] INFO:colcon.colcon_core.package_selection:Skipping not selected package 'drive_ex' in 'src/drive_ex'
[3.497s] INFO:colcon.colcon_core.package_selection:Skipping not selected package 'py_pubsub' in 'src/py_pubsub'
[3.497s] INFO:colcon.colcon_core.package_selection:Skipping not selected package 'py_pubsub' in 'src/py_pubsub'
[3.497s] INFO:colcon.colcon_core.package_selection:Skipping not selected package 'ui' in 'src/ui'
[3.498s] INFO:colcon.colcon_core.package_selection:Skipping not selected package 'ui' in 'src/ui'
[3.501s] Level 1:colcon.colcon_core.package_discovery:discover_packages(prefix_path) check parameters
[3.501s] Level 1:colcon.colcon_core.package_discovery:discover_packages(prefix_path) check parameters
[3.501s] Level 1:colcon.colcon_core.package_discovery:discover_packages(prefix_path) discover
[3.501s] Level 1:colcon.colcon_core.package_discovery:discover_packages(prefix_path) discover
[3.521s] DEBUG:colcon.colcon_installed_package_information.package_discovery:Found 7 installed packages in /home/beachlbl/ros2-ws-2024/install
[3.521s] DEBUG:colcon.colcon_installed_package_information.package_discovery:Found 7 installed packages in /home/beachlbl/ros2-ws-2024/install
[3.532s] DEBUG:colcon.colcon_installed_package_information.package_discovery:Found 287 installed packages in /opt/ros/iron
[3.532s] DEBUG:colcon.colcon_installed_package_information.package_discovery:Found 287 installed packages in /opt/ros/iron
[3.539s] Level 1:colcon.colcon_core.package_discovery:discover_packages(prefix_path) using defaults
[3.539s] Level 1:colcon.colcon_core.package_discovery:discover_packages(prefix_path) using defaults
[3.777s] Level 5:colcon.colcon_core.verb:set package 'joy_control' build argument 'cmake_args' from command line to 'None'
[3.777s] Level 5:colcon.colcon_core.verb:set package 'joy_control' build argument 'cmake_target' from command line to 'None'
[3.778s] Level 5:colcon.colcon_core.verb:set package 'joy_control' build argument 'cmake_target_skip_unavailable' from command line to 'False'
[3.778s] Level 5:colcon.colcon_core.verb:set package 'joy_control' build argument 'cmake_clean_cache' from command line to 'False'
[3.778s] Level 5:colcon.colcon_core.verb:set package 'joy_control' build argument 'cmake_clean_first' from command line to 'False'
[3.778s] Level 5:colcon.colcon_core.verb:set package 'joy_control' build argument 'cmake_force_configure' from command line to 'False'
[3.778s] Level 5:colcon.colcon_core.verb:set package 'joy_control' build argument 'ament_cmake_args' from command line to 'None'
[3.778s] Level 5:colcon.colcon_core.verb:set package 'joy_control' build argument 'catkin_cmake_args' from command line to 'None'
[3.778s] Level 5:colcon.colcon_core.verb:set package 'joy_control' build argument 'catkin_skip_building_tests' from command line to 'False'
[3.779s] DEBUG:colcon.colcon_core.verb:Building package 'joy_control' with the following arguments: {'ament_cmake_args': None, 'build_base': '/home/beachlbl/ros2-ws-2024/build/joy_control', 'catkin_cmake_args': None, 'catkin_skip_building_tests': False, 'cmake_args': None, 'cmake_clean_cache': False, 'cmake_clean_first': False, 'cmake_force_configure': False, 'cmake_target': None, 'cmake_target_skip_unavailable': False, 'install_base': '/home/beachlbl/ros2-ws-2024/install/joy_control', 'merge_install': False, 'path': '/home/beachlbl/ros2-ws-2024/src/joy_control', 'symlink_install': False, 'test_result_base': None}
[3.779s] INFO:colcon.colcon_core.executor:Executing jobs using 'parallel' executor
[3.780s] Level 5:colcon.colcon_core.verb:set package 'drive_ex' build argument 'cmake_args' from command line to 'None'
[3.780s] Level 5:colcon.colcon_core.verb:set package 'drive_ex' build argument 'cmake_target' from command line to 'None'
[3.780s] Level 5:colcon.colcon_core.verb:set package 'drive_ex' build argument 'cmake_target_skip_unavailable' from command line to 'False'
[3.780s] Level 5:colcon.colcon_core.verb:set package 'drive_ex' build argument 'cmake_clean_cache' from command line to 'False'
[3.780s] Level 5:colcon.colcon_core.verb:set package 'drive_ex' build argument 'cmake_clean_first' from command line to 'False'
[3.780s] Level 5:colcon.colcon_core.verb:set package 'drive_ex' build argument 'cmake_force_configure' from command line to 'False'
[3.780s] Level 5:colcon.colcon_core.verb:set package 'drive_ex' build argument 'ament_cmake_args' from command line to 'None'
[3.781s] Level 5:colcon.colcon_core.verb:set package 'drive_ex' build argument 'catkin_cmake_args' from command line to 'None'
[3.781s] Level 5:colcon.colcon_core.verb:set package 'drive_ex' build argument 'catkin_skip_building_tests' from command line to 'False'
[3.781s] DEBUG:colcon.colcon_core.verb:Building package 'drive_ex' with the following arguments: {'ament_cmake_args': None, 'build_base': '/home/beachlbl/ros2-ws-2024/build/drive_ex', 'catkin_cmake_args': None, 'catkin_skip_building_tests': False, 'cmake_args': None, 'cmake_clean_cache': False, 'cmake_clean_first': False, 'cmake_force_configure': False, 'cmake_target': None, 'cmake_target_skip_unavailable': False, 'install_base': '/home/beachlbl/ros2-ws-2024/install/drive_ex', 'merge_install': False, 'path': '/home/beachlbl/ros2-ws-2024/src/drive_ex', 'symlink_install': False, 'test_result_base': None}
[3.782s] INFO:colcon.colcon_core.executor:Executing jobs using 'parallel' executor
[3.783s] DEBUG:colcon.colcon_parallel_executor.executor.parallel:run_until_complete
[3.784s] INFO:colcon.colcon_ros.task.ament_python.build:Building ROS package in '/home/beachlbl/ros2-ws-2024/src/joy_control' with build type 'ament_python'
[3.785s] Level 1:colcon.colcon_core.shell:create_environment_hook('joy_control', 'ament_prefix_path')
[3.785s] DEBUG:colcon.colcon_parallel_executor.executor.parallel:run_until_complete
[3.787s] INFO:colcon.colcon_ros.task.ament_python.build:Building ROS package in '/home/beachlbl/ros2-ws-2024/src/drive_ex' with build type 'ament_python'
[3.787s] Level 1:colcon.colcon_core.shell:create_environment_hook('drive_ex', 'ament_prefix_path')
[3.812s] INFO:colcon.colcon_core.plugin_system:Skipping extension 'colcon_core.shell.bat': Not used on non-Windows systems
[3.812s] INFO:colcon.colcon_core.plugin_system:Skipping extension 'colcon_core.shell.bat': Not used on non-Windows systems
[3.813s] INFO:colcon.colcon_core.shell:Creating environment hook '/home/beachlbl/ros2-ws-2024/install/joy_control/share/joy_control/hook/ament_prefix_path.ps1'
[3.813s] INFO:colcon.colcon_core.shell:Creating environment hook '/home/beachlbl/ros2-ws-2024/install/drive_ex/share/drive_ex/hook/ament_prefix_path.ps1'
[3.818s] INFO:colcon.colcon_core.shell:Creating environment descriptor '/home/beachlbl/ros2-ws-2024/install/drive_ex/share/drive_ex/hook/ament_prefix_path.dsv'
[3.819s] INFO:colcon.colcon_core.shell:Creating environment descriptor '/home/beachlbl/ros2-ws-2024/install/joy_control/share/joy_control/hook/ament_prefix_path.dsv'
[3.823s] INFO:colcon.colcon_core.shell:Creating environment hook '/home/beachlbl/ros2-ws-2024/install/drive_ex/share/drive_ex/hook/ament_prefix_path.sh'
[3.823s] INFO:colcon.colcon_core.shell:Creating environment hook '/home/beachlbl/ros2-ws-2024/install/joy_control/share/joy_control/hook/ament_prefix_path.sh'
[3.853s] INFO:colcon.colcon_core.shell:Skip shell extension 'powershell' for command environment: Not usable outside of PowerShell
[3.853s] INFO:colcon.colcon_core.shell:Skip shell extension 'powershell' for command environment: Not usable outside of PowerShell
[3.854s] DEBUG:colcon.colcon_core.shell:Skip shell extension 'dsv' for command environment
[3.854s] DEBUG:colcon.colcon_core.shell:Skip shell extension 'dsv' for command environment
[5.371s] INFO:colcon.colcon_core.task.python.build:Building Python package in '/home/beachlbl/ros2-ws-2024/src/drive_ex'
[5.372s] INFO:colcon.colcon_core.task.python.build:Building Python package in '/home/beachlbl/ros2-ws-2024/src/joy_control'
[5.373s] INFO:colcon.colcon_core.shell:Skip shell extension 'powershell' for command environment: Not usable outside of PowerShell
[5.373s] INFO:colcon.colcon_core.shell:Skip shell extension 'powershell' for command environment: Not usable outside of PowerShell
[5.373s] DEBUG:colcon.colcon_core.shell:Skip shell extension 'dsv' for command environment
[5.373s] DEBUG:colcon.colcon_core.shell:Skip shell extension 'dsv' for command environment
[7.955s] DEBUG:colcon.colcon_core.event_handler.log_command:Invoking command in '/home/beachlbl/ros2-ws-2024/src/joy_control': PYTHONPATH=/home/beachlbl/ros2-ws-2024/build/joy_control/prefix_override:/home/beachlbl/ros2-ws-2024/install/joy_control/lib/python3.10/site-packages:${PYTHONPATH} /usr/bin/python3 -W ignore:setup.py install is deprecated setup.py egg_info --egg-base ../../build/joy_control build --build-base /home/beachlbl/ros2-ws-2024/build/joy_control/build install --record /home/beachlbl/ros2-ws-2024/build/joy_control/install.log --single-version-externally-managed install_data
[7.955s] DEBUG:colcon.colcon_core.event_handler.log_command:Invoking command in '/home/beachlbl/ros2-ws-2024/src/drive_ex': PYTHONPATH=/home/beachlbl/ros2-ws-2024/build/drive_ex/prefix_override:/home/beachlbl/ros2-ws-2024/install/drive_ex/lib/python3.10/site-packages:${PYTHONPATH} /usr/bin/python3 -W ignore:setup.py install is deprecated setup.py egg_info --egg-base ../../build/drive_ex build --build-base /home/beachlbl/ros2-ws-2024/build/drive_ex/build install --record /home/beachlbl/ros2-ws-2024/build/drive_ex/install.log --single-version-externally-managed install_data
[9.610s] DEBUG:colcon.colcon_core.event_handler.log_command:Invoked command in '/home/beachlbl/ros2-ws-2024/src/joy_control' returned '0': PYTHONPATH=/home/beachlbl/ros2-ws-2024/build/joy_control/prefix_override:/home/beachlbl/ros2-ws-2024/install/joy_control/lib/python3.10/site-packages:${PYTHONPATH} /usr/bin/python3 -W ignore:setup.py install is deprecated setup.py egg_info --egg-base ../../build/joy_control build --build-base /home/beachlbl/ros2-ws-2024/build/joy_control/build install --record /home/beachlbl/ros2-ws-2024/build/joy_control/install.log --single-version-externally-managed install_data
[9.617s] DEBUG:colcon.colcon_core.event_handler.log_command:Invoked command in '/home/beachlbl/ros2-ws-2024/src/drive_ex' returned '0': PYTHONPATH=/home/beachlbl/ros2-ws-2024/build/drive_ex/prefix_override:/home/beachlbl/ros2-ws-2024/install/drive_ex/lib/python3.10/site-packages:${PYTHONPATH} /usr/bin/python3 -W ignore:setup.py install is deprecated setup.py egg_info --egg-base ../../build/drive_ex build --build-base /home/beachlbl/ros2-ws-2024/build/drive_ex/build install --record /home/beachlbl/ros2-ws-2024/build/drive_ex/install.log --single-version-externally-managed install_data
[9.651s] Level 1:colcon.colcon_core.environment:checking '/home/beachlbl/ros2-ws-2024/install/joy_control' for CMake module files
[9.651s] Level 1:colcon.colcon_core.environment:checking '/home/beachlbl/ros2-ws-2024/install/drive_ex' for CMake module files
[9.654s] Level 1:colcon.colcon_core.environment:checking '/home/beachlbl/ros2-ws-2024/install/drive_ex' for CMake config files
[9.654s] Level 1:colcon.colcon_core.environment:checking '/home/beachlbl/ros2-ws-2024/install/joy_control' for CMake config files
[9.659s] Level 1:colcon.colcon_core.environment:checking '/home/beachlbl/ros2-ws-2024/install/drive_ex/lib'
[9.659s] Level 1:colcon.colcon_core.environment:checking '/home/beachlbl/ros2-ws-2024/install/joy_control/lib'
[9.660s] Level 1:colcon.colcon_core.environment:checking '/home/beachlbl/ros2-ws-2024/install/joy_control/bin'
[9.660s] Level 1:colcon.colcon_core.environment:checking '/home/beachlbl/ros2-ws-2024/install/drive_ex/bin'
[9.660s] Level 1:colcon.colcon_core.environment:checking '/home/beachlbl/ros2-ws-2024/install/joy_control/lib/pkgconfig/joy_control.pc'
[9.660s] Level 1:colcon.colcon_core.environment:checking '/home/beachlbl/ros2-ws-2024/install/drive_ex/lib/pkgconfig/drive_ex.pc'
[9.662s] Level 1:colcon.colcon_core.environment:checking '/home/beachlbl/ros2-ws-2024/install/joy_control/lib/python3.10/site-packages'
[9.661s] Level 1:colcon.colcon_core.environment:checking '/home/beachlbl/ros2-ws-2024/install/drive_ex/lib/python3.10/site-packages'
[9.662s] Level 1:colcon.colcon_core.shell:create_environment_hook('joy_control', 'pythonpath')
[9.662s] Level 1:colcon.colcon_core.shell:create_environment_hook('drive_ex', 'pythonpath')
[9.663s] INFO:colcon.colcon_core.shell:Creating environment hook '/home/beachlbl/ros2-ws-2024/install/joy_control/share/joy_control/hook/pythonpath.ps1'
[9.663s] INFO:colcon.colcon_core.shell:Creating environment hook '/home/beachlbl/ros2-ws-2024/install/drive_ex/share/drive_ex/hook/pythonpath.ps1'
[9.665s] INFO:colcon.colcon_core.shell:Creating environment descriptor '/home/beachlbl/ros2-ws-2024/install/drive_ex/share/drive_ex/hook/pythonpath.dsv'
[9.665s] INFO:colcon.colcon_core.shell:Creating environment descriptor '/home/beachlbl/ros2-ws-2024/install/joy_control/share/joy_control/hook/pythonpath.dsv'
[9.667s] INFO:colcon.colcon_core.shell:Creating environment hook '/home/beachlbl/ros2-ws-2024/install/joy_control/share/joy_control/hook/pythonpath.sh'
[9.667s] INFO:colcon.colcon_core.shell:Creating environment hook '/home/beachlbl/ros2-ws-2024/install/drive_ex/share/drive_ex/hook/pythonpath.sh'
[9.670s] Level 1:colcon.colcon_core.environment:checking '/home/beachlbl/ros2-ws-2024/install/joy_control/bin'
[9.670s] Level 1:colcon.colcon_core.environment:checking '/home/beachlbl/ros2-ws-2024/install/drive_ex/bin'
[9.671s] Level 1:colcon.colcon_core.environment:create_environment_scripts_only(drive_ex)
[9.671s] Level 1:colcon.colcon_core.environment:create_environment_scripts_only(joy_control)
[9.672s] INFO:colcon.colcon_core.shell:Creating package script '/home/beachlbl/ros2-ws-2024/install/drive_ex/share/drive_ex/package.ps1'
[9.672s] INFO:colcon.colcon_core.shell:Creating package script '/home/beachlbl/ros2-ws-2024/install/joy_control/share/joy_control/package.ps1'
[9.687s] INFO:colcon.colcon_core.shell:Creating package descriptor '/home/beachlbl/ros2-ws-2024/install/drive_ex/share/drive_ex/package.dsv'
[9.687s] INFO:colcon.colcon_core.shell:Creating package descriptor '/home/beachlbl/ros2-ws-2024/install/joy_control/share/joy_control/package.dsv'
[9.697s] INFO:colcon.colcon_core.shell:Creating package script '/home/beachlbl/ros2-ws-2024/install/joy_control/share/joy_control/package.sh'
[9.696s] INFO:colcon.colcon_core.shell:Creating package script '/home/beachlbl/ros2-ws-2024/install/drive_ex/share/drive_ex/package.sh'
[9.707s] INFO:colcon.colcon_core.shell:Creating package script '/home/beachlbl/ros2-ws-2024/install/joy_control/share/joy_control/package.bash'
[9.707s] INFO:colcon.colcon_core.shell:Creating package script '/home/beachlbl/ros2-ws-2024/install/drive_ex/share/drive_ex/package.bash'
[9.717s] INFO:colcon.colcon_core.shell:Creating package script '/home/beachlbl/ros2-ws-2024/install/joy_control/share/joy_control/package.zsh'
[9.717s] INFO:colcon.colcon_core.shell:Creating package script '/home/beachlbl/ros2-ws-2024/install/drive_ex/share/drive_ex/package.zsh'
[9.728s] Level 1:colcon.colcon_core.environment:create_file_with_runtime_dependencies(/home/beachlbl/ros2-ws-2024/install/drive_ex/share/colcon-core/packages/drive_ex)
[9.728s] Level 1:colcon.colcon_core.environment:create_file_with_runtime_dependencies(/home/beachlbl/ros2-ws-2024/install/joy_control/share/colcon-core/packages/joy_control)
[9.730s] DEBUG:colcon.colcon_parallel_executor.executor.parallel:closing loop
[9.730s] DEBUG:colcon.colcon_parallel_executor.executor.parallel:closing loop
[9.732s] DEBUG:colcon.colcon_parallel_executor.executor.parallel:loop closed
[9.732s] DEBUG:colcon.colcon_parallel_executor.executor.parallel:loop closed
[9.732s] DEBUG:colcon.colcon_parallel_executor.executor.parallel:run_until_complete finished with '0'
[9.732s] DEBUG:colcon.colcon_parallel_executor.executor.parallel:run_until_complete finished with '0'
[9.733s] DEBUG:colcon.colcon_core.event_reactor:joining thread
[9.733s] DEBUG:colcon.colcon_core.event_reactor:joining thread
[9.766s] INFO:colcon.colcon_core.plugin_system:Skipping extension 'colcon_notification.desktop_notification.terminal_notifier': Not used on non-Darwin systems
[9.766s] INFO:colcon.colcon_core.plugin_system:Skipping extension 'colcon_notification.desktop_notification.terminal_notifier': Not used on non-Darwin systems
[9.766s] INFO:colcon.colcon_core.plugin_system:Skipping extension 'colcon_notification.desktop_notification.win32': Not used on non-Windows systems
[9.766s] INFO:colcon.colcon_core.plugin_system:Skipping extension 'colcon_notification.desktop_notification.win32': Not used on non-Windows systems
[9.767s] INFO:colcon.colcon_notification.desktop_notification:Sending desktop notification using 'notify2'
[9.766s] INFO:colcon.colcon_notification.desktop_notification:Sending desktop notification using 'notify2'
[9.799s] DEBUG:colcon.colcon_notification.desktop_notification.notify2:Failed to initialize notify2: org.freedesktop.DBus.Error.ServiceUnknown: The name org.freedesktop.Notifications was not provided by any .service files
[9.800s] DEBUG:colcon.colcon_core.event_reactor:joined thread
[9.800s] DEBUG:colcon.colcon_notification.desktop_notification.notify2:Failed to initialize notify2: org.freedesktop.DBus.Error.ServiceUnknown: The name org.freedesktop.Notifications was not provided by any .service files
[9.801s] DEBUG:colcon.colcon_core.event_reactor:joined thread
[9.801s] INFO:colcon.colcon_core.shell:Creating prefix script '/home/beachlbl/ros2-ws-2024/install/local_setup.ps1'
[9.803s] INFO:colcon.colcon_core.shell:Creating prefix script '/home/beachlbl/ros2-ws-2024/install/local_setup.ps1'
[9.806s] INFO:colcon.colcon_core.shell:Creating prefix util module '/home/beachlbl/ros2-ws-2024/install/_local_setup_util_ps1.py'
[9.807s] INFO:colcon.colcon_core.shell:Creating prefix util module '/home/beachlbl/ros2-ws-2024/install/_local_setup_util_ps1.py'
[9.814s] INFO:colcon.colcon_core.shell:Creating prefix chain script '/home/beachlbl/ros2-ws-2024/install/setup.ps1'
[9.814s] INFO:colcon.colcon_core.shell:Creating prefix chain script '/home/beachlbl/ros2-ws-2024/install/setup.ps1'
[9.821s] INFO:colcon.colcon_core.shell:Creating prefix script '/home/beachlbl/ros2-ws-2024/install/local_setup.sh'
[9.821s] INFO:colcon.colcon_core.shell:Creating prefix script '/home/beachlbl/ros2-ws-2024/install/local_setup.sh'
[9.825s] INFO:colcon.colcon_core.shell:Creating prefix util module '/home/beachlbl/ros2-ws-2024/install/_local_setup_util_sh.py'
[9.825s] INFO:colcon.colcon_core.shell:Creating prefix util module '/home/beachlbl/ros2-ws-2024/install/_local_setup_util_sh.py'
[9.828s] INFO:colcon.colcon_core.shell:Creating prefix chain script '/home/beachlbl/ros2-ws-2024/install/setup.sh'
[9.828s] INFO:colcon.colcon_core.shell:Creating prefix chain script '/home/beachlbl/ros2-ws-2024/install/setup.sh'
[9.834s] INFO:colcon.colcon_core.shell:Creating prefix script '/home/beachlbl/ros2-ws-2024/install/local_setup.bash'
[9.835s] INFO:colcon.colcon_core.shell:Creating prefix script '/home/beachlbl/ros2-ws-2024/install/local_setup.bash'
[9.838s] INFO:colcon.colcon_core.shell:Creating prefix chain script '/home/beachlbl/ros2-ws-2024/install/setup.bash'
[9.838s] INFO:colcon.colcon_core.shell:Creating prefix chain script '/home/beachlbl/ros2-ws-2024/install/setup.bash'
[9.845s] INFO:colcon.colcon_core.shell:Creating prefix script '/home/beachlbl/ros2-ws-2024/install/local_setup.zsh'
[9.845s] INFO:colcon.colcon_core.shell:Creating prefix script '/home/beachlbl/ros2-ws-2024/install/local_setup.zsh'
[9.851s] INFO:colcon.colcon_core.shell:Creating prefix chain script '/home/beachlbl/ros2-ws-2024/install/setup.zsh'
[9.852s] INFO:colcon.colcon_core.shell:Creating prefix chain script '/home/beachlbl/ros2-ws-2024/install/setup.zsh'
