[7.659s] Invoking command in '/home/beachlbl/porter/ros2-ws-2024/src/ui': PYTHONPATH=/home/beachlbl/porter/ros2-ws-2024/build/ui/prefix_override:/home/beachlbl/porter/ros2-ws-2024/install/ui/lib/python3.10/site-packages:${PYTHONPATH} /usr/bin/python3 -W ignore:setup.py install is deprecated setup.py egg_info --egg-base ../../build/ui build --build-base /home/beachlbl/porter/ros2-ws-2024/build/ui/build install --record /home/beachlbl/porter/ros2-ws-2024/build/ui/install.log --single-version-externally-managed install_data
[9.317s] running egg_info
[9.320s] writing ../../build/ui/ui.egg-info/PKG-INFO
[9.321s] writing dependency_links to ../../build/ui/ui.egg-info/dependency_links.txt
[9.322s] writing entry points to ../../build/ui/ui.egg-info/entry_points.txt
[9.323s] writing requirements to ../../build/ui/ui.egg-info/requires.txt
[9.325s] writing top-level names to ../../build/ui/ui.egg-info/top_level.txt
[9.335s] reading manifest file '../../build/ui/ui.egg-info/SOURCES.txt'
[9.337s] adding license file 'LICENSE'
[9.341s] writing manifest file '../../build/ui/ui.egg-info/SOURCES.txt'
[9.343s] running build
[9.344s] running build_py
[9.345s] running install
[9.347s] running install_lib
[9.355s] running install_data
[9.355s] running install_egg_info
[9.364s] removing '/home/beachlbl/porter/ros2-ws-2024/install/ui/lib/python3.10/site-packages/ui-0.0.0-py3.10.egg-info' (and everything under it)
[9.367s] Copying ../../build/ui/ui.egg-info to /home/beachlbl/porter/ros2-ws-2024/install/ui/lib/python3.10/site-packages/ui-0.0.0-py3.10.egg-info
[9.376s] running install_scripts
[9.519s] Installing ui_health script to /home/beachlbl/porter/ros2-ws-2024/install/ui/lib/ui
[9.524s] writing list of installed files to '/home/beachlbl/porter/ros2-ws-2024/build/ui/install.log'
[9.824s] Invoked command in '/home/beachlbl/porter/ros2-ws-2024/src/ui' returned '0': PYTHONPATH=/home/beachlbl/porter/ros2-ws-2024/build/ui/prefix_override:/home/beachlbl/porter/ros2-ws-2024/install/ui/lib/python3.10/site-packages:${PYTHONPATH} /usr/bin/python3 -W ignore:setup.py install is deprecated setup.py egg_info --egg-base ../../build/ui build --build-base /home/beachlbl/porter/ros2-ws-2024/build/ui/build install --record /home/beachlbl/porter/ros2-ws-2024/build/ui/install.log --single-version-externally-managed install_data
