[0.785s] Invoking command in '/home/porterclev/ros2-ws-2024/src/joy_control': PYTHONPATH=/home/porterclev/ros2-ws-2024/build/joy_control/prefix_override:/home/porterclev/ros2-ws-2024/install/joy_control/lib/python3.10/site-packages:${PYTHONPATH} /usr/bin/python3 -W ignore:setup.py install is deprecated setup.py egg_info --egg-base ../../build/joy_control build --build-base /home/porterclev/ros2-ws-2024/build/joy_control/build install --record /home/porterclev/ros2-ws-2024/build/joy_control/install.log --single-version-externally-managed install_data
[1.059s] running egg_info
[1.061s] writing ../../build/joy_control/joy_control.egg-info/PKG-INFO
[1.062s] writing dependency_links to ../../build/joy_control/joy_control.egg-info/dependency_links.txt
[1.063s] writing entry points to ../../build/joy_control/joy_control.egg-info/entry_points.txt
[1.063s] writing requirements to ../../build/joy_control/joy_control.egg-info/requires.txt
[1.064s] writing top-level names to ../../build/joy_control/joy_control.egg-info/top_level.txt
[1.067s] reading manifest file '../../build/joy_control/joy_control.egg-info/SOURCES.txt'
[1.067s] adding license file 'LICENSE'
[1.068s] writing manifest file '../../build/joy_control/joy_control.egg-info/SOURCES.txt'
[1.069s] running build
[1.069s] running build_py
[1.069s] running install
[1.070s] running install_lib
[1.072s] running install_data
[1.072s] running install_egg_info
[1.075s] removing '/home/porterclev/ros2-ws-2024/install/joy_control/lib/python3.10/site-packages/joy_control-0.0.0-py3.10.egg-info' (and everything under it)
[1.075s] Copying ../../build/joy_control/joy_control.egg-info to /home/porterclev/ros2-ws-2024/install/joy_control/lib/python3.10/site-packages/joy_control-0.0.0-py3.10.egg-info
[1.076s] running install_scripts
[1.098s] Installing control_cb script to /home/porterclev/ros2-ws-2024/install/joy_control/lib/joy_control
[1.101s] Installing control_ex script to /home/porterclev/ros2-ws-2024/install/joy_control/lib/joy_control
[1.101s] writing list of installed files to '/home/porterclev/ros2-ws-2024/build/joy_control/install.log'
[1.132s] Invoked command in '/home/porterclev/ros2-ws-2024/src/joy_control' returned '0': PYTHONPATH=/home/porterclev/ros2-ws-2024/build/joy_control/prefix_override:/home/porterclev/ros2-ws-2024/install/joy_control/lib/python3.10/site-packages:${PYTHONPATH} /usr/bin/python3 -W ignore:setup.py install is deprecated setup.py egg_info --egg-base ../../build/joy_control build --build-base /home/porterclev/ros2-ws-2024/build/joy_control/build install --record /home/porterclev/ros2-ws-2024/build/joy_control/install.log --single-version-externally-managed install_data
