[3.395s] Invoking command in '/home/beachlbl/ros2-ws-2024/src/drive_ex': PYTHONPATH=/home/beachlbl/ros2-ws-2024/build/drive_ex/prefix_override:/home/beachlbl/ros2-ws-2024/install/drive_ex/lib/python3.10/site-packages:${PYTHONPATH} /usr/bin/python3 -W ignore:setup.py install is deprecated setup.py egg_info --egg-base ../../build/drive_ex build --build-base /home/beachlbl/ros2-ws-2024/build/drive_ex/build install --record /home/beachlbl/ros2-ws-2024/build/drive_ex/install.log --single-version-externally-managed install_data
[4.735s] running egg_info
[4.738s] writing ../../build/drive_ex/drive_ex.egg-info/PKG-INFO
[4.739s] writing dependency_links to ../../build/drive_ex/drive_ex.egg-info/dependency_links.txt
[4.741s] writing entry points to ../../build/drive_ex/drive_ex.egg-info/entry_points.txt
[4.741s] writing requirements to ../../build/drive_ex/drive_ex.egg-info/requires.txt
[4.742s] writing top-level names to ../../build/drive_ex/drive_ex.egg-info/top_level.txt
[4.749s] reading manifest file '../../build/drive_ex/drive_ex.egg-info/SOURCES.txt'
[4.751s] adding license file 'LICENSE'
[4.755s] writing manifest file '../../build/drive_ex/drive_ex.egg-info/SOURCES.txt'
[4.755s] running build
[4.756s] running build_py
[4.757s] running install
[4.758s] running install_lib
[4.764s] running install_data
[4.765s] running install_egg_info
[4.771s] removing '/home/beachlbl/ros2-ws-2024/install/drive_ex/lib/python3.10/site-packages/drive_ex-0.0.0-py3.10.egg-info' (and everything under it)
[4.773s] Copying ../../build/drive_ex/drive_ex.egg-info to /home/beachlbl/ros2-ws-2024/install/drive_ex/lib/python3.10/site-packages/drive_ex-0.0.0-py3.10.egg-info
[4.779s] running install_scripts
[4.870s] Installing drivetrain_cb script to /home/beachlbl/ros2-ws-2024/install/drive_ex/lib/drive_ex
[4.871s] Installing drivetrain_ex script to /home/beachlbl/ros2-ws-2024/install/drive_ex/lib/drive_ex
[4.872s] writing list of installed files to '/home/beachlbl/ros2-ws-2024/build/drive_ex/install.log'
[5.006s] Invoked command in '/home/beachlbl/ros2-ws-2024/src/drive_ex' returned '0': PYTHONPATH=/home/beachlbl/ros2-ws-2024/build/drive_ex/prefix_override:/home/beachlbl/ros2-ws-2024/install/drive_ex/lib/python3.10/site-packages:${PYTHONPATH} /usr/bin/python3 -W ignore:setup.py install is deprecated setup.py egg_info --egg-base ../../build/drive_ex build --build-base /home/beachlbl/ros2-ws-2024/build/drive_ex/build install --record /home/beachlbl/ros2-ws-2024/build/drive_ex/install.log --single-version-externally-managed install_data
