[0.806s] Invoking command in '/home/leho42/Desktop/ros2-ws-2024/src/db_broker': PYTHONPATH=/home/leho42/Desktop/ros2-ws-2024/build/db_broker/prefix_override:/home/leho42/Desktop/ros2-ws-2024/install/db_broker/lib/python3.10/site-packages:${PYTHONPATH} /usr/bin/python3 -W ignore:setup.py install is deprecated setup.py egg_info --egg-base ../../build/db_broker build --build-base /home/leho42/Desktop/ros2-ws-2024/build/db_broker/build install --record /home/leho42/Desktop/ros2-ws-2024/build/db_broker/install.log --single-version-externally-managed install_data
[0.951s] running egg_info
[0.952s] writing ../../build/db_broker/db_broker.egg-info/PKG-INFO
[0.953s] writing dependency_links to ../../build/db_broker/db_broker.egg-info/dependency_links.txt
[0.953s] writing entry points to ../../build/db_broker/db_broker.egg-info/entry_points.txt
[0.954s] writing requirements to ../../build/db_broker/db_broker.egg-info/requires.txt
[0.954s] writing top-level names to ../../build/db_broker/db_broker.egg-info/top_level.txt
[0.956s] reading manifest file '../../build/db_broker/db_broker.egg-info/SOURCES.txt'
[0.956s] adding license file 'LICENSE'
[0.957s] writing manifest file '../../build/db_broker/db_broker.egg-info/SOURCES.txt'
[0.957s] running build
[0.957s] running build_py
[0.958s] running install
[0.958s] running install_lib
[0.961s] running install_data
[0.961s] running install_egg_info
[0.962s] removing '/home/leho42/Desktop/ros2-ws-2024/install/db_broker/lib/python3.10/site-packages/db_broker-0.0.0-py3.10.egg-info' (and everything under it)
[0.976s] Copying ../../build/db_broker/db_broker.egg-info to /home/leho42/Desktop/ros2-ws-2024/install/db_broker/lib/python3.10/site-packages/db_broker-0.0.0-py3.10.egg-info
[0.976s] running install_scripts
[0.984s] Installing db_broker_pub script to /home/leho42/Desktop/ros2-ws-2024/install/db_broker/lib/db_broker
[0.985s] writing list of installed files to '/home/leho42/Desktop/ros2-ws-2024/build/db_broker/install.log'
[1.172s] Invoked command in '/home/leho42/Desktop/ros2-ws-2024/src/db_broker' returned '0': PYTHONPATH=/home/leho42/Desktop/ros2-ws-2024/build/db_broker/prefix_override:/home/leho42/Desktop/ros2-ws-2024/install/db_broker/lib/python3.10/site-packages:${PYTHONPATH} /usr/bin/python3 -W ignore:setup.py install is deprecated setup.py egg_info --egg-base ../../build/db_broker build --build-base /home/leho42/Desktop/ros2-ws-2024/build/db_broker/build install --record /home/leho42/Desktop/ros2-ws-2024/build/db_broker/install.log --single-version-externally-managed install_data
