[7.801s] Invoking command in '/home/beachlbl/porter/ros2-ws-2024/src/ui': PYTHONPATH=/home/beachlbl/porter/ros2-ws-2024/build/ui/prefix_override:/home/beachlbl/porter/ros2-ws-2024/install/ui/lib/python3.10/site-packages:${PYTHONPATH} /usr/bin/python3 -W ignore:setup.py install is deprecated setup.py egg_info --egg-base ../../build/ui build --build-base /home/beachlbl/porter/ros2-ws-2024/build/ui/build install --record /home/beachlbl/porter/ros2-ws-2024/build/ui/install.log --single-version-externally-managed install_data
[9.484s] running egg_info
[9.487s] writing ../../build/ui/ui.egg-info/PKG-INFO
[9.498s] writing dependency_links to ../../build/ui/ui.egg-info/dependency_links.txt
[9.500s] writing entry points to ../../build/ui/ui.egg-info/entry_points.txt
[9.501s] writing requirements to ../../build/ui/ui.egg-info/requires.txt
[9.501s] writing top-level names to ../../build/ui/ui.egg-info/top_level.txt
[9.521s] reading manifest file '../../build/ui/ui.egg-info/SOURCES.txt'
[9.527s] adding license file 'LICENSE'
[9.532s] writing manifest file '../../build/ui/ui.egg-info/SOURCES.txt'
[9.534s] running build
[9.535s] running build_py
[9.549s] running install
[9.554s] running install_lib
[9.558s] running install_data
[9.559s] running install_egg_info
[9.571s] removing '/home/beachlbl/porter/ros2-ws-2024/install/ui/lib/python3.10/site-packages/ui-0.0.0-py3.10.egg-info' (and everything under it)
[9.572s] Copying ../../build/ui/ui.egg-info to /home/beachlbl/porter/ros2-ws-2024/install/ui/lib/python3.10/site-packages/ui-0.0.0-py3.10.egg-info
[9.583s] running install_scripts
[9.749s] Installing ui_health script to /home/beachlbl/porter/ros2-ws-2024/install/ui/lib/ui
[9.760s] writing list of installed files to '/home/beachlbl/porter/ros2-ws-2024/build/ui/install.log'
[10.080s] Invoked command in '/home/beachlbl/porter/ros2-ws-2024/src/ui' returned '0': PYTHONPATH=/home/beachlbl/porter/ros2-ws-2024/build/ui/prefix_override:/home/beachlbl/porter/ros2-ws-2024/install/ui/lib/python3.10/site-packages:${PYTHONPATH} /usr/bin/python3 -W ignore:setup.py install is deprecated setup.py egg_info --egg-base ../../build/ui build --build-base /home/beachlbl/porter/ros2-ws-2024/build/ui/build install --record /home/beachlbl/porter/ros2-ws-2024/build/ui/install.log --single-version-externally-managed install_data
