[6.095s] Invoking command in '/home/beachlbl/porter/ros2-ws-2024/src/joy_control': PYTHONPATH=/home/beachlbl/porter/ros2-ws-2024/build/joy_control/prefix_override:/home/beachlbl/porter/ros2-ws-2024/install/joy_control/lib/python3.10/site-packages:${PYTHONPATH} /usr/bin/python3 -W ignore:setup.py install is deprecated setup.py egg_info --egg-base ../../build/joy_control build --build-base /home/beachlbl/porter/ros2-ws-2024/build/joy_control/build install --record /home/beachlbl/porter/ros2-ws-2024/build/joy_control/install.log --single-version-externally-managed install_data
[7.547s] running egg_info
[7.550s] writing ../../build/joy_control/joy_control.egg-info/PKG-INFO
[7.551s] writing dependency_links to ../../build/joy_control/joy_control.egg-info/dependency_links.txt
[7.553s] writing entry points to ../../build/joy_control/joy_control.egg-info/entry_points.txt
[7.555s] writing requirements to ../../build/joy_control/joy_control.egg-info/requires.txt
[7.556s] writing top-level names to ../../build/joy_control/joy_control.egg-info/top_level.txt
[7.563s] reading manifest file '../../build/joy_control/joy_control.egg-info/SOURCES.txt'
[7.566s] adding license file 'LICENSE'
[7.568s] writing manifest file '../../build/joy_control/joy_control.egg-info/SOURCES.txt'
[7.569s] running build
[7.570s] running build_py
[7.573s] running install
[7.575s] running install_lib
[7.582s] running install_data
[7.583s] running install_egg_info
[7.589s] removing '/home/beachlbl/porter/ros2-ws-2024/install/joy_control/lib/python3.10/site-packages/joy_control-0.0.0-py3.10.egg-info' (and everything under it)
[7.592s] Copying ../../build/joy_control/joy_control.egg-info to /home/beachlbl/porter/ros2-ws-2024/install/joy_control/lib/python3.10/site-packages/joy_control-0.0.0-py3.10.egg-info
[7.599s] running install_scripts
[7.702s] Installing control_cb script to /home/beachlbl/porter/ros2-ws-2024/install/joy_control/lib/joy_control
[7.704s] Installing control_ex script to /home/beachlbl/porter/ros2-ws-2024/install/joy_control/lib/joy_control
[7.705s] writing list of installed files to '/home/beachlbl/porter/ros2-ws-2024/build/joy_control/install.log'
[7.955s] Invoked command in '/home/beachlbl/porter/ros2-ws-2024/src/joy_control' returned '0': PYTHONPATH=/home/beachlbl/porter/ros2-ws-2024/build/joy_control/prefix_override:/home/beachlbl/porter/ros2-ws-2024/install/joy_control/lib/python3.10/site-packages:${PYTHONPATH} /usr/bin/python3 -W ignore:setup.py install is deprecated setup.py egg_info --egg-base ../../build/joy_control build --build-base /home/beachlbl/porter/ros2-ws-2024/build/joy_control/build install --record /home/beachlbl/porter/ros2-ws-2024/build/joy_control/install.log --single-version-externally-managed install_data
