[3.179s] Invoking command in '/home/beachlbl/porter/ros2-ws-2024/src/drive_ex': PYTHONPATH=/home/beachlbl/porter/ros2-ws-2024/build/drive_ex/prefix_override:/home/beachlbl/porter/ros2-ws-2024/install/drive_ex/lib/python3.10/site-packages:${PYTHONPATH} /usr/bin/python3 -W ignore:setup.py install is deprecated setup.py egg_info --egg-base ../../build/drive_ex build --build-base /home/beachlbl/porter/ros2-ws-2024/build/drive_ex/build install --record /home/beachlbl/porter/ros2-ws-2024/build/drive_ex/install.log --single-version-externally-managed install_data
[4.298s] running egg_info
[4.302s] writing ../../build/drive_ex/drive_ex.egg-info/PKG-INFO
[4.303s] writing dependency_links to ../../build/drive_ex/drive_ex.egg-info/dependency_links.txt
[4.304s] writing entry points to ../../build/drive_ex/drive_ex.egg-info/entry_points.txt
[4.304s] writing requirements to ../../build/drive_ex/drive_ex.egg-info/requires.txt
[4.305s] writing top-level names to ../../build/drive_ex/drive_ex.egg-info/top_level.txt
[4.313s] reading manifest file '../../build/drive_ex/drive_ex.egg-info/SOURCES.txt'
[4.314s] adding license file 'LICENSE'
[4.317s] writing manifest file '../../build/drive_ex/drive_ex.egg-info/SOURCES.txt'
[4.317s] running build
[4.318s] running build_py
[4.319s] running install
[4.320s] running install_lib
[4.327s] running install_data
[4.327s] running install_egg_info
[4.334s] removing '/home/beachlbl/porter/ros2-ws-2024/install/drive_ex/lib/python3.10/site-packages/drive_ex-0.0.0-py3.10.egg-info' (and everything under it)
[4.336s] Copying ../../build/drive_ex/drive_ex.egg-info to /home/beachlbl/porter/ros2-ws-2024/install/drive_ex/lib/python3.10/site-packages/drive_ex-0.0.0-py3.10.egg-info
[4.341s] running install_scripts
[4.423s] Installing drivetrain_ex script to /home/beachlbl/porter/ros2-ws-2024/install/drive_ex/lib/drive_ex
[4.424s] Installing drivetrain_mini script to /home/beachlbl/porter/ros2-ws-2024/install/drive_ex/lib/drive_ex
[4.426s] writing list of installed files to '/home/beachlbl/porter/ros2-ws-2024/build/drive_ex/install.log'
[4.546s] Invoked command in '/home/beachlbl/porter/ros2-ws-2024/src/drive_ex' returned '0': PYTHONPATH=/home/beachlbl/porter/ros2-ws-2024/build/drive_ex/prefix_override:/home/beachlbl/porter/ros2-ws-2024/install/drive_ex/lib/python3.10/site-packages:${PYTHONPATH} /usr/bin/python3 -W ignore:setup.py install is deprecated setup.py egg_info --egg-base ../../build/drive_ex build --build-base /home/beachlbl/porter/ros2-ws-2024/build/drive_ex/build install --record /home/beachlbl/porter/ros2-ws-2024/build/drive_ex/install.log --single-version-externally-managed install_data
