[7.906s] Invoking command in '/home/beachlbl/porter/ros2-ws-2024/src/db_broker': PYTHONPATH=/home/beachlbl/porter/ros2-ws-2024/build/db_broker/prefix_override:/home/beachlbl/porter/ros2-ws-2024/install/db_broker/lib/python3.10/site-packages:${PYTHONPATH} /usr/bin/python3 -W ignore:setup.py install is deprecated setup.py egg_info --egg-base ../../build/db_broker build --build-base /home/beachlbl/porter/ros2-ws-2024/build/db_broker/build install --record /home/beachlbl/porter/ros2-ws-2024/build/db_broker/install.log --single-version-externally-managed install_data
[9.662s] running egg_info
[9.666s] writing ../../build/db_broker/db_broker.egg-info/PKG-INFO
[9.667s] writing dependency_links to ../../build/db_broker/db_broker.egg-info/dependency_links.txt
[9.669s] writing entry points to ../../build/db_broker/db_broker.egg-info/entry_points.txt
[9.670s] writing requirements to ../../build/db_broker/db_broker.egg-info/requires.txt
[9.672s] writing top-level names to ../../build/db_broker/db_broker.egg-info/top_level.txt
[9.682s] reading manifest file '../../build/db_broker/db_broker.egg-info/SOURCES.txt'
[9.684s] adding license file 'LICENSE'
[9.688s] writing manifest file '../../build/db_broker/db_broker.egg-info/SOURCES.txt'
[9.689s] running build
[9.690s] running build_py
[9.692s] running install
[9.693s] running install_lib
[9.700s] running install_data
[9.701s] running install_egg_info
[9.710s] removing '/home/beachlbl/porter/ros2-ws-2024/install/db_broker/lib/python3.10/site-packages/db_broker-0.0.0-py3.10.egg-info' (and everything under it)
[9.713s] Copying ../../build/db_broker/db_broker.egg-info to /home/beachlbl/porter/ros2-ws-2024/install/db_broker/lib/python3.10/site-packages/db_broker-0.0.0-py3.10.egg-info
[9.727s] running install_scripts
[9.837s] Installing db_broker_pub script to /home/beachlbl/porter/ros2-ws-2024/install/db_broker/lib/db_broker
[9.840s] writing list of installed files to '/home/beachlbl/porter/ros2-ws-2024/build/db_broker/install.log'
[10.127s] Invoked command in '/home/beachlbl/porter/ros2-ws-2024/src/db_broker' returned '0': PYTHONPATH=/home/beachlbl/porter/ros2-ws-2024/build/db_broker/prefix_override:/home/beachlbl/porter/ros2-ws-2024/install/db_broker/lib/python3.10/site-packages:${PYTHONPATH} /usr/bin/python3 -W ignore:setup.py install is deprecated setup.py egg_info --egg-base ../../build/db_broker build --build-base /home/beachlbl/porter/ros2-ws-2024/build/db_broker/build install --record /home/beachlbl/porter/ros2-ws-2024/build/db_broker/install.log --single-version-externally-managed install_data
