[0.642s] Invoking command in '/home/porterclev/ros2-ws-2024/src/drive_ex': PYTHONPATH=/home/porterclev/ros2-ws-2024/build/drive_ex/prefix_override:/home/porterclev/ros2-ws-2024/install/drive_ex/lib/python3.10/site-packages:${PYTHONPATH} /usr/bin/python3 -W ignore:setup.py install is deprecated setup.py egg_info --egg-base ../../build/drive_ex build --build-base /home/porterclev/ros2-ws-2024/build/drive_ex/build install --record /home/porterclev/ros2-ws-2024/build/drive_ex/install.log --single-version-externally-managed install_data
[0.880s] running egg_info
[0.885s] writing ../../build/drive_ex/drive_ex.egg-info/PKG-INFO
[0.885s] writing dependency_links to ../../build/drive_ex/drive_ex.egg-info/dependency_links.txt
[0.885s] writing entry points to ../../build/drive_ex/drive_ex.egg-info/entry_points.txt
[0.887s] writing requirements to ../../build/drive_ex/drive_ex.egg-info/requires.txt
[0.887s] writing top-level names to ../../build/drive_ex/drive_ex.egg-info/top_level.txt
[0.890s] reading manifest file '../../build/drive_ex/drive_ex.egg-info/SOURCES.txt'
[0.890s] adding license file 'LICENSE'
[0.893s] writing manifest file '../../build/drive_ex/drive_ex.egg-info/SOURCES.txt'
[0.893s] running build
[0.893s] running build_py
[0.894s] running install
[0.895s] running install_lib
[0.897s] running install_data
[0.897s] running install_egg_info
[0.899s] removing '/home/porterclev/ros2-ws-2024/install/drive_ex/lib/python3.10/site-packages/drive_ex-0.0.0-py3.10.egg-info' (and everything under it)
[0.899s] Copying ../../build/drive_ex/drive_ex.egg-info to /home/porterclev/ros2-ws-2024/install/drive_ex/lib/python3.10/site-packages/drive_ex-0.0.0-py3.10.egg-info
[0.900s] running install_scripts
[0.920s] Installing drivetrain_cb script to /home/porterclev/ros2-ws-2024/install/drive_ex/lib/drive_ex
[0.921s] Installing drivetrain_ex script to /home/porterclev/ros2-ws-2024/install/drive_ex/lib/drive_ex
[0.922s] writing list of installed files to '/home/porterclev/ros2-ws-2024/build/drive_ex/install.log'
[0.959s] Invoked command in '/home/porterclev/ros2-ws-2024/src/drive_ex' returned '0': PYTHONPATH=/home/porterclev/ros2-ws-2024/build/drive_ex/prefix_override:/home/porterclev/ros2-ws-2024/install/drive_ex/lib/python3.10/site-packages:${PYTHONPATH} /usr/bin/python3 -W ignore:setup.py install is deprecated setup.py egg_info --egg-base ../../build/drive_ex build --build-base /home/porterclev/ros2-ws-2024/build/drive_ex/build install --record /home/porterclev/ros2-ws-2024/build/drive_ex/install.log --single-version-externally-managed install_data
