[7.995s] Invoking command in '/home/beachlbl/porter/ros2-ws-2024/src/drive_ex': PYTHONPATH=/home/beachlbl/porter/ros2-ws-2024/build/drive_ex/prefix_override:/home/beachlbl/porter/ros2-ws-2024/install/drive_ex/lib/python3.10/site-packages:${PYTHONPATH} /usr/bin/python3 -W ignore:setup.py install is deprecated setup.py egg_info --egg-base ../../build/drive_ex build --build-base /home/beachlbl/porter/ros2-ws-2024/build/drive_ex/build install --record /home/beachlbl/porter/ros2-ws-2024/build/drive_ex/install.log --single-version-externally-managed install_data
[9.888s] running egg_info
[9.894s] writing ../../build/drive_ex/drive_ex.egg-info/PKG-INFO
[9.896s] writing dependency_links to ../../build/drive_ex/drive_ex.egg-info/dependency_links.txt
[9.900s] writing entry points to ../../build/drive_ex/drive_ex.egg-info/entry_points.txt
[9.904s] writing requirements to ../../build/drive_ex/drive_ex.egg-info/requires.txt
[9.908s] writing top-level names to ../../build/drive_ex/drive_ex.egg-info/top_level.txt
[9.920s] reading manifest file '../../build/drive_ex/drive_ex.egg-info/SOURCES.txt'
[9.921s] adding license file 'LICENSE'
[9.925s] writing manifest file '../../build/drive_ex/drive_ex.egg-info/SOURCES.txt'
[9.926s] running build
[9.927s] running build_py
[9.929s] running install
[9.930s] running install_lib
[9.939s] running install_data
[9.941s] running install_egg_info
[9.953s] removing '/home/beachlbl/porter/ros2-ws-2024/install/drive_ex/lib/python3.10/site-packages/drive_ex-0.0.0-py3.10.egg-info' (and everything under it)
[9.958s] Copying ../../build/drive_ex/drive_ex.egg-info to /home/beachlbl/porter/ros2-ws-2024/install/drive_ex/lib/python3.10/site-packages/drive_ex-0.0.0-py3.10.egg-info
[9.975s] running install_scripts
[10.215s] Installing drivetrain_cb script to /home/beachlbl/porter/ros2-ws-2024/install/drive_ex/lib/drive_ex
[10.219s] Installing drivetrain_ex script to /home/beachlbl/porter/ros2-ws-2024/install/drive_ex/lib/drive_ex
[10.238s] writing list of installed files to '/home/beachlbl/porter/ros2-ws-2024/build/drive_ex/install.log'
[10.567s] Invoked command in '/home/beachlbl/porter/ros2-ws-2024/src/drive_ex' returned '0': PYTHONPATH=/home/beachlbl/porter/ros2-ws-2024/build/drive_ex/prefix_override:/home/beachlbl/porter/ros2-ws-2024/install/drive_ex/lib/python3.10/site-packages:${PYTHONPATH} /usr/bin/python3 -W ignore:setup.py install is deprecated setup.py egg_info --egg-base ../../build/drive_ex build --build-base /home/beachlbl/porter/ros2-ws-2024/build/drive_ex/build install --record /home/beachlbl/porter/ros2-ws-2024/build/drive_ex/install.log --single-version-externally-managed install_data
