[2.823s] Invoking command in '/home/beachlbl/porter/ros2-ws-2024/src/joy_control': PYTHONPATH=/home/beachlbl/porter/ros2-ws-2024/build/joy_control/prefix_override:/home/beachlbl/porter/ros2-ws-2024/install/joy_control/lib/python3.10/site-packages:${PYTHONPATH} /usr/bin/python3 -W ignore:setup.py install is deprecated setup.py egg_info --egg-base ../../build/joy_control build --build-base /home/beachlbl/porter/ros2-ws-2024/build/joy_control/build install --record /home/beachlbl/porter/ros2-ws-2024/build/joy_control/install.log --single-version-externally-managed install_data
[3.929s] running egg_info
[3.933s] writing ../../build/joy_control/joy_control.egg-info/PKG-INFO
[3.934s] writing dependency_links to ../../build/joy_control/joy_control.egg-info/dependency_links.txt
[3.935s] writing entry points to ../../build/joy_control/joy_control.egg-info/entry_points.txt
[3.936s] writing requirements to ../../build/joy_control/joy_control.egg-info/requires.txt
[3.936s] writing top-level names to ../../build/joy_control/joy_control.egg-info/top_level.txt
[3.944s] reading manifest file '../../build/joy_control/joy_control.egg-info/SOURCES.txt'
[3.945s] adding license file 'LICENSE'
[3.948s] writing manifest file '../../build/joy_control/joy_control.egg-info/SOURCES.txt'
[3.948s] running build
[3.949s] running build_py
[3.950s] running install
[3.951s] running install_lib
[3.956s] running install_data
[3.957s] running install_egg_info
[3.964s] removing '/home/beachlbl/porter/ros2-ws-2024/install/joy_control/lib/python3.10/site-packages/joy_control-0.0.0-py3.10.egg-info' (and everything under it)
[3.965s] Copying ../../build/joy_control/joy_control.egg-info to /home/beachlbl/porter/ros2-ws-2024/install/joy_control/lib/python3.10/site-packages/joy_control-0.0.0-py3.10.egg-info
[3.971s] running install_scripts
[4.050s] Installing talker script to /home/beachlbl/porter/ros2-ws-2024/install/joy_control/lib/joy_control
[4.052s] writing list of installed files to '/home/beachlbl/porter/ros2-ws-2024/build/joy_control/install.log'
[4.162s] Invoked command in '/home/beachlbl/porter/ros2-ws-2024/src/joy_control' returned '0': PYTHONPATH=/home/beachlbl/porter/ros2-ws-2024/build/joy_control/prefix_override:/home/beachlbl/porter/ros2-ws-2024/install/joy_control/lib/python3.10/site-packages:${PYTHONPATH} /usr/bin/python3 -W ignore:setup.py install is deprecated setup.py egg_info --egg-base ../../build/joy_control build --build-base /home/beachlbl/porter/ros2-ws-2024/build/joy_control/build install --record /home/beachlbl/porter/ros2-ws-2024/build/joy_control/install.log --single-version-externally-managed install_data
