[2.909s] Invoking command in '/home/beachlbl/porter/ros2-ws-2024/src/drive_ex': PYTHONPATH=/home/beachlbl/porter/ros2-ws-2024/build/drive_ex/prefix_override:/home/beachlbl/porter/ros2-ws-2024/install/drive_ex/lib/python3.10/site-packages:${PYTHONPATH} /usr/bin/python3 -W ignore:setup.py install is deprecated setup.py egg_info --egg-base ../../build/drive_ex build --build-base /home/beachlbl/porter/ros2-ws-2024/build/drive_ex/build install --record /home/beachlbl/porter/ros2-ws-2024/build/drive_ex/install.log --single-version-externally-managed install_data
[4.003s] running egg_info
[4.006s] writing ../../build/drive_ex/drive_ex.egg-info/PKG-INFO
[4.007s] writing dependency_links to ../../build/drive_ex/drive_ex.egg-info/dependency_links.txt
[4.008s] writing entry points to ../../build/drive_ex/drive_ex.egg-info/entry_points.txt
[4.008s] writing requirements to ../../build/drive_ex/drive_ex.egg-info/requires.txt
[4.009s] writing top-level names to ../../build/drive_ex/drive_ex.egg-info/top_level.txt
[4.017s] reading manifest file '../../build/drive_ex/drive_ex.egg-info/SOURCES.txt'
[4.018s] adding license file 'LICENSE'
[4.021s] writing manifest file '../../build/drive_ex/drive_ex.egg-info/SOURCES.txt'
[4.021s] running build
[4.022s] running build_py
[4.023s] running install
[4.024s] running install_lib
[4.030s] running install_data
[4.031s] running install_egg_info
[4.037s] removing '/home/beachlbl/porter/ros2-ws-2024/install/drive_ex/lib/python3.10/site-packages/drive_ex-0.0.0-py3.10.egg-info' (and everything under it)
[4.039s] Copying ../../build/drive_ex/drive_ex.egg-info to /home/beachlbl/porter/ros2-ws-2024/install/drive_ex/lib/python3.10/site-packages/drive_ex-0.0.0-py3.10.egg-info
[4.044s] running install_scripts
[4.123s] Installing drivetrain_ex script to /home/beachlbl/porter/ros2-ws-2024/install/drive_ex/lib/drive_ex
[4.124s] Installing drivetrain_mini script to /home/beachlbl/porter/ros2-ws-2024/install/drive_ex/lib/drive_ex
[4.126s] writing list of installed files to '/home/beachlbl/porter/ros2-ws-2024/build/drive_ex/install.log'
[4.240s] Invoked command in '/home/beachlbl/porter/ros2-ws-2024/src/drive_ex' returned '0': PYTHONPATH=/home/beachlbl/porter/ros2-ws-2024/build/drive_ex/prefix_override:/home/beachlbl/porter/ros2-ws-2024/install/drive_ex/lib/python3.10/site-packages:${PYTHONPATH} /usr/bin/python3 -W ignore:setup.py install is deprecated setup.py egg_info --egg-base ../../build/drive_ex build --build-base /home/beachlbl/porter/ros2-ws-2024/build/drive_ex/build install --record /home/beachlbl/porter/ros2-ws-2024/build/drive_ex/install.log --single-version-externally-managed install_data
