[7.965s] Invoking command in '/home/beachlbl/porter/ros2-ws-2024/src/drive_ex': PYTHONPATH=/home/beachlbl/porter/ros2-ws-2024/build/drive_ex/prefix_override:/home/beachlbl/porter/ros2-ws-2024/install/drive_ex/lib/python3.10/site-packages:${PYTHONPATH} /usr/bin/python3 -W ignore:setup.py install is deprecated setup.py egg_info --egg-base ../../build/drive_ex build --build-base /home/beachlbl/porter/ros2-ws-2024/build/drive_ex/build install --record /home/beachlbl/porter/ros2-ws-2024/build/drive_ex/install.log --single-version-externally-managed install_data
[10.058s] running egg_info
[10.061s] writing ../../build/drive_ex/drive_ex.egg-info/PKG-INFO
[10.062s] writing dependency_links to ../../build/drive_ex/drive_ex.egg-info/dependency_links.txt
[10.063s] writing entry points to ../../build/drive_ex/drive_ex.egg-info/entry_points.txt
[10.064s] writing requirements to ../../build/drive_ex/drive_ex.egg-info/requires.txt
[10.065s] writing top-level names to ../../build/drive_ex/drive_ex.egg-info/top_level.txt
[10.071s] reading manifest file '../../build/drive_ex/drive_ex.egg-info/SOURCES.txt'
[10.072s] adding license file 'LICENSE'
[10.076s] writing manifest file '../../build/drive_ex/drive_ex.egg-info/SOURCES.txt'
[10.076s] running build
[10.077s] running build_py
[10.078s] running install
[10.081s] running install_lib
[10.095s] running install_data
[10.095s] running install_egg_info
[10.097s] removing '/home/beachlbl/porter/ros2-ws-2024/install/drive_ex/lib/python3.10/site-packages/drive_ex-0.0.0-py3.10.egg-info' (and everything under it)
[10.097s] Copying ../../build/drive_ex/drive_ex.egg-info to /home/beachlbl/porter/ros2-ws-2024/install/drive_ex/lib/python3.10/site-packages/drive_ex-0.0.0-py3.10.egg-info
[10.103s] running install_scripts
[10.203s] Installing drivetrain_cb script to /home/beachlbl/porter/ros2-ws-2024/install/drive_ex/lib/drive_ex
[10.209s] Installing drivetrain_ex script to /home/beachlbl/porter/ros2-ws-2024/install/drive_ex/lib/drive_ex
[10.210s] writing list of installed files to '/home/beachlbl/porter/ros2-ws-2024/build/drive_ex/install.log'
[14.149s] Invoked command in '/home/beachlbl/porter/ros2-ws-2024/src/drive_ex' returned '0': PYTHONPATH=/home/beachlbl/porter/ros2-ws-2024/build/drive_ex/prefix_override:/home/beachlbl/porter/ros2-ws-2024/install/drive_ex/lib/python3.10/site-packages:${PYTHONPATH} /usr/bin/python3 -W ignore:setup.py install is deprecated setup.py egg_info --egg-base ../../build/drive_ex build --build-base /home/beachlbl/porter/ros2-ws-2024/build/drive_ex/build install --record /home/beachlbl/porter/ros2-ws-2024/build/drive_ex/install.log --single-version-externally-managed install_data
