[3.642s] Invoking command in '/home/beachlbl/porter/ros2-ws-2024/src/drive_ex': PYTHONPATH=/home/beachlbl/porter/ros2-ws-2024/build/drive_ex/prefix_override:/home/beachlbl/porter/ros2-ws-2024/install/drive_ex/lib/python3.10/site-packages:${PYTHONPATH} /usr/bin/python3 -W ignore:setup.py install is deprecated setup.py egg_info --egg-base ../../build/drive_ex build --build-base /home/beachlbl/porter/ros2-ws-2024/build/drive_ex/build install --record /home/beachlbl/porter/ros2-ws-2024/build/drive_ex/install.log --single-version-externally-managed install_data
[4.943s] running egg_info
[4.947s] writing ../../build/drive_ex/drive_ex.egg-info/PKG-INFO
[4.948s] writing dependency_links to ../../build/drive_ex/drive_ex.egg-info/dependency_links.txt
[4.948s] writing entry points to ../../build/drive_ex/drive_ex.egg-info/entry_points.txt
[4.949s] writing requirements to ../../build/drive_ex/drive_ex.egg-info/requires.txt
[4.949s] writing top-level names to ../../build/drive_ex/drive_ex.egg-info/top_level.txt
[4.957s] reading manifest file '../../build/drive_ex/drive_ex.egg-info/SOURCES.txt'
[4.958s] adding license file 'LICENSE'
[4.961s] writing manifest file '../../build/drive_ex/drive_ex.egg-info/SOURCES.txt'
[4.962s] running build
[4.962s] running build_py
[4.964s] running install
[4.965s] running install_lib
[4.972s] running install_data
[4.972s] running install_egg_info
[4.980s] removing '/home/beachlbl/porter/ros2-ws-2024/install/drive_ex/lib/python3.10/site-packages/drive_ex-0.0.0-py3.10.egg-info' (and everything under it)
[4.981s] Copying ../../build/drive_ex/drive_ex.egg-info to /home/beachlbl/porter/ros2-ws-2024/install/drive_ex/lib/python3.10/site-packages/drive_ex-0.0.0-py3.10.egg-info
[4.987s] running install_scripts
[5.080s] Installing drivetrain_cb script to /home/beachlbl/porter/ros2-ws-2024/install/drive_ex/lib/drive_ex
[5.082s] Installing drivetrain_ex script to /home/beachlbl/porter/ros2-ws-2024/install/drive_ex/lib/drive_ex
[5.084s] writing list of installed files to '/home/beachlbl/porter/ros2-ws-2024/build/drive_ex/install.log'
[5.263s] Invoked command in '/home/beachlbl/porter/ros2-ws-2024/src/drive_ex' returned '0': PYTHONPATH=/home/beachlbl/porter/ros2-ws-2024/build/drive_ex/prefix_override:/home/beachlbl/porter/ros2-ws-2024/install/drive_ex/lib/python3.10/site-packages:${PYTHONPATH} /usr/bin/python3 -W ignore:setup.py install is deprecated setup.py egg_info --egg-base ../../build/drive_ex build --build-base /home/beachlbl/porter/ros2-ws-2024/build/drive_ex/build install --record /home/beachlbl/porter/ros2-ws-2024/build/drive_ex/install.log --single-version-externally-managed install_data
