[2.998s] Invoking command in '/home/beachlbl/porter/ros2-ws-2024/src/joy_control': PYTHONPATH=/home/beachlbl/porter/ros2-ws-2024/build/joy_control/prefix_override:/home/beachlbl/porter/ros2-ws-2024/install/joy_control/lib/python3.10/site-packages:${PYTHONPATH} /usr/bin/python3 -W ignore:setup.py install is deprecated setup.py egg_info --egg-base ../../build/joy_control build --build-base /home/beachlbl/porter/ros2-ws-2024/build/joy_control/build install --record /home/beachlbl/porter/ros2-ws-2024/build/joy_control/install.log --single-version-externally-managed install_data
[4.136s] running egg_info
[4.140s] writing ../../build/joy_control/joy_control.egg-info/PKG-INFO
[4.141s] writing dependency_links to ../../build/joy_control/joy_control.egg-info/dependency_links.txt
[4.142s] writing entry points to ../../build/joy_control/joy_control.egg-info/entry_points.txt
[4.142s] writing requirements to ../../build/joy_control/joy_control.egg-info/requires.txt
[4.143s] writing top-level names to ../../build/joy_control/joy_control.egg-info/top_level.txt
[4.151s] reading manifest file '../../build/joy_control/joy_control.egg-info/SOURCES.txt'
[4.152s] adding license file 'LICENSE'
[4.155s] writing manifest file '../../build/joy_control/joy_control.egg-info/SOURCES.txt'
[4.155s] running build
[4.156s] running build_py
[4.157s] running install
[4.158s] running install_lib
[4.164s] running install_data
[4.165s] running install_egg_info
[4.172s] removing '/home/beachlbl/porter/ros2-ws-2024/install/joy_control/lib/python3.10/site-packages/joy_control-0.0.0-py3.10.egg-info' (and everything under it)
[4.173s] Copying ../../build/joy_control/joy_control.egg-info to /home/beachlbl/porter/ros2-ws-2024/install/joy_control/lib/python3.10/site-packages/joy_control-0.0.0-py3.10.egg-info
[4.179s] running install_scripts
[4.261s] Installing talker script to /home/beachlbl/porter/ros2-ws-2024/install/joy_control/lib/joy_control
[4.263s] writing list of installed files to '/home/beachlbl/porter/ros2-ws-2024/build/joy_control/install.log'
[4.383s] Invoked command in '/home/beachlbl/porter/ros2-ws-2024/src/joy_control' returned '0': PYTHONPATH=/home/beachlbl/porter/ros2-ws-2024/build/joy_control/prefix_override:/home/beachlbl/porter/ros2-ws-2024/install/joy_control/lib/python3.10/site-packages:${PYTHONPATH} /usr/bin/python3 -W ignore:setup.py install is deprecated setup.py egg_info --egg-base ../../build/joy_control build --build-base /home/beachlbl/porter/ros2-ws-2024/build/joy_control/build install --record /home/beachlbl/porter/ros2-ws-2024/build/joy_control/install.log --single-version-externally-managed install_data
