[0.408s] Invoking command in '/home/porterclev/ros2-ws-2024/src/drive_ex': PYTHONPATH=/home/porterclev/ros2-ws-2024/build/drive_ex/prefix_override:/home/porterclev/ros2-ws-2024/install/drive_ex/lib/python3.10/site-packages:${PYTHONPATH} /usr/bin/python3 -W ignore:setup.py install is deprecated setup.py egg_info --egg-base ../../build/drive_ex build --build-base /home/porterclev/ros2-ws-2024/build/drive_ex/build install --record /home/porterclev/ros2-ws-2024/build/drive_ex/install.log --single-version-externally-managed install_data
[0.519s] running egg_info
[0.520s] writing ../../build/drive_ex/drive_ex.egg-info/PKG-INFO
[0.520s] writing dependency_links to ../../build/drive_ex/drive_ex.egg-info/dependency_links.txt
[0.520s] writing entry points to ../../build/drive_ex/drive_ex.egg-info/entry_points.txt
[0.521s] writing requirements to ../../build/drive_ex/drive_ex.egg-info/requires.txt
[0.522s] writing top-level names to ../../build/drive_ex/drive_ex.egg-info/top_level.txt
[0.523s] reading manifest file '../../build/drive_ex/drive_ex.egg-info/SOURCES.txt'
[0.523s] adding license file 'LICENSE'
[0.523s] writing manifest file '../../build/drive_ex/drive_ex.egg-info/SOURCES.txt'
[0.524s] running build
[0.524s] running build_py
[0.524s] running install
[0.525s] running install_lib
[0.526s] running install_data
[0.526s] running install_egg_info
[0.527s] removing '/home/porterclev/ros2-ws-2024/install/drive_ex/lib/python3.10/site-packages/drive_ex-0.0.0-py3.10.egg-info' (and everything under it)
[0.527s] Copying ../../build/drive_ex/drive_ex.egg-info to /home/porterclev/ros2-ws-2024/install/drive_ex/lib/python3.10/site-packages/drive_ex-0.0.0-py3.10.egg-info
[0.528s] running install_scripts
[0.539s] Installing drivetrain_ex script to /home/porterclev/ros2-ws-2024/install/drive_ex/lib/drive_ex
[0.539s] writing list of installed files to '/home/porterclev/ros2-ws-2024/build/drive_ex/install.log'
[0.554s] Invoked command in '/home/porterclev/ros2-ws-2024/src/drive_ex' returned '0': PYTHONPATH=/home/porterclev/ros2-ws-2024/build/drive_ex/prefix_override:/home/porterclev/ros2-ws-2024/install/drive_ex/lib/python3.10/site-packages:${PYTHONPATH} /usr/bin/python3 -W ignore:setup.py install is deprecated setup.py egg_info --egg-base ../../build/drive_ex build --build-base /home/porterclev/ros2-ws-2024/build/drive_ex/build install --record /home/porterclev/ros2-ws-2024/build/drive_ex/install.log --single-version-externally-managed install_data
