[0.465s] DEBUG:colcon:Command line arguments: ['/usr/bin/colcon', 'build']
[0.466s] DEBUG:colcon:Parsed command line arguments: Namespace(log_base=None, log_level=None, verb_name='build', build_base='build', install_base='install', merge_install=False, symlink_install=False, test_result_base=None, continue_on_error=False, executor='parallel', parallel_workers=4, event_handlers=None, ignore_user_meta=False, metas=['./colcon.meta'], base_paths=['.'], packages_ignore=None, packages_ignore_regex=None, paths=None, packages_up_to=None, packages_up_to_regex=None, packages_above=None, packages_above_and_dependencies=None, packages_above_depth=None, packages_select_by_dep=None, packages_skip_by_dep=None, packages_skip_up_to=None, packages_select_build_failed=False, packages_skip_build_finished=False, packages_select_test_failures=False, packages_skip_test_passed=False, packages_select=None, packages_skip=None, packages_select_regex=None, packages_skip_regex=None, packages_start=None, packages_end=None, allow_overriding=[], cmake_args=None, cmake_target=None, cmake_target_skip_unavailable=False, cmake_clean_cache=False, cmake_clean_first=False, cmake_force_configure=False, ament_cmake_args=None, catkin_cmake_args=None, catkin_skip_building_tests=False, verb_parser=<colcon_defaults.argument_parser.defaults.DefaultArgumentsDecorator object at 0xffff965a96f0>, verb_extension=<colcon_core.verb.build.BuildVerb object at 0xffff966aecb0>, main=<bound method BuildVerb.main of <colcon_core.verb.build.BuildVerb object at 0xffff966aecb0>>)
[1.330s] Level 1:colcon.colcon_core.package_discovery:discover_packages(colcon_meta) check parameters
[1.331s] Level 1:colcon.colcon_core.package_discovery:discover_packages(recursive) check parameters
[1.331s] Level 1:colcon.colcon_core.package_discovery:discover_packages(ignore) check parameters
[1.331s] Level 1:colcon.colcon_core.package_discovery:discover_packages(path) check parameters
[1.331s] Level 1:colcon.colcon_core.package_discovery:discover_packages(colcon_meta) discover
[1.331s] Level 1:colcon.colcon_core.package_discovery:discover_packages(recursive) discover
[1.332s] INFO:colcon.colcon_core.package_discovery:Crawling recursively for packages in '/home/beachlbl/porter/ros2-ws-2024'
[1.332s] Level 1:colcon.colcon_core.package_identification:_identify(.) by extensions ['ignore', 'ignore_ament_install']
[1.332s] Level 1:colcon.colcon_core.package_identification:_identify(.) by extension 'ignore'
[1.333s] Level 1:colcon.colcon_core.package_identification:_identify(.) by extension 'ignore_ament_install'
[1.333s] Level 1:colcon.colcon_core.package_identification:_identify(.) by extensions ['colcon_pkg']
[1.333s] Level 1:colcon.colcon_core.package_identification:_identify(.) by extension 'colcon_pkg'
[1.333s] Level 1:colcon.colcon_core.package_identification:_identify(.) by extensions ['colcon_meta']
[1.333s] Level 1:colcon.colcon_core.package_identification:_identify(.) by extension 'colcon_meta'
[1.333s] Level 1:colcon.colcon_core.package_identification:_identify(.) by extensions ['ros']
[1.334s] Level 1:colcon.colcon_core.package_identification:_identify(.) by extension 'ros'
[1.379s] Level 1:colcon.colcon_core.package_identification:_identify(.) by extensions ['cmake', 'python']
[1.380s] Level 1:colcon.colcon_core.package_identification:_identify(.) by extension 'cmake'
[1.380s] Level 1:colcon.colcon_core.package_identification:_identify(.) by extension 'python'
[1.380s] Level 1:colcon.colcon_core.package_identification:_identify(.) by extensions ['python_setup_py']
[1.380s] Level 1:colcon.colcon_core.package_identification:_identify(.) by extension 'python_setup_py'
[1.381s] Level 1:colcon.colcon_core.package_identification:_identify(build) by extensions ['ignore', 'ignore_ament_install']
[1.381s] Level 1:colcon.colcon_core.package_identification:_identify(build) by extension 'ignore'
[1.381s] Level 1:colcon.colcon_core.package_identification:_identify(build) ignored
[1.382s] Level 1:colcon.colcon_core.package_identification:_identify(install) by extensions ['ignore', 'ignore_ament_install']
[1.382s] Level 1:colcon.colcon_core.package_identification:_identify(install) by extension 'ignore'
[1.383s] Level 1:colcon.colcon_core.package_identification:_identify(install) ignored
[1.383s] Level 1:colcon.colcon_core.package_identification:_identify(launch) by extensions ['ignore', 'ignore_ament_install']
[1.383s] Level 1:colcon.colcon_core.package_identification:_identify(launch) by extension 'ignore'
[1.384s] Level 1:colcon.colcon_core.package_identification:_identify(launch) by extension 'ignore_ament_install'
[1.384s] Level 1:colcon.colcon_core.package_identification:_identify(launch) by extensions ['colcon_pkg']
[1.384s] Level 1:colcon.colcon_core.package_identification:_identify(launch) by extension 'colcon_pkg'
[1.384s] Level 1:colcon.colcon_core.package_identification:_identify(launch) by extensions ['colcon_meta']
[1.384s] Level 1:colcon.colcon_core.package_identification:_identify(launch) by extension 'colcon_meta'
[1.384s] Level 1:colcon.colcon_core.package_identification:_identify(launch) by extensions ['ros']
[1.384s] Level 1:colcon.colcon_core.package_identification:_identify(launch) by extension 'ros'
[1.385s] Level 1:colcon.colcon_core.package_identification:_identify(launch) by extensions ['cmake', 'python']
[1.385s] Level 1:colcon.colcon_core.package_identification:_identify(launch) by extension 'cmake'
[1.385s] Level 1:colcon.colcon_core.package_identification:_identify(launch) by extension 'python'
[1.385s] Level 1:colcon.colcon_core.package_identification:_identify(launch) by extensions ['python_setup_py']
[1.385s] Level 1:colcon.colcon_core.package_identification:_identify(launch) by extension 'python_setup_py'
[1.386s] Level 1:colcon.colcon_core.package_identification:_identify(launch/__pycache__) by extensions ['ignore', 'ignore_ament_install']
[1.386s] Level 1:colcon.colcon_core.package_identification:_identify(launch/__pycache__) by extension 'ignore'
[1.386s] Level 1:colcon.colcon_core.package_identification:_identify(launch/__pycache__) by extension 'ignore_ament_install'
[1.386s] Level 1:colcon.colcon_core.package_identification:_identify(launch/__pycache__) by extensions ['colcon_pkg']
[1.387s] Level 1:colcon.colcon_core.package_identification:_identify(launch/__pycache__) by extension 'colcon_pkg'
[1.387s] Level 1:colcon.colcon_core.package_identification:_identify(launch/__pycache__) by extensions ['colcon_meta']
[1.387s] Level 1:colcon.colcon_core.package_identification:_identify(launch/__pycache__) by extension 'colcon_meta'
[1.387s] Level 1:colcon.colcon_core.package_identification:_identify(launch/__pycache__) by extensions ['ros']
[1.387s] Level 1:colcon.colcon_core.package_identification:_identify(launch/__pycache__) by extension 'ros'
[1.388s] Level 1:colcon.colcon_core.package_identification:_identify(launch/__pycache__) by extensions ['cmake', 'python']
[1.388s] Level 1:colcon.colcon_core.package_identification:_identify(launch/__pycache__) by extension 'cmake'
[1.388s] Level 1:colcon.colcon_core.package_identification:_identify(launch/__pycache__) by extension 'python'
[1.388s] Level 1:colcon.colcon_core.package_identification:_identify(launch/__pycache__) by extensions ['python_setup_py']
[1.388s] Level 1:colcon.colcon_core.package_identification:_identify(launch/__pycache__) by extension 'python_setup_py'
[1.401s] Level 1:colcon.colcon_core.package_identification:_identify(log) by extensions ['ignore', 'ignore_ament_install']
[1.401s] Level 1:colcon.colcon_core.package_identification:_identify(log) by extension 'ignore'
[1.401s] Level 1:colcon.colcon_core.package_identification:_identify(log) ignored
[1.402s] Level 1:colcon.colcon_core.package_identification:_identify(scripts) by extensions ['ignore', 'ignore_ament_install']
[1.402s] Level 1:colcon.colcon_core.package_identification:_identify(scripts) by extension 'ignore'
[1.402s] Level 1:colcon.colcon_core.package_identification:_identify(scripts) by extension 'ignore_ament_install'
[1.403s] Level 1:colcon.colcon_core.package_identification:_identify(scripts) by extensions ['colcon_pkg']
[1.403s] Level 1:colcon.colcon_core.package_identification:_identify(scripts) by extension 'colcon_pkg'
[1.403s] Level 1:colcon.colcon_core.package_identification:_identify(scripts) by extensions ['colcon_meta']
[1.403s] Level 1:colcon.colcon_core.package_identification:_identify(scripts) by extension 'colcon_meta'
[1.403s] Level 1:colcon.colcon_core.package_identification:_identify(scripts) by extensions ['ros']
[1.403s] Level 1:colcon.colcon_core.package_identification:_identify(scripts) by extension 'ros'
[1.404s] Level 1:colcon.colcon_core.package_identification:_identify(scripts) by extensions ['cmake', 'python']
[1.404s] Level 1:colcon.colcon_core.package_identification:_identify(scripts) by extension 'cmake'
[1.404s] Level 1:colcon.colcon_core.package_identification:_identify(scripts) by extension 'python'
[1.404s] Level 1:colcon.colcon_core.package_identification:_identify(scripts) by extensions ['python_setup_py']
[1.404s] Level 1:colcon.colcon_core.package_identification:_identify(scripts) by extension 'python_setup_py'
[1.405s] Level 1:colcon.colcon_core.package_identification:_identify(src) by extensions ['ignore', 'ignore_ament_install']
[1.405s] Level 1:colcon.colcon_core.package_identification:_identify(src) by extension 'ignore'
[1.405s] Level 1:colcon.colcon_core.package_identification:_identify(src) by extension 'ignore_ament_install'
[1.405s] Level 1:colcon.colcon_core.package_identification:_identify(src) by extensions ['colcon_pkg']
[1.406s] Level 1:colcon.colcon_core.package_identification:_identify(src) by extension 'colcon_pkg'
[1.406s] Level 1:colcon.colcon_core.package_identification:_identify(src) by extensions ['colcon_meta']
[1.406s] Level 1:colcon.colcon_core.package_identification:_identify(src) by extension 'colcon_meta'
[1.406s] Level 1:colcon.colcon_core.package_identification:_identify(src) by extensions ['ros']
[1.406s] Level 1:colcon.colcon_core.package_identification:_identify(src) by extension 'ros'
[1.406s] Level 1:colcon.colcon_core.package_identification:_identify(src) by extensions ['cmake', 'python']
[1.407s] Level 1:colcon.colcon_core.package_identification:_identify(src) by extension 'cmake'
[1.407s] Level 1:colcon.colcon_core.package_identification:_identify(src) by extension 'python'
[1.407s] Level 1:colcon.colcon_core.package_identification:_identify(src) by extensions ['python_setup_py']
[1.407s] Level 1:colcon.colcon_core.package_identification:_identify(src) by extension 'python_setup_py'
[1.407s] Level 1:colcon.colcon_core.package_identification:_identify(src/camera_test) by extensions ['ignore', 'ignore_ament_install']
[1.408s] Level 1:colcon.colcon_core.package_identification:_identify(src/camera_test) by extension 'ignore'
[1.408s] Level 1:colcon.colcon_core.package_identification:_identify(src/camera_test) by extension 'ignore_ament_install'
[1.408s] Level 1:colcon.colcon_core.package_identification:_identify(src/camera_test) by extensions ['colcon_pkg']
[1.408s] Level 1:colcon.colcon_core.package_identification:_identify(src/camera_test) by extension 'colcon_pkg'
[1.408s] Level 1:colcon.colcon_core.package_identification:_identify(src/camera_test) by extensions ['colcon_meta']
[1.408s] Level 1:colcon.colcon_core.package_identification:_identify(src/camera_test) by extension 'colcon_meta'
[1.409s] Level 1:colcon.colcon_core.package_identification:_identify(src/camera_test) by extensions ['ros']
[1.409s] Level 1:colcon.colcon_core.package_identification:_identify(src/camera_test) by extension 'ros'
[1.417s] DEBUG:colcon.colcon_core.package_identification:Package 'src/camera_test' with type 'ros.ament_python' and name 'camera_test'
[1.417s] Level 1:colcon.colcon_core.package_identification:_identify(src/db_broker) by extensions ['ignore', 'ignore_ament_install']
[1.418s] Level 1:colcon.colcon_core.package_identification:_identify(src/db_broker) by extension 'ignore'
[1.418s] Level 1:colcon.colcon_core.package_identification:_identify(src/db_broker) by extension 'ignore_ament_install'
[1.418s] Level 1:colcon.colcon_core.package_identification:_identify(src/db_broker) by extensions ['colcon_pkg']
[1.418s] Level 1:colcon.colcon_core.package_identification:_identify(src/db_broker) by extension 'colcon_pkg'
[1.419s] Level 1:colcon.colcon_core.package_identification:_identify(src/db_broker) by extensions ['colcon_meta']
[1.419s] Level 1:colcon.colcon_core.package_identification:_identify(src/db_broker) by extension 'colcon_meta'
[1.419s] Level 1:colcon.colcon_core.package_identification:_identify(src/db_broker) by extensions ['ros']
[1.419s] Level 1:colcon.colcon_core.package_identification:_identify(src/db_broker) by extension 'ros'
[1.421s] DEBUG:colcon.colcon_core.package_identification:Package 'src/db_broker' with type 'ros.ament_python' and name 'db_broker'
[1.421s] Level 1:colcon.colcon_core.package_identification:_identify(src/drive_cb) by extensions ['ignore', 'ignore_ament_install']
[1.422s] Level 1:colcon.colcon_core.package_identification:_identify(src/drive_cb) by extension 'ignore'
[1.422s] Level 1:colcon.colcon_core.package_identification:_identify(src/drive_cb) by extension 'ignore_ament_install'
[1.422s] Level 1:colcon.colcon_core.package_identification:_identify(src/drive_cb) by extensions ['colcon_pkg']
[1.422s] Level 1:colcon.colcon_core.package_identification:_identify(src/drive_cb) by extension 'colcon_pkg'
[1.422s] Level 1:colcon.colcon_core.package_identification:_identify(src/drive_cb) by extensions ['colcon_meta']
[1.423s] Level 1:colcon.colcon_core.package_identification:_identify(src/drive_cb) by extension 'colcon_meta'
[1.423s] Level 1:colcon.colcon_core.package_identification:_identify(src/drive_cb) by extensions ['ros']
[1.423s] Level 1:colcon.colcon_core.package_identification:_identify(src/drive_cb) by extension 'ros'
[1.425s] DEBUG:colcon.colcon_core.package_identification:Package 'src/drive_cb' with type 'ros.ament_python' and name 'drive_cb'
[1.426s] Level 1:colcon.colcon_core.package_identification:_identify(src/drive_ex) by extensions ['ignore', 'ignore_ament_install']
[1.426s] Level 1:colcon.colcon_core.package_identification:_identify(src/drive_ex) by extension 'ignore'
[1.426s] Level 1:colcon.colcon_core.package_identification:_identify(src/drive_ex) by extension 'ignore_ament_install'
[1.427s] Level 1:colcon.colcon_core.package_identification:_identify(src/drive_ex) by extensions ['colcon_pkg']
[1.427s] Level 1:colcon.colcon_core.package_identification:_identify(src/drive_ex) by extension 'colcon_pkg'
[1.427s] Level 1:colcon.colcon_core.package_identification:_identify(src/drive_ex) by extensions ['colcon_meta']
[1.427s] Level 1:colcon.colcon_core.package_identification:_identify(src/drive_ex) by extension 'colcon_meta'
[1.427s] Level 1:colcon.colcon_core.package_identification:_identify(src/drive_ex) by extensions ['ros']
[1.427s] Level 1:colcon.colcon_core.package_identification:_identify(src/drive_ex) by extension 'ros'
[1.429s] DEBUG:colcon.colcon_core.package_identification:Package 'src/drive_ex' with type 'ros.ament_python' and name 'drive_ex'
[1.430s] Level 1:colcon.colcon_core.package_identification:_identify(src/joy_control) by extensions ['ignore', 'ignore_ament_install']
[1.430s] Level 1:colcon.colcon_core.package_identification:_identify(src/joy_control) by extension 'ignore'
[1.430s] Level 1:colcon.colcon_core.package_identification:_identify(src/joy_control) by extension 'ignore_ament_install'
[1.431s] Level 1:colcon.colcon_core.package_identification:_identify(src/joy_control) by extensions ['colcon_pkg']
[1.431s] Level 1:colcon.colcon_core.package_identification:_identify(src/joy_control) by extension 'colcon_pkg'
[1.431s] Level 1:colcon.colcon_core.package_identification:_identify(src/joy_control) by extensions ['colcon_meta']
[1.431s] Level 1:colcon.colcon_core.package_identification:_identify(src/joy_control) by extension 'colcon_meta'
[1.431s] Level 1:colcon.colcon_core.package_identification:_identify(src/joy_control) by extensions ['ros']
[1.431s] Level 1:colcon.colcon_core.package_identification:_identify(src/joy_control) by extension 'ros'
[1.433s] DEBUG:colcon.colcon_core.package_identification:Package 'src/joy_control' with type 'ros.ament_python' and name 'joy_control'
[1.434s] Level 1:colcon.colcon_core.package_identification:_identify(src/py_pubsub) by extensions ['ignore', 'ignore_ament_install']
[1.434s] Level 1:colcon.colcon_core.package_identification:_identify(src/py_pubsub) by extension 'ignore'
[1.434s] Level 1:colcon.colcon_core.package_identification:_identify(src/py_pubsub) by extension 'ignore_ament_install'
[1.435s] Level 1:colcon.colcon_core.package_identification:_identify(src/py_pubsub) by extensions ['colcon_pkg']
[1.435s] Level 1:colcon.colcon_core.package_identification:_identify(src/py_pubsub) by extension 'colcon_pkg'
[1.435s] Level 1:colcon.colcon_core.package_identification:_identify(src/py_pubsub) by extensions ['colcon_meta']
[1.435s] Level 1:colcon.colcon_core.package_identification:_identify(src/py_pubsub) by extension 'colcon_meta'
[1.435s] Level 1:colcon.colcon_core.package_identification:_identify(src/py_pubsub) by extensions ['ros']
[1.435s] Level 1:colcon.colcon_core.package_identification:_identify(src/py_pubsub) by extension 'ros'
[1.437s] DEBUG:colcon.colcon_core.package_identification:Package 'src/py_pubsub' with type 'ros.ament_python' and name 'py_pubsub'
[1.438s] Level 1:colcon.colcon_core.package_identification:_identify(src/sensors) by extensions ['ignore', 'ignore_ament_install']
[1.438s] Level 1:colcon.colcon_core.package_identification:_identify(src/sensors) by extension 'ignore'
[1.438s] Level 1:colcon.colcon_core.package_identification:_identify(src/sensors) by extension 'ignore_ament_install'
[1.439s] Level 1:colcon.colcon_core.package_identification:_identify(src/sensors) by extensions ['colcon_pkg']
[1.439s] Level 1:colcon.colcon_core.package_identification:_identify(src/sensors) by extension 'colcon_pkg'
[1.439s] Level 1:colcon.colcon_core.package_identification:_identify(src/sensors) by extensions ['colcon_meta']
[1.439s] Level 1:colcon.colcon_core.package_identification:_identify(src/sensors) by extension 'colcon_meta'
[1.439s] Level 1:colcon.colcon_core.package_identification:_identify(src/sensors) by extensions ['ros']
[1.439s] Level 1:colcon.colcon_core.package_identification:_identify(src/sensors) by extension 'ros'
[1.441s] DEBUG:colcon.colcon_core.package_identification:Package 'src/sensors' with type 'ros.ament_python' and name 'sensors'
[1.441s] Level 1:colcon.colcon_core.package_identification:_identify(src/ui) by extensions ['ignore', 'ignore_ament_install']
[1.442s] Level 1:colcon.colcon_core.package_identification:_identify(src/ui) by extension 'ignore'
[1.442s] Level 1:colcon.colcon_core.package_identification:_identify(src/ui) by extension 'ignore_ament_install'
[1.442s] Level 1:colcon.colcon_core.package_identification:_identify(src/ui) by extensions ['colcon_pkg']
[1.442s] Level 1:colcon.colcon_core.package_identification:_identify(src/ui) by extension 'colcon_pkg'
[1.443s] Level 1:colcon.colcon_core.package_identification:_identify(src/ui) by extensions ['colcon_meta']
[1.443s] Level 1:colcon.colcon_core.package_identification:_identify(src/ui) by extension 'colcon_meta'
[1.443s] Level 1:colcon.colcon_core.package_identification:_identify(src/ui) by extensions ['ros']
[1.443s] Level 1:colcon.colcon_core.package_identification:_identify(src/ui) by extension 'ros'
[1.445s] DEBUG:colcon.colcon_core.package_identification:Package 'src/ui' with type 'ros.ament_python' and name 'ui'
[1.445s] Level 1:colcon.colcon_core.package_discovery:discover_packages(recursive) using defaults
[1.445s] Level 1:colcon.colcon_core.package_discovery:discover_packages(ignore) discover
[1.445s] Level 1:colcon.colcon_core.package_discovery:discover_packages(ignore) using defaults
[1.445s] Level 1:colcon.colcon_core.package_discovery:discover_packages(path) discover
[1.446s] Level 1:colcon.colcon_core.package_discovery:discover_packages(path) using defaults
[1.568s] Level 1:colcon.colcon_core.package_discovery:discover_packages(prefix_path) check parameters
[1.569s] Level 1:colcon.colcon_core.package_discovery:discover_packages(prefix_path) discover
[1.579s] DEBUG:colcon.colcon_installed_package_information.package_discovery:Found 8 installed packages in /home/beachlbl/porter/ros2-ws-2024/install
[1.588s] DEBUG:colcon.colcon_installed_package_information.package_discovery:Found 287 installed packages in /opt/ros/iron
[1.595s] Level 1:colcon.colcon_core.package_discovery:discover_packages(prefix_path) using defaults
[1.789s] Level 5:colcon.colcon_core.verb:set package 'camera_test' build argument 'cmake_args' from command line to 'None'
[1.789s] Level 5:colcon.colcon_core.verb:set package 'camera_test' build argument 'cmake_target' from command line to 'None'
[1.789s] Level 5:colcon.colcon_core.verb:set package 'camera_test' build argument 'cmake_target_skip_unavailable' from command line to 'False'
[1.789s] Level 5:colcon.colcon_core.verb:set package 'camera_test' build argument 'cmake_clean_cache' from command line to 'False'
[1.789s] Level 5:colcon.colcon_core.verb:set package 'camera_test' build argument 'cmake_clean_first' from command line to 'False'
[1.789s] Level 5:colcon.colcon_core.verb:set package 'camera_test' build argument 'cmake_force_configure' from command line to 'False'
[1.789s] Level 5:colcon.colcon_core.verb:set package 'camera_test' build argument 'ament_cmake_args' from command line to 'None'
[1.790s] Level 5:colcon.colcon_core.verb:set package 'camera_test' build argument 'catkin_cmake_args' from command line to 'None'
[1.790s] Level 5:colcon.colcon_core.verb:set package 'camera_test' build argument 'catkin_skip_building_tests' from command line to 'False'
[1.790s] DEBUG:colcon.colcon_core.verb:Building package 'camera_test' with the following arguments: {'ament_cmake_args': None, 'build_base': '/home/beachlbl/porter/ros2-ws-2024/build/camera_test', 'catkin_cmake_args': None, 'catkin_skip_building_tests': False, 'cmake_args': None, 'cmake_clean_cache': False, 'cmake_clean_first': False, 'cmake_force_configure': False, 'cmake_target': None, 'cmake_target_skip_unavailable': False, 'install_base': '/home/beachlbl/porter/ros2-ws-2024/install/camera_test', 'merge_install': False, 'path': '/home/beachlbl/porter/ros2-ws-2024/src/camera_test', 'symlink_install': False, 'test_result_base': None}
[1.791s] Level 5:colcon.colcon_core.verb:set package 'db_broker' build argument 'cmake_args' from command line to 'None'
[1.791s] Level 5:colcon.colcon_core.verb:set package 'db_broker' build argument 'cmake_target' from command line to 'None'
[1.792s] Level 5:colcon.colcon_core.verb:set package 'db_broker' build argument 'cmake_target_skip_unavailable' from command line to 'False'
[1.792s] Level 5:colcon.colcon_core.verb:set package 'db_broker' build argument 'cmake_clean_cache' from command line to 'False'
[1.792s] Level 5:colcon.colcon_core.verb:set package 'db_broker' build argument 'cmake_clean_first' from command line to 'False'
[1.792s] Level 5:colcon.colcon_core.verb:set package 'db_broker' build argument 'cmake_force_configure' from command line to 'False'
[1.792s] Level 5:colcon.colcon_core.verb:set package 'db_broker' build argument 'ament_cmake_args' from command line to 'None'
[1.792s] Level 5:colcon.colcon_core.verb:set package 'db_broker' build argument 'catkin_cmake_args' from command line to 'None'
[1.792s] Level 5:colcon.colcon_core.verb:set package 'db_broker' build argument 'catkin_skip_building_tests' from command line to 'False'
[1.792s] DEBUG:colcon.colcon_core.verb:Building package 'db_broker' with the following arguments: {'ament_cmake_args': None, 'build_base': '/home/beachlbl/porter/ros2-ws-2024/build/db_broker', 'catkin_cmake_args': None, 'catkin_skip_building_tests': False, 'cmake_args': None, 'cmake_clean_cache': False, 'cmake_clean_first': False, 'cmake_force_configure': False, 'cmake_target': None, 'cmake_target_skip_unavailable': False, 'install_base': '/home/beachlbl/porter/ros2-ws-2024/install/db_broker', 'merge_install': False, 'path': '/home/beachlbl/porter/ros2-ws-2024/src/db_broker', 'symlink_install': False, 'test_result_base': None}
[1.794s] Level 5:colcon.colcon_core.verb:set package 'drive_cb' build argument 'cmake_args' from command line to 'None'
[1.794s] Level 5:colcon.colcon_core.verb:set package 'drive_cb' build argument 'cmake_target' from command line to 'None'
[1.794s] Level 5:colcon.colcon_core.verb:set package 'drive_cb' build argument 'cmake_target_skip_unavailable' from command line to 'False'
[1.794s] Level 5:colcon.colcon_core.verb:set package 'drive_cb' build argument 'cmake_clean_cache' from command line to 'False'
[1.794s] Level 5:colcon.colcon_core.verb:set package 'drive_cb' build argument 'cmake_clean_first' from command line to 'False'
[1.794s] Level 5:colcon.colcon_core.verb:set package 'drive_cb' build argument 'cmake_force_configure' from command line to 'False'
[1.794s] Level 5:colcon.colcon_core.verb:set package 'drive_cb' build argument 'ament_cmake_args' from command line to 'None'
[1.794s] Level 5:colcon.colcon_core.verb:set package 'drive_cb' build argument 'catkin_cmake_args' from command line to 'None'
[1.795s] Level 5:colcon.colcon_core.verb:set package 'drive_cb' build argument 'catkin_skip_building_tests' from command line to 'False'
[1.795s] DEBUG:colcon.colcon_core.verb:Building package 'drive_cb' with the following arguments: {'ament_cmake_args': None, 'build_base': '/home/beachlbl/porter/ros2-ws-2024/build/drive_cb', 'catkin_cmake_args': None, 'catkin_skip_building_tests': False, 'cmake_args': None, 'cmake_clean_cache': False, 'cmake_clean_first': False, 'cmake_force_configure': False, 'cmake_target': None, 'cmake_target_skip_unavailable': False, 'install_base': '/home/beachlbl/porter/ros2-ws-2024/install/drive_cb', 'merge_install': False, 'path': '/home/beachlbl/porter/ros2-ws-2024/src/drive_cb', 'symlink_install': False, 'test_result_base': None}
[1.796s] Level 5:colcon.colcon_core.verb:set package 'drive_ex' build argument 'cmake_args' from command line to 'None'
[1.796s] Level 5:colcon.colcon_core.verb:set package 'drive_ex' build argument 'cmake_target' from command line to 'None'
[1.796s] Level 5:colcon.colcon_core.verb:set package 'drive_ex' build argument 'cmake_target_skip_unavailable' from command line to 'False'
[1.796s] Level 5:colcon.colcon_core.verb:set package 'drive_ex' build argument 'cmake_clean_cache' from command line to 'False'
[1.796s] Level 5:colcon.colcon_core.verb:set package 'drive_ex' build argument 'cmake_clean_first' from command line to 'False'
[1.797s] Level 5:colcon.colcon_core.verb:set package 'drive_ex' build argument 'cmake_force_configure' from command line to 'False'
[1.797s] Level 5:colcon.colcon_core.verb:set package 'drive_ex' build argument 'ament_cmake_args' from command line to 'None'
[1.797s] Level 5:colcon.colcon_core.verb:set package 'drive_ex' build argument 'catkin_cmake_args' from command line to 'None'
[1.797s] Level 5:colcon.colcon_core.verb:set package 'drive_ex' build argument 'catkin_skip_building_tests' from command line to 'False'
[1.797s] DEBUG:colcon.colcon_core.verb:Building package 'drive_ex' with the following arguments: {'ament_cmake_args': None, 'build_base': '/home/beachlbl/porter/ros2-ws-2024/build/drive_ex', 'catkin_cmake_args': None, 'catkin_skip_building_tests': False, 'cmake_args': None, 'cmake_clean_cache': False, 'cmake_clean_first': False, 'cmake_force_configure': False, 'cmake_target': None, 'cmake_target_skip_unavailable': False, 'install_base': '/home/beachlbl/porter/ros2-ws-2024/install/drive_ex', 'merge_install': False, 'path': '/home/beachlbl/porter/ros2-ws-2024/src/drive_ex', 'symlink_install': False, 'test_result_base': None}
[1.798s] Level 5:colcon.colcon_core.verb:set package 'joy_control' build argument 'cmake_args' from command line to 'None'
[1.799s] Level 5:colcon.colcon_core.verb:set package 'joy_control' build argument 'cmake_target' from command line to 'None'
[1.799s] Level 5:colcon.colcon_core.verb:set package 'joy_control' build argument 'cmake_target_skip_unavailable' from command line to 'False'
[1.799s] Level 5:colcon.colcon_core.verb:set package 'joy_control' build argument 'cmake_clean_cache' from command line to 'False'
[1.799s] Level 5:colcon.colcon_core.verb:set package 'joy_control' build argument 'cmake_clean_first' from command line to 'False'
[1.799s] Level 5:colcon.colcon_core.verb:set package 'joy_control' build argument 'cmake_force_configure' from command line to 'False'
[1.799s] Level 5:colcon.colcon_core.verb:set package 'joy_control' build argument 'ament_cmake_args' from command line to 'None'
[1.799s] Level 5:colcon.colcon_core.verb:set package 'joy_control' build argument 'catkin_cmake_args' from command line to 'None'
[1.799s] Level 5:colcon.colcon_core.verb:set package 'joy_control' build argument 'catkin_skip_building_tests' from command line to 'False'
[1.799s] DEBUG:colcon.colcon_core.verb:Building package 'joy_control' with the following arguments: {'ament_cmake_args': None, 'build_base': '/home/beachlbl/porter/ros2-ws-2024/build/joy_control', 'catkin_cmake_args': None, 'catkin_skip_building_tests': False, 'cmake_args': None, 'cmake_clean_cache': False, 'cmake_clean_first': False, 'cmake_force_configure': False, 'cmake_target': None, 'cmake_target_skip_unavailable': False, 'install_base': '/home/beachlbl/porter/ros2-ws-2024/install/joy_control', 'merge_install': False, 'path': '/home/beachlbl/porter/ros2-ws-2024/src/joy_control', 'symlink_install': False, 'test_result_base': None}
[1.801s] Level 5:colcon.colcon_core.verb:set package 'py_pubsub' build argument 'cmake_args' from command line to 'None'
[1.801s] Level 5:colcon.colcon_core.verb:set package 'py_pubsub' build argument 'cmake_target' from command line to 'None'
[1.801s] Level 5:colcon.colcon_core.verb:set package 'py_pubsub' build argument 'cmake_target_skip_unavailable' from command line to 'False'
[1.801s] Level 5:colcon.colcon_core.verb:set package 'py_pubsub' build argument 'cmake_clean_cache' from command line to 'False'
[1.801s] Level 5:colcon.colcon_core.verb:set package 'py_pubsub' build argument 'cmake_clean_first' from command line to 'False'
[1.801s] Level 5:colcon.colcon_core.verb:set package 'py_pubsub' build argument 'cmake_force_configure' from command line to 'False'
[1.801s] Level 5:colcon.colcon_core.verb:set package 'py_pubsub' build argument 'ament_cmake_args' from command line to 'None'
[1.802s] Level 5:colcon.colcon_core.verb:set package 'py_pubsub' build argument 'catkin_cmake_args' from command line to 'None'
[1.802s] Level 5:colcon.colcon_core.verb:set package 'py_pubsub' build argument 'catkin_skip_building_tests' from command line to 'False'
[1.802s] DEBUG:colcon.colcon_core.verb:Building package 'py_pubsub' with the following arguments: {'ament_cmake_args': None, 'build_base': '/home/beachlbl/porter/ros2-ws-2024/build/py_pubsub', 'catkin_cmake_args': None, 'catkin_skip_building_tests': False, 'cmake_args': None, 'cmake_clean_cache': False, 'cmake_clean_first': False, 'cmake_force_configure': False, 'cmake_target': None, 'cmake_target_skip_unavailable': False, 'install_base': '/home/beachlbl/porter/ros2-ws-2024/install/py_pubsub', 'merge_install': False, 'path': '/home/beachlbl/porter/ros2-ws-2024/src/py_pubsub', 'symlink_install': False, 'test_result_base': None}
[1.803s] Level 5:colcon.colcon_core.verb:set package 'sensors' build argument 'cmake_args' from command line to 'None'
[1.803s] Level 5:colcon.colcon_core.verb:set package 'sensors' build argument 'cmake_target' from command line to 'None'
[1.803s] Level 5:colcon.colcon_core.verb:set package 'sensors' build argument 'cmake_target_skip_unavailable' from command line to 'False'
[1.803s] Level 5:colcon.colcon_core.verb:set package 'sensors' build argument 'cmake_clean_cache' from command line to 'False'
[1.804s] Level 5:colcon.colcon_core.verb:set package 'sensors' build argument 'cmake_clean_first' from command line to 'False'
[1.804s] Level 5:colcon.colcon_core.verb:set package 'sensors' build argument 'cmake_force_configure' from command line to 'False'
[1.804s] Level 5:colcon.colcon_core.verb:set package 'sensors' build argument 'ament_cmake_args' from command line to 'None'
[1.804s] Level 5:colcon.colcon_core.verb:set package 'sensors' build argument 'catkin_cmake_args' from command line to 'None'
[1.804s] Level 5:colcon.colcon_core.verb:set package 'sensors' build argument 'catkin_skip_building_tests' from command line to 'False'
[1.804s] DEBUG:colcon.colcon_core.verb:Building package 'sensors' with the following arguments: {'ament_cmake_args': None, 'build_base': '/home/beachlbl/porter/ros2-ws-2024/build/sensors', 'catkin_cmake_args': None, 'catkin_skip_building_tests': False, 'cmake_args': None, 'cmake_clean_cache': False, 'cmake_clean_first': False, 'cmake_force_configure': False, 'cmake_target': None, 'cmake_target_skip_unavailable': False, 'install_base': '/home/beachlbl/porter/ros2-ws-2024/install/sensors', 'merge_install': False, 'path': '/home/beachlbl/porter/ros2-ws-2024/src/sensors', 'symlink_install': False, 'test_result_base': None}
[1.805s] Level 5:colcon.colcon_core.verb:set package 'ui' build argument 'cmake_args' from command line to 'None'
[1.806s] Level 5:colcon.colcon_core.verb:set package 'ui' build argument 'cmake_target' from command line to 'None'
[1.806s] Level 5:colcon.colcon_core.verb:set package 'ui' build argument 'cmake_target_skip_unavailable' from command line to 'False'
[1.806s] Level 5:colcon.colcon_core.verb:set package 'ui' build argument 'cmake_clean_cache' from command line to 'False'
[1.806s] Level 5:colcon.colcon_core.verb:set package 'ui' build argument 'cmake_clean_first' from command line to 'False'
[1.806s] Level 5:colcon.colcon_core.verb:set package 'ui' build argument 'cmake_force_configure' from command line to 'False'
[1.806s] Level 5:colcon.colcon_core.verb:set package 'ui' build argument 'ament_cmake_args' from command line to 'None'
[1.806s] Level 5:colcon.colcon_core.verb:set package 'ui' build argument 'catkin_cmake_args' from command line to 'None'
[1.806s] Level 5:colcon.colcon_core.verb:set package 'ui' build argument 'catkin_skip_building_tests' from command line to 'False'
[1.806s] DEBUG:colcon.colcon_core.verb:Building package 'ui' with the following arguments: {'ament_cmake_args': None, 'build_base': '/home/beachlbl/porter/ros2-ws-2024/build/ui', 'catkin_cmake_args': None, 'catkin_skip_building_tests': False, 'cmake_args': None, 'cmake_clean_cache': False, 'cmake_clean_first': False, 'cmake_force_configure': False, 'cmake_target': None, 'cmake_target_skip_unavailable': False, 'install_base': '/home/beachlbl/porter/ros2-ws-2024/install/ui', 'merge_install': False, 'path': '/home/beachlbl/porter/ros2-ws-2024/src/ui', 'symlink_install': False, 'test_result_base': None}
[1.807s] INFO:colcon.colcon_core.executor:Executing jobs using 'parallel' executor
[1.810s] DEBUG:colcon.colcon_parallel_executor.executor.parallel:run_until_complete
[1.811s] INFO:colcon.colcon_ros.task.ament_python.build:Building ROS package in '/home/beachlbl/porter/ros2-ws-2024/src/camera_test' with build type 'ament_python'
[1.813s] Level 1:colcon.colcon_core.shell:create_environment_hook('camera_test', 'ament_prefix_path')
[1.822s] INFO:colcon.colcon_core.plugin_system:Skipping extension 'colcon_core.shell.bat': Not used on non-Windows systems
[1.823s] INFO:colcon.colcon_core.shell:Creating environment hook '/home/beachlbl/porter/ros2-ws-2024/install/camera_test/share/camera_test/hook/ament_prefix_path.ps1'
[1.826s] INFO:colcon.colcon_core.shell:Creating environment descriptor '/home/beachlbl/porter/ros2-ws-2024/install/camera_test/share/camera_test/hook/ament_prefix_path.dsv'
[1.828s] INFO:colcon.colcon_core.shell:Creating environment hook '/home/beachlbl/porter/ros2-ws-2024/install/camera_test/share/camera_test/hook/ament_prefix_path.sh'
[1.831s] INFO:colcon.colcon_core.shell:Skip shell extension 'powershell' for command environment: Not usable outside of PowerShell
[1.831s] DEBUG:colcon.colcon_core.shell:Skip shell extension 'dsv' for command environment
[1.852s] INFO:colcon.colcon_ros.task.ament_python.build:Building ROS package in '/home/beachlbl/porter/ros2-ws-2024/src/db_broker' with build type 'ament_python'
[1.852s] Level 1:colcon.colcon_core.shell:create_environment_hook('db_broker', 'ament_prefix_path')
[1.854s] INFO:colcon.colcon_core.shell:Creating environment hook '/home/beachlbl/porter/ros2-ws-2024/install/db_broker/share/db_broker/hook/ament_prefix_path.ps1'
[1.856s] INFO:colcon.colcon_core.shell:Creating environment descriptor '/home/beachlbl/porter/ros2-ws-2024/install/db_broker/share/db_broker/hook/ament_prefix_path.dsv'
[1.857s] INFO:colcon.colcon_core.shell:Creating environment hook '/home/beachlbl/porter/ros2-ws-2024/install/db_broker/share/db_broker/hook/ament_prefix_path.sh'
[1.861s] INFO:colcon.colcon_core.shell:Skip shell extension 'powershell' for command environment: Not usable outside of PowerShell
[1.861s] DEBUG:colcon.colcon_core.shell:Skip shell extension 'dsv' for command environment
[1.881s] INFO:colcon.colcon_ros.task.ament_python.build:Building ROS package in '/home/beachlbl/porter/ros2-ws-2024/src/drive_cb' with build type 'ament_python'
[1.882s] Level 1:colcon.colcon_core.shell:create_environment_hook('drive_cb', 'ament_prefix_path')
[1.883s] INFO:colcon.colcon_core.shell:Creating environment hook '/home/beachlbl/porter/ros2-ws-2024/install/drive_cb/share/drive_cb/hook/ament_prefix_path.ps1'
[1.885s] INFO:colcon.colcon_core.shell:Creating environment descriptor '/home/beachlbl/porter/ros2-ws-2024/install/drive_cb/share/drive_cb/hook/ament_prefix_path.dsv'
[1.887s] INFO:colcon.colcon_core.shell:Creating environment hook '/home/beachlbl/porter/ros2-ws-2024/install/drive_cb/share/drive_cb/hook/ament_prefix_path.sh'
[1.890s] INFO:colcon.colcon_core.shell:Skip shell extension 'powershell' for command environment: Not usable outside of PowerShell
[1.890s] DEBUG:colcon.colcon_core.shell:Skip shell extension 'dsv' for command environment
[1.911s] INFO:colcon.colcon_ros.task.ament_python.build:Building ROS package in '/home/beachlbl/porter/ros2-ws-2024/src/drive_ex' with build type 'ament_python'
[1.912s] Level 1:colcon.colcon_core.shell:create_environment_hook('drive_ex', 'ament_prefix_path')
[1.913s] INFO:colcon.colcon_core.shell:Creating environment hook '/home/beachlbl/porter/ros2-ws-2024/install/drive_ex/share/drive_ex/hook/ament_prefix_path.ps1'
[1.915s] INFO:colcon.colcon_core.shell:Creating environment descriptor '/home/beachlbl/porter/ros2-ws-2024/install/drive_ex/share/drive_ex/hook/ament_prefix_path.dsv'
[1.917s] INFO:colcon.colcon_core.shell:Creating environment hook '/home/beachlbl/porter/ros2-ws-2024/install/drive_ex/share/drive_ex/hook/ament_prefix_path.sh'
[1.920s] INFO:colcon.colcon_core.shell:Skip shell extension 'powershell' for command environment: Not usable outside of PowerShell
[1.921s] DEBUG:colcon.colcon_core.shell:Skip shell extension 'dsv' for command environment
[3.216s] INFO:colcon.colcon_core.task.python.build:Building Python package in '/home/beachlbl/porter/ros2-ws-2024/src/camera_test'
[3.217s] INFO:colcon.colcon_core.shell:Skip shell extension 'powershell' for command environment: Not usable outside of PowerShell
[3.217s] DEBUG:colcon.colcon_core.shell:Skip shell extension 'dsv' for command environment
[4.508s] INFO:colcon.colcon_core.task.python.build:Building Python package in '/home/beachlbl/porter/ros2-ws-2024/src/db_broker'
[4.510s] INFO:colcon.colcon_core.shell:Skip shell extension 'powershell' for command environment: Not usable outside of PowerShell
[4.510s] DEBUG:colcon.colcon_core.shell:Skip shell extension 'dsv' for command environment
[5.794s] INFO:colcon.colcon_core.task.python.build:Building Python package in '/home/beachlbl/porter/ros2-ws-2024/src/drive_cb'
[5.795s] INFO:colcon.colcon_core.shell:Skip shell extension 'powershell' for command environment: Not usable outside of PowerShell
[5.796s] DEBUG:colcon.colcon_core.shell:Skip shell extension 'dsv' for command environment
[7.074s] INFO:colcon.colcon_core.task.python.build:Building Python package in '/home/beachlbl/porter/ros2-ws-2024/src/drive_ex'
[7.075s] INFO:colcon.colcon_core.shell:Skip shell extension 'powershell' for command environment: Not usable outside of PowerShell
[7.076s] DEBUG:colcon.colcon_core.shell:Skip shell extension 'dsv' for command environment
[9.728s] DEBUG:colcon.colcon_core.event_handler.log_command:Invoking command in '/home/beachlbl/porter/ros2-ws-2024/src/drive_cb': PYTHONPATH=/home/beachlbl/porter/ros2-ws-2024/build/drive_cb/prefix_override:/home/beachlbl/porter/ros2-ws-2024/install/drive_cb/lib/python3.10/site-packages:${PYTHONPATH} /usr/bin/python3 -W ignore:setup.py install is deprecated setup.py egg_info --egg-base ../../build/drive_cb build --build-base /home/beachlbl/porter/ros2-ws-2024/build/drive_cb/build install --record /home/beachlbl/porter/ros2-ws-2024/build/drive_cb/install.log --single-version-externally-managed install_data
[9.793s] DEBUG:colcon.colcon_core.event_handler.log_command:Invoking command in '/home/beachlbl/porter/ros2-ws-2024/src/drive_ex': PYTHONPATH=/home/beachlbl/porter/ros2-ws-2024/build/drive_ex/prefix_override:/home/beachlbl/porter/ros2-ws-2024/install/drive_ex/lib/python3.10/site-packages:${PYTHONPATH} /usr/bin/python3 -W ignore:setup.py install is deprecated setup.py egg_info --egg-base ../../build/drive_ex build --build-base /home/beachlbl/porter/ros2-ws-2024/build/drive_ex/build install --record /home/beachlbl/porter/ros2-ws-2024/build/drive_ex/install.log --single-version-externally-managed install_data
[9.817s] DEBUG:colcon.colcon_core.event_handler.log_command:Invoking command in '/home/beachlbl/porter/ros2-ws-2024/src/db_broker': PYTHONPATH=/home/beachlbl/porter/ros2-ws-2024/build/db_broker/prefix_override:/home/beachlbl/porter/ros2-ws-2024/install/db_broker/lib/python3.10/site-packages:${PYTHONPATH} /usr/bin/python3 -W ignore:setup.py install is deprecated setup.py egg_info --egg-base ../../build/db_broker build --build-base /home/beachlbl/porter/ros2-ws-2024/build/db_broker/build install --record /home/beachlbl/porter/ros2-ws-2024/build/db_broker/install.log --single-version-externally-managed install_data
[9.845s] DEBUG:colcon.colcon_core.event_handler.log_command:Invoking command in '/home/beachlbl/porter/ros2-ws-2024/src/camera_test': PYTHONPATH=/home/beachlbl/porter/ros2-ws-2024/build/camera_test/prefix_override:/home/beachlbl/porter/ros2-ws-2024/install/camera_test/lib/python3.10/site-packages:${PYTHONPATH} /usr/bin/python3 -W ignore:setup.py install is deprecated setup.py egg_info --egg-base ../../build/camera_test build --build-base /home/beachlbl/porter/ros2-ws-2024/build/camera_test/build install --record /home/beachlbl/porter/ros2-ws-2024/build/camera_test/install.log --single-version-externally-managed install_data
[11.946s] DEBUG:colcon.colcon_core.event_handler.log_command:Invoked command in '/home/beachlbl/porter/ros2-ws-2024/src/drive_cb' returned '0': PYTHONPATH=/home/beachlbl/porter/ros2-ws-2024/build/drive_cb/prefix_override:/home/beachlbl/porter/ros2-ws-2024/install/drive_cb/lib/python3.10/site-packages:${PYTHONPATH} /usr/bin/python3 -W ignore:setup.py install is deprecated setup.py egg_info --egg-base ../../build/drive_cb build --build-base /home/beachlbl/porter/ros2-ws-2024/build/drive_cb/build install --record /home/beachlbl/porter/ros2-ws-2024/build/drive_cb/install.log --single-version-externally-managed install_data
[11.983s] Level 1:colcon.colcon_core.environment:checking '/home/beachlbl/porter/ros2-ws-2024/install/drive_cb' for CMake module files
[11.988s] Level 1:colcon.colcon_core.environment:checking '/home/beachlbl/porter/ros2-ws-2024/install/drive_cb' for CMake config files
[12.000s] Level 1:colcon.colcon_core.environment:checking '/home/beachlbl/porter/ros2-ws-2024/install/drive_cb/lib'
[12.003s] Level 1:colcon.colcon_core.environment:checking '/home/beachlbl/porter/ros2-ws-2024/install/drive_cb/bin'
[12.004s] Level 1:colcon.colcon_core.environment:checking '/home/beachlbl/porter/ros2-ws-2024/install/drive_cb/lib/pkgconfig/drive_cb.pc'
[12.008s] Level 1:colcon.colcon_core.environment:checking '/home/beachlbl/porter/ros2-ws-2024/install/drive_cb/lib/python3.10/site-packages'
[12.012s] Level 1:colcon.colcon_core.shell:create_environment_hook('drive_cb', 'pythonpath')
[12.015s] INFO:colcon.colcon_core.shell:Creating environment hook '/home/beachlbl/porter/ros2-ws-2024/install/drive_cb/share/drive_cb/hook/pythonpath.ps1'
[12.019s] INFO:colcon.colcon_core.shell:Creating environment descriptor '/home/beachlbl/porter/ros2-ws-2024/install/drive_cb/share/drive_cb/hook/pythonpath.dsv'
[12.023s] INFO:colcon.colcon_core.shell:Creating environment hook '/home/beachlbl/porter/ros2-ws-2024/install/drive_cb/share/drive_cb/hook/pythonpath.sh'
[12.028s] Level 1:colcon.colcon_core.environment:checking '/home/beachlbl/porter/ros2-ws-2024/install/drive_cb/bin'
[12.029s] Level 1:colcon.colcon_core.environment:create_environment_scripts_only(drive_cb)
[12.031s] INFO:colcon.colcon_core.shell:Creating package script '/home/beachlbl/porter/ros2-ws-2024/install/drive_cb/share/drive_cb/package.ps1'
[12.038s] INFO:colcon.colcon_core.shell:Creating package descriptor '/home/beachlbl/porter/ros2-ws-2024/install/drive_cb/share/drive_cb/package.dsv'
[12.042s] INFO:colcon.colcon_core.shell:Creating package script '/home/beachlbl/porter/ros2-ws-2024/install/drive_cb/share/drive_cb/package.sh'
[12.047s] INFO:colcon.colcon_core.shell:Creating package script '/home/beachlbl/porter/ros2-ws-2024/install/drive_cb/share/drive_cb/package.bash'
[12.052s] INFO:colcon.colcon_core.shell:Creating package script '/home/beachlbl/porter/ros2-ws-2024/install/drive_cb/share/drive_cb/package.zsh'
[12.059s] Level 1:colcon.colcon_core.environment:create_file_with_runtime_dependencies(/home/beachlbl/porter/ros2-ws-2024/install/drive_cb/share/colcon-core/packages/drive_cb)
[12.064s] INFO:colcon.colcon_ros.task.ament_python.build:Building ROS package in '/home/beachlbl/porter/ros2-ws-2024/src/joy_control' with build type 'ament_python'
[12.066s] Level 1:colcon.colcon_core.shell:create_environment_hook('joy_control', 'ament_prefix_path')
[12.068s] INFO:colcon.colcon_core.shell:Creating environment hook '/home/beachlbl/porter/ros2-ws-2024/install/joy_control/share/joy_control/hook/ament_prefix_path.ps1'
[12.074s] INFO:colcon.colcon_core.shell:Creating environment descriptor '/home/beachlbl/porter/ros2-ws-2024/install/joy_control/share/joy_control/hook/ament_prefix_path.dsv'
[12.078s] INFO:colcon.colcon_core.shell:Creating environment hook '/home/beachlbl/porter/ros2-ws-2024/install/joy_control/share/joy_control/hook/ament_prefix_path.sh'
[12.082s] INFO:colcon.colcon_core.shell:Skip shell extension 'powershell' for command environment: Not usable outside of PowerShell
[12.083s] DEBUG:colcon.colcon_core.shell:Skip shell extension 'dsv' for command environment
[12.121s] Level 1:colcon.colcon_core.environment:checking '/home/beachlbl/porter/ros2-ws-2024/install/camera_test' for CMake module files
[12.124s] DEBUG:colcon.colcon_core.event_handler.log_command:Invoked command in '/home/beachlbl/porter/ros2-ws-2024/src/camera_test' returned '0': PYTHONPATH=/home/beachlbl/porter/ros2-ws-2024/build/camera_test/prefix_override:/home/beachlbl/porter/ros2-ws-2024/install/camera_test/lib/python3.10/site-packages:${PYTHONPATH} /usr/bin/python3 -W ignore:setup.py install is deprecated setup.py egg_info --egg-base ../../build/camera_test build --build-base /home/beachlbl/porter/ros2-ws-2024/build/camera_test/build install --record /home/beachlbl/porter/ros2-ws-2024/build/camera_test/install.log --single-version-externally-managed install_data
[12.128s] Level 1:colcon.colcon_core.environment:checking '/home/beachlbl/porter/ros2-ws-2024/install/camera_test' for CMake config files
[12.132s] Level 1:colcon.colcon_core.shell:create_environment_hook('camera_test', 'cmake_prefix_path')
[12.135s] INFO:colcon.colcon_core.shell:Creating environment hook '/home/beachlbl/porter/ros2-ws-2024/install/camera_test/share/camera_test/hook/cmake_prefix_path.ps1'
[12.138s] INFO:colcon.colcon_core.shell:Creating environment descriptor '/home/beachlbl/porter/ros2-ws-2024/install/camera_test/share/camera_test/hook/cmake_prefix_path.dsv'
[12.142s] INFO:colcon.colcon_core.shell:Creating environment hook '/home/beachlbl/porter/ros2-ws-2024/install/camera_test/share/camera_test/hook/cmake_prefix_path.sh'
[12.147s] Level 1:colcon.colcon_core.environment:checking '/home/beachlbl/porter/ros2-ws-2024/install/camera_test/lib'
[12.148s] Level 1:colcon.colcon_core.environment:checking '/home/beachlbl/porter/ros2-ws-2024/install/camera_test/bin'
[12.149s] Level 1:colcon.colcon_core.environment:checking '/home/beachlbl/porter/ros2-ws-2024/install/camera_test/lib/pkgconfig/camera_test.pc'
[12.151s] Level 1:colcon.colcon_core.environment:checking '/home/beachlbl/porter/ros2-ws-2024/install/camera_test/lib/python3.10/site-packages'
[12.151s] Level 1:colcon.colcon_core.shell:create_environment_hook('camera_test', 'pythonpath')
[12.153s] INFO:colcon.colcon_core.shell:Creating environment hook '/home/beachlbl/porter/ros2-ws-2024/install/camera_test/share/camera_test/hook/pythonpath.ps1'
[12.155s] INFO:colcon.colcon_core.shell:Creating environment descriptor '/home/beachlbl/porter/ros2-ws-2024/install/camera_test/share/camera_test/hook/pythonpath.dsv'
[12.158s] INFO:colcon.colcon_core.shell:Creating environment hook '/home/beachlbl/porter/ros2-ws-2024/install/camera_test/share/camera_test/hook/pythonpath.sh'
[12.162s] Level 1:colcon.colcon_core.environment:checking '/home/beachlbl/porter/ros2-ws-2024/install/camera_test/bin'
[12.163s] Level 1:colcon.colcon_core.environment:create_environment_scripts_only(camera_test)
[12.165s] INFO:colcon.colcon_core.shell:Creating package script '/home/beachlbl/porter/ros2-ws-2024/install/camera_test/share/camera_test/package.ps1'
[12.170s] INFO:colcon.colcon_core.shell:Creating package descriptor '/home/beachlbl/porter/ros2-ws-2024/install/camera_test/share/camera_test/package.dsv'
[12.173s] INFO:colcon.colcon_core.shell:Creating package script '/home/beachlbl/porter/ros2-ws-2024/install/camera_test/share/camera_test/package.sh'
[12.176s] INFO:colcon.colcon_core.shell:Creating package script '/home/beachlbl/porter/ros2-ws-2024/install/camera_test/share/camera_test/package.bash'
[12.179s] INFO:colcon.colcon_core.shell:Creating package script '/home/beachlbl/porter/ros2-ws-2024/install/camera_test/share/camera_test/package.zsh'
[12.181s] Level 1:colcon.colcon_core.environment:create_file_with_runtime_dependencies(/home/beachlbl/porter/ros2-ws-2024/install/camera_test/share/colcon-core/packages/camera_test)
[12.183s] Level 1:colcon.colcon_core.environment:checking '/home/beachlbl/porter/ros2-ws-2024/install/drive_ex' for CMake module files
[12.186s] DEBUG:colcon.colcon_core.event_handler.log_command:Invoked command in '/home/beachlbl/porter/ros2-ws-2024/src/drive_ex' returned '0': PYTHONPATH=/home/beachlbl/porter/ros2-ws-2024/build/drive_ex/prefix_override:/home/beachlbl/porter/ros2-ws-2024/install/drive_ex/lib/python3.10/site-packages:${PYTHONPATH} /usr/bin/python3 -W ignore:setup.py install is deprecated setup.py egg_info --egg-base ../../build/drive_ex build --build-base /home/beachlbl/porter/ros2-ws-2024/build/drive_ex/build install --record /home/beachlbl/porter/ros2-ws-2024/build/drive_ex/install.log --single-version-externally-managed install_data
[12.187s] Level 1:colcon.colcon_core.environment:checking '/home/beachlbl/porter/ros2-ws-2024/install/drive_ex' for CMake config files
[12.191s] Level 1:colcon.colcon_core.environment:checking '/home/beachlbl/porter/ros2-ws-2024/install/drive_ex/lib'
[12.191s] Level 1:colcon.colcon_core.environment:checking '/home/beachlbl/porter/ros2-ws-2024/install/drive_ex/bin'
[12.192s] Level 1:colcon.colcon_core.environment:checking '/home/beachlbl/porter/ros2-ws-2024/install/drive_ex/lib/pkgconfig/drive_ex.pc'
[12.193s] Level 1:colcon.colcon_core.environment:checking '/home/beachlbl/porter/ros2-ws-2024/install/drive_ex/lib/python3.10/site-packages'
[12.193s] Level 1:colcon.colcon_core.shell:create_environment_hook('drive_ex', 'pythonpath')
[12.194s] INFO:colcon.colcon_core.shell:Creating environment hook '/home/beachlbl/porter/ros2-ws-2024/install/drive_ex/share/drive_ex/hook/pythonpath.ps1'
[12.196s] INFO:colcon.colcon_core.shell:Creating environment descriptor '/home/beachlbl/porter/ros2-ws-2024/install/drive_ex/share/drive_ex/hook/pythonpath.dsv'
[12.197s] INFO:colcon.colcon_core.shell:Creating environment hook '/home/beachlbl/porter/ros2-ws-2024/install/drive_ex/share/drive_ex/hook/pythonpath.sh'
[12.200s] Level 1:colcon.colcon_core.environment:checking '/home/beachlbl/porter/ros2-ws-2024/install/drive_ex/bin'
[12.200s] Level 1:colcon.colcon_core.environment:create_environment_scripts_only(drive_ex)
[12.202s] INFO:colcon.colcon_core.shell:Creating package script '/home/beachlbl/porter/ros2-ws-2024/install/drive_ex/share/drive_ex/package.ps1'
[12.204s] INFO:colcon.colcon_core.shell:Creating package descriptor '/home/beachlbl/porter/ros2-ws-2024/install/drive_ex/share/drive_ex/package.dsv'
[12.206s] INFO:colcon.colcon_core.shell:Creating package script '/home/beachlbl/porter/ros2-ws-2024/install/drive_ex/share/drive_ex/package.sh'
[12.208s] INFO:colcon.colcon_core.shell:Creating package script '/home/beachlbl/porter/ros2-ws-2024/install/drive_ex/share/drive_ex/package.bash'
[12.210s] INFO:colcon.colcon_core.shell:Creating package script '/home/beachlbl/porter/ros2-ws-2024/install/drive_ex/share/drive_ex/package.zsh'
[12.212s] Level 1:colcon.colcon_core.environment:create_file_with_runtime_dependencies(/home/beachlbl/porter/ros2-ws-2024/install/drive_ex/share/colcon-core/packages/drive_ex)
[12.216s] INFO:colcon.colcon_ros.task.ament_python.build:Building ROS package in '/home/beachlbl/porter/ros2-ws-2024/src/py_pubsub' with build type 'ament_python'
[12.216s] Level 1:colcon.colcon_core.shell:create_environment_hook('py_pubsub', 'ament_prefix_path')
[12.217s] INFO:colcon.colcon_core.shell:Creating environment hook '/home/beachlbl/porter/ros2-ws-2024/install/py_pubsub/share/py_pubsub/hook/ament_prefix_path.ps1'
[12.220s] INFO:colcon.colcon_core.shell:Creating environment descriptor '/home/beachlbl/porter/ros2-ws-2024/install/py_pubsub/share/py_pubsub/hook/ament_prefix_path.dsv'
[12.222s] INFO:colcon.colcon_core.shell:Creating environment hook '/home/beachlbl/porter/ros2-ws-2024/install/py_pubsub/share/py_pubsub/hook/ament_prefix_path.sh'
[12.224s] INFO:colcon.colcon_core.shell:Skip shell extension 'powershell' for command environment: Not usable outside of PowerShell
[12.224s] DEBUG:colcon.colcon_core.shell:Skip shell extension 'dsv' for command environment
[12.244s] INFO:colcon.colcon_ros.task.ament_python.build:Building ROS package in '/home/beachlbl/porter/ros2-ws-2024/src/sensors' with build type 'ament_python'
[12.245s] Level 1:colcon.colcon_core.shell:create_environment_hook('sensors', 'ament_prefix_path')
[12.246s] INFO:colcon.colcon_core.shell:Creating environment hook '/home/beachlbl/porter/ros2-ws-2024/install/sensors/share/sensors/hook/ament_prefix_path.ps1'
[12.248s] INFO:colcon.colcon_core.shell:Creating environment descriptor '/home/beachlbl/porter/ros2-ws-2024/install/sensors/share/sensors/hook/ament_prefix_path.dsv'
[12.250s] INFO:colcon.colcon_core.shell:Creating environment hook '/home/beachlbl/porter/ros2-ws-2024/install/sensors/share/sensors/hook/ament_prefix_path.sh'
[12.253s] INFO:colcon.colcon_core.shell:Skip shell extension 'powershell' for command environment: Not usable outside of PowerShell
[12.253s] DEBUG:colcon.colcon_core.shell:Skip shell extension 'dsv' for command environment
[12.277s] Level 1:colcon.colcon_core.environment:checking '/home/beachlbl/porter/ros2-ws-2024/install/db_broker' for CMake module files
[12.280s] DEBUG:colcon.colcon_core.event_handler.log_command:Invoked command in '/home/beachlbl/porter/ros2-ws-2024/src/db_broker' returned '0': PYTHONPATH=/home/beachlbl/porter/ros2-ws-2024/build/db_broker/prefix_override:/home/beachlbl/porter/ros2-ws-2024/install/db_broker/lib/python3.10/site-packages:${PYTHONPATH} /usr/bin/python3 -W ignore:setup.py install is deprecated setup.py egg_info --egg-base ../../build/db_broker build --build-base /home/beachlbl/porter/ros2-ws-2024/build/db_broker/build install --record /home/beachlbl/porter/ros2-ws-2024/build/db_broker/install.log --single-version-externally-managed install_data
[12.282s] Level 1:colcon.colcon_core.environment:checking '/home/beachlbl/porter/ros2-ws-2024/install/db_broker' for CMake config files
[12.285s] Level 1:colcon.colcon_core.environment:checking '/home/beachlbl/porter/ros2-ws-2024/install/db_broker/lib'
[12.286s] Level 1:colcon.colcon_core.environment:checking '/home/beachlbl/porter/ros2-ws-2024/install/db_broker/bin'
[12.286s] Level 1:colcon.colcon_core.environment:checking '/home/beachlbl/porter/ros2-ws-2024/install/db_broker/lib/pkgconfig/db_broker.pc'
[12.287s] Level 1:colcon.colcon_core.environment:checking '/home/beachlbl/porter/ros2-ws-2024/install/db_broker/lib/python3.10/site-packages'
[12.287s] Level 1:colcon.colcon_core.shell:create_environment_hook('db_broker', 'pythonpath')
[12.288s] INFO:colcon.colcon_core.shell:Creating environment hook '/home/beachlbl/porter/ros2-ws-2024/install/db_broker/share/db_broker/hook/pythonpath.ps1'
[12.290s] INFO:colcon.colcon_core.shell:Creating environment descriptor '/home/beachlbl/porter/ros2-ws-2024/install/db_broker/share/db_broker/hook/pythonpath.dsv'
[12.292s] INFO:colcon.colcon_core.shell:Creating environment hook '/home/beachlbl/porter/ros2-ws-2024/install/db_broker/share/db_broker/hook/pythonpath.sh'
[12.294s] Level 1:colcon.colcon_core.environment:checking '/home/beachlbl/porter/ros2-ws-2024/install/db_broker/bin'
[12.295s] Level 1:colcon.colcon_core.environment:create_environment_scripts_only(db_broker)
[12.296s] INFO:colcon.colcon_core.shell:Creating package script '/home/beachlbl/porter/ros2-ws-2024/install/db_broker/share/db_broker/package.ps1'
[12.298s] INFO:colcon.colcon_core.shell:Creating package descriptor '/home/beachlbl/porter/ros2-ws-2024/install/db_broker/share/db_broker/package.dsv'
[12.300s] INFO:colcon.colcon_core.shell:Creating package script '/home/beachlbl/porter/ros2-ws-2024/install/db_broker/share/db_broker/package.sh'
[12.302s] INFO:colcon.colcon_core.shell:Creating package script '/home/beachlbl/porter/ros2-ws-2024/install/db_broker/share/db_broker/package.bash'
[12.304s] INFO:colcon.colcon_core.shell:Creating package script '/home/beachlbl/porter/ros2-ws-2024/install/db_broker/share/db_broker/package.zsh'
[12.305s] Level 1:colcon.colcon_core.environment:create_file_with_runtime_dependencies(/home/beachlbl/porter/ros2-ws-2024/install/db_broker/share/colcon-core/packages/db_broker)
[13.566s] INFO:colcon.colcon_core.task.python.build:Building Python package in '/home/beachlbl/porter/ros2-ws-2024/src/joy_control'
[13.567s] INFO:colcon.colcon_core.shell:Skip shell extension 'powershell' for command environment: Not usable outside of PowerShell
[13.567s] DEBUG:colcon.colcon_core.shell:Skip shell extension 'dsv' for command environment
[13.587s] INFO:colcon.colcon_ros.task.ament_python.build:Building ROS package in '/home/beachlbl/porter/ros2-ws-2024/src/ui' with build type 'ament_python'
[13.588s] Level 1:colcon.colcon_core.shell:create_environment_hook('ui', 'ament_prefix_path')
[13.590s] INFO:colcon.colcon_core.shell:Creating environment hook '/home/beachlbl/porter/ros2-ws-2024/install/ui/share/ui/hook/ament_prefix_path.ps1'
[13.592s] INFO:colcon.colcon_core.shell:Creating environment descriptor '/home/beachlbl/porter/ros2-ws-2024/install/ui/share/ui/hook/ament_prefix_path.dsv'
[13.594s] INFO:colcon.colcon_core.shell:Creating environment hook '/home/beachlbl/porter/ros2-ws-2024/install/ui/share/ui/hook/ament_prefix_path.sh'
[13.597s] INFO:colcon.colcon_core.shell:Skip shell extension 'powershell' for command environment: Not usable outside of PowerShell
[13.597s] DEBUG:colcon.colcon_core.shell:Skip shell extension 'dsv' for command environment
[14.877s] INFO:colcon.colcon_core.task.python.build:Building Python package in '/home/beachlbl/porter/ros2-ws-2024/src/py_pubsub'
[14.878s] INFO:colcon.colcon_core.shell:Skip shell extension 'powershell' for command environment: Not usable outside of PowerShell
[14.878s] DEBUG:colcon.colcon_core.shell:Skip shell extension 'dsv' for command environment
[16.157s] INFO:colcon.colcon_core.task.python.build:Building Python package in '/home/beachlbl/porter/ros2-ws-2024/src/sensors'
[16.158s] INFO:colcon.colcon_core.shell:Skip shell extension 'powershell' for command environment: Not usable outside of PowerShell
[16.159s] DEBUG:colcon.colcon_core.shell:Skip shell extension 'dsv' for command environment
[17.647s] INFO:colcon.colcon_core.task.python.build:Building Python package in '/home/beachlbl/porter/ros2-ws-2024/src/ui'
[17.648s] INFO:colcon.colcon_core.shell:Skip shell extension 'powershell' for command environment: Not usable outside of PowerShell
[17.649s] DEBUG:colcon.colcon_core.shell:Skip shell extension 'dsv' for command environment
[18.274s] DEBUG:colcon.colcon_core.event_handler.log_command:Invoking command in '/home/beachlbl/porter/ros2-ws-2024/src/joy_control': PYTHONPATH=/home/beachlbl/porter/ros2-ws-2024/build/joy_control/prefix_override:/home/beachlbl/porter/ros2-ws-2024/install/joy_control/lib/python3.10/site-packages:${PYTHONPATH} /usr/bin/python3 -W ignore:setup.py install is deprecated setup.py egg_info --egg-base ../../build/joy_control build --build-base /home/beachlbl/porter/ros2-ws-2024/build/joy_control/build install --record /home/beachlbl/porter/ros2-ws-2024/build/joy_control/install.log --single-version-externally-managed install_data
[20.381s] DEBUG:colcon.colcon_core.event_handler.log_command:Invoking command in '/home/beachlbl/porter/ros2-ws-2024/src/ui': PYTHONPATH=/home/beachlbl/porter/ros2-ws-2024/build/ui/prefix_override:/home/beachlbl/porter/ros2-ws-2024/install/ui/lib/python3.10/site-packages:${PYTHONPATH} /usr/bin/python3 -W ignore:setup.py install is deprecated setup.py egg_info --egg-base ../../build/ui build --build-base /home/beachlbl/porter/ros2-ws-2024/build/ui/build install --record /home/beachlbl/porter/ros2-ws-2024/build/ui/install.log --single-version-externally-managed install_data
[20.402s] DEBUG:colcon.colcon_core.event_handler.log_command:Invoking command in '/home/beachlbl/porter/ros2-ws-2024/src/py_pubsub': PYTHONPATH=/home/beachlbl/porter/ros2-ws-2024/build/py_pubsub/prefix_override:/home/beachlbl/porter/ros2-ws-2024/install/py_pubsub/lib/python3.10/site-packages:${PYTHONPATH} /usr/bin/python3 -W ignore:setup.py install is deprecated setup.py egg_info --egg-base ../../build/py_pubsub build --build-base /home/beachlbl/porter/ros2-ws-2024/build/py_pubsub/build install --record /home/beachlbl/porter/ros2-ws-2024/build/py_pubsub/install.log --single-version-externally-managed install_data
[20.420s] DEBUG:colcon.colcon_core.event_handler.log_command:Invoking command in '/home/beachlbl/porter/ros2-ws-2024/src/sensors': PYTHONPATH=/home/beachlbl/porter/ros2-ws-2024/build/sensors/prefix_override:/home/beachlbl/porter/ros2-ws-2024/install/sensors/lib/python3.10/site-packages:${PYTHONPATH} /usr/bin/python3 -W ignore:setup.py install is deprecated setup.py egg_info --egg-base ../../build/sensors build --build-base /home/beachlbl/porter/ros2-ws-2024/build/sensors/build install --record /home/beachlbl/porter/ros2-ws-2024/build/sensors/install.log --single-version-externally-managed install_data
[20.611s] Level 1:colcon.colcon_core.environment:checking '/home/beachlbl/porter/ros2-ws-2024/install/joy_control' for CMake module files
[20.615s] Level 1:colcon.colcon_core.environment:checking '/home/beachlbl/porter/ros2-ws-2024/install/joy_control' for CMake config files
[20.619s] Level 1:colcon.colcon_core.environment:checking '/home/beachlbl/porter/ros2-ws-2024/install/joy_control/lib'
[20.620s] Level 1:colcon.colcon_core.environment:checking '/home/beachlbl/porter/ros2-ws-2024/install/joy_control/bin'
[20.621s] Level 1:colcon.colcon_core.environment:checking '/home/beachlbl/porter/ros2-ws-2024/install/joy_control/lib/pkgconfig/joy_control.pc'
[20.612s] DEBUG:colcon.colcon_core.event_handler.log_command:Invoked command in '/home/beachlbl/porter/ros2-ws-2024/src/joy_control' returned '0': PYTHONPATH=/home/beachlbl/porter/ros2-ws-2024/build/joy_control/prefix_override:/home/beachlbl/porter/ros2-ws-2024/install/joy_control/lib/python3.10/site-packages:${PYTHONPATH} /usr/bin/python3 -W ignore:setup.py install is deprecated setup.py egg_info --egg-base ../../build/joy_control build --build-base /home/beachlbl/porter/ros2-ws-2024/build/joy_control/build install --record /home/beachlbl/porter/ros2-ws-2024/build/joy_control/install.log --single-version-externally-managed install_data
[20.622s] Level 1:colcon.colcon_core.environment:checking '/home/beachlbl/porter/ros2-ws-2024/install/joy_control/lib/python3.10/site-packages'
[20.623s] Level 1:colcon.colcon_core.shell:create_environment_hook('joy_control', 'pythonpath')
[20.625s] INFO:colcon.colcon_core.shell:Creating environment hook '/home/beachlbl/porter/ros2-ws-2024/install/joy_control/share/joy_control/hook/pythonpath.ps1'
[20.627s] INFO:colcon.colcon_core.shell:Creating environment descriptor '/home/beachlbl/porter/ros2-ws-2024/install/joy_control/share/joy_control/hook/pythonpath.dsv'
[20.630s] INFO:colcon.colcon_core.shell:Creating environment hook '/home/beachlbl/porter/ros2-ws-2024/install/joy_control/share/joy_control/hook/pythonpath.sh'
[20.634s] Level 1:colcon.colcon_core.environment:checking '/home/beachlbl/porter/ros2-ws-2024/install/joy_control/bin'
[20.634s] Level 1:colcon.colcon_core.environment:create_environment_scripts_only(joy_control)
[20.636s] INFO:colcon.colcon_core.shell:Creating package script '/home/beachlbl/porter/ros2-ws-2024/install/joy_control/share/joy_control/package.ps1'
[20.639s] INFO:colcon.colcon_core.shell:Creating package descriptor '/home/beachlbl/porter/ros2-ws-2024/install/joy_control/share/joy_control/package.dsv'
[20.642s] INFO:colcon.colcon_core.shell:Creating package script '/home/beachlbl/porter/ros2-ws-2024/install/joy_control/share/joy_control/package.sh'
[20.646s] INFO:colcon.colcon_core.shell:Creating package script '/home/beachlbl/porter/ros2-ws-2024/install/joy_control/share/joy_control/package.bash'
[20.648s] INFO:colcon.colcon_core.shell:Creating package script '/home/beachlbl/porter/ros2-ws-2024/install/joy_control/share/joy_control/package.zsh'
[20.651s] Level 1:colcon.colcon_core.environment:create_file_with_runtime_dependencies(/home/beachlbl/porter/ros2-ws-2024/install/joy_control/share/colcon-core/packages/joy_control)
[22.375s] Level 1:colcon.colcon_core.environment:checking '/home/beachlbl/porter/ros2-ws-2024/install/ui' for CMake module files
[22.380s] DEBUG:colcon.colcon_core.event_handler.log_command:Invoked command in '/home/beachlbl/porter/ros2-ws-2024/src/ui' returned '0': PYTHONPATH=/home/beachlbl/porter/ros2-ws-2024/build/ui/prefix_override:/home/beachlbl/porter/ros2-ws-2024/install/ui/lib/python3.10/site-packages:${PYTHONPATH} /usr/bin/python3 -W ignore:setup.py install is deprecated setup.py egg_info --egg-base ../../build/ui build --build-base /home/beachlbl/porter/ros2-ws-2024/build/ui/build install --record /home/beachlbl/porter/ros2-ws-2024/build/ui/install.log --single-version-externally-managed install_data
[22.384s] Level 1:colcon.colcon_core.environment:checking '/home/beachlbl/porter/ros2-ws-2024/install/ui' for CMake config files
[22.393s] Level 1:colcon.colcon_core.environment:checking '/home/beachlbl/porter/ros2-ws-2024/install/ui/lib'
[22.395s] Level 1:colcon.colcon_core.environment:checking '/home/beachlbl/porter/ros2-ws-2024/install/ui/bin'
[22.396s] Level 1:colcon.colcon_core.environment:checking '/home/beachlbl/porter/ros2-ws-2024/install/ui/lib/pkgconfig/ui.pc'
[22.398s] Level 1:colcon.colcon_core.environment:checking '/home/beachlbl/porter/ros2-ws-2024/install/ui/lib/python3.10/site-packages'
[22.398s] Level 1:colcon.colcon_core.shell:create_environment_hook('ui', 'pythonpath')
[22.400s] INFO:colcon.colcon_core.shell:Creating environment hook '/home/beachlbl/porter/ros2-ws-2024/install/ui/share/ui/hook/pythonpath.ps1'
[22.405s] INFO:colcon.colcon_core.shell:Creating environment descriptor '/home/beachlbl/porter/ros2-ws-2024/install/ui/share/ui/hook/pythonpath.dsv'
[22.410s] INFO:colcon.colcon_core.shell:Creating environment hook '/home/beachlbl/porter/ros2-ws-2024/install/ui/share/ui/hook/pythonpath.sh'
[22.415s] Level 1:colcon.colcon_core.environment:checking '/home/beachlbl/porter/ros2-ws-2024/install/ui/bin'
[22.416s] Level 1:colcon.colcon_core.environment:create_environment_scripts_only(ui)
[22.418s] INFO:colcon.colcon_core.shell:Creating package script '/home/beachlbl/porter/ros2-ws-2024/install/ui/share/ui/package.ps1'
[22.425s] INFO:colcon.colcon_core.shell:Creating package descriptor '/home/beachlbl/porter/ros2-ws-2024/install/ui/share/ui/package.dsv'
[22.428s] INFO:colcon.colcon_core.shell:Creating package script '/home/beachlbl/porter/ros2-ws-2024/install/ui/share/ui/package.sh'
[22.431s] INFO:colcon.colcon_core.shell:Creating package script '/home/beachlbl/porter/ros2-ws-2024/install/ui/share/ui/package.bash'
[22.434s] INFO:colcon.colcon_core.shell:Creating package script '/home/beachlbl/porter/ros2-ws-2024/install/ui/share/ui/package.zsh'
[22.436s] Level 1:colcon.colcon_core.environment:create_file_with_runtime_dependencies(/home/beachlbl/porter/ros2-ws-2024/install/ui/share/colcon-core/packages/ui)
[22.440s] Level 1:colcon.colcon_core.environment:checking '/home/beachlbl/porter/ros2-ws-2024/install/sensors' for CMake module files
[22.443s] DEBUG:colcon.colcon_core.event_handler.log_command:Invoked command in '/home/beachlbl/porter/ros2-ws-2024/src/sensors' returned '0': PYTHONPATH=/home/beachlbl/porter/ros2-ws-2024/build/sensors/prefix_override:/home/beachlbl/porter/ros2-ws-2024/install/sensors/lib/python3.10/site-packages:${PYTHONPATH} /usr/bin/python3 -W ignore:setup.py install is deprecated setup.py egg_info --egg-base ../../build/sensors build --build-base /home/beachlbl/porter/ros2-ws-2024/build/sensors/build install --record /home/beachlbl/porter/ros2-ws-2024/build/sensors/install.log --single-version-externally-managed install_data
[22.444s] Level 1:colcon.colcon_core.environment:checking '/home/beachlbl/porter/ros2-ws-2024/install/sensors' for CMake config files
[22.448s] Level 1:colcon.colcon_core.environment:checking '/home/beachlbl/porter/ros2-ws-2024/install/sensors/lib'
[22.448s] Level 1:colcon.colcon_core.environment:checking '/home/beachlbl/porter/ros2-ws-2024/install/sensors/bin'
[22.448s] Level 1:colcon.colcon_core.environment:checking '/home/beachlbl/porter/ros2-ws-2024/install/sensors/lib/pkgconfig/sensors.pc'
[22.449s] Level 1:colcon.colcon_core.environment:checking '/home/beachlbl/porter/ros2-ws-2024/install/sensors/lib/python3.10/site-packages'
[22.449s] Level 1:colcon.colcon_core.shell:create_environment_hook('sensors', 'pythonpath')
[22.450s] INFO:colcon.colcon_core.shell:Creating environment hook '/home/beachlbl/porter/ros2-ws-2024/install/sensors/share/sensors/hook/pythonpath.ps1'
[22.452s] INFO:colcon.colcon_core.shell:Creating environment descriptor '/home/beachlbl/porter/ros2-ws-2024/install/sensors/share/sensors/hook/pythonpath.dsv'
[22.454s] INFO:colcon.colcon_core.shell:Creating environment hook '/home/beachlbl/porter/ros2-ws-2024/install/sensors/share/sensors/hook/pythonpath.sh'
[22.456s] Level 1:colcon.colcon_core.environment:checking '/home/beachlbl/porter/ros2-ws-2024/install/sensors/bin'
[22.457s] Level 1:colcon.colcon_core.environment:create_environment_scripts_only(sensors)
[22.458s] INFO:colcon.colcon_core.shell:Creating package script '/home/beachlbl/porter/ros2-ws-2024/install/sensors/share/sensors/package.ps1'
[22.460s] INFO:colcon.colcon_core.shell:Creating package descriptor '/home/beachlbl/porter/ros2-ws-2024/install/sensors/share/sensors/package.dsv'
[22.463s] INFO:colcon.colcon_core.shell:Creating package script '/home/beachlbl/porter/ros2-ws-2024/install/sensors/share/sensors/package.sh'
[22.465s] INFO:colcon.colcon_core.shell:Creating package script '/home/beachlbl/porter/ros2-ws-2024/install/sensors/share/sensors/package.bash'
[22.466s] INFO:colcon.colcon_core.shell:Creating package script '/home/beachlbl/porter/ros2-ws-2024/install/sensors/share/sensors/package.zsh'
[22.468s] Level 1:colcon.colcon_core.environment:create_file_with_runtime_dependencies(/home/beachlbl/porter/ros2-ws-2024/install/sensors/share/colcon-core/packages/sensors)
[22.470s] Level 1:colcon.colcon_core.environment:checking '/home/beachlbl/porter/ros2-ws-2024/install/py_pubsub' for CMake module files
[22.474s] Level 1:colcon.colcon_core.environment:checking '/home/beachlbl/porter/ros2-ws-2024/install/py_pubsub' for CMake config files
[22.475s] DEBUG:colcon.colcon_core.event_handler.log_command:Invoked command in '/home/beachlbl/porter/ros2-ws-2024/src/py_pubsub' returned '0': PYTHONPATH=/home/beachlbl/porter/ros2-ws-2024/build/py_pubsub/prefix_override:/home/beachlbl/porter/ros2-ws-2024/install/py_pubsub/lib/python3.10/site-packages:${PYTHONPATH} /usr/bin/python3 -W ignore:setup.py install is deprecated setup.py egg_info --egg-base ../../build/py_pubsub build --build-base /home/beachlbl/porter/ros2-ws-2024/build/py_pubsub/build install --record /home/beachlbl/porter/ros2-ws-2024/build/py_pubsub/install.log --single-version-externally-managed install_data
[22.478s] Level 1:colcon.colcon_core.environment:checking '/home/beachlbl/porter/ros2-ws-2024/install/py_pubsub/lib'
[22.478s] Level 1:colcon.colcon_core.environment:checking '/home/beachlbl/porter/ros2-ws-2024/install/py_pubsub/bin'
[22.479s] Level 1:colcon.colcon_core.environment:checking '/home/beachlbl/porter/ros2-ws-2024/install/py_pubsub/lib/pkgconfig/py_pubsub.pc'
[22.480s] Level 1:colcon.colcon_core.environment:checking '/home/beachlbl/porter/ros2-ws-2024/install/py_pubsub/lib/python3.10/site-packages'
[22.480s] Level 1:colcon.colcon_core.shell:create_environment_hook('py_pubsub', 'pythonpath')
[22.481s] INFO:colcon.colcon_core.shell:Creating environment hook '/home/beachlbl/porter/ros2-ws-2024/install/py_pubsub/share/py_pubsub/hook/pythonpath.ps1'
[22.483s] INFO:colcon.colcon_core.shell:Creating environment descriptor '/home/beachlbl/porter/ros2-ws-2024/install/py_pubsub/share/py_pubsub/hook/pythonpath.dsv'
[22.485s] INFO:colcon.colcon_core.shell:Creating environment hook '/home/beachlbl/porter/ros2-ws-2024/install/py_pubsub/share/py_pubsub/hook/pythonpath.sh'
[22.487s] Level 1:colcon.colcon_core.environment:checking '/home/beachlbl/porter/ros2-ws-2024/install/py_pubsub/bin'
[22.488s] Level 1:colcon.colcon_core.environment:create_environment_scripts_only(py_pubsub)
[22.489s] INFO:colcon.colcon_core.shell:Creating package script '/home/beachlbl/porter/ros2-ws-2024/install/py_pubsub/share/py_pubsub/package.ps1'
[22.491s] INFO:colcon.colcon_core.shell:Creating package descriptor '/home/beachlbl/porter/ros2-ws-2024/install/py_pubsub/share/py_pubsub/package.dsv'
[22.494s] INFO:colcon.colcon_core.shell:Creating package script '/home/beachlbl/porter/ros2-ws-2024/install/py_pubsub/share/py_pubsub/package.sh'
[22.496s] INFO:colcon.colcon_core.shell:Creating package script '/home/beachlbl/porter/ros2-ws-2024/install/py_pubsub/share/py_pubsub/package.bash'
[22.498s] INFO:colcon.colcon_core.shell:Creating package script '/home/beachlbl/porter/ros2-ws-2024/install/py_pubsub/share/py_pubsub/package.zsh'
[22.500s] Level 1:colcon.colcon_core.environment:create_file_with_runtime_dependencies(/home/beachlbl/porter/ros2-ws-2024/install/py_pubsub/share/colcon-core/packages/py_pubsub)
[22.501s] DEBUG:colcon.colcon_parallel_executor.executor.parallel:closing loop
[22.502s] DEBUG:colcon.colcon_parallel_executor.executor.parallel:loop closed
[22.503s] DEBUG:colcon.colcon_parallel_executor.executor.parallel:run_until_complete finished with '0'
[22.503s] DEBUG:colcon.colcon_core.event_reactor:joining thread
[22.526s] INFO:colcon.colcon_core.plugin_system:Skipping extension 'colcon_notification.desktop_notification.terminal_notifier': Not used on non-Darwin systems
[22.526s] INFO:colcon.colcon_core.plugin_system:Skipping extension 'colcon_notification.desktop_notification.win32': Not used on non-Windows systems
[22.526s] INFO:colcon.colcon_notification.desktop_notification:Sending desktop notification using 'notify2'
[22.529s] DEBUG:colcon.colcon_notification.desktop_notification.notify2:Failed to initialize notify2: org.freedesktop.DBus.Error.ServiceUnknown: The name org.freedesktop.Notifications was not provided by any .service files
[22.529s] DEBUG:colcon.colcon_core.event_reactor:joined thread
[22.531s] INFO:colcon.colcon_core.shell:Creating prefix script '/home/beachlbl/porter/ros2-ws-2024/install/local_setup.ps1'
[22.534s] INFO:colcon.colcon_core.shell:Creating prefix util module '/home/beachlbl/porter/ros2-ws-2024/install/_local_setup_util_ps1.py'
[22.540s] INFO:colcon.colcon_core.shell:Creating prefix chain script '/home/beachlbl/porter/ros2-ws-2024/install/setup.ps1'
[22.547s] INFO:colcon.colcon_core.shell:Creating prefix script '/home/beachlbl/porter/ros2-ws-2024/install/local_setup.sh'
[22.550s] INFO:colcon.colcon_core.shell:Creating prefix util module '/home/beachlbl/porter/ros2-ws-2024/install/_local_setup_util_sh.py'
[22.552s] INFO:colcon.colcon_core.shell:Creating prefix chain script '/home/beachlbl/porter/ros2-ws-2024/install/setup.sh'
[22.559s] INFO:colcon.colcon_core.shell:Creating prefix script '/home/beachlbl/porter/ros2-ws-2024/install/local_setup.bash'
[22.561s] INFO:colcon.colcon_core.shell:Creating prefix chain script '/home/beachlbl/porter/ros2-ws-2024/install/setup.bash'
[22.567s] INFO:colcon.colcon_core.shell:Creating prefix script '/home/beachlbl/porter/ros2-ws-2024/install/local_setup.zsh'
[22.570s] INFO:colcon.colcon_core.shell:Creating prefix chain script '/home/beachlbl/porter/ros2-ws-2024/install/setup.zsh'
