[1.739s] DEBUG:colcon:Command line arguments: ['/usr/bin/colcon', 'build', '--build-base', 'build', '--install-base', 'install', '--packages-select', 'drive_ex']
[1.739s] DEBUG:colcon:Command line arguments: ['/usr/bin/colcon', 'build', '--build-base', 'build', '--install-base', 'install', '--packages-select', 'joy_control']
[1.740s] DEBUG:colcon:Parsed command line arguments: Namespace(log_base=None, log_level=None, verb_name='build', build_base='/home/beachlbl/ros2-ws-2024/build', install_base='/home/beachlbl/ros2-ws-2024/install', merge_install=False, symlink_install=False, test_result_base=None, continue_on_error=False, executor='parallel', parallel_workers=4, event_handlers=None, ignore_user_meta=False, metas=['./colcon.meta'], base_paths=['.'], packages_ignore=None, packages_ignore_regex=None, paths=None, packages_up_to=None, packages_up_to_regex=None, packages_above=None, packages_above_and_dependencies=None, packages_above_depth=None, packages_select_by_dep=None, packages_skip_by_dep=None, packages_skip_up_to=None, packages_select_build_failed=False, packages_skip_build_finished=False, packages_select_test_failures=False, packages_skip_test_passed=False, packages_select=['drive_ex'], packages_skip=None, packages_select_regex=None, packages_skip_regex=None, packages_start=None, packages_end=None, allow_overriding=[], cmake_args=None, cmake_target=None, cmake_target_skip_unavailable=False, cmake_clean_cache=False, cmake_clean_first=False, cmake_force_configure=False, ament_cmake_args=None, catkin_cmake_args=None, catkin_skip_building_tests=False, verb_parser=<colcon_defaults.argument_parser.defaults.DefaultArgumentsDecorator object at 0xffff81875330>, verb_extension=<colcon_core.verb.build.BuildVerb object at 0xffff81982860>, main=<bound method BuildVerb.main of <colcon_core.verb.build.BuildVerb object at 0xffff81982860>>)
[1.739s] DEBUG:colcon:Parsed command line arguments: Namespace(log_base=None, log_level=None, verb_name='build', build_base='/home/beachlbl/ros2-ws-2024/build', install_base='/home/beachlbl/ros2-ws-2024/install', merge_install=False, symlink_install=False, test_result_base=None, continue_on_error=False, executor='parallel', parallel_workers=4, event_handlers=None, ignore_user_meta=False, metas=['./colcon.meta'], base_paths=['.'], packages_ignore=None, packages_ignore_regex=None, paths=None, packages_up_to=None, packages_up_to_regex=None, packages_above=None, packages_above_and_dependencies=None, packages_above_depth=None, packages_select_by_dep=None, packages_skip_by_dep=None, packages_skip_up_to=None, packages_select_build_failed=False, packages_skip_build_finished=False, packages_select_test_failures=False, packages_skip_test_passed=False, packages_select=['joy_control'], packages_skip=None, packages_select_regex=None, packages_skip_regex=None, packages_start=None, packages_end=None, allow_overriding=[], cmake_args=None, cmake_target=None, cmake_target_skip_unavailable=False, cmake_clean_cache=False, cmake_clean_first=False, cmake_force_configure=False, ament_cmake_args=None, catkin_cmake_args=None, catkin_skip_building_tests=False, verb_parser=<colcon_defaults.argument_parser.defaults.DefaultArgumentsDecorator object at 0xffffa3ff5330>, verb_extension=<colcon_core.verb.build.BuildVerb object at 0xffffa4102860>, main=<bound method BuildVerb.main of <colcon_core.verb.build.BuildVerb object at 0xffffa4102860>>)
[3.342s] Level 1:colcon.colcon_core.package_discovery:discover_packages(colcon_meta) check parameters
[3.341s] Level 1:colcon.colcon_core.package_discovery:discover_packages(colcon_meta) check parameters
[3.342s] Level 1:colcon.colcon_core.package_discovery:discover_packages(recursive) check parameters
[3.342s] Level 1:colcon.colcon_core.package_discovery:discover_packages(recursive) check parameters
[3.343s] Level 1:colcon.colcon_core.package_discovery:discover_packages(ignore) check parameters
[3.342s] Level 1:colcon.colcon_core.package_discovery:discover_packages(ignore) check parameters
[3.343s] Level 1:colcon.colcon_core.package_discovery:discover_packages(path) check parameters
[3.343s] Level 1:colcon.colcon_core.package_discovery:discover_packages(path) check parameters
[3.343s] Level 1:colcon.colcon_core.package_discovery:discover_packages(colcon_meta) discover
[3.343s] Level 1:colcon.colcon_core.package_discovery:discover_packages(colcon_meta) discover
[3.343s] Level 1:colcon.colcon_core.package_discovery:discover_packages(recursive) discover
[3.343s] Level 1:colcon.colcon_core.package_discovery:discover_packages(recursive) discover
[3.343s] INFO:colcon.colcon_core.package_discovery:Crawling recursively for packages in '/home/beachlbl/ros2-ws-2024'
[3.343s] INFO:colcon.colcon_core.package_discovery:Crawling recursively for packages in '/home/beachlbl/ros2-ws-2024'
[3.344s] Level 1:colcon.colcon_core.package_identification:_identify(.) by extensions ['ignore', 'ignore_ament_install']
[3.344s] Level 1:colcon.colcon_core.package_identification:_identify(.) by extensions ['ignore', 'ignore_ament_install']
[3.344s] Level 1:colcon.colcon_core.package_identification:_identify(.) by extension 'ignore'
[3.345s] Level 1:colcon.colcon_core.package_identification:_identify(.) by extension 'ignore'
[3.345s] Level 1:colcon.colcon_core.package_identification:_identify(.) by extension 'ignore_ament_install'
[3.345s] Level 1:colcon.colcon_core.package_identification:_identify(.) by extension 'ignore_ament_install'
[3.345s] Level 1:colcon.colcon_core.package_identification:_identify(.) by extensions ['colcon_pkg']
[3.346s] Level 1:colcon.colcon_core.package_identification:_identify(.) by extensions ['colcon_pkg']
[3.346s] Level 1:colcon.colcon_core.package_identification:_identify(.) by extension 'colcon_pkg'
[3.346s] Level 1:colcon.colcon_core.package_identification:_identify(.) by extension 'colcon_pkg'
[3.346s] Level 1:colcon.colcon_core.package_identification:_identify(.) by extensions ['colcon_meta']
[3.346s] Level 1:colcon.colcon_core.package_identification:_identify(.) by extensions ['colcon_meta']
[3.346s] Level 1:colcon.colcon_core.package_identification:_identify(.) by extension 'colcon_meta'
[3.346s] Level 1:colcon.colcon_core.package_identification:_identify(.) by extension 'colcon_meta'
[3.346s] Level 1:colcon.colcon_core.package_identification:_identify(.) by extensions ['ros']
[3.346s] Level 1:colcon.colcon_core.package_identification:_identify(.) by extensions ['ros']
[3.347s] Level 1:colcon.colcon_core.package_identification:_identify(.) by extension 'ros'
[3.346s] Level 1:colcon.colcon_core.package_identification:_identify(.) by extension 'ros'
[3.428s] Level 1:colcon.colcon_core.package_identification:_identify(.) by extensions ['cmake', 'python']
[3.428s] Level 1:colcon.colcon_core.package_identification:_identify(.) by extensions ['cmake', 'python']
[3.429s] Level 1:colcon.colcon_core.package_identification:_identify(.) by extension 'cmake'
[3.429s] Level 1:colcon.colcon_core.package_identification:_identify(.) by extension 'cmake'
[3.429s] Level 1:colcon.colcon_core.package_identification:_identify(.) by extension 'python'
[3.429s] Level 1:colcon.colcon_core.package_identification:_identify(.) by extension 'python'
[3.429s] Level 1:colcon.colcon_core.package_identification:_identify(.) by extensions ['python_setup_py']
[3.429s] Level 1:colcon.colcon_core.package_identification:_identify(.) by extensions ['python_setup_py']
[3.429s] Level 1:colcon.colcon_core.package_identification:_identify(.) by extension 'python_setup_py'
[3.429s] Level 1:colcon.colcon_core.package_identification:_identify(.) by extension 'python_setup_py'
[3.430s] Level 1:colcon.colcon_core.package_identification:_identify(build) by extensions ['ignore', 'ignore_ament_install']
[3.430s] Level 1:colcon.colcon_core.package_identification:_identify(build) by extensions ['ignore', 'ignore_ament_install']
[3.430s] Level 1:colcon.colcon_core.package_identification:_identify(build) by extension 'ignore'
[3.431s] Level 1:colcon.colcon_core.package_identification:_identify(build) by extension 'ignore'
[3.431s] Level 1:colcon.colcon_core.package_identification:_identify(build) ignored
[3.431s] Level 1:colcon.colcon_core.package_identification:_identify(build) ignored
[3.432s] Level 1:colcon.colcon_core.package_identification:_identify(install) by extensions ['ignore', 'ignore_ament_install']
[3.431s] Level 1:colcon.colcon_core.package_identification:_identify(install) by extensions ['ignore', 'ignore_ament_install']
[3.432s] Level 1:colcon.colcon_core.package_identification:_identify(install) by extension 'ignore'
[3.432s] Level 1:colcon.colcon_core.package_identification:_identify(install) by extension 'ignore'
[3.432s] Level 1:colcon.colcon_core.package_identification:_identify(install) ignored
[3.432s] Level 1:colcon.colcon_core.package_identification:_identify(install) ignored
[3.434s] Level 1:colcon.colcon_core.package_identification:_identify(launch) by extensions ['ignore', 'ignore_ament_install']
[3.434s] Level 1:colcon.colcon_core.package_identification:_identify(launch) by extensions ['ignore', 'ignore_ament_install']
[3.434s] Level 1:colcon.colcon_core.package_identification:_identify(launch) by extension 'ignore'
[3.434s] Level 1:colcon.colcon_core.package_identification:_identify(launch) by extension 'ignore'
[3.434s] Level 1:colcon.colcon_core.package_identification:_identify(launch) by extension 'ignore_ament_install'
[3.435s] Level 1:colcon.colcon_core.package_identification:_identify(launch) by extension 'ignore_ament_install'
[3.435s] Level 1:colcon.colcon_core.package_identification:_identify(launch) by extensions ['colcon_pkg']
[3.435s] Level 1:colcon.colcon_core.package_identification:_identify(launch) by extensions ['colcon_pkg']
[3.435s] Level 1:colcon.colcon_core.package_identification:_identify(launch) by extension 'colcon_pkg'
[3.435s] Level 1:colcon.colcon_core.package_identification:_identify(launch) by extension 'colcon_pkg'
[3.435s] Level 1:colcon.colcon_core.package_identification:_identify(launch) by extensions ['colcon_meta']
[3.435s] Level 1:colcon.colcon_core.package_identification:_identify(launch) by extensions ['colcon_meta']
[3.435s] Level 1:colcon.colcon_core.package_identification:_identify(launch) by extension 'colcon_meta'
[3.435s] Level 1:colcon.colcon_core.package_identification:_identify(launch) by extension 'colcon_meta'
[3.436s] Level 1:colcon.colcon_core.package_identification:_identify(launch) by extensions ['ros']
[3.435s] Level 1:colcon.colcon_core.package_identification:_identify(launch) by extensions ['ros']
[3.436s] Level 1:colcon.colcon_core.package_identification:_identify(launch) by extension 'ros'
[3.436s] Level 1:colcon.colcon_core.package_identification:_identify(launch) by extension 'ros'
[3.436s] Level 1:colcon.colcon_core.package_identification:_identify(launch) by extensions ['cmake', 'python']
[3.436s] Level 1:colcon.colcon_core.package_identification:_identify(launch) by extensions ['cmake', 'python']
[3.437s] Level 1:colcon.colcon_core.package_identification:_identify(launch) by extension 'cmake'
[3.436s] Level 1:colcon.colcon_core.package_identification:_identify(launch) by extension 'cmake'
[3.437s] Level 1:colcon.colcon_core.package_identification:_identify(launch) by extension 'python'
[3.437s] Level 1:colcon.colcon_core.package_identification:_identify(launch) by extension 'python'
[3.437s] Level 1:colcon.colcon_core.package_identification:_identify(launch) by extensions ['python_setup_py']
[3.437s] Level 1:colcon.colcon_core.package_identification:_identify(launch) by extensions ['python_setup_py']
[3.437s] Level 1:colcon.colcon_core.package_identification:_identify(launch) by extension 'python_setup_py'
[3.437s] Level 1:colcon.colcon_core.package_identification:_identify(launch) by extension 'python_setup_py'
[3.438s] Level 1:colcon.colcon_core.package_identification:_identify(launch/__pycache__) by extensions ['ignore', 'ignore_ament_install']
[3.438s] Level 1:colcon.colcon_core.package_identification:_identify(launch/__pycache__) by extensions ['ignore', 'ignore_ament_install']
[3.439s] Level 1:colcon.colcon_core.package_identification:_identify(launch/__pycache__) by extension 'ignore'
[3.439s] Level 1:colcon.colcon_core.package_identification:_identify(launch/__pycache__) by extension 'ignore'
[3.439s] Level 1:colcon.colcon_core.package_identification:_identify(launch/__pycache__) by extension 'ignore_ament_install'
[3.439s] Level 1:colcon.colcon_core.package_identification:_identify(launch/__pycache__) by extension 'ignore_ament_install'
[3.440s] Level 1:colcon.colcon_core.package_identification:_identify(launch/__pycache__) by extensions ['colcon_pkg']
[3.439s] Level 1:colcon.colcon_core.package_identification:_identify(launch/__pycache__) by extensions ['colcon_pkg']
[3.440s] Level 1:colcon.colcon_core.package_identification:_identify(launch/__pycache__) by extension 'colcon_pkg'
[3.440s] Level 1:colcon.colcon_core.package_identification:_identify(launch/__pycache__) by extension 'colcon_pkg'
[3.440s] Level 1:colcon.colcon_core.package_identification:_identify(launch/__pycache__) by extensions ['colcon_meta']
[3.440s] Level 1:colcon.colcon_core.package_identification:_identify(launch/__pycache__) by extensions ['colcon_meta']
[3.440s] Level 1:colcon.colcon_core.package_identification:_identify(launch/__pycache__) by extension 'colcon_meta'
[3.440s] Level 1:colcon.colcon_core.package_identification:_identify(launch/__pycache__) by extension 'colcon_meta'
[3.440s] Level 1:colcon.colcon_core.package_identification:_identify(launch/__pycache__) by extensions ['ros']
[3.441s] Level 1:colcon.colcon_core.package_identification:_identify(launch/__pycache__) by extensions ['ros']
[3.440s] Level 1:colcon.colcon_core.package_identification:_identify(launch/__pycache__) by extension 'ros'
[3.441s] Level 1:colcon.colcon_core.package_identification:_identify(launch/__pycache__) by extension 'ros'
[3.441s] Level 1:colcon.colcon_core.package_identification:_identify(launch/__pycache__) by extensions ['cmake', 'python']
[3.441s] Level 1:colcon.colcon_core.package_identification:_identify(launch/__pycache__) by extensions ['cmake', 'python']
[3.441s] Level 1:colcon.colcon_core.package_identification:_identify(launch/__pycache__) by extension 'cmake'
[3.441s] Level 1:colcon.colcon_core.package_identification:_identify(launch/__pycache__) by extension 'cmake'
[3.442s] Level 1:colcon.colcon_core.package_identification:_identify(launch/__pycache__) by extension 'python'
[3.441s] Level 1:colcon.colcon_core.package_identification:_identify(launch/__pycache__) by extension 'python'
[3.442s] Level 1:colcon.colcon_core.package_identification:_identify(launch/__pycache__) by extensions ['python_setup_py']
[3.442s] Level 1:colcon.colcon_core.package_identification:_identify(launch/__pycache__) by extensions ['python_setup_py']
[3.442s] Level 1:colcon.colcon_core.package_identification:_identify(launch/__pycache__) by extension 'python_setup_py'
[3.442s] Level 1:colcon.colcon_core.package_identification:_identify(launch/__pycache__) by extension 'python_setup_py'
[3.460s] Level 1:colcon.colcon_core.package_identification:_identify(log) by extensions ['ignore', 'ignore_ament_install']
[3.459s] Level 1:colcon.colcon_core.package_identification:_identify(log) by extensions ['ignore', 'ignore_ament_install']
[3.460s] Level 1:colcon.colcon_core.package_identification:_identify(log) by extension 'ignore'
[3.460s] Level 1:colcon.colcon_core.package_identification:_identify(log) by extension 'ignore'
[3.460s] Level 1:colcon.colcon_core.package_identification:_identify(log) ignored
[3.460s] Level 1:colcon.colcon_core.package_identification:_identify(log) ignored
[3.461s] Level 1:colcon.colcon_core.package_identification:_identify(scripts) by extensions ['ignore', 'ignore_ament_install']
[3.461s] Level 1:colcon.colcon_core.package_identification:_identify(scripts) by extensions ['ignore', 'ignore_ament_install']
[3.461s] Level 1:colcon.colcon_core.package_identification:_identify(scripts) by extension 'ignore'
[3.462s] Level 1:colcon.colcon_core.package_identification:_identify(scripts) by extension 'ignore'
[3.462s] Level 1:colcon.colcon_core.package_identification:_identify(scripts) by extension 'ignore_ament_install'
[3.462s] Level 1:colcon.colcon_core.package_identification:_identify(scripts) by extension 'ignore_ament_install'
[3.462s] Level 1:colcon.colcon_core.package_identification:_identify(scripts) by extensions ['colcon_pkg']
[3.462s] Level 1:colcon.colcon_core.package_identification:_identify(scripts) by extensions ['colcon_pkg']
[3.463s] Level 1:colcon.colcon_core.package_identification:_identify(scripts) by extension 'colcon_pkg'
[3.462s] Level 1:colcon.colcon_core.package_identification:_identify(scripts) by extension 'colcon_pkg'
[3.463s] Level 1:colcon.colcon_core.package_identification:_identify(scripts) by extensions ['colcon_meta']
[3.463s] Level 1:colcon.colcon_core.package_identification:_identify(scripts) by extensions ['colcon_meta']
[3.463s] Level 1:colcon.colcon_core.package_identification:_identify(scripts) by extension 'colcon_meta'
[3.463s] Level 1:colcon.colcon_core.package_identification:_identify(scripts) by extension 'colcon_meta'
[3.463s] Level 1:colcon.colcon_core.package_identification:_identify(scripts) by extensions ['ros']
[3.463s] Level 1:colcon.colcon_core.package_identification:_identify(scripts) by extensions ['ros']
[3.464s] Level 1:colcon.colcon_core.package_identification:_identify(scripts) by extension 'ros'
[3.463s] Level 1:colcon.colcon_core.package_identification:_identify(scripts) by extension 'ros'
[3.464s] Level 1:colcon.colcon_core.package_identification:_identify(scripts) by extensions ['cmake', 'python']
[3.464s] Level 1:colcon.colcon_core.package_identification:_identify(scripts) by extensions ['cmake', 'python']
[3.464s] Level 1:colcon.colcon_core.package_identification:_identify(scripts) by extension 'cmake'
[3.464s] Level 1:colcon.colcon_core.package_identification:_identify(scripts) by extension 'cmake'
[3.465s] Level 1:colcon.colcon_core.package_identification:_identify(scripts) by extension 'python'
[3.464s] Level 1:colcon.colcon_core.package_identification:_identify(scripts) by extension 'python'
[3.465s] Level 1:colcon.colcon_core.package_identification:_identify(scripts) by extensions ['python_setup_py']
[3.465s] Level 1:colcon.colcon_core.package_identification:_identify(scripts) by extensions ['python_setup_py']
[3.465s] Level 1:colcon.colcon_core.package_identification:_identify(scripts) by extension 'python_setup_py'
[3.465s] Level 1:colcon.colcon_core.package_identification:_identify(scripts) by extension 'python_setup_py'
[3.467s] Level 1:colcon.colcon_core.package_identification:_identify(src) by extensions ['ignore', 'ignore_ament_install']
[3.466s] Level 1:colcon.colcon_core.package_identification:_identify(src) by extensions ['ignore', 'ignore_ament_install']
[3.467s] Level 1:colcon.colcon_core.package_identification:_identify(src) by extension 'ignore'
[3.467s] Level 1:colcon.colcon_core.package_identification:_identify(src) by extension 'ignore'
[3.467s] Level 1:colcon.colcon_core.package_identification:_identify(src) by extension 'ignore_ament_install'
[3.467s] Level 1:colcon.colcon_core.package_identification:_identify(src) by extension 'ignore_ament_install'
[3.468s] Level 1:colcon.colcon_core.package_identification:_identify(src) by extensions ['colcon_pkg']
[3.468s] Level 1:colcon.colcon_core.package_identification:_identify(src) by extensions ['colcon_pkg']
[3.468s] Level 1:colcon.colcon_core.package_identification:_identify(src) by extension 'colcon_pkg'
[3.468s] Level 1:colcon.colcon_core.package_identification:_identify(src) by extension 'colcon_pkg'
[3.468s] Level 1:colcon.colcon_core.package_identification:_identify(src) by extensions ['colcon_meta']
[3.468s] Level 1:colcon.colcon_core.package_identification:_identify(src) by extensions ['colcon_meta']
[3.468s] Level 1:colcon.colcon_core.package_identification:_identify(src) by extension 'colcon_meta'
[3.469s] Level 1:colcon.colcon_core.package_identification:_identify(src) by extension 'colcon_meta'
[3.469s] Level 1:colcon.colcon_core.package_identification:_identify(src) by extensions ['ros']
[3.469s] Level 1:colcon.colcon_core.package_identification:_identify(src) by extensions ['ros']
[3.469s] Level 1:colcon.colcon_core.package_identification:_identify(src) by extension 'ros'
[3.469s] Level 1:colcon.colcon_core.package_identification:_identify(src) by extension 'ros'
[3.469s] Level 1:colcon.colcon_core.package_identification:_identify(src) by extensions ['cmake', 'python']
[3.469s] Level 1:colcon.colcon_core.package_identification:_identify(src) by extensions ['cmake', 'python']
[3.469s] Level 1:colcon.colcon_core.package_identification:_identify(src) by extension 'cmake'
[3.470s] Level 1:colcon.colcon_core.package_identification:_identify(src) by extension 'cmake'
[3.470s] Level 1:colcon.colcon_core.package_identification:_identify(src) by extension 'python'
[3.470s] Level 1:colcon.colcon_core.package_identification:_identify(src) by extension 'python'
[3.470s] Level 1:colcon.colcon_core.package_identification:_identify(src) by extensions ['python_setup_py']
[3.470s] Level 1:colcon.colcon_core.package_identification:_identify(src) by extensions ['python_setup_py']
[3.470s] Level 1:colcon.colcon_core.package_identification:_identify(src) by extension 'python_setup_py'
[3.470s] Level 1:colcon.colcon_core.package_identification:_identify(src) by extension 'python_setup_py'
[3.471s] Level 1:colcon.colcon_core.package_identification:_identify(src/camera_test) by extensions ['ignore', 'ignore_ament_install']
[3.472s] Level 1:colcon.colcon_core.package_identification:_identify(src/camera_test) by extensions ['ignore', 'ignore_ament_install']
[3.472s] Level 1:colcon.colcon_core.package_identification:_identify(src/camera_test) by extension 'ignore'
[3.472s] Level 1:colcon.colcon_core.package_identification:_identify(src/camera_test) by extension 'ignore'
[3.473s] Level 1:colcon.colcon_core.package_identification:_identify(src/camera_test) by extension 'ignore_ament_install'
[3.472s] Level 1:colcon.colcon_core.package_identification:_identify(src/camera_test) by extension 'ignore_ament_install'
[3.473s] Level 1:colcon.colcon_core.package_identification:_identify(src/camera_test) by extensions ['colcon_pkg']
[3.473s] Level 1:colcon.colcon_core.package_identification:_identify(src/camera_test) by extensions ['colcon_pkg']
[3.473s] Level 1:colcon.colcon_core.package_identification:_identify(src/camera_test) by extension 'colcon_pkg'
[3.473s] Level 1:colcon.colcon_core.package_identification:_identify(src/camera_test) by extension 'colcon_pkg'
[3.473s] Level 1:colcon.colcon_core.package_identification:_identify(src/camera_test) by extensions ['colcon_meta']
[3.473s] Level 1:colcon.colcon_core.package_identification:_identify(src/camera_test) by extensions ['colcon_meta']
[3.473s] Level 1:colcon.colcon_core.package_identification:_identify(src/camera_test) by extension 'colcon_meta'
[3.473s] Level 1:colcon.colcon_core.package_identification:_identify(src/camera_test) by extension 'colcon_meta'
[3.474s] Level 1:colcon.colcon_core.package_identification:_identify(src/camera_test) by extensions ['ros']
[3.473s] Level 1:colcon.colcon_core.package_identification:_identify(src/camera_test) by extensions ['ros']
[3.474s] Level 1:colcon.colcon_core.package_identification:_identify(src/camera_test) by extension 'ros'
[3.474s] Level 1:colcon.colcon_core.package_identification:_identify(src/camera_test) by extension 'ros'
[3.489s] DEBUG:colcon.colcon_core.package_identification:Package 'src/camera_test' with type 'ros.ament_python' and name 'camera_test'
[3.489s] DEBUG:colcon.colcon_core.package_identification:Package 'src/camera_test' with type 'ros.ament_python' and name 'camera_test'
[3.490s] Level 1:colcon.colcon_core.package_identification:_identify(src/db_broker) by extensions ['ignore', 'ignore_ament_install']
[3.491s] Level 1:colcon.colcon_core.package_identification:_identify(src/db_broker) by extensions ['ignore', 'ignore_ament_install']
[3.491s] Level 1:colcon.colcon_core.package_identification:_identify(src/db_broker) by extension 'ignore'
[3.491s] Level 1:colcon.colcon_core.package_identification:_identify(src/db_broker) by extension 'ignore'
[3.492s] Level 1:colcon.colcon_core.package_identification:_identify(src/db_broker) by extension 'ignore_ament_install'
[3.491s] Level 1:colcon.colcon_core.package_identification:_identify(src/db_broker) by extension 'ignore_ament_install'
[3.492s] Level 1:colcon.colcon_core.package_identification:_identify(src/db_broker) by extensions ['colcon_pkg']
[3.492s] Level 1:colcon.colcon_core.package_identification:_identify(src/db_broker) by extensions ['colcon_pkg']
[3.492s] Level 1:colcon.colcon_core.package_identification:_identify(src/db_broker) by extension 'colcon_pkg'
[3.492s] Level 1:colcon.colcon_core.package_identification:_identify(src/db_broker) by extension 'colcon_pkg'
[3.492s] Level 1:colcon.colcon_core.package_identification:_identify(src/db_broker) by extensions ['colcon_meta']
[3.492s] Level 1:colcon.colcon_core.package_identification:_identify(src/db_broker) by extensions ['colcon_meta']
[3.493s] Level 1:colcon.colcon_core.package_identification:_identify(src/db_broker) by extension 'colcon_meta'
[3.492s] Level 1:colcon.colcon_core.package_identification:_identify(src/db_broker) by extension 'colcon_meta'
[3.493s] Level 1:colcon.colcon_core.package_identification:_identify(src/db_broker) by extensions ['ros']
[3.493s] Level 1:colcon.colcon_core.package_identification:_identify(src/db_broker) by extensions ['ros']
[3.493s] Level 1:colcon.colcon_core.package_identification:_identify(src/db_broker) by extension 'ros'
[3.493s] Level 1:colcon.colcon_core.package_identification:_identify(src/db_broker) by extension 'ros'
[3.496s] DEBUG:colcon.colcon_core.package_identification:Package 'src/db_broker' with type 'ros.ament_python' and name 'db_broker'
[3.496s] DEBUG:colcon.colcon_core.package_identification:Package 'src/db_broker' with type 'ros.ament_python' and name 'db_broker'
[3.498s] Level 1:colcon.colcon_core.package_identification:_identify(src/drive_cb) by extensions ['ignore', 'ignore_ament_install']
[3.498s] Level 1:colcon.colcon_core.package_identification:_identify(src/drive_cb) by extensions ['ignore', 'ignore_ament_install']
[3.498s] Level 1:colcon.colcon_core.package_identification:_identify(src/drive_cb) by extension 'ignore'
[3.498s] Level 1:colcon.colcon_core.package_identification:_identify(src/drive_cb) by extension 'ignore'
[3.499s] Level 1:colcon.colcon_core.package_identification:_identify(src/drive_cb) by extension 'ignore_ament_install'
[3.499s] Level 1:colcon.colcon_core.package_identification:_identify(src/drive_cb) by extension 'ignore_ament_install'
[3.499s] Level 1:colcon.colcon_core.package_identification:_identify(src/drive_cb) by extensions ['colcon_pkg']
[3.499s] Level 1:colcon.colcon_core.package_identification:_identify(src/drive_cb) by extensions ['colcon_pkg']
[3.499s] Level 1:colcon.colcon_core.package_identification:_identify(src/drive_cb) by extension 'colcon_pkg'
[3.499s] Level 1:colcon.colcon_core.package_identification:_identify(src/drive_cb) by extension 'colcon_pkg'
[3.499s] Level 1:colcon.colcon_core.package_identification:_identify(src/drive_cb) by extensions ['colcon_meta']
[3.500s] Level 1:colcon.colcon_core.package_identification:_identify(src/drive_cb) by extensions ['colcon_meta']
[3.500s] Level 1:colcon.colcon_core.package_identification:_identify(src/drive_cb) by extension 'colcon_meta'
[3.500s] Level 1:colcon.colcon_core.package_identification:_identify(src/drive_cb) by extension 'colcon_meta'
[3.500s] Level 1:colcon.colcon_core.package_identification:_identify(src/drive_cb) by extensions ['ros']
[3.500s] Level 1:colcon.colcon_core.package_identification:_identify(src/drive_cb) by extensions ['ros']
[3.500s] Level 1:colcon.colcon_core.package_identification:_identify(src/drive_cb) by extension 'ros'
[3.500s] Level 1:colcon.colcon_core.package_identification:_identify(src/drive_cb) by extension 'ros'
[3.503s] DEBUG:colcon.colcon_core.package_identification:Package 'src/drive_cb' with type 'ros.ament_python' and name 'drive_cb'
[3.503s] DEBUG:colcon.colcon_core.package_identification:Package 'src/drive_cb' with type 'ros.ament_python' and name 'drive_cb'
[3.505s] Level 1:colcon.colcon_core.package_identification:_identify(src/drive_ex) by extensions ['ignore', 'ignore_ament_install']
[3.505s] Level 1:colcon.colcon_core.package_identification:_identify(src/drive_ex) by extensions ['ignore', 'ignore_ament_install']
[3.505s] Level 1:colcon.colcon_core.package_identification:_identify(src/drive_ex) by extension 'ignore'
[3.505s] Level 1:colcon.colcon_core.package_identification:_identify(src/drive_ex) by extension 'ignore'
[3.506s] Level 1:colcon.colcon_core.package_identification:_identify(src/drive_ex) by extension 'ignore_ament_install'
[3.506s] Level 1:colcon.colcon_core.package_identification:_identify(src/drive_ex) by extension 'ignore_ament_install'
[3.506s] Level 1:colcon.colcon_core.package_identification:_identify(src/drive_ex) by extensions ['colcon_pkg']
[3.506s] Level 1:colcon.colcon_core.package_identification:_identify(src/drive_ex) by extensions ['colcon_pkg']
[3.506s] Level 1:colcon.colcon_core.package_identification:_identify(src/drive_ex) by extension 'colcon_pkg'
[3.506s] Level 1:colcon.colcon_core.package_identification:_identify(src/drive_ex) by extension 'colcon_pkg'
[3.506s] Level 1:colcon.colcon_core.package_identification:_identify(src/drive_ex) by extensions ['colcon_meta']
[3.507s] Level 1:colcon.colcon_core.package_identification:_identify(src/drive_ex) by extensions ['colcon_meta']
[3.506s] Level 1:colcon.colcon_core.package_identification:_identify(src/drive_ex) by extension 'colcon_meta'
[3.507s] Level 1:colcon.colcon_core.package_identification:_identify(src/drive_ex) by extension 'colcon_meta'
[3.507s] Level 1:colcon.colcon_core.package_identification:_identify(src/drive_ex) by extensions ['ros']
[3.507s] Level 1:colcon.colcon_core.package_identification:_identify(src/drive_ex) by extensions ['ros']
[3.507s] Level 1:colcon.colcon_core.package_identification:_identify(src/drive_ex) by extension 'ros'
[3.507s] Level 1:colcon.colcon_core.package_identification:_identify(src/drive_ex) by extension 'ros'
[3.510s] DEBUG:colcon.colcon_core.package_identification:Package 'src/drive_ex' with type 'ros.ament_python' and name 'drive_ex'
[3.510s] DEBUG:colcon.colcon_core.package_identification:Package 'src/drive_ex' with type 'ros.ament_python' and name 'drive_ex'
[3.512s] Level 1:colcon.colcon_core.package_identification:_identify(src/joy_control) by extensions ['ignore', 'ignore_ament_install']
[3.512s] Level 1:colcon.colcon_core.package_identification:_identify(src/joy_control) by extensions ['ignore', 'ignore_ament_install']
[3.512s] Level 1:colcon.colcon_core.package_identification:_identify(src/joy_control) by extension 'ignore'
[3.512s] Level 1:colcon.colcon_core.package_identification:_identify(src/joy_control) by extension 'ignore'
[3.513s] Level 1:colcon.colcon_core.package_identification:_identify(src/joy_control) by extension 'ignore_ament_install'
[3.513s] Level 1:colcon.colcon_core.package_identification:_identify(src/joy_control) by extension 'ignore_ament_install'
[3.513s] Level 1:colcon.colcon_core.package_identification:_identify(src/joy_control) by extensions ['colcon_pkg']
[3.513s] Level 1:colcon.colcon_core.package_identification:_identify(src/joy_control) by extensions ['colcon_pkg']
[3.513s] Level 1:colcon.colcon_core.package_identification:_identify(src/joy_control) by extension 'colcon_pkg'
[3.513s] Level 1:colcon.colcon_core.package_identification:_identify(src/joy_control) by extension 'colcon_pkg'
[3.514s] Level 1:colcon.colcon_core.package_identification:_identify(src/joy_control) by extensions ['colcon_meta']
[3.513s] Level 1:colcon.colcon_core.package_identification:_identify(src/joy_control) by extensions ['colcon_meta']
[3.514s] Level 1:colcon.colcon_core.package_identification:_identify(src/joy_control) by extension 'colcon_meta'
[3.513s] Level 1:colcon.colcon_core.package_identification:_identify(src/joy_control) by extension 'colcon_meta'
[3.514s] Level 1:colcon.colcon_core.package_identification:_identify(src/joy_control) by extensions ['ros']
[3.514s] Level 1:colcon.colcon_core.package_identification:_identify(src/joy_control) by extensions ['ros']
[3.514s] Level 1:colcon.colcon_core.package_identification:_identify(src/joy_control) by extension 'ros'
[3.514s] Level 1:colcon.colcon_core.package_identification:_identify(src/joy_control) by extension 'ros'
[3.517s] DEBUG:colcon.colcon_core.package_identification:Package 'src/joy_control' with type 'ros.ament_python' and name 'joy_control'
[3.517s] DEBUG:colcon.colcon_core.package_identification:Package 'src/joy_control' with type 'ros.ament_python' and name 'joy_control'
[3.518s] Level 1:colcon.colcon_core.package_identification:_identify(src/py_pubsub) by extensions ['ignore', 'ignore_ament_install']
[3.519s] Level 1:colcon.colcon_core.package_identification:_identify(src/py_pubsub) by extensions ['ignore', 'ignore_ament_install']
[3.519s] Level 1:colcon.colcon_core.package_identification:_identify(src/py_pubsub) by extension 'ignore'
[3.519s] Level 1:colcon.colcon_core.package_identification:_identify(src/py_pubsub) by extension 'ignore'
[3.519s] Level 1:colcon.colcon_core.package_identification:_identify(src/py_pubsub) by extension 'ignore_ament_install'
[3.519s] Level 1:colcon.colcon_core.package_identification:_identify(src/py_pubsub) by extension 'ignore_ament_install'
[3.520s] Level 1:colcon.colcon_core.package_identification:_identify(src/py_pubsub) by extensions ['colcon_pkg']
[3.519s] Level 1:colcon.colcon_core.package_identification:_identify(src/py_pubsub) by extensions ['colcon_pkg']
[3.520s] Level 1:colcon.colcon_core.package_identification:_identify(src/py_pubsub) by extension 'colcon_pkg'
[3.520s] Level 1:colcon.colcon_core.package_identification:_identify(src/py_pubsub) by extension 'colcon_pkg'
[3.520s] Level 1:colcon.colcon_core.package_identification:_identify(src/py_pubsub) by extensions ['colcon_meta']
[3.520s] Level 1:colcon.colcon_core.package_identification:_identify(src/py_pubsub) by extensions ['colcon_meta']
[3.520s] Level 1:colcon.colcon_core.package_identification:_identify(src/py_pubsub) by extension 'colcon_meta'
[3.520s] Level 1:colcon.colcon_core.package_identification:_identify(src/py_pubsub) by extension 'colcon_meta'
[3.521s] Level 1:colcon.colcon_core.package_identification:_identify(src/py_pubsub) by extensions ['ros']
[3.521s] Level 1:colcon.colcon_core.package_identification:_identify(src/py_pubsub) by extensions ['ros']
[3.521s] Level 1:colcon.colcon_core.package_identification:_identify(src/py_pubsub) by extension 'ros'
[3.521s] Level 1:colcon.colcon_core.package_identification:_identify(src/py_pubsub) by extension 'ros'
[3.523s] DEBUG:colcon.colcon_core.package_identification:Package 'src/py_pubsub' with type 'ros.ament_python' and name 'py_pubsub'
[3.524s] DEBUG:colcon.colcon_core.package_identification:Package 'src/py_pubsub' with type 'ros.ament_python' and name 'py_pubsub'
[3.525s] Level 1:colcon.colcon_core.package_identification:_identify(src/ui) by extensions ['ignore', 'ignore_ament_install']
[3.525s] Level 1:colcon.colcon_core.package_identification:_identify(src/ui) by extensions ['ignore', 'ignore_ament_install']
[3.526s] Level 1:colcon.colcon_core.package_identification:_identify(src/ui) by extension 'ignore'
[3.526s] Level 1:colcon.colcon_core.package_identification:_identify(src/ui) by extension 'ignore'
[3.526s] Level 1:colcon.colcon_core.package_identification:_identify(src/ui) by extension 'ignore_ament_install'
[3.526s] Level 1:colcon.colcon_core.package_identification:_identify(src/ui) by extension 'ignore_ament_install'
[3.526s] Level 1:colcon.colcon_core.package_identification:_identify(src/ui) by extensions ['colcon_pkg']
[3.527s] Level 1:colcon.colcon_core.package_identification:_identify(src/ui) by extensions ['colcon_pkg']
[3.527s] Level 1:colcon.colcon_core.package_identification:_identify(src/ui) by extension 'colcon_pkg'
[3.527s] Level 1:colcon.colcon_core.package_identification:_identify(src/ui) by extension 'colcon_pkg'
[3.527s] Level 1:colcon.colcon_core.package_identification:_identify(src/ui) by extensions ['colcon_meta']
[3.527s] Level 1:colcon.colcon_core.package_identification:_identify(src/ui) by extensions ['colcon_meta']
[3.527s] Level 1:colcon.colcon_core.package_identification:_identify(src/ui) by extension 'colcon_meta'
[3.527s] Level 1:colcon.colcon_core.package_identification:_identify(src/ui) by extension 'colcon_meta'
[3.528s] Level 1:colcon.colcon_core.package_identification:_identify(src/ui) by extensions ['ros']
[3.527s] Level 1:colcon.colcon_core.package_identification:_identify(src/ui) by extensions ['ros']
[3.528s] Level 1:colcon.colcon_core.package_identification:_identify(src/ui) by extension 'ros'
[3.527s] Level 1:colcon.colcon_core.package_identification:_identify(src/ui) by extension 'ros'
[3.531s] DEBUG:colcon.colcon_core.package_identification:Package 'src/ui' with type 'ros.ament_python' and name 'ui'
[3.531s] DEBUG:colcon.colcon_core.package_identification:Package 'src/ui' with type 'ros.ament_python' and name 'ui'
[3.531s] Level 1:colcon.colcon_core.package_discovery:discover_packages(recursive) using defaults
[3.531s] Level 1:colcon.colcon_core.package_discovery:discover_packages(recursive) using defaults
[3.532s] Level 1:colcon.colcon_core.package_discovery:discover_packages(ignore) discover
[3.532s] Level 1:colcon.colcon_core.package_discovery:discover_packages(ignore) discover
[3.532s] Level 1:colcon.colcon_core.package_discovery:discover_packages(ignore) using defaults
[3.532s] Level 1:colcon.colcon_core.package_discovery:discover_packages(ignore) using defaults
[3.532s] Level 1:colcon.colcon_core.package_discovery:discover_packages(path) discover
[3.532s] Level 1:colcon.colcon_core.package_discovery:discover_packages(path) discover
[3.532s] Level 1:colcon.colcon_core.package_discovery:discover_packages(path) using defaults
[3.532s] Level 1:colcon.colcon_core.package_discovery:discover_packages(path) using defaults
[3.749s] INFO:colcon.colcon_core.package_selection:Skipping not selected package 'camera_test' in 'src/camera_test'
[3.749s] INFO:colcon.colcon_core.package_selection:Skipping not selected package 'camera_test' in 'src/camera_test'
[3.750s] INFO:colcon.colcon_core.package_selection:Skipping not selected package 'db_broker' in 'src/db_broker'
[3.750s] INFO:colcon.colcon_core.package_selection:Skipping not selected package 'db_broker' in 'src/db_broker'
[3.750s] INFO:colcon.colcon_core.package_selection:Skipping not selected package 'drive_cb' in 'src/drive_cb'
[3.750s] INFO:colcon.colcon_core.package_selection:Skipping not selected package 'drive_cb' in 'src/drive_cb'
[3.750s] INFO:colcon.colcon_core.package_selection:Skipping not selected package 'joy_control' in 'src/joy_control'
[3.750s] INFO:colcon.colcon_core.package_selection:Skipping not selected package 'drive_ex' in 'src/drive_ex'
[3.750s] INFO:colcon.colcon_core.package_selection:Skipping not selected package 'py_pubsub' in 'src/py_pubsub'
[3.750s] INFO:colcon.colcon_core.package_selection:Skipping not selected package 'py_pubsub' in 'src/py_pubsub'
[3.751s] INFO:colcon.colcon_core.package_selection:Skipping not selected package 'ui' in 'src/ui'
[3.750s] INFO:colcon.colcon_core.package_selection:Skipping not selected package 'ui' in 'src/ui'
[3.760s] Level 1:colcon.colcon_core.package_discovery:discover_packages(prefix_path) check parameters
[3.760s] Level 1:colcon.colcon_core.package_discovery:discover_packages(prefix_path) check parameters
[3.760s] Level 1:colcon.colcon_core.package_discovery:discover_packages(prefix_path) discover
[3.760s] Level 1:colcon.colcon_core.package_discovery:discover_packages(prefix_path) discover
[3.782s] DEBUG:colcon.colcon_installed_package_information.package_discovery:Found 7 installed packages in /home/beachlbl/ros2-ws-2024/install
[3.781s] DEBUG:colcon.colcon_installed_package_information.package_discovery:Found 7 installed packages in /home/beachlbl/ros2-ws-2024/install
[3.792s] DEBUG:colcon.colcon_installed_package_information.package_discovery:Found 287 installed packages in /opt/ros/iron
[3.792s] DEBUG:colcon.colcon_installed_package_information.package_discovery:Found 287 installed packages in /opt/ros/iron
[3.799s] Level 1:colcon.colcon_core.package_discovery:discover_packages(prefix_path) using defaults
[3.799s] Level 1:colcon.colcon_core.package_discovery:discover_packages(prefix_path) using defaults
[4.042s] Level 5:colcon.colcon_core.verb:set package 'joy_control' build argument 'cmake_args' from command line to 'None'
[4.042s] Level 5:colcon.colcon_core.verb:set package 'joy_control' build argument 'cmake_target' from command line to 'None'
[4.042s] Level 5:colcon.colcon_core.verb:set package 'drive_ex' build argument 'cmake_args' from command line to 'None'
[4.042s] Level 5:colcon.colcon_core.verb:set package 'joy_control' build argument 'cmake_target_skip_unavailable' from command line to 'False'
[4.043s] Level 5:colcon.colcon_core.verb:set package 'drive_ex' build argument 'cmake_target' from command line to 'None'
[4.042s] Level 5:colcon.colcon_core.verb:set package 'joy_control' build argument 'cmake_clean_cache' from command line to 'False'
[4.043s] Level 5:colcon.colcon_core.verb:set package 'drive_ex' build argument 'cmake_target_skip_unavailable' from command line to 'False'
[4.043s] Level 5:colcon.colcon_core.verb:set package 'joy_control' build argument 'cmake_clean_first' from command line to 'False'
[4.043s] Level 5:colcon.colcon_core.verb:set package 'drive_ex' build argument 'cmake_clean_cache' from command line to 'False'
[4.043s] Level 5:colcon.colcon_core.verb:set package 'joy_control' build argument 'cmake_force_configure' from command line to 'False'
[4.043s] Level 5:colcon.colcon_core.verb:set package 'drive_ex' build argument 'cmake_clean_first' from command line to 'False'
[4.043s] Level 5:colcon.colcon_core.verb:set package 'joy_control' build argument 'ament_cmake_args' from command line to 'None'
[4.043s] Level 5:colcon.colcon_core.verb:set package 'drive_ex' build argument 'cmake_force_configure' from command line to 'False'
[4.043s] Level 5:colcon.colcon_core.verb:set package 'joy_control' build argument 'catkin_cmake_args' from command line to 'None'
[4.043s] Level 5:colcon.colcon_core.verb:set package 'drive_ex' build argument 'ament_cmake_args' from command line to 'None'
[4.043s] Level 5:colcon.colcon_core.verb:set package 'joy_control' build argument 'catkin_skip_building_tests' from command line to 'False'
[4.043s] Level 5:colcon.colcon_core.verb:set package 'drive_ex' build argument 'catkin_cmake_args' from command line to 'None'
[4.043s] Level 5:colcon.colcon_core.verb:set package 'drive_ex' build argument 'catkin_skip_building_tests' from command line to 'False'
[4.043s] DEBUG:colcon.colcon_core.verb:Building package 'joy_control' with the following arguments: {'ament_cmake_args': None, 'build_base': '/home/beachlbl/ros2-ws-2024/build/joy_control', 'catkin_cmake_args': None, 'catkin_skip_building_tests': False, 'cmake_args': None, 'cmake_clean_cache': False, 'cmake_clean_first': False, 'cmake_force_configure': False, 'cmake_target': None, 'cmake_target_skip_unavailable': False, 'install_base': '/home/beachlbl/ros2-ws-2024/install/joy_control', 'merge_install': False, 'path': '/home/beachlbl/ros2-ws-2024/src/joy_control', 'symlink_install': False, 'test_result_base': None}
[4.043s] DEBUG:colcon.colcon_core.verb:Building package 'drive_ex' with the following arguments: {'ament_cmake_args': None, 'build_base': '/home/beachlbl/ros2-ws-2024/build/drive_ex', 'catkin_cmake_args': None, 'catkin_skip_building_tests': False, 'cmake_args': None, 'cmake_clean_cache': False, 'cmake_clean_first': False, 'cmake_force_configure': False, 'cmake_target': None, 'cmake_target_skip_unavailable': False, 'install_base': '/home/beachlbl/ros2-ws-2024/install/drive_ex', 'merge_install': False, 'path': '/home/beachlbl/ros2-ws-2024/src/drive_ex', 'symlink_install': False, 'test_result_base': None}
[4.044s] INFO:colcon.colcon_core.executor:Executing jobs using 'parallel' executor
[4.044s] INFO:colcon.colcon_core.executor:Executing jobs using 'parallel' executor
[4.048s] DEBUG:colcon.colcon_parallel_executor.executor.parallel:run_until_complete
[4.048s] INFO:colcon.colcon_ros.task.ament_python.build:Building ROS package in '/home/beachlbl/ros2-ws-2024/src/drive_ex' with build type 'ament_python'
[4.048s] DEBUG:colcon.colcon_parallel_executor.executor.parallel:run_until_complete
[4.049s] Level 1:colcon.colcon_core.shell:create_environment_hook('drive_ex', 'ament_prefix_path')
[4.049s] INFO:colcon.colcon_ros.task.ament_python.build:Building ROS package in '/home/beachlbl/ros2-ws-2024/src/joy_control' with build type 'ament_python'
[4.050s] Level 1:colcon.colcon_core.shell:create_environment_hook('joy_control', 'ament_prefix_path')
[4.229s] INFO:colcon.colcon_core.plugin_system:Skipping extension 'colcon_core.shell.bat': Not used on non-Windows systems
[4.229s] INFO:colcon.colcon_core.plugin_system:Skipping extension 'colcon_core.shell.bat': Not used on non-Windows systems
[4.230s] INFO:colcon.colcon_core.shell:Creating environment hook '/home/beachlbl/ros2-ws-2024/install/joy_control/share/joy_control/hook/ament_prefix_path.ps1'
[4.230s] INFO:colcon.colcon_core.shell:Creating environment hook '/home/beachlbl/ros2-ws-2024/install/drive_ex/share/drive_ex/hook/ament_prefix_path.ps1'
[4.235s] INFO:colcon.colcon_core.shell:Creating environment descriptor '/home/beachlbl/ros2-ws-2024/install/drive_ex/share/drive_ex/hook/ament_prefix_path.dsv'
[4.235s] INFO:colcon.colcon_core.shell:Creating environment descriptor '/home/beachlbl/ros2-ws-2024/install/joy_control/share/joy_control/hook/ament_prefix_path.dsv'
[4.252s] INFO:colcon.colcon_core.shell:Creating environment hook '/home/beachlbl/ros2-ws-2024/install/drive_ex/share/drive_ex/hook/ament_prefix_path.sh'
[4.252s] INFO:colcon.colcon_core.shell:Creating environment hook '/home/beachlbl/ros2-ws-2024/install/joy_control/share/joy_control/hook/ament_prefix_path.sh'
[4.286s] INFO:colcon.colcon_core.shell:Skip shell extension 'powershell' for command environment: Not usable outside of PowerShell
[4.287s] INFO:colcon.colcon_core.shell:Skip shell extension 'powershell' for command environment: Not usable outside of PowerShell
[4.287s] DEBUG:colcon.colcon_core.shell:Skip shell extension 'dsv' for command environment
[4.287s] DEBUG:colcon.colcon_core.shell:Skip shell extension 'dsv' for command environment
[5.825s] INFO:colcon.colcon_core.task.python.build:Building Python package in '/home/beachlbl/ros2-ws-2024/src/drive_ex'
[5.826s] INFO:colcon.colcon_core.task.python.build:Building Python package in '/home/beachlbl/ros2-ws-2024/src/joy_control'
[5.826s] INFO:colcon.colcon_core.shell:Skip shell extension 'powershell' for command environment: Not usable outside of PowerShell
[5.826s] DEBUG:colcon.colcon_core.shell:Skip shell extension 'dsv' for command environment
[5.827s] INFO:colcon.colcon_core.shell:Skip shell extension 'powershell' for command environment: Not usable outside of PowerShell
[5.827s] DEBUG:colcon.colcon_core.shell:Skip shell extension 'dsv' for command environment
[8.417s] DEBUG:colcon.colcon_core.event_handler.log_command:Invoking command in '/home/beachlbl/ros2-ws-2024/src/drive_ex': PYTHONPATH=/home/beachlbl/ros2-ws-2024/build/drive_ex/prefix_override:/home/beachlbl/ros2-ws-2024/install/drive_ex/lib/python3.10/site-packages:${PYTHONPATH} /usr/bin/python3 -W ignore:setup.py install is deprecated setup.py egg_info --egg-base ../../build/drive_ex build --build-base /home/beachlbl/ros2-ws-2024/build/drive_ex/build install --record /home/beachlbl/ros2-ws-2024/build/drive_ex/install.log --single-version-externally-managed install_data
[8.419s] DEBUG:colcon.colcon_core.event_handler.log_command:Invoking command in '/home/beachlbl/ros2-ws-2024/src/joy_control': PYTHONPATH=/home/beachlbl/ros2-ws-2024/build/joy_control/prefix_override:/home/beachlbl/ros2-ws-2024/install/joy_control/lib/python3.10/site-packages:${PYTHONPATH} /usr/bin/python3 -W ignore:setup.py install is deprecated setup.py egg_info --egg-base ../../build/joy_control build --build-base /home/beachlbl/ros2-ws-2024/build/joy_control/build install --record /home/beachlbl/ros2-ws-2024/build/joy_control/install.log --single-version-externally-managed install_data
[10.232s] DEBUG:colcon.colcon_core.event_handler.log_command:Invoked command in '/home/beachlbl/ros2-ws-2024/src/drive_ex' returned '0': PYTHONPATH=/home/beachlbl/ros2-ws-2024/build/drive_ex/prefix_override:/home/beachlbl/ros2-ws-2024/install/drive_ex/lib/python3.10/site-packages:${PYTHONPATH} /usr/bin/python3 -W ignore:setup.py install is deprecated setup.py egg_info --egg-base ../../build/drive_ex build --build-base /home/beachlbl/ros2-ws-2024/build/drive_ex/build install --record /home/beachlbl/ros2-ws-2024/build/drive_ex/install.log --single-version-externally-managed install_data
[10.232s] DEBUG:colcon.colcon_core.event_handler.log_command:Invoked command in '/home/beachlbl/ros2-ws-2024/src/joy_control' returned '0': PYTHONPATH=/home/beachlbl/ros2-ws-2024/build/joy_control/prefix_override:/home/beachlbl/ros2-ws-2024/install/joy_control/lib/python3.10/site-packages:${PYTHONPATH} /usr/bin/python3 -W ignore:setup.py install is deprecated setup.py egg_info --egg-base ../../build/joy_control build --build-base /home/beachlbl/ros2-ws-2024/build/joy_control/build install --record /home/beachlbl/ros2-ws-2024/build/joy_control/install.log --single-version-externally-managed install_data
[10.266s] Level 1:colcon.colcon_core.environment:checking '/home/beachlbl/ros2-ws-2024/install/drive_ex' for CMake module files
[10.266s] Level 1:colcon.colcon_core.environment:checking '/home/beachlbl/ros2-ws-2024/install/joy_control' for CMake module files
[10.269s] Level 1:colcon.colcon_core.environment:checking '/home/beachlbl/ros2-ws-2024/install/drive_ex' for CMake config files
[10.269s] Level 1:colcon.colcon_core.environment:checking '/home/beachlbl/ros2-ws-2024/install/joy_control' for CMake config files
[10.273s] Level 1:colcon.colcon_core.environment:checking '/home/beachlbl/ros2-ws-2024/install/joy_control/lib'
[10.274s] Level 1:colcon.colcon_core.environment:checking '/home/beachlbl/ros2-ws-2024/install/drive_ex/lib'
[10.274s] Level 1:colcon.colcon_core.environment:checking '/home/beachlbl/ros2-ws-2024/install/joy_control/bin'
[10.275s] Level 1:colcon.colcon_core.environment:checking '/home/beachlbl/ros2-ws-2024/install/drive_ex/bin'
[10.275s] Level 1:colcon.colcon_core.environment:checking '/home/beachlbl/ros2-ws-2024/install/joy_control/lib/pkgconfig/joy_control.pc'
[10.275s] Level 1:colcon.colcon_core.environment:checking '/home/beachlbl/ros2-ws-2024/install/drive_ex/lib/pkgconfig/drive_ex.pc'
[10.276s] Level 1:colcon.colcon_core.environment:checking '/home/beachlbl/ros2-ws-2024/install/joy_control/lib/python3.10/site-packages'
[10.276s] Level 1:colcon.colcon_core.environment:checking '/home/beachlbl/ros2-ws-2024/install/drive_ex/lib/python3.10/site-packages'
[10.277s] Level 1:colcon.colcon_core.shell:create_environment_hook('drive_ex', 'pythonpath')
[10.277s] Level 1:colcon.colcon_core.shell:create_environment_hook('joy_control', 'pythonpath')
[10.278s] INFO:colcon.colcon_core.shell:Creating environment hook '/home/beachlbl/ros2-ws-2024/install/drive_ex/share/drive_ex/hook/pythonpath.ps1'
[10.278s] INFO:colcon.colcon_core.shell:Creating environment hook '/home/beachlbl/ros2-ws-2024/install/joy_control/share/joy_control/hook/pythonpath.ps1'
[10.280s] INFO:colcon.colcon_core.shell:Creating environment descriptor '/home/beachlbl/ros2-ws-2024/install/joy_control/share/joy_control/hook/pythonpath.dsv'
[10.280s] INFO:colcon.colcon_core.shell:Creating environment descriptor '/home/beachlbl/ros2-ws-2024/install/drive_ex/share/drive_ex/hook/pythonpath.dsv'
[10.282s] INFO:colcon.colcon_core.shell:Creating environment hook '/home/beachlbl/ros2-ws-2024/install/drive_ex/share/drive_ex/hook/pythonpath.sh'
[10.282s] INFO:colcon.colcon_core.shell:Creating environment hook '/home/beachlbl/ros2-ws-2024/install/joy_control/share/joy_control/hook/pythonpath.sh'
[10.285s] Level 1:colcon.colcon_core.environment:checking '/home/beachlbl/ros2-ws-2024/install/drive_ex/bin'
[10.285s] Level 1:colcon.colcon_core.environment:checking '/home/beachlbl/ros2-ws-2024/install/joy_control/bin'
[10.285s] Level 1:colcon.colcon_core.environment:create_environment_scripts_only(joy_control)
[10.285s] Level 1:colcon.colcon_core.environment:create_environment_scripts_only(drive_ex)
[10.286s] INFO:colcon.colcon_core.shell:Creating package script '/home/beachlbl/ros2-ws-2024/install/joy_control/share/joy_control/package.ps1'
[10.287s] INFO:colcon.colcon_core.shell:Creating package script '/home/beachlbl/ros2-ws-2024/install/drive_ex/share/drive_ex/package.ps1'
[10.293s] INFO:colcon.colcon_core.shell:Creating package descriptor '/home/beachlbl/ros2-ws-2024/install/drive_ex/share/drive_ex/package.dsv'
[10.293s] INFO:colcon.colcon_core.shell:Creating package descriptor '/home/beachlbl/ros2-ws-2024/install/joy_control/share/joy_control/package.dsv'
[10.304s] INFO:colcon.colcon_core.shell:Creating package script '/home/beachlbl/ros2-ws-2024/install/joy_control/share/joy_control/package.sh'
[10.305s] INFO:colcon.colcon_core.shell:Creating package script '/home/beachlbl/ros2-ws-2024/install/drive_ex/share/drive_ex/package.sh'
[10.317s] INFO:colcon.colcon_core.shell:Creating package script '/home/beachlbl/ros2-ws-2024/install/drive_ex/share/drive_ex/package.bash'
[10.317s] INFO:colcon.colcon_core.shell:Creating package script '/home/beachlbl/ros2-ws-2024/install/joy_control/share/joy_control/package.bash'
[10.331s] INFO:colcon.colcon_core.shell:Creating package script '/home/beachlbl/ros2-ws-2024/install/drive_ex/share/drive_ex/package.zsh'
[10.331s] INFO:colcon.colcon_core.shell:Creating package script '/home/beachlbl/ros2-ws-2024/install/joy_control/share/joy_control/package.zsh'
[10.352s] Level 1:colcon.colcon_core.environment:create_file_with_runtime_dependencies(/home/beachlbl/ros2-ws-2024/install/drive_ex/share/colcon-core/packages/drive_ex)
[10.352s] Level 1:colcon.colcon_core.environment:create_file_with_runtime_dependencies(/home/beachlbl/ros2-ws-2024/install/joy_control/share/colcon-core/packages/joy_control)
[10.354s] DEBUG:colcon.colcon_parallel_executor.executor.parallel:closing loop
[10.354s] DEBUG:colcon.colcon_parallel_executor.executor.parallel:closing loop
[10.356s] DEBUG:colcon.colcon_parallel_executor.executor.parallel:loop closed
[10.356s] DEBUG:colcon.colcon_parallel_executor.executor.parallel:run_until_complete finished with '0'
[10.356s] DEBUG:colcon.colcon_parallel_executor.executor.parallel:loop closed
[10.357s] DEBUG:colcon.colcon_parallel_executor.executor.parallel:run_until_complete finished with '0'
[10.357s] DEBUG:colcon.colcon_core.event_reactor:joining thread
[10.357s] DEBUG:colcon.colcon_core.event_reactor:joining thread
[10.420s] INFO:colcon.colcon_core.plugin_system:Skipping extension 'colcon_notification.desktop_notification.terminal_notifier': Not used on non-Darwin systems
[10.420s] INFO:colcon.colcon_core.plugin_system:Skipping extension 'colcon_notification.desktop_notification.terminal_notifier': Not used on non-Darwin systems
[10.420s] INFO:colcon.colcon_core.plugin_system:Skipping extension 'colcon_notification.desktop_notification.win32': Not used on non-Windows systems
[10.420s] INFO:colcon.colcon_core.plugin_system:Skipping extension 'colcon_notification.desktop_notification.win32': Not used on non-Windows systems
[10.421s] INFO:colcon.colcon_notification.desktop_notification:Sending desktop notification using 'notify2'
[10.420s] INFO:colcon.colcon_notification.desktop_notification:Sending desktop notification using 'notify2'
[10.424s] DEBUG:colcon.colcon_notification.desktop_notification.notify2:Failed to initialize notify2: org.freedesktop.DBus.Error.ServiceUnknown: The name org.freedesktop.Notifications was not provided by any .service files
[10.424s] DEBUG:colcon.colcon_core.event_reactor:joined thread
[10.424s] DEBUG:colcon.colcon_notification.desktop_notification.notify2:Failed to initialize notify2: org.freedesktop.DBus.Error.ServiceUnknown: The name org.freedesktop.Notifications was not provided by any .service files
[10.425s] DEBUG:colcon.colcon_core.event_reactor:joined thread
[10.425s] INFO:colcon.colcon_core.shell:Creating prefix script '/home/beachlbl/ros2-ws-2024/install/local_setup.ps1'
[10.426s] INFO:colcon.colcon_core.shell:Creating prefix script '/home/beachlbl/ros2-ws-2024/install/local_setup.ps1'
[10.430s] INFO:colcon.colcon_core.shell:Creating prefix util module '/home/beachlbl/ros2-ws-2024/install/_local_setup_util_ps1.py'
[10.430s] INFO:colcon.colcon_core.shell:Creating prefix util module '/home/beachlbl/ros2-ws-2024/install/_local_setup_util_ps1.py'
[10.437s] INFO:colcon.colcon_core.shell:Creating prefix chain script '/home/beachlbl/ros2-ws-2024/install/setup.ps1'
[10.437s] INFO:colcon.colcon_core.shell:Creating prefix chain script '/home/beachlbl/ros2-ws-2024/install/setup.ps1'
[10.444s] INFO:colcon.colcon_core.shell:Creating prefix script '/home/beachlbl/ros2-ws-2024/install/local_setup.sh'
[10.444s] INFO:colcon.colcon_core.shell:Creating prefix script '/home/beachlbl/ros2-ws-2024/install/local_setup.sh'
[10.454s] INFO:colcon.colcon_core.shell:Creating prefix util module '/home/beachlbl/ros2-ws-2024/install/_local_setup_util_sh.py'
[10.454s] INFO:colcon.colcon_core.shell:Creating prefix util module '/home/beachlbl/ros2-ws-2024/install/_local_setup_util_sh.py'
[10.457s] INFO:colcon.colcon_core.shell:Creating prefix chain script '/home/beachlbl/ros2-ws-2024/install/setup.sh'
[10.457s] INFO:colcon.colcon_core.shell:Creating prefix chain script '/home/beachlbl/ros2-ws-2024/install/setup.sh'
[10.477s] INFO:colcon.colcon_core.shell:Creating prefix script '/home/beachlbl/ros2-ws-2024/install/local_setup.bash'
[10.477s] INFO:colcon.colcon_core.shell:Creating prefix script '/home/beachlbl/ros2-ws-2024/install/local_setup.bash'
[10.482s] INFO:colcon.colcon_core.shell:Creating prefix chain script '/home/beachlbl/ros2-ws-2024/install/setup.bash'
[10.483s] INFO:colcon.colcon_core.shell:Creating prefix chain script '/home/beachlbl/ros2-ws-2024/install/setup.bash'
[10.491s] INFO:colcon.colcon_core.shell:Creating prefix script '/home/beachlbl/ros2-ws-2024/install/local_setup.zsh'
[10.492s] INFO:colcon.colcon_core.shell:Creating prefix script '/home/beachlbl/ros2-ws-2024/install/local_setup.zsh'
[10.494s] INFO:colcon.colcon_core.shell:Creating prefix chain script '/home/beachlbl/ros2-ws-2024/install/setup.zsh'
[10.495s] INFO:colcon.colcon_core.shell:Creating prefix chain script '/home/beachlbl/ros2-ws-2024/install/setup.zsh'
