[7.789s] Invoking command in '/home/beachlbl/porter/ros2-ws-2024/src/joy_control': PYTHONPATH=/home/beachlbl/porter/ros2-ws-2024/build/joy_control/prefix_override:/home/beachlbl/porter/ros2-ws-2024/install/joy_control/lib/python3.10/site-packages:${PYTHONPATH} /usr/bin/python3 -W ignore:setup.py install is deprecated setup.py egg_info --egg-base ../../build/joy_control build --build-base /home/beachlbl/porter/ros2-ws-2024/build/joy_control/build install --record /home/beachlbl/porter/ros2-ws-2024/build/joy_control/install.log --single-version-externally-managed install_data
[9.494s] running egg_info
[9.497s] writing ../../build/joy_control/joy_control.egg-info/PKG-INFO
[9.499s] writing dependency_links to ../../build/joy_control/joy_control.egg-info/dependency_links.txt
[9.501s] writing entry points to ../../build/joy_control/joy_control.egg-info/entry_points.txt
[9.502s] writing requirements to ../../build/joy_control/joy_control.egg-info/requires.txt
[9.503s] writing top-level names to ../../build/joy_control/joy_control.egg-info/top_level.txt
[9.514s] reading manifest file '../../build/joy_control/joy_control.egg-info/SOURCES.txt'
[9.516s] adding license file 'LICENSE'
[9.519s] writing manifest file '../../build/joy_control/joy_control.egg-info/SOURCES.txt'
[9.520s] running build
[9.521s] running build_py
[9.523s] running install
[9.524s] running install_lib
[9.533s] running install_data
[9.535s] running install_egg_info
[9.543s] removing '/home/beachlbl/porter/ros2-ws-2024/install/joy_control/lib/python3.10/site-packages/joy_control-0.0.0-py3.10.egg-info' (and everything under it)
[9.545s] Copying ../../build/joy_control/joy_control.egg-info to /home/beachlbl/porter/ros2-ws-2024/install/joy_control/lib/python3.10/site-packages/joy_control-0.0.0-py3.10.egg-info
[9.558s] running install_scripts
[9.671s] Installing control_cb script to /home/beachlbl/porter/ros2-ws-2024/install/joy_control/lib/joy_control
[9.674s] Installing control_ex script to /home/beachlbl/porter/ros2-ws-2024/install/joy_control/lib/joy_control
[9.676s] writing list of installed files to '/home/beachlbl/porter/ros2-ws-2024/build/joy_control/install.log'
[9.943s] Invoked command in '/home/beachlbl/porter/ros2-ws-2024/src/joy_control' returned '0': PYTHONPATH=/home/beachlbl/porter/ros2-ws-2024/build/joy_control/prefix_override:/home/beachlbl/porter/ros2-ws-2024/install/joy_control/lib/python3.10/site-packages:${PYTHONPATH} /usr/bin/python3 -W ignore:setup.py install is deprecated setup.py egg_info --egg-base ../../build/joy_control build --build-base /home/beachlbl/porter/ros2-ws-2024/build/joy_control/build install --record /home/beachlbl/porter/ros2-ws-2024/build/joy_control/install.log --single-version-externally-managed install_data
