[2.916s] Invoking command in '/home/beachlbl/porter/ros2-ws-2024/src/joy_control': PYTHONPATH=/home/beachlbl/porter/ros2-ws-2024/build/joy_control/prefix_override:/home/beachlbl/porter/ros2-ws-2024/install/joy_control/lib/python3.10/site-packages:${PYTHONPATH} /usr/bin/python3 -W ignore:setup.py install is deprecated setup.py egg_info --egg-base ../../build/joy_control build --build-base /home/beachlbl/porter/ros2-ws-2024/build/joy_control/build install --record /home/beachlbl/porter/ros2-ws-2024/build/joy_control/install.log --single-version-externally-managed install_data
[4.020s] running egg_info
[4.024s] writing ../../build/joy_control/joy_control.egg-info/PKG-INFO
[4.025s] writing dependency_links to ../../build/joy_control/joy_control.egg-info/dependency_links.txt
[4.026s] writing entry points to ../../build/joy_control/joy_control.egg-info/entry_points.txt
[4.027s] writing requirements to ../../build/joy_control/joy_control.egg-info/requires.txt
[4.028s] writing top-level names to ../../build/joy_control/joy_control.egg-info/top_level.txt
[4.035s] reading manifest file '../../build/joy_control/joy_control.egg-info/SOURCES.txt'
[4.036s] adding license file 'LICENSE'
[4.039s] writing manifest file '../../build/joy_control/joy_control.egg-info/SOURCES.txt'
[4.039s] running build
[4.040s] running build_py
[4.041s] running install
[4.042s] running install_lib
[4.048s] running install_data
[4.048s] running install_egg_info
[4.055s] removing '/home/beachlbl/porter/ros2-ws-2024/install/joy_control/lib/python3.10/site-packages/joy_control-0.0.0-py3.10.egg-info' (and everything under it)
[4.057s] Copying ../../build/joy_control/joy_control.egg-info to /home/beachlbl/porter/ros2-ws-2024/install/joy_control/lib/python3.10/site-packages/joy_control-0.0.0-py3.10.egg-info
[4.062s] running install_scripts
[4.142s] Installing talker script to /home/beachlbl/porter/ros2-ws-2024/install/joy_control/lib/joy_control
[4.145s] writing list of installed files to '/home/beachlbl/porter/ros2-ws-2024/build/joy_control/install.log'
[4.258s] Invoked command in '/home/beachlbl/porter/ros2-ws-2024/src/joy_control' returned '0': PYTHONPATH=/home/beachlbl/porter/ros2-ws-2024/build/joy_control/prefix_override:/home/beachlbl/porter/ros2-ws-2024/install/joy_control/lib/python3.10/site-packages:${PYTHONPATH} /usr/bin/python3 -W ignore:setup.py install is deprecated setup.py egg_info --egg-base ../../build/joy_control build --build-base /home/beachlbl/porter/ros2-ws-2024/build/joy_control/build install --record /home/beachlbl/porter/ros2-ws-2024/build/joy_control/install.log --single-version-externally-managed install_data
