[6.121s] Invoking command in '/home/beachlbl/porter/ros2-ws-2024/src/joy_control': PYTHONPATH=/home/beachlbl/porter/ros2-ws-2024/build/joy_control/prefix_override:/home/beachlbl/porter/ros2-ws-2024/install/joy_control/lib/python3.10/site-packages:${PYTHONPATH} /usr/bin/python3 -W ignore:setup.py install is deprecated setup.py egg_info --egg-base ../../build/joy_control build --build-base /home/beachlbl/porter/ros2-ws-2024/build/joy_control/build install --record /home/beachlbl/porter/ros2-ws-2024/build/joy_control/install.log --single-version-externally-managed install_data
[8.010s] running egg_info
[8.023s] writing ../../build/joy_control/joy_control.egg-info/PKG-INFO
[8.029s] writing dependency_links to ../../build/joy_control/joy_control.egg-info/dependency_links.txt
[8.036s] writing entry points to ../../build/joy_control/joy_control.egg-info/entry_points.txt
[8.041s] writing requirements to ../../build/joy_control/joy_control.egg-info/requires.txt
[8.047s] writing top-level names to ../../build/joy_control/joy_control.egg-info/top_level.txt
[8.077s] reading manifest file '../../build/joy_control/joy_control.egg-info/SOURCES.txt'
[8.085s] adding license file 'LICENSE'
[8.098s] writing manifest file '../../build/joy_control/joy_control.egg-info/SOURCES.txt'
[8.104s] running build
[8.108s] running build_py
[8.117s] running install
[8.125s] running install_lib
[8.150s] running install_data
[8.154s] running install_egg_info
[8.181s] removing '/home/beachlbl/porter/ros2-ws-2024/install/joy_control/lib/python3.10/site-packages/joy_control-0.0.0-py3.10.egg-info' (and everything under it)
[8.182s] Copying ../../build/joy_control/joy_control.egg-info to /home/beachlbl/porter/ros2-ws-2024/install/joy_control/lib/python3.10/site-packages/joy_control-0.0.0-py3.10.egg-info
[8.184s] running install_scripts
[8.298s] Installing control_cb script to /home/beachlbl/porter/ros2-ws-2024/install/joy_control/lib/joy_control
[8.299s] Installing control_ex script to /home/beachlbl/porter/ros2-ws-2024/install/joy_control/lib/joy_control
[8.301s] writing list of installed files to '/home/beachlbl/porter/ros2-ws-2024/build/joy_control/install.log'
[8.490s] Invoked command in '/home/beachlbl/porter/ros2-ws-2024/src/joy_control' returned '0': PYTHONPATH=/home/beachlbl/porter/ros2-ws-2024/build/joy_control/prefix_override:/home/beachlbl/porter/ros2-ws-2024/install/joy_control/lib/python3.10/site-packages:${PYTHONPATH} /usr/bin/python3 -W ignore:setup.py install is deprecated setup.py egg_info --egg-base ../../build/joy_control build --build-base /home/beachlbl/porter/ros2-ws-2024/build/joy_control/build install --record /home/beachlbl/porter/ros2-ws-2024/build/joy_control/install.log --single-version-externally-managed install_data
