[3.035s] Invoking command in '/home/beachlbl/porter/ros2-ws-2024/src/drive_ex': PYTHONPATH=/home/beachlbl/porter/ros2-ws-2024/build/drive_ex/prefix_override:/home/beachlbl/porter/ros2-ws-2024/install/drive_ex/lib/python3.10/site-packages:${PYTHONPATH} /usr/bin/python3 -W ignore:setup.py install is deprecated setup.py egg_info --egg-base ../../build/drive_ex build --build-base /home/beachlbl/porter/ros2-ws-2024/build/drive_ex/build install --record /home/beachlbl/porter/ros2-ws-2024/build/drive_ex/install.log --single-version-externally-managed install_data
[4.170s] running egg_info
[4.174s] writing ../../build/drive_ex/drive_ex.egg-info/PKG-INFO
[4.175s] writing dependency_links to ../../build/drive_ex/drive_ex.egg-info/dependency_links.txt
[4.176s] writing entry points to ../../build/drive_ex/drive_ex.egg-info/entry_points.txt
[4.177s] writing requirements to ../../build/drive_ex/drive_ex.egg-info/requires.txt
[4.177s] writing top-level names to ../../build/drive_ex/drive_ex.egg-info/top_level.txt
[4.185s] reading manifest file '../../build/drive_ex/drive_ex.egg-info/SOURCES.txt'
[4.187s] adding license file 'LICENSE'
[4.189s] writing manifest file '../../build/drive_ex/drive_ex.egg-info/SOURCES.txt'
[4.190s] running build
[4.190s] running build_py
[4.191s] copying drive_ex/drivetrain_mini_sub.py -> /home/beachlbl/porter/ros2-ws-2024/build/drive_ex/build/lib/drive_ex
[4.193s] running install
[4.194s] running install_lib
[4.198s] copying /home/beachlbl/porter/ros2-ws-2024/build/drive_ex/build/lib/drive_ex/drivetrain_mini_sub.py -> /home/beachlbl/porter/ros2-ws-2024/install/drive_ex/lib/python3.10/site-packages/drive_ex
[4.201s] byte-compiling /home/beachlbl/porter/ros2-ws-2024/install/drive_ex/lib/python3.10/site-packages/drive_ex/drivetrain_mini_sub.py to drivetrain_mini_sub.cpython-310.pyc
[4.205s] running install_data
[4.206s] running install_egg_info
[4.212s] removing '/home/beachlbl/porter/ros2-ws-2024/install/drive_ex/lib/python3.10/site-packages/drive_ex-0.0.0-py3.10.egg-info' (and everything under it)
[4.214s] Copying ../../build/drive_ex/drive_ex.egg-info to /home/beachlbl/porter/ros2-ws-2024/install/drive_ex/lib/python3.10/site-packages/drive_ex-0.0.0-py3.10.egg-info
[4.219s] running install_scripts
[4.303s] Installing drivetrain_ex script to /home/beachlbl/porter/ros2-ws-2024/install/drive_ex/lib/drive_ex
[4.303s] Installing drivetrain_mini script to /home/beachlbl/porter/ros2-ws-2024/install/drive_ex/lib/drive_ex
[4.305s] writing list of installed files to '/home/beachlbl/porter/ros2-ws-2024/build/drive_ex/install.log'
[4.428s] Invoked command in '/home/beachlbl/porter/ros2-ws-2024/src/drive_ex' returned '0': PYTHONPATH=/home/beachlbl/porter/ros2-ws-2024/build/drive_ex/prefix_override:/home/beachlbl/porter/ros2-ws-2024/install/drive_ex/lib/python3.10/site-packages:${PYTHONPATH} /usr/bin/python3 -W ignore:setup.py install is deprecated setup.py egg_info --egg-base ../../build/drive_ex build --build-base /home/beachlbl/porter/ros2-ws-2024/build/drive_ex/build install --record /home/beachlbl/porter/ros2-ws-2024/build/drive_ex/install.log --single-version-externally-managed install_data
