[7.734s] Invoking command in '/home/beachlbl/porter/ros2-ws-2024/src/sensors': PYTHONPATH=/home/beachlbl/porter/ros2-ws-2024/build/sensors/prefix_override:/home/beachlbl/porter/ros2-ws-2024/install/sensors/lib/python3.10/site-packages:${PYTHONPATH} /usr/bin/python3 -W ignore:setup.py install is deprecated setup.py egg_info --egg-base ../../build/sensors build --build-base /home/beachlbl/porter/ros2-ws-2024/build/sensors/build install --record /home/beachlbl/porter/ros2-ws-2024/build/sensors/install.log --single-version-externally-managed install_data
[9.446s] running egg_info
[9.449s] writing ../../build/sensors/sensors.egg-info/PKG-INFO
[9.453s] writing dependency_links to ../../build/sensors/sensors.egg-info/dependency_links.txt
[9.461s] writing entry points to ../../build/sensors/sensors.egg-info/entry_points.txt
[9.463s] writing requirements to ../../build/sensors/sensors.egg-info/requires.txt
[9.466s] writing top-level names to ../../build/sensors/sensors.egg-info/top_level.txt
[9.481s] reading manifest file '../../build/sensors/sensors.egg-info/SOURCES.txt'
[9.515s] adding license file 'LICENSE'
[9.517s] writing manifest file '../../build/sensors/sensors.egg-info/SOURCES.txt'
[9.518s] running build
[9.518s] running build_py
[9.546s] running install
[9.549s] running install_lib
[9.558s] running install_data
[9.559s] running install_egg_info
[9.568s] removing '/home/beachlbl/porter/ros2-ws-2024/install/sensors/lib/python3.10/site-packages/sensors-0.0.0-py3.10.egg-info' (and everything under it)
[9.579s] Copying ../../build/sensors/sensors.egg-info to /home/beachlbl/porter/ros2-ws-2024/install/sensors/lib/python3.10/site-packages/sensors-0.0.0-py3.10.egg-info
[9.587s] running install_scripts
[9.702s] Installing sensors_sub script to /home/beachlbl/porter/ros2-ws-2024/install/sensors/lib/sensors
[9.706s] writing list of installed files to '/home/beachlbl/porter/ros2-ws-2024/build/sensors/install.log'
[10.048s] Invoked command in '/home/beachlbl/porter/ros2-ws-2024/src/sensors' returned '0': PYTHONPATH=/home/beachlbl/porter/ros2-ws-2024/build/sensors/prefix_override:/home/beachlbl/porter/ros2-ws-2024/install/sensors/lib/python3.10/site-packages:${PYTHONPATH} /usr/bin/python3 -W ignore:setup.py install is deprecated setup.py egg_info --egg-base ../../build/sensors build --build-base /home/beachlbl/porter/ros2-ws-2024/build/sensors/build install --record /home/beachlbl/porter/ros2-ws-2024/build/sensors/install.log --single-version-externally-managed install_data
