[2.906s] Invoking command in '/home/beachlbl/ros2-ws-2024/src/drive_ex': PYTHONPATH=/home/beachlbl/ros2-ws-2024/build/drive_ex/prefix_override:/home/beachlbl/ros2-ws-2024/install/drive_ex/lib/python3.10/site-packages:${PYTHONPATH} /usr/bin/python3 -W ignore:setup.py install is deprecated setup.py egg_info --egg-base ../../build/drive_ex build --build-base /home/beachlbl/ros2-ws-2024/build/drive_ex/build install --record /home/beachlbl/ros2-ws-2024/build/drive_ex/install.log --single-version-externally-managed install_data
[4.016s] running egg_info
[4.020s] writing ../../build/drive_ex/drive_ex.egg-info/PKG-INFO
[4.021s] writing dependency_links to ../../build/drive_ex/drive_ex.egg-info/dependency_links.txt
[4.022s] writing entry points to ../../build/drive_ex/drive_ex.egg-info/entry_points.txt
[4.023s] writing requirements to ../../build/drive_ex/drive_ex.egg-info/requires.txt
[4.023s] writing top-level names to ../../build/drive_ex/drive_ex.egg-info/top_level.txt
[4.031s] reading manifest file '../../build/drive_ex/drive_ex.egg-info/SOURCES.txt'
[4.032s] adding license file 'LICENSE'
[4.035s] writing manifest file '../../build/drive_ex/drive_ex.egg-info/SOURCES.txt'
[4.035s] running build
[4.036s] running build_py
[4.036s] copying drive_ex/drivetrain_ex_sub.py -> /home/beachlbl/ros2-ws-2024/build/drive_ex/build/lib/drive_ex
[4.038s] running install
[4.039s] running install_lib
[4.042s] copying /home/beachlbl/ros2-ws-2024/build/drive_ex/build/lib/drive_ex/drivetrain_ex_sub.py -> /home/beachlbl/ros2-ws-2024/install/drive_ex/lib/python3.10/site-packages/drive_ex
[4.045s] byte-compiling /home/beachlbl/ros2-ws-2024/install/drive_ex/lib/python3.10/site-packages/drive_ex/drivetrain_ex_sub.py to drivetrain_ex_sub.cpython-310.pyc
[4.049s] running install_data
[4.050s] running install_egg_info
[4.056s] removing '/home/beachlbl/ros2-ws-2024/install/drive_ex/lib/python3.10/site-packages/drive_ex-0.0.0-py3.10.egg-info' (and everything under it)
[4.058s] Copying ../../build/drive_ex/drive_ex.egg-info to /home/beachlbl/ros2-ws-2024/install/drive_ex/lib/python3.10/site-packages/drive_ex-0.0.0-py3.10.egg-info
[4.063s] running install_scripts
[4.144s] Installing drivetrain_ex script to /home/beachlbl/ros2-ws-2024/install/drive_ex/lib/drive_ex
[4.146s] writing list of installed files to '/home/beachlbl/ros2-ws-2024/build/drive_ex/install.log'
[4.268s] Invoked command in '/home/beachlbl/ros2-ws-2024/src/drive_ex' returned '0': PYTHONPATH=/home/beachlbl/ros2-ws-2024/build/drive_ex/prefix_override:/home/beachlbl/ros2-ws-2024/install/drive_ex/lib/python3.10/site-packages:${PYTHONPATH} /usr/bin/python3 -W ignore:setup.py install is deprecated setup.py egg_info --egg-base ../../build/drive_ex build --build-base /home/beachlbl/ros2-ws-2024/build/drive_ex/build install --record /home/beachlbl/ros2-ws-2024/build/drive_ex/install.log --single-version-externally-managed install_data
