[0.629s] DEBUG:colcon:Command line arguments: ['/usr/bin/colcon', 'build', '--build-base', 'build', '--install-base', 'install', '--packages-select', 'drive_ex']
[0.626s] DEBUG:colcon:Command line arguments: ['/usr/bin/colcon', 'build', '--build-base', 'build', '--install-base', 'install', '--packages-select', 'drive_cb']
[0.629s] DEBUG:colcon:Parsed command line arguments: Namespace(log_base=None, log_level=None, verb_name='build', build_base='/home/beachlbl/porter/ros2-ws-2024/build', install_base='/home/beachlbl/porter/ros2-ws-2024/install', merge_install=False, symlink_install=False, test_result_base=None, continue_on_error=False, executor='parallel', parallel_workers=4, event_handlers=None, ignore_user_meta=False, metas=['./colcon.meta'], base_paths=['.'], packages_ignore=None, packages_ignore_regex=None, paths=None, packages_up_to=None, packages_up_to_regex=None, packages_above=None, packages_above_and_dependencies=None, packages_above_depth=None, packages_select_by_dep=None, packages_skip_by_dep=None, packages_skip_up_to=None, packages_select_build_failed=False, packages_skip_build_finished=False, packages_select_test_failures=False, packages_skip_test_passed=False, packages_select=['drive_ex'], packages_skip=None, packages_select_regex=None, packages_skip_regex=None, packages_start=None, packages_end=None, allow_overriding=[], cmake_args=None, cmake_target=None, cmake_target_skip_unavailable=False, cmake_clean_cache=False, cmake_clean_first=False, cmake_force_configure=False, ament_cmake_args=None, catkin_cmake_args=None, catkin_skip_building_tests=False, verb_parser=<colcon_defaults.argument_parser.defaults.DefaultArgumentsDecorator object at 0xffff80515360>, verb_extension=<colcon_core.verb.build.BuildVerb object at 0xffff80642860>, main=<bound method BuildVerb.main of <colcon_core.verb.build.BuildVerb object at 0xffff80642860>>)
[0.627s] DEBUG:colcon:Parsed command line arguments: Namespace(log_base=None, log_level=None, verb_name='build', build_base='/home/beachlbl/porter/ros2-ws-2024/build', install_base='/home/beachlbl/porter/ros2-ws-2024/install', merge_install=False, symlink_install=False, test_result_base=None, continue_on_error=False, executor='parallel', parallel_workers=4, event_handlers=None, ignore_user_meta=False, metas=['./colcon.meta'], base_paths=['.'], packages_ignore=None, packages_ignore_regex=None, paths=None, packages_up_to=None, packages_up_to_regex=None, packages_above=None, packages_above_and_dependencies=None, packages_above_depth=None, packages_select_by_dep=None, packages_skip_by_dep=None, packages_skip_up_to=None, packages_select_build_failed=False, packages_skip_build_finished=False, packages_select_test_failures=False, packages_skip_test_passed=False, packages_select=['drive_cb'], packages_skip=None, packages_select_regex=None, packages_skip_regex=None, packages_start=None, packages_end=None, allow_overriding=[], cmake_args=None, cmake_target=None, cmake_target_skip_unavailable=False, cmake_clean_cache=False, cmake_clean_first=False, cmake_force_configure=False, ament_cmake_args=None, catkin_cmake_args=None, catkin_skip_building_tests=False, verb_parser=<colcon_defaults.argument_parser.defaults.DefaultArgumentsDecorator object at 0xffffa7765360>, verb_extension=<colcon_core.verb.build.BuildVerb object at 0xffffa7892860>, main=<bound method BuildVerb.main of <colcon_core.verb.build.BuildVerb object at 0xffffa7892860>>)
[1.853s] Level 1:colcon.colcon_core.package_discovery:discover_packages(colcon_meta) check parameters
[1.853s] Level 1:colcon.colcon_core.package_discovery:discover_packages(recursive) check parameters
[1.854s] Level 1:colcon.colcon_core.package_discovery:discover_packages(ignore) check parameters
[1.854s] Level 1:colcon.colcon_core.package_discovery:discover_packages(path) check parameters
[1.854s] Level 1:colcon.colcon_core.package_discovery:discover_packages(colcon_meta) discover
[1.854s] Level 1:colcon.colcon_core.package_discovery:discover_packages(recursive) discover
[1.855s] INFO:colcon.colcon_core.package_discovery:Crawling recursively for packages in '/home/beachlbl/porter/ros2-ws-2024'
[1.852s] Level 1:colcon.colcon_core.package_discovery:discover_packages(colcon_meta) check parameters
[1.855s] Level 1:colcon.colcon_core.package_identification:_identify(.) by extensions ['ignore', 'ignore_ament_install']
[1.853s] Level 1:colcon.colcon_core.package_discovery:discover_packages(recursive) check parameters
[1.853s] Level 1:colcon.colcon_core.package_discovery:discover_packages(ignore) check parameters
[1.856s] Level 1:colcon.colcon_core.package_identification:_identify(.) by extension 'ignore'
[1.854s] Level 1:colcon.colcon_core.package_discovery:discover_packages(path) check parameters
[1.856s] Level 1:colcon.colcon_core.package_identification:_identify(.) by extension 'ignore_ament_install'
[1.854s] Level 1:colcon.colcon_core.package_discovery:discover_packages(colcon_meta) discover
[1.854s] Level 1:colcon.colcon_core.package_discovery:discover_packages(recursive) discover
[1.857s] Level 1:colcon.colcon_core.package_identification:_identify(.) by extensions ['colcon_pkg']
[1.854s] INFO:colcon.colcon_core.package_discovery:Crawling recursively for packages in '/home/beachlbl/porter/ros2-ws-2024'
[1.857s] Level 1:colcon.colcon_core.package_identification:_identify(.) by extension 'colcon_pkg'
[1.857s] Level 1:colcon.colcon_core.package_identification:_identify(.) by extensions ['colcon_meta']
[1.858s] Level 1:colcon.colcon_core.package_identification:_identify(.) by extension 'colcon_meta'
[1.855s] Level 1:colcon.colcon_core.package_identification:_identify(.) by extensions ['ignore', 'ignore_ament_install']
[1.858s] Level 1:colcon.colcon_core.package_identification:_identify(.) by extensions ['ros']
[1.858s] Level 1:colcon.colcon_core.package_identification:_identify(.) by extension 'ros'
[1.856s] Level 1:colcon.colcon_core.package_identification:_identify(.) by extension 'ignore'
[1.856s] Level 1:colcon.colcon_core.package_identification:_identify(.) by extension 'ignore_ament_install'
[1.856s] Level 1:colcon.colcon_core.package_identification:_identify(.) by extensions ['colcon_pkg']
[1.856s] Level 1:colcon.colcon_core.package_identification:_identify(.) by extension 'colcon_pkg'
[1.857s] Level 1:colcon.colcon_core.package_identification:_identify(.) by extensions ['colcon_meta']
[1.857s] Level 1:colcon.colcon_core.package_identification:_identify(.) by extension 'colcon_meta'
[1.857s] Level 1:colcon.colcon_core.package_identification:_identify(.) by extensions ['ros']
[1.858s] Level 1:colcon.colcon_core.package_identification:_identify(.) by extension 'ros'
[1.920s] Level 1:colcon.colcon_core.package_identification:_identify(.) by extensions ['cmake', 'python']
[1.921s] Level 1:colcon.colcon_core.package_identification:_identify(.) by extension 'cmake'
[1.921s] Level 1:colcon.colcon_core.package_identification:_identify(.) by extension 'python'
[1.918s] Level 1:colcon.colcon_core.package_identification:_identify(.) by extensions ['cmake', 'python']
[1.919s] Level 1:colcon.colcon_core.package_identification:_identify(.) by extension 'cmake'
[1.921s] Level 1:colcon.colcon_core.package_identification:_identify(.) by extensions ['python_setup_py']
[1.922s] Level 1:colcon.colcon_core.package_identification:_identify(.) by extension 'python_setup_py'
[1.919s] Level 1:colcon.colcon_core.package_identification:_identify(.) by extension 'python'
[1.919s] Level 1:colcon.colcon_core.package_identification:_identify(.) by extensions ['python_setup_py']
[1.920s] Level 1:colcon.colcon_core.package_identification:_identify(.) by extension 'python_setup_py'
[1.922s] Level 1:colcon.colcon_core.package_identification:_identify(build) by extensions ['ignore', 'ignore_ament_install']
[1.923s] Level 1:colcon.colcon_core.package_identification:_identify(build) by extension 'ignore'
[1.920s] Level 1:colcon.colcon_core.package_identification:_identify(build) by extensions ['ignore', 'ignore_ament_install']
[1.923s] Level 1:colcon.colcon_core.package_identification:_identify(build) ignored
[1.921s] Level 1:colcon.colcon_core.package_identification:_identify(build) by extension 'ignore'
[1.921s] Level 1:colcon.colcon_core.package_identification:_identify(build) ignored
[1.924s] Level 1:colcon.colcon_core.package_identification:_identify(install) by extensions ['ignore', 'ignore_ament_install']
[1.922s] Level 1:colcon.colcon_core.package_identification:_identify(install) by extensions ['ignore', 'ignore_ament_install']
[1.925s] Level 1:colcon.colcon_core.package_identification:_identify(install) by extension 'ignore'
[1.925s] Level 1:colcon.colcon_core.package_identification:_identify(install) ignored
[1.923s] Level 1:colcon.colcon_core.package_identification:_identify(install) by extension 'ignore'
[1.923s] Level 1:colcon.colcon_core.package_identification:_identify(install) ignored
[1.926s] Level 1:colcon.colcon_core.package_identification:_identify(launch) by extensions ['ignore', 'ignore_ament_install']
[1.924s] Level 1:colcon.colcon_core.package_identification:_identify(launch) by extensions ['ignore', 'ignore_ament_install']
[1.926s] Level 1:colcon.colcon_core.package_identification:_identify(launch) by extension 'ignore'
[1.927s] Level 1:colcon.colcon_core.package_identification:_identify(launch) by extension 'ignore_ament_install'
[1.924s] Level 1:colcon.colcon_core.package_identification:_identify(launch) by extension 'ignore'
[1.925s] Level 1:colcon.colcon_core.package_identification:_identify(launch) by extension 'ignore_ament_install'
[1.927s] Level 1:colcon.colcon_core.package_identification:_identify(launch) by extensions ['colcon_pkg']
[1.927s] Level 1:colcon.colcon_core.package_identification:_identify(launch) by extension 'colcon_pkg'
[1.925s] Level 1:colcon.colcon_core.package_identification:_identify(launch) by extensions ['colcon_pkg']
[1.928s] Level 1:colcon.colcon_core.package_identification:_identify(launch) by extensions ['colcon_meta']
[1.925s] Level 1:colcon.colcon_core.package_identification:_identify(launch) by extension 'colcon_pkg'
[1.928s] Level 1:colcon.colcon_core.package_identification:_identify(launch) by extension 'colcon_meta'
[1.925s] Level 1:colcon.colcon_core.package_identification:_identify(launch) by extensions ['colcon_meta']
[1.928s] Level 1:colcon.colcon_core.package_identification:_identify(launch) by extensions ['ros']
[1.926s] Level 1:colcon.colcon_core.package_identification:_identify(launch) by extension 'colcon_meta'
[1.928s] Level 1:colcon.colcon_core.package_identification:_identify(launch) by extension 'ros'
[1.926s] Level 1:colcon.colcon_core.package_identification:_identify(launch) by extensions ['ros']
[1.926s] Level 1:colcon.colcon_core.package_identification:_identify(launch) by extension 'ros'
[1.929s] Level 1:colcon.colcon_core.package_identification:_identify(launch) by extensions ['cmake', 'python']
[1.929s] Level 1:colcon.colcon_core.package_identification:_identify(launch) by extension 'cmake'
[1.927s] Level 1:colcon.colcon_core.package_identification:_identify(launch) by extensions ['cmake', 'python']
[1.929s] Level 1:colcon.colcon_core.package_identification:_identify(launch) by extension 'python'
[1.927s] Level 1:colcon.colcon_core.package_identification:_identify(launch) by extension 'cmake'
[1.930s] Level 1:colcon.colcon_core.package_identification:_identify(launch) by extensions ['python_setup_py']
[1.930s] Level 1:colcon.colcon_core.package_identification:_identify(launch) by extension 'python_setup_py'
[1.927s] Level 1:colcon.colcon_core.package_identification:_identify(launch) by extension 'python'
[1.928s] Level 1:colcon.colcon_core.package_identification:_identify(launch) by extensions ['python_setup_py']
[1.928s] Level 1:colcon.colcon_core.package_identification:_identify(launch) by extension 'python_setup_py'
[1.939s] Level 1:colcon.colcon_core.package_identification:_identify(log) by extensions ['ignore', 'ignore_ament_install']
[1.937s] Level 1:colcon.colcon_core.package_identification:_identify(log) by extensions ['ignore', 'ignore_ament_install']
[1.940s] Level 1:colcon.colcon_core.package_identification:_identify(log) by extension 'ignore'
[1.938s] Level 1:colcon.colcon_core.package_identification:_identify(log) by extension 'ignore'
[1.940s] Level 1:colcon.colcon_core.package_identification:_identify(log) ignored
[1.938s] Level 1:colcon.colcon_core.package_identification:_identify(log) ignored
[1.941s] Level 1:colcon.colcon_core.package_identification:_identify(scripts) by extensions ['ignore', 'ignore_ament_install']
[1.939s] Level 1:colcon.colcon_core.package_identification:_identify(scripts) by extensions ['ignore', 'ignore_ament_install']
[1.942s] Level 1:colcon.colcon_core.package_identification:_identify(scripts) by extension 'ignore'
[1.940s] Level 1:colcon.colcon_core.package_identification:_identify(scripts) by extension 'ignore'
[1.942s] Level 1:colcon.colcon_core.package_identification:_identify(scripts) by extension 'ignore_ament_install'
[1.940s] Level 1:colcon.colcon_core.package_identification:_identify(scripts) by extension 'ignore_ament_install'
[1.943s] Level 1:colcon.colcon_core.package_identification:_identify(scripts) by extensions ['colcon_pkg']
[1.940s] Level 1:colcon.colcon_core.package_identification:_identify(scripts) by extensions ['colcon_pkg']
[1.943s] Level 1:colcon.colcon_core.package_identification:_identify(scripts) by extension 'colcon_pkg'
[1.940s] Level 1:colcon.colcon_core.package_identification:_identify(scripts) by extension 'colcon_pkg'
[1.941s] Level 1:colcon.colcon_core.package_identification:_identify(scripts) by extensions ['colcon_meta']
[1.943s] Level 1:colcon.colcon_core.package_identification:_identify(scripts) by extensions ['colcon_meta']
[1.941s] Level 1:colcon.colcon_core.package_identification:_identify(scripts) by extension 'colcon_meta'
[1.943s] Level 1:colcon.colcon_core.package_identification:_identify(scripts) by extension 'colcon_meta'
[1.941s] Level 1:colcon.colcon_core.package_identification:_identify(scripts) by extensions ['ros']
[1.944s] Level 1:colcon.colcon_core.package_identification:_identify(scripts) by extensions ['ros']
[1.941s] Level 1:colcon.colcon_core.package_identification:_identify(scripts) by extension 'ros'
[1.944s] Level 1:colcon.colcon_core.package_identification:_identify(scripts) by extension 'ros'
[1.945s] Level 1:colcon.colcon_core.package_identification:_identify(scripts) by extensions ['cmake', 'python']
[1.942s] Level 1:colcon.colcon_core.package_identification:_identify(scripts) by extensions ['cmake', 'python']
[1.942s] Level 1:colcon.colcon_core.package_identification:_identify(scripts) by extension 'cmake'
[1.945s] Level 1:colcon.colcon_core.package_identification:_identify(scripts) by extension 'cmake'
[1.945s] Level 1:colcon.colcon_core.package_identification:_identify(scripts) by extension 'python'
[1.943s] Level 1:colcon.colcon_core.package_identification:_identify(scripts) by extension 'python'
[1.943s] Level 1:colcon.colcon_core.package_identification:_identify(scripts) by extensions ['python_setup_py']
[1.946s] Level 1:colcon.colcon_core.package_identification:_identify(scripts) by extensions ['python_setup_py']
[1.943s] Level 1:colcon.colcon_core.package_identification:_identify(scripts) by extension 'python_setup_py'
[1.946s] Level 1:colcon.colcon_core.package_identification:_identify(scripts) by extension 'python_setup_py'
[1.944s] Level 1:colcon.colcon_core.package_identification:_identify(src) by extensions ['ignore', 'ignore_ament_install']
[1.947s] Level 1:colcon.colcon_core.package_identification:_identify(src) by extensions ['ignore', 'ignore_ament_install']
[1.947s] Level 1:colcon.colcon_core.package_identification:_identify(src) by extension 'ignore'
[1.945s] Level 1:colcon.colcon_core.package_identification:_identify(src) by extension 'ignore'
[1.945s] Level 1:colcon.colcon_core.package_identification:_identify(src) by extension 'ignore_ament_install'
[1.948s] Level 1:colcon.colcon_core.package_identification:_identify(src) by extension 'ignore_ament_install'
[1.946s] Level 1:colcon.colcon_core.package_identification:_identify(src) by extensions ['colcon_pkg']
[1.948s] Level 1:colcon.colcon_core.package_identification:_identify(src) by extensions ['colcon_pkg']
[1.946s] Level 1:colcon.colcon_core.package_identification:_identify(src) by extension 'colcon_pkg'
[1.948s] Level 1:colcon.colcon_core.package_identification:_identify(src) by extension 'colcon_pkg'
[1.946s] Level 1:colcon.colcon_core.package_identification:_identify(src) by extensions ['colcon_meta']
[1.949s] Level 1:colcon.colcon_core.package_identification:_identify(src) by extensions ['colcon_meta']
[1.947s] Level 1:colcon.colcon_core.package_identification:_identify(src) by extension 'colcon_meta'
[1.949s] Level 1:colcon.colcon_core.package_identification:_identify(src) by extension 'colcon_meta'
[1.950s] Level 1:colcon.colcon_core.package_identification:_identify(src) by extensions ['ros']
[1.947s] Level 1:colcon.colcon_core.package_identification:_identify(src) by extensions ['ros']
[1.950s] Level 1:colcon.colcon_core.package_identification:_identify(src) by extension 'ros'
[1.947s] Level 1:colcon.colcon_core.package_identification:_identify(src) by extension 'ros'
[1.950s] Level 1:colcon.colcon_core.package_identification:_identify(src) by extensions ['cmake', 'python']
[1.948s] Level 1:colcon.colcon_core.package_identification:_identify(src) by extensions ['cmake', 'python']
[1.948s] Level 1:colcon.colcon_core.package_identification:_identify(src) by extension 'cmake'
[1.951s] Level 1:colcon.colcon_core.package_identification:_identify(src) by extension 'cmake'
[1.948s] Level 1:colcon.colcon_core.package_identification:_identify(src) by extension 'python'
[1.951s] Level 1:colcon.colcon_core.package_identification:_identify(src) by extension 'python'
[1.949s] Level 1:colcon.colcon_core.package_identification:_identify(src) by extensions ['python_setup_py']
[1.951s] Level 1:colcon.colcon_core.package_identification:_identify(src) by extensions ['python_setup_py']
[1.949s] Level 1:colcon.colcon_core.package_identification:_identify(src) by extension 'python_setup_py'
[1.952s] Level 1:colcon.colcon_core.package_identification:_identify(src) by extension 'python_setup_py'
[1.952s] Level 1:colcon.colcon_core.package_identification:_identify(src/camera_test) by extensions ['ignore', 'ignore_ament_install']
[1.950s] Level 1:colcon.colcon_core.package_identification:_identify(src/camera_test) by extensions ['ignore', 'ignore_ament_install']
[1.950s] Level 1:colcon.colcon_core.package_identification:_identify(src/camera_test) by extension 'ignore'
[1.953s] Level 1:colcon.colcon_core.package_identification:_identify(src/camera_test) by extension 'ignore'
[1.953s] Level 1:colcon.colcon_core.package_identification:_identify(src/camera_test) by extension 'ignore_ament_install'
[1.951s] Level 1:colcon.colcon_core.package_identification:_identify(src/camera_test) by extension 'ignore_ament_install'
[1.951s] Level 1:colcon.colcon_core.package_identification:_identify(src/camera_test) by extensions ['colcon_pkg']
[1.954s] Level 1:colcon.colcon_core.package_identification:_identify(src/camera_test) by extensions ['colcon_pkg']
[1.951s] Level 1:colcon.colcon_core.package_identification:_identify(src/camera_test) by extension 'colcon_pkg'
[1.954s] Level 1:colcon.colcon_core.package_identification:_identify(src/camera_test) by extension 'colcon_pkg'
[1.952s] Level 1:colcon.colcon_core.package_identification:_identify(src/camera_test) by extensions ['colcon_meta']
[1.954s] Level 1:colcon.colcon_core.package_identification:_identify(src/camera_test) by extensions ['colcon_meta']
[1.955s] Level 1:colcon.colcon_core.package_identification:_identify(src/camera_test) by extension 'colcon_meta'
[1.952s] Level 1:colcon.colcon_core.package_identification:_identify(src/camera_test) by extension 'colcon_meta'
[1.955s] Level 1:colcon.colcon_core.package_identification:_identify(src/camera_test) by extensions ['ros']
[1.952s] Level 1:colcon.colcon_core.package_identification:_identify(src/camera_test) by extensions ['ros']
[1.953s] Level 1:colcon.colcon_core.package_identification:_identify(src/camera_test) by extension 'ros'
[1.955s] Level 1:colcon.colcon_core.package_identification:_identify(src/camera_test) by extension 'ros'
[1.964s] DEBUG:colcon.colcon_core.package_identification:Package 'src/camera_test' with type 'ros.ament_python' and name 'camera_test'
[1.967s] DEBUG:colcon.colcon_core.package_identification:Package 'src/camera_test' with type 'ros.ament_python' and name 'camera_test'
[1.968s] Level 1:colcon.colcon_core.package_identification:_identify(src/db_broker) by extensions ['ignore', 'ignore_ament_install']
[1.965s] Level 1:colcon.colcon_core.package_identification:_identify(src/db_broker) by extensions ['ignore', 'ignore_ament_install']
[1.966s] Level 1:colcon.colcon_core.package_identification:_identify(src/db_broker) by extension 'ignore'
[1.968s] Level 1:colcon.colcon_core.package_identification:_identify(src/db_broker) by extension 'ignore'
[1.969s] Level 1:colcon.colcon_core.package_identification:_identify(src/db_broker) by extension 'ignore_ament_install'
[1.966s] Level 1:colcon.colcon_core.package_identification:_identify(src/db_broker) by extension 'ignore_ament_install'
[1.967s] Level 1:colcon.colcon_core.package_identification:_identify(src/db_broker) by extensions ['colcon_pkg']
[1.969s] Level 1:colcon.colcon_core.package_identification:_identify(src/db_broker) by extensions ['colcon_pkg']
[1.970s] Level 1:colcon.colcon_core.package_identification:_identify(src/db_broker) by extension 'colcon_pkg'
[1.967s] Level 1:colcon.colcon_core.package_identification:_identify(src/db_broker) by extension 'colcon_pkg'
[1.967s] Level 1:colcon.colcon_core.package_identification:_identify(src/db_broker) by extensions ['colcon_meta']
[1.970s] Level 1:colcon.colcon_core.package_identification:_identify(src/db_broker) by extensions ['colcon_meta']
[1.968s] Level 1:colcon.colcon_core.package_identification:_identify(src/db_broker) by extension 'colcon_meta'
[1.970s] Level 1:colcon.colcon_core.package_identification:_identify(src/db_broker) by extension 'colcon_meta'
[1.968s] Level 1:colcon.colcon_core.package_identification:_identify(src/db_broker) by extensions ['ros']
[1.971s] Level 1:colcon.colcon_core.package_identification:_identify(src/db_broker) by extensions ['ros']
[1.968s] Level 1:colcon.colcon_core.package_identification:_identify(src/db_broker) by extension 'ros'
[1.971s] Level 1:colcon.colcon_core.package_identification:_identify(src/db_broker) by extension 'ros'
[1.970s] DEBUG:colcon.colcon_core.package_identification:Package 'src/db_broker' with type 'ros.ament_python' and name 'db_broker'
[1.973s] DEBUG:colcon.colcon_core.package_identification:Package 'src/db_broker' with type 'ros.ament_python' and name 'db_broker'
[1.974s] Level 1:colcon.colcon_core.package_identification:_identify(src/drive_cb) by extensions ['ignore', 'ignore_ament_install']
[1.971s] Level 1:colcon.colcon_core.package_identification:_identify(src/drive_cb) by extensions ['ignore', 'ignore_ament_install']
[1.974s] Level 1:colcon.colcon_core.package_identification:_identify(src/drive_cb) by extension 'ignore'
[1.972s] Level 1:colcon.colcon_core.package_identification:_identify(src/drive_cb) by extension 'ignore'
[1.975s] Level 1:colcon.colcon_core.package_identification:_identify(src/drive_cb) by extension 'ignore_ament_install'
[1.972s] Level 1:colcon.colcon_core.package_identification:_identify(src/drive_cb) by extension 'ignore_ament_install'
[1.975s] Level 1:colcon.colcon_core.package_identification:_identify(src/drive_cb) by extensions ['colcon_pkg']
[1.973s] Level 1:colcon.colcon_core.package_identification:_identify(src/drive_cb) by extensions ['colcon_pkg']
[1.973s] Level 1:colcon.colcon_core.package_identification:_identify(src/drive_cb) by extension 'colcon_pkg'
[1.976s] Level 1:colcon.colcon_core.package_identification:_identify(src/drive_cb) by extension 'colcon_pkg'
[1.974s] Level 1:colcon.colcon_core.package_identification:_identify(src/drive_cb) by extensions ['colcon_meta']
[1.976s] Level 1:colcon.colcon_core.package_identification:_identify(src/drive_cb) by extensions ['colcon_meta']
[1.976s] Level 1:colcon.colcon_core.package_identification:_identify(src/drive_cb) by extension 'colcon_meta'
[1.974s] Level 1:colcon.colcon_core.package_identification:_identify(src/drive_cb) by extension 'colcon_meta'
[1.974s] Level 1:colcon.colcon_core.package_identification:_identify(src/drive_cb) by extensions ['ros']
[1.977s] Level 1:colcon.colcon_core.package_identification:_identify(src/drive_cb) by extensions ['ros']
[1.975s] Level 1:colcon.colcon_core.package_identification:_identify(src/drive_cb) by extension 'ros'
[1.977s] Level 1:colcon.colcon_core.package_identification:_identify(src/drive_cb) by extension 'ros'
[1.979s] DEBUG:colcon.colcon_core.package_identification:Package 'src/drive_cb' with type 'ros.ament_python' and name 'drive_cb'
[1.977s] DEBUG:colcon.colcon_core.package_identification:Package 'src/drive_cb' with type 'ros.ament_python' and name 'drive_cb'
[1.978s] Level 1:colcon.colcon_core.package_identification:_identify(src/drive_ex) by extensions ['ignore', 'ignore_ament_install']
[1.980s] Level 1:colcon.colcon_core.package_identification:_identify(src/drive_ex) by extensions ['ignore', 'ignore_ament_install']
[1.981s] Level 1:colcon.colcon_core.package_identification:_identify(src/drive_ex) by extension 'ignore'
[1.978s] Level 1:colcon.colcon_core.package_identification:_identify(src/drive_ex) by extension 'ignore'
[1.979s] Level 1:colcon.colcon_core.package_identification:_identify(src/drive_ex) by extension 'ignore_ament_install'
[1.981s] Level 1:colcon.colcon_core.package_identification:_identify(src/drive_ex) by extension 'ignore_ament_install'
[1.979s] Level 1:colcon.colcon_core.package_identification:_identify(src/drive_ex) by extensions ['colcon_pkg']
[1.982s] Level 1:colcon.colcon_core.package_identification:_identify(src/drive_ex) by extensions ['colcon_pkg']
[1.979s] Level 1:colcon.colcon_core.package_identification:_identify(src/drive_ex) by extension 'colcon_pkg'
[1.982s] Level 1:colcon.colcon_core.package_identification:_identify(src/drive_ex) by extension 'colcon_pkg'
[1.980s] Level 1:colcon.colcon_core.package_identification:_identify(src/drive_ex) by extensions ['colcon_meta']
[1.982s] Level 1:colcon.colcon_core.package_identification:_identify(src/drive_ex) by extensions ['colcon_meta']
[1.980s] Level 1:colcon.colcon_core.package_identification:_identify(src/drive_ex) by extension 'colcon_meta'
[1.983s] Level 1:colcon.colcon_core.package_identification:_identify(src/drive_ex) by extension 'colcon_meta'
[1.980s] Level 1:colcon.colcon_core.package_identification:_identify(src/drive_ex) by extensions ['ros']
[1.983s] Level 1:colcon.colcon_core.package_identification:_identify(src/drive_ex) by extensions ['ros']
[1.981s] Level 1:colcon.colcon_core.package_identification:_identify(src/drive_ex) by extension 'ros'
[1.983s] Level 1:colcon.colcon_core.package_identification:_identify(src/drive_ex) by extension 'ros'
[1.986s] DEBUG:colcon.colcon_core.package_identification:Package 'src/drive_ex' with type 'ros.ament_python' and name 'drive_ex'
[1.983s] DEBUG:colcon.colcon_core.package_identification:Package 'src/drive_ex' with type 'ros.ament_python' and name 'drive_ex'
[1.987s] Level 1:colcon.colcon_core.package_identification:_identify(src/joy_control) by extensions ['ignore', 'ignore_ament_install']
[1.984s] Level 1:colcon.colcon_core.package_identification:_identify(src/joy_control) by extensions ['ignore', 'ignore_ament_install']
[1.985s] Level 1:colcon.colcon_core.package_identification:_identify(src/joy_control) by extension 'ignore'
[1.987s] Level 1:colcon.colcon_core.package_identification:_identify(src/joy_control) by extension 'ignore'
[1.985s] Level 1:colcon.colcon_core.package_identification:_identify(src/joy_control) by extension 'ignore_ament_install'
[1.988s] Level 1:colcon.colcon_core.package_identification:_identify(src/joy_control) by extension 'ignore_ament_install'
[1.986s] Level 1:colcon.colcon_core.package_identification:_identify(src/joy_control) by extensions ['colcon_pkg']
[1.988s] Level 1:colcon.colcon_core.package_identification:_identify(src/joy_control) by extensions ['colcon_pkg']
[1.986s] Level 1:colcon.colcon_core.package_identification:_identify(src/joy_control) by extension 'colcon_pkg'
[1.989s] Level 1:colcon.colcon_core.package_identification:_identify(src/joy_control) by extension 'colcon_pkg'
[1.986s] Level 1:colcon.colcon_core.package_identification:_identify(src/joy_control) by extensions ['colcon_meta']
[1.989s] Level 1:colcon.colcon_core.package_identification:_identify(src/joy_control) by extensions ['colcon_meta']
[1.987s] Level 1:colcon.colcon_core.package_identification:_identify(src/joy_control) by extension 'colcon_meta'
[1.989s] Level 1:colcon.colcon_core.package_identification:_identify(src/joy_control) by extension 'colcon_meta'
[1.990s] Level 1:colcon.colcon_core.package_identification:_identify(src/joy_control) by extensions ['ros']
[1.987s] Level 1:colcon.colcon_core.package_identification:_identify(src/joy_control) by extensions ['ros']
[1.987s] Level 1:colcon.colcon_core.package_identification:_identify(src/joy_control) by extension 'ros'
[1.990s] Level 1:colcon.colcon_core.package_identification:_identify(src/joy_control) by extension 'ros'
[1.990s] DEBUG:colcon.colcon_core.package_identification:Package 'src/joy_control' with type 'ros.ament_python' and name 'joy_control'
[1.992s] DEBUG:colcon.colcon_core.package_identification:Package 'src/joy_control' with type 'ros.ament_python' and name 'joy_control'
[1.991s] Level 1:colcon.colcon_core.package_identification:_identify(src/py_pubsub) by extensions ['ignore', 'ignore_ament_install']
[1.993s] Level 1:colcon.colcon_core.package_identification:_identify(src/py_pubsub) by extensions ['ignore', 'ignore_ament_install']
[1.994s] Level 1:colcon.colcon_core.package_identification:_identify(src/py_pubsub) by extension 'ignore'
[1.991s] Level 1:colcon.colcon_core.package_identification:_identify(src/py_pubsub) by extension 'ignore'
[1.992s] Level 1:colcon.colcon_core.package_identification:_identify(src/py_pubsub) by extension 'ignore_ament_install'
[1.994s] Level 1:colcon.colcon_core.package_identification:_identify(src/py_pubsub) by extension 'ignore_ament_install'
[1.995s] Level 1:colcon.colcon_core.package_identification:_identify(src/py_pubsub) by extensions ['colcon_pkg']
[1.992s] Level 1:colcon.colcon_core.package_identification:_identify(src/py_pubsub) by extensions ['colcon_pkg']
[1.992s] Level 1:colcon.colcon_core.package_identification:_identify(src/py_pubsub) by extension 'colcon_pkg'
[1.995s] Level 1:colcon.colcon_core.package_identification:_identify(src/py_pubsub) by extension 'colcon_pkg'
[1.993s] Level 1:colcon.colcon_core.package_identification:_identify(src/py_pubsub) by extensions ['colcon_meta']
[1.995s] Level 1:colcon.colcon_core.package_identification:_identify(src/py_pubsub) by extensions ['colcon_meta']
[1.993s] Level 1:colcon.colcon_core.package_identification:_identify(src/py_pubsub) by extension 'colcon_meta'
[1.995s] Level 1:colcon.colcon_core.package_identification:_identify(src/py_pubsub) by extension 'colcon_meta'
[1.993s] Level 1:colcon.colcon_core.package_identification:_identify(src/py_pubsub) by extensions ['ros']
[1.996s] Level 1:colcon.colcon_core.package_identification:_identify(src/py_pubsub) by extensions ['ros']
[1.996s] Level 1:colcon.colcon_core.package_identification:_identify(src/py_pubsub) by extension 'ros'
[1.994s] Level 1:colcon.colcon_core.package_identification:_identify(src/py_pubsub) by extension 'ros'
[1.996s] DEBUG:colcon.colcon_core.package_identification:Package 'src/py_pubsub' with type 'ros.ament_python' and name 'py_pubsub'
[1.998s] DEBUG:colcon.colcon_core.package_identification:Package 'src/py_pubsub' with type 'ros.ament_python' and name 'py_pubsub'
[1.997s] Level 1:colcon.colcon_core.package_identification:_identify(src/ui) by extensions ['ignore', 'ignore_ament_install']
[1.999s] Level 1:colcon.colcon_core.package_identification:_identify(src/ui) by extensions ['ignore', 'ignore_ament_install']
[2.000s] Level 1:colcon.colcon_core.package_identification:_identify(src/ui) by extension 'ignore'
[1.997s] Level 1:colcon.colcon_core.package_identification:_identify(src/ui) by extension 'ignore'
[2.000s] Level 1:colcon.colcon_core.package_identification:_identify(src/ui) by extension 'ignore_ament_install'
[1.998s] Level 1:colcon.colcon_core.package_identification:_identify(src/ui) by extension 'ignore_ament_install'
[2.001s] Level 1:colcon.colcon_core.package_identification:_identify(src/ui) by extensions ['colcon_pkg']
[1.998s] Level 1:colcon.colcon_core.package_identification:_identify(src/ui) by extensions ['colcon_pkg']
[2.001s] Level 1:colcon.colcon_core.package_identification:_identify(src/ui) by extension 'colcon_pkg'
[1.998s] Level 1:colcon.colcon_core.package_identification:_identify(src/ui) by extension 'colcon_pkg'
[1.999s] Level 1:colcon.colcon_core.package_identification:_identify(src/ui) by extensions ['colcon_meta']
[2.001s] Level 1:colcon.colcon_core.package_identification:_identify(src/ui) by extensions ['colcon_meta']
[2.002s] Level 1:colcon.colcon_core.package_identification:_identify(src/ui) by extension 'colcon_meta'
[1.999s] Level 1:colcon.colcon_core.package_identification:_identify(src/ui) by extension 'colcon_meta'
[2.002s] Level 1:colcon.colcon_core.package_identification:_identify(src/ui) by extensions ['ros']
[1.999s] Level 1:colcon.colcon_core.package_identification:_identify(src/ui) by extensions ['ros']
[2.000s] Level 1:colcon.colcon_core.package_identification:_identify(src/ui) by extension 'ros'
[2.002s] Level 1:colcon.colcon_core.package_identification:_identify(src/ui) by extension 'ros'
[2.002s] DEBUG:colcon.colcon_core.package_identification:Package 'src/ui' with type 'ros.ament_python' and name 'ui'
[2.005s] DEBUG:colcon.colcon_core.package_identification:Package 'src/ui' with type 'ros.ament_python' and name 'ui'
[2.002s] Level 1:colcon.colcon_core.package_discovery:discover_packages(recursive) using defaults
[2.005s] Level 1:colcon.colcon_core.package_discovery:discover_packages(recursive) using defaults
[2.003s] Level 1:colcon.colcon_core.package_discovery:discover_packages(ignore) discover
[2.005s] Level 1:colcon.colcon_core.package_discovery:discover_packages(ignore) discover
[2.003s] Level 1:colcon.colcon_core.package_discovery:discover_packages(ignore) using defaults
[2.006s] Level 1:colcon.colcon_core.package_discovery:discover_packages(ignore) using defaults
[2.003s] Level 1:colcon.colcon_core.package_discovery:discover_packages(path) discover
[2.006s] Level 1:colcon.colcon_core.package_discovery:discover_packages(path) discover
[2.003s] Level 1:colcon.colcon_core.package_discovery:discover_packages(path) using defaults
[2.006s] Level 1:colcon.colcon_core.package_discovery:discover_packages(path) using defaults
[2.188s] INFO:colcon.colcon_core.package_selection:Skipping not selected package 'camera_test' in 'src/camera_test'
[2.191s] INFO:colcon.colcon_core.package_selection:Skipping not selected package 'camera_test' in 'src/camera_test'
[2.189s] INFO:colcon.colcon_core.package_selection:Skipping not selected package 'db_broker' in 'src/db_broker'
[2.191s] INFO:colcon.colcon_core.package_selection:Skipping not selected package 'db_broker' in 'src/db_broker'
[2.189s] INFO:colcon.colcon_core.package_selection:Skipping not selected package 'drive_ex' in 'src/drive_ex'
[2.191s] INFO:colcon.colcon_core.package_selection:Skipping not selected package 'drive_cb' in 'src/drive_cb'
[2.189s] INFO:colcon.colcon_core.package_selection:Skipping not selected package 'joy_control' in 'src/joy_control'
[2.192s] INFO:colcon.colcon_core.package_selection:Skipping not selected package 'joy_control' in 'src/joy_control'
[2.189s] INFO:colcon.colcon_core.package_selection:Skipping not selected package 'py_pubsub' in 'src/py_pubsub'
[2.192s] INFO:colcon.colcon_core.package_selection:Skipping not selected package 'py_pubsub' in 'src/py_pubsub'
[2.189s] INFO:colcon.colcon_core.package_selection:Skipping not selected package 'ui' in 'src/ui'
[2.192s] INFO:colcon.colcon_core.package_selection:Skipping not selected package 'ui' in 'src/ui'
[2.194s] Level 1:colcon.colcon_core.package_discovery:discover_packages(prefix_path) check parameters
[2.192s] Level 1:colcon.colcon_core.package_discovery:discover_packages(prefix_path) check parameters
[2.192s] Level 1:colcon.colcon_core.package_discovery:discover_packages(prefix_path) discover
[2.195s] Level 1:colcon.colcon_core.package_discovery:discover_packages(prefix_path) discover
[2.206s] DEBUG:colcon.colcon_installed_package_information.package_discovery:Found 7 installed packages in /home/beachlbl/porter/ros2-ws-2024/install
[2.209s] DEBUG:colcon.colcon_installed_package_information.package_discovery:Found 7 installed packages in /home/beachlbl/porter/ros2-ws-2024/install
[2.219s] DEBUG:colcon.colcon_installed_package_information.package_discovery:Found 281 installed packages in /opt/ros/iron
[2.217s] DEBUG:colcon.colcon_installed_package_information.package_discovery:Found 281 installed packages in /opt/ros/iron
[2.224s] Level 1:colcon.colcon_core.package_discovery:discover_packages(prefix_path) using defaults
[2.227s] Level 1:colcon.colcon_core.package_discovery:discover_packages(prefix_path) using defaults
[2.555s] Level 5:colcon.colcon_core.verb:set package 'drive_ex' build argument 'cmake_args' from command line to 'None'
[2.556s] Level 5:colcon.colcon_core.verb:set package 'drive_ex' build argument 'cmake_target' from command line to 'None'
[2.556s] Level 5:colcon.colcon_core.verb:set package 'drive_ex' build argument 'cmake_target_skip_unavailable' from command line to 'False'
[2.556s] Level 5:colcon.colcon_core.verb:set package 'drive_ex' build argument 'cmake_clean_cache' from command line to 'False'
[2.557s] Level 5:colcon.colcon_core.verb:set package 'drive_ex' build argument 'cmake_clean_first' from command line to 'False'
[2.557s] Level 5:colcon.colcon_core.verb:set package 'drive_ex' build argument 'cmake_force_configure' from command line to 'False'
[2.554s] Level 5:colcon.colcon_core.verb:set package 'drive_cb' build argument 'cmake_args' from command line to 'None'
[2.557s] Level 5:colcon.colcon_core.verb:set package 'drive_ex' build argument 'ament_cmake_args' from command line to 'None'
[2.554s] Level 5:colcon.colcon_core.verb:set package 'drive_cb' build argument 'cmake_target' from command line to 'None'
[2.557s] Level 5:colcon.colcon_core.verb:set package 'drive_ex' build argument 'catkin_cmake_args' from command line to 'None'
[2.555s] Level 5:colcon.colcon_core.verb:set package 'drive_cb' build argument 'cmake_target_skip_unavailable' from command line to 'False'
[2.555s] Level 5:colcon.colcon_core.verb:set package 'drive_cb' build argument 'cmake_clean_cache' from command line to 'False'
[2.557s] Level 5:colcon.colcon_core.verb:set package 'drive_ex' build argument 'catkin_skip_building_tests' from command line to 'False'
[2.555s] Level 5:colcon.colcon_core.verb:set package 'drive_cb' build argument 'cmake_clean_first' from command line to 'False'
[2.558s] DEBUG:colcon.colcon_core.verb:Building package 'drive_ex' with the following arguments: {'ament_cmake_args': None, 'build_base': '/home/beachlbl/porter/ros2-ws-2024/build/drive_ex', 'catkin_cmake_args': None, 'catkin_skip_building_tests': False, 'cmake_args': None, 'cmake_clean_cache': False, 'cmake_clean_first': False, 'cmake_force_configure': False, 'cmake_target': None, 'cmake_target_skip_unavailable': False, 'install_base': '/home/beachlbl/porter/ros2-ws-2024/install/drive_ex', 'merge_install': False, 'path': '/home/beachlbl/porter/ros2-ws-2024/src/drive_ex', 'symlink_install': False, 'test_result_base': None}
[2.555s] Level 5:colcon.colcon_core.verb:set package 'drive_cb' build argument 'cmake_force_configure' from command line to 'False'
[2.555s] Level 5:colcon.colcon_core.verb:set package 'drive_cb' build argument 'ament_cmake_args' from command line to 'None'
[2.556s] Level 5:colcon.colcon_core.verb:set package 'drive_cb' build argument 'catkin_cmake_args' from command line to 'None'
[2.556s] Level 5:colcon.colcon_core.verb:set package 'drive_cb' build argument 'catkin_skip_building_tests' from command line to 'False'
[2.559s] INFO:colcon.colcon_core.executor:Executing jobs using 'parallel' executor
[2.556s] DEBUG:colcon.colcon_core.verb:Building package 'drive_cb' with the following arguments: {'ament_cmake_args': None, 'build_base': '/home/beachlbl/porter/ros2-ws-2024/build/drive_cb', 'catkin_cmake_args': None, 'catkin_skip_building_tests': False, 'cmake_args': None, 'cmake_clean_cache': False, 'cmake_clean_first': False, 'cmake_force_configure': False, 'cmake_target': None, 'cmake_target_skip_unavailable': False, 'install_base': '/home/beachlbl/porter/ros2-ws-2024/install/drive_cb', 'merge_install': False, 'path': '/home/beachlbl/porter/ros2-ws-2024/src/drive_cb', 'symlink_install': False, 'test_result_base': None}
[2.557s] INFO:colcon.colcon_core.executor:Executing jobs using 'parallel' executor
[2.563s] DEBUG:colcon.colcon_parallel_executor.executor.parallel:run_until_complete
[2.565s] INFO:colcon.colcon_ros.task.ament_python.build:Building ROS package in '/home/beachlbl/porter/ros2-ws-2024/src/drive_ex' with build type 'ament_python'
[2.566s] Level 1:colcon.colcon_core.shell:create_environment_hook('drive_ex', 'ament_prefix_path')
[2.564s] DEBUG:colcon.colcon_parallel_executor.executor.parallel:run_until_complete
[2.566s] INFO:colcon.colcon_ros.task.ament_python.build:Building ROS package in '/home/beachlbl/porter/ros2-ws-2024/src/drive_cb' with build type 'ament_python'
[2.566s] Level 1:colcon.colcon_core.shell:create_environment_hook('drive_cb', 'ament_prefix_path')
[2.582s] INFO:colcon.colcon_core.plugin_system:Skipping extension 'colcon_core.shell.bat': Not used on non-Windows systems
[2.583s] INFO:colcon.colcon_core.shell:Creating environment hook '/home/beachlbl/porter/ros2-ws-2024/install/drive_ex/share/drive_ex/hook/ament_prefix_path.ps1'
[2.587s] INFO:colcon.colcon_core.shell:Creating environment descriptor '/home/beachlbl/porter/ros2-ws-2024/install/drive_ex/share/drive_ex/hook/ament_prefix_path.dsv'
[2.585s] INFO:colcon.colcon_core.plugin_system:Skipping extension 'colcon_core.shell.bat': Not used on non-Windows systems
[2.587s] INFO:colcon.colcon_core.shell:Creating environment hook '/home/beachlbl/porter/ros2-ws-2024/install/drive_cb/share/drive_cb/hook/ament_prefix_path.ps1'
[2.590s] INFO:colcon.colcon_core.shell:Creating environment hook '/home/beachlbl/porter/ros2-ws-2024/install/drive_ex/share/drive_ex/hook/ament_prefix_path.sh'
[2.591s] INFO:colcon.colcon_core.shell:Creating environment descriptor '/home/beachlbl/porter/ros2-ws-2024/install/drive_cb/share/drive_cb/hook/ament_prefix_path.dsv'
[2.595s] INFO:colcon.colcon_core.shell:Skip shell extension 'powershell' for command environment: Not usable outside of PowerShell
[2.595s] DEBUG:colcon.colcon_core.shell:Skip shell extension 'dsv' for command environment
[2.594s] INFO:colcon.colcon_core.shell:Creating environment hook '/home/beachlbl/porter/ros2-ws-2024/install/drive_cb/share/drive_cb/hook/ament_prefix_path.sh'
[2.599s] INFO:colcon.colcon_core.shell:Skip shell extension 'powershell' for command environment: Not usable outside of PowerShell
[2.600s] DEBUG:colcon.colcon_core.shell:Skip shell extension 'dsv' for command environment
[4.399s] INFO:colcon.colcon_core.task.python.build:Building Python package in '/home/beachlbl/porter/ros2-ws-2024/src/drive_ex'
[4.400s] INFO:colcon.colcon_core.shell:Skip shell extension 'powershell' for command environment: Not usable outside of PowerShell
[4.401s] DEBUG:colcon.colcon_core.shell:Skip shell extension 'dsv' for command environment
[4.403s] INFO:colcon.colcon_core.task.python.build:Building Python package in '/home/beachlbl/porter/ros2-ws-2024/src/drive_cb'
[4.404s] INFO:colcon.colcon_core.shell:Skip shell extension 'powershell' for command environment: Not usable outside of PowerShell
[4.404s] DEBUG:colcon.colcon_core.shell:Skip shell extension 'dsv' for command environment
[6.414s] DEBUG:colcon.colcon_core.event_handler.log_command:Invoking command in '/home/beachlbl/porter/ros2-ws-2024/src/drive_ex': PYTHONPATH=/home/beachlbl/porter/ros2-ws-2024/build/drive_ex/prefix_override:/home/beachlbl/porter/ros2-ws-2024/install/drive_ex/lib/python3.10/site-packages:${PYTHONPATH} /usr/bin/python3 -W ignore:setup.py install is deprecated setup.py egg_info --egg-base ../../build/drive_ex build --build-base /home/beachlbl/porter/ros2-ws-2024/build/drive_ex/build install --record /home/beachlbl/porter/ros2-ws-2024/build/drive_ex/install.log --single-version-externally-managed install_data
[6.420s] DEBUG:colcon.colcon_core.event_handler.log_command:Invoking command in '/home/beachlbl/porter/ros2-ws-2024/src/drive_cb': PYTHONPATH=/home/beachlbl/porter/ros2-ws-2024/build/drive_cb/prefix_override:/home/beachlbl/porter/ros2-ws-2024/install/drive_cb/lib/python3.10/site-packages:${PYTHONPATH} /usr/bin/python3 -W ignore:setup.py install is deprecated setup.py egg_info --egg-base ../../build/drive_cb build --build-base /home/beachlbl/porter/ros2-ws-2024/build/drive_cb/build install --record /home/beachlbl/porter/ros2-ws-2024/build/drive_cb/install.log --single-version-externally-managed install_data
[8.071s] DEBUG:colcon.colcon_core.event_handler.log_command:Invoked command in '/home/beachlbl/porter/ros2-ws-2024/src/drive_ex' returned '0': PYTHONPATH=/home/beachlbl/porter/ros2-ws-2024/build/drive_ex/prefix_override:/home/beachlbl/porter/ros2-ws-2024/install/drive_ex/lib/python3.10/site-packages:${PYTHONPATH} /usr/bin/python3 -W ignore:setup.py install is deprecated setup.py egg_info --egg-base ../../build/drive_ex build --build-base /home/beachlbl/porter/ros2-ws-2024/build/drive_ex/build install --record /home/beachlbl/porter/ros2-ws-2024/build/drive_ex/install.log --single-version-externally-managed install_data
[8.090s] Level 1:colcon.colcon_core.environment:checking '/home/beachlbl/porter/ros2-ws-2024/install/drive_ex' for CMake module files
[8.093s] Level 1:colcon.colcon_core.environment:checking '/home/beachlbl/porter/ros2-ws-2024/install/drive_ex' for CMake config files
[8.092s] DEBUG:colcon.colcon_core.event_handler.log_command:Invoked command in '/home/beachlbl/porter/ros2-ws-2024/src/drive_cb' returned '0': PYTHONPATH=/home/beachlbl/porter/ros2-ws-2024/build/drive_cb/prefix_override:/home/beachlbl/porter/ros2-ws-2024/install/drive_cb/lib/python3.10/site-packages:${PYTHONPATH} /usr/bin/python3 -W ignore:setup.py install is deprecated setup.py egg_info --egg-base ../../build/drive_cb build --build-base /home/beachlbl/porter/ros2-ws-2024/build/drive_cb/build install --record /home/beachlbl/porter/ros2-ws-2024/build/drive_cb/install.log --single-version-externally-managed install_data
[8.097s] Level 1:colcon.colcon_core.environment:checking '/home/beachlbl/porter/ros2-ws-2024/install/drive_ex/lib'
[8.098s] Level 1:colcon.colcon_core.environment:checking '/home/beachlbl/porter/ros2-ws-2024/install/drive_ex/bin'
[8.098s] Level 1:colcon.colcon_core.environment:checking '/home/beachlbl/porter/ros2-ws-2024/install/drive_ex/lib/pkgconfig/drive_ex.pc'
[8.099s] Level 1:colcon.colcon_core.environment:checking '/home/beachlbl/porter/ros2-ws-2024/install/drive_ex/lib/python3.10/site-packages'
[8.100s] Level 1:colcon.colcon_core.shell:create_environment_hook('drive_ex', 'pythonpath')
[8.100s] INFO:colcon.colcon_core.shell:Creating environment hook '/home/beachlbl/porter/ros2-ws-2024/install/drive_ex/share/drive_ex/hook/pythonpath.ps1'
[8.103s] INFO:colcon.colcon_core.shell:Creating environment descriptor '/home/beachlbl/porter/ros2-ws-2024/install/drive_ex/share/drive_ex/hook/pythonpath.dsv'
[8.104s] INFO:colcon.colcon_core.shell:Creating environment hook '/home/beachlbl/porter/ros2-ws-2024/install/drive_ex/share/drive_ex/hook/pythonpath.sh'
[8.105s] Level 1:colcon.colcon_core.environment:checking '/home/beachlbl/porter/ros2-ws-2024/install/drive_cb' for CMake module files
[8.107s] Level 1:colcon.colcon_core.environment:checking '/home/beachlbl/porter/ros2-ws-2024/install/drive_ex/bin'
[8.108s] Level 1:colcon.colcon_core.environment:create_environment_scripts_only(drive_ex)
[8.109s] INFO:colcon.colcon_core.shell:Creating package script '/home/beachlbl/porter/ros2-ws-2024/install/drive_ex/share/drive_ex/package.ps1'
[8.107s] Level 1:colcon.colcon_core.environment:checking '/home/beachlbl/porter/ros2-ws-2024/install/drive_cb' for CMake config files
[8.112s] INFO:colcon.colcon_core.shell:Creating package descriptor '/home/beachlbl/porter/ros2-ws-2024/install/drive_ex/share/drive_ex/package.dsv'
[8.111s] Level 1:colcon.colcon_core.environment:checking '/home/beachlbl/porter/ros2-ws-2024/install/drive_cb/lib'
[8.112s] Level 1:colcon.colcon_core.environment:checking '/home/beachlbl/porter/ros2-ws-2024/install/drive_cb/bin'
[8.112s] Level 1:colcon.colcon_core.environment:checking '/home/beachlbl/porter/ros2-ws-2024/install/drive_cb/lib/pkgconfig/drive_cb.pc'
[8.115s] INFO:colcon.colcon_core.shell:Creating package script '/home/beachlbl/porter/ros2-ws-2024/install/drive_ex/share/drive_ex/package.sh'
[8.113s] Level 1:colcon.colcon_core.environment:checking '/home/beachlbl/porter/ros2-ws-2024/install/drive_cb/lib/python3.10/site-packages'
[8.114s] Level 1:colcon.colcon_core.shell:create_environment_hook('drive_cb', 'pythonpath')
[8.114s] INFO:colcon.colcon_core.shell:Creating environment hook '/home/beachlbl/porter/ros2-ws-2024/install/drive_cb/share/drive_cb/hook/pythonpath.ps1'
[8.116s] INFO:colcon.colcon_core.shell:Creating environment descriptor '/home/beachlbl/porter/ros2-ws-2024/install/drive_cb/share/drive_cb/hook/pythonpath.dsv'
[8.119s] INFO:colcon.colcon_core.shell:Creating package script '/home/beachlbl/porter/ros2-ws-2024/install/drive_ex/share/drive_ex/package.bash'
[8.118s] INFO:colcon.colcon_core.shell:Creating environment hook '/home/beachlbl/porter/ros2-ws-2024/install/drive_cb/share/drive_cb/hook/pythonpath.sh'
[8.122s] INFO:colcon.colcon_core.shell:Creating package script '/home/beachlbl/porter/ros2-ws-2024/install/drive_ex/share/drive_ex/package.zsh'
[8.120s] Level 1:colcon.colcon_core.environment:checking '/home/beachlbl/porter/ros2-ws-2024/install/drive_cb/bin'
[8.121s] Level 1:colcon.colcon_core.environment:create_environment_scripts_only(drive_cb)
[8.122s] INFO:colcon.colcon_core.shell:Creating package script '/home/beachlbl/porter/ros2-ws-2024/install/drive_cb/share/drive_cb/package.ps1'
[8.126s] Level 1:colcon.colcon_core.environment:create_file_with_runtime_dependencies(/home/beachlbl/porter/ros2-ws-2024/install/drive_ex/share/colcon-core/packages/drive_ex)
[8.127s] DEBUG:colcon.colcon_parallel_executor.executor.parallel:closing loop
[8.126s] INFO:colcon.colcon_core.shell:Creating package descriptor '/home/beachlbl/porter/ros2-ws-2024/install/drive_cb/share/drive_cb/package.dsv'
[8.128s] DEBUG:colcon.colcon_parallel_executor.executor.parallel:loop closed
[8.129s] DEBUG:colcon.colcon_parallel_executor.executor.parallel:run_until_complete finished with '0'
[8.129s] DEBUG:colcon.colcon_core.event_reactor:joining thread
[8.129s] INFO:colcon.colcon_core.shell:Creating package script '/home/beachlbl/porter/ros2-ws-2024/install/drive_cb/share/drive_cb/package.sh'
[8.133s] INFO:colcon.colcon_core.shell:Creating package script '/home/beachlbl/porter/ros2-ws-2024/install/drive_cb/share/drive_cb/package.bash'
[8.136s] INFO:colcon.colcon_core.shell:Creating package script '/home/beachlbl/porter/ros2-ws-2024/install/drive_cb/share/drive_cb/package.zsh'
[8.139s] Level 1:colcon.colcon_core.environment:create_file_with_runtime_dependencies(/home/beachlbl/porter/ros2-ws-2024/install/drive_cb/share/colcon-core/packages/drive_cb)
[8.140s] DEBUG:colcon.colcon_parallel_executor.executor.parallel:closing loop
[8.142s] DEBUG:colcon.colcon_parallel_executor.executor.parallel:loop closed
[8.142s] DEBUG:colcon.colcon_parallel_executor.executor.parallel:run_until_complete finished with '0'
[8.143s] DEBUG:colcon.colcon_core.event_reactor:joining thread
[8.154s] INFO:colcon.colcon_core.plugin_system:Skipping extension 'colcon_notification.desktop_notification.terminal_notifier': Not used on non-Darwin systems
[8.154s] INFO:colcon.colcon_core.plugin_system:Skipping extension 'colcon_notification.desktop_notification.win32': Not used on non-Windows systems
[8.155s] INFO:colcon.colcon_notification.desktop_notification:Sending desktop notification using 'notify2'
[8.158s] DEBUG:colcon.colcon_notification.desktop_notification.notify2:Failed to initialize notify2: org.freedesktop.DBus.Error.ServiceUnknown: The name org.freedesktop.Notifications was not provided by any .service files
[8.158s] DEBUG:colcon.colcon_core.event_reactor:joined thread
[8.159s] INFO:colcon.colcon_core.shell:Creating prefix script '/home/beachlbl/porter/ros2-ws-2024/install/local_setup.ps1'
[8.163s] INFO:colcon.colcon_core.shell:Creating prefix util module '/home/beachlbl/porter/ros2-ws-2024/install/_local_setup_util_ps1.py'
[8.166s] INFO:colcon.colcon_core.plugin_system:Skipping extension 'colcon_notification.desktop_notification.terminal_notifier': Not used on non-Darwin systems
[8.166s] INFO:colcon.colcon_core.plugin_system:Skipping extension 'colcon_notification.desktop_notification.win32': Not used on non-Windows systems
[8.169s] INFO:colcon.colcon_core.shell:Creating prefix chain script '/home/beachlbl/porter/ros2-ws-2024/install/setup.ps1'
[8.167s] INFO:colcon.colcon_notification.desktop_notification:Sending desktop notification using 'notify2'
[8.170s] DEBUG:colcon.colcon_notification.desktop_notification.notify2:Failed to initialize notify2: org.freedesktop.DBus.Error.ServiceUnknown: The name org.freedesktop.Notifications was not provided by any .service files
[8.170s] DEBUG:colcon.colcon_core.event_reactor:joined thread
[8.171s] INFO:colcon.colcon_core.shell:Creating prefix script '/home/beachlbl/porter/ros2-ws-2024/install/local_setup.ps1'
[8.176s] INFO:colcon.colcon_core.shell:Creating prefix script '/home/beachlbl/porter/ros2-ws-2024/install/local_setup.sh'
[8.175s] INFO:colcon.colcon_core.shell:Creating prefix util module '/home/beachlbl/porter/ros2-ws-2024/install/_local_setup_util_ps1.py'
[8.178s] INFO:colcon.colcon_core.shell:Creating prefix util module '/home/beachlbl/porter/ros2-ws-2024/install/_local_setup_util_sh.py'
[8.180s] INFO:colcon.colcon_core.shell:Creating prefix chain script '/home/beachlbl/porter/ros2-ws-2024/install/setup.sh'
[8.180s] INFO:colcon.colcon_core.shell:Creating prefix chain script '/home/beachlbl/porter/ros2-ws-2024/install/setup.ps1'
[8.187s] INFO:colcon.colcon_core.shell:Creating prefix script '/home/beachlbl/porter/ros2-ws-2024/install/local_setup.bash'
[8.189s] INFO:colcon.colcon_core.shell:Creating prefix chain script '/home/beachlbl/porter/ros2-ws-2024/install/setup.bash'
[8.187s] INFO:colcon.colcon_core.shell:Creating prefix script '/home/beachlbl/porter/ros2-ws-2024/install/local_setup.sh'
[8.189s] INFO:colcon.colcon_core.shell:Creating prefix util module '/home/beachlbl/porter/ros2-ws-2024/install/_local_setup_util_sh.py'
[8.191s] INFO:colcon.colcon_core.shell:Creating prefix chain script '/home/beachlbl/porter/ros2-ws-2024/install/setup.sh'
[8.196s] INFO:colcon.colcon_core.shell:Creating prefix script '/home/beachlbl/porter/ros2-ws-2024/install/local_setup.zsh'
[8.198s] INFO:colcon.colcon_core.shell:Creating prefix chain script '/home/beachlbl/porter/ros2-ws-2024/install/setup.zsh'
[8.198s] INFO:colcon.colcon_core.shell:Creating prefix script '/home/beachlbl/porter/ros2-ws-2024/install/local_setup.bash'
[8.200s] INFO:colcon.colcon_core.shell:Creating prefix chain script '/home/beachlbl/porter/ros2-ws-2024/install/setup.bash'
[8.209s] INFO:colcon.colcon_core.shell:Creating prefix script '/home/beachlbl/porter/ros2-ws-2024/install/local_setup.zsh'
[8.214s] INFO:colcon.colcon_core.shell:Creating prefix chain script '/home/beachlbl/porter/ros2-ws-2024/install/setup.zsh'
