[5.256s] Invoking command in '/home/beachlbl/ros2-ws-2024/src/py_pubsub': PYTHONPATH=/home/beachlbl/ros2-ws-2024/build/py_pubsub/prefix_override:/home/beachlbl/ros2-ws-2024/install/py_pubsub/lib/python3.10/site-packages:${PYTHONPATH} /usr/bin/python3 setup.py egg_info --egg-base ../../build/py_pubsub build --build-base /home/beachlbl/ros2-ws-2024/build/py_pubsub/build install --record /home/beachlbl/ros2-ws-2024/build/py_pubsub/install.log --single-version-externally-managed
[6.543s] running egg_info
[6.546s] writing ../../build/py_pubsub/py_pubsub.egg-info/PKG-INFO
[6.547s] writing dependency_links to ../../build/py_pubsub/py_pubsub.egg-info/dependency_links.txt
[6.548s] writing entry points to ../../build/py_pubsub/py_pubsub.egg-info/entry_points.txt
[6.549s] writing requirements to ../../build/py_pubsub/py_pubsub.egg-info/requires.txt
[6.550s] writing top-level names to ../../build/py_pubsub/py_pubsub.egg-info/top_level.txt
[6.559s] reading manifest file '../../build/py_pubsub/py_pubsub.egg-info/SOURCES.txt'
[6.560s] adding license file 'LICENSE'
[6.563s] writing manifest file '../../build/py_pubsub/py_pubsub.egg-info/SOURCES.txt'
[6.564s] running build
[6.564s] running build_py
[6.565s] running install
[6.566s] /usr/lib/python3/dist-packages/setuptools/command/install.py:34: SetuptoolsDeprecationWarning: setup.py install is deprecated. Use build and pip and other standards-based tools.
[6.567s]   warnings.warn(
[6.567s] running install_lib
[6.574s] running install_data
[6.577s] running install_egg_info
[6.584s] removing '/home/beachlbl/ros2-ws-2024/install/py_pubsub/lib/python3.10/site-packages/py_pubsub-0.0.0-py3.10.egg-info' (and everything under it)
[6.586s] Copying ../../build/py_pubsub/py_pubsub.egg-info to /home/beachlbl/ros2-ws-2024/install/py_pubsub/lib/python3.10/site-packages/py_pubsub-0.0.0-py3.10.egg-info
[6.592s] running install_scripts
[6.684s] writing list of installed files to '/home/beachlbl/ros2-ws-2024/build/py_pubsub/install.log'
[6.847s] Invoked command in '/home/beachlbl/ros2-ws-2024/src/py_pubsub' returned '0': PYTHONPATH=/home/beachlbl/ros2-ws-2024/build/py_pubsub/prefix_override:/home/beachlbl/ros2-ws-2024/install/py_pubsub/lib/python3.10/site-packages:${PYTHONPATH} /usr/bin/python3 setup.py egg_info --egg-base ../../build/py_pubsub build --build-base /home/beachlbl/ros2-ws-2024/build/py_pubsub/build install --record /home/beachlbl/ros2-ws-2024/build/py_pubsub/install.log --single-version-externally-managed
