[3.656s] Invoking command in '/home/beachlbl/porter/ros2-ws-2024/src/drive_cb': PYTHONPATH=/home/beachlbl/porter/ros2-ws-2024/build/drive_cb/prefix_override:/home/beachlbl/porter/ros2-ws-2024/install/drive_cb/lib/python3.10/site-packages:${PYTHONPATH} /usr/bin/python3 -W ignore:setup.py install is deprecated setup.py egg_info --egg-base ../../build/drive_cb build --build-base /home/beachlbl/porter/ros2-ws-2024/build/drive_cb/build install --record /home/beachlbl/porter/ros2-ws-2024/build/drive_cb/install.log --single-version-externally-managed install_data
[4.968s] running egg_info
[4.971s] writing ../../build/drive_cb/drive_cb.egg-info/PKG-INFO
[4.972s] writing dependency_links to ../../build/drive_cb/drive_cb.egg-info/dependency_links.txt
[4.974s] writing entry points to ../../build/drive_cb/drive_cb.egg-info/entry_points.txt
[4.975s] writing requirements to ../../build/drive_cb/drive_cb.egg-info/requires.txt
[4.975s] writing top-level names to ../../build/drive_cb/drive_cb.egg-info/top_level.txt
[4.984s] reading manifest file '../../build/drive_cb/drive_cb.egg-info/SOURCES.txt'
[4.986s] adding license file 'LICENSE'
[4.988s] writing manifest file '../../build/drive_cb/drive_cb.egg-info/SOURCES.txt'
[4.989s] running build
[4.990s] running build_py
[4.991s] running install
[4.993s] running install_lib
[4.999s] running install_data
[5.000s] running install_egg_info
[5.007s] removing '/home/beachlbl/porter/ros2-ws-2024/install/drive_cb/lib/python3.10/site-packages/drive_cb-0.0.0-py3.10.egg-info' (and everything under it)
[5.009s] Copying ../../build/drive_cb/drive_cb.egg-info to /home/beachlbl/porter/ros2-ws-2024/install/drive_cb/lib/python3.10/site-packages/drive_cb-0.0.0-py3.10.egg-info
[5.015s] running install_scripts
[5.134s] Installing drivetrain_cb script to /home/beachlbl/porter/ros2-ws-2024/install/drive_cb/lib/drive_cb
[5.137s] writing list of installed files to '/home/beachlbl/porter/ros2-ws-2024/build/drive_cb/install.log'
[5.283s] Invoked command in '/home/beachlbl/porter/ros2-ws-2024/src/drive_cb' returned '0': PYTHONPATH=/home/beachlbl/porter/ros2-ws-2024/build/drive_cb/prefix_override:/home/beachlbl/porter/ros2-ws-2024/install/drive_cb/lib/python3.10/site-packages:${PYTHONPATH} /usr/bin/python3 -W ignore:setup.py install is deprecated setup.py egg_info --egg-base ../../build/drive_cb build --build-base /home/beachlbl/porter/ros2-ws-2024/build/drive_cb/build install --record /home/beachlbl/porter/ros2-ws-2024/build/drive_cb/install.log --single-version-externally-managed install_data
