[6.901s] Invoking command in '/home/beachlbl/porter/ros2-ws-2024/src/ui': PYTHONPATH=/home/beachlbl/porter/ros2-ws-2024/build/ui/prefix_override:/home/beachlbl/porter/ros2-ws-2024/install/ui/lib/python3.10/site-packages:${PYTHONPATH} /usr/bin/python3 -W ignore:setup.py install is deprecated setup.py egg_info --egg-base ../../build/ui build --build-base /home/beachlbl/porter/ros2-ws-2024/build/ui/build install --record /home/beachlbl/porter/ros2-ws-2024/build/ui/install.log --single-version-externally-managed install_data
[8.513s] running egg_info
[8.519s] writing ../../build/ui/ui.egg-info/PKG-INFO
[8.522s] writing dependency_links to ../../build/ui/ui.egg-info/dependency_links.txt
[8.525s] writing entry points to ../../build/ui/ui.egg-info/entry_points.txt
[8.529s] writing requirements to ../../build/ui/ui.egg-info/requires.txt
[8.532s] writing top-level names to ../../build/ui/ui.egg-info/top_level.txt
[8.548s] reading manifest file '../../build/ui/ui.egg-info/SOURCES.txt'
[8.553s] adding license file 'LICENSE'
[8.557s] writing manifest file '../../build/ui/ui.egg-info/SOURCES.txt'
[8.561s] running build
[8.563s] running build_py
[8.566s] running install
[8.567s] running install_lib
[8.581s] running install_data
[8.583s] running install_egg_info
[8.598s] removing '/home/beachlbl/porter/ros2-ws-2024/install/ui/lib/python3.10/site-packages/ui-0.0.0-py3.10.egg-info' (and everything under it)
[8.604s] Copying ../../build/ui/ui.egg-info to /home/beachlbl/porter/ros2-ws-2024/install/ui/lib/python3.10/site-packages/ui-0.0.0-py3.10.egg-info
[8.618s] running install_scripts
[8.717s] Installing ui_health script to /home/beachlbl/porter/ros2-ws-2024/install/ui/lib/ui
[8.719s] writing list of installed files to '/home/beachlbl/porter/ros2-ws-2024/build/ui/install.log'
[8.833s] Invoked command in '/home/beachlbl/porter/ros2-ws-2024/src/ui' returned '0': PYTHONPATH=/home/beachlbl/porter/ros2-ws-2024/build/ui/prefix_override:/home/beachlbl/porter/ros2-ws-2024/install/ui/lib/python3.10/site-packages:${PYTHONPATH} /usr/bin/python3 -W ignore:setup.py install is deprecated setup.py egg_info --egg-base ../../build/ui build --build-base /home/beachlbl/porter/ros2-ws-2024/build/ui/build install --record /home/beachlbl/porter/ros2-ws-2024/build/ui/install.log --single-version-externally-managed install_data
