[8.172s] Invoking command in '/home/beachlbl/porter/ros2-ws-2024/src/ui': PYTHONPATH=/home/beachlbl/porter/ros2-ws-2024/build/ui/prefix_override:/home/beachlbl/porter/ros2-ws-2024/install/ui/lib/python3.10/site-packages:${PYTHONPATH} /usr/bin/python3 -W ignore:setup.py install is deprecated setup.py egg_info --egg-base ../../build/ui build --build-base /home/beachlbl/porter/ros2-ws-2024/build/ui/build install --record /home/beachlbl/porter/ros2-ws-2024/build/ui/install.log --single-version-externally-managed install_data
[9.945s] running egg_info
[9.949s] writing ../../build/ui/ui.egg-info/PKG-INFO
[9.955s] writing dependency_links to ../../build/ui/ui.egg-info/dependency_links.txt
[9.956s] writing entry points to ../../build/ui/ui.egg-info/entry_points.txt
[9.956s] writing requirements to ../../build/ui/ui.egg-info/requires.txt
[9.957s] writing top-level names to ../../build/ui/ui.egg-info/top_level.txt
[9.972s] reading manifest file '../../build/ui/ui.egg-info/SOURCES.txt'
[9.976s] adding license file 'LICENSE'
[9.980s] writing manifest file '../../build/ui/ui.egg-info/SOURCES.txt'
[9.981s] running build
[9.982s] running build_py
[10.002s] running install
[10.005s] running install_lib
[10.016s] running install_data
[10.020s] running install_egg_info
[10.030s] removing '/home/beachlbl/porter/ros2-ws-2024/install/ui/lib/python3.10/site-packages/ui-0.0.0-py3.10.egg-info' (and everything under it)
[10.036s] Copying ../../build/ui/ui.egg-info to /home/beachlbl/porter/ros2-ws-2024/install/ui/lib/python3.10/site-packages/ui-0.0.0-py3.10.egg-info
[10.060s] running install_scripts
[10.211s] Installing ui_health script to /home/beachlbl/porter/ros2-ws-2024/install/ui/lib/ui
[10.217s] writing list of installed files to '/home/beachlbl/porter/ros2-ws-2024/build/ui/install.log'
[10.573s] Invoked command in '/home/beachlbl/porter/ros2-ws-2024/src/ui' returned '0': PYTHONPATH=/home/beachlbl/porter/ros2-ws-2024/build/ui/prefix_override:/home/beachlbl/porter/ros2-ws-2024/install/ui/lib/python3.10/site-packages:${PYTHONPATH} /usr/bin/python3 -W ignore:setup.py install is deprecated setup.py egg_info --egg-base ../../build/ui build --build-base /home/beachlbl/porter/ros2-ws-2024/build/ui/build install --record /home/beachlbl/porter/ros2-ws-2024/build/ui/install.log --single-version-externally-managed install_data
