[0.991s] Invoking command in '/home/porterclev/ros2-ws-2024/src/db_broker': PYTHONPATH=/home/porterclev/ros2-ws-2024/build/db_broker/prefix_override:/home/porterclev/ros2-ws-2024/install/db_broker/lib/python3.10/site-packages:${PYTHONPATH} /usr/bin/python3 -W ignore:setup.py install is deprecated setup.py egg_info --egg-base ../../build/db_broker build --build-base /home/porterclev/ros2-ws-2024/build/db_broker/build install --record /home/porterclev/ros2-ws-2024/build/db_broker/install.log --single-version-externally-managed install_data
[1.255s] running egg_info
[1.257s] writing ../../build/db_broker/db_broker.egg-info/PKG-INFO
[1.261s] writing dependency_links to ../../build/db_broker/db_broker.egg-info/dependency_links.txt
[1.261s] writing entry points to ../../build/db_broker/db_broker.egg-info/entry_points.txt
[1.261s] writing requirements to ../../build/db_broker/db_broker.egg-info/requires.txt
[1.261s] writing top-level names to ../../build/db_broker/db_broker.egg-info/top_level.txt
[1.265s] reading manifest file '../../build/db_broker/db_broker.egg-info/SOURCES.txt'
[1.265s] adding license file 'LICENSE'
[1.266s] writing manifest file '../../build/db_broker/db_broker.egg-info/SOURCES.txt'
[1.267s] running build
[1.267s] running build_py
[1.267s] running install
[1.267s] running install_lib
[1.269s] running install_data
[1.269s] running install_egg_info
[1.274s] removing '/home/porterclev/ros2-ws-2024/install/db_broker/lib/python3.10/site-packages/db_broker-0.0.0-py3.10.egg-info' (and everything under it)
[1.274s] Copying ../../build/db_broker/db_broker.egg-info to /home/porterclev/ros2-ws-2024/install/db_broker/lib/python3.10/site-packages/db_broker-0.0.0-py3.10.egg-info
[1.275s] running install_scripts
[1.314s] Installing db_broker_pub script to /home/porterclev/ros2-ws-2024/install/db_broker/lib/db_broker
[1.316s] writing list of installed files to '/home/porterclev/ros2-ws-2024/build/db_broker/install.log'
[1.356s] Invoked command in '/home/porterclev/ros2-ws-2024/src/db_broker' returned '0': PYTHONPATH=/home/porterclev/ros2-ws-2024/build/db_broker/prefix_override:/home/porterclev/ros2-ws-2024/install/db_broker/lib/python3.10/site-packages:${PYTHONPATH} /usr/bin/python3 -W ignore:setup.py install is deprecated setup.py egg_info --egg-base ../../build/db_broker build --build-base /home/porterclev/ros2-ws-2024/build/db_broker/build install --record /home/porterclev/ros2-ws-2024/build/db_broker/install.log --single-version-externally-managed install_data
