[3.031s] Invoking command in '/home/beachlbl/porter/ros2-ws-2024/src/sensors': PYTHONPATH=/home/beachlbl/porter/ros2-ws-2024/build/sensors/prefix_override:/home/beachlbl/porter/ros2-ws-2024/install/sensors/lib/python3.10/site-packages:${PYTHONPATH} /usr/bin/python3 -W ignore:setup.py install is deprecated setup.py egg_info --egg-base ../../build/sensors build --build-base /home/beachlbl/porter/ros2-ws-2024/build/sensors/build install --record /home/beachlbl/porter/ros2-ws-2024/build/sensors/install.log --single-version-externally-managed install_data
[4.200s] running egg_info
[4.203s] writing ../../build/sensors/sensors.egg-info/PKG-INFO
[4.204s] writing dependency_links to ../../build/sensors/sensors.egg-info/dependency_links.txt
[4.205s] writing entry points to ../../build/sensors/sensors.egg-info/entry_points.txt
[4.206s] writing requirements to ../../build/sensors/sensors.egg-info/requires.txt
[4.206s] writing top-level names to ../../build/sensors/sensors.egg-info/top_level.txt
[4.214s] reading manifest file '../../build/sensors/sensors.egg-info/SOURCES.txt'
[4.215s] adding license file 'LICENSE'
[4.218s] writing manifest file '../../build/sensors/sensors.egg-info/SOURCES.txt'
[4.218s] running build
[4.218s] running build_py
[4.219s] copying sensors/sensors_sub.py -> /home/beachlbl/porter/ros2-ws-2024/build/sensors/build/lib/sensors
[4.220s] running install
[4.222s] running install_lib
[4.226s] copying /home/beachlbl/porter/ros2-ws-2024/build/sensors/build/lib/sensors/sensors_sub.py -> /home/beachlbl/porter/ros2-ws-2024/install/sensors/lib/python3.10/site-packages/sensors
[4.229s] byte-compiling /home/beachlbl/porter/ros2-ws-2024/install/sensors/lib/python3.10/site-packages/sensors/sensors_sub.py to sensors_sub.cpython-310.pyc
[4.232s] running install_data
[4.232s] running install_egg_info
[4.239s] removing '/home/beachlbl/porter/ros2-ws-2024/install/sensors/lib/python3.10/site-packages/sensors-0.0.0-py3.10.egg-info' (and everything under it)
[4.240s] Copying ../../build/sensors/sensors.egg-info to /home/beachlbl/porter/ros2-ws-2024/install/sensors/lib/python3.10/site-packages/sensors-0.0.0-py3.10.egg-info
[4.245s] running install_scripts
[4.329s] Installing sensors_sub script to /home/beachlbl/porter/ros2-ws-2024/install/sensors/lib/sensors
[4.331s] writing list of installed files to '/home/beachlbl/porter/ros2-ws-2024/build/sensors/install.log'
[4.445s] Invoked command in '/home/beachlbl/porter/ros2-ws-2024/src/sensors' returned '0': PYTHONPATH=/home/beachlbl/porter/ros2-ws-2024/build/sensors/prefix_override:/home/beachlbl/porter/ros2-ws-2024/install/sensors/lib/python3.10/site-packages:${PYTHONPATH} /usr/bin/python3 -W ignore:setup.py install is deprecated setup.py egg_info --egg-base ../../build/sensors build --build-base /home/beachlbl/porter/ros2-ws-2024/build/sensors/build install --record /home/beachlbl/porter/ros2-ws-2024/build/sensors/install.log --single-version-externally-managed install_data
