[7.837s] Invoking command in '/home/beachlbl/porter/ros2-ws-2024/build/drive_ex': PYTHONPATH=/home/beachlbl/porter/ros2-ws-2024/build/drive_ex/prefix_override:/home/beachlbl/porter/ros2-ws-2024/install/drive_ex/lib/python3.10/site-packages:${PYTHONPATH} /usr/bin/python3 -W ignore:setup.py install is deprecated setup.py develop --editable --build-directory /home/beachlbl/porter/ros2-ws-2024/build/drive_ex/build --no-deps symlink_data --force
[9.787s] running develop
[9.790s] /usr/lib/python3/dist-packages/setuptools/command/easy_install.py:158: EasyInstallDeprecationWarning: easy_install command is deprecated. Use build and pip and other standards-based tools.
[9.791s]   warnings.warn(
[11.302s] running egg_info
[11.304s] writing drive_ex.egg-info/PKG-INFO
[11.308s] writing dependency_links to drive_ex.egg-info/dependency_links.txt
[11.314s] writing entry points to drive_ex.egg-info/entry_points.txt
[11.318s] writing requirements to drive_ex.egg-info/requires.txt
[11.321s] writing top-level names to drive_ex.egg-info/top_level.txt
[11.351s] reading manifest file 'drive_ex.egg-info/SOURCES.txt'
[11.368s] writing manifest file 'drive_ex.egg-info/SOURCES.txt'
[11.369s] running build_ext
[11.371s] Creating /home/beachlbl/porter/ros2-ws-2024/install/drive_ex/lib/python3.10/site-packages/drive-ex.egg-link (link to .)
[11.380s] Installing drivetrain_cb script to /home/beachlbl/porter/ros2-ws-2024/install/drive_ex/lib/drive_ex
[11.383s] Installing drivetrain_ex script to /home/beachlbl/porter/ros2-ws-2024/install/drive_ex/lib/drive_ex
[11.388s] 
[11.391s] Installed /home/beachlbl/porter/ros2-ws-2024/build/drive_ex
[11.393s] running symlink_data
[11.396s] symbolically linking /home/beachlbl/porter/ros2-ws-2024/build/drive_ex/resource/drive_ex -> /home/beachlbl/porter/ros2-ws-2024/install/drive_ex/share/ament_index/resource_index/packages
[11.399s] symbolically linking /home/beachlbl/porter/ros2-ws-2024/build/drive_ex/package.xml -> /home/beachlbl/porter/ros2-ws-2024/install/drive_ex/share/drive_ex
[11.688s] Invoked command in '/home/beachlbl/porter/ros2-ws-2024/build/drive_ex' returned '0': PYTHONPATH=/home/beachlbl/porter/ros2-ws-2024/build/drive_ex/prefix_override:/home/beachlbl/porter/ros2-ws-2024/install/drive_ex/lib/python3.10/site-packages:${PYTHONPATH} /usr/bin/python3 -W ignore:setup.py install is deprecated setup.py develop --editable --build-directory /home/beachlbl/porter/ros2-ws-2024/build/drive_ex/build --no-deps symlink_data --force
