[7.711s] Invoking command in '/home/beachlbl/ros2-ws-2024/src/drive_ex': PYTHONPATH=/home/beachlbl/ros2-ws-2024/build/drive_ex/prefix_override:/home/beachlbl/ros2-ws-2024/install/drive_ex/lib/python3.10/site-packages:${PYTHONPATH} /usr/bin/python3 -W ignore:setup.py install is deprecated setup.py egg_info --egg-base ../../build/drive_ex build --build-base /home/beachlbl/ros2-ws-2024/build/drive_ex/build install --record /home/beachlbl/ros2-ws-2024/build/drive_ex/install.log --single-version-externally-managed install_data
[9.531s] running egg_info
[9.535s] writing ../../build/drive_ex/drive_ex.egg-info/PKG-INFO
[9.537s] writing dependency_links to ../../build/drive_ex/drive_ex.egg-info/dependency_links.txt
[9.539s] writing entry points to ../../build/drive_ex/drive_ex.egg-info/entry_points.txt
[9.541s] writing requirements to ../../build/drive_ex/drive_ex.egg-info/requires.txt
[9.543s] writing top-level names to ../../build/drive_ex/drive_ex.egg-info/top_level.txt
[9.553s] reading manifest file '../../build/drive_ex/drive_ex.egg-info/SOURCES.txt'
[9.555s] adding license file 'LICENSE'
[9.558s] writing manifest file '../../build/drive_ex/drive_ex.egg-info/SOURCES.txt'
[9.559s] running build
[9.560s] running build_py
[9.560s] running install
[9.562s] running install_lib
[9.569s] running install_data
[9.570s] running install_egg_info
[9.579s] removing '/home/beachlbl/ros2-ws-2024/install/drive_ex/lib/python3.10/site-packages/drive_ex-0.0.0-py3.10.egg-info' (and everything under it)
[9.581s] Copying ../../build/drive_ex/drive_ex.egg-info to /home/beachlbl/ros2-ws-2024/install/drive_ex/lib/python3.10/site-packages/drive_ex-0.0.0-py3.10.egg-info
[9.589s] running install_scripts
[9.703s] Installing drivetrain_ex script to /home/beachlbl/ros2-ws-2024/install/drive_ex/lib/drive_ex
[9.706s] writing list of installed files to '/home/beachlbl/ros2-ws-2024/build/drive_ex/install.log'
[9.922s] Invoked command in '/home/beachlbl/ros2-ws-2024/src/drive_ex' returned '0': PYTHONPATH=/home/beachlbl/ros2-ws-2024/build/drive_ex/prefix_override:/home/beachlbl/ros2-ws-2024/install/drive_ex/lib/python3.10/site-packages:${PYTHONPATH} /usr/bin/python3 -W ignore:setup.py install is deprecated setup.py egg_info --egg-base ../../build/drive_ex build --build-base /home/beachlbl/ros2-ws-2024/build/drive_ex/build install --record /home/beachlbl/ros2-ws-2024/build/drive_ex/install.log --single-version-externally-managed install_data
