[9.957s] Invoking command in '/home/beachlbl/porter/ros2-ws-2024/src/drive_cb': PYTHONPATH=/home/beachlbl/porter/ros2-ws-2024/build/drive_cb/prefix_override:/home/beachlbl/porter/ros2-ws-2024/install/drive_cb/lib/python3.10/site-packages:${PYTHONPATH} /usr/bin/python3 -W ignore:setup.py install is deprecated setup.py egg_info --egg-base ../../build/drive_cb build --build-base /home/beachlbl/porter/ros2-ws-2024/build/drive_cb/build install --record /home/beachlbl/porter/ros2-ws-2024/build/drive_cb/install.log --single-version-externally-managed install_data
[12.760s] running egg_info
[12.763s] writing ../../build/drive_cb/drive_cb.egg-info/PKG-INFO
[12.767s] writing dependency_links to ../../build/drive_cb/drive_cb.egg-info/dependency_links.txt
[12.769s] writing entry points to ../../build/drive_cb/drive_cb.egg-info/entry_points.txt
[12.773s] writing requirements to ../../build/drive_cb/drive_cb.egg-info/requires.txt
[12.774s] writing top-level names to ../../build/drive_cb/drive_cb.egg-info/top_level.txt
[12.810s] reading manifest file '../../build/drive_cb/drive_cb.egg-info/SOURCES.txt'
[12.813s] adding license file 'LICENSE'
[12.817s] writing manifest file '../../build/drive_cb/drive_cb.egg-info/SOURCES.txt'
[12.819s] running build
[12.821s] running build_py
[12.826s] running install
[12.835s] running install_lib
[12.849s] running install_data
[12.851s] running install_egg_info
[12.863s] removing '/home/beachlbl/porter/ros2-ws-2024/install/drive_cb/lib/python3.10/site-packages/drive_cb-0.0.0-py3.10.egg-info' (and everything under it)
[12.866s] Copying ../../build/drive_cb/drive_cb.egg-info to /home/beachlbl/porter/ros2-ws-2024/install/drive_cb/lib/python3.10/site-packages/drive_cb-0.0.0-py3.10.egg-info
[12.877s] running install_scripts
[13.031s] Installing drivetrain_cb script to /home/beachlbl/porter/ros2-ws-2024/install/drive_cb/lib/drive_cb
[13.044s] writing list of installed files to '/home/beachlbl/porter/ros2-ws-2024/build/drive_cb/install.log'
[13.444s] Invoked command in '/home/beachlbl/porter/ros2-ws-2024/src/drive_cb' returned '0': PYTHONPATH=/home/beachlbl/porter/ros2-ws-2024/build/drive_cb/prefix_override:/home/beachlbl/porter/ros2-ws-2024/install/drive_cb/lib/python3.10/site-packages:${PYTHONPATH} /usr/bin/python3 -W ignore:setup.py install is deprecated setup.py egg_info --egg-base ../../build/drive_cb build --build-base /home/beachlbl/porter/ros2-ws-2024/build/drive_cb/build install --record /home/beachlbl/porter/ros2-ws-2024/build/drive_cb/install.log --single-version-externally-managed install_data
