[7.684s] Invoking command in '/home/beachlbl/porter/ros2-ws-2024/src/db_broker': PYTHONPATH=/home/beachlbl/porter/ros2-ws-2024/build/db_broker/prefix_override:/home/beachlbl/porter/ros2-ws-2024/install/db_broker/lib/python3.10/site-packages:${PYTHONPATH} /usr/bin/python3 -W ignore:setup.py install is deprecated setup.py egg_info --egg-base ../../build/db_broker build --build-base /home/beachlbl/porter/ros2-ws-2024/build/db_broker/build install --record /home/beachlbl/porter/ros2-ws-2024/build/db_broker/install.log --single-version-externally-managed install_data
[9.350s] running egg_info
[9.355s] writing ../../build/db_broker/db_broker.egg-info/PKG-INFO
[9.357s] writing dependency_links to ../../build/db_broker/db_broker.egg-info/dependency_links.txt
[9.359s] writing entry points to ../../build/db_broker/db_broker.egg-info/entry_points.txt
[9.360s] writing requirements to ../../build/db_broker/db_broker.egg-info/requires.txt
[9.361s] writing top-level names to ../../build/db_broker/db_broker.egg-info/top_level.txt
[9.373s] reading manifest file '../../build/db_broker/db_broker.egg-info/SOURCES.txt'
[9.375s] adding license file 'LICENSE'
[9.378s] writing manifest file '../../build/db_broker/db_broker.egg-info/SOURCES.txt'
[9.380s] running build
[9.384s] running build_py
[9.385s] running install
[9.386s] running install_lib
[9.390s] running install_data
[9.390s] running install_egg_info
[9.399s] removing '/home/beachlbl/porter/ros2-ws-2024/install/db_broker/lib/python3.10/site-packages/db_broker-0.0.0-py3.10.egg-info' (and everything under it)
[9.406s] Copying ../../build/db_broker/db_broker.egg-info to /home/beachlbl/porter/ros2-ws-2024/install/db_broker/lib/python3.10/site-packages/db_broker-0.0.0-py3.10.egg-info
[9.410s] running install_scripts
[9.527s] Installing db_broker_pub script to /home/beachlbl/porter/ros2-ws-2024/install/db_broker/lib/db_broker
[9.530s] writing list of installed files to '/home/beachlbl/porter/ros2-ws-2024/build/db_broker/install.log'
[9.778s] Invoked command in '/home/beachlbl/porter/ros2-ws-2024/src/db_broker' returned '0': PYTHONPATH=/home/beachlbl/porter/ros2-ws-2024/build/db_broker/prefix_override:/home/beachlbl/porter/ros2-ws-2024/install/db_broker/lib/python3.10/site-packages:${PYTHONPATH} /usr/bin/python3 -W ignore:setup.py install is deprecated setup.py egg_info --egg-base ../../build/db_broker build --build-base /home/beachlbl/porter/ros2-ws-2024/build/db_broker/build install --record /home/beachlbl/porter/ros2-ws-2024/build/db_broker/install.log --single-version-externally-managed install_data
