[7.562s] Invoking command in '/home/beachlbl/porter/ros2-ws-2024/src/drive_ex': PYTHONPATH=/home/beachlbl/porter/ros2-ws-2024/build/drive_ex/prefix_override:/home/beachlbl/porter/ros2-ws-2024/install/drive_ex/lib/python3.10/site-packages:${PYTHONPATH} /usr/bin/python3 -W ignore:setup.py install is deprecated setup.py egg_info --egg-base ../../build/drive_ex build --build-base /home/beachlbl/porter/ros2-ws-2024/build/drive_ex/build install --record /home/beachlbl/porter/ros2-ws-2024/build/drive_ex/install.log --single-version-externally-managed install_data
[9.508s] running egg_info
[9.515s] writing ../../build/drive_ex/drive_ex.egg-info/PKG-INFO
[9.517s] writing dependency_links to ../../build/drive_ex/drive_ex.egg-info/dependency_links.txt
[9.519s] writing entry points to ../../build/drive_ex/drive_ex.egg-info/entry_points.txt
[9.520s] writing requirements to ../../build/drive_ex/drive_ex.egg-info/requires.txt
[9.522s] writing top-level names to ../../build/drive_ex/drive_ex.egg-info/top_level.txt
[9.534s] reading manifest file '../../build/drive_ex/drive_ex.egg-info/SOURCES.txt'
[9.536s] adding license file 'LICENSE'
[9.540s] writing manifest file '../../build/drive_ex/drive_ex.egg-info/SOURCES.txt'
[9.541s] running build
[9.541s] running build_py
[9.543s] running install
[9.546s] running install_lib
[9.557s] running install_data
[9.558s] running install_egg_info
[9.569s] removing '/home/beachlbl/porter/ros2-ws-2024/install/drive_ex/lib/python3.10/site-packages/drive_ex-0.0.0-py3.10.egg-info' (and everything under it)
[9.572s] Copying ../../build/drive_ex/drive_ex.egg-info to /home/beachlbl/porter/ros2-ws-2024/install/drive_ex/lib/python3.10/site-packages/drive_ex-0.0.0-py3.10.egg-info
[9.582s] running install_scripts
[9.746s] Installing drivetrain_ex script to /home/beachlbl/porter/ros2-ws-2024/install/drive_ex/lib/drive_ex
[9.748s] Installing drivetrain_mini script to /home/beachlbl/porter/ros2-ws-2024/install/drive_ex/lib/drive_ex
[9.751s] writing list of installed files to '/home/beachlbl/porter/ros2-ws-2024/build/drive_ex/install.log'
[10.010s] Invoked command in '/home/beachlbl/porter/ros2-ws-2024/src/drive_ex' returned '0': PYTHONPATH=/home/beachlbl/porter/ros2-ws-2024/build/drive_ex/prefix_override:/home/beachlbl/porter/ros2-ws-2024/install/drive_ex/lib/python3.10/site-packages:${PYTHONPATH} /usr/bin/python3 -W ignore:setup.py install is deprecated setup.py egg_info --egg-base ../../build/drive_ex build --build-base /home/beachlbl/porter/ros2-ws-2024/build/drive_ex/build install --record /home/beachlbl/porter/ros2-ws-2024/build/drive_ex/install.log --single-version-externally-managed install_data
