[3.478s] Invoking command in '/home/beachlbl/ros2-ws-2024/src/joy_control': PYTHONPATH=/home/beachlbl/ros2-ws-2024/build/joy_control/prefix_override:/home/beachlbl/ros2-ws-2024/install/joy_control/lib/python3.10/site-packages:${PYTHONPATH} /usr/bin/python3 -W ignore:setup.py install is deprecated setup.py egg_info --egg-base ../../build/joy_control build --build-base /home/beachlbl/ros2-ws-2024/build/joy_control/build install --record /home/beachlbl/ros2-ws-2024/build/joy_control/install.log --single-version-externally-managed install_data
[4.781s] running egg_info
[4.784s] writing ../../build/joy_control/joy_control.egg-info/PKG-INFO
[4.785s] writing dependency_links to ../../build/joy_control/joy_control.egg-info/dependency_links.txt
[4.786s] writing entry points to ../../build/joy_control/joy_control.egg-info/entry_points.txt
[4.787s] writing requirements to ../../build/joy_control/joy_control.egg-info/requires.txt
[4.788s] writing top-level names to ../../build/joy_control/joy_control.egg-info/top_level.txt
[4.797s] reading manifest file '../../build/joy_control/joy_control.egg-info/SOURCES.txt'
[4.799s] adding license file 'LICENSE'
[4.802s] writing manifest file '../../build/joy_control/joy_control.egg-info/SOURCES.txt'
[4.802s] running build
[4.803s] running build_py
[4.805s] running install
[4.806s] running install_lib
[4.813s] running install_data
[4.814s] running install_egg_info
[4.823s] removing '/home/beachlbl/ros2-ws-2024/install/joy_control/lib/python3.10/site-packages/joy_control-0.0.0-py3.10.egg-info' (and everything under it)
[4.825s] Copying ../../build/joy_control/joy_control.egg-info to /home/beachlbl/ros2-ws-2024/install/joy_control/lib/python3.10/site-packages/joy_control-0.0.0-py3.10.egg-info
[4.831s] running install_scripts
[4.931s] Installing control_cb script to /home/beachlbl/ros2-ws-2024/install/joy_control/lib/joy_control
[4.932s] Installing control_ex script to /home/beachlbl/ros2-ws-2024/install/joy_control/lib/joy_control
[4.935s] writing list of installed files to '/home/beachlbl/ros2-ws-2024/build/joy_control/install.log'
[5.106s] Invoked command in '/home/beachlbl/ros2-ws-2024/src/joy_control' returned '0': PYTHONPATH=/home/beachlbl/ros2-ws-2024/build/joy_control/prefix_override:/home/beachlbl/ros2-ws-2024/install/joy_control/lib/python3.10/site-packages:${PYTHONPATH} /usr/bin/python3 -W ignore:setup.py install is deprecated setup.py egg_info --egg-base ../../build/joy_control build --build-base /home/beachlbl/ros2-ws-2024/build/joy_control/build install --record /home/beachlbl/ros2-ws-2024/build/joy_control/install.log --single-version-externally-managed install_data
