[8.109s] Invoking command in '/home/beachlbl/porter/ros2-ws-2024/src/db_broker': PYTHONPATH=/home/beachlbl/porter/ros2-ws-2024/build/db_broker/prefix_override:/home/beachlbl/porter/ros2-ws-2024/install/db_broker/lib/python3.10/site-packages:${PYTHONPATH} /usr/bin/python3 -W ignore:setup.py install is deprecated setup.py egg_info --egg-base ../../build/db_broker build --build-base /home/beachlbl/porter/ros2-ws-2024/build/db_broker/build install --record /home/beachlbl/porter/ros2-ws-2024/build/db_broker/install.log --single-version-externally-managed install_data
[10.170s] running egg_info
[10.175s] writing ../../build/db_broker/db_broker.egg-info/PKG-INFO
[10.177s] writing dependency_links to ../../build/db_broker/db_broker.egg-info/dependency_links.txt
[10.179s] writing entry points to ../../build/db_broker/db_broker.egg-info/entry_points.txt
[10.181s] writing requirements to ../../build/db_broker/db_broker.egg-info/requires.txt
[10.182s] writing top-level names to ../../build/db_broker/db_broker.egg-info/top_level.txt
[10.191s] reading manifest file '../../build/db_broker/db_broker.egg-info/SOURCES.txt'
[10.194s] adding license file 'LICENSE'
[10.198s] writing manifest file '../../build/db_broker/db_broker.egg-info/SOURCES.txt'
[10.199s] running build
[10.200s] running build_py
[10.203s] running install
[10.205s] running install_lib
[10.213s] running install_data
[10.214s] running install_egg_info
[10.223s] removing '/home/beachlbl/porter/ros2-ws-2024/install/db_broker/lib/python3.10/site-packages/db_broker-0.0.0-py3.10.egg-info' (and everything under it)
[10.226s] Copying ../../build/db_broker/db_broker.egg-info to /home/beachlbl/porter/ros2-ws-2024/install/db_broker/lib/python3.10/site-packages/db_broker-0.0.0-py3.10.egg-info
[10.240s] running install_scripts
[10.348s] Installing db_broker_pub script to /home/beachlbl/porter/ros2-ws-2024/install/db_broker/lib/db_broker
[10.351s] writing list of installed files to '/home/beachlbl/porter/ros2-ws-2024/build/db_broker/install.log'
[11.398s] Invoked command in '/home/beachlbl/porter/ros2-ws-2024/src/db_broker' returned '0': PYTHONPATH=/home/beachlbl/porter/ros2-ws-2024/build/db_broker/prefix_override:/home/beachlbl/porter/ros2-ws-2024/install/db_broker/lib/python3.10/site-packages:${PYTHONPATH} /usr/bin/python3 -W ignore:setup.py install is deprecated setup.py egg_info --egg-base ../../build/db_broker build --build-base /home/beachlbl/porter/ros2-ws-2024/build/db_broker/build install --record /home/beachlbl/porter/ros2-ws-2024/build/db_broker/install.log --single-version-externally-managed install_data
