[0.730s] Invoking command in '/home/leho42/Desktop/ros2-ws-2024/src/joy_control': PYTHONPATH=/home/leho42/Desktop/ros2-ws-2024/build/joy_control/prefix_override:/home/leho42/Desktop/ros2-ws-2024/install/joy_control/lib/python3.10/site-packages:${PYTHONPATH} /usr/bin/python3 -W ignore:setup.py install is deprecated setup.py egg_info --egg-base ../../build/joy_control build --build-base /home/leho42/Desktop/ros2-ws-2024/build/joy_control/build install --record /home/leho42/Desktop/ros2-ws-2024/build/joy_control/install.log --single-version-externally-managed install_data
[0.854s] running egg_info
[0.855s] writing ../../build/joy_control/joy_control.egg-info/PKG-INFO
[0.856s] writing dependency_links to ../../build/joy_control/joy_control.egg-info/dependency_links.txt
[0.857s] writing entry points to ../../build/joy_control/joy_control.egg-info/entry_points.txt
[0.858s] writing requirements to ../../build/joy_control/joy_control.egg-info/requires.txt
[0.858s] writing top-level names to ../../build/joy_control/joy_control.egg-info/top_level.txt
[0.860s] reading manifest file '../../build/joy_control/joy_control.egg-info/SOURCES.txt'
[0.861s] adding license file 'LICENSE'
[0.861s] writing manifest file '../../build/joy_control/joy_control.egg-info/SOURCES.txt'
[0.862s] running build
[0.862s] running build_py
[0.862s] copying joy_control/joy_pub.py -> /home/leho42/Desktop/ros2-ws-2024/build/joy_control/build/lib/joy_control
[0.863s] running install
[0.863s] running install_lib
[0.864s] copying /home/leho42/Desktop/ros2-ws-2024/build/joy_control/build/lib/joy_control/joy_pub.py -> /home/leho42/Desktop/ros2-ws-2024/install/joy_control/lib/python3.10/site-packages/joy_control
[0.866s] byte-compiling /home/leho42/Desktop/ros2-ws-2024/install/joy_control/lib/python3.10/site-packages/joy_control/joy_pub.py to joy_pub.cpython-310.pyc
[0.867s] running install_data
[0.867s] running install_egg_info
[0.868s] removing '/home/leho42/Desktop/ros2-ws-2024/install/joy_control/lib/python3.10/site-packages/joy_control-0.0.0-py3.10.egg-info' (and everything under it)
[0.868s] Copying ../../build/joy_control/joy_control.egg-info to /home/leho42/Desktop/ros2-ws-2024/install/joy_control/lib/python3.10/site-packages/joy_control-0.0.0-py3.10.egg-info
[0.868s] running install_scripts
[0.879s] Installing talker script to /home/leho42/Desktop/ros2-ws-2024/install/joy_control/lib/joy_control
[0.880s] writing list of installed files to '/home/leho42/Desktop/ros2-ws-2024/build/joy_control/install.log'
[0.898s] Invoked command in '/home/leho42/Desktop/ros2-ws-2024/src/joy_control' returned '0': PYTHONPATH=/home/leho42/Desktop/ros2-ws-2024/build/joy_control/prefix_override:/home/leho42/Desktop/ros2-ws-2024/install/joy_control/lib/python3.10/site-packages:${PYTHONPATH} /usr/bin/python3 -W ignore:setup.py install is deprecated setup.py egg_info --egg-base ../../build/joy_control build --build-base /home/leho42/Desktop/ros2-ws-2024/build/joy_control/build install --record /home/leho42/Desktop/ros2-ws-2024/build/joy_control/install.log --single-version-externally-managed install_data
