[6.669s] Invoking command in '/home/beachlbl/porter/ros2-ws-2024/src/sensors': PYTHONPATH=/home/beachlbl/porter/ros2-ws-2024/build/sensors/prefix_override:/home/beachlbl/porter/ros2-ws-2024/install/sensors/lib/python3.10/site-packages:${PYTHONPATH} /usr/bin/python3 -W ignore:setup.py install is deprecated setup.py egg_info --egg-base ../../build/sensors build --build-base /home/beachlbl/porter/ros2-ws-2024/build/sensors/build install --record /home/beachlbl/porter/ros2-ws-2024/build/sensors/install.log --single-version-externally-managed install_data
[8.401s] running egg_info
[8.405s] writing ../../build/sensors/sensors.egg-info/PKG-INFO
[8.407s] writing dependency_links to ../../build/sensors/sensors.egg-info/dependency_links.txt
[8.409s] writing entry points to ../../build/sensors/sensors.egg-info/entry_points.txt
[8.411s] writing requirements to ../../build/sensors/sensors.egg-info/requires.txt
[8.411s] writing top-level names to ../../build/sensors/sensors.egg-info/top_level.txt
[8.422s] reading manifest file '../../build/sensors/sensors.egg-info/SOURCES.txt'
[8.423s] adding license file 'LICENSE'
[8.427s] writing manifest file '../../build/sensors/sensors.egg-info/SOURCES.txt'
[8.428s] running build
[8.428s] running build_py
[8.430s] running install
[8.432s] running install_lib
[8.440s] running install_data
[8.441s] running install_egg_info
[8.450s] removing '/home/beachlbl/porter/ros2-ws-2024/install/sensors/lib/python3.10/site-packages/sensors-0.0.0-py3.10.egg-info' (and everything under it)
[8.452s] Copying ../../build/sensors/sensors.egg-info to /home/beachlbl/porter/ros2-ws-2024/install/sensors/lib/python3.10/site-packages/sensors-0.0.0-py3.10.egg-info
[8.464s] running install_scripts
[8.629s] Installing sensors_sub script to /home/beachlbl/porter/ros2-ws-2024/install/sensors/lib/sensors
[8.632s] writing list of installed files to '/home/beachlbl/porter/ros2-ws-2024/build/sensors/install.log'
[8.826s] Invoked command in '/home/beachlbl/porter/ros2-ws-2024/src/sensors' returned '0': PYTHONPATH=/home/beachlbl/porter/ros2-ws-2024/build/sensors/prefix_override:/home/beachlbl/porter/ros2-ws-2024/install/sensors/lib/python3.10/site-packages:${PYTHONPATH} /usr/bin/python3 -W ignore:setup.py install is deprecated setup.py egg_info --egg-base ../../build/sensors build --build-base /home/beachlbl/porter/ros2-ws-2024/build/sensors/build install --record /home/beachlbl/porter/ros2-ws-2024/build/sensors/install.log --single-version-externally-managed install_data
