[3.942s] Invoking command in '/home/beachlbl/porter/ros2-ws-2024/src/joy_control': PYTHONPATH=/home/beachlbl/porter/ros2-ws-2024/build/joy_control/prefix_override:/home/beachlbl/porter/ros2-ws-2024/install/joy_control/lib/python3.10/site-packages:${PYTHONPATH} /usr/bin/python3 -W ignore:setup.py install is deprecated setup.py egg_info --egg-base ../../build/joy_control build --build-base /home/beachlbl/porter/ros2-ws-2024/build/joy_control/build install --record /home/beachlbl/porter/ros2-ws-2024/build/joy_control/install.log --single-version-externally-managed install_data
[5.566s] running egg_info
[5.570s] writing ../../build/joy_control/joy_control.egg-info/PKG-INFO
[5.572s] writing dependency_links to ../../build/joy_control/joy_control.egg-info/dependency_links.txt
[5.573s] writing entry points to ../../build/joy_control/joy_control.egg-info/entry_points.txt
[5.574s] writing requirements to ../../build/joy_control/joy_control.egg-info/requires.txt
[5.575s] writing top-level names to ../../build/joy_control/joy_control.egg-info/top_level.txt
[5.584s] reading manifest file '../../build/joy_control/joy_control.egg-info/SOURCES.txt'
[5.587s] adding license file 'LICENSE'
[5.590s] writing manifest file '../../build/joy_control/joy_control.egg-info/SOURCES.txt'
[5.591s] running build
[5.591s] running build_py
[5.594s] copying joy_control/joy_ex_pub.py -> /home/beachlbl/porter/ros2-ws-2024/build/joy_control/build/lib/joy_control
[5.597s] running install
[5.598s] running install_lib
[5.603s] copying /home/beachlbl/porter/ros2-ws-2024/build/joy_control/build/lib/joy_control/joy_ex_pub.py -> /home/beachlbl/porter/ros2-ws-2024/install/joy_control/lib/python3.10/site-packages/joy_control
[5.610s] byte-compiling /home/beachlbl/porter/ros2-ws-2024/install/joy_control/lib/python3.10/site-packages/joy_control/joy_ex_pub.py to joy_ex_pub.cpython-310.pyc
[5.615s] running install_data
[5.616s] running install_egg_info
[5.623s] removing '/home/beachlbl/porter/ros2-ws-2024/install/joy_control/lib/python3.10/site-packages/joy_control-0.0.0-py3.10.egg-info' (and everything under it)
[5.625s] Copying ../../build/joy_control/joy_control.egg-info to /home/beachlbl/porter/ros2-ws-2024/install/joy_control/lib/python3.10/site-packages/joy_control-0.0.0-py3.10.egg-info
[5.633s] running install_scripts
[5.730s] Installing control_cb script to /home/beachlbl/porter/ros2-ws-2024/install/joy_control/lib/joy_control
[5.732s] Installing control_ex script to /home/beachlbl/porter/ros2-ws-2024/install/joy_control/lib/joy_control
[5.734s] writing list of installed files to '/home/beachlbl/porter/ros2-ws-2024/build/joy_control/install.log'
[5.890s] Invoked command in '/home/beachlbl/porter/ros2-ws-2024/src/joy_control' returned '0': PYTHONPATH=/home/beachlbl/porter/ros2-ws-2024/build/joy_control/prefix_override:/home/beachlbl/porter/ros2-ws-2024/install/joy_control/lib/python3.10/site-packages:${PYTHONPATH} /usr/bin/python3 -W ignore:setup.py install is deprecated setup.py egg_info --egg-base ../../build/joy_control build --build-base /home/beachlbl/porter/ros2-ws-2024/build/joy_control/build install --record /home/beachlbl/porter/ros2-ws-2024/build/joy_control/install.log --single-version-externally-managed install_data
