[0.415s] Invoking command in '/home/leho42/Desktop/ros2-ws-2024/src/ui': PYTHONPATH=/home/leho42/Desktop/ros2-ws-2024/build/ui/prefix_override:/home/leho42/Desktop/ros2-ws-2024/install/ui/lib/python3.10/site-packages:${PYTHONPATH} /usr/bin/python3 -W ignore:setup.py install is deprecated setup.py egg_info --egg-base ../../build/ui build --build-base /home/leho42/Desktop/ros2-ws-2024/build/ui/build install --record /home/leho42/Desktop/ros2-ws-2024/build/ui/install.log --single-version-externally-managed install_data
[0.552s] running egg_info
[0.553s] writing ../../build/ui/ui.egg-info/PKG-INFO
[0.553s] writing dependency_links to ../../build/ui/ui.egg-info/dependency_links.txt
[0.553s] writing entry points to ../../build/ui/ui.egg-info/entry_points.txt
[0.553s] writing requirements to ../../build/ui/ui.egg-info/requires.txt
[0.553s] writing top-level names to ../../build/ui/ui.egg-info/top_level.txt
[0.554s] reading manifest file '../../build/ui/ui.egg-info/SOURCES.txt'
[0.554s] adding license file 'LICENSE'
[0.555s] writing manifest file '../../build/ui/ui.egg-info/SOURCES.txt'
[0.555s] running build
[0.555s] running build_py
[0.555s] running install
[0.555s] running install_lib
[0.556s] running install_data
[0.556s] running install_egg_info
[0.556s] removing '/home/leho42/Desktop/ros2-ws-2024/install/ui/lib/python3.10/site-packages/ui-0.0.0-py3.10.egg-info' (and everything under it)
[0.557s] Copying ../../build/ui/ui.egg-info to /home/leho42/Desktop/ros2-ws-2024/install/ui/lib/python3.10/site-packages/ui-0.0.0-py3.10.egg-info
[0.557s] running install_scripts
[0.567s] Installing ui_health script to /home/leho42/Desktop/ros2-ws-2024/install/ui/lib/ui
[0.568s] writing list of installed files to '/home/leho42/Desktop/ros2-ws-2024/build/ui/install.log'
[0.579s] Invoked command in '/home/leho42/Desktop/ros2-ws-2024/src/ui' returned '0': PYTHONPATH=/home/leho42/Desktop/ros2-ws-2024/build/ui/prefix_override:/home/leho42/Desktop/ros2-ws-2024/install/ui/lib/python3.10/site-packages:${PYTHONPATH} /usr/bin/python3 -W ignore:setup.py install is deprecated setup.py egg_info --egg-base ../../build/ui build --build-base /home/leho42/Desktop/ros2-ws-2024/build/ui/build install --record /home/leho42/Desktop/ros2-ws-2024/build/ui/install.log --single-version-externally-managed install_data
