[7.709s] Invoking command in '/home/beachlbl/ros2-ws-2024/src/py_pubsub': PYTHONPATH=/home/beachlbl/ros2-ws-2024/build/py_pubsub/prefix_override:/home/beachlbl/ros2-ws-2024/install/py_pubsub/lib/python3.10/site-packages:${PYTHONPATH} /usr/bin/python3 -W ignore:setup.py install is deprecated setup.py egg_info --egg-base ../../build/py_pubsub build --build-base /home/beachlbl/ros2-ws-2024/build/py_pubsub/build install --record /home/beachlbl/ros2-ws-2024/build/py_pubsub/install.log --single-version-externally-managed install_data
[9.696s] running egg_info
[9.701s] writing ../../build/py_pubsub/py_pubsub.egg-info/PKG-INFO
[9.702s] writing dependency_links to ../../build/py_pubsub/py_pubsub.egg-info/dependency_links.txt
[9.704s] writing entry points to ../../build/py_pubsub/py_pubsub.egg-info/entry_points.txt
[9.706s] writing requirements to ../../build/py_pubsub/py_pubsub.egg-info/requires.txt
[9.707s] writing top-level names to ../../build/py_pubsub/py_pubsub.egg-info/top_level.txt
[9.718s] reading manifest file '../../build/py_pubsub/py_pubsub.egg-info/SOURCES.txt'
[9.720s] adding license file 'LICENSE'
[9.723s] writing manifest file '../../build/py_pubsub/py_pubsub.egg-info/SOURCES.txt'
[9.725s] running build
[9.726s] running build_py
[9.727s] running install
[9.728s] running install_lib
[9.735s] running install_data
[9.736s] running install_egg_info
[9.745s] removing '/home/beachlbl/ros2-ws-2024/install/py_pubsub/lib/python3.10/site-packages/py_pubsub-0.0.0-py3.10.egg-info' (and everything under it)
[9.747s] Copying ../../build/py_pubsub/py_pubsub.egg-info to /home/beachlbl/ros2-ws-2024/install/py_pubsub/lib/python3.10/site-packages/py_pubsub-0.0.0-py3.10.egg-info
[9.756s] running install_scripts
[9.914s] writing list of installed files to '/home/beachlbl/ros2-ws-2024/build/py_pubsub/install.log'
[10.113s] Invoked command in '/home/beachlbl/ros2-ws-2024/src/py_pubsub' returned '0': PYTHONPATH=/home/beachlbl/ros2-ws-2024/build/py_pubsub/prefix_override:/home/beachlbl/ros2-ws-2024/install/py_pubsub/lib/python3.10/site-packages:${PYTHONPATH} /usr/bin/python3 -W ignore:setup.py install is deprecated setup.py egg_info --egg-base ../../build/py_pubsub build --build-base /home/beachlbl/ros2-ws-2024/build/py_pubsub/build install --record /home/beachlbl/ros2-ws-2024/build/py_pubsub/install.log --single-version-externally-managed install_data
