[7.916s] Invoking command in '/home/beachlbl/porter/ros2-ws-2024/src/py_pubsub': PYTHONPATH=/home/beachlbl/porter/ros2-ws-2024/build/py_pubsub/prefix_override:/home/beachlbl/porter/ros2-ws-2024/install/py_pubsub/lib/python3.10/site-packages:${PYTHONPATH} /usr/bin/python3 -W ignore:setup.py install is deprecated setup.py egg_info --egg-base ../../build/py_pubsub build --build-base /home/beachlbl/porter/ros2-ws-2024/build/py_pubsub/build install --record /home/beachlbl/porter/ros2-ws-2024/build/py_pubsub/install.log --single-version-externally-managed install_data
[9.484s] running egg_info
[9.488s] writing ../../build/py_pubsub/py_pubsub.egg-info/PKG-INFO
[9.489s] writing dependency_links to ../../build/py_pubsub/py_pubsub.egg-info/dependency_links.txt
[9.490s] writing entry points to ../../build/py_pubsub/py_pubsub.egg-info/entry_points.txt
[9.491s] writing requirements to ../../build/py_pubsub/py_pubsub.egg-info/requires.txt
[9.492s] writing top-level names to ../../build/py_pubsub/py_pubsub.egg-info/top_level.txt
[9.503s] reading manifest file '../../build/py_pubsub/py_pubsub.egg-info/SOURCES.txt'
[9.504s] adding license file 'LICENSE'
[9.508s] writing manifest file '../../build/py_pubsub/py_pubsub.egg-info/SOURCES.txt'
[9.509s] running build
[9.510s] running build_py
[9.512s] running install
[9.513s] running install_lib
[9.519s] running install_data
[9.521s] running install_egg_info
[9.529s] removing '/home/beachlbl/porter/ros2-ws-2024/install/py_pubsub/lib/python3.10/site-packages/py_pubsub-0.0.0-py3.10.egg-info' (and everything under it)
[9.531s] Copying ../../build/py_pubsub/py_pubsub.egg-info to /home/beachlbl/porter/ros2-ws-2024/install/py_pubsub/lib/python3.10/site-packages/py_pubsub-0.0.0-py3.10.egg-info
[9.540s] running install_scripts
[9.662s] writing list of installed files to '/home/beachlbl/porter/ros2-ws-2024/build/py_pubsub/install.log'
[9.886s] Invoked command in '/home/beachlbl/porter/ros2-ws-2024/src/py_pubsub' returned '0': PYTHONPATH=/home/beachlbl/porter/ros2-ws-2024/build/py_pubsub/prefix_override:/home/beachlbl/porter/ros2-ws-2024/install/py_pubsub/lib/python3.10/site-packages:${PYTHONPATH} /usr/bin/python3 -W ignore:setup.py install is deprecated setup.py egg_info --egg-base ../../build/py_pubsub build --build-base /home/beachlbl/porter/ros2-ws-2024/build/py_pubsub/build install --record /home/beachlbl/porter/ros2-ws-2024/build/py_pubsub/install.log --single-version-externally-managed install_data
