[4.249s] Invoking command in '/home/beachlbl/ros2-ws-2024/src/drive_ex': PYTHONPATH=/home/beachlbl/ros2-ws-2024/build/drive_ex/prefix_override:/home/beachlbl/ros2-ws-2024/install/drive_ex/lib/python3.10/site-packages:${PYTHONPATH} /usr/bin/python3 -W ignore:setup.py install is deprecated setup.py egg_info --egg-base ../../build/drive_ex build --build-base /home/beachlbl/ros2-ws-2024/build/drive_ex/build install --record /home/beachlbl/ros2-ws-2024/build/drive_ex/install.log --single-version-externally-managed install_data
[5.576s] running egg_info
[5.580s] writing ../../build/drive_ex/drive_ex.egg-info/PKG-INFO
[5.673s] writing dependency_links to ../../build/drive_ex/drive_ex.egg-info/dependency_links.txt
[5.715s] writing entry points to ../../build/drive_ex/drive_ex.egg-info/entry_points.txt
[5.716s] writing requirements to ../../build/drive_ex/drive_ex.egg-info/requires.txt
[5.717s] writing top-level names to ../../build/drive_ex/drive_ex.egg-info/top_level.txt
[5.728s] reading manifest file '../../build/drive_ex/drive_ex.egg-info/SOURCES.txt'
[5.777s] adding license file 'LICENSE'
[5.782s] writing manifest file '../../build/drive_ex/drive_ex.egg-info/SOURCES.txt'
[5.803s] running build
[5.804s] running build_py
[5.970s] running install
[5.972s] running install_lib
[5.984s] running install_data
[5.985s] running install_egg_info
[5.992s] removing '/home/beachlbl/ros2-ws-2024/install/drive_ex/lib/python3.10/site-packages/drive_ex-0.0.0-py3.10.egg-info' (and everything under it)
[5.994s] Copying ../../build/drive_ex/drive_ex.egg-info to /home/beachlbl/ros2-ws-2024/install/drive_ex/lib/python3.10/site-packages/drive_ex-0.0.0-py3.10.egg-info
[6.001s] running install_scripts
[6.096s] Installing drivetrain_cb script to /home/beachlbl/ros2-ws-2024/install/drive_ex/lib/drive_ex
[6.098s] Installing drivetrain_ex script to /home/beachlbl/ros2-ws-2024/install/drive_ex/lib/drive_ex
[6.100s] writing list of installed files to '/home/beachlbl/ros2-ws-2024/build/drive_ex/install.log'
[6.282s] Invoked command in '/home/beachlbl/ros2-ws-2024/src/drive_ex' returned '0': PYTHONPATH=/home/beachlbl/ros2-ws-2024/build/drive_ex/prefix_override:/home/beachlbl/ros2-ws-2024/install/drive_ex/lib/python3.10/site-packages:${PYTHONPATH} /usr/bin/python3 -W ignore:setup.py install is deprecated setup.py egg_info --egg-base ../../build/drive_ex build --build-base /home/beachlbl/ros2-ws-2024/build/drive_ex/build install --record /home/beachlbl/ros2-ws-2024/build/drive_ex/install.log --single-version-externally-managed install_data
