[4.244s] Invoking command in '/home/beachlbl/porter/ros2-ws-2024/src/drive_cb': PYTHONPATH=/home/beachlbl/porter/ros2-ws-2024/build/drive_cb/prefix_override:/home/beachlbl/porter/ros2-ws-2024/install/drive_cb/lib/python3.10/site-packages:${PYTHONPATH} /usr/bin/python3 -W ignore:setup.py install is deprecated setup.py egg_info --egg-base ../../build/drive_cb build --build-base /home/beachlbl/porter/ros2-ws-2024/build/drive_cb/build install --record /home/beachlbl/porter/ros2-ws-2024/build/drive_cb/install.log --single-version-externally-managed install_data
[5.701s] running egg_info
[5.704s] writing ../../build/drive_cb/drive_cb.egg-info/PKG-INFO
[5.705s] writing dependency_links to ../../build/drive_cb/drive_cb.egg-info/dependency_links.txt
[5.706s] writing entry points to ../../build/drive_cb/drive_cb.egg-info/entry_points.txt
[5.707s] writing requirements to ../../build/drive_cb/drive_cb.egg-info/requires.txt
[5.707s] writing top-level names to ../../build/drive_cb/drive_cb.egg-info/top_level.txt
[5.716s] reading manifest file '../../build/drive_cb/drive_cb.egg-info/SOURCES.txt'
[5.718s] adding license file 'LICENSE'
[5.720s] writing manifest file '../../build/drive_cb/drive_cb.egg-info/SOURCES.txt'
[5.721s] running build
[5.722s] running build_py
[5.723s] running install
[5.725s] running install_lib
[5.731s] running install_data
[5.732s] running install_egg_info
[5.739s] removing '/home/beachlbl/porter/ros2-ws-2024/install/drive_cb/lib/python3.10/site-packages/drive_cb-0.0.0-py3.10.egg-info' (and everything under it)
[5.741s] Copying ../../build/drive_cb/drive_cb.egg-info to /home/beachlbl/porter/ros2-ws-2024/install/drive_cb/lib/python3.10/site-packages/drive_cb-0.0.0-py3.10.egg-info
[5.754s] running install_scripts
[5.897s] Installing drivetrain_cb script to /home/beachlbl/porter/ros2-ws-2024/install/drive_cb/lib/drive_cb
[5.900s] writing list of installed files to '/home/beachlbl/porter/ros2-ws-2024/build/drive_cb/install.log'
[6.068s] Invoked command in '/home/beachlbl/porter/ros2-ws-2024/src/drive_cb' returned '0': PYTHONPATH=/home/beachlbl/porter/ros2-ws-2024/build/drive_cb/prefix_override:/home/beachlbl/porter/ros2-ws-2024/install/drive_cb/lib/python3.10/site-packages:${PYTHONPATH} /usr/bin/python3 -W ignore:setup.py install is deprecated setup.py egg_info --egg-base ../../build/drive_cb build --build-base /home/beachlbl/porter/ros2-ws-2024/build/drive_cb/build install --record /home/beachlbl/porter/ros2-ws-2024/build/drive_cb/install.log --single-version-externally-managed install_data
