[0.644s] Invoking command in '/home/porterclev/ros2-ws-2024/src/ui': PYTHONPATH=/home/porterclev/ros2-ws-2024/build/ui/prefix_override:/home/porterclev/ros2-ws-2024/install/ui/lib/python3.10/site-packages:${PYTHONPATH} /usr/bin/python3 -W ignore:setup.py install is deprecated setup.py egg_info --egg-base ../../build/ui build --build-base /home/porterclev/ros2-ws-2024/build/ui/build install --record /home/porterclev/ros2-ws-2024/build/ui/install.log --single-version-externally-managed install_data
[0.864s] running egg_info
[0.869s] writing ../../build/ui/ui.egg-info/PKG-INFO
[0.870s] writing dependency_links to ../../build/ui/ui.egg-info/dependency_links.txt
[0.870s] writing entry points to ../../build/ui/ui.egg-info/entry_points.txt
[0.871s] writing requirements to ../../build/ui/ui.egg-info/requires.txt
[0.871s] writing top-level names to ../../build/ui/ui.egg-info/top_level.txt
[0.874s] reading manifest file '../../build/ui/ui.egg-info/SOURCES.txt'
[0.878s] adding license file 'LICENSE'
[0.879s] writing manifest file '../../build/ui/ui.egg-info/SOURCES.txt'
[0.880s] running build
[0.880s] running build_py
[0.881s] copying ui/ui_health.py -> /home/porterclev/ros2-ws-2024/build/ui/build/lib/ui
[0.883s] running install
[0.884s] running install_lib
[0.885s] copying /home/porterclev/ros2-ws-2024/build/ui/build/lib/ui/ui_health.py -> /home/porterclev/ros2-ws-2024/install/ui/lib/python3.10/site-packages/ui
[0.886s] byte-compiling /home/porterclev/ros2-ws-2024/install/ui/lib/python3.10/site-packages/ui/ui_health.py to ui_health.cpython-310.pyc
[0.887s] running install_data
[0.887s] running install_egg_info
[0.889s] removing '/home/porterclev/ros2-ws-2024/install/ui/lib/python3.10/site-packages/ui-0.0.0-py3.10.egg-info' (and everything under it)
[0.889s] Copying ../../build/ui/ui.egg-info to /home/porterclev/ros2-ws-2024/install/ui/lib/python3.10/site-packages/ui-0.0.0-py3.10.egg-info
[0.890s] running install_scripts
[0.912s] Installing ui_health script to /home/porterclev/ros2-ws-2024/install/ui/lib/ui
[0.913s] writing list of installed files to '/home/porterclev/ros2-ws-2024/build/ui/install.log'
[0.939s] Invoked command in '/home/porterclev/ros2-ws-2024/src/ui' returned '0': PYTHONPATH=/home/porterclev/ros2-ws-2024/build/ui/prefix_override:/home/porterclev/ros2-ws-2024/install/ui/lib/python3.10/site-packages:${PYTHONPATH} /usr/bin/python3 -W ignore:setup.py install is deprecated setup.py egg_info --egg-base ../../build/ui build --build-base /home/porterclev/ros2-ws-2024/build/ui/build install --record /home/porterclev/ros2-ws-2024/build/ui/install.log --single-version-externally-managed install_data
