[3.466s] Invoking command in '/home/beachlbl/ros2-ws-2024/src/drive_ex': PYTHONPATH=/home/beachlbl/ros2-ws-2024/build/drive_ex/prefix_override:/home/beachlbl/ros2-ws-2024/install/drive_ex/lib/python3.10/site-packages:${PYTHONPATH} /usr/bin/python3 -W ignore:setup.py install is deprecated setup.py egg_info --egg-base ../../build/drive_ex build --build-base /home/beachlbl/ros2-ws-2024/build/drive_ex/build install --record /home/beachlbl/ros2-ws-2024/build/drive_ex/install.log --single-version-externally-managed install_data
[4.777s] running egg_info
[4.780s] writing ../../build/drive_ex/drive_ex.egg-info/PKG-INFO
[4.781s] writing dependency_links to ../../build/drive_ex/drive_ex.egg-info/dependency_links.txt
[4.782s] writing entry points to ../../build/drive_ex/drive_ex.egg-info/entry_points.txt
[4.784s] writing requirements to ../../build/drive_ex/drive_ex.egg-info/requires.txt
[4.784s] writing top-level names to ../../build/drive_ex/drive_ex.egg-info/top_level.txt
[4.792s] reading manifest file '../../build/drive_ex/drive_ex.egg-info/SOURCES.txt'
[4.794s] adding license file 'LICENSE'
[4.797s] writing manifest file '../../build/drive_ex/drive_ex.egg-info/SOURCES.txt'
[4.797s] running build
[4.798s] running build_py
[4.799s] running install
[4.801s] running install_lib
[4.808s] running install_data
[4.809s] running install_egg_info
[4.816s] removing '/home/beachlbl/ros2-ws-2024/install/drive_ex/lib/python3.10/site-packages/drive_ex-0.0.0-py3.10.egg-info' (and everything under it)
[4.818s] Copying ../../build/drive_ex/drive_ex.egg-info to /home/beachlbl/ros2-ws-2024/install/drive_ex/lib/python3.10/site-packages/drive_ex-0.0.0-py3.10.egg-info
[4.824s] running install_scripts
[4.916s] Installing drivetrain_cb script to /home/beachlbl/ros2-ws-2024/install/drive_ex/lib/drive_ex
[4.917s] Installing drivetrain_ex script to /home/beachlbl/ros2-ws-2024/install/drive_ex/lib/drive_ex
[4.919s] writing list of installed files to '/home/beachlbl/ros2-ws-2024/build/drive_ex/install.log'
[5.085s] Invoked command in '/home/beachlbl/ros2-ws-2024/src/drive_ex' returned '0': PYTHONPATH=/home/beachlbl/ros2-ws-2024/build/drive_ex/prefix_override:/home/beachlbl/ros2-ws-2024/install/drive_ex/lib/python3.10/site-packages:${PYTHONPATH} /usr/bin/python3 -W ignore:setup.py install is deprecated setup.py egg_info --egg-base ../../build/drive_ex build --build-base /home/beachlbl/ros2-ws-2024/build/drive_ex/build install --record /home/beachlbl/ros2-ws-2024/build/drive_ex/install.log --single-version-externally-managed install_data
