[9.123s] Invoking command in '/home/beachlbl/porter/ros2-ws-2024/src/drive_ex': PYTHONPATH=/home/beachlbl/porter/ros2-ws-2024/build/drive_ex/prefix_override:/home/beachlbl/porter/ros2-ws-2024/install/drive_ex/lib/python3.10/site-packages:${PYTHONPATH} /usr/bin/python3 -W ignore:setup.py install is deprecated setup.py egg_info --egg-base ../../build/drive_ex build --build-base /home/beachlbl/porter/ros2-ws-2024/build/drive_ex/build install --record /home/beachlbl/porter/ros2-ws-2024/build/drive_ex/install.log --single-version-externally-managed install_data
[10.840s] running egg_info
[10.843s] writing ../../build/drive_ex/drive_ex.egg-info/PKG-INFO
[10.848s] writing dependency_links to ../../build/drive_ex/drive_ex.egg-info/dependency_links.txt
[10.849s] writing entry points to ../../build/drive_ex/drive_ex.egg-info/entry_points.txt
[10.851s] writing requirements to ../../build/drive_ex/drive_ex.egg-info/requires.txt
[10.852s] writing top-level names to ../../build/drive_ex/drive_ex.egg-info/top_level.txt
[10.861s] reading manifest file '../../build/drive_ex/drive_ex.egg-info/SOURCES.txt'
[10.903s] adding license file 'LICENSE'
[10.908s] writing manifest file '../../build/drive_ex/drive_ex.egg-info/SOURCES.txt'
[10.910s] running build
[10.910s] running build_py
[10.947s] running install
[10.951s] running install_lib
[10.969s] running install_data
[10.974s] running install_egg_info
[10.977s] removing '/home/beachlbl/porter/ros2-ws-2024/install/drive_ex/lib/python3.10/site-packages/drive_ex-0.0.0-py3.10.egg-info' (and everything under it)
[10.992s] Copying ../../build/drive_ex/drive_ex.egg-info to /home/beachlbl/porter/ros2-ws-2024/install/drive_ex/lib/python3.10/site-packages/drive_ex-0.0.0-py3.10.egg-info
[10.996s] running install_scripts
[11.110s] Installing drivetrain_cb script to /home/beachlbl/porter/ros2-ws-2024/install/drive_ex/lib/drive_ex
[11.114s] Installing drivetrain_ex script to /home/beachlbl/porter/ros2-ws-2024/install/drive_ex/lib/drive_ex
[11.117s] writing list of installed files to '/home/beachlbl/porter/ros2-ws-2024/build/drive_ex/install.log'
[11.453s] Invoked command in '/home/beachlbl/porter/ros2-ws-2024/src/drive_ex' returned '0': PYTHONPATH=/home/beachlbl/porter/ros2-ws-2024/build/drive_ex/prefix_override:/home/beachlbl/porter/ros2-ws-2024/install/drive_ex/lib/python3.10/site-packages:${PYTHONPATH} /usr/bin/python3 -W ignore:setup.py install is deprecated setup.py egg_info --egg-base ../../build/drive_ex build --build-base /home/beachlbl/porter/ros2-ws-2024/build/drive_ex/build install --record /home/beachlbl/porter/ros2-ws-2024/build/drive_ex/install.log --single-version-externally-managed install_data
