[7.698s] Invoking command in '/home/beachlbl/porter/ros2-ws-2024/src/drive_ex': PYTHONPATH=/home/beachlbl/porter/ros2-ws-2024/build/drive_ex/prefix_override:/home/beachlbl/porter/ros2-ws-2024/install/drive_ex/lib/python3.10/site-packages:${PYTHONPATH} /usr/bin/python3 -W ignore:setup.py install is deprecated setup.py egg_info --egg-base ../../build/drive_ex build --build-base /home/beachlbl/porter/ros2-ws-2024/build/drive_ex/build install --record /home/beachlbl/porter/ros2-ws-2024/build/drive_ex/install.log --single-version-externally-managed install_data
[9.359s] running egg_info
[9.363s] writing ../../build/drive_ex/drive_ex.egg-info/PKG-INFO
[9.366s] writing dependency_links to ../../build/drive_ex/drive_ex.egg-info/dependency_links.txt
[9.368s] writing entry points to ../../build/drive_ex/drive_ex.egg-info/entry_points.txt
[9.369s] writing requirements to ../../build/drive_ex/drive_ex.egg-info/requires.txt
[9.370s] writing top-level names to ../../build/drive_ex/drive_ex.egg-info/top_level.txt
[9.380s] reading manifest file '../../build/drive_ex/drive_ex.egg-info/SOURCES.txt'
[9.381s] adding license file 'LICENSE'
[9.386s] writing manifest file '../../build/drive_ex/drive_ex.egg-info/SOURCES.txt'
[9.388s] running build
[9.389s] running build_py
[9.390s] running install
[9.391s] running install_lib
[9.398s] running install_data
[9.399s] running install_egg_info
[9.409s] removing '/home/beachlbl/porter/ros2-ws-2024/install/drive_ex/lib/python3.10/site-packages/drive_ex-0.0.0-py3.10.egg-info' (and everything under it)
[9.414s] Copying ../../build/drive_ex/drive_ex.egg-info to /home/beachlbl/porter/ros2-ws-2024/install/drive_ex/lib/python3.10/site-packages/drive_ex-0.0.0-py3.10.egg-info
[9.422s] running install_scripts
[9.585s] Installing drivetrain_cb script to /home/beachlbl/porter/ros2-ws-2024/install/drive_ex/lib/drive_ex
[9.595s] Installing drivetrain_ex script to /home/beachlbl/porter/ros2-ws-2024/install/drive_ex/lib/drive_ex
[9.603s] writing list of installed files to '/home/beachlbl/porter/ros2-ws-2024/build/drive_ex/install.log'
[9.959s] Invoked command in '/home/beachlbl/porter/ros2-ws-2024/src/drive_ex' returned '0': PYTHONPATH=/home/beachlbl/porter/ros2-ws-2024/build/drive_ex/prefix_override:/home/beachlbl/porter/ros2-ws-2024/install/drive_ex/lib/python3.10/site-packages:${PYTHONPATH} /usr/bin/python3 -W ignore:setup.py install is deprecated setup.py egg_info --egg-base ../../build/drive_ex build --build-base /home/beachlbl/porter/ros2-ws-2024/build/drive_ex/build install --record /home/beachlbl/porter/ros2-ws-2024/build/drive_ex/install.log --single-version-externally-managed install_data
