[4.195s] Invoking command in '/home/beachlbl/ros2-ws-2024/src/drive_ex': PYTHONPATH=/home/beachlbl/ros2-ws-2024/build/drive_ex/prefix_override:/home/beachlbl/ros2-ws-2024/install/drive_ex/lib/python3.10/site-packages:${PYTHONPATH} /usr/bin/python3 -W ignore:setup.py install is deprecated setup.py egg_info --egg-base ../../build/drive_ex build --build-base /home/beachlbl/ros2-ws-2024/build/drive_ex/build install --record /home/beachlbl/ros2-ws-2024/build/drive_ex/install.log --single-version-externally-managed install_data
[5.525s] running egg_info
[5.528s] writing ../../build/drive_ex/drive_ex.egg-info/PKG-INFO
[5.532s] writing dependency_links to ../../build/drive_ex/drive_ex.egg-info/dependency_links.txt
[5.533s] writing entry points to ../../build/drive_ex/drive_ex.egg-info/entry_points.txt
[5.534s] writing requirements to ../../build/drive_ex/drive_ex.egg-info/requires.txt
[5.534s] writing top-level names to ../../build/drive_ex/drive_ex.egg-info/top_level.txt
[5.576s] reading manifest file '../../build/drive_ex/drive_ex.egg-info/SOURCES.txt'
[5.581s] adding license file 'LICENSE'
[5.588s] writing manifest file '../../build/drive_ex/drive_ex.egg-info/SOURCES.txt'
[5.589s] running build
[5.590s] running build_py
[5.603s] running install
[5.606s] running install_lib
[5.617s] running install_data
[5.618s] running install_egg_info
[5.625s] removing '/home/beachlbl/ros2-ws-2024/install/drive_ex/lib/python3.10/site-packages/drive_ex-0.0.0-py3.10.egg-info' (and everything under it)
[5.627s] Copying ../../build/drive_ex/drive_ex.egg-info to /home/beachlbl/ros2-ws-2024/install/drive_ex/lib/python3.10/site-packages/drive_ex-0.0.0-py3.10.egg-info
[5.634s] running install_scripts
[5.729s] Installing drivetrain_cb script to /home/beachlbl/ros2-ws-2024/install/drive_ex/lib/drive_ex
[5.731s] Installing drivetrain_ex script to /home/beachlbl/ros2-ws-2024/install/drive_ex/lib/drive_ex
[5.733s] writing list of installed files to '/home/beachlbl/ros2-ws-2024/build/drive_ex/install.log'
[5.904s] Invoked command in '/home/beachlbl/ros2-ws-2024/src/drive_ex' returned '0': PYTHONPATH=/home/beachlbl/ros2-ws-2024/build/drive_ex/prefix_override:/home/beachlbl/ros2-ws-2024/install/drive_ex/lib/python3.10/site-packages:${PYTHONPATH} /usr/bin/python3 -W ignore:setup.py install is deprecated setup.py egg_info --egg-base ../../build/drive_ex build --build-base /home/beachlbl/ros2-ws-2024/build/drive_ex/build install --record /home/beachlbl/ros2-ws-2024/build/drive_ex/install.log --single-version-externally-managed install_data
