[0.651s] Invoking command in '/home/porterclev/ros2-ws-2024/src/py_pubsub': PYTHONPATH=/home/porterclev/ros2-ws-2024/build/py_pubsub/prefix_override:/home/porterclev/ros2-ws-2024/install/py_pubsub/lib/python3.10/site-packages:${PYTHONPATH} /usr/bin/python3 -W ignore:setup.py install is deprecated setup.py egg_info --egg-base ../../build/py_pubsub build --build-base /home/porterclev/ros2-ws-2024/build/py_pubsub/build install --record /home/porterclev/ros2-ws-2024/build/py_pubsub/install.log --single-version-externally-managed install_data
[0.897s] running egg_info
[0.906s] writing ../../build/py_pubsub/py_pubsub.egg-info/PKG-INFO
[0.906s] writing dependency_links to ../../build/py_pubsub/py_pubsub.egg-info/dependency_links.txt
[0.906s] writing entry points to ../../build/py_pubsub/py_pubsub.egg-info/entry_points.txt
[0.907s] writing requirements to ../../build/py_pubsub/py_pubsub.egg-info/requires.txt
[0.908s] writing top-level names to ../../build/py_pubsub/py_pubsub.egg-info/top_level.txt
[0.910s] reading manifest file '../../build/py_pubsub/py_pubsub.egg-info/SOURCES.txt'
[0.910s] adding license file 'LICENSE'
[0.912s] writing manifest file '../../build/py_pubsub/py_pubsub.egg-info/SOURCES.txt'
[0.912s] running build
[0.912s] running build_py
[0.912s] running install
[0.913s] running install_lib
[0.915s] running install_data
[0.915s] running install_egg_info
[0.917s] removing '/home/porterclev/ros2-ws-2024/install/py_pubsub/lib/python3.10/site-packages/py_pubsub-0.0.0-py3.10.egg-info' (and everything under it)
[0.918s] Copying ../../build/py_pubsub/py_pubsub.egg-info to /home/porterclev/ros2-ws-2024/install/py_pubsub/lib/python3.10/site-packages/py_pubsub-0.0.0-py3.10.egg-info
[0.919s] running install_scripts
[1.006s] writing list of installed files to '/home/porterclev/ros2-ws-2024/build/py_pubsub/install.log'
[1.278s] Invoked command in '/home/porterclev/ros2-ws-2024/src/py_pubsub' returned '0': PYTHONPATH=/home/porterclev/ros2-ws-2024/build/py_pubsub/prefix_override:/home/porterclev/ros2-ws-2024/install/py_pubsub/lib/python3.10/site-packages:${PYTHONPATH} /usr/bin/python3 -W ignore:setup.py install is deprecated setup.py egg_info --egg-base ../../build/py_pubsub build --build-base /home/porterclev/ros2-ws-2024/build/py_pubsub/build install --record /home/porterclev/ros2-ws-2024/build/py_pubsub/install.log --single-version-externally-managed install_data
