[0.517s] DEBUG:colcon:Command line arguments: ['/usr/bin/colcon', 'build', '--build-base', 'build', '--install-base', 'install', '--packages-select', 'drive_cb']
[0.518s] DEBUG:colcon:Parsed command line arguments: Namespace(log_base=None, log_level=None, verb_name='build', build_base='/home/beachlbl/porter/ros2-ws-2024/build', install_base='/home/beachlbl/porter/ros2-ws-2024/install', merge_install=False, symlink_install=False, test_result_base=None, continue_on_error=False, executor='parallel', parallel_workers=4, event_handlers=None, ignore_user_meta=False, metas=['./colcon.meta'], base_paths=['.'], packages_ignore=None, packages_ignore_regex=None, paths=None, packages_up_to=None, packages_up_to_regex=None, packages_above=None, packages_above_and_dependencies=None, packages_above_depth=None, packages_select_by_dep=None, packages_skip_by_dep=None, packages_skip_up_to=None, packages_select_build_failed=False, packages_skip_build_finished=False, packages_select_test_failures=False, packages_skip_test_passed=False, packages_select=['drive_cb'], packages_skip=None, packages_select_regex=None, packages_skip_regex=None, packages_start=None, packages_end=None, allow_overriding=[], cmake_args=None, cmake_target=None, cmake_target_skip_unavailable=False, cmake_clean_cache=False, cmake_clean_first=False, cmake_force_configure=False, ament_cmake_args=None, catkin_cmake_args=None, catkin_skip_building_tests=False, verb_parser=<colcon_defaults.argument_parser.defaults.DefaultArgumentsDecorator object at 0xffffb3030f10>, verb_extension=<colcon_core.verb.build.BuildVerb object at 0xffffb31663b0>, main=<bound method BuildVerb.main of <colcon_core.verb.build.BuildVerb object at 0xffffb31663b0>>)
[1.344s] Level 1:colcon.colcon_core.package_discovery:discover_packages(colcon_meta) check parameters
[1.344s] Level 1:colcon.colcon_core.package_discovery:discover_packages(recursive) check parameters
[1.344s] Level 1:colcon.colcon_core.package_discovery:discover_packages(ignore) check parameters
[1.344s] Level 1:colcon.colcon_core.package_discovery:discover_packages(path) check parameters
[1.345s] Level 1:colcon.colcon_core.package_discovery:discover_packages(colcon_meta) discover
[1.345s] Level 1:colcon.colcon_core.package_discovery:discover_packages(recursive) discover
[1.345s] INFO:colcon.colcon_core.package_discovery:Crawling recursively for packages in '/home/beachlbl/porter/ros2-ws-2024'
[1.345s] Level 1:colcon.colcon_core.package_identification:_identify(.) by extensions ['ignore', 'ignore_ament_install']
[1.346s] Level 1:colcon.colcon_core.package_identification:_identify(.) by extension 'ignore'
[1.346s] Level 1:colcon.colcon_core.package_identification:_identify(.) by extension 'ignore_ament_install'
[1.346s] Level 1:colcon.colcon_core.package_identification:_identify(.) by extensions ['colcon_pkg']
[1.346s] Level 1:colcon.colcon_core.package_identification:_identify(.) by extension 'colcon_pkg'
[1.347s] Level 1:colcon.colcon_core.package_identification:_identify(.) by extensions ['colcon_meta']
[1.347s] Level 1:colcon.colcon_core.package_identification:_identify(.) by extension 'colcon_meta'
[1.347s] Level 1:colcon.colcon_core.package_identification:_identify(.) by extensions ['ros']
[1.347s] Level 1:colcon.colcon_core.package_identification:_identify(.) by extension 'ros'
[1.393s] Level 1:colcon.colcon_core.package_identification:_identify(.) by extensions ['cmake', 'python']
[1.393s] Level 1:colcon.colcon_core.package_identification:_identify(.) by extension 'cmake'
[1.393s] Level 1:colcon.colcon_core.package_identification:_identify(.) by extension 'python'
[1.394s] Level 1:colcon.colcon_core.package_identification:_identify(.) by extensions ['python_setup_py']
[1.394s] Level 1:colcon.colcon_core.package_identification:_identify(.) by extension 'python_setup_py'
[1.394s] Level 1:colcon.colcon_core.package_identification:_identify(build) by extensions ['ignore', 'ignore_ament_install']
[1.395s] Level 1:colcon.colcon_core.package_identification:_identify(build) by extension 'ignore'
[1.395s] Level 1:colcon.colcon_core.package_identification:_identify(build) ignored
[1.396s] Level 1:colcon.colcon_core.package_identification:_identify(install) by extensions ['ignore', 'ignore_ament_install']
[1.396s] Level 1:colcon.colcon_core.package_identification:_identify(install) by extension 'ignore'
[1.396s] Level 1:colcon.colcon_core.package_identification:_identify(install) ignored
[1.404s] Level 1:colcon.colcon_core.package_identification:_identify(log) by extensions ['ignore', 'ignore_ament_install']
[1.404s] Level 1:colcon.colcon_core.package_identification:_identify(log) by extension 'ignore'
[1.404s] Level 1:colcon.colcon_core.package_identification:_identify(log) ignored
[1.405s] Level 1:colcon.colcon_core.package_identification:_identify(scripts) by extensions ['ignore', 'ignore_ament_install']
[1.405s] Level 1:colcon.colcon_core.package_identification:_identify(scripts) by extension 'ignore'
[1.405s] Level 1:colcon.colcon_core.package_identification:_identify(scripts) by extension 'ignore_ament_install'
[1.405s] Level 1:colcon.colcon_core.package_identification:_identify(scripts) by extensions ['colcon_pkg']
[1.406s] Level 1:colcon.colcon_core.package_identification:_identify(scripts) by extension 'colcon_pkg'
[1.406s] Level 1:colcon.colcon_core.package_identification:_identify(scripts) by extensions ['colcon_meta']
[1.406s] Level 1:colcon.colcon_core.package_identification:_identify(scripts) by extension 'colcon_meta'
[1.406s] Level 1:colcon.colcon_core.package_identification:_identify(scripts) by extensions ['ros']
[1.406s] Level 1:colcon.colcon_core.package_identification:_identify(scripts) by extension 'ros'
[1.406s] Level 1:colcon.colcon_core.package_identification:_identify(scripts) by extensions ['cmake', 'python']
[1.407s] Level 1:colcon.colcon_core.package_identification:_identify(scripts) by extension 'cmake'
[1.407s] Level 1:colcon.colcon_core.package_identification:_identify(scripts) by extension 'python'
[1.407s] Level 1:colcon.colcon_core.package_identification:_identify(scripts) by extensions ['python_setup_py']
[1.407s] Level 1:colcon.colcon_core.package_identification:_identify(scripts) by extension 'python_setup_py'
[1.407s] Level 1:colcon.colcon_core.package_identification:_identify(src) by extensions ['ignore', 'ignore_ament_install']
[1.408s] Level 1:colcon.colcon_core.package_identification:_identify(src) by extension 'ignore'
[1.408s] Level 1:colcon.colcon_core.package_identification:_identify(src) by extension 'ignore_ament_install'
[1.408s] Level 1:colcon.colcon_core.package_identification:_identify(src) by extensions ['colcon_pkg']
[1.408s] Level 1:colcon.colcon_core.package_identification:_identify(src) by extension 'colcon_pkg'
[1.408s] Level 1:colcon.colcon_core.package_identification:_identify(src) by extensions ['colcon_meta']
[1.408s] Level 1:colcon.colcon_core.package_identification:_identify(src) by extension 'colcon_meta'
[1.409s] Level 1:colcon.colcon_core.package_identification:_identify(src) by extensions ['ros']
[1.409s] Level 1:colcon.colcon_core.package_identification:_identify(src) by extension 'ros'
[1.409s] Level 1:colcon.colcon_core.package_identification:_identify(src) by extensions ['cmake', 'python']
[1.409s] Level 1:colcon.colcon_core.package_identification:_identify(src) by extension 'cmake'
[1.409s] Level 1:colcon.colcon_core.package_identification:_identify(src) by extension 'python'
[1.409s] Level 1:colcon.colcon_core.package_identification:_identify(src) by extensions ['python_setup_py']
[1.410s] Level 1:colcon.colcon_core.package_identification:_identify(src) by extension 'python_setup_py'
[1.410s] Level 1:colcon.colcon_core.package_identification:_identify(src/camera_test) by extensions ['ignore', 'ignore_ament_install']
[1.410s] Level 1:colcon.colcon_core.package_identification:_identify(src/camera_test) by extension 'ignore'
[1.411s] Level 1:colcon.colcon_core.package_identification:_identify(src/camera_test) by extension 'ignore_ament_install'
[1.411s] Level 1:colcon.colcon_core.package_identification:_identify(src/camera_test) by extensions ['colcon_pkg']
[1.411s] Level 1:colcon.colcon_core.package_identification:_identify(src/camera_test) by extension 'colcon_pkg'
[1.411s] Level 1:colcon.colcon_core.package_identification:_identify(src/camera_test) by extensions ['colcon_meta']
[1.411s] Level 1:colcon.colcon_core.package_identification:_identify(src/camera_test) by extension 'colcon_meta'
[1.411s] Level 1:colcon.colcon_core.package_identification:_identify(src/camera_test) by extensions ['ros']
[1.411s] Level 1:colcon.colcon_core.package_identification:_identify(src/camera_test) by extension 'ros'
[1.420s] DEBUG:colcon.colcon_core.package_identification:Package 'src/camera_test' with type 'ros.ament_python' and name 'camera_test'
[1.421s] Level 1:colcon.colcon_core.package_identification:_identify(src/db_broker) by extensions ['ignore', 'ignore_ament_install']
[1.421s] Level 1:colcon.colcon_core.package_identification:_identify(src/db_broker) by extension 'ignore'
[1.421s] Level 1:colcon.colcon_core.package_identification:_identify(src/db_broker) by extension 'ignore_ament_install'
[1.422s] Level 1:colcon.colcon_core.package_identification:_identify(src/db_broker) by extensions ['colcon_pkg']
[1.422s] Level 1:colcon.colcon_core.package_identification:_identify(src/db_broker) by extension 'colcon_pkg'
[1.422s] Level 1:colcon.colcon_core.package_identification:_identify(src/db_broker) by extensions ['colcon_meta']
[1.422s] Level 1:colcon.colcon_core.package_identification:_identify(src/db_broker) by extension 'colcon_meta'
[1.422s] Level 1:colcon.colcon_core.package_identification:_identify(src/db_broker) by extensions ['ros']
[1.422s] Level 1:colcon.colcon_core.package_identification:_identify(src/db_broker) by extension 'ros'
[1.424s] DEBUG:colcon.colcon_core.package_identification:Package 'src/db_broker' with type 'ros.ament_python' and name 'db_broker'
[1.425s] Level 1:colcon.colcon_core.package_identification:_identify(src/drive_cb) by extensions ['ignore', 'ignore_ament_install']
[1.425s] Level 1:colcon.colcon_core.package_identification:_identify(src/drive_cb) by extension 'ignore'
[1.425s] Level 1:colcon.colcon_core.package_identification:_identify(src/drive_cb) by extension 'ignore_ament_install'
[1.426s] Level 1:colcon.colcon_core.package_identification:_identify(src/drive_cb) by extensions ['colcon_pkg']
[1.426s] Level 1:colcon.colcon_core.package_identification:_identify(src/drive_cb) by extension 'colcon_pkg'
[1.426s] Level 1:colcon.colcon_core.package_identification:_identify(src/drive_cb) by extensions ['colcon_meta']
[1.426s] Level 1:colcon.colcon_core.package_identification:_identify(src/drive_cb) by extension 'colcon_meta'
[1.426s] Level 1:colcon.colcon_core.package_identification:_identify(src/drive_cb) by extensions ['ros']
[1.426s] Level 1:colcon.colcon_core.package_identification:_identify(src/drive_cb) by extension 'ros'
[1.428s] DEBUG:colcon.colcon_core.package_identification:Package 'src/drive_cb' with type 'ros.ament_python' and name 'drive_cb'
[1.429s] Level 1:colcon.colcon_core.package_identification:_identify(src/drive_ex) by extensions ['ignore', 'ignore_ament_install']
[1.429s] Level 1:colcon.colcon_core.package_identification:_identify(src/drive_ex) by extension 'ignore'
[1.429s] Level 1:colcon.colcon_core.package_identification:_identify(src/drive_ex) by extension 'ignore_ament_install'
[1.430s] Level 1:colcon.colcon_core.package_identification:_identify(src/drive_ex) by extensions ['colcon_pkg']
[1.430s] Level 1:colcon.colcon_core.package_identification:_identify(src/drive_ex) by extension 'colcon_pkg'
[1.430s] Level 1:colcon.colcon_core.package_identification:_identify(src/drive_ex) by extensions ['colcon_meta']
[1.430s] Level 1:colcon.colcon_core.package_identification:_identify(src/drive_ex) by extension 'colcon_meta'
[1.430s] Level 1:colcon.colcon_core.package_identification:_identify(src/drive_ex) by extensions ['ros']
[1.430s] Level 1:colcon.colcon_core.package_identification:_identify(src/drive_ex) by extension 'ros'
[1.432s] DEBUG:colcon.colcon_core.package_identification:Package 'src/drive_ex' with type 'ros.ament_python' and name 'drive_ex'
[1.433s] Level 1:colcon.colcon_core.package_identification:_identify(src/joy_control) by extensions ['ignore', 'ignore_ament_install']
[1.433s] Level 1:colcon.colcon_core.package_identification:_identify(src/joy_control) by extension 'ignore'
[1.433s] Level 1:colcon.colcon_core.package_identification:_identify(src/joy_control) by extension 'ignore_ament_install'
[1.434s] Level 1:colcon.colcon_core.package_identification:_identify(src/joy_control) by extensions ['colcon_pkg']
[1.434s] Level 1:colcon.colcon_core.package_identification:_identify(src/joy_control) by extension 'colcon_pkg'
[1.434s] Level 1:colcon.colcon_core.package_identification:_identify(src/joy_control) by extensions ['colcon_meta']
[1.434s] Level 1:colcon.colcon_core.package_identification:_identify(src/joy_control) by extension 'colcon_meta'
[1.434s] Level 1:colcon.colcon_core.package_identification:_identify(src/joy_control) by extensions ['ros']
[1.434s] Level 1:colcon.colcon_core.package_identification:_identify(src/joy_control) by extension 'ros'
[1.436s] DEBUG:colcon.colcon_core.package_identification:Package 'src/joy_control' with type 'ros.ament_python' and name 'joy_control'
[1.437s] Level 1:colcon.colcon_core.package_identification:_identify(src/py_pubsub) by extensions ['ignore', 'ignore_ament_install']
[1.437s] Level 1:colcon.colcon_core.package_identification:_identify(src/py_pubsub) by extension 'ignore'
[1.437s] Level 1:colcon.colcon_core.package_identification:_identify(src/py_pubsub) by extension 'ignore_ament_install'
[1.437s] Level 1:colcon.colcon_core.package_identification:_identify(src/py_pubsub) by extensions ['colcon_pkg']
[1.438s] Level 1:colcon.colcon_core.package_identification:_identify(src/py_pubsub) by extension 'colcon_pkg'
[1.438s] Level 1:colcon.colcon_core.package_identification:_identify(src/py_pubsub) by extensions ['colcon_meta']
[1.438s] Level 1:colcon.colcon_core.package_identification:_identify(src/py_pubsub) by extension 'colcon_meta'
[1.438s] Level 1:colcon.colcon_core.package_identification:_identify(src/py_pubsub) by extensions ['ros']
[1.438s] Level 1:colcon.colcon_core.package_identification:_identify(src/py_pubsub) by extension 'ros'
[1.440s] DEBUG:colcon.colcon_core.package_identification:Package 'src/py_pubsub' with type 'ros.ament_python' and name 'py_pubsub'
[1.440s] Level 1:colcon.colcon_core.package_discovery:discover_packages(recursive) using defaults
[1.441s] Level 1:colcon.colcon_core.package_discovery:discover_packages(ignore) discover
[1.441s] Level 1:colcon.colcon_core.package_discovery:discover_packages(ignore) using defaults
[1.441s] Level 1:colcon.colcon_core.package_discovery:discover_packages(path) discover
[1.441s] Level 1:colcon.colcon_core.package_discovery:discover_packages(path) using defaults
[1.563s] INFO:colcon.colcon_core.package_selection:Skipping not selected package 'camera_test' in 'src/camera_test'
[1.563s] INFO:colcon.colcon_core.package_selection:Skipping not selected package 'db_broker' in 'src/db_broker'
[1.563s] INFO:colcon.colcon_core.package_selection:Skipping not selected package 'drive_ex' in 'src/drive_ex'
[1.563s] INFO:colcon.colcon_core.package_selection:Skipping not selected package 'joy_control' in 'src/joy_control'
[1.563s] INFO:colcon.colcon_core.package_selection:Skipping not selected package 'py_pubsub' in 'src/py_pubsub'
[1.565s] Level 1:colcon.colcon_core.package_discovery:discover_packages(prefix_path) check parameters
[1.565s] Level 1:colcon.colcon_core.package_discovery:discover_packages(prefix_path) discover
[1.575s] DEBUG:colcon.colcon_installed_package_information.package_discovery:Found 6 installed packages in /home/beachlbl/porter/ros2-ws-2024/install
[1.584s] DEBUG:colcon.colcon_installed_package_information.package_discovery:Found 281 installed packages in /opt/ros/iron
[1.590s] Level 1:colcon.colcon_core.package_discovery:discover_packages(prefix_path) using defaults
[1.778s] Level 5:colcon.colcon_core.verb:set package 'drive_cb' build argument 'cmake_args' from command line to 'None'
[1.778s] Level 5:colcon.colcon_core.verb:set package 'drive_cb' build argument 'cmake_target' from command line to 'None'
[1.779s] Level 5:colcon.colcon_core.verb:set package 'drive_cb' build argument 'cmake_target_skip_unavailable' from command line to 'False'
[1.779s] Level 5:colcon.colcon_core.verb:set package 'drive_cb' build argument 'cmake_clean_cache' from command line to 'False'
[1.779s] Level 5:colcon.colcon_core.verb:set package 'drive_cb' build argument 'cmake_clean_first' from command line to 'False'
[1.779s] Level 5:colcon.colcon_core.verb:set package 'drive_cb' build argument 'cmake_force_configure' from command line to 'False'
[1.779s] Level 5:colcon.colcon_core.verb:set package 'drive_cb' build argument 'ament_cmake_args' from command line to 'None'
[1.779s] Level 5:colcon.colcon_core.verb:set package 'drive_cb' build argument 'catkin_cmake_args' from command line to 'None'
[1.779s] Level 5:colcon.colcon_core.verb:set package 'drive_cb' build argument 'catkin_skip_building_tests' from command line to 'False'
[1.779s] DEBUG:colcon.colcon_core.verb:Building package 'drive_cb' with the following arguments: {'ament_cmake_args': None, 'build_base': '/home/beachlbl/porter/ros2-ws-2024/build/drive_cb', 'catkin_cmake_args': None, 'catkin_skip_building_tests': False, 'cmake_args': None, 'cmake_clean_cache': False, 'cmake_clean_first': False, 'cmake_force_configure': False, 'cmake_target': None, 'cmake_target_skip_unavailable': False, 'install_base': '/home/beachlbl/porter/ros2-ws-2024/install/drive_cb', 'merge_install': False, 'path': '/home/beachlbl/porter/ros2-ws-2024/src/drive_cb', 'symlink_install': False, 'test_result_base': None}
[1.780s] INFO:colcon.colcon_core.executor:Executing jobs using 'parallel' executor
[1.783s] DEBUG:colcon.colcon_parallel_executor.executor.parallel:run_until_complete
[1.784s] INFO:colcon.colcon_ros.task.ament_python.build:Building ROS package in '/home/beachlbl/porter/ros2-ws-2024/src/drive_cb' with build type 'ament_python'
[1.786s] Level 1:colcon.colcon_core.shell:create_environment_hook('drive_cb', 'ament_prefix_path')
[1.795s] INFO:colcon.colcon_core.plugin_system:Skipping extension 'colcon_core.shell.bat': Not used on non-Windows systems
[1.796s] INFO:colcon.colcon_core.shell:Creating environment hook '/home/beachlbl/porter/ros2-ws-2024/install/drive_cb/share/drive_cb/hook/ament_prefix_path.ps1'
[1.798s] INFO:colcon.colcon_core.shell:Creating environment descriptor '/home/beachlbl/porter/ros2-ws-2024/install/drive_cb/share/drive_cb/hook/ament_prefix_path.dsv'
[1.800s] INFO:colcon.colcon_core.shell:Creating environment hook '/home/beachlbl/porter/ros2-ws-2024/install/drive_cb/share/drive_cb/hook/ament_prefix_path.sh'
[1.804s] INFO:colcon.colcon_core.shell:Skip shell extension 'powershell' for command environment: Not usable outside of PowerShell
[1.804s] DEBUG:colcon.colcon_core.shell:Skip shell extension 'dsv' for command environment
[3.057s] INFO:colcon.colcon_core.task.python.build:Building Python package in '/home/beachlbl/porter/ros2-ws-2024/src/drive_cb'
[3.058s] INFO:colcon.colcon_core.shell:Skip shell extension 'powershell' for command environment: Not usable outside of PowerShell
[3.058s] DEBUG:colcon.colcon_core.shell:Skip shell extension 'dsv' for command environment
[4.722s] DEBUG:colcon.colcon_core.event_handler.log_command:Invoking command in '/home/beachlbl/porter/ros2-ws-2024/src/drive_cb': PYTHONPATH=/home/beachlbl/porter/ros2-ws-2024/build/drive_cb/prefix_override:/home/beachlbl/porter/ros2-ws-2024/install/drive_cb/lib/python3.10/site-packages:${PYTHONPATH} /usr/bin/python3 -W ignore:setup.py install is deprecated setup.py egg_info --egg-base ../../build/drive_cb build --build-base /home/beachlbl/porter/ros2-ws-2024/build/drive_cb/build install --record /home/beachlbl/porter/ros2-ws-2024/build/drive_cb/install.log --single-version-externally-managed install_data
[6.090s] DEBUG:colcon.colcon_core.event_handler.log_command:Invoked command in '/home/beachlbl/porter/ros2-ws-2024/src/drive_cb' returned '0': PYTHONPATH=/home/beachlbl/porter/ros2-ws-2024/build/drive_cb/prefix_override:/home/beachlbl/porter/ros2-ws-2024/install/drive_cb/lib/python3.10/site-packages:${PYTHONPATH} /usr/bin/python3 -W ignore:setup.py install is deprecated setup.py egg_info --egg-base ../../build/drive_cb build --build-base /home/beachlbl/porter/ros2-ws-2024/build/drive_cb/build install --record /home/beachlbl/porter/ros2-ws-2024/build/drive_cb/install.log --single-version-externally-managed install_data
[6.104s] Level 1:colcon.colcon_core.environment:checking '/home/beachlbl/porter/ros2-ws-2024/install/drive_cb' for CMake module files
[6.107s] Level 1:colcon.colcon_core.environment:checking '/home/beachlbl/porter/ros2-ws-2024/install/drive_cb' for CMake config files
[6.111s] Level 1:colcon.colcon_core.environment:checking '/home/beachlbl/porter/ros2-ws-2024/install/drive_cb/lib'
[6.112s] Level 1:colcon.colcon_core.environment:checking '/home/beachlbl/porter/ros2-ws-2024/install/drive_cb/bin'
[6.113s] Level 1:colcon.colcon_core.environment:checking '/home/beachlbl/porter/ros2-ws-2024/install/drive_cb/lib/pkgconfig/drive_cb.pc'
[6.114s] Level 1:colcon.colcon_core.environment:checking '/home/beachlbl/porter/ros2-ws-2024/install/drive_cb/lib/python3.10/site-packages'
[6.114s] Level 1:colcon.colcon_core.shell:create_environment_hook('drive_cb', 'pythonpath')
[6.115s] INFO:colcon.colcon_core.shell:Creating environment hook '/home/beachlbl/porter/ros2-ws-2024/install/drive_cb/share/drive_cb/hook/pythonpath.ps1'
[6.117s] INFO:colcon.colcon_core.shell:Creating environment descriptor '/home/beachlbl/porter/ros2-ws-2024/install/drive_cb/share/drive_cb/hook/pythonpath.dsv'
[6.118s] INFO:colcon.colcon_core.shell:Creating environment hook '/home/beachlbl/porter/ros2-ws-2024/install/drive_cb/share/drive_cb/hook/pythonpath.sh'
[6.121s] Level 1:colcon.colcon_core.environment:checking '/home/beachlbl/porter/ros2-ws-2024/install/drive_cb/bin'
[6.121s] Level 1:colcon.colcon_core.environment:create_environment_scripts_only(drive_cb)
[6.122s] INFO:colcon.colcon_core.shell:Creating package script '/home/beachlbl/porter/ros2-ws-2024/install/drive_cb/share/drive_cb/package.ps1'
[6.126s] INFO:colcon.colcon_core.shell:Creating package descriptor '/home/beachlbl/porter/ros2-ws-2024/install/drive_cb/share/drive_cb/package.dsv'
[6.128s] INFO:colcon.colcon_core.shell:Creating package script '/home/beachlbl/porter/ros2-ws-2024/install/drive_cb/share/drive_cb/package.sh'
[6.132s] INFO:colcon.colcon_core.shell:Creating package script '/home/beachlbl/porter/ros2-ws-2024/install/drive_cb/share/drive_cb/package.bash'
[6.135s] INFO:colcon.colcon_core.shell:Creating package script '/home/beachlbl/porter/ros2-ws-2024/install/drive_cb/share/drive_cb/package.zsh'
[6.138s] Level 1:colcon.colcon_core.environment:create_file_with_runtime_dependencies(/home/beachlbl/porter/ros2-ws-2024/install/drive_cb/share/colcon-core/packages/drive_cb)
[6.139s] DEBUG:colcon.colcon_parallel_executor.executor.parallel:closing loop
[6.140s] DEBUG:colcon.colcon_parallel_executor.executor.parallel:loop closed
[6.140s] DEBUG:colcon.colcon_parallel_executor.executor.parallel:run_until_complete finished with '0'
[6.141s] DEBUG:colcon.colcon_core.event_reactor:joining thread
[6.163s] INFO:colcon.colcon_core.plugin_system:Skipping extension 'colcon_notification.desktop_notification.terminal_notifier': Not used on non-Darwin systems
[6.164s] INFO:colcon.colcon_core.plugin_system:Skipping extension 'colcon_notification.desktop_notification.win32': Not used on non-Windows systems
[6.164s] INFO:colcon.colcon_notification.desktop_notification:Sending desktop notification using 'notify2'
[6.167s] DEBUG:colcon.colcon_notification.desktop_notification.notify2:Failed to initialize notify2: org.freedesktop.DBus.Error.ServiceUnknown: The name org.freedesktop.Notifications was not provided by any .service files
[6.167s] DEBUG:colcon.colcon_core.event_reactor:joined thread
[6.168s] INFO:colcon.colcon_core.shell:Creating prefix script '/home/beachlbl/porter/ros2-ws-2024/install/local_setup.ps1'
[6.172s] INFO:colcon.colcon_core.shell:Creating prefix util module '/home/beachlbl/porter/ros2-ws-2024/install/_local_setup_util_ps1.py'
[6.178s] INFO:colcon.colcon_core.shell:Creating prefix chain script '/home/beachlbl/porter/ros2-ws-2024/install/setup.ps1'
[6.185s] INFO:colcon.colcon_core.shell:Creating prefix script '/home/beachlbl/porter/ros2-ws-2024/install/local_setup.sh'
[6.187s] INFO:colcon.colcon_core.shell:Creating prefix util module '/home/beachlbl/porter/ros2-ws-2024/install/_local_setup_util_sh.py'
[6.189s] INFO:colcon.colcon_core.shell:Creating prefix chain script '/home/beachlbl/porter/ros2-ws-2024/install/setup.sh'
[6.195s] INFO:colcon.colcon_core.shell:Creating prefix script '/home/beachlbl/porter/ros2-ws-2024/install/local_setup.bash'
[6.197s] INFO:colcon.colcon_core.shell:Creating prefix chain script '/home/beachlbl/porter/ros2-ws-2024/install/setup.bash'
[6.203s] INFO:colcon.colcon_core.shell:Creating prefix script '/home/beachlbl/porter/ros2-ws-2024/install/local_setup.zsh'
[6.205s] INFO:colcon.colcon_core.shell:Creating prefix chain script '/home/beachlbl/porter/ros2-ws-2024/install/setup.zsh'
