[0.606s] DEBUG:colcon:Command line arguments: ['/usr/bin/colcon', 'build', '--build-base', 'build', '--install-base', 'install', '--packages-select', 'drive_ex']
[0.606s] DEBUG:colcon:Command line arguments: ['/usr/bin/colcon', 'build', '--build-base', 'build', '--install-base', 'install', '--packages-select', 'drive_cb']
[0.607s] DEBUG:colcon:Parsed command line arguments: Namespace(log_base=None, log_level=None, verb_name='build', build_base='/home/beachlbl/porter/ros2-ws-2024/build', install_base='/home/beachlbl/porter/ros2-ws-2024/install', merge_install=False, symlink_install=False, test_result_base=None, continue_on_error=False, executor='parallel', parallel_workers=4, event_handlers=None, ignore_user_meta=False, metas=['./colcon.meta'], base_paths=['.'], packages_ignore=None, packages_ignore_regex=None, paths=None, packages_up_to=None, packages_up_to_regex=None, packages_above=None, packages_above_and_dependencies=None, packages_above_depth=None, packages_select_by_dep=None, packages_skip_by_dep=None, packages_skip_up_to=None, packages_select_build_failed=False, packages_skip_build_finished=False, packages_select_test_failures=False, packages_skip_test_passed=False, packages_select=['drive_ex'], packages_skip=None, packages_select_regex=None, packages_skip_regex=None, packages_start=None, packages_end=None, allow_overriding=[], cmake_args=None, cmake_target=None, cmake_target_skip_unavailable=False, cmake_clean_cache=False, cmake_clean_first=False, cmake_force_configure=False, ament_cmake_args=None, catkin_cmake_args=None, catkin_skip_building_tests=False, verb_parser=<colcon_defaults.argument_parser.defaults.DefaultArgumentsDecorator object at 0xffff83285360>, verb_extension=<colcon_core.verb.build.BuildVerb object at 0xffff833b2860>, main=<bound method BuildVerb.main of <colcon_core.verb.build.BuildVerb object at 0xffff833b2860>>)
[0.607s] DEBUG:colcon:Parsed command line arguments: Namespace(log_base=None, log_level=None, verb_name='build', build_base='/home/beachlbl/porter/ros2-ws-2024/build', install_base='/home/beachlbl/porter/ros2-ws-2024/install', merge_install=False, symlink_install=False, test_result_base=None, continue_on_error=False, executor='parallel', parallel_workers=4, event_handlers=None, ignore_user_meta=False, metas=['./colcon.meta'], base_paths=['.'], packages_ignore=None, packages_ignore_regex=None, paths=None, packages_up_to=None, packages_up_to_regex=None, packages_above=None, packages_above_and_dependencies=None, packages_above_depth=None, packages_select_by_dep=None, packages_skip_by_dep=None, packages_skip_up_to=None, packages_select_build_failed=False, packages_skip_build_finished=False, packages_select_test_failures=False, packages_skip_test_passed=False, packages_select=['drive_cb'], packages_skip=None, packages_select_regex=None, packages_skip_regex=None, packages_start=None, packages_end=None, allow_overriding=[], cmake_args=None, cmake_target=None, cmake_target_skip_unavailable=False, cmake_clean_cache=False, cmake_clean_first=False, cmake_force_configure=False, ament_cmake_args=None, catkin_cmake_args=None, catkin_skip_building_tests=False, verb_parser=<colcon_defaults.argument_parser.defaults.DefaultArgumentsDecorator object at 0xffff8b9f5360>, verb_extension=<colcon_core.verb.build.BuildVerb object at 0xffff8bb22860>, main=<bound method BuildVerb.main of <colcon_core.verb.build.BuildVerb object at 0xffff8bb22860>>)
[1.817s] Level 1:colcon.colcon_core.package_discovery:discover_packages(colcon_meta) check parameters
[1.817s] Level 1:colcon.colcon_core.package_discovery:discover_packages(recursive) check parameters
[1.818s] Level 1:colcon.colcon_core.package_discovery:discover_packages(ignore) check parameters
[1.818s] Level 1:colcon.colcon_core.package_discovery:discover_packages(path) check parameters
[1.818s] Level 1:colcon.colcon_core.package_discovery:discover_packages(colcon_meta) discover
[1.818s] Level 1:colcon.colcon_core.package_discovery:discover_packages(recursive) discover
[1.819s] INFO:colcon.colcon_core.package_discovery:Crawling recursively for packages in '/home/beachlbl/porter/ros2-ws-2024'
[1.819s] Level 1:colcon.colcon_core.package_discovery:discover_packages(colcon_meta) check parameters
[1.819s] Level 1:colcon.colcon_core.package_discovery:discover_packages(recursive) check parameters
[1.819s] Level 1:colcon.colcon_core.package_identification:_identify(.) by extensions ['ignore', 'ignore_ament_install']
[1.820s] Level 1:colcon.colcon_core.package_discovery:discover_packages(ignore) check parameters
[1.820s] Level 1:colcon.colcon_core.package_discovery:discover_packages(path) check parameters
[1.820s] Level 1:colcon.colcon_core.package_identification:_identify(.) by extension 'ignore'
[1.820s] Level 1:colcon.colcon_core.package_discovery:discover_packages(colcon_meta) discover
[1.820s] Level 1:colcon.colcon_core.package_identification:_identify(.) by extension 'ignore_ament_install'
[1.820s] Level 1:colcon.colcon_core.package_discovery:discover_packages(recursive) discover
[1.821s] INFO:colcon.colcon_core.package_discovery:Crawling recursively for packages in '/home/beachlbl/porter/ros2-ws-2024'
[1.821s] Level 1:colcon.colcon_core.package_identification:_identify(.) by extensions ['colcon_pkg']
[1.821s] Level 1:colcon.colcon_core.package_identification:_identify(.) by extension 'colcon_pkg'
[1.821s] Level 1:colcon.colcon_core.package_identification:_identify(.) by extensions ['colcon_meta']
[1.821s] Level 1:colcon.colcon_core.package_identification:_identify(.) by extensions ['ignore', 'ignore_ament_install']
[1.822s] Level 1:colcon.colcon_core.package_identification:_identify(.) by extension 'colcon_meta'
[1.822s] Level 1:colcon.colcon_core.package_identification:_identify(.) by extensions ['ros']
[1.822s] Level 1:colcon.colcon_core.package_identification:_identify(.) by extension 'ignore'
[1.822s] Level 1:colcon.colcon_core.package_identification:_identify(.) by extension 'ros'
[1.822s] Level 1:colcon.colcon_core.package_identification:_identify(.) by extension 'ignore_ament_install'
[1.823s] Level 1:colcon.colcon_core.package_identification:_identify(.) by extensions ['colcon_pkg']
[1.823s] Level 1:colcon.colcon_core.package_identification:_identify(.) by extension 'colcon_pkg'
[1.823s] Level 1:colcon.colcon_core.package_identification:_identify(.) by extensions ['colcon_meta']
[1.823s] Level 1:colcon.colcon_core.package_identification:_identify(.) by extension 'colcon_meta'
[1.824s] Level 1:colcon.colcon_core.package_identification:_identify(.) by extensions ['ros']
[1.824s] Level 1:colcon.colcon_core.package_identification:_identify(.) by extension 'ros'
[1.885s] Level 1:colcon.colcon_core.package_identification:_identify(.) by extensions ['cmake', 'python']
[1.885s] Level 1:colcon.colcon_core.package_identification:_identify(.) by extension 'cmake'
[1.885s] Level 1:colcon.colcon_core.package_identification:_identify(.) by extension 'python'
[1.886s] Level 1:colcon.colcon_core.package_identification:_identify(.) by extensions ['python_setup_py']
[1.886s] Level 1:colcon.colcon_core.package_identification:_identify(.) by extensions ['cmake', 'python']
[1.886s] Level 1:colcon.colcon_core.package_identification:_identify(.) by extension 'python_setup_py'
[1.886s] Level 1:colcon.colcon_core.package_identification:_identify(.) by extension 'cmake'
[1.887s] Level 1:colcon.colcon_core.package_identification:_identify(.) by extension 'python'
[1.887s] Level 1:colcon.colcon_core.package_identification:_identify(.) by extensions ['python_setup_py']
[1.887s] Level 1:colcon.colcon_core.package_identification:_identify(build) by extensions ['ignore', 'ignore_ament_install']
[1.887s] Level 1:colcon.colcon_core.package_identification:_identify(.) by extension 'python_setup_py'
[1.888s] Level 1:colcon.colcon_core.package_identification:_identify(build) by extension 'ignore'
[1.888s] Level 1:colcon.colcon_core.package_identification:_identify(build) ignored
[1.888s] Level 1:colcon.colcon_core.package_identification:_identify(build) by extensions ['ignore', 'ignore_ament_install']
[1.889s] Level 1:colcon.colcon_core.package_identification:_identify(build) by extension 'ignore'
[1.889s] Level 1:colcon.colcon_core.package_identification:_identify(install) by extensions ['ignore', 'ignore_ament_install']
[1.889s] Level 1:colcon.colcon_core.package_identification:_identify(build) ignored
[1.890s] Level 1:colcon.colcon_core.package_identification:_identify(install) by extension 'ignore'
[1.890s] Level 1:colcon.colcon_core.package_identification:_identify(install) ignored
[1.890s] Level 1:colcon.colcon_core.package_identification:_identify(install) by extensions ['ignore', 'ignore_ament_install']
[1.890s] Level 1:colcon.colcon_core.package_identification:_identify(launch) by extensions ['ignore', 'ignore_ament_install']
[1.891s] Level 1:colcon.colcon_core.package_identification:_identify(install) by extension 'ignore'
[1.891s] Level 1:colcon.colcon_core.package_identification:_identify(install) ignored
[1.891s] Level 1:colcon.colcon_core.package_identification:_identify(launch) by extension 'ignore'
[1.892s] Level 1:colcon.colcon_core.package_identification:_identify(launch) by extension 'ignore_ament_install'
[1.892s] Level 1:colcon.colcon_core.package_identification:_identify(launch) by extensions ['ignore', 'ignore_ament_install']
[1.892s] Level 1:colcon.colcon_core.package_identification:_identify(launch) by extensions ['colcon_pkg']
[1.892s] Level 1:colcon.colcon_core.package_identification:_identify(launch) by extension 'colcon_pkg'
[1.892s] Level 1:colcon.colcon_core.package_identification:_identify(launch) by extension 'ignore'
[1.892s] Level 1:colcon.colcon_core.package_identification:_identify(launch) by extensions ['colcon_meta']
[1.892s] Level 1:colcon.colcon_core.package_identification:_identify(launch) by extension 'ignore_ament_install'
[1.893s] Level 1:colcon.colcon_core.package_identification:_identify(launch) by extension 'colcon_meta'
[1.893s] Level 1:colcon.colcon_core.package_identification:_identify(launch) by extensions ['colcon_pkg']
[1.893s] Level 1:colcon.colcon_core.package_identification:_identify(launch) by extensions ['ros']
[1.893s] Level 1:colcon.colcon_core.package_identification:_identify(launch) by extension 'colcon_pkg'
[1.893s] Level 1:colcon.colcon_core.package_identification:_identify(launch) by extension 'ros'
[1.893s] Level 1:colcon.colcon_core.package_identification:_identify(launch) by extensions ['colcon_meta']
[1.894s] Level 1:colcon.colcon_core.package_identification:_identify(launch) by extension 'colcon_meta'
[1.894s] Level 1:colcon.colcon_core.package_identification:_identify(launch) by extensions ['cmake', 'python']
[1.894s] Level 1:colcon.colcon_core.package_identification:_identify(launch) by extension 'cmake'
[1.894s] Level 1:colcon.colcon_core.package_identification:_identify(launch) by extensions ['ros']
[1.894s] Level 1:colcon.colcon_core.package_identification:_identify(launch) by extension 'ros'
[1.894s] Level 1:colcon.colcon_core.package_identification:_identify(launch) by extension 'python'
[1.895s] Level 1:colcon.colcon_core.package_identification:_identify(launch) by extensions ['python_setup_py']
[1.895s] Level 1:colcon.colcon_core.package_identification:_identify(launch) by extensions ['cmake', 'python']
[1.895s] Level 1:colcon.colcon_core.package_identification:_identify(launch) by extension 'python_setup_py'
[1.895s] Level 1:colcon.colcon_core.package_identification:_identify(launch) by extension 'cmake'
[1.895s] Level 1:colcon.colcon_core.package_identification:_identify(launch) by extension 'python'
[1.896s] Level 1:colcon.colcon_core.package_identification:_identify(launch) by extensions ['python_setup_py']
[1.896s] Level 1:colcon.colcon_core.package_identification:_identify(launch) by extension 'python_setup_py'
[1.905s] Level 1:colcon.colcon_core.package_identification:_identify(log) by extensions ['ignore', 'ignore_ament_install']
[1.906s] Level 1:colcon.colcon_core.package_identification:_identify(log) by extension 'ignore'
[1.906s] Level 1:colcon.colcon_core.package_identification:_identify(log) by extensions ['ignore', 'ignore_ament_install']
[1.906s] Level 1:colcon.colcon_core.package_identification:_identify(log) ignored
[1.907s] Level 1:colcon.colcon_core.package_identification:_identify(log) by extension 'ignore'
[1.907s] Level 1:colcon.colcon_core.package_identification:_identify(scripts) by extensions ['ignore', 'ignore_ament_install']
[1.907s] Level 1:colcon.colcon_core.package_identification:_identify(log) ignored
[1.908s] Level 1:colcon.colcon_core.package_identification:_identify(scripts) by extension 'ignore'
[1.908s] Level 1:colcon.colcon_core.package_identification:_identify(scripts) by extensions ['ignore', 'ignore_ament_install']
[1.908s] Level 1:colcon.colcon_core.package_identification:_identify(scripts) by extension 'ignore_ament_install'
[1.909s] Level 1:colcon.colcon_core.package_identification:_identify(scripts) by extension 'ignore'
[1.909s] Level 1:colcon.colcon_core.package_identification:_identify(scripts) by extensions ['colcon_pkg']
[1.909s] Level 1:colcon.colcon_core.package_identification:_identify(scripts) by extension 'colcon_pkg'
[1.909s] Level 1:colcon.colcon_core.package_identification:_identify(scripts) by extension 'ignore_ament_install'
[1.909s] Level 1:colcon.colcon_core.package_identification:_identify(scripts) by extensions ['colcon_meta']
[1.910s] Level 1:colcon.colcon_core.package_identification:_identify(scripts) by extensions ['colcon_pkg']
[1.910s] Level 1:colcon.colcon_core.package_identification:_identify(scripts) by extension 'colcon_meta'
[1.910s] Level 1:colcon.colcon_core.package_identification:_identify(scripts) by extension 'colcon_pkg'
[1.910s] Level 1:colcon.colcon_core.package_identification:_identify(scripts) by extensions ['ros']
[1.910s] Level 1:colcon.colcon_core.package_identification:_identify(scripts) by extensions ['colcon_meta']
[1.910s] Level 1:colcon.colcon_core.package_identification:_identify(scripts) by extension 'ros'
[1.911s] Level 1:colcon.colcon_core.package_identification:_identify(scripts) by extension 'colcon_meta'
[1.911s] Level 1:colcon.colcon_core.package_identification:_identify(scripts) by extensions ['ros']
[1.911s] Level 1:colcon.colcon_core.package_identification:_identify(scripts) by extensions ['cmake', 'python']
[1.911s] Level 1:colcon.colcon_core.package_identification:_identify(scripts) by extension 'ros'
[1.911s] Level 1:colcon.colcon_core.package_identification:_identify(scripts) by extension 'cmake'
[1.912s] Level 1:colcon.colcon_core.package_identification:_identify(scripts) by extension 'python'
[1.912s] Level 1:colcon.colcon_core.package_identification:_identify(scripts) by extensions ['cmake', 'python']
[1.912s] Level 1:colcon.colcon_core.package_identification:_identify(scripts) by extensions ['python_setup_py']
[1.912s] Level 1:colcon.colcon_core.package_identification:_identify(scripts) by extension 'python_setup_py'
[1.912s] Level 1:colcon.colcon_core.package_identification:_identify(scripts) by extension 'cmake'
[1.913s] Level 1:colcon.colcon_core.package_identification:_identify(scripts) by extension 'python'
[1.913s] Level 1:colcon.colcon_core.package_identification:_identify(scripts) by extensions ['python_setup_py']
[1.913s] Level 1:colcon.colcon_core.package_identification:_identify(src) by extensions ['ignore', 'ignore_ament_install']
[1.913s] Level 1:colcon.colcon_core.package_identification:_identify(scripts) by extension 'python_setup_py'
[1.914s] Level 1:colcon.colcon_core.package_identification:_identify(src) by extension 'ignore'
[1.914s] Level 1:colcon.colcon_core.package_identification:_identify(src) by extension 'ignore_ament_install'
[1.914s] Level 1:colcon.colcon_core.package_identification:_identify(src) by extensions ['ignore', 'ignore_ament_install']
[1.915s] Level 1:colcon.colcon_core.package_identification:_identify(src) by extensions ['colcon_pkg']
[1.915s] Level 1:colcon.colcon_core.package_identification:_identify(src) by extension 'ignore'
[1.915s] Level 1:colcon.colcon_core.package_identification:_identify(src) by extension 'colcon_pkg'
[1.915s] Level 1:colcon.colcon_core.package_identification:_identify(src) by extension 'ignore_ament_install'
[1.916s] Level 1:colcon.colcon_core.package_identification:_identify(src) by extensions ['colcon_meta']
[1.916s] Level 1:colcon.colcon_core.package_identification:_identify(src) by extension 'colcon_meta'
[1.916s] Level 1:colcon.colcon_core.package_identification:_identify(src) by extensions ['colcon_pkg']
[1.916s] Level 1:colcon.colcon_core.package_identification:_identify(src) by extension 'colcon_pkg'
[1.916s] Level 1:colcon.colcon_core.package_identification:_identify(src) by extensions ['ros']
[1.917s] Level 1:colcon.colcon_core.package_identification:_identify(src) by extension 'ros'
[1.917s] Level 1:colcon.colcon_core.package_identification:_identify(src) by extensions ['colcon_meta']
[1.917s] Level 1:colcon.colcon_core.package_identification:_identify(src) by extension 'colcon_meta'
[1.917s] Level 1:colcon.colcon_core.package_identification:_identify(src) by extensions ['cmake', 'python']
[1.918s] Level 1:colcon.colcon_core.package_identification:_identify(src) by extensions ['ros']
[1.918s] Level 1:colcon.colcon_core.package_identification:_identify(src) by extension 'cmake'
[1.918s] Level 1:colcon.colcon_core.package_identification:_identify(src) by extension 'ros'
[1.918s] Level 1:colcon.colcon_core.package_identification:_identify(src) by extension 'python'
[1.918s] Level 1:colcon.colcon_core.package_identification:_identify(src) by extensions ['cmake', 'python']
[1.919s] Level 1:colcon.colcon_core.package_identification:_identify(src) by extensions ['python_setup_py']
[1.919s] Level 1:colcon.colcon_core.package_identification:_identify(src) by extension 'python_setup_py'
[1.919s] Level 1:colcon.colcon_core.package_identification:_identify(src) by extension 'cmake'
[1.919s] Level 1:colcon.colcon_core.package_identification:_identify(src) by extension 'python'
[1.920s] Level 1:colcon.colcon_core.package_identification:_identify(src) by extensions ['python_setup_py']
[1.920s] Level 1:colcon.colcon_core.package_identification:_identify(src/camera_test) by extensions ['ignore', 'ignore_ament_install']
[1.920s] Level 1:colcon.colcon_core.package_identification:_identify(src) by extension 'python_setup_py'
[1.920s] Level 1:colcon.colcon_core.package_identification:_identify(src/camera_test) by extension 'ignore'
[1.921s] Level 1:colcon.colcon_core.package_identification:_identify(src/camera_test) by extension 'ignore_ament_install'
[1.921s] Level 1:colcon.colcon_core.package_identification:_identify(src/camera_test) by extensions ['ignore', 'ignore_ament_install']
[1.921s] Level 1:colcon.colcon_core.package_identification:_identify(src/camera_test) by extensions ['colcon_pkg']
[1.921s] Level 1:colcon.colcon_core.package_identification:_identify(src/camera_test) by extension 'colcon_pkg'
[1.922s] Level 1:colcon.colcon_core.package_identification:_identify(src/camera_test) by extension 'ignore'
[1.922s] Level 1:colcon.colcon_core.package_identification:_identify(src/camera_test) by extension 'ignore_ament_install'
[1.922s] Level 1:colcon.colcon_core.package_identification:_identify(src/camera_test) by extensions ['colcon_meta']
[1.922s] Level 1:colcon.colcon_core.package_identification:_identify(src/camera_test) by extension 'colcon_meta'
[1.922s] Level 1:colcon.colcon_core.package_identification:_identify(src/camera_test) by extensions ['colcon_pkg']
[1.923s] Level 1:colcon.colcon_core.package_identification:_identify(src/camera_test) by extensions ['ros']
[1.923s] Level 1:colcon.colcon_core.package_identification:_identify(src/camera_test) by extension 'colcon_pkg'
[1.923s] Level 1:colcon.colcon_core.package_identification:_identify(src/camera_test) by extension 'ros'
[1.923s] Level 1:colcon.colcon_core.package_identification:_identify(src/camera_test) by extensions ['colcon_meta']
[1.923s] Level 1:colcon.colcon_core.package_identification:_identify(src/camera_test) by extension 'colcon_meta'
[1.924s] Level 1:colcon.colcon_core.package_identification:_identify(src/camera_test) by extensions ['ros']
[1.924s] Level 1:colcon.colcon_core.package_identification:_identify(src/camera_test) by extension 'ros'
[1.936s] DEBUG:colcon.colcon_core.package_identification:Package 'src/camera_test' with type 'ros.ament_python' and name 'camera_test'
[1.937s] DEBUG:colcon.colcon_core.package_identification:Package 'src/camera_test' with type 'ros.ament_python' and name 'camera_test'
[1.937s] Level 1:colcon.colcon_core.package_identification:_identify(src/db_broker) by extensions ['ignore', 'ignore_ament_install']
[1.938s] Level 1:colcon.colcon_core.package_identification:_identify(src/db_broker) by extension 'ignore'
[1.938s] Level 1:colcon.colcon_core.package_identification:_identify(src/db_broker) by extensions ['ignore', 'ignore_ament_install']
[1.938s] Level 1:colcon.colcon_core.package_identification:_identify(src/db_broker) by extension 'ignore_ament_install'
[1.939s] Level 1:colcon.colcon_core.package_identification:_identify(src/db_broker) by extension 'ignore'
[1.939s] Level 1:colcon.colcon_core.package_identification:_identify(src/db_broker) by extensions ['colcon_pkg']
[1.939s] Level 1:colcon.colcon_core.package_identification:_identify(src/db_broker) by extension 'colcon_pkg'
[1.939s] Level 1:colcon.colcon_core.package_identification:_identify(src/db_broker) by extension 'ignore_ament_install'
[1.940s] Level 1:colcon.colcon_core.package_identification:_identify(src/db_broker) by extensions ['colcon_meta']
[1.940s] Level 1:colcon.colcon_core.package_identification:_identify(src/db_broker) by extensions ['colcon_pkg']
[1.940s] Level 1:colcon.colcon_core.package_identification:_identify(src/db_broker) by extension 'colcon_meta'
[1.940s] Level 1:colcon.colcon_core.package_identification:_identify(src/db_broker) by extension 'colcon_pkg'
[1.940s] Level 1:colcon.colcon_core.package_identification:_identify(src/db_broker) by extensions ['ros']
[1.941s] Level 1:colcon.colcon_core.package_identification:_identify(src/db_broker) by extensions ['colcon_meta']
[1.941s] Level 1:colcon.colcon_core.package_identification:_identify(src/db_broker) by extension 'ros'
[1.941s] Level 1:colcon.colcon_core.package_identification:_identify(src/db_broker) by extension 'colcon_meta'
[1.941s] Level 1:colcon.colcon_core.package_identification:_identify(src/db_broker) by extensions ['ros']
[1.941s] Level 1:colcon.colcon_core.package_identification:_identify(src/db_broker) by extension 'ros'
[1.943s] DEBUG:colcon.colcon_core.package_identification:Package 'src/db_broker' with type 'ros.ament_python' and name 'db_broker'
[1.944s] DEBUG:colcon.colcon_core.package_identification:Package 'src/db_broker' with type 'ros.ament_python' and name 'db_broker'
[1.944s] Level 1:colcon.colcon_core.package_identification:_identify(src/drive_cb) by extensions ['ignore', 'ignore_ament_install']
[1.945s] Level 1:colcon.colcon_core.package_identification:_identify(src/drive_cb) by extension 'ignore'
[1.945s] Level 1:colcon.colcon_core.package_identification:_identify(src/drive_cb) by extensions ['ignore', 'ignore_ament_install']
[1.945s] Level 1:colcon.colcon_core.package_identification:_identify(src/drive_cb) by extension 'ignore_ament_install'
[1.946s] Level 1:colcon.colcon_core.package_identification:_identify(src/drive_cb) by extension 'ignore'
[1.946s] Level 1:colcon.colcon_core.package_identification:_identify(src/drive_cb) by extensions ['colcon_pkg']
[1.946s] Level 1:colcon.colcon_core.package_identification:_identify(src/drive_cb) by extension 'ignore_ament_install'
[1.946s] Level 1:colcon.colcon_core.package_identification:_identify(src/drive_cb) by extension 'colcon_pkg'
[1.947s] Level 1:colcon.colcon_core.package_identification:_identify(src/drive_cb) by extensions ['colcon_pkg']
[1.947s] Level 1:colcon.colcon_core.package_identification:_identify(src/drive_cb) by extensions ['colcon_meta']
[1.947s] Level 1:colcon.colcon_core.package_identification:_identify(src/drive_cb) by extension 'colcon_pkg'
[1.947s] Level 1:colcon.colcon_core.package_identification:_identify(src/drive_cb) by extension 'colcon_meta'
[1.947s] Level 1:colcon.colcon_core.package_identification:_identify(src/drive_cb) by extensions ['colcon_meta']
[1.948s] Level 1:colcon.colcon_core.package_identification:_identify(src/drive_cb) by extensions ['ros']
[1.948s] Level 1:colcon.colcon_core.package_identification:_identify(src/drive_cb) by extension 'colcon_meta'
[1.948s] Level 1:colcon.colcon_core.package_identification:_identify(src/drive_cb) by extension 'ros'
[1.948s] Level 1:colcon.colcon_core.package_identification:_identify(src/drive_cb) by extensions ['ros']
[1.948s] Level 1:colcon.colcon_core.package_identification:_identify(src/drive_cb) by extension 'ros'
[1.950s] DEBUG:colcon.colcon_core.package_identification:Package 'src/drive_cb' with type 'ros.ament_python' and name 'drive_cb'
[1.951s] DEBUG:colcon.colcon_core.package_identification:Package 'src/drive_cb' with type 'ros.ament_python' and name 'drive_cb'
[1.951s] Level 1:colcon.colcon_core.package_identification:_identify(src/drive_ex) by extensions ['ignore', 'ignore_ament_install']
[1.952s] Level 1:colcon.colcon_core.package_identification:_identify(src/drive_ex) by extension 'ignore'
[1.952s] Level 1:colcon.colcon_core.package_identification:_identify(src/drive_ex) by extensions ['ignore', 'ignore_ament_install']
[1.952s] Level 1:colcon.colcon_core.package_identification:_identify(src/drive_ex) by extension 'ignore_ament_install'
[1.952s] Level 1:colcon.colcon_core.package_identification:_identify(src/drive_ex) by extension 'ignore'
[1.953s] Level 1:colcon.colcon_core.package_identification:_identify(src/drive_ex) by extensions ['colcon_pkg']
[1.953s] Level 1:colcon.colcon_core.package_identification:_identify(src/drive_ex) by extension 'ignore_ament_install'
[1.953s] Level 1:colcon.colcon_core.package_identification:_identify(src/drive_ex) by extension 'colcon_pkg'
[1.953s] Level 1:colcon.colcon_core.package_identification:_identify(src/drive_ex) by extensions ['colcon_pkg']
[1.954s] Level 1:colcon.colcon_core.package_identification:_identify(src/drive_ex) by extensions ['colcon_meta']
[1.954s] Level 1:colcon.colcon_core.package_identification:_identify(src/drive_ex) by extension 'colcon_pkg'
[1.954s] Level 1:colcon.colcon_core.package_identification:_identify(src/drive_ex) by extension 'colcon_meta'
[1.954s] Level 1:colcon.colcon_core.package_identification:_identify(src/drive_ex) by extensions ['colcon_meta']
[1.954s] Level 1:colcon.colcon_core.package_identification:_identify(src/drive_ex) by extensions ['ros']
[1.954s] Level 1:colcon.colcon_core.package_identification:_identify(src/drive_ex) by extension 'colcon_meta'
[1.954s] Level 1:colcon.colcon_core.package_identification:_identify(src/drive_ex) by extension 'ros'
[1.955s] Level 1:colcon.colcon_core.package_identification:_identify(src/drive_ex) by extensions ['ros']
[1.955s] Level 1:colcon.colcon_core.package_identification:_identify(src/drive_ex) by extension 'ros'
[1.957s] DEBUG:colcon.colcon_core.package_identification:Package 'src/drive_ex' with type 'ros.ament_python' and name 'drive_ex'
[1.958s] DEBUG:colcon.colcon_core.package_identification:Package 'src/drive_ex' with type 'ros.ament_python' and name 'drive_ex'
[1.958s] Level 1:colcon.colcon_core.package_identification:_identify(src/joy_control) by extensions ['ignore', 'ignore_ament_install']
[1.959s] Level 1:colcon.colcon_core.package_identification:_identify(src/joy_control) by extension 'ignore'
[1.959s] Level 1:colcon.colcon_core.package_identification:_identify(src/joy_control) by extensions ['ignore', 'ignore_ament_install']
[1.959s] Level 1:colcon.colcon_core.package_identification:_identify(src/joy_control) by extension 'ignore_ament_install'
[1.959s] Level 1:colcon.colcon_core.package_identification:_identify(src/joy_control) by extension 'ignore'
[1.960s] Level 1:colcon.colcon_core.package_identification:_identify(src/joy_control) by extension 'ignore_ament_install'
[1.960s] Level 1:colcon.colcon_core.package_identification:_identify(src/joy_control) by extensions ['colcon_pkg']
[1.960s] Level 1:colcon.colcon_core.package_identification:_identify(src/joy_control) by extension 'colcon_pkg'
[1.960s] Level 1:colcon.colcon_core.package_identification:_identify(src/joy_control) by extensions ['colcon_pkg']
[1.961s] Level 1:colcon.colcon_core.package_identification:_identify(src/joy_control) by extensions ['colcon_meta']
[1.961s] Level 1:colcon.colcon_core.package_identification:_identify(src/joy_control) by extension 'colcon_pkg'
[1.961s] Level 1:colcon.colcon_core.package_identification:_identify(src/joy_control) by extension 'colcon_meta'
[1.961s] Level 1:colcon.colcon_core.package_identification:_identify(src/joy_control) by extensions ['colcon_meta']
[1.961s] Level 1:colcon.colcon_core.package_identification:_identify(src/joy_control) by extension 'colcon_meta'
[1.961s] Level 1:colcon.colcon_core.package_identification:_identify(src/joy_control) by extensions ['ros']
[1.962s] Level 1:colcon.colcon_core.package_identification:_identify(src/joy_control) by extension 'ros'
[1.962s] Level 1:colcon.colcon_core.package_identification:_identify(src/joy_control) by extensions ['ros']
[1.962s] Level 1:colcon.colcon_core.package_identification:_identify(src/joy_control) by extension 'ros'
[1.964s] DEBUG:colcon.colcon_core.package_identification:Package 'src/joy_control' with type 'ros.ament_python' and name 'joy_control'
[1.964s] DEBUG:colcon.colcon_core.package_identification:Package 'src/joy_control' with type 'ros.ament_python' and name 'joy_control'
[1.965s] Level 1:colcon.colcon_core.package_identification:_identify(src/py_pubsub) by extensions ['ignore', 'ignore_ament_install']
[1.965s] Level 1:colcon.colcon_core.package_identification:_identify(src/py_pubsub) by extensions ['ignore', 'ignore_ament_install']
[1.966s] Level 1:colcon.colcon_core.package_identification:_identify(src/py_pubsub) by extension 'ignore'
[1.966s] Level 1:colcon.colcon_core.package_identification:_identify(src/py_pubsub) by extension 'ignore'
[1.966s] Level 1:colcon.colcon_core.package_identification:_identify(src/py_pubsub) by extension 'ignore_ament_install'
[1.966s] Level 1:colcon.colcon_core.package_identification:_identify(src/py_pubsub) by extension 'ignore_ament_install'
[1.967s] Level 1:colcon.colcon_core.package_identification:_identify(src/py_pubsub) by extensions ['colcon_pkg']
[1.967s] Level 1:colcon.colcon_core.package_identification:_identify(src/py_pubsub) by extensions ['colcon_pkg']
[1.967s] Level 1:colcon.colcon_core.package_identification:_identify(src/py_pubsub) by extension 'colcon_pkg'
[1.967s] Level 1:colcon.colcon_core.package_identification:_identify(src/py_pubsub) by extension 'colcon_pkg'
[1.967s] Level 1:colcon.colcon_core.package_identification:_identify(src/py_pubsub) by extensions ['colcon_meta']
[1.967s] Level 1:colcon.colcon_core.package_identification:_identify(src/py_pubsub) by extensions ['colcon_meta']
[1.968s] Level 1:colcon.colcon_core.package_identification:_identify(src/py_pubsub) by extension 'colcon_meta'
[1.968s] Level 1:colcon.colcon_core.package_identification:_identify(src/py_pubsub) by extension 'colcon_meta'
[1.968s] Level 1:colcon.colcon_core.package_identification:_identify(src/py_pubsub) by extensions ['ros']
[1.968s] Level 1:colcon.colcon_core.package_identification:_identify(src/py_pubsub) by extensions ['ros']
[1.968s] Level 1:colcon.colcon_core.package_identification:_identify(src/py_pubsub) by extension 'ros'
[1.968s] Level 1:colcon.colcon_core.package_identification:_identify(src/py_pubsub) by extension 'ros'
[1.971s] DEBUG:colcon.colcon_core.package_identification:Package 'src/py_pubsub' with type 'ros.ament_python' and name 'py_pubsub'
[1.971s] DEBUG:colcon.colcon_core.package_identification:Package 'src/py_pubsub' with type 'ros.ament_python' and name 'py_pubsub'
[1.972s] Level 1:colcon.colcon_core.package_identification:_identify(src/ui) by extensions ['ignore', 'ignore_ament_install']
[1.972s] Level 1:colcon.colcon_core.package_identification:_identify(src/ui) by extensions ['ignore', 'ignore_ament_install']
[1.972s] Level 1:colcon.colcon_core.package_identification:_identify(src/ui) by extension 'ignore'
[1.972s] Level 1:colcon.colcon_core.package_identification:_identify(src/ui) by extension 'ignore'
[1.973s] Level 1:colcon.colcon_core.package_identification:_identify(src/ui) by extension 'ignore_ament_install'
[1.973s] Level 1:colcon.colcon_core.package_identification:_identify(src/ui) by extension 'ignore_ament_install'
[1.973s] Level 1:colcon.colcon_core.package_identification:_identify(src/ui) by extensions ['colcon_pkg']
[1.973s] Level 1:colcon.colcon_core.package_identification:_identify(src/ui) by extensions ['colcon_pkg']
[1.973s] Level 1:colcon.colcon_core.package_identification:_identify(src/ui) by extension 'colcon_pkg'
[1.973s] Level 1:colcon.colcon_core.package_identification:_identify(src/ui) by extension 'colcon_pkg'
[1.974s] Level 1:colcon.colcon_core.package_identification:_identify(src/ui) by extensions ['colcon_meta']
[1.974s] Level 1:colcon.colcon_core.package_identification:_identify(src/ui) by extensions ['colcon_meta']
[1.974s] Level 1:colcon.colcon_core.package_identification:_identify(src/ui) by extension 'colcon_meta'
[1.974s] Level 1:colcon.colcon_core.package_identification:_identify(src/ui) by extension 'colcon_meta'
[1.974s] Level 1:colcon.colcon_core.package_identification:_identify(src/ui) by extensions ['ros']
[1.974s] Level 1:colcon.colcon_core.package_identification:_identify(src/ui) by extensions ['ros']
[1.974s] Level 1:colcon.colcon_core.package_identification:_identify(src/ui) by extension 'ros'
[1.974s] Level 1:colcon.colcon_core.package_identification:_identify(src/ui) by extension 'ros'
[1.977s] DEBUG:colcon.colcon_core.package_identification:Package 'src/ui' with type 'ros.ament_python' and name 'ui'
[1.977s] DEBUG:colcon.colcon_core.package_identification:Package 'src/ui' with type 'ros.ament_python' and name 'ui'
[1.977s] Level 1:colcon.colcon_core.package_discovery:discover_packages(recursive) using defaults
[1.977s] Level 1:colcon.colcon_core.package_discovery:discover_packages(recursive) using defaults
[1.978s] Level 1:colcon.colcon_core.package_discovery:discover_packages(ignore) discover
[1.978s] Level 1:colcon.colcon_core.package_discovery:discover_packages(ignore) discover
[1.978s] Level 1:colcon.colcon_core.package_discovery:discover_packages(ignore) using defaults
[1.978s] Level 1:colcon.colcon_core.package_discovery:discover_packages(ignore) using defaults
[1.978s] Level 1:colcon.colcon_core.package_discovery:discover_packages(path) discover
[1.978s] Level 1:colcon.colcon_core.package_discovery:discover_packages(path) discover
[1.978s] Level 1:colcon.colcon_core.package_discovery:discover_packages(path) using defaults
[1.978s] Level 1:colcon.colcon_core.package_discovery:discover_packages(path) using defaults
[2.172s] INFO:colcon.colcon_core.package_selection:Skipping not selected package 'camera_test' in 'src/camera_test'
[2.172s] INFO:colcon.colcon_core.package_selection:Skipping not selected package 'camera_test' in 'src/camera_test'
[2.172s] INFO:colcon.colcon_core.package_selection:Skipping not selected package 'db_broker' in 'src/db_broker'
[2.172s] INFO:colcon.colcon_core.package_selection:Skipping not selected package 'db_broker' in 'src/db_broker'
[2.173s] INFO:colcon.colcon_core.package_selection:Skipping not selected package 'drive_cb' in 'src/drive_cb'
[2.173s] INFO:colcon.colcon_core.package_selection:Skipping not selected package 'drive_ex' in 'src/drive_ex'
[2.173s] INFO:colcon.colcon_core.package_selection:Skipping not selected package 'joy_control' in 'src/joy_control'
[2.173s] INFO:colcon.colcon_core.package_selection:Skipping not selected package 'joy_control' in 'src/joy_control'
[2.173s] INFO:colcon.colcon_core.package_selection:Skipping not selected package 'py_pubsub' in 'src/py_pubsub'
[2.173s] INFO:colcon.colcon_core.package_selection:Skipping not selected package 'py_pubsub' in 'src/py_pubsub'
[2.173s] INFO:colcon.colcon_core.package_selection:Skipping not selected package 'ui' in 'src/ui'
[2.173s] INFO:colcon.colcon_core.package_selection:Skipping not selected package 'ui' in 'src/ui'
[2.176s] Level 1:colcon.colcon_core.package_discovery:discover_packages(prefix_path) check parameters
[2.176s] Level 1:colcon.colcon_core.package_discovery:discover_packages(prefix_path) check parameters
[2.176s] Level 1:colcon.colcon_core.package_discovery:discover_packages(prefix_path) discover
[2.176s] Level 1:colcon.colcon_core.package_discovery:discover_packages(prefix_path) discover
[2.192s] DEBUG:colcon.colcon_installed_package_information.package_discovery:Found 7 installed packages in /home/beachlbl/porter/ros2-ws-2024/install
[2.192s] DEBUG:colcon.colcon_installed_package_information.package_discovery:Found 7 installed packages in /home/beachlbl/porter/ros2-ws-2024/install
[2.202s] DEBUG:colcon.colcon_installed_package_information.package_discovery:Found 281 installed packages in /opt/ros/iron
[2.202s] DEBUG:colcon.colcon_installed_package_information.package_discovery:Found 281 installed packages in /opt/ros/iron
[2.210s] Level 1:colcon.colcon_core.package_discovery:discover_packages(prefix_path) using defaults
[2.210s] Level 1:colcon.colcon_core.package_discovery:discover_packages(prefix_path) using defaults
[2.507s] Level 5:colcon.colcon_core.verb:set package 'drive_ex' build argument 'cmake_args' from command line to 'None'
[2.508s] Level 5:colcon.colcon_core.verb:set package 'drive_ex' build argument 'cmake_target' from command line to 'None'
[2.508s] Level 5:colcon.colcon_core.verb:set package 'drive_cb' build argument 'cmake_args' from command line to 'None'
[2.508s] Level 5:colcon.colcon_core.verb:set package 'drive_ex' build argument 'cmake_target_skip_unavailable' from command line to 'False'
[2.508s] Level 5:colcon.colcon_core.verb:set package 'drive_cb' build argument 'cmake_target' from command line to 'None'
[2.508s] Level 5:colcon.colcon_core.verb:set package 'drive_ex' build argument 'cmake_clean_cache' from command line to 'False'
[2.508s] Level 5:colcon.colcon_core.verb:set package 'drive_cb' build argument 'cmake_target_skip_unavailable' from command line to 'False'
[2.508s] Level 5:colcon.colcon_core.verb:set package 'drive_ex' build argument 'cmake_clean_first' from command line to 'False'
[2.508s] Level 5:colcon.colcon_core.verb:set package 'drive_cb' build argument 'cmake_clean_cache' from command line to 'False'
[2.508s] Level 5:colcon.colcon_core.verb:set package 'drive_cb' build argument 'cmake_clean_first' from command line to 'False'
[2.508s] Level 5:colcon.colcon_core.verb:set package 'drive_ex' build argument 'cmake_force_configure' from command line to 'False'
[2.508s] Level 5:colcon.colcon_core.verb:set package 'drive_cb' build argument 'cmake_force_configure' from command line to 'False'
[2.508s] Level 5:colcon.colcon_core.verb:set package 'drive_ex' build argument 'ament_cmake_args' from command line to 'None'
[2.509s] Level 5:colcon.colcon_core.verb:set package 'drive_cb' build argument 'ament_cmake_args' from command line to 'None'
[2.509s] Level 5:colcon.colcon_core.verb:set package 'drive_ex' build argument 'catkin_cmake_args' from command line to 'None'
[2.509s] Level 5:colcon.colcon_core.verb:set package 'drive_ex' build argument 'catkin_skip_building_tests' from command line to 'False'
[2.509s] Level 5:colcon.colcon_core.verb:set package 'drive_cb' build argument 'catkin_cmake_args' from command line to 'None'
[2.509s] Level 5:colcon.colcon_core.verb:set package 'drive_cb' build argument 'catkin_skip_building_tests' from command line to 'False'
[2.509s] DEBUG:colcon.colcon_core.verb:Building package 'drive_ex' with the following arguments: {'ament_cmake_args': None, 'build_base': '/home/beachlbl/porter/ros2-ws-2024/build/drive_ex', 'catkin_cmake_args': None, 'catkin_skip_building_tests': False, 'cmake_args': None, 'cmake_clean_cache': False, 'cmake_clean_first': False, 'cmake_force_configure': False, 'cmake_target': None, 'cmake_target_skip_unavailable': False, 'install_base': '/home/beachlbl/porter/ros2-ws-2024/install/drive_ex', 'merge_install': False, 'path': '/home/beachlbl/porter/ros2-ws-2024/src/drive_ex', 'symlink_install': False, 'test_result_base': None}
[2.509s] DEBUG:colcon.colcon_core.verb:Building package 'drive_cb' with the following arguments: {'ament_cmake_args': None, 'build_base': '/home/beachlbl/porter/ros2-ws-2024/build/drive_cb', 'catkin_cmake_args': None, 'catkin_skip_building_tests': False, 'cmake_args': None, 'cmake_clean_cache': False, 'cmake_clean_first': False, 'cmake_force_configure': False, 'cmake_target': None, 'cmake_target_skip_unavailable': False, 'install_base': '/home/beachlbl/porter/ros2-ws-2024/install/drive_cb', 'merge_install': False, 'path': '/home/beachlbl/porter/ros2-ws-2024/src/drive_cb', 'symlink_install': False, 'test_result_base': None}
[2.510s] INFO:colcon.colcon_core.executor:Executing jobs using 'parallel' executor
[2.510s] INFO:colcon.colcon_core.executor:Executing jobs using 'parallel' executor
[2.515s] DEBUG:colcon.colcon_parallel_executor.executor.parallel:run_until_complete
[2.515s] DEBUG:colcon.colcon_parallel_executor.executor.parallel:run_until_complete
[2.516s] INFO:colcon.colcon_ros.task.ament_python.build:Building ROS package in '/home/beachlbl/porter/ros2-ws-2024/src/drive_ex' with build type 'ament_python'
[2.517s] INFO:colcon.colcon_ros.task.ament_python.build:Building ROS package in '/home/beachlbl/porter/ros2-ws-2024/src/drive_cb' with build type 'ament_python'
[2.517s] Level 1:colcon.colcon_core.shell:create_environment_hook('drive_cb', 'ament_prefix_path')
[2.517s] Level 1:colcon.colcon_core.shell:create_environment_hook('drive_ex', 'ament_prefix_path')
[2.532s] INFO:colcon.colcon_core.plugin_system:Skipping extension 'colcon_core.shell.bat': Not used on non-Windows systems
[2.533s] INFO:colcon.colcon_core.plugin_system:Skipping extension 'colcon_core.shell.bat': Not used on non-Windows systems
[2.534s] INFO:colcon.colcon_core.shell:Creating environment hook '/home/beachlbl/porter/ros2-ws-2024/install/drive_cb/share/drive_cb/hook/ament_prefix_path.ps1'
[2.535s] INFO:colcon.colcon_core.shell:Creating environment hook '/home/beachlbl/porter/ros2-ws-2024/install/drive_ex/share/drive_ex/hook/ament_prefix_path.ps1'
[2.537s] INFO:colcon.colcon_core.shell:Creating environment descriptor '/home/beachlbl/porter/ros2-ws-2024/install/drive_cb/share/drive_cb/hook/ament_prefix_path.dsv'
[2.538s] INFO:colcon.colcon_core.shell:Creating environment descriptor '/home/beachlbl/porter/ros2-ws-2024/install/drive_ex/share/drive_ex/hook/ament_prefix_path.dsv'
[2.540s] INFO:colcon.colcon_core.shell:Creating environment hook '/home/beachlbl/porter/ros2-ws-2024/install/drive_cb/share/drive_cb/hook/ament_prefix_path.sh'
[2.541s] INFO:colcon.colcon_core.shell:Creating environment hook '/home/beachlbl/porter/ros2-ws-2024/install/drive_ex/share/drive_ex/hook/ament_prefix_path.sh'
[2.544s] INFO:colcon.colcon_core.shell:Skip shell extension 'powershell' for command environment: Not usable outside of PowerShell
[2.544s] DEBUG:colcon.colcon_core.shell:Skip shell extension 'dsv' for command environment
[2.545s] INFO:colcon.colcon_core.shell:Skip shell extension 'powershell' for command environment: Not usable outside of PowerShell
[2.546s] DEBUG:colcon.colcon_core.shell:Skip shell extension 'dsv' for command environment
[4.210s] INFO:colcon.colcon_core.task.python.build:Building Python package in '/home/beachlbl/porter/ros2-ws-2024/src/drive_ex'
[4.212s] INFO:colcon.colcon_core.shell:Skip shell extension 'powershell' for command environment: Not usable outside of PowerShell
[4.212s] DEBUG:colcon.colcon_core.shell:Skip shell extension 'dsv' for command environment
[4.224s] INFO:colcon.colcon_core.task.python.build:Building Python package in '/home/beachlbl/porter/ros2-ws-2024/src/drive_cb'
[4.225s] INFO:colcon.colcon_core.shell:Skip shell extension 'powershell' for command environment: Not usable outside of PowerShell
[4.225s] DEBUG:colcon.colcon_core.shell:Skip shell extension 'dsv' for command environment
[6.173s] DEBUG:colcon.colcon_core.event_handler.log_command:Invoking command in '/home/beachlbl/porter/ros2-ws-2024/src/drive_ex': PYTHONPATH=/home/beachlbl/porter/ros2-ws-2024/build/drive_ex/prefix_override:/home/beachlbl/porter/ros2-ws-2024/install/drive_ex/lib/python3.10/site-packages:${PYTHONPATH} /usr/bin/python3 -W ignore:setup.py install is deprecated setup.py egg_info --egg-base ../../build/drive_ex build --build-base /home/beachlbl/porter/ros2-ws-2024/build/drive_ex/build install --record /home/beachlbl/porter/ros2-ws-2024/build/drive_ex/install.log --single-version-externally-managed install_data
[6.176s] DEBUG:colcon.colcon_core.event_handler.log_command:Invoking command in '/home/beachlbl/porter/ros2-ws-2024/src/drive_cb': PYTHONPATH=/home/beachlbl/porter/ros2-ws-2024/build/drive_cb/prefix_override:/home/beachlbl/porter/ros2-ws-2024/install/drive_cb/lib/python3.10/site-packages:${PYTHONPATH} /usr/bin/python3 -W ignore:setup.py install is deprecated setup.py egg_info --egg-base ../../build/drive_cb build --build-base /home/beachlbl/porter/ros2-ws-2024/build/drive_cb/build install --record /home/beachlbl/porter/ros2-ws-2024/build/drive_cb/install.log --single-version-externally-managed install_data
[7.796s] DEBUG:colcon.colcon_core.event_handler.log_command:Invoked command in '/home/beachlbl/porter/ros2-ws-2024/src/drive_cb' returned '0': PYTHONPATH=/home/beachlbl/porter/ros2-ws-2024/build/drive_cb/prefix_override:/home/beachlbl/porter/ros2-ws-2024/install/drive_cb/lib/python3.10/site-packages:${PYTHONPATH} /usr/bin/python3 -W ignore:setup.py install is deprecated setup.py egg_info --egg-base ../../build/drive_cb build --build-base /home/beachlbl/porter/ros2-ws-2024/build/drive_cb/build install --record /home/beachlbl/porter/ros2-ws-2024/build/drive_cb/install.log --single-version-externally-managed install_data
[7.796s] DEBUG:colcon.colcon_core.event_handler.log_command:Invoked command in '/home/beachlbl/porter/ros2-ws-2024/src/drive_ex' returned '0': PYTHONPATH=/home/beachlbl/porter/ros2-ws-2024/build/drive_ex/prefix_override:/home/beachlbl/porter/ros2-ws-2024/install/drive_ex/lib/python3.10/site-packages:${PYTHONPATH} /usr/bin/python3 -W ignore:setup.py install is deprecated setup.py egg_info --egg-base ../../build/drive_ex build --build-base /home/beachlbl/porter/ros2-ws-2024/build/drive_ex/build install --record /home/beachlbl/porter/ros2-ws-2024/build/drive_ex/install.log --single-version-externally-managed install_data
[7.809s] Level 1:colcon.colcon_core.environment:checking '/home/beachlbl/porter/ros2-ws-2024/install/drive_ex' for CMake module files
[7.809s] Level 1:colcon.colcon_core.environment:checking '/home/beachlbl/porter/ros2-ws-2024/install/drive_cb' for CMake module files
[7.811s] Level 1:colcon.colcon_core.environment:checking '/home/beachlbl/porter/ros2-ws-2024/install/drive_cb' for CMake config files
[7.811s] Level 1:colcon.colcon_core.environment:checking '/home/beachlbl/porter/ros2-ws-2024/install/drive_ex' for CMake config files
[7.815s] Level 1:colcon.colcon_core.environment:checking '/home/beachlbl/porter/ros2-ws-2024/install/drive_ex/lib'
[7.815s] Level 1:colcon.colcon_core.environment:checking '/home/beachlbl/porter/ros2-ws-2024/install/drive_cb/lib'
[7.816s] Level 1:colcon.colcon_core.environment:checking '/home/beachlbl/porter/ros2-ws-2024/install/drive_ex/bin'
[7.816s] Level 1:colcon.colcon_core.environment:checking '/home/beachlbl/porter/ros2-ws-2024/install/drive_cb/bin'
[7.816s] Level 1:colcon.colcon_core.environment:checking '/home/beachlbl/porter/ros2-ws-2024/install/drive_cb/lib/pkgconfig/drive_cb.pc'
[7.816s] Level 1:colcon.colcon_core.environment:checking '/home/beachlbl/porter/ros2-ws-2024/install/drive_ex/lib/pkgconfig/drive_ex.pc'
[7.817s] Level 1:colcon.colcon_core.environment:checking '/home/beachlbl/porter/ros2-ws-2024/install/drive_ex/lib/python3.10/site-packages'
[7.817s] Level 1:colcon.colcon_core.environment:checking '/home/beachlbl/porter/ros2-ws-2024/install/drive_cb/lib/python3.10/site-packages'
[7.818s] Level 1:colcon.colcon_core.shell:create_environment_hook('drive_cb', 'pythonpath')
[7.818s] Level 1:colcon.colcon_core.shell:create_environment_hook('drive_ex', 'pythonpath')
[7.819s] INFO:colcon.colcon_core.shell:Creating environment hook '/home/beachlbl/porter/ros2-ws-2024/install/drive_ex/share/drive_ex/hook/pythonpath.ps1'
[7.819s] INFO:colcon.colcon_core.shell:Creating environment hook '/home/beachlbl/porter/ros2-ws-2024/install/drive_cb/share/drive_cb/hook/pythonpath.ps1'
[7.820s] INFO:colcon.colcon_core.shell:Creating environment descriptor '/home/beachlbl/porter/ros2-ws-2024/install/drive_cb/share/drive_cb/hook/pythonpath.dsv'
[7.820s] INFO:colcon.colcon_core.shell:Creating environment descriptor '/home/beachlbl/porter/ros2-ws-2024/install/drive_ex/share/drive_ex/hook/pythonpath.dsv'
[7.822s] INFO:colcon.colcon_core.shell:Creating environment hook '/home/beachlbl/porter/ros2-ws-2024/install/drive_cb/share/drive_cb/hook/pythonpath.sh'
[7.822s] INFO:colcon.colcon_core.shell:Creating environment hook '/home/beachlbl/porter/ros2-ws-2024/install/drive_ex/share/drive_ex/hook/pythonpath.sh'
[7.825s] Level 1:colcon.colcon_core.environment:checking '/home/beachlbl/porter/ros2-ws-2024/install/drive_cb/bin'
[7.825s] Level 1:colcon.colcon_core.environment:checking '/home/beachlbl/porter/ros2-ws-2024/install/drive_ex/bin'
[7.825s] Level 1:colcon.colcon_core.environment:create_environment_scripts_only(drive_ex)
[7.825s] Level 1:colcon.colcon_core.environment:create_environment_scripts_only(drive_cb)
[7.827s] INFO:colcon.colcon_core.shell:Creating package script '/home/beachlbl/porter/ros2-ws-2024/install/drive_cb/share/drive_cb/package.ps1'
[7.827s] INFO:colcon.colcon_core.shell:Creating package script '/home/beachlbl/porter/ros2-ws-2024/install/drive_ex/share/drive_ex/package.ps1'
[7.830s] INFO:colcon.colcon_core.shell:Creating package descriptor '/home/beachlbl/porter/ros2-ws-2024/install/drive_ex/share/drive_ex/package.dsv'
[7.830s] INFO:colcon.colcon_core.shell:Creating package descriptor '/home/beachlbl/porter/ros2-ws-2024/install/drive_cb/share/drive_cb/package.dsv'
[7.833s] INFO:colcon.colcon_core.shell:Creating package script '/home/beachlbl/porter/ros2-ws-2024/install/drive_ex/share/drive_ex/package.sh'
[7.833s] INFO:colcon.colcon_core.shell:Creating package script '/home/beachlbl/porter/ros2-ws-2024/install/drive_cb/share/drive_cb/package.sh'
[7.837s] INFO:colcon.colcon_core.shell:Creating package script '/home/beachlbl/porter/ros2-ws-2024/install/drive_cb/share/drive_cb/package.bash'
[7.837s] INFO:colcon.colcon_core.shell:Creating package script '/home/beachlbl/porter/ros2-ws-2024/install/drive_ex/share/drive_ex/package.bash'
[7.840s] INFO:colcon.colcon_core.shell:Creating package script '/home/beachlbl/porter/ros2-ws-2024/install/drive_ex/share/drive_ex/package.zsh'
[7.840s] INFO:colcon.colcon_core.shell:Creating package script '/home/beachlbl/porter/ros2-ws-2024/install/drive_cb/share/drive_cb/package.zsh'
[7.843s] Level 1:colcon.colcon_core.environment:create_file_with_runtime_dependencies(/home/beachlbl/porter/ros2-ws-2024/install/drive_ex/share/colcon-core/packages/drive_ex)
[7.843s] Level 1:colcon.colcon_core.environment:create_file_with_runtime_dependencies(/home/beachlbl/porter/ros2-ws-2024/install/drive_cb/share/colcon-core/packages/drive_cb)
[7.844s] DEBUG:colcon.colcon_parallel_executor.executor.parallel:closing loop
[7.844s] DEBUG:colcon.colcon_parallel_executor.executor.parallel:closing loop
[7.845s] DEBUG:colcon.colcon_parallel_executor.executor.parallel:loop closed
[7.845s] DEBUG:colcon.colcon_parallel_executor.executor.parallel:loop closed
[7.846s] DEBUG:colcon.colcon_parallel_executor.executor.parallel:run_until_complete finished with '0'
[7.846s] DEBUG:colcon.colcon_parallel_executor.executor.parallel:run_until_complete finished with '0'
[7.846s] DEBUG:colcon.colcon_core.event_reactor:joining thread
[7.846s] DEBUG:colcon.colcon_core.event_reactor:joining thread
[7.870s] INFO:colcon.colcon_core.plugin_system:Skipping extension 'colcon_notification.desktop_notification.terminal_notifier': Not used on non-Darwin systems
[7.870s] INFO:colcon.colcon_core.plugin_system:Skipping extension 'colcon_notification.desktop_notification.terminal_notifier': Not used on non-Darwin systems
[7.871s] INFO:colcon.colcon_core.plugin_system:Skipping extension 'colcon_notification.desktop_notification.win32': Not used on non-Windows systems
[7.871s] INFO:colcon.colcon_core.plugin_system:Skipping extension 'colcon_notification.desktop_notification.win32': Not used on non-Windows systems
[7.871s] INFO:colcon.colcon_notification.desktop_notification:Sending desktop notification using 'notify2'
[7.871s] INFO:colcon.colcon_notification.desktop_notification:Sending desktop notification using 'notify2'
[7.874s] DEBUG:colcon.colcon_notification.desktop_notification.notify2:Failed to initialize notify2: org.freedesktop.DBus.Error.ServiceUnknown: The name org.freedesktop.Notifications was not provided by any .service files
[7.874s] DEBUG:colcon.colcon_core.event_reactor:joined thread
[7.875s] DEBUG:colcon.colcon_notification.desktop_notification.notify2:Failed to initialize notify2: org.freedesktop.DBus.Error.ServiceUnknown: The name org.freedesktop.Notifications was not provided by any .service files
[7.875s] DEBUG:colcon.colcon_core.event_reactor:joined thread
[7.875s] INFO:colcon.colcon_core.shell:Creating prefix script '/home/beachlbl/porter/ros2-ws-2024/install/local_setup.ps1'
[7.876s] INFO:colcon.colcon_core.shell:Creating prefix script '/home/beachlbl/porter/ros2-ws-2024/install/local_setup.ps1'
[7.879s] INFO:colcon.colcon_core.shell:Creating prefix util module '/home/beachlbl/porter/ros2-ws-2024/install/_local_setup_util_ps1.py'
[7.881s] INFO:colcon.colcon_core.shell:Creating prefix util module '/home/beachlbl/porter/ros2-ws-2024/install/_local_setup_util_ps1.py'
[7.885s] INFO:colcon.colcon_core.shell:Creating prefix chain script '/home/beachlbl/porter/ros2-ws-2024/install/setup.ps1'
[7.891s] INFO:colcon.colcon_core.shell:Creating prefix script '/home/beachlbl/porter/ros2-ws-2024/install/local_setup.sh'
[7.892s] INFO:colcon.colcon_core.shell:Creating prefix chain script '/home/beachlbl/porter/ros2-ws-2024/install/setup.ps1'
[7.894s] INFO:colcon.colcon_core.shell:Creating prefix util module '/home/beachlbl/porter/ros2-ws-2024/install/_local_setup_util_sh.py'
[7.896s] INFO:colcon.colcon_core.shell:Creating prefix chain script '/home/beachlbl/porter/ros2-ws-2024/install/setup.sh'
[7.898s] INFO:colcon.colcon_core.shell:Creating prefix script '/home/beachlbl/porter/ros2-ws-2024/install/local_setup.sh'
[7.900s] INFO:colcon.colcon_core.shell:Creating prefix util module '/home/beachlbl/porter/ros2-ws-2024/install/_local_setup_util_sh.py'
[7.902s] INFO:colcon.colcon_core.shell:Creating prefix script '/home/beachlbl/porter/ros2-ws-2024/install/local_setup.bash'
[7.903s] INFO:colcon.colcon_core.shell:Creating prefix chain script '/home/beachlbl/porter/ros2-ws-2024/install/setup.sh'
[7.904s] INFO:colcon.colcon_core.shell:Creating prefix chain script '/home/beachlbl/porter/ros2-ws-2024/install/setup.bash'
[7.909s] INFO:colcon.colcon_core.shell:Creating prefix script '/home/beachlbl/porter/ros2-ws-2024/install/local_setup.bash'
[7.910s] INFO:colcon.colcon_core.shell:Creating prefix script '/home/beachlbl/porter/ros2-ws-2024/install/local_setup.zsh'
[7.912s] INFO:colcon.colcon_core.shell:Creating prefix chain script '/home/beachlbl/porter/ros2-ws-2024/install/setup.bash'
[7.912s] INFO:colcon.colcon_core.shell:Creating prefix chain script '/home/beachlbl/porter/ros2-ws-2024/install/setup.zsh'
[7.918s] INFO:colcon.colcon_core.shell:Creating prefix script '/home/beachlbl/porter/ros2-ws-2024/install/local_setup.zsh'
[7.922s] INFO:colcon.colcon_core.shell:Creating prefix chain script '/home/beachlbl/porter/ros2-ws-2024/install/setup.zsh'
