[8.063s] Invoking command in '/home/beachlbl/porter/ros2-ws-2024/src/sensors': PYTHONPATH=/home/beachlbl/porter/ros2-ws-2024/build/sensors/prefix_override:/home/beachlbl/porter/ros2-ws-2024/install/sensors/lib/python3.10/site-packages:${PYTHONPATH} /usr/bin/python3 -W ignore:setup.py install is deprecated setup.py egg_info --egg-base ../../build/sensors build --build-base /home/beachlbl/porter/ros2-ws-2024/build/sensors/build install --record /home/beachlbl/porter/ros2-ws-2024/build/sensors/install.log --single-version-externally-managed install_data
[9.871s] running egg_info
[9.875s] writing ../../build/sensors/sensors.egg-info/PKG-INFO
[9.878s] writing dependency_links to ../../build/sensors/sensors.egg-info/dependency_links.txt
[9.879s] writing entry points to ../../build/sensors/sensors.egg-info/entry_points.txt
[9.880s] writing requirements to ../../build/sensors/sensors.egg-info/requires.txt
[9.881s] writing top-level names to ../../build/sensors/sensors.egg-info/top_level.txt
[9.893s] reading manifest file '../../build/sensors/sensors.egg-info/SOURCES.txt'
[9.895s] adding license file 'LICENSE'
[9.898s] writing manifest file '../../build/sensors/sensors.egg-info/SOURCES.txt'
[9.899s] running build
[9.900s] running build_py
[9.901s] running install
[9.903s] running install_lib
[9.914s] running install_data
[9.915s] running install_egg_info
[9.925s] removing '/home/beachlbl/porter/ros2-ws-2024/install/sensors/lib/python3.10/site-packages/sensors-0.0.0-py3.10.egg-info' (and everything under it)
[9.926s] Copying ../../build/sensors/sensors.egg-info to /home/beachlbl/porter/ros2-ws-2024/install/sensors/lib/python3.10/site-packages/sensors-0.0.0-py3.10.egg-info
[9.939s] running install_scripts
[10.057s] Installing sensors_sub script to /home/beachlbl/porter/ros2-ws-2024/install/sensors/lib/sensors
[10.059s] writing list of installed files to '/home/beachlbl/porter/ros2-ws-2024/build/sensors/install.log'
[10.352s] Invoked command in '/home/beachlbl/porter/ros2-ws-2024/src/sensors' returned '0': PYTHONPATH=/home/beachlbl/porter/ros2-ws-2024/build/sensors/prefix_override:/home/beachlbl/porter/ros2-ws-2024/install/sensors/lib/python3.10/site-packages:${PYTHONPATH} /usr/bin/python3 -W ignore:setup.py install is deprecated setup.py egg_info --egg-base ../../build/sensors build --build-base /home/beachlbl/porter/ros2-ws-2024/build/sensors/build install --record /home/beachlbl/porter/ros2-ws-2024/build/sensors/install.log --single-version-externally-managed install_data
