[0.672s] Invoking command in '/home/porterclev/ros2-ws-2024/src/ui': PYTHONPATH=/home/porterclev/ros2-ws-2024/build/ui/prefix_override:/home/porterclev/ros2-ws-2024/install/ui/lib/python3.10/site-packages:${PYTHONPATH} /usr/bin/python3 -W ignore:setup.py install is deprecated setup.py egg_info --egg-base ../../build/ui build --build-base /home/porterclev/ros2-ws-2024/build/ui/build install --record /home/porterclev/ros2-ws-2024/build/ui/install.log --single-version-externally-managed install_data
[0.892s] running egg_info
[0.902s] writing ../../build/ui/ui.egg-info/PKG-INFO
[0.903s] writing dependency_links to ../../build/ui/ui.egg-info/dependency_links.txt
[0.905s] writing entry points to ../../build/ui/ui.egg-info/entry_points.txt
[0.905s] writing requirements to ../../build/ui/ui.egg-info/requires.txt
[0.905s] writing top-level names to ../../build/ui/ui.egg-info/top_level.txt
[0.907s] reading manifest file '../../build/ui/ui.egg-info/SOURCES.txt'
[0.908s] adding license file 'LICENSE'
[0.908s] writing manifest file '../../build/ui/ui.egg-info/SOURCES.txt'
[0.909s] running build
[0.909s] running build_py
[0.909s] running install
[0.910s] running install_lib
[0.911s] running install_data
[0.911s] running install_egg_info
[0.913s] removing '/home/porterclev/ros2-ws-2024/install/ui/lib/python3.10/site-packages/ui-0.0.0-py3.10.egg-info' (and everything under it)
[0.913s] Copying ../../build/ui/ui.egg-info to /home/porterclev/ros2-ws-2024/install/ui/lib/python3.10/site-packages/ui-0.0.0-py3.10.egg-info
[0.914s] running install_scripts
[0.933s] Installing ui_health script to /home/porterclev/ros2-ws-2024/install/ui/lib/ui
[0.933s] writing list of installed files to '/home/porterclev/ros2-ws-2024/build/ui/install.log'
[0.960s] Invoked command in '/home/porterclev/ros2-ws-2024/src/ui' returned '0': PYTHONPATH=/home/porterclev/ros2-ws-2024/build/ui/prefix_override:/home/porterclev/ros2-ws-2024/install/ui/lib/python3.10/site-packages:${PYTHONPATH} /usr/bin/python3 -W ignore:setup.py install is deprecated setup.py egg_info --egg-base ../../build/ui build --build-base /home/porterclev/ros2-ws-2024/build/ui/build install --record /home/porterclev/ros2-ws-2024/build/ui/install.log --single-version-externally-managed install_data
