[0.065s] DEBUG:colcon:Command line arguments: ['/usr/bin/colcon', 'build']
[0.065s] DEBUG:colcon:Parsed command line arguments: Namespace(log_base=None, log_level=None, verb_name='build', build_base='build', install_base='install', merge_install=False, symlink_install=False, test_result_base=None, continue_on_error=False, executor='parallel', parallel_workers=4, event_handlers=None, ignore_user_meta=False, metas=['./colcon.meta'], base_paths=['.'], packages_ignore=None, packages_ignore_regex=None, paths=None, packages_up_to=None, packages_up_to_regex=None, packages_above=None, packages_above_and_dependencies=None, packages_above_depth=None, packages_select_by_dep=None, packages_skip_by_dep=None, packages_skip_up_to=None, packages_select_build_failed=False, packages_skip_build_finished=False, packages_select_test_failures=False, packages_skip_test_passed=False, packages_select=None, packages_skip=None, packages_select_regex=None, packages_skip_regex=None, packages_start=None, packages_end=None, allow_overriding=[], cmake_args=None, cmake_target=None, cmake_target_skip_unavailable=False, cmake_clean_cache=False, cmake_clean_first=False, cmake_force_configure=False, ament_cmake_args=None, catkin_cmake_args=None, catkin_skip_building_tests=False, verb_parser=<colcon_defaults.argument_parser.defaults.DefaultArgumentsDecorator object at 0xffff803c9750>, verb_extension=<colcon_core.verb.build.BuildVerb object at 0xffff803c89d0>, main=<bound method BuildVerb.main of <colcon_core.verb.build.BuildVerb object at 0xffff803c89d0>>)
[0.149s] Level 1:colcon.colcon_core.package_discovery:discover_packages(colcon_meta) check parameters
[0.149s] Level 1:colcon.colcon_core.package_discovery:discover_packages(recursive) check parameters
[0.149s] Level 1:colcon.colcon_core.package_discovery:discover_packages(ignore) check parameters
[0.149s] Level 1:colcon.colcon_core.package_discovery:discover_packages(path) check parameters
[0.149s] Level 1:colcon.colcon_core.package_discovery:discover_packages(colcon_meta) discover
[0.149s] Level 1:colcon.colcon_core.package_discovery:discover_packages(recursive) discover
[0.149s] INFO:colcon.colcon_core.package_discovery:Crawling recursively for packages in '/home/leho42/Desktop/ros2-ws-2024'
[0.149s] Level 1:colcon.colcon_core.package_identification:_identify(.) by extensions ['ignore', 'ignore_ament_install']
[0.149s] Level 1:colcon.colcon_core.package_identification:_identify(.) by extension 'ignore'
[0.149s] Level 1:colcon.colcon_core.package_identification:_identify(.) by extension 'ignore_ament_install'
[0.149s] Level 1:colcon.colcon_core.package_identification:_identify(.) by extensions ['colcon_pkg']
[0.149s] Level 1:colcon.colcon_core.package_identification:_identify(.) by extension 'colcon_pkg'
[0.149s] Level 1:colcon.colcon_core.package_identification:_identify(.) by extensions ['colcon_meta']
[0.149s] Level 1:colcon.colcon_core.package_identification:_identify(.) by extension 'colcon_meta'
[0.149s] Level 1:colcon.colcon_core.package_identification:_identify(.) by extensions ['ros']
[0.149s] Level 1:colcon.colcon_core.package_identification:_identify(.) by extension 'ros'
[0.155s] Level 1:colcon.colcon_core.package_identification:_identify(.) by extensions ['cmake', 'python']
[0.155s] Level 1:colcon.colcon_core.package_identification:_identify(.) by extension 'cmake'
[0.155s] Level 1:colcon.colcon_core.package_identification:_identify(.) by extension 'python'
[0.155s] Level 1:colcon.colcon_core.package_identification:_identify(.) by extensions ['python_setup_py']
[0.155s] Level 1:colcon.colcon_core.package_identification:_identify(.) by extension 'python_setup_py'
[0.155s] Level 1:colcon.colcon_core.package_identification:_identify(build) by extensions ['ignore', 'ignore_ament_install']
[0.155s] Level 1:colcon.colcon_core.package_identification:_identify(build) by extension 'ignore'
[0.155s] Level 1:colcon.colcon_core.package_identification:_identify(build) ignored
[0.155s] Level 1:colcon.colcon_core.package_identification:_identify(install) by extensions ['ignore', 'ignore_ament_install']
[0.155s] Level 1:colcon.colcon_core.package_identification:_identify(install) by extension 'ignore'
[0.155s] Level 1:colcon.colcon_core.package_identification:_identify(install) ignored
[0.155s] Level 1:colcon.colcon_core.package_identification:_identify(launch) by extensions ['ignore', 'ignore_ament_install']
[0.155s] Level 1:colcon.colcon_core.package_identification:_identify(launch) by extension 'ignore'
[0.155s] Level 1:colcon.colcon_core.package_identification:_identify(launch) by extension 'ignore_ament_install'
[0.155s] Level 1:colcon.colcon_core.package_identification:_identify(launch) by extensions ['colcon_pkg']
[0.155s] Level 1:colcon.colcon_core.package_identification:_identify(launch) by extension 'colcon_pkg'
[0.155s] Level 1:colcon.colcon_core.package_identification:_identify(launch) by extensions ['colcon_meta']
[0.155s] Level 1:colcon.colcon_core.package_identification:_identify(launch) by extension 'colcon_meta'
[0.155s] Level 1:colcon.colcon_core.package_identification:_identify(launch) by extensions ['ros']
[0.155s] Level 1:colcon.colcon_core.package_identification:_identify(launch) by extension 'ros'
[0.155s] Level 1:colcon.colcon_core.package_identification:_identify(launch) by extensions ['cmake', 'python']
[0.155s] Level 1:colcon.colcon_core.package_identification:_identify(launch) by extension 'cmake'
[0.155s] Level 1:colcon.colcon_core.package_identification:_identify(launch) by extension 'python'
[0.155s] Level 1:colcon.colcon_core.package_identification:_identify(launch) by extensions ['python_setup_py']
[0.155s] Level 1:colcon.colcon_core.package_identification:_identify(launch) by extension 'python_setup_py'
[0.155s] Level 1:colcon.colcon_core.package_identification:_identify(launch/__pycache__) by extensions ['ignore', 'ignore_ament_install']
[0.155s] Level 1:colcon.colcon_core.package_identification:_identify(launch/__pycache__) by extension 'ignore'
[0.155s] Level 1:colcon.colcon_core.package_identification:_identify(launch/__pycache__) by extension 'ignore_ament_install'
[0.155s] Level 1:colcon.colcon_core.package_identification:_identify(launch/__pycache__) by extensions ['colcon_pkg']
[0.155s] Level 1:colcon.colcon_core.package_identification:_identify(launch/__pycache__) by extension 'colcon_pkg'
[0.155s] Level 1:colcon.colcon_core.package_identification:_identify(launch/__pycache__) by extensions ['colcon_meta']
[0.155s] Level 1:colcon.colcon_core.package_identification:_identify(launch/__pycache__) by extension 'colcon_meta'
[0.155s] Level 1:colcon.colcon_core.package_identification:_identify(launch/__pycache__) by extensions ['ros']
[0.155s] Level 1:colcon.colcon_core.package_identification:_identify(launch/__pycache__) by extension 'ros'
[0.156s] Level 1:colcon.colcon_core.package_identification:_identify(launch/__pycache__) by extensions ['cmake', 'python']
[0.156s] Level 1:colcon.colcon_core.package_identification:_identify(launch/__pycache__) by extension 'cmake'
[0.156s] Level 1:colcon.colcon_core.package_identification:_identify(launch/__pycache__) by extension 'python'
[0.156s] Level 1:colcon.colcon_core.package_identification:_identify(launch/__pycache__) by extensions ['python_setup_py']
[0.156s] Level 1:colcon.colcon_core.package_identification:_identify(launch/__pycache__) by extension 'python_setup_py'
[0.156s] Level 1:colcon.colcon_core.package_identification:_identify(log) by extensions ['ignore', 'ignore_ament_install']
[0.156s] Level 1:colcon.colcon_core.package_identification:_identify(log) by extension 'ignore'
[0.156s] Level 1:colcon.colcon_core.package_identification:_identify(log) ignored
[0.156s] Level 1:colcon.colcon_core.package_identification:_identify(scripts) by extensions ['ignore', 'ignore_ament_install']
[0.156s] Level 1:colcon.colcon_core.package_identification:_identify(scripts) by extension 'ignore'
[0.156s] Level 1:colcon.colcon_core.package_identification:_identify(scripts) by extension 'ignore_ament_install'
[0.156s] Level 1:colcon.colcon_core.package_identification:_identify(scripts) by extensions ['colcon_pkg']
[0.156s] Level 1:colcon.colcon_core.package_identification:_identify(scripts) by extension 'colcon_pkg'
[0.156s] Level 1:colcon.colcon_core.package_identification:_identify(scripts) by extensions ['colcon_meta']
[0.156s] Level 1:colcon.colcon_core.package_identification:_identify(scripts) by extension 'colcon_meta'
[0.156s] Level 1:colcon.colcon_core.package_identification:_identify(scripts) by extensions ['ros']
[0.156s] Level 1:colcon.colcon_core.package_identification:_identify(scripts) by extension 'ros'
[0.156s] Level 1:colcon.colcon_core.package_identification:_identify(scripts) by extensions ['cmake', 'python']
[0.156s] Level 1:colcon.colcon_core.package_identification:_identify(scripts) by extension 'cmake'
[0.156s] Level 1:colcon.colcon_core.package_identification:_identify(scripts) by extension 'python'
[0.156s] Level 1:colcon.colcon_core.package_identification:_identify(scripts) by extensions ['python_setup_py']
[0.156s] Level 1:colcon.colcon_core.package_identification:_identify(scripts) by extension 'python_setup_py'
[0.156s] Level 1:colcon.colcon_core.package_identification:_identify(scripts/build) by extensions ['ignore', 'ignore_ament_install']
[0.156s] Level 1:colcon.colcon_core.package_identification:_identify(scripts/build) by extension 'ignore'
[0.156s] Level 1:colcon.colcon_core.package_identification:_identify(scripts/build) by extension 'ignore_ament_install'
[0.157s] Level 1:colcon.colcon_core.package_identification:_identify(scripts/build) by extensions ['colcon_pkg']
[0.157s] Level 1:colcon.colcon_core.package_identification:_identify(scripts/build) by extension 'colcon_pkg'
[0.157s] Level 1:colcon.colcon_core.package_identification:_identify(scripts/build) by extensions ['colcon_meta']
[0.157s] Level 1:colcon.colcon_core.package_identification:_identify(scripts/build) by extension 'colcon_meta'
[0.157s] Level 1:colcon.colcon_core.package_identification:_identify(scripts/build) by extensions ['ros']
[0.157s] Level 1:colcon.colcon_core.package_identification:_identify(scripts/build) by extension 'ros'
[0.157s] Level 1:colcon.colcon_core.package_identification:_identify(scripts/build) by extensions ['cmake', 'python']
[0.157s] Level 1:colcon.colcon_core.package_identification:_identify(scripts/build) by extension 'cmake'
[0.157s] Level 1:colcon.colcon_core.package_identification:_identify(scripts/build) by extension 'python'
[0.157s] Level 1:colcon.colcon_core.package_identification:_identify(scripts/build) by extensions ['python_setup_py']
[0.157s] Level 1:colcon.colcon_core.package_identification:_identify(scripts/build) by extension 'python_setup_py'
[0.157s] Level 1:colcon.colcon_core.package_identification:_identify(scripts/install) by extensions ['ignore', 'ignore_ament_install']
[0.157s] Level 1:colcon.colcon_core.package_identification:_identify(scripts/install) by extension 'ignore'
[0.157s] Level 1:colcon.colcon_core.package_identification:_identify(scripts/install) by extension 'ignore_ament_install'
[0.157s] Level 1:colcon.colcon_core.package_identification:_identify(scripts/install) by extensions ['colcon_pkg']
[0.157s] Level 1:colcon.colcon_core.package_identification:_identify(scripts/install) by extension 'colcon_pkg'
[0.157s] Level 1:colcon.colcon_core.package_identification:_identify(scripts/install) by extensions ['colcon_meta']
[0.157s] Level 1:colcon.colcon_core.package_identification:_identify(scripts/install) by extension 'colcon_meta'
[0.157s] Level 1:colcon.colcon_core.package_identification:_identify(scripts/install) by extensions ['ros']
[0.157s] Level 1:colcon.colcon_core.package_identification:_identify(scripts/install) by extension 'ros'
[0.157s] Level 1:colcon.colcon_core.package_identification:_identify(scripts/install) by extensions ['cmake', 'python']
[0.157s] Level 1:colcon.colcon_core.package_identification:_identify(scripts/install) by extension 'cmake'
[0.157s] Level 1:colcon.colcon_core.package_identification:_identify(scripts/install) by extension 'python'
[0.157s] Level 1:colcon.colcon_core.package_identification:_identify(scripts/install) by extensions ['python_setup_py']
[0.157s] Level 1:colcon.colcon_core.package_identification:_identify(scripts/install) by extension 'python_setup_py'
[0.157s] Level 1:colcon.colcon_core.package_identification:_identify(scripts/log) by extensions ['ignore', 'ignore_ament_install']
[0.157s] Level 1:colcon.colcon_core.package_identification:_identify(scripts/log) by extension 'ignore'
[0.157s] Level 1:colcon.colcon_core.package_identification:_identify(scripts/log) ignored
[0.157s] Level 1:colcon.colcon_core.package_identification:_identify(src) by extensions ['ignore', 'ignore_ament_install']
[0.157s] Level 1:colcon.colcon_core.package_identification:_identify(src) by extension 'ignore'
[0.157s] Level 1:colcon.colcon_core.package_identification:_identify(src) by extension 'ignore_ament_install'
[0.157s] Level 1:colcon.colcon_core.package_identification:_identify(src) by extensions ['colcon_pkg']
[0.157s] Level 1:colcon.colcon_core.package_identification:_identify(src) by extension 'colcon_pkg'
[0.157s] Level 1:colcon.colcon_core.package_identification:_identify(src) by extensions ['colcon_meta']
[0.157s] Level 1:colcon.colcon_core.package_identification:_identify(src) by extension 'colcon_meta'
[0.157s] Level 1:colcon.colcon_core.package_identification:_identify(src) by extensions ['ros']
[0.157s] Level 1:colcon.colcon_core.package_identification:_identify(src) by extension 'ros'
[0.157s] Level 1:colcon.colcon_core.package_identification:_identify(src) by extensions ['cmake', 'python']
[0.157s] Level 1:colcon.colcon_core.package_identification:_identify(src) by extension 'cmake'
[0.157s] Level 1:colcon.colcon_core.package_identification:_identify(src) by extension 'python'
[0.157s] Level 1:colcon.colcon_core.package_identification:_identify(src) by extensions ['python_setup_py']
[0.157s] Level 1:colcon.colcon_core.package_identification:_identify(src) by extension 'python_setup_py'
[0.157s] Level 1:colcon.colcon_core.package_identification:_identify(src/camera_test) by extensions ['ignore', 'ignore_ament_install']
[0.157s] Level 1:colcon.colcon_core.package_identification:_identify(src/camera_test) by extension 'ignore'
[0.157s] Level 1:colcon.colcon_core.package_identification:_identify(src/camera_test) by extension 'ignore_ament_install'
[0.157s] Level 1:colcon.colcon_core.package_identification:_identify(src/camera_test) by extensions ['colcon_pkg']
[0.157s] Level 1:colcon.colcon_core.package_identification:_identify(src/camera_test) by extension 'colcon_pkg'
[0.157s] Level 1:colcon.colcon_core.package_identification:_identify(src/camera_test) by extensions ['colcon_meta']
[0.157s] Level 1:colcon.colcon_core.package_identification:_identify(src/camera_test) by extension 'colcon_meta'
[0.157s] Level 1:colcon.colcon_core.package_identification:_identify(src/camera_test) by extensions ['ros']
[0.157s] Level 1:colcon.colcon_core.package_identification:_identify(src/camera_test) by extension 'ros'
[0.159s] DEBUG:colcon.colcon_core.package_identification:Package 'src/camera_test' with type 'ros.ament_python' and name 'camera_test'
[0.159s] Level 1:colcon.colcon_core.package_identification:_identify(src/db_broker) by extensions ['ignore', 'ignore_ament_install']
[0.159s] Level 1:colcon.colcon_core.package_identification:_identify(src/db_broker) by extension 'ignore'
[0.159s] Level 1:colcon.colcon_core.package_identification:_identify(src/db_broker) by extension 'ignore_ament_install'
[0.159s] Level 1:colcon.colcon_core.package_identification:_identify(src/db_broker) by extensions ['colcon_pkg']
[0.159s] Level 1:colcon.colcon_core.package_identification:_identify(src/db_broker) by extension 'colcon_pkg'
[0.159s] Level 1:colcon.colcon_core.package_identification:_identify(src/db_broker) by extensions ['colcon_meta']
[0.159s] Level 1:colcon.colcon_core.package_identification:_identify(src/db_broker) by extension 'colcon_meta'
[0.159s] Level 1:colcon.colcon_core.package_identification:_identify(src/db_broker) by extensions ['ros']
[0.159s] Level 1:colcon.colcon_core.package_identification:_identify(src/db_broker) by extension 'ros'
[0.159s] DEBUG:colcon.colcon_core.package_identification:Package 'src/db_broker' with type 'ros.ament_python' and name 'db_broker'
[0.159s] Level 1:colcon.colcon_core.package_identification:_identify(src/drive_cb) by extensions ['ignore', 'ignore_ament_install']
[0.159s] Level 1:colcon.colcon_core.package_identification:_identify(src/drive_cb) by extension 'ignore'
[0.159s] Level 1:colcon.colcon_core.package_identification:_identify(src/drive_cb) by extension 'ignore_ament_install'
[0.159s] Level 1:colcon.colcon_core.package_identification:_identify(src/drive_cb) by extensions ['colcon_pkg']
[0.159s] Level 1:colcon.colcon_core.package_identification:_identify(src/drive_cb) by extension 'colcon_pkg'
[0.159s] Level 1:colcon.colcon_core.package_identification:_identify(src/drive_cb) by extensions ['colcon_meta']
[0.159s] Level 1:colcon.colcon_core.package_identification:_identify(src/drive_cb) by extension 'colcon_meta'
[0.159s] Level 1:colcon.colcon_core.package_identification:_identify(src/drive_cb) by extensions ['ros']
[0.159s] Level 1:colcon.colcon_core.package_identification:_identify(src/drive_cb) by extension 'ros'
[0.159s] DEBUG:colcon.colcon_core.package_identification:Package 'src/drive_cb' with type 'ros.ament_python' and name 'drive_cb'
[0.159s] Level 1:colcon.colcon_core.package_identification:_identify(src/drive_ex) by extensions ['ignore', 'ignore_ament_install']
[0.160s] Level 1:colcon.colcon_core.package_identification:_identify(src/drive_ex) by extension 'ignore'
[0.160s] Level 1:colcon.colcon_core.package_identification:_identify(src/drive_ex) by extension 'ignore_ament_install'
[0.160s] Level 1:colcon.colcon_core.package_identification:_identify(src/drive_ex) by extensions ['colcon_pkg']
[0.160s] Level 1:colcon.colcon_core.package_identification:_identify(src/drive_ex) by extension 'colcon_pkg'
[0.160s] Level 1:colcon.colcon_core.package_identification:_identify(src/drive_ex) by extensions ['colcon_meta']
[0.160s] Level 1:colcon.colcon_core.package_identification:_identify(src/drive_ex) by extension 'colcon_meta'
[0.160s] Level 1:colcon.colcon_core.package_identification:_identify(src/drive_ex) by extensions ['ros']
[0.160s] Level 1:colcon.colcon_core.package_identification:_identify(src/drive_ex) by extension 'ros'
[0.160s] DEBUG:colcon.colcon_core.package_identification:Package 'src/drive_ex' with type 'ros.ament_python' and name 'drive_ex'
[0.160s] Level 1:colcon.colcon_core.package_identification:_identify(src/joy_control) by extensions ['ignore', 'ignore_ament_install']
[0.160s] Level 1:colcon.colcon_core.package_identification:_identify(src/joy_control) by extension 'ignore'
[0.160s] Level 1:colcon.colcon_core.package_identification:_identify(src/joy_control) by extension 'ignore_ament_install'
[0.160s] Level 1:colcon.colcon_core.package_identification:_identify(src/joy_control) by extensions ['colcon_pkg']
[0.160s] Level 1:colcon.colcon_core.package_identification:_identify(src/joy_control) by extension 'colcon_pkg'
[0.160s] Level 1:colcon.colcon_core.package_identification:_identify(src/joy_control) by extensions ['colcon_meta']
[0.160s] Level 1:colcon.colcon_core.package_identification:_identify(src/joy_control) by extension 'colcon_meta'
[0.160s] Level 1:colcon.colcon_core.package_identification:_identify(src/joy_control) by extensions ['ros']
[0.160s] Level 1:colcon.colcon_core.package_identification:_identify(src/joy_control) by extension 'ros'
[0.160s] DEBUG:colcon.colcon_core.package_identification:Package 'src/joy_control' with type 'ros.ament_python' and name 'joy_control'
[0.160s] Level 1:colcon.colcon_core.package_identification:_identify(src/py_pubsub) by extensions ['ignore', 'ignore_ament_install']
[0.160s] Level 1:colcon.colcon_core.package_identification:_identify(src/py_pubsub) by extension 'ignore'
[0.160s] Level 1:colcon.colcon_core.package_identification:_identify(src/py_pubsub) by extension 'ignore_ament_install'
[0.160s] Level 1:colcon.colcon_core.package_identification:_identify(src/py_pubsub) by extensions ['colcon_pkg']
[0.160s] Level 1:colcon.colcon_core.package_identification:_identify(src/py_pubsub) by extension 'colcon_pkg'
[0.160s] Level 1:colcon.colcon_core.package_identification:_identify(src/py_pubsub) by extensions ['colcon_meta']
[0.160s] Level 1:colcon.colcon_core.package_identification:_identify(src/py_pubsub) by extension 'colcon_meta'
[0.160s] Level 1:colcon.colcon_core.package_identification:_identify(src/py_pubsub) by extensions ['ros']
[0.160s] Level 1:colcon.colcon_core.package_identification:_identify(src/py_pubsub) by extension 'ros'
[0.161s] DEBUG:colcon.colcon_core.package_identification:Package 'src/py_pubsub' with type 'ros.ament_python' and name 'py_pubsub'
[0.161s] Level 1:colcon.colcon_core.package_identification:_identify(src/ui) by extensions ['ignore', 'ignore_ament_install']
[0.161s] Level 1:colcon.colcon_core.package_identification:_identify(src/ui) by extension 'ignore'
[0.161s] Level 1:colcon.colcon_core.package_identification:_identify(src/ui) by extension 'ignore_ament_install'
[0.161s] Level 1:colcon.colcon_core.package_identification:_identify(src/ui) by extensions ['colcon_pkg']
[0.161s] Level 1:colcon.colcon_core.package_identification:_identify(src/ui) by extension 'colcon_pkg'
[0.161s] Level 1:colcon.colcon_core.package_identification:_identify(src/ui) by extensions ['colcon_meta']
[0.161s] Level 1:colcon.colcon_core.package_identification:_identify(src/ui) by extension 'colcon_meta'
[0.161s] Level 1:colcon.colcon_core.package_identification:_identify(src/ui) by extensions ['ros']
[0.161s] Level 1:colcon.colcon_core.package_identification:_identify(src/ui) by extension 'ros'
[0.161s] DEBUG:colcon.colcon_core.package_identification:Package 'src/ui' with type 'ros.ament_python' and name 'ui'
[0.161s] Level 1:colcon.colcon_core.package_discovery:discover_packages(recursive) using defaults
[0.161s] Level 1:colcon.colcon_core.package_discovery:discover_packages(ignore) discover
[0.161s] Level 1:colcon.colcon_core.package_discovery:discover_packages(ignore) using defaults
[0.161s] Level 1:colcon.colcon_core.package_discovery:discover_packages(path) discover
[0.161s] Level 1:colcon.colcon_core.package_discovery:discover_packages(path) using defaults
[0.176s] Level 1:colcon.colcon_core.package_discovery:discover_packages(prefix_path) check parameters
[0.176s] Level 1:colcon.colcon_core.package_discovery:discover_packages(prefix_path) discover
[0.177s] DEBUG:colcon.colcon_installed_package_information.package_discovery:Found 7 installed packages in /home/leho42/Desktop/ros2-ws-2024/install
[0.177s] DEBUG:colcon.colcon_installed_package_information.package_discovery:Found 281 installed packages in /opt/ros/iron
[0.178s] Level 1:colcon.colcon_core.package_discovery:discover_packages(prefix_path) using defaults
[0.200s] Level 5:colcon.colcon_core.verb:set package 'camera_test' build argument 'cmake_args' from command line to 'None'
[0.200s] Level 5:colcon.colcon_core.verb:set package 'camera_test' build argument 'cmake_target' from command line to 'None'
[0.200s] Level 5:colcon.colcon_core.verb:set package 'camera_test' build argument 'cmake_target_skip_unavailable' from command line to 'False'
[0.200s] Level 5:colcon.colcon_core.verb:set package 'camera_test' build argument 'cmake_clean_cache' from command line to 'False'
[0.200s] Level 5:colcon.colcon_core.verb:set package 'camera_test' build argument 'cmake_clean_first' from command line to 'False'
[0.200s] Level 5:colcon.colcon_core.verb:set package 'camera_test' build argument 'cmake_force_configure' from command line to 'False'
[0.200s] Level 5:colcon.colcon_core.verb:set package 'camera_test' build argument 'ament_cmake_args' from command line to 'None'
[0.200s] Level 5:colcon.colcon_core.verb:set package 'camera_test' build argument 'catkin_cmake_args' from command line to 'None'
[0.200s] Level 5:colcon.colcon_core.verb:set package 'camera_test' build argument 'catkin_skip_building_tests' from command line to 'False'
[0.200s] DEBUG:colcon.colcon_core.verb:Building package 'camera_test' with the following arguments: {'ament_cmake_args': None, 'build_base': '/home/leho42/Desktop/ros2-ws-2024/build/camera_test', 'catkin_cmake_args': None, 'catkin_skip_building_tests': False, 'cmake_args': None, 'cmake_clean_cache': False, 'cmake_clean_first': False, 'cmake_force_configure': False, 'cmake_target': None, 'cmake_target_skip_unavailable': False, 'install_base': '/home/leho42/Desktop/ros2-ws-2024/install/camera_test', 'merge_install': False, 'path': '/home/leho42/Desktop/ros2-ws-2024/src/camera_test', 'symlink_install': False, 'test_result_base': None}
[0.200s] Level 5:colcon.colcon_core.verb:set package 'db_broker' build argument 'cmake_args' from command line to 'None'
[0.200s] Level 5:colcon.colcon_core.verb:set package 'db_broker' build argument 'cmake_target' from command line to 'None'
[0.200s] Level 5:colcon.colcon_core.verb:set package 'db_broker' build argument 'cmake_target_skip_unavailable' from command line to 'False'
[0.200s] Level 5:colcon.colcon_core.verb:set package 'db_broker' build argument 'cmake_clean_cache' from command line to 'False'
[0.200s] Level 5:colcon.colcon_core.verb:set package 'db_broker' build argument 'cmake_clean_first' from command line to 'False'
[0.200s] Level 5:colcon.colcon_core.verb:set package 'db_broker' build argument 'cmake_force_configure' from command line to 'False'
[0.200s] Level 5:colcon.colcon_core.verb:set package 'db_broker' build argument 'ament_cmake_args' from command line to 'None'
[0.200s] Level 5:colcon.colcon_core.verb:set package 'db_broker' build argument 'catkin_cmake_args' from command line to 'None'
[0.200s] Level 5:colcon.colcon_core.verb:set package 'db_broker' build argument 'catkin_skip_building_tests' from command line to 'False'
[0.200s] DEBUG:colcon.colcon_core.verb:Building package 'db_broker' with the following arguments: {'ament_cmake_args': None, 'build_base': '/home/leho42/Desktop/ros2-ws-2024/build/db_broker', 'catkin_cmake_args': None, 'catkin_skip_building_tests': False, 'cmake_args': None, 'cmake_clean_cache': False, 'cmake_clean_first': False, 'cmake_force_configure': False, 'cmake_target': None, 'cmake_target_skip_unavailable': False, 'install_base': '/home/leho42/Desktop/ros2-ws-2024/install/db_broker', 'merge_install': False, 'path': '/home/leho42/Desktop/ros2-ws-2024/src/db_broker', 'symlink_install': False, 'test_result_base': None}
[0.200s] Level 5:colcon.colcon_core.verb:set package 'drive_cb' build argument 'cmake_args' from command line to 'None'
[0.200s] Level 5:colcon.colcon_core.verb:set package 'drive_cb' build argument 'cmake_target' from command line to 'None'
[0.200s] Level 5:colcon.colcon_core.verb:set package 'drive_cb' build argument 'cmake_target_skip_unavailable' from command line to 'False'
[0.200s] Level 5:colcon.colcon_core.verb:set package 'drive_cb' build argument 'cmake_clean_cache' from command line to 'False'
[0.200s] Level 5:colcon.colcon_core.verb:set package 'drive_cb' build argument 'cmake_clean_first' from command line to 'False'
[0.200s] Level 5:colcon.colcon_core.verb:set package 'drive_cb' build argument 'cmake_force_configure' from command line to 'False'
[0.200s] Level 5:colcon.colcon_core.verb:set package 'drive_cb' build argument 'ament_cmake_args' from command line to 'None'
[0.200s] Level 5:colcon.colcon_core.verb:set package 'drive_cb' build argument 'catkin_cmake_args' from command line to 'None'
[0.200s] Level 5:colcon.colcon_core.verb:set package 'drive_cb' build argument 'catkin_skip_building_tests' from command line to 'False'
[0.200s] DEBUG:colcon.colcon_core.verb:Building package 'drive_cb' with the following arguments: {'ament_cmake_args': None, 'build_base': '/home/leho42/Desktop/ros2-ws-2024/build/drive_cb', 'catkin_cmake_args': None, 'catkin_skip_building_tests': False, 'cmake_args': None, 'cmake_clean_cache': False, 'cmake_clean_first': False, 'cmake_force_configure': False, 'cmake_target': None, 'cmake_target_skip_unavailable': False, 'install_base': '/home/leho42/Desktop/ros2-ws-2024/install/drive_cb', 'merge_install': False, 'path': '/home/leho42/Desktop/ros2-ws-2024/src/drive_cb', 'symlink_install': False, 'test_result_base': None}
[0.200s] Level 5:colcon.colcon_core.verb:set package 'drive_ex' build argument 'cmake_args' from command line to 'None'
[0.200s] Level 5:colcon.colcon_core.verb:set package 'drive_ex' build argument 'cmake_target' from command line to 'None'
[0.200s] Level 5:colcon.colcon_core.verb:set package 'drive_ex' build argument 'cmake_target_skip_unavailable' from command line to 'False'
[0.200s] Level 5:colcon.colcon_core.verb:set package 'drive_ex' build argument 'cmake_clean_cache' from command line to 'False'
[0.200s] Level 5:colcon.colcon_core.verb:set package 'drive_ex' build argument 'cmake_clean_first' from command line to 'False'
[0.200s] Level 5:colcon.colcon_core.verb:set package 'drive_ex' build argument 'cmake_force_configure' from command line to 'False'
[0.200s] Level 5:colcon.colcon_core.verb:set package 'drive_ex' build argument 'ament_cmake_args' from command line to 'None'
[0.200s] Level 5:colcon.colcon_core.verb:set package 'drive_ex' build argument 'catkin_cmake_args' from command line to 'None'
[0.200s] Level 5:colcon.colcon_core.verb:set package 'drive_ex' build argument 'catkin_skip_building_tests' from command line to 'False'
[0.200s] DEBUG:colcon.colcon_core.verb:Building package 'drive_ex' with the following arguments: {'ament_cmake_args': None, 'build_base': '/home/leho42/Desktop/ros2-ws-2024/build/drive_ex', 'catkin_cmake_args': None, 'catkin_skip_building_tests': False, 'cmake_args': None, 'cmake_clean_cache': False, 'cmake_clean_first': False, 'cmake_force_configure': False, 'cmake_target': None, 'cmake_target_skip_unavailable': False, 'install_base': '/home/leho42/Desktop/ros2-ws-2024/install/drive_ex', 'merge_install': False, 'path': '/home/leho42/Desktop/ros2-ws-2024/src/drive_ex', 'symlink_install': False, 'test_result_base': None}
[0.201s] Level 5:colcon.colcon_core.verb:set package 'joy_control' build argument 'cmake_args' from command line to 'None'
[0.201s] Level 5:colcon.colcon_core.verb:set package 'joy_control' build argument 'cmake_target' from command line to 'None'
[0.201s] Level 5:colcon.colcon_core.verb:set package 'joy_control' build argument 'cmake_target_skip_unavailable' from command line to 'False'
[0.201s] Level 5:colcon.colcon_core.verb:set package 'joy_control' build argument 'cmake_clean_cache' from command line to 'False'
[0.201s] Level 5:colcon.colcon_core.verb:set package 'joy_control' build argument 'cmake_clean_first' from command line to 'False'
[0.201s] Level 5:colcon.colcon_core.verb:set package 'joy_control' build argument 'cmake_force_configure' from command line to 'False'
[0.201s] Level 5:colcon.colcon_core.verb:set package 'joy_control' build argument 'ament_cmake_args' from command line to 'None'
[0.201s] Level 5:colcon.colcon_core.verb:set package 'joy_control' build argument 'catkin_cmake_args' from command line to 'None'
[0.201s] Level 5:colcon.colcon_core.verb:set package 'joy_control' build argument 'catkin_skip_building_tests' from command line to 'False'
[0.201s] DEBUG:colcon.colcon_core.verb:Building package 'joy_control' with the following arguments: {'ament_cmake_args': None, 'build_base': '/home/leho42/Desktop/ros2-ws-2024/build/joy_control', 'catkin_cmake_args': None, 'catkin_skip_building_tests': False, 'cmake_args': None, 'cmake_clean_cache': False, 'cmake_clean_first': False, 'cmake_force_configure': False, 'cmake_target': None, 'cmake_target_skip_unavailable': False, 'install_base': '/home/leho42/Desktop/ros2-ws-2024/install/joy_control', 'merge_install': False, 'path': '/home/leho42/Desktop/ros2-ws-2024/src/joy_control', 'symlink_install': False, 'test_result_base': None}
[0.201s] Level 5:colcon.colcon_core.verb:set package 'py_pubsub' build argument 'cmake_args' from command line to 'None'
[0.201s] Level 5:colcon.colcon_core.verb:set package 'py_pubsub' build argument 'cmake_target' from command line to 'None'
[0.201s] Level 5:colcon.colcon_core.verb:set package 'py_pubsub' build argument 'cmake_target_skip_unavailable' from command line to 'False'
[0.201s] Level 5:colcon.colcon_core.verb:set package 'py_pubsub' build argument 'cmake_clean_cache' from command line to 'False'
[0.201s] Level 5:colcon.colcon_core.verb:set package 'py_pubsub' build argument 'cmake_clean_first' from command line to 'False'
[0.201s] Level 5:colcon.colcon_core.verb:set package 'py_pubsub' build argument 'cmake_force_configure' from command line to 'False'
[0.201s] Level 5:colcon.colcon_core.verb:set package 'py_pubsub' build argument 'ament_cmake_args' from command line to 'None'
[0.201s] Level 5:colcon.colcon_core.verb:set package 'py_pubsub' build argument 'catkin_cmake_args' from command line to 'None'
[0.201s] Level 5:colcon.colcon_core.verb:set package 'py_pubsub' build argument 'catkin_skip_building_tests' from command line to 'False'
[0.201s] DEBUG:colcon.colcon_core.verb:Building package 'py_pubsub' with the following arguments: {'ament_cmake_args': None, 'build_base': '/home/leho42/Desktop/ros2-ws-2024/build/py_pubsub', 'catkin_cmake_args': None, 'catkin_skip_building_tests': False, 'cmake_args': None, 'cmake_clean_cache': False, 'cmake_clean_first': False, 'cmake_force_configure': False, 'cmake_target': None, 'cmake_target_skip_unavailable': False, 'install_base': '/home/leho42/Desktop/ros2-ws-2024/install/py_pubsub', 'merge_install': False, 'path': '/home/leho42/Desktop/ros2-ws-2024/src/py_pubsub', 'symlink_install': False, 'test_result_base': None}
[0.201s] Level 5:colcon.colcon_core.verb:set package 'ui' build argument 'cmake_args' from command line to 'None'
[0.201s] Level 5:colcon.colcon_core.verb:set package 'ui' build argument 'cmake_target' from command line to 'None'
[0.201s] Level 5:colcon.colcon_core.verb:set package 'ui' build argument 'cmake_target_skip_unavailable' from command line to 'False'
[0.201s] Level 5:colcon.colcon_core.verb:set package 'ui' build argument 'cmake_clean_cache' from command line to 'False'
[0.201s] Level 5:colcon.colcon_core.verb:set package 'ui' build argument 'cmake_clean_first' from command line to 'False'
[0.201s] Level 5:colcon.colcon_core.verb:set package 'ui' build argument 'cmake_force_configure' from command line to 'False'
[0.201s] Level 5:colcon.colcon_core.verb:set package 'ui' build argument 'ament_cmake_args' from command line to 'None'
[0.201s] Level 5:colcon.colcon_core.verb:set package 'ui' build argument 'catkin_cmake_args' from command line to 'None'
[0.201s] Level 5:colcon.colcon_core.verb:set package 'ui' build argument 'catkin_skip_building_tests' from command line to 'False'
[0.201s] DEBUG:colcon.colcon_core.verb:Building package 'ui' with the following arguments: {'ament_cmake_args': None, 'build_base': '/home/leho42/Desktop/ros2-ws-2024/build/ui', 'catkin_cmake_args': None, 'catkin_skip_building_tests': False, 'cmake_args': None, 'cmake_clean_cache': False, 'cmake_clean_first': False, 'cmake_force_configure': False, 'cmake_target': None, 'cmake_target_skip_unavailable': False, 'install_base': '/home/leho42/Desktop/ros2-ws-2024/install/ui', 'merge_install': False, 'path': '/home/leho42/Desktop/ros2-ws-2024/src/ui', 'symlink_install': False, 'test_result_base': None}
[0.201s] INFO:colcon.colcon_core.executor:Executing jobs using 'parallel' executor
[0.202s] DEBUG:colcon.colcon_parallel_executor.executor.parallel:run_until_complete
[0.202s] INFO:colcon.colcon_ros.task.ament_python.build:Building ROS package in '/home/leho42/Desktop/ros2-ws-2024/src/camera_test' with build type 'ament_python'
[0.202s] Level 1:colcon.colcon_core.shell:create_environment_hook('camera_test', 'ament_prefix_path')
[0.203s] INFO:colcon.colcon_core.plugin_system:Skipping extension 'colcon_core.shell.bat': Not used on non-Windows systems
[0.203s] INFO:colcon.colcon_core.shell:Creating environment hook '/home/leho42/Desktop/ros2-ws-2024/install/camera_test/share/camera_test/hook/ament_prefix_path.ps1'
[0.204s] INFO:colcon.colcon_core.shell:Creating environment descriptor '/home/leho42/Desktop/ros2-ws-2024/install/camera_test/share/camera_test/hook/ament_prefix_path.dsv'
[0.204s] INFO:colcon.colcon_core.shell:Creating environment hook '/home/leho42/Desktop/ros2-ws-2024/install/camera_test/share/camera_test/hook/ament_prefix_path.sh'
[0.205s] INFO:colcon.colcon_core.shell:Skip shell extension 'powershell' for command environment: Not usable outside of PowerShell
[0.205s] DEBUG:colcon.colcon_core.shell:Skip shell extension 'dsv' for command environment
[0.207s] INFO:colcon.colcon_ros.task.ament_python.build:Building ROS package in '/home/leho42/Desktop/ros2-ws-2024/src/db_broker' with build type 'ament_python'
[0.207s] Level 1:colcon.colcon_core.shell:create_environment_hook('db_broker', 'ament_prefix_path')
[0.207s] INFO:colcon.colcon_core.shell:Creating environment hook '/home/leho42/Desktop/ros2-ws-2024/install/db_broker/share/db_broker/hook/ament_prefix_path.ps1'
[0.207s] INFO:colcon.colcon_core.shell:Creating environment descriptor '/home/leho42/Desktop/ros2-ws-2024/install/db_broker/share/db_broker/hook/ament_prefix_path.dsv'
[0.207s] INFO:colcon.colcon_core.shell:Creating environment hook '/home/leho42/Desktop/ros2-ws-2024/install/db_broker/share/db_broker/hook/ament_prefix_path.sh'
[0.208s] INFO:colcon.colcon_core.shell:Skip shell extension 'powershell' for command environment: Not usable outside of PowerShell
[0.208s] DEBUG:colcon.colcon_core.shell:Skip shell extension 'dsv' for command environment
[0.209s] INFO:colcon.colcon_ros.task.ament_python.build:Building ROS package in '/home/leho42/Desktop/ros2-ws-2024/src/drive_cb' with build type 'ament_python'
[0.209s] Level 1:colcon.colcon_core.shell:create_environment_hook('drive_cb', 'ament_prefix_path')
[0.210s] INFO:colcon.colcon_core.shell:Creating environment hook '/home/leho42/Desktop/ros2-ws-2024/install/drive_cb/share/drive_cb/hook/ament_prefix_path.ps1'
[0.210s] INFO:colcon.colcon_core.shell:Creating environment descriptor '/home/leho42/Desktop/ros2-ws-2024/install/drive_cb/share/drive_cb/hook/ament_prefix_path.dsv'
[0.210s] INFO:colcon.colcon_core.shell:Creating environment hook '/home/leho42/Desktop/ros2-ws-2024/install/drive_cb/share/drive_cb/hook/ament_prefix_path.sh'
[0.210s] INFO:colcon.colcon_core.shell:Skip shell extension 'powershell' for command environment: Not usable outside of PowerShell
[0.210s] DEBUG:colcon.colcon_core.shell:Skip shell extension 'dsv' for command environment
[0.212s] INFO:colcon.colcon_ros.task.ament_python.build:Building ROS package in '/home/leho42/Desktop/ros2-ws-2024/src/drive_ex' with build type 'ament_python'
[0.212s] Level 1:colcon.colcon_core.shell:create_environment_hook('drive_ex', 'ament_prefix_path')
[0.212s] INFO:colcon.colcon_core.shell:Creating environment hook '/home/leho42/Desktop/ros2-ws-2024/install/drive_ex/share/drive_ex/hook/ament_prefix_path.ps1'
[0.212s] INFO:colcon.colcon_core.shell:Creating environment descriptor '/home/leho42/Desktop/ros2-ws-2024/install/drive_ex/share/drive_ex/hook/ament_prefix_path.dsv'
[0.214s] INFO:colcon.colcon_core.shell:Creating environment hook '/home/leho42/Desktop/ros2-ws-2024/install/drive_ex/share/drive_ex/hook/ament_prefix_path.sh'
[0.214s] INFO:colcon.colcon_core.shell:Skip shell extension 'powershell' for command environment: Not usable outside of PowerShell
[0.214s] DEBUG:colcon.colcon_core.shell:Skip shell extension 'dsv' for command environment
[0.342s] INFO:colcon.colcon_core.task.python.build:Building Python package in '/home/leho42/Desktop/ros2-ws-2024/src/camera_test'
[0.342s] INFO:colcon.colcon_core.shell:Skip shell extension 'powershell' for command environment: Not usable outside of PowerShell
[0.342s] DEBUG:colcon.colcon_core.shell:Skip shell extension 'dsv' for command environment
[0.463s] INFO:colcon.colcon_core.task.python.build:Building Python package in '/home/leho42/Desktop/ros2-ws-2024/src/db_broker'
[0.463s] INFO:colcon.colcon_core.shell:Skip shell extension 'powershell' for command environment: Not usable outside of PowerShell
[0.463s] DEBUG:colcon.colcon_core.shell:Skip shell extension 'dsv' for command environment
[0.578s] INFO:colcon.colcon_core.task.python.build:Building Python package in '/home/leho42/Desktop/ros2-ws-2024/src/drive_cb'
[0.578s] INFO:colcon.colcon_core.shell:Skip shell extension 'powershell' for command environment: Not usable outside of PowerShell
[0.578s] DEBUG:colcon.colcon_core.shell:Skip shell extension 'dsv' for command environment
[0.693s] INFO:colcon.colcon_core.task.python.build:Building Python package in '/home/leho42/Desktop/ros2-ws-2024/src/drive_ex'
[0.693s] INFO:colcon.colcon_core.shell:Skip shell extension 'powershell' for command environment: Not usable outside of PowerShell
[0.693s] DEBUG:colcon.colcon_core.shell:Skip shell extension 'dsv' for command environment
[0.899s] DEBUG:colcon.colcon_core.event_handler.log_command:Invoking command in '/home/leho42/Desktop/ros2-ws-2024/src/drive_ex': PYTHONPATH=/home/leho42/Desktop/ros2-ws-2024/build/drive_ex/prefix_override:/home/leho42/Desktop/ros2-ws-2024/install/drive_ex/lib/python3.10/site-packages:${PYTHONPATH} /usr/bin/python3 -W ignore:setup.py install is deprecated setup.py egg_info --egg-base ../../build/drive_ex build --build-base /home/leho42/Desktop/ros2-ws-2024/build/drive_ex/build install --record /home/leho42/Desktop/ros2-ws-2024/build/drive_ex/install.log --single-version-externally-managed install_data
[0.901s] DEBUG:colcon.colcon_core.event_handler.log_command:Invoking command in '/home/leho42/Desktop/ros2-ws-2024/src/camera_test': PYTHONPATH=/home/leho42/Desktop/ros2-ws-2024/build/camera_test/prefix_override:/home/leho42/Desktop/ros2-ws-2024/install/camera_test/lib/python3.10/site-packages:${PYTHONPATH} /usr/bin/python3 -W ignore:setup.py install is deprecated setup.py egg_info --egg-base ../../build/camera_test build --build-base /home/leho42/Desktop/ros2-ws-2024/build/camera_test/build install --record /home/leho42/Desktop/ros2-ws-2024/build/camera_test/install.log --single-version-externally-managed install_data
[0.907s] DEBUG:colcon.colcon_core.event_handler.log_command:Invoking command in '/home/leho42/Desktop/ros2-ws-2024/src/db_broker': PYTHONPATH=/home/leho42/Desktop/ros2-ws-2024/build/db_broker/prefix_override:/home/leho42/Desktop/ros2-ws-2024/install/db_broker/lib/python3.10/site-packages:${PYTHONPATH} /usr/bin/python3 -W ignore:setup.py install is deprecated setup.py egg_info --egg-base ../../build/db_broker build --build-base /home/leho42/Desktop/ros2-ws-2024/build/db_broker/build install --record /home/leho42/Desktop/ros2-ws-2024/build/db_broker/install.log --single-version-externally-managed install_data
[0.929s] DEBUG:colcon.colcon_core.event_handler.log_command:Invoking command in '/home/leho42/Desktop/ros2-ws-2024/src/drive_cb': PYTHONPATH=/home/leho42/Desktop/ros2-ws-2024/build/drive_cb/prefix_override:/home/leho42/Desktop/ros2-ws-2024/install/drive_cb/lib/python3.10/site-packages:${PYTHONPATH} /usr/bin/python3 -W ignore:setup.py install is deprecated setup.py egg_info --egg-base ../../build/drive_cb build --build-base /home/leho42/Desktop/ros2-ws-2024/build/drive_cb/build install --record /home/leho42/Desktop/ros2-ws-2024/build/drive_cb/install.log --single-version-externally-managed install_data
[1.068s] DEBUG:colcon.colcon_core.event_handler.log_command:Invoked command in '/home/leho42/Desktop/ros2-ws-2024/src/drive_ex' returned '0': PYTHONPATH=/home/leho42/Desktop/ros2-ws-2024/build/drive_ex/prefix_override:/home/leho42/Desktop/ros2-ws-2024/install/drive_ex/lib/python3.10/site-packages:${PYTHONPATH} /usr/bin/python3 -W ignore:setup.py install is deprecated setup.py egg_info --egg-base ../../build/drive_ex build --build-base /home/leho42/Desktop/ros2-ws-2024/build/drive_ex/build install --record /home/leho42/Desktop/ros2-ws-2024/build/drive_ex/install.log --single-version-externally-managed install_data
[1.070s] Level 1:colcon.colcon_core.environment:checking '/home/leho42/Desktop/ros2-ws-2024/install/drive_ex' for CMake module files
[1.070s] Level 1:colcon.colcon_core.environment:checking '/home/leho42/Desktop/ros2-ws-2024/install/drive_ex' for CMake config files
[1.071s] Level 1:colcon.colcon_core.environment:checking '/home/leho42/Desktop/ros2-ws-2024/install/drive_ex/lib'
[1.071s] Level 1:colcon.colcon_core.environment:checking '/home/leho42/Desktop/ros2-ws-2024/install/drive_ex/bin'
[1.071s] Level 1:colcon.colcon_core.environment:checking '/home/leho42/Desktop/ros2-ws-2024/install/drive_ex/lib/pkgconfig/drive_ex.pc'
[1.071s] Level 1:colcon.colcon_core.environment:checking '/home/leho42/Desktop/ros2-ws-2024/install/drive_ex/lib/python3.10/site-packages'
[1.071s] Level 1:colcon.colcon_core.shell:create_environment_hook('drive_ex', 'pythonpath')
[1.071s] INFO:colcon.colcon_core.shell:Creating environment hook '/home/leho42/Desktop/ros2-ws-2024/install/drive_ex/share/drive_ex/hook/pythonpath.ps1'
[1.071s] INFO:colcon.colcon_core.shell:Creating environment descriptor '/home/leho42/Desktop/ros2-ws-2024/install/drive_ex/share/drive_ex/hook/pythonpath.dsv'
[1.072s] INFO:colcon.colcon_core.shell:Creating environment hook '/home/leho42/Desktop/ros2-ws-2024/install/drive_ex/share/drive_ex/hook/pythonpath.sh'
[1.072s] Level 1:colcon.colcon_core.environment:checking '/home/leho42/Desktop/ros2-ws-2024/install/drive_ex/bin'
[1.072s] Level 1:colcon.colcon_core.environment:create_environment_scripts_only(drive_ex)
[1.072s] INFO:colcon.colcon_core.shell:Creating package script '/home/leho42/Desktop/ros2-ws-2024/install/drive_ex/share/drive_ex/package.ps1'
[1.073s] INFO:colcon.colcon_core.shell:Creating package descriptor '/home/leho42/Desktop/ros2-ws-2024/install/drive_ex/share/drive_ex/package.dsv'
[1.073s] INFO:colcon.colcon_core.shell:Creating package script '/home/leho42/Desktop/ros2-ws-2024/install/drive_ex/share/drive_ex/package.sh'
[1.073s] INFO:colcon.colcon_core.shell:Creating package script '/home/leho42/Desktop/ros2-ws-2024/install/drive_ex/share/drive_ex/package.bash'
[1.074s] INFO:colcon.colcon_core.shell:Creating package script '/home/leho42/Desktop/ros2-ws-2024/install/drive_ex/share/drive_ex/package.zsh'
[1.074s] Level 1:colcon.colcon_core.environment:create_file_with_runtime_dependencies(/home/leho42/Desktop/ros2-ws-2024/install/drive_ex/share/colcon-core/packages/drive_ex)
[1.075s] INFO:colcon.colcon_ros.task.ament_python.build:Building ROS package in '/home/leho42/Desktop/ros2-ws-2024/src/joy_control' with build type 'ament_python'
[1.075s] Level 1:colcon.colcon_core.shell:create_environment_hook('joy_control', 'ament_prefix_path')
[1.075s] INFO:colcon.colcon_core.shell:Creating environment hook '/home/leho42/Desktop/ros2-ws-2024/install/joy_control/share/joy_control/hook/ament_prefix_path.ps1'
[1.076s] INFO:colcon.colcon_core.shell:Creating environment descriptor '/home/leho42/Desktop/ros2-ws-2024/install/joy_control/share/joy_control/hook/ament_prefix_path.dsv'
[1.076s] INFO:colcon.colcon_core.shell:Creating environment hook '/home/leho42/Desktop/ros2-ws-2024/install/joy_control/share/joy_control/hook/ament_prefix_path.sh'
[1.076s] INFO:colcon.colcon_core.shell:Skip shell extension 'powershell' for command environment: Not usable outside of PowerShell
[1.076s] DEBUG:colcon.colcon_core.shell:Skip shell extension 'dsv' for command environment
[1.079s] Level 1:colcon.colcon_core.environment:checking '/home/leho42/Desktop/ros2-ws-2024/install/camera_test' for CMake module files
[1.079s] DEBUG:colcon.colcon_core.event_handler.log_command:Invoked command in '/home/leho42/Desktop/ros2-ws-2024/src/camera_test' returned '0': PYTHONPATH=/home/leho42/Desktop/ros2-ws-2024/build/camera_test/prefix_override:/home/leho42/Desktop/ros2-ws-2024/install/camera_test/lib/python3.10/site-packages:${PYTHONPATH} /usr/bin/python3 -W ignore:setup.py install is deprecated setup.py egg_info --egg-base ../../build/camera_test build --build-base /home/leho42/Desktop/ros2-ws-2024/build/camera_test/build install --record /home/leho42/Desktop/ros2-ws-2024/build/camera_test/install.log --single-version-externally-managed install_data
[1.079s] Level 1:colcon.colcon_core.environment:checking '/home/leho42/Desktop/ros2-ws-2024/install/camera_test' for CMake config files
[1.080s] Level 1:colcon.colcon_core.shell:create_environment_hook('camera_test', 'cmake_prefix_path')
[1.080s] INFO:colcon.colcon_core.shell:Creating environment hook '/home/leho42/Desktop/ros2-ws-2024/install/camera_test/share/camera_test/hook/cmake_prefix_path.ps1'
[1.080s] INFO:colcon.colcon_core.shell:Creating environment descriptor '/home/leho42/Desktop/ros2-ws-2024/install/camera_test/share/camera_test/hook/cmake_prefix_path.dsv'
[1.080s] INFO:colcon.colcon_core.shell:Creating environment hook '/home/leho42/Desktop/ros2-ws-2024/install/camera_test/share/camera_test/hook/cmake_prefix_path.sh'
[1.080s] Level 1:colcon.colcon_core.environment:checking '/home/leho42/Desktop/ros2-ws-2024/install/camera_test/lib'
[1.080s] Level 1:colcon.colcon_core.environment:checking '/home/leho42/Desktop/ros2-ws-2024/install/camera_test/bin'
[1.080s] Level 1:colcon.colcon_core.environment:checking '/home/leho42/Desktop/ros2-ws-2024/install/camera_test/lib/pkgconfig/camera_test.pc'
[1.081s] Level 1:colcon.colcon_core.environment:checking '/home/leho42/Desktop/ros2-ws-2024/install/camera_test/lib/python3.10/site-packages'
[1.081s] Level 1:colcon.colcon_core.shell:create_environment_hook('camera_test', 'pythonpath')
[1.081s] INFO:colcon.colcon_core.shell:Creating environment hook '/home/leho42/Desktop/ros2-ws-2024/install/camera_test/share/camera_test/hook/pythonpath.ps1'
[1.081s] INFO:colcon.colcon_core.shell:Creating environment descriptor '/home/leho42/Desktop/ros2-ws-2024/install/camera_test/share/camera_test/hook/pythonpath.dsv'
[1.081s] INFO:colcon.colcon_core.shell:Creating environment hook '/home/leho42/Desktop/ros2-ws-2024/install/camera_test/share/camera_test/hook/pythonpath.sh'
[1.081s] Level 1:colcon.colcon_core.environment:checking '/home/leho42/Desktop/ros2-ws-2024/install/camera_test/bin'
[1.081s] Level 1:colcon.colcon_core.environment:create_environment_scripts_only(camera_test)
[1.081s] INFO:colcon.colcon_core.shell:Creating package script '/home/leho42/Desktop/ros2-ws-2024/install/camera_test/share/camera_test/package.ps1'
[1.082s] INFO:colcon.colcon_core.shell:Creating package descriptor '/home/leho42/Desktop/ros2-ws-2024/install/camera_test/share/camera_test/package.dsv'
[1.082s] INFO:colcon.colcon_core.shell:Creating package script '/home/leho42/Desktop/ros2-ws-2024/install/camera_test/share/camera_test/package.sh'
[1.082s] INFO:colcon.colcon_core.shell:Creating package script '/home/leho42/Desktop/ros2-ws-2024/install/camera_test/share/camera_test/package.bash'
[1.082s] INFO:colcon.colcon_core.shell:Creating package script '/home/leho42/Desktop/ros2-ws-2024/install/camera_test/share/camera_test/package.zsh'
[1.083s] Level 1:colcon.colcon_core.environment:create_file_with_runtime_dependencies(/home/leho42/Desktop/ros2-ws-2024/install/camera_test/share/colcon-core/packages/camera_test)
[1.083s] INFO:colcon.colcon_ros.task.ament_python.build:Building ROS package in '/home/leho42/Desktop/ros2-ws-2024/src/py_pubsub' with build type 'ament_python'
[1.083s] Level 1:colcon.colcon_core.shell:create_environment_hook('py_pubsub', 'ament_prefix_path')
[1.083s] INFO:colcon.colcon_core.shell:Creating environment hook '/home/leho42/Desktop/ros2-ws-2024/install/py_pubsub/share/py_pubsub/hook/ament_prefix_path.ps1'
[1.084s] INFO:colcon.colcon_core.shell:Creating environment descriptor '/home/leho42/Desktop/ros2-ws-2024/install/py_pubsub/share/py_pubsub/hook/ament_prefix_path.dsv'
[1.084s] INFO:colcon.colcon_core.shell:Creating environment hook '/home/leho42/Desktop/ros2-ws-2024/install/py_pubsub/share/py_pubsub/hook/ament_prefix_path.sh'
[1.084s] INFO:colcon.colcon_core.shell:Skip shell extension 'powershell' for command environment: Not usable outside of PowerShell
[1.084s] DEBUG:colcon.colcon_core.shell:Skip shell extension 'dsv' for command environment
[1.086s] Level 1:colcon.colcon_core.environment:checking '/home/leho42/Desktop/ros2-ws-2024/install/db_broker' for CMake module files
[1.086s] DEBUG:colcon.colcon_core.event_handler.log_command:Invoked command in '/home/leho42/Desktop/ros2-ws-2024/src/db_broker' returned '0': PYTHONPATH=/home/leho42/Desktop/ros2-ws-2024/build/db_broker/prefix_override:/home/leho42/Desktop/ros2-ws-2024/install/db_broker/lib/python3.10/site-packages:${PYTHONPATH} /usr/bin/python3 -W ignore:setup.py install is deprecated setup.py egg_info --egg-base ../../build/db_broker build --build-base /home/leho42/Desktop/ros2-ws-2024/build/db_broker/build install --record /home/leho42/Desktop/ros2-ws-2024/build/db_broker/install.log --single-version-externally-managed install_data
[1.086s] Level 1:colcon.colcon_core.environment:checking '/home/leho42/Desktop/ros2-ws-2024/install/db_broker' for CMake config files
[1.086s] Level 1:colcon.colcon_core.environment:checking '/home/leho42/Desktop/ros2-ws-2024/install/db_broker/lib'
[1.086s] Level 1:colcon.colcon_core.environment:checking '/home/leho42/Desktop/ros2-ws-2024/install/db_broker/bin'
[1.086s] Level 1:colcon.colcon_core.environment:checking '/home/leho42/Desktop/ros2-ws-2024/install/db_broker/lib/pkgconfig/db_broker.pc'
[1.087s] Level 1:colcon.colcon_core.environment:checking '/home/leho42/Desktop/ros2-ws-2024/install/db_broker/lib/python3.10/site-packages'
[1.087s] Level 1:colcon.colcon_core.shell:create_environment_hook('db_broker', 'pythonpath')
[1.087s] INFO:colcon.colcon_core.shell:Creating environment hook '/home/leho42/Desktop/ros2-ws-2024/install/db_broker/share/db_broker/hook/pythonpath.ps1'
[1.087s] INFO:colcon.colcon_core.shell:Creating environment descriptor '/home/leho42/Desktop/ros2-ws-2024/install/db_broker/share/db_broker/hook/pythonpath.dsv'
[1.087s] INFO:colcon.colcon_core.shell:Creating environment hook '/home/leho42/Desktop/ros2-ws-2024/install/db_broker/share/db_broker/hook/pythonpath.sh'
[1.087s] Level 1:colcon.colcon_core.environment:checking '/home/leho42/Desktop/ros2-ws-2024/install/db_broker/bin'
[1.087s] Level 1:colcon.colcon_core.environment:create_environment_scripts_only(db_broker)
[1.088s] INFO:colcon.colcon_core.shell:Creating package script '/home/leho42/Desktop/ros2-ws-2024/install/db_broker/share/db_broker/package.ps1'
[1.088s] INFO:colcon.colcon_core.shell:Creating package descriptor '/home/leho42/Desktop/ros2-ws-2024/install/db_broker/share/db_broker/package.dsv'
[1.088s] INFO:colcon.colcon_core.shell:Creating package script '/home/leho42/Desktop/ros2-ws-2024/install/db_broker/share/db_broker/package.sh'
[1.088s] INFO:colcon.colcon_core.shell:Creating package script '/home/leho42/Desktop/ros2-ws-2024/install/db_broker/share/db_broker/package.bash'
[1.088s] INFO:colcon.colcon_core.shell:Creating package script '/home/leho42/Desktop/ros2-ws-2024/install/db_broker/share/db_broker/package.zsh'
[1.088s] Level 1:colcon.colcon_core.environment:create_file_with_runtime_dependencies(/home/leho42/Desktop/ros2-ws-2024/install/db_broker/share/colcon-core/packages/db_broker)
[1.092s] INFO:colcon.colcon_ros.task.ament_python.build:Building ROS package in '/home/leho42/Desktop/ros2-ws-2024/src/ui' with build type 'ament_python'
[1.092s] Level 1:colcon.colcon_core.shell:create_environment_hook('ui', 'ament_prefix_path')
[1.092s] INFO:colcon.colcon_core.shell:Creating environment hook '/home/leho42/Desktop/ros2-ws-2024/install/ui/share/ui/hook/ament_prefix_path.ps1'
[1.093s] INFO:colcon.colcon_core.shell:Creating environment descriptor '/home/leho42/Desktop/ros2-ws-2024/install/ui/share/ui/hook/ament_prefix_path.dsv'
[1.093s] INFO:colcon.colcon_core.shell:Creating environment hook '/home/leho42/Desktop/ros2-ws-2024/install/ui/share/ui/hook/ament_prefix_path.sh'
[1.094s] INFO:colcon.colcon_core.shell:Skip shell extension 'powershell' for command environment: Not usable outside of PowerShell
[1.094s] DEBUG:colcon.colcon_core.shell:Skip shell extension 'dsv' for command environment
[1.221s] INFO:colcon.colcon_core.task.python.build:Building Python package in '/home/leho42/Desktop/ros2-ws-2024/src/joy_control'
[1.221s] INFO:colcon.colcon_core.shell:Skip shell extension 'powershell' for command environment: Not usable outside of PowerShell
[1.221s] DEBUG:colcon.colcon_core.shell:Skip shell extension 'dsv' for command environment
[1.223s] Level 1:colcon.colcon_core.environment:checking '/home/leho42/Desktop/ros2-ws-2024/install/drive_cb' for CMake module files
[1.224s] DEBUG:colcon.colcon_core.event_handler.log_command:Invoked command in '/home/leho42/Desktop/ros2-ws-2024/src/drive_cb' returned '0': PYTHONPATH=/home/leho42/Desktop/ros2-ws-2024/build/drive_cb/prefix_override:/home/leho42/Desktop/ros2-ws-2024/install/drive_cb/lib/python3.10/site-packages:${PYTHONPATH} /usr/bin/python3 -W ignore:setup.py install is deprecated setup.py egg_info --egg-base ../../build/drive_cb build --build-base /home/leho42/Desktop/ros2-ws-2024/build/drive_cb/build install --record /home/leho42/Desktop/ros2-ws-2024/build/drive_cb/install.log --single-version-externally-managed install_data
[1.224s] Level 1:colcon.colcon_core.environment:checking '/home/leho42/Desktop/ros2-ws-2024/install/drive_cb' for CMake config files
[1.224s] Level 1:colcon.colcon_core.environment:checking '/home/leho42/Desktop/ros2-ws-2024/install/drive_cb/lib'
[1.224s] Level 1:colcon.colcon_core.environment:checking '/home/leho42/Desktop/ros2-ws-2024/install/drive_cb/bin'
[1.224s] Level 1:colcon.colcon_core.environment:checking '/home/leho42/Desktop/ros2-ws-2024/install/drive_cb/lib/pkgconfig/drive_cb.pc'
[1.225s] Level 1:colcon.colcon_core.environment:checking '/home/leho42/Desktop/ros2-ws-2024/install/drive_cb/lib/python3.10/site-packages'
[1.225s] Level 1:colcon.colcon_core.shell:create_environment_hook('drive_cb', 'pythonpath')
[1.225s] INFO:colcon.colcon_core.shell:Creating environment hook '/home/leho42/Desktop/ros2-ws-2024/install/drive_cb/share/drive_cb/hook/pythonpath.ps1'
[1.225s] INFO:colcon.colcon_core.shell:Creating environment descriptor '/home/leho42/Desktop/ros2-ws-2024/install/drive_cb/share/drive_cb/hook/pythonpath.dsv'
[1.225s] INFO:colcon.colcon_core.shell:Creating environment hook '/home/leho42/Desktop/ros2-ws-2024/install/drive_cb/share/drive_cb/hook/pythonpath.sh'
[1.226s] Level 1:colcon.colcon_core.environment:checking '/home/leho42/Desktop/ros2-ws-2024/install/drive_cb/bin'
[1.226s] Level 1:colcon.colcon_core.environment:create_environment_scripts_only(drive_cb)
[1.226s] INFO:colcon.colcon_core.shell:Creating package script '/home/leho42/Desktop/ros2-ws-2024/install/drive_cb/share/drive_cb/package.ps1'
[1.226s] INFO:colcon.colcon_core.shell:Creating package descriptor '/home/leho42/Desktop/ros2-ws-2024/install/drive_cb/share/drive_cb/package.dsv'
[1.226s] INFO:colcon.colcon_core.shell:Creating package script '/home/leho42/Desktop/ros2-ws-2024/install/drive_cb/share/drive_cb/package.sh'
[1.227s] INFO:colcon.colcon_core.shell:Creating package script '/home/leho42/Desktop/ros2-ws-2024/install/drive_cb/share/drive_cb/package.bash'
[1.227s] INFO:colcon.colcon_core.shell:Creating package script '/home/leho42/Desktop/ros2-ws-2024/install/drive_cb/share/drive_cb/package.zsh'
[1.227s] Level 1:colcon.colcon_core.environment:create_file_with_runtime_dependencies(/home/leho42/Desktop/ros2-ws-2024/install/drive_cb/share/colcon-core/packages/drive_cb)
[1.347s] INFO:colcon.colcon_core.task.python.build:Building Python package in '/home/leho42/Desktop/ros2-ws-2024/src/py_pubsub'
[1.348s] INFO:colcon.colcon_core.shell:Skip shell extension 'powershell' for command environment: Not usable outside of PowerShell
[1.348s] DEBUG:colcon.colcon_core.shell:Skip shell extension 'dsv' for command environment
[1.465s] INFO:colcon.colcon_core.task.python.build:Building Python package in '/home/leho42/Desktop/ros2-ws-2024/src/ui'
[1.465s] INFO:colcon.colcon_core.shell:Skip shell extension 'powershell' for command environment: Not usable outside of PowerShell
[1.465s] DEBUG:colcon.colcon_core.shell:Skip shell extension 'dsv' for command environment
[1.643s] DEBUG:colcon.colcon_core.event_handler.log_command:Invoking command in '/home/leho42/Desktop/ros2-ws-2024/src/py_pubsub': PYTHONPATH=/home/leho42/Desktop/ros2-ws-2024/build/py_pubsub/prefix_override:/home/leho42/Desktop/ros2-ws-2024/install/py_pubsub/lib/python3.10/site-packages:${PYTHONPATH} /usr/bin/python3 -W ignore:setup.py install is deprecated setup.py egg_info --egg-base ../../build/py_pubsub build --build-base /home/leho42/Desktop/ros2-ws-2024/build/py_pubsub/build install --record /home/leho42/Desktop/ros2-ws-2024/build/py_pubsub/install.log --single-version-externally-managed install_data
[1.643s] DEBUG:colcon.colcon_core.event_handler.log_command:Invoking command in '/home/leho42/Desktop/ros2-ws-2024/src/joy_control': PYTHONPATH=/home/leho42/Desktop/ros2-ws-2024/build/joy_control/prefix_override:/home/leho42/Desktop/ros2-ws-2024/install/joy_control/lib/python3.10/site-packages:${PYTHONPATH} /usr/bin/python3 -W ignore:setup.py install is deprecated setup.py egg_info --egg-base ../../build/joy_control build --build-base /home/leho42/Desktop/ros2-ws-2024/build/joy_control/build install --record /home/leho42/Desktop/ros2-ws-2024/build/joy_control/install.log --single-version-externally-managed install_data
[1.648s] DEBUG:colcon.colcon_core.event_handler.log_command:Invoking command in '/home/leho42/Desktop/ros2-ws-2024/src/ui': PYTHONPATH=/home/leho42/Desktop/ros2-ws-2024/build/ui/prefix_override:/home/leho42/Desktop/ros2-ws-2024/install/ui/lib/python3.10/site-packages:${PYTHONPATH} /usr/bin/python3 -W ignore:setup.py install is deprecated setup.py egg_info --egg-base ../../build/ui build --build-base /home/leho42/Desktop/ros2-ws-2024/build/ui/build install --record /home/leho42/Desktop/ros2-ws-2024/build/ui/install.log --single-version-externally-managed install_data
[1.785s] Level 1:colcon.colcon_core.environment:checking '/home/leho42/Desktop/ros2-ws-2024/install/joy_control' for CMake module files
[1.785s] DEBUG:colcon.colcon_core.event_handler.log_command:Invoked command in '/home/leho42/Desktop/ros2-ws-2024/src/joy_control' returned '0': PYTHONPATH=/home/leho42/Desktop/ros2-ws-2024/build/joy_control/prefix_override:/home/leho42/Desktop/ros2-ws-2024/install/joy_control/lib/python3.10/site-packages:${PYTHONPATH} /usr/bin/python3 -W ignore:setup.py install is deprecated setup.py egg_info --egg-base ../../build/joy_control build --build-base /home/leho42/Desktop/ros2-ws-2024/build/joy_control/build install --record /home/leho42/Desktop/ros2-ws-2024/build/joy_control/install.log --single-version-externally-managed install_data
[1.785s] Level 1:colcon.colcon_core.environment:checking '/home/leho42/Desktop/ros2-ws-2024/install/joy_control' for CMake config files
[1.786s] Level 1:colcon.colcon_core.environment:checking '/home/leho42/Desktop/ros2-ws-2024/install/joy_control/lib'
[1.786s] Level 1:colcon.colcon_core.environment:checking '/home/leho42/Desktop/ros2-ws-2024/install/joy_control/bin'
[1.786s] Level 1:colcon.colcon_core.environment:checking '/home/leho42/Desktop/ros2-ws-2024/install/joy_control/lib/pkgconfig/joy_control.pc'
[1.786s] Level 1:colcon.colcon_core.environment:checking '/home/leho42/Desktop/ros2-ws-2024/install/joy_control/lib/python3.10/site-packages'
[1.786s] Level 1:colcon.colcon_core.shell:create_environment_hook('joy_control', 'pythonpath')
[1.786s] INFO:colcon.colcon_core.shell:Creating environment hook '/home/leho42/Desktop/ros2-ws-2024/install/joy_control/share/joy_control/hook/pythonpath.ps1'
[1.786s] INFO:colcon.colcon_core.shell:Creating environment descriptor '/home/leho42/Desktop/ros2-ws-2024/install/joy_control/share/joy_control/hook/pythonpath.dsv'
[1.786s] INFO:colcon.colcon_core.shell:Creating environment hook '/home/leho42/Desktop/ros2-ws-2024/install/joy_control/share/joy_control/hook/pythonpath.sh'
[1.787s] Level 1:colcon.colcon_core.environment:checking '/home/leho42/Desktop/ros2-ws-2024/install/joy_control/bin'
[1.787s] Level 1:colcon.colcon_core.environment:create_environment_scripts_only(joy_control)
[1.787s] INFO:colcon.colcon_core.shell:Creating package script '/home/leho42/Desktop/ros2-ws-2024/install/joy_control/share/joy_control/package.ps1'
[1.787s] INFO:colcon.colcon_core.shell:Creating package descriptor '/home/leho42/Desktop/ros2-ws-2024/install/joy_control/share/joy_control/package.dsv'
[1.787s] INFO:colcon.colcon_core.shell:Creating package script '/home/leho42/Desktop/ros2-ws-2024/install/joy_control/share/joy_control/package.sh'
[1.788s] INFO:colcon.colcon_core.shell:Creating package script '/home/leho42/Desktop/ros2-ws-2024/install/joy_control/share/joy_control/package.bash'
[1.788s] INFO:colcon.colcon_core.shell:Creating package script '/home/leho42/Desktop/ros2-ws-2024/install/joy_control/share/joy_control/package.zsh'
[1.788s] Level 1:colcon.colcon_core.environment:create_file_with_runtime_dependencies(/home/leho42/Desktop/ros2-ws-2024/install/joy_control/share/colcon-core/packages/joy_control)
[1.789s] Level 1:colcon.colcon_core.environment:checking '/home/leho42/Desktop/ros2-ws-2024/install/py_pubsub' for CMake module files
[1.790s] DEBUG:colcon.colcon_core.event_handler.log_command:Invoked command in '/home/leho42/Desktop/ros2-ws-2024/src/py_pubsub' returned '0': PYTHONPATH=/home/leho42/Desktop/ros2-ws-2024/build/py_pubsub/prefix_override:/home/leho42/Desktop/ros2-ws-2024/install/py_pubsub/lib/python3.10/site-packages:${PYTHONPATH} /usr/bin/python3 -W ignore:setup.py install is deprecated setup.py egg_info --egg-base ../../build/py_pubsub build --build-base /home/leho42/Desktop/ros2-ws-2024/build/py_pubsub/build install --record /home/leho42/Desktop/ros2-ws-2024/build/py_pubsub/install.log --single-version-externally-managed install_data
[1.790s] Level 1:colcon.colcon_core.environment:checking '/home/leho42/Desktop/ros2-ws-2024/install/py_pubsub' for CMake config files
[1.790s] Level 1:colcon.colcon_core.environment:checking '/home/leho42/Desktop/ros2-ws-2024/install/py_pubsub/lib'
[1.790s] Level 1:colcon.colcon_core.environment:checking '/home/leho42/Desktop/ros2-ws-2024/install/py_pubsub/bin'
[1.790s] Level 1:colcon.colcon_core.environment:checking '/home/leho42/Desktop/ros2-ws-2024/install/py_pubsub/lib/pkgconfig/py_pubsub.pc'
[1.790s] Level 1:colcon.colcon_core.environment:checking '/home/leho42/Desktop/ros2-ws-2024/install/py_pubsub/lib/python3.10/site-packages'
[1.790s] Level 1:colcon.colcon_core.shell:create_environment_hook('py_pubsub', 'pythonpath')
[1.790s] INFO:colcon.colcon_core.shell:Creating environment hook '/home/leho42/Desktop/ros2-ws-2024/install/py_pubsub/share/py_pubsub/hook/pythonpath.ps1'
[1.790s] INFO:colcon.colcon_core.shell:Creating environment descriptor '/home/leho42/Desktop/ros2-ws-2024/install/py_pubsub/share/py_pubsub/hook/pythonpath.dsv'
[1.791s] INFO:colcon.colcon_core.shell:Creating environment hook '/home/leho42/Desktop/ros2-ws-2024/install/py_pubsub/share/py_pubsub/hook/pythonpath.sh'
[1.791s] Level 1:colcon.colcon_core.environment:checking '/home/leho42/Desktop/ros2-ws-2024/install/py_pubsub/bin'
[1.792s] Level 1:colcon.colcon_core.environment:create_environment_scripts_only(py_pubsub)
[1.792s] INFO:colcon.colcon_core.shell:Creating package script '/home/leho42/Desktop/ros2-ws-2024/install/py_pubsub/share/py_pubsub/package.ps1'
[1.792s] INFO:colcon.colcon_core.shell:Creating package descriptor '/home/leho42/Desktop/ros2-ws-2024/install/py_pubsub/share/py_pubsub/package.dsv'
[1.792s] INFO:colcon.colcon_core.shell:Creating package script '/home/leho42/Desktop/ros2-ws-2024/install/py_pubsub/share/py_pubsub/package.sh'
[1.792s] INFO:colcon.colcon_core.shell:Creating package script '/home/leho42/Desktop/ros2-ws-2024/install/py_pubsub/share/py_pubsub/package.bash'
[1.793s] INFO:colcon.colcon_core.shell:Creating package script '/home/leho42/Desktop/ros2-ws-2024/install/py_pubsub/share/py_pubsub/package.zsh'
[1.793s] Level 1:colcon.colcon_core.environment:create_file_with_runtime_dependencies(/home/leho42/Desktop/ros2-ws-2024/install/py_pubsub/share/colcon-core/packages/py_pubsub)
[1.794s] Level 1:colcon.colcon_core.environment:checking '/home/leho42/Desktop/ros2-ws-2024/install/ui' for CMake module files
[1.794s] DEBUG:colcon.colcon_core.event_handler.log_command:Invoked command in '/home/leho42/Desktop/ros2-ws-2024/src/ui' returned '0': PYTHONPATH=/home/leho42/Desktop/ros2-ws-2024/build/ui/prefix_override:/home/leho42/Desktop/ros2-ws-2024/install/ui/lib/python3.10/site-packages:${PYTHONPATH} /usr/bin/python3 -W ignore:setup.py install is deprecated setup.py egg_info --egg-base ../../build/ui build --build-base /home/leho42/Desktop/ros2-ws-2024/build/ui/build install --record /home/leho42/Desktop/ros2-ws-2024/build/ui/install.log --single-version-externally-managed install_data
[1.795s] Level 1:colcon.colcon_core.environment:checking '/home/leho42/Desktop/ros2-ws-2024/install/ui' for CMake config files
[1.795s] Level 1:colcon.colcon_core.environment:checking '/home/leho42/Desktop/ros2-ws-2024/install/ui/lib'
[1.795s] Level 1:colcon.colcon_core.environment:checking '/home/leho42/Desktop/ros2-ws-2024/install/ui/bin'
[1.795s] Level 1:colcon.colcon_core.environment:checking '/home/leho42/Desktop/ros2-ws-2024/install/ui/lib/pkgconfig/ui.pc'
[1.795s] Level 1:colcon.colcon_core.environment:checking '/home/leho42/Desktop/ros2-ws-2024/install/ui/lib/python3.10/site-packages'
[1.795s] Level 1:colcon.colcon_core.shell:create_environment_hook('ui', 'pythonpath')
[1.795s] INFO:colcon.colcon_core.shell:Creating environment hook '/home/leho42/Desktop/ros2-ws-2024/install/ui/share/ui/hook/pythonpath.ps1'
[1.795s] INFO:colcon.colcon_core.shell:Creating environment descriptor '/home/leho42/Desktop/ros2-ws-2024/install/ui/share/ui/hook/pythonpath.dsv'
[1.796s] INFO:colcon.colcon_core.shell:Creating environment hook '/home/leho42/Desktop/ros2-ws-2024/install/ui/share/ui/hook/pythonpath.sh'
[1.796s] Level 1:colcon.colcon_core.environment:checking '/home/leho42/Desktop/ros2-ws-2024/install/ui/bin'
[1.796s] Level 1:colcon.colcon_core.environment:create_environment_scripts_only(ui)
[1.796s] INFO:colcon.colcon_core.shell:Creating package script '/home/leho42/Desktop/ros2-ws-2024/install/ui/share/ui/package.ps1'
[1.796s] INFO:colcon.colcon_core.shell:Creating package descriptor '/home/leho42/Desktop/ros2-ws-2024/install/ui/share/ui/package.dsv'
[1.797s] INFO:colcon.colcon_core.shell:Creating package script '/home/leho42/Desktop/ros2-ws-2024/install/ui/share/ui/package.sh'
[1.797s] INFO:colcon.colcon_core.shell:Creating package script '/home/leho42/Desktop/ros2-ws-2024/install/ui/share/ui/package.bash'
[1.797s] INFO:colcon.colcon_core.shell:Creating package script '/home/leho42/Desktop/ros2-ws-2024/install/ui/share/ui/package.zsh'
[1.797s] Level 1:colcon.colcon_core.environment:create_file_with_runtime_dependencies(/home/leho42/Desktop/ros2-ws-2024/install/ui/share/colcon-core/packages/ui)
[1.797s] DEBUG:colcon.colcon_parallel_executor.executor.parallel:closing loop
[1.798s] DEBUG:colcon.colcon_parallel_executor.executor.parallel:loop closed
[1.798s] DEBUG:colcon.colcon_parallel_executor.executor.parallel:run_until_complete finished with '0'
[1.798s] DEBUG:colcon.colcon_core.event_reactor:joining thread
[1.802s] INFO:colcon.colcon_core.plugin_system:Skipping extension 'colcon_notification.desktop_notification.terminal_notifier': Not used on non-Darwin systems
[1.802s] INFO:colcon.colcon_core.plugin_system:Skipping extension 'colcon_notification.desktop_notification.win32': Not used on non-Windows systems
[1.802s] INFO:colcon.colcon_notification.desktop_notification:Sending desktop notification using 'notify2'
[1.815s] DEBUG:colcon.colcon_core.event_reactor:joined thread
[1.815s] INFO:colcon.colcon_core.shell:Creating prefix script '/home/leho42/Desktop/ros2-ws-2024/install/local_setup.ps1'
[1.816s] INFO:colcon.colcon_core.shell:Creating prefix util module '/home/leho42/Desktop/ros2-ws-2024/install/_local_setup_util_ps1.py'
[1.816s] INFO:colcon.colcon_core.shell:Creating prefix chain script '/home/leho42/Desktop/ros2-ws-2024/install/setup.ps1'
[1.817s] INFO:colcon.colcon_core.shell:Creating prefix script '/home/leho42/Desktop/ros2-ws-2024/install/local_setup.sh'
[1.817s] INFO:colcon.colcon_core.shell:Creating prefix util module '/home/leho42/Desktop/ros2-ws-2024/install/_local_setup_util_sh.py'
[1.818s] INFO:colcon.colcon_core.shell:Creating prefix chain script '/home/leho42/Desktop/ros2-ws-2024/install/setup.sh'
[1.818s] INFO:colcon.colcon_core.shell:Creating prefix script '/home/leho42/Desktop/ros2-ws-2024/install/local_setup.bash'
[1.819s] INFO:colcon.colcon_core.shell:Creating prefix chain script '/home/leho42/Desktop/ros2-ws-2024/install/setup.bash'
[1.819s] INFO:colcon.colcon_core.shell:Creating prefix script '/home/leho42/Desktop/ros2-ws-2024/install/local_setup.zsh'
[1.819s] INFO:colcon.colcon_core.shell:Creating prefix chain script '/home/leho42/Desktop/ros2-ws-2024/install/setup.zsh'
