[7.566s] Invoking command in '/home/beachlbl/porter/ros2-ws-2024/src/ui': PYTHONPATH=/home/beachlbl/porter/ros2-ws-2024/build/ui/prefix_override:/home/beachlbl/porter/ros2-ws-2024/install/ui/lib/python3.10/site-packages:${PYTHONPATH} /usr/bin/python3 -W ignore:setup.py install is deprecated setup.py egg_info --egg-base ../../build/ui build --build-base /home/beachlbl/porter/ros2-ws-2024/build/ui/build install --record /home/beachlbl/porter/ros2-ws-2024/build/ui/install.log --single-version-externally-managed install_data
[9.319s] running egg_info
[9.323s] writing ../../build/ui/ui.egg-info/PKG-INFO
[9.327s] writing dependency_links to ../../build/ui/ui.egg-info/dependency_links.txt
[9.328s] writing entry points to ../../build/ui/ui.egg-info/entry_points.txt
[9.329s] writing requirements to ../../build/ui/ui.egg-info/requires.txt
[9.329s] writing top-level names to ../../build/ui/ui.egg-info/top_level.txt
[9.345s] reading manifest file '../../build/ui/ui.egg-info/SOURCES.txt'
[9.348s] adding license file 'LICENSE'
[9.351s] writing manifest file '../../build/ui/ui.egg-info/SOURCES.txt'
[9.352s] running build
[9.354s] running build_py
[9.360s] running install
[9.363s] running install_lib
[9.380s] running install_data
[9.387s] running install_egg_info
[9.399s] removing '/home/beachlbl/porter/ros2-ws-2024/install/ui/lib/python3.10/site-packages/ui-0.0.0-py3.10.egg-info' (and everything under it)
[9.403s] Copying ../../build/ui/ui.egg-info to /home/beachlbl/porter/ros2-ws-2024/install/ui/lib/python3.10/site-packages/ui-0.0.0-py3.10.egg-info
[9.416s] running install_scripts
[9.635s] Installing ui_health script to /home/beachlbl/porter/ros2-ws-2024/install/ui/lib/ui
[9.647s] writing list of installed files to '/home/beachlbl/porter/ros2-ws-2024/build/ui/install.log'
[9.911s] Invoked command in '/home/beachlbl/porter/ros2-ws-2024/src/ui' returned '0': PYTHONPATH=/home/beachlbl/porter/ros2-ws-2024/build/ui/prefix_override:/home/beachlbl/porter/ros2-ws-2024/install/ui/lib/python3.10/site-packages:${PYTHONPATH} /usr/bin/python3 -W ignore:setup.py install is deprecated setup.py egg_info --egg-base ../../build/ui build --build-base /home/beachlbl/porter/ros2-ws-2024/build/ui/build install --record /home/beachlbl/porter/ros2-ws-2024/build/ui/install.log --single-version-externally-managed install_data
