[7.606s] Invoking command in '/home/beachlbl/porter/ros2-ws-2024/src/drive_cb': PYTHONPATH=/home/beachlbl/porter/ros2-ws-2024/build/drive_cb/prefix_override:/home/beachlbl/porter/ros2-ws-2024/install/drive_cb/lib/python3.10/site-packages:${PYTHONPATH} /usr/bin/python3 -W ignore:setup.py install is deprecated setup.py egg_info --egg-base ../../build/drive_cb build --build-base /home/beachlbl/porter/ros2-ws-2024/build/drive_cb/build install --record /home/beachlbl/porter/ros2-ws-2024/build/drive_cb/install.log --single-version-externally-managed install_data
[9.345s] running egg_info
[9.351s] writing ../../build/drive_cb/drive_cb.egg-info/PKG-INFO
[9.353s] writing dependency_links to ../../build/drive_cb/drive_cb.egg-info/dependency_links.txt
[9.355s] writing entry points to ../../build/drive_cb/drive_cb.egg-info/entry_points.txt
[9.356s] writing requirements to ../../build/drive_cb/drive_cb.egg-info/requires.txt
[9.357s] writing top-level names to ../../build/drive_cb/drive_cb.egg-info/top_level.txt
[9.368s] reading manifest file '../../build/drive_cb/drive_cb.egg-info/SOURCES.txt'
[9.371s] adding license file 'LICENSE'
[9.375s] writing manifest file '../../build/drive_cb/drive_cb.egg-info/SOURCES.txt'
[9.377s] running build
[9.379s] running build_py
[9.380s] running install
[9.382s] running install_lib
[9.403s] running install_data
[9.405s] running install_egg_info
[9.412s] removing '/home/beachlbl/porter/ros2-ws-2024/install/drive_cb/lib/python3.10/site-packages/drive_cb-0.0.0-py3.10.egg-info' (and everything under it)
[9.418s] Copying ../../build/drive_cb/drive_cb.egg-info to /home/beachlbl/porter/ros2-ws-2024/install/drive_cb/lib/python3.10/site-packages/drive_cb-0.0.0-py3.10.egg-info
[9.441s] running install_scripts
[9.642s] Installing drivetrain_cb script to /home/beachlbl/porter/ros2-ws-2024/install/drive_cb/lib/drive_cb
[9.645s] writing list of installed files to '/home/beachlbl/porter/ros2-ws-2024/build/drive_cb/install.log'
[9.903s] Invoked command in '/home/beachlbl/porter/ros2-ws-2024/src/drive_cb' returned '0': PYTHONPATH=/home/beachlbl/porter/ros2-ws-2024/build/drive_cb/prefix_override:/home/beachlbl/porter/ros2-ws-2024/install/drive_cb/lib/python3.10/site-packages:${PYTHONPATH} /usr/bin/python3 -W ignore:setup.py install is deprecated setup.py egg_info --egg-base ../../build/drive_cb build --build-base /home/beachlbl/porter/ros2-ws-2024/build/drive_cb/build install --record /home/beachlbl/porter/ros2-ws-2024/build/drive_cb/install.log --single-version-externally-managed install_data
