[8.495s] Invoking command in '/home/beachlbl/porter/ros2-ws-2024/src/joy_control': PYTHONPATH=/home/beachlbl/porter/ros2-ws-2024/build/joy_control/prefix_override:/home/beachlbl/porter/ros2-ws-2024/install/joy_control/lib/python3.10/site-packages:${PYTHONPATH} /usr/bin/python3 -W ignore:setup.py install is deprecated setup.py egg_info --egg-base ../../build/joy_control build --build-base /home/beachlbl/porter/ros2-ws-2024/build/joy_control/build install --record /home/beachlbl/porter/ros2-ws-2024/build/joy_control/install.log --single-version-externally-managed install_data
[10.723s] running egg_info
[10.727s] writing ../../build/joy_control/joy_control.egg-info/PKG-INFO
[10.730s] writing dependency_links to ../../build/joy_control/joy_control.egg-info/dependency_links.txt
[10.731s] writing entry points to ../../build/joy_control/joy_control.egg-info/entry_points.txt
[10.732s] writing requirements to ../../build/joy_control/joy_control.egg-info/requires.txt
[10.733s] writing top-level names to ../../build/joy_control/joy_control.egg-info/top_level.txt
[10.742s] reading manifest file '../../build/joy_control/joy_control.egg-info/SOURCES.txt'
[10.744s] adding license file 'LICENSE'
[10.747s] writing manifest file '../../build/joy_control/joy_control.egg-info/SOURCES.txt'
[10.747s] running build
[10.748s] running build_py
[10.749s] running install
[10.751s] running install_lib
[10.757s] running install_data
[10.758s] running install_egg_info
[10.765s] removing '/home/beachlbl/porter/ros2-ws-2024/install/joy_control/lib/python3.10/site-packages/joy_control-0.0.0-py3.10.egg-info' (and everything under it)
[10.767s] Copying ../../build/joy_control/joy_control.egg-info to /home/beachlbl/porter/ros2-ws-2024/install/joy_control/lib/python3.10/site-packages/joy_control-0.0.0-py3.10.egg-info
[10.774s] running install_scripts
[10.878s] Installing talker script to /home/beachlbl/porter/ros2-ws-2024/install/joy_control/lib/joy_control
[10.881s] writing list of installed files to '/home/beachlbl/porter/ros2-ws-2024/build/joy_control/install.log'
[11.050s] Invoked command in '/home/beachlbl/porter/ros2-ws-2024/src/joy_control' returned '0': PYTHONPATH=/home/beachlbl/porter/ros2-ws-2024/build/joy_control/prefix_override:/home/beachlbl/porter/ros2-ws-2024/install/joy_control/lib/python3.10/site-packages:${PYTHONPATH} /usr/bin/python3 -W ignore:setup.py install is deprecated setup.py egg_info --egg-base ../../build/joy_control build --build-base /home/beachlbl/porter/ros2-ws-2024/build/joy_control/build install --record /home/beachlbl/porter/ros2-ws-2024/build/joy_control/install.log --single-version-externally-managed install_data
