[5.959s] Invoking command in '/home/beachlbl/porter/ros2-ws-2024/src/ui': PYTHONPATH=/home/beachlbl/porter/ros2-ws-2024/build/ui/prefix_override:/home/beachlbl/porter/ros2-ws-2024/install/ui/lib/python3.10/site-packages:${PYTHONPATH} /usr/bin/python3 -W ignore:setup.py install is deprecated setup.py egg_info --egg-base ../../build/ui build --build-base /home/beachlbl/porter/ros2-ws-2024/build/ui/build install --record /home/beachlbl/porter/ros2-ws-2024/build/ui/install.log --single-version-externally-managed install_data
[7.400s] running egg_info
[7.401s] writing ../../build/ui/ui.egg-info/PKG-INFO
[7.403s] writing dependency_links to ../../build/ui/ui.egg-info/dependency_links.txt
[7.404s] writing entry points to ../../build/ui/ui.egg-info/entry_points.txt
[7.405s] writing requirements to ../../build/ui/ui.egg-info/requires.txt
[7.407s] writing top-level names to ../../build/ui/ui.egg-info/top_level.txt
[7.416s] reading manifest file '../../build/ui/ui.egg-info/SOURCES.txt'
[7.418s] adding license file 'LICENSE'
[7.422s] writing manifest file '../../build/ui/ui.egg-info/SOURCES.txt'
[7.423s] running build
[7.424s] running build_py
[7.427s] copying ui/ui_health.py -> /home/beachlbl/porter/ros2-ws-2024/build/ui/build/lib/ui
[7.430s] running install
[7.432s] running install_lib
[7.432s] copying /home/beachlbl/porter/ros2-ws-2024/build/ui/build/lib/ui/ui_health.py -> /home/beachlbl/porter/ros2-ws-2024/install/ui/lib/python3.10/site-packages/ui
[7.435s] byte-compiling /home/beachlbl/porter/ros2-ws-2024/install/ui/lib/python3.10/site-packages/ui/ui_health.py to ui_health.cpython-310.pyc
[7.440s] running install_data
[7.442s] running install_egg_info
[7.450s] removing '/home/beachlbl/porter/ros2-ws-2024/install/ui/lib/python3.10/site-packages/ui-0.0.0-py3.10.egg-info' (and everything under it)
[7.452s] Copying ../../build/ui/ui.egg-info to /home/beachlbl/porter/ros2-ws-2024/install/ui/lib/python3.10/site-packages/ui-0.0.0-py3.10.egg-info
[7.459s] running install_scripts
[7.570s] Installing ui_health script to /home/beachlbl/porter/ros2-ws-2024/install/ui/lib/ui
[7.573s] writing list of installed files to '/home/beachlbl/porter/ros2-ws-2024/build/ui/install.log'
[7.843s] Invoked command in '/home/beachlbl/porter/ros2-ws-2024/src/ui' returned '0': PYTHONPATH=/home/beachlbl/porter/ros2-ws-2024/build/ui/prefix_override:/home/beachlbl/porter/ros2-ws-2024/install/ui/lib/python3.10/site-packages:${PYTHONPATH} /usr/bin/python3 -W ignore:setup.py install is deprecated setup.py egg_info --egg-base ../../build/ui build --build-base /home/beachlbl/porter/ros2-ws-2024/build/ui/build install --record /home/beachlbl/porter/ros2-ws-2024/build/ui/install.log --single-version-externally-managed install_data
