[0.759s] Invoking command in '/home/porterclev/ros2-ws-2024/src/py_pubsub': PYTHONPATH=/home/porterclev/ros2-ws-2024/build/py_pubsub/prefix_override:/home/porterclev/ros2-ws-2024/install/py_pubsub/lib/python3.10/site-packages:${PYTHONPATH} /usr/bin/python3 -W ignore:setup.py install is deprecated setup.py egg_info --egg-base ../../build/py_pubsub build --build-base /home/porterclev/ros2-ws-2024/build/py_pubsub/build install --record /home/porterclev/ros2-ws-2024/build/py_pubsub/install.log --single-version-externally-managed install_data
[1.031s] running egg_info
[1.033s] writing ../../build/py_pubsub/py_pubsub.egg-info/PKG-INFO
[1.034s] writing dependency_links to ../../build/py_pubsub/py_pubsub.egg-info/dependency_links.txt
[1.036s] writing entry points to ../../build/py_pubsub/py_pubsub.egg-info/entry_points.txt
[1.037s] writing requirements to ../../build/py_pubsub/py_pubsub.egg-info/requires.txt
[1.037s] writing top-level names to ../../build/py_pubsub/py_pubsub.egg-info/top_level.txt
[1.039s] reading manifest file '../../build/py_pubsub/py_pubsub.egg-info/SOURCES.txt'
[1.039s] adding license file 'LICENSE'
[1.040s] writing manifest file '../../build/py_pubsub/py_pubsub.egg-info/SOURCES.txt'
[1.040s] running build
[1.041s] running build_py
[1.041s] running install
[1.042s] running install_lib
[1.043s] running install_data
[1.044s] running install_egg_info
[1.046s] removing '/home/porterclev/ros2-ws-2024/install/py_pubsub/lib/python3.10/site-packages/py_pubsub-0.0.0-py3.10.egg-info' (and everything under it)
[1.046s] Copying ../../build/py_pubsub/py_pubsub.egg-info to /home/porterclev/ros2-ws-2024/install/py_pubsub/lib/python3.10/site-packages/py_pubsub-0.0.0-py3.10.egg-info
[1.055s] running install_scripts
[1.079s] writing list of installed files to '/home/porterclev/ros2-ws-2024/build/py_pubsub/install.log'
[1.122s] Invoked command in '/home/porterclev/ros2-ws-2024/src/py_pubsub' returned '0': PYTHONPATH=/home/porterclev/ros2-ws-2024/build/py_pubsub/prefix_override:/home/porterclev/ros2-ws-2024/install/py_pubsub/lib/python3.10/site-packages:${PYTHONPATH} /usr/bin/python3 -W ignore:setup.py install is deprecated setup.py egg_info --egg-base ../../build/py_pubsub build --build-base /home/porterclev/ros2-ws-2024/build/py_pubsub/build install --record /home/porterclev/ros2-ws-2024/build/py_pubsub/install.log --single-version-externally-managed install_data
