[7.995s] Invoking command in '/home/beachlbl/porter/ros2-ws-2024/src/sensors': PYTHONPATH=/home/beachlbl/porter/ros2-ws-2024/build/sensors/prefix_override:/home/beachlbl/porter/ros2-ws-2024/install/sensors/lib/python3.10/site-packages:${PYTHONPATH} /usr/bin/python3 -W ignore:setup.py install is deprecated setup.py egg_info --egg-base ../../build/sensors build --build-base /home/beachlbl/porter/ros2-ws-2024/build/sensors/build install --record /home/beachlbl/porter/ros2-ws-2024/build/sensors/install.log --single-version-externally-managed install_data
[9.755s] running egg_info
[9.759s] writing ../../build/sensors/sensors.egg-info/PKG-INFO
[9.764s] writing dependency_links to ../../build/sensors/sensors.egg-info/dependency_links.txt
[9.765s] writing entry points to ../../build/sensors/sensors.egg-info/entry_points.txt
[9.776s] writing requirements to ../../build/sensors/sensors.egg-info/requires.txt
[9.777s] writing top-level names to ../../build/sensors/sensors.egg-info/top_level.txt
[9.781s] reading manifest file '../../build/sensors/sensors.egg-info/SOURCES.txt'
[9.787s] adding license file 'LICENSE'
[9.788s] writing manifest file '../../build/sensors/sensors.egg-info/SOURCES.txt'
[9.790s] running build
[9.791s] running build_py
[9.798s] copying sensors/sensors_sub.py -> /home/beachlbl/porter/ros2-ws-2024/build/sensors/build/lib/sensors
[9.803s] running install
[9.807s] running install_lib
[9.815s] copying /home/beachlbl/porter/ros2-ws-2024/build/sensors/build/lib/sensors/sensors_sub.py -> /home/beachlbl/porter/ros2-ws-2024/install/sensors/lib/python3.10/site-packages/sensors
[9.822s] byte-compiling /home/beachlbl/porter/ros2-ws-2024/install/sensors/lib/python3.10/site-packages/sensors/sensors_sub.py to sensors_sub.cpython-310.pyc
[9.830s] running install_data
[9.833s] running install_egg_info
[9.843s] removing '/home/beachlbl/porter/ros2-ws-2024/install/sensors/lib/python3.10/site-packages/sensors-0.0.0-py3.10.egg-info' (and everything under it)
[9.846s] Copying ../../build/sensors/sensors.egg-info to /home/beachlbl/porter/ros2-ws-2024/install/sensors/lib/python3.10/site-packages/sensors-0.0.0-py3.10.egg-info
[9.857s] running install_scripts
[10.064s] Installing sensors_sub script to /home/beachlbl/porter/ros2-ws-2024/install/sensors/lib/sensors
[10.072s] writing list of installed files to '/home/beachlbl/porter/ros2-ws-2024/build/sensors/install.log'
[10.344s] Invoked command in '/home/beachlbl/porter/ros2-ws-2024/src/sensors' returned '0': PYTHONPATH=/home/beachlbl/porter/ros2-ws-2024/build/sensors/prefix_override:/home/beachlbl/porter/ros2-ws-2024/install/sensors/lib/python3.10/site-packages:${PYTHONPATH} /usr/bin/python3 -W ignore:setup.py install is deprecated setup.py egg_info --egg-base ../../build/sensors build --build-base /home/beachlbl/porter/ros2-ws-2024/build/sensors/build install --record /home/beachlbl/porter/ros2-ws-2024/build/sensors/install.log --single-version-externally-managed install_data
