[8.356s] Invoking command in '/home/beachlbl/porter/ros2-ws-2024/src/sensors': PYTHONPATH=/home/beachlbl/porter/ros2-ws-2024/build/sensors/prefix_override:/home/beachlbl/porter/ros2-ws-2024/install/sensors/lib/python3.10/site-packages:${PYTHONPATH} /usr/bin/python3 -W ignore:setup.py install is deprecated setup.py egg_info --egg-base ../../build/sensors build --build-base /home/beachlbl/porter/ros2-ws-2024/build/sensors/build install --record /home/beachlbl/porter/ros2-ws-2024/build/sensors/install.log --single-version-externally-managed install_data
[9.870s] running egg_info
[9.872s] writing ../../build/sensors/sensors.egg-info/PKG-INFO
[9.874s] writing dependency_links to ../../build/sensors/sensors.egg-info/dependency_links.txt
[9.875s] writing entry points to ../../build/sensors/sensors.egg-info/entry_points.txt
[9.876s] writing requirements to ../../build/sensors/sensors.egg-info/requires.txt
[9.877s] writing top-level names to ../../build/sensors/sensors.egg-info/top_level.txt
[9.886s] reading manifest file '../../build/sensors/sensors.egg-info/SOURCES.txt'
[9.887s] adding license file 'LICENSE'
[9.890s] writing manifest file '../../build/sensors/sensors.egg-info/SOURCES.txt'
[9.891s] running build
[9.892s] running build_py
[9.894s] running install
[9.894s] running install_lib
[9.901s] running install_data
[9.902s] running install_egg_info
[9.909s] removing '/home/beachlbl/porter/ros2-ws-2024/install/sensors/lib/python3.10/site-packages/sensors-0.0.0-py3.10.egg-info' (and everything under it)
[9.912s] Copying ../../build/sensors/sensors.egg-info to /home/beachlbl/porter/ros2-ws-2024/install/sensors/lib/python3.10/site-packages/sensors-0.0.0-py3.10.egg-info
[9.919s] running install_scripts
[10.019s] Installing sensors_sub script to /home/beachlbl/porter/ros2-ws-2024/install/sensors/lib/sensors
[10.022s] writing list of installed files to '/home/beachlbl/porter/ros2-ws-2024/build/sensors/install.log'
[10.210s] Invoked command in '/home/beachlbl/porter/ros2-ws-2024/src/sensors' returned '0': PYTHONPATH=/home/beachlbl/porter/ros2-ws-2024/build/sensors/prefix_override:/home/beachlbl/porter/ros2-ws-2024/install/sensors/lib/python3.10/site-packages:${PYTHONPATH} /usr/bin/python3 -W ignore:setup.py install is deprecated setup.py egg_info --egg-base ../../build/sensors build --build-base /home/beachlbl/porter/ros2-ws-2024/build/sensors/build install --record /home/beachlbl/porter/ros2-ws-2024/build/sensors/install.log --single-version-externally-managed install_data
