[2.868s] Invoking command in '/home/beachlbl/porter/ros2-ws-2024/src/joy_control': PYTHONPATH=/home/beachlbl/porter/ros2-ws-2024/build/joy_control/prefix_override:/home/beachlbl/porter/ros2-ws-2024/install/joy_control/lib/python3.10/site-packages:${PYTHONPATH} /usr/bin/python3 -W ignore:setup.py install is deprecated setup.py egg_info --egg-base ../../build/joy_control build --build-base /home/beachlbl/porter/ros2-ws-2024/build/joy_control/build install --record /home/beachlbl/porter/ros2-ws-2024/build/joy_control/install.log --single-version-externally-managed install_data
[3.959s] running egg_info
[3.962s] writing ../../build/joy_control/joy_control.egg-info/PKG-INFO
[3.963s] writing dependency_links to ../../build/joy_control/joy_control.egg-info/dependency_links.txt
[3.964s] writing entry points to ../../build/joy_control/joy_control.egg-info/entry_points.txt
[3.964s] writing requirements to ../../build/joy_control/joy_control.egg-info/requires.txt
[3.965s] writing top-level names to ../../build/joy_control/joy_control.egg-info/top_level.txt
[3.973s] reading manifest file '../../build/joy_control/joy_control.egg-info/SOURCES.txt'
[3.974s] adding license file 'LICENSE'
[3.977s] writing manifest file '../../build/joy_control/joy_control.egg-info/SOURCES.txt'
[3.977s] running build
[3.978s] running build_py
[3.979s] running install
[3.980s] running install_lib
[3.985s] running install_data
[3.986s] running install_egg_info
[3.992s] removing '/home/beachlbl/porter/ros2-ws-2024/install/joy_control/lib/python3.10/site-packages/joy_control-0.0.0-py3.10.egg-info' (and everything under it)
[3.994s] Copying ../../build/joy_control/joy_control.egg-info to /home/beachlbl/porter/ros2-ws-2024/install/joy_control/lib/python3.10/site-packages/joy_control-0.0.0-py3.10.egg-info
[3.999s] running install_scripts
[4.078s] Installing talker script to /home/beachlbl/porter/ros2-ws-2024/install/joy_control/lib/joy_control
[4.080s] writing list of installed files to '/home/beachlbl/porter/ros2-ws-2024/build/joy_control/install.log'
[4.193s] Invoked command in '/home/beachlbl/porter/ros2-ws-2024/src/joy_control' returned '0': PYTHONPATH=/home/beachlbl/porter/ros2-ws-2024/build/joy_control/prefix_override:/home/beachlbl/porter/ros2-ws-2024/install/joy_control/lib/python3.10/site-packages:${PYTHONPATH} /usr/bin/python3 -W ignore:setup.py install is deprecated setup.py egg_info --egg-base ../../build/joy_control build --build-base /home/beachlbl/porter/ros2-ws-2024/build/joy_control/build install --record /home/beachlbl/porter/ros2-ws-2024/build/joy_control/install.log --single-version-externally-managed install_data
