[0.852s] Invoking command in '/home/porterclev/ros2-ws-2024/src/drive_ex': PYTHONPATH=/home/porterclev/ros2-ws-2024/build/drive_ex/prefix_override:/home/porterclev/ros2-ws-2024/install/drive_ex/lib/python3.10/site-packages:${PYTHONPATH} /usr/bin/python3 -W ignore:setup.py install is deprecated setup.py egg_info --egg-base ../../build/drive_ex build --build-base /home/porterclev/ros2-ws-2024/build/drive_ex/build install --record /home/porterclev/ros2-ws-2024/build/drive_ex/install.log --single-version-externally-managed install_data
[1.096s] running egg_info
[1.097s] writing ../../build/drive_ex/drive_ex.egg-info/PKG-INFO
[1.099s] writing dependency_links to ../../build/drive_ex/drive_ex.egg-info/dependency_links.txt
[1.100s] writing entry points to ../../build/drive_ex/drive_ex.egg-info/entry_points.txt
[1.101s] writing requirements to ../../build/drive_ex/drive_ex.egg-info/requires.txt
[1.102s] writing top-level names to ../../build/drive_ex/drive_ex.egg-info/top_level.txt
[1.104s] reading manifest file '../../build/drive_ex/drive_ex.egg-info/SOURCES.txt'
[1.105s] adding license file 'LICENSE'
[1.105s] writing manifest file '../../build/drive_ex/drive_ex.egg-info/SOURCES.txt'
[1.106s] running build
[1.106s] running build_py
[1.106s] running install
[1.107s] running install_lib
[1.108s] running install_data
[1.109s] running install_egg_info
[1.110s] removing '/home/porterclev/ros2-ws-2024/install/drive_ex/lib/python3.10/site-packages/drive_ex-0.0.0-py3.10.egg-info' (and everything under it)
[1.110s] Copying ../../build/drive_ex/drive_ex.egg-info to /home/porterclev/ros2-ws-2024/install/drive_ex/lib/python3.10/site-packages/drive_ex-0.0.0-py3.10.egg-info
[1.111s] running install_scripts
[1.133s] Installing drivetrain_cb script to /home/porterclev/ros2-ws-2024/install/drive_ex/lib/drive_ex
[1.134s] Installing drivetrain_ex script to /home/porterclev/ros2-ws-2024/install/drive_ex/lib/drive_ex
[1.135s] writing list of installed files to '/home/porterclev/ros2-ws-2024/build/drive_ex/install.log'
[1.167s] Invoked command in '/home/porterclev/ros2-ws-2024/src/drive_ex' returned '0': PYTHONPATH=/home/porterclev/ros2-ws-2024/build/drive_ex/prefix_override:/home/porterclev/ros2-ws-2024/install/drive_ex/lib/python3.10/site-packages:${PYTHONPATH} /usr/bin/python3 -W ignore:setup.py install is deprecated setup.py egg_info --egg-base ../../build/drive_ex build --build-base /home/porterclev/ros2-ws-2024/build/drive_ex/build install --record /home/porterclev/ros2-ws-2024/build/drive_ex/install.log --single-version-externally-managed install_data
