[3.065s] Invoking command in '/home/beachlbl/porter/ros2-ws-2024/src/drive_ex': PYTHONPATH=/home/beachlbl/porter/ros2-ws-2024/build/drive_ex/prefix_override:/home/beachlbl/porter/ros2-ws-2024/install/drive_ex/lib/python3.10/site-packages:${PYTHONPATH} /usr/bin/python3 -W ignore:setup.py install is deprecated setup.py egg_info --egg-base ../../build/drive_ex build --build-base /home/beachlbl/porter/ros2-ws-2024/build/drive_ex/build install --record /home/beachlbl/porter/ros2-ws-2024/build/drive_ex/install.log --single-version-externally-managed install_data
[4.191s] running egg_info
[4.194s] writing ../../build/drive_ex/drive_ex.egg-info/PKG-INFO
[4.195s] writing dependency_links to ../../build/drive_ex/drive_ex.egg-info/dependency_links.txt
[4.196s] writing entry points to ../../build/drive_ex/drive_ex.egg-info/entry_points.txt
[4.197s] writing requirements to ../../build/drive_ex/drive_ex.egg-info/requires.txt
[4.198s] writing top-level names to ../../build/drive_ex/drive_ex.egg-info/top_level.txt
[4.206s] reading manifest file '../../build/drive_ex/drive_ex.egg-info/SOURCES.txt'
[4.207s] adding license file 'LICENSE'
[4.210s] writing manifest file '../../build/drive_ex/drive_ex.egg-info/SOURCES.txt'
[4.211s] running build
[4.211s] running build_py
[4.212s] copying drive_ex/drivetrain_mini_sub.py -> /home/beachlbl/porter/ros2-ws-2024/build/drive_ex/build/lib/drive_ex
[4.214s] running install
[4.215s] running install_lib
[4.219s] copying /home/beachlbl/porter/ros2-ws-2024/build/drive_ex/build/lib/drive_ex/drivetrain_mini_sub.py -> /home/beachlbl/porter/ros2-ws-2024/install/drive_ex/lib/python3.10/site-packages/drive_ex
[4.222s] byte-compiling /home/beachlbl/porter/ros2-ws-2024/install/drive_ex/lib/python3.10/site-packages/drive_ex/drivetrain_mini_sub.py to drivetrain_mini_sub.cpython-310.pyc
[4.226s] running install_data
[4.227s] running install_egg_info
[4.234s] removing '/home/beachlbl/porter/ros2-ws-2024/install/drive_ex/lib/python3.10/site-packages/drive_ex-0.0.0-py3.10.egg-info' (and everything under it)
[4.235s] Copying ../../build/drive_ex/drive_ex.egg-info to /home/beachlbl/porter/ros2-ws-2024/install/drive_ex/lib/python3.10/site-packages/drive_ex-0.0.0-py3.10.egg-info
[4.240s] running install_scripts
[4.323s] Installing drivetrain_ex script to /home/beachlbl/porter/ros2-ws-2024/install/drive_ex/lib/drive_ex
[4.324s] Installing drivetrain_mini script to /home/beachlbl/porter/ros2-ws-2024/install/drive_ex/lib/drive_ex
[4.326s] writing list of installed files to '/home/beachlbl/porter/ros2-ws-2024/build/drive_ex/install.log'
[4.444s] Invoked command in '/home/beachlbl/porter/ros2-ws-2024/src/drive_ex' returned '0': PYTHONPATH=/home/beachlbl/porter/ros2-ws-2024/build/drive_ex/prefix_override:/home/beachlbl/porter/ros2-ws-2024/install/drive_ex/lib/python3.10/site-packages:${PYTHONPATH} /usr/bin/python3 -W ignore:setup.py install is deprecated setup.py egg_info --egg-base ../../build/drive_ex build --build-base /home/beachlbl/porter/ros2-ws-2024/build/drive_ex/build install --record /home/beachlbl/porter/ros2-ws-2024/build/drive_ex/install.log --single-version-externally-managed install_data
