[6.782s] Invoking command in '/home/beachlbl/porter/ros2-ws-2024/src/ui': PYTHONPATH=/home/beachlbl/porter/ros2-ws-2024/build/ui/prefix_override:/home/beachlbl/porter/ros2-ws-2024/install/ui/lib/python3.10/site-packages:${PYTHONPATH} /usr/bin/python3 -W ignore:setup.py install is deprecated setup.py egg_info --egg-base ../../build/ui build --build-base /home/beachlbl/porter/ros2-ws-2024/build/ui/build install --record /home/beachlbl/porter/ros2-ws-2024/build/ui/install.log --single-version-externally-managed install_data
[8.436s] running egg_info
[8.440s] writing ../../build/ui/ui.egg-info/PKG-INFO
[8.441s] writing dependency_links to ../../build/ui/ui.egg-info/dependency_links.txt
[8.442s] writing entry points to ../../build/ui/ui.egg-info/entry_points.txt
[8.443s] writing requirements to ../../build/ui/ui.egg-info/requires.txt
[8.444s] writing top-level names to ../../build/ui/ui.egg-info/top_level.txt
[8.455s] reading manifest file '../../build/ui/ui.egg-info/SOURCES.txt'
[8.457s] adding license file 'LICENSE'
[8.460s] writing manifest file '../../build/ui/ui.egg-info/SOURCES.txt'
[8.461s] running build
[8.462s] running build_py
[8.464s] running install
[8.465s] running install_lib
[8.473s] running install_data
[8.474s] running install_egg_info
[8.485s] removing '/home/beachlbl/porter/ros2-ws-2024/install/ui/lib/python3.10/site-packages/ui-0.0.0-py3.10.egg-info' (and everything under it)
[8.490s] Copying ../../build/ui/ui.egg-info to /home/beachlbl/porter/ros2-ws-2024/install/ui/lib/python3.10/site-packages/ui-0.0.0-py3.10.egg-info
[8.503s] running install_scripts
[8.685s] Installing ui_health script to /home/beachlbl/porter/ros2-ws-2024/install/ui/lib/ui
[8.688s] writing list of installed files to '/home/beachlbl/porter/ros2-ws-2024/build/ui/install.log'
[8.831s] Invoked command in '/home/beachlbl/porter/ros2-ws-2024/src/ui' returned '0': PYTHONPATH=/home/beachlbl/porter/ros2-ws-2024/build/ui/prefix_override:/home/beachlbl/porter/ros2-ws-2024/install/ui/lib/python3.10/site-packages:${PYTHONPATH} /usr/bin/python3 -W ignore:setup.py install is deprecated setup.py egg_info --egg-base ../../build/ui build --build-base /home/beachlbl/porter/ros2-ws-2024/build/ui/build install --record /home/beachlbl/porter/ros2-ws-2024/build/ui/install.log --single-version-externally-managed install_data
