[8.116s] Invoking command in '/home/beachlbl/porter/ros2-ws-2024/src/drive_ex': PYTHONPATH=/home/beachlbl/porter/ros2-ws-2024/build/drive_ex/prefix_override:/home/beachlbl/porter/ros2-ws-2024/install/drive_ex/lib/python3.10/site-packages:${PYTHONPATH} /usr/bin/python3 -W ignore:setup.py install is deprecated setup.py egg_info --egg-base ../../build/drive_ex build --build-base /home/beachlbl/porter/ros2-ws-2024/build/drive_ex/build install --record /home/beachlbl/porter/ros2-ws-2024/build/drive_ex/install.log --single-version-externally-managed install_data
[10.203s] running egg_info
[10.208s] writing ../../build/drive_ex/drive_ex.egg-info/PKG-INFO
[10.209s] writing dependency_links to ../../build/drive_ex/drive_ex.egg-info/dependency_links.txt
[10.212s] writing entry points to ../../build/drive_ex/drive_ex.egg-info/entry_points.txt
[10.214s] writing requirements to ../../build/drive_ex/drive_ex.egg-info/requires.txt
[10.215s] writing top-level names to ../../build/drive_ex/drive_ex.egg-info/top_level.txt
[10.228s] reading manifest file '../../build/drive_ex/drive_ex.egg-info/SOURCES.txt'
[10.229s] adding license file 'LICENSE'
[10.234s] writing manifest file '../../build/drive_ex/drive_ex.egg-info/SOURCES.txt'
[10.234s] running build
[10.236s] running build_py
[10.238s] running install
[10.239s] running install_lib
[10.248s] running install_data
[10.249s] running install_egg_info
[10.256s] removing '/home/beachlbl/porter/ros2-ws-2024/install/drive_ex/lib/python3.10/site-packages/drive_ex-0.0.0-py3.10.egg-info' (and everything under it)
[10.259s] Copying ../../build/drive_ex/drive_ex.egg-info to /home/beachlbl/porter/ros2-ws-2024/install/drive_ex/lib/python3.10/site-packages/drive_ex-0.0.0-py3.10.egg-info
[10.268s] running install_scripts
[10.397s] Installing drivetrain_ex script to /home/beachlbl/porter/ros2-ws-2024/install/drive_ex/lib/drive_ex
[10.400s] Installing drivetrain_mini script to /home/beachlbl/porter/ros2-ws-2024/install/drive_ex/lib/drive_ex
[10.403s] writing list of installed files to '/home/beachlbl/porter/ros2-ws-2024/build/drive_ex/install.log'
[11.406s] Invoked command in '/home/beachlbl/porter/ros2-ws-2024/src/drive_ex' returned '0': PYTHONPATH=/home/beachlbl/porter/ros2-ws-2024/build/drive_ex/prefix_override:/home/beachlbl/porter/ros2-ws-2024/install/drive_ex/lib/python3.10/site-packages:${PYTHONPATH} /usr/bin/python3 -W ignore:setup.py install is deprecated setup.py egg_info --egg-base ../../build/drive_ex build --build-base /home/beachlbl/porter/ros2-ws-2024/build/drive_ex/build install --record /home/beachlbl/porter/ros2-ws-2024/build/drive_ex/install.log --single-version-externally-managed install_data
