[0.451s] DEBUG:colcon:Command line arguments: ['/usr/bin/colcon', 'build']
[0.451s] DEBUG:colcon:Parsed command line arguments: Namespace(log_base=None, log_level=None, verb_name='build', build_base='build', install_base='install', merge_install=False, symlink_install=False, test_result_base=None, continue_on_error=False, executor='parallel', parallel_workers=4, event_handlers=None, ignore_user_meta=False, metas=['./colcon.meta'], base_paths=['.'], packages_ignore=None, packages_ignore_regex=None, paths=None, packages_up_to=None, packages_up_to_regex=None, packages_above=None, packages_above_and_dependencies=None, packages_above_depth=None, packages_select_by_dep=None, packages_skip_by_dep=None, packages_skip_up_to=None, packages_select_build_failed=False, packages_skip_build_finished=False, packages_select_test_failures=False, packages_skip_test_passed=False, packages_select=None, packages_skip=None, packages_select_regex=None, packages_skip_regex=None, packages_start=None, packages_end=None, allow_overriding=[], cmake_args=None, cmake_target=None, cmake_target_skip_unavailable=False, cmake_clean_cache=False, cmake_clean_first=False, cmake_force_configure=False, ament_cmake_args=None, catkin_cmake_args=None, catkin_skip_building_tests=False, verb_parser=<colcon_defaults.argument_parser.defaults.DefaultArgumentsDecorator object at 0xffff96795360>, verb_extension=<colcon_core.verb.build.BuildVerb object at 0xffff968c2860>, main=<bound method BuildVerb.main of <colcon_core.verb.build.BuildVerb object at 0xffff968c2860>>)
[1.290s] Level 1:colcon.colcon_core.package_discovery:discover_packages(colcon_meta) check parameters
[1.291s] Level 1:colcon.colcon_core.package_discovery:discover_packages(recursive) check parameters
[1.291s] Level 1:colcon.colcon_core.package_discovery:discover_packages(ignore) check parameters
[1.291s] Level 1:colcon.colcon_core.package_discovery:discover_packages(path) check parameters
[1.291s] Level 1:colcon.colcon_core.package_discovery:discover_packages(colcon_meta) discover
[1.291s] Level 1:colcon.colcon_core.package_discovery:discover_packages(recursive) discover
[1.291s] INFO:colcon.colcon_core.package_discovery:Crawling recursively for packages in '/home/beachlbl/porter/ros2-ws-2024'
[1.292s] Level 1:colcon.colcon_core.package_identification:_identify(.) by extensions ['ignore', 'ignore_ament_install']
[1.292s] Level 1:colcon.colcon_core.package_identification:_identify(.) by extension 'ignore'
[1.292s] Level 1:colcon.colcon_core.package_identification:_identify(.) by extension 'ignore_ament_install'
[1.293s] Level 1:colcon.colcon_core.package_identification:_identify(.) by extensions ['colcon_pkg']
[1.293s] Level 1:colcon.colcon_core.package_identification:_identify(.) by extension 'colcon_pkg'
[1.293s] Level 1:colcon.colcon_core.package_identification:_identify(.) by extensions ['colcon_meta']
[1.293s] Level 1:colcon.colcon_core.package_identification:_identify(.) by extension 'colcon_meta'
[1.293s] Level 1:colcon.colcon_core.package_identification:_identify(.) by extensions ['ros']
[1.293s] Level 1:colcon.colcon_core.package_identification:_identify(.) by extension 'ros'
[1.338s] Level 1:colcon.colcon_core.package_identification:_identify(.) by extensions ['cmake', 'python']
[1.338s] Level 1:colcon.colcon_core.package_identification:_identify(.) by extension 'cmake'
[1.338s] Level 1:colcon.colcon_core.package_identification:_identify(.) by extension 'python'
[1.339s] Level 1:colcon.colcon_core.package_identification:_identify(.) by extensions ['python_setup_py']
[1.339s] Level 1:colcon.colcon_core.package_identification:_identify(.) by extension 'python_setup_py'
[1.339s] Level 1:colcon.colcon_core.package_identification:_identify(build) by extensions ['ignore', 'ignore_ament_install']
[1.340s] Level 1:colcon.colcon_core.package_identification:_identify(build) by extension 'ignore'
[1.340s] Level 1:colcon.colcon_core.package_identification:_identify(build) ignored
[1.340s] Level 1:colcon.colcon_core.package_identification:_identify(install) by extensions ['ignore', 'ignore_ament_install']
[1.341s] Level 1:colcon.colcon_core.package_identification:_identify(install) by extension 'ignore'
[1.341s] Level 1:colcon.colcon_core.package_identification:_identify(install) ignored
[1.341s] Level 1:colcon.colcon_core.package_identification:_identify(launch) by extensions ['ignore', 'ignore_ament_install']
[1.342s] Level 1:colcon.colcon_core.package_identification:_identify(launch) by extension 'ignore'
[1.342s] Level 1:colcon.colcon_core.package_identification:_identify(launch) by extension 'ignore_ament_install'
[1.342s] Level 1:colcon.colcon_core.package_identification:_identify(launch) by extensions ['colcon_pkg']
[1.342s] Level 1:colcon.colcon_core.package_identification:_identify(launch) by extension 'colcon_pkg'
[1.342s] Level 1:colcon.colcon_core.package_identification:_identify(launch) by extensions ['colcon_meta']
[1.342s] Level 1:colcon.colcon_core.package_identification:_identify(launch) by extension 'colcon_meta'
[1.343s] Level 1:colcon.colcon_core.package_identification:_identify(launch) by extensions ['ros']
[1.343s] Level 1:colcon.colcon_core.package_identification:_identify(launch) by extension 'ros'
[1.343s] Level 1:colcon.colcon_core.package_identification:_identify(launch) by extensions ['cmake', 'python']
[1.343s] Level 1:colcon.colcon_core.package_identification:_identify(launch) by extension 'cmake'
[1.343s] Level 1:colcon.colcon_core.package_identification:_identify(launch) by extension 'python'
[1.344s] Level 1:colcon.colcon_core.package_identification:_identify(launch) by extensions ['python_setup_py']
[1.344s] Level 1:colcon.colcon_core.package_identification:_identify(launch) by extension 'python_setup_py'
[1.344s] Level 1:colcon.colcon_core.package_identification:_identify(launch/__pycache__) by extensions ['ignore', 'ignore_ament_install']
[1.344s] Level 1:colcon.colcon_core.package_identification:_identify(launch/__pycache__) by extension 'ignore'
[1.345s] Level 1:colcon.colcon_core.package_identification:_identify(launch/__pycache__) by extension 'ignore_ament_install'
[1.345s] Level 1:colcon.colcon_core.package_identification:_identify(launch/__pycache__) by extensions ['colcon_pkg']
[1.345s] Level 1:colcon.colcon_core.package_identification:_identify(launch/__pycache__) by extension 'colcon_pkg'
[1.345s] Level 1:colcon.colcon_core.package_identification:_identify(launch/__pycache__) by extensions ['colcon_meta']
[1.345s] Level 1:colcon.colcon_core.package_identification:_identify(launch/__pycache__) by extension 'colcon_meta'
[1.345s] Level 1:colcon.colcon_core.package_identification:_identify(launch/__pycache__) by extensions ['ros']
[1.345s] Level 1:colcon.colcon_core.package_identification:_identify(launch/__pycache__) by extension 'ros'
[1.346s] Level 1:colcon.colcon_core.package_identification:_identify(launch/__pycache__) by extensions ['cmake', 'python']
[1.346s] Level 1:colcon.colcon_core.package_identification:_identify(launch/__pycache__) by extension 'cmake'
[1.346s] Level 1:colcon.colcon_core.package_identification:_identify(launch/__pycache__) by extension 'python'
[1.346s] Level 1:colcon.colcon_core.package_identification:_identify(launch/__pycache__) by extensions ['python_setup_py']
[1.346s] Level 1:colcon.colcon_core.package_identification:_identify(launch/__pycache__) by extension 'python_setup_py'
[1.356s] Level 1:colcon.colcon_core.package_identification:_identify(log) by extensions ['ignore', 'ignore_ament_install']
[1.356s] Level 1:colcon.colcon_core.package_identification:_identify(log) by extension 'ignore'
[1.357s] Level 1:colcon.colcon_core.package_identification:_identify(log) ignored
[1.357s] Level 1:colcon.colcon_core.package_identification:_identify(scripts) by extensions ['ignore', 'ignore_ament_install']
[1.357s] Level 1:colcon.colcon_core.package_identification:_identify(scripts) by extension 'ignore'
[1.357s] Level 1:colcon.colcon_core.package_identification:_identify(scripts) by extension 'ignore_ament_install'
[1.358s] Level 1:colcon.colcon_core.package_identification:_identify(scripts) by extensions ['colcon_pkg']
[1.358s] Level 1:colcon.colcon_core.package_identification:_identify(scripts) by extension 'colcon_pkg'
[1.358s] Level 1:colcon.colcon_core.package_identification:_identify(scripts) by extensions ['colcon_meta']
[1.358s] Level 1:colcon.colcon_core.package_identification:_identify(scripts) by extension 'colcon_meta'
[1.358s] Level 1:colcon.colcon_core.package_identification:_identify(scripts) by extensions ['ros']
[1.358s] Level 1:colcon.colcon_core.package_identification:_identify(scripts) by extension 'ros'
[1.359s] Level 1:colcon.colcon_core.package_identification:_identify(scripts) by extensions ['cmake', 'python']
[1.359s] Level 1:colcon.colcon_core.package_identification:_identify(scripts) by extension 'cmake'
[1.359s] Level 1:colcon.colcon_core.package_identification:_identify(scripts) by extension 'python'
[1.359s] Level 1:colcon.colcon_core.package_identification:_identify(scripts) by extensions ['python_setup_py']
[1.359s] Level 1:colcon.colcon_core.package_identification:_identify(scripts) by extension 'python_setup_py'
[1.360s] Level 1:colcon.colcon_core.package_identification:_identify(src) by extensions ['ignore', 'ignore_ament_install']
[1.360s] Level 1:colcon.colcon_core.package_identification:_identify(src) by extension 'ignore'
[1.360s] Level 1:colcon.colcon_core.package_identification:_identify(src) by extension 'ignore_ament_install'
[1.360s] Level 1:colcon.colcon_core.package_identification:_identify(src) by extensions ['colcon_pkg']
[1.361s] Level 1:colcon.colcon_core.package_identification:_identify(src) by extension 'colcon_pkg'
[1.361s] Level 1:colcon.colcon_core.package_identification:_identify(src) by extensions ['colcon_meta']
[1.361s] Level 1:colcon.colcon_core.package_identification:_identify(src) by extension 'colcon_meta'
[1.361s] Level 1:colcon.colcon_core.package_identification:_identify(src) by extensions ['ros']
[1.361s] Level 1:colcon.colcon_core.package_identification:_identify(src) by extension 'ros'
[1.361s] Level 1:colcon.colcon_core.package_identification:_identify(src) by extensions ['cmake', 'python']
[1.361s] Level 1:colcon.colcon_core.package_identification:_identify(src) by extension 'cmake'
[1.362s] Level 1:colcon.colcon_core.package_identification:_identify(src) by extension 'python'
[1.362s] Level 1:colcon.colcon_core.package_identification:_identify(src) by extensions ['python_setup_py']
[1.362s] Level 1:colcon.colcon_core.package_identification:_identify(src) by extension 'python_setup_py'
[1.362s] Level 1:colcon.colcon_core.package_identification:_identify(src/camera_test) by extensions ['ignore', 'ignore_ament_install']
[1.363s] Level 1:colcon.colcon_core.package_identification:_identify(src/camera_test) by extension 'ignore'
[1.363s] Level 1:colcon.colcon_core.package_identification:_identify(src/camera_test) by extension 'ignore_ament_install'
[1.363s] Level 1:colcon.colcon_core.package_identification:_identify(src/camera_test) by extensions ['colcon_pkg']
[1.363s] Level 1:colcon.colcon_core.package_identification:_identify(src/camera_test) by extension 'colcon_pkg'
[1.363s] Level 1:colcon.colcon_core.package_identification:_identify(src/camera_test) by extensions ['colcon_meta']
[1.363s] Level 1:colcon.colcon_core.package_identification:_identify(src/camera_test) by extension 'colcon_meta'
[1.364s] Level 1:colcon.colcon_core.package_identification:_identify(src/camera_test) by extensions ['ros']
[1.364s] Level 1:colcon.colcon_core.package_identification:_identify(src/camera_test) by extension 'ros'
[1.372s] DEBUG:colcon.colcon_core.package_identification:Package 'src/camera_test' with type 'ros.ament_python' and name 'camera_test'
[1.373s] Level 1:colcon.colcon_core.package_identification:_identify(src/db_broker) by extensions ['ignore', 'ignore_ament_install']
[1.373s] Level 1:colcon.colcon_core.package_identification:_identify(src/db_broker) by extension 'ignore'
[1.373s] Level 1:colcon.colcon_core.package_identification:_identify(src/db_broker) by extension 'ignore_ament_install'
[1.374s] Level 1:colcon.colcon_core.package_identification:_identify(src/db_broker) by extensions ['colcon_pkg']
[1.374s] Level 1:colcon.colcon_core.package_identification:_identify(src/db_broker) by extension 'colcon_pkg'
[1.374s] Level 1:colcon.colcon_core.package_identification:_identify(src/db_broker) by extensions ['colcon_meta']
[1.374s] Level 1:colcon.colcon_core.package_identification:_identify(src/db_broker) by extension 'colcon_meta'
[1.374s] Level 1:colcon.colcon_core.package_identification:_identify(src/db_broker) by extensions ['ros']
[1.374s] Level 1:colcon.colcon_core.package_identification:_identify(src/db_broker) by extension 'ros'
[1.376s] DEBUG:colcon.colcon_core.package_identification:Package 'src/db_broker' with type 'ros.ament_python' and name 'db_broker'
[1.377s] Level 1:colcon.colcon_core.package_identification:_identify(src/drive_cb) by extensions ['ignore', 'ignore_ament_install']
[1.377s] Level 1:colcon.colcon_core.package_identification:_identify(src/drive_cb) by extension 'ignore'
[1.377s] Level 1:colcon.colcon_core.package_identification:_identify(src/drive_cb) by extension 'ignore_ament_install'
[1.378s] Level 1:colcon.colcon_core.package_identification:_identify(src/drive_cb) by extensions ['colcon_pkg']
[1.378s] Level 1:colcon.colcon_core.package_identification:_identify(src/drive_cb) by extension 'colcon_pkg'
[1.378s] Level 1:colcon.colcon_core.package_identification:_identify(src/drive_cb) by extensions ['colcon_meta']
[1.378s] Level 1:colcon.colcon_core.package_identification:_identify(src/drive_cb) by extension 'colcon_meta'
[1.378s] Level 1:colcon.colcon_core.package_identification:_identify(src/drive_cb) by extensions ['ros']
[1.378s] Level 1:colcon.colcon_core.package_identification:_identify(src/drive_cb) by extension 'ros'
[1.380s] DEBUG:colcon.colcon_core.package_identification:Package 'src/drive_cb' with type 'ros.ament_python' and name 'drive_cb'
[1.381s] Level 1:colcon.colcon_core.package_identification:_identify(src/drive_ex) by extensions ['ignore', 'ignore_ament_install']
[1.381s] Level 1:colcon.colcon_core.package_identification:_identify(src/drive_ex) by extension 'ignore'
[1.381s] Level 1:colcon.colcon_core.package_identification:_identify(src/drive_ex) by extension 'ignore_ament_install'
[1.381s] Level 1:colcon.colcon_core.package_identification:_identify(src/drive_ex) by extensions ['colcon_pkg']
[1.381s] Level 1:colcon.colcon_core.package_identification:_identify(src/drive_ex) by extension 'colcon_pkg'
[1.382s] Level 1:colcon.colcon_core.package_identification:_identify(src/drive_ex) by extensions ['colcon_meta']
[1.382s] Level 1:colcon.colcon_core.package_identification:_identify(src/drive_ex) by extension 'colcon_meta'
[1.382s] Level 1:colcon.colcon_core.package_identification:_identify(src/drive_ex) by extensions ['ros']
[1.382s] Level 1:colcon.colcon_core.package_identification:_identify(src/drive_ex) by extension 'ros'
[1.384s] DEBUG:colcon.colcon_core.package_identification:Package 'src/drive_ex' with type 'ros.ament_python' and name 'drive_ex'
[1.384s] Level 1:colcon.colcon_core.package_identification:_identify(src/joy_control) by extensions ['ignore', 'ignore_ament_install']
[1.385s] Level 1:colcon.colcon_core.package_identification:_identify(src/joy_control) by extension 'ignore'
[1.385s] Level 1:colcon.colcon_core.package_identification:_identify(src/joy_control) by extension 'ignore_ament_install'
[1.385s] Level 1:colcon.colcon_core.package_identification:_identify(src/joy_control) by extensions ['colcon_pkg']
[1.385s] Level 1:colcon.colcon_core.package_identification:_identify(src/joy_control) by extension 'colcon_pkg'
[1.385s] Level 1:colcon.colcon_core.package_identification:_identify(src/joy_control) by extensions ['colcon_meta']
[1.386s] Level 1:colcon.colcon_core.package_identification:_identify(src/joy_control) by extension 'colcon_meta'
[1.386s] Level 1:colcon.colcon_core.package_identification:_identify(src/joy_control) by extensions ['ros']
[1.386s] Level 1:colcon.colcon_core.package_identification:_identify(src/joy_control) by extension 'ros'
[1.388s] DEBUG:colcon.colcon_core.package_identification:Package 'src/joy_control' with type 'ros.ament_python' and name 'joy_control'
[1.388s] Level 1:colcon.colcon_core.package_identification:_identify(src/py_pubsub) by extensions ['ignore', 'ignore_ament_install']
[1.389s] Level 1:colcon.colcon_core.package_identification:_identify(src/py_pubsub) by extension 'ignore'
[1.389s] Level 1:colcon.colcon_core.package_identification:_identify(src/py_pubsub) by extension 'ignore_ament_install'
[1.389s] Level 1:colcon.colcon_core.package_identification:_identify(src/py_pubsub) by extensions ['colcon_pkg']
[1.389s] Level 1:colcon.colcon_core.package_identification:_identify(src/py_pubsub) by extension 'colcon_pkg'
[1.389s] Level 1:colcon.colcon_core.package_identification:_identify(src/py_pubsub) by extensions ['colcon_meta']
[1.390s] Level 1:colcon.colcon_core.package_identification:_identify(src/py_pubsub) by extension 'colcon_meta'
[1.390s] Level 1:colcon.colcon_core.package_identification:_identify(src/py_pubsub) by extensions ['ros']
[1.390s] Level 1:colcon.colcon_core.package_identification:_identify(src/py_pubsub) by extension 'ros'
[1.392s] DEBUG:colcon.colcon_core.package_identification:Package 'src/py_pubsub' with type 'ros.ament_python' and name 'py_pubsub'
[1.392s] Level 1:colcon.colcon_core.package_identification:_identify(src/ui) by extensions ['ignore', 'ignore_ament_install']
[1.392s] Level 1:colcon.colcon_core.package_identification:_identify(src/ui) by extension 'ignore'
[1.393s] Level 1:colcon.colcon_core.package_identification:_identify(src/ui) by extension 'ignore_ament_install'
[1.393s] Level 1:colcon.colcon_core.package_identification:_identify(src/ui) by extensions ['colcon_pkg']
[1.393s] Level 1:colcon.colcon_core.package_identification:_identify(src/ui) by extension 'colcon_pkg'
[1.393s] Level 1:colcon.colcon_core.package_identification:_identify(src/ui) by extensions ['colcon_meta']
[1.393s] Level 1:colcon.colcon_core.package_identification:_identify(src/ui) by extension 'colcon_meta'
[1.393s] Level 1:colcon.colcon_core.package_identification:_identify(src/ui) by extensions ['ros']
[1.394s] Level 1:colcon.colcon_core.package_identification:_identify(src/ui) by extension 'ros'
[1.396s] DEBUG:colcon.colcon_core.package_identification:Package 'src/ui' with type 'ros.ament_python' and name 'ui'
[1.396s] Level 1:colcon.colcon_core.package_discovery:discover_packages(recursive) using defaults
[1.396s] Level 1:colcon.colcon_core.package_discovery:discover_packages(ignore) discover
[1.396s] Level 1:colcon.colcon_core.package_discovery:discover_packages(ignore) using defaults
[1.396s] Level 1:colcon.colcon_core.package_discovery:discover_packages(path) discover
[1.396s] Level 1:colcon.colcon_core.package_discovery:discover_packages(path) using defaults
[1.514s] Level 1:colcon.colcon_core.package_discovery:discover_packages(prefix_path) check parameters
[1.514s] Level 1:colcon.colcon_core.package_discovery:discover_packages(prefix_path) discover
[1.524s] DEBUG:colcon.colcon_installed_package_information.package_discovery:Found 7 installed packages in /home/beachlbl/porter/ros2-ws-2024/install
[1.533s] DEBUG:colcon.colcon_installed_package_information.package_discovery:Found 281 installed packages in /opt/ros/iron
[1.540s] Level 1:colcon.colcon_core.package_discovery:discover_packages(prefix_path) using defaults
[1.726s] Level 5:colcon.colcon_core.verb:set package 'camera_test' build argument 'cmake_args' from command line to 'None'
[1.726s] Level 5:colcon.colcon_core.verb:set package 'camera_test' build argument 'cmake_target' from command line to 'None'
[1.726s] Level 5:colcon.colcon_core.verb:set package 'camera_test' build argument 'cmake_target_skip_unavailable' from command line to 'False'
[1.726s] Level 5:colcon.colcon_core.verb:set package 'camera_test' build argument 'cmake_clean_cache' from command line to 'False'
[1.726s] Level 5:colcon.colcon_core.verb:set package 'camera_test' build argument 'cmake_clean_first' from command line to 'False'
[1.727s] Level 5:colcon.colcon_core.verb:set package 'camera_test' build argument 'cmake_force_configure' from command line to 'False'
[1.727s] Level 5:colcon.colcon_core.verb:set package 'camera_test' build argument 'ament_cmake_args' from command line to 'None'
[1.727s] Level 5:colcon.colcon_core.verb:set package 'camera_test' build argument 'catkin_cmake_args' from command line to 'None'
[1.727s] Level 5:colcon.colcon_core.verb:set package 'camera_test' build argument 'catkin_skip_building_tests' from command line to 'False'
[1.727s] DEBUG:colcon.colcon_core.verb:Building package 'camera_test' with the following arguments: {'ament_cmake_args': None, 'build_base': '/home/beachlbl/porter/ros2-ws-2024/build/camera_test', 'catkin_cmake_args': None, 'catkin_skip_building_tests': False, 'cmake_args': None, 'cmake_clean_cache': False, 'cmake_clean_first': False, 'cmake_force_configure': False, 'cmake_target': None, 'cmake_target_skip_unavailable': False, 'install_base': '/home/beachlbl/porter/ros2-ws-2024/install/camera_test', 'merge_install': False, 'path': '/home/beachlbl/porter/ros2-ws-2024/src/camera_test', 'symlink_install': False, 'test_result_base': None}
[1.729s] Level 5:colcon.colcon_core.verb:set package 'db_broker' build argument 'cmake_args' from command line to 'None'
[1.729s] Level 5:colcon.colcon_core.verb:set package 'db_broker' build argument 'cmake_target' from command line to 'None'
[1.729s] Level 5:colcon.colcon_core.verb:set package 'db_broker' build argument 'cmake_target_skip_unavailable' from command line to 'False'
[1.729s] Level 5:colcon.colcon_core.verb:set package 'db_broker' build argument 'cmake_clean_cache' from command line to 'False'
[1.729s] Level 5:colcon.colcon_core.verb:set package 'db_broker' build argument 'cmake_clean_first' from command line to 'False'
[1.729s] Level 5:colcon.colcon_core.verb:set package 'db_broker' build argument 'cmake_force_configure' from command line to 'False'
[1.729s] Level 5:colcon.colcon_core.verb:set package 'db_broker' build argument 'ament_cmake_args' from command line to 'None'
[1.729s] Level 5:colcon.colcon_core.verb:set package 'db_broker' build argument 'catkin_cmake_args' from command line to 'None'
[1.730s] Level 5:colcon.colcon_core.verb:set package 'db_broker' build argument 'catkin_skip_building_tests' from command line to 'False'
[1.730s] DEBUG:colcon.colcon_core.verb:Building package 'db_broker' with the following arguments: {'ament_cmake_args': None, 'build_base': '/home/beachlbl/porter/ros2-ws-2024/build/db_broker', 'catkin_cmake_args': None, 'catkin_skip_building_tests': False, 'cmake_args': None, 'cmake_clean_cache': False, 'cmake_clean_first': False, 'cmake_force_configure': False, 'cmake_target': None, 'cmake_target_skip_unavailable': False, 'install_base': '/home/beachlbl/porter/ros2-ws-2024/install/db_broker', 'merge_install': False, 'path': '/home/beachlbl/porter/ros2-ws-2024/src/db_broker', 'symlink_install': False, 'test_result_base': None}
[1.731s] Level 5:colcon.colcon_core.verb:set package 'drive_cb' build argument 'cmake_args' from command line to 'None'
[1.731s] Level 5:colcon.colcon_core.verb:set package 'drive_cb' build argument 'cmake_target' from command line to 'None'
[1.731s] Level 5:colcon.colcon_core.verb:set package 'drive_cb' build argument 'cmake_target_skip_unavailable' from command line to 'False'
[1.731s] Level 5:colcon.colcon_core.verb:set package 'drive_cb' build argument 'cmake_clean_cache' from command line to 'False'
[1.731s] Level 5:colcon.colcon_core.verb:set package 'drive_cb' build argument 'cmake_clean_first' from command line to 'False'
[1.732s] Level 5:colcon.colcon_core.verb:set package 'drive_cb' build argument 'cmake_force_configure' from command line to 'False'
[1.732s] Level 5:colcon.colcon_core.verb:set package 'drive_cb' build argument 'ament_cmake_args' from command line to 'None'
[1.732s] Level 5:colcon.colcon_core.verb:set package 'drive_cb' build argument 'catkin_cmake_args' from command line to 'None'
[1.732s] Level 5:colcon.colcon_core.verb:set package 'drive_cb' build argument 'catkin_skip_building_tests' from command line to 'False'
[1.732s] DEBUG:colcon.colcon_core.verb:Building package 'drive_cb' with the following arguments: {'ament_cmake_args': None, 'build_base': '/home/beachlbl/porter/ros2-ws-2024/build/drive_cb', 'catkin_cmake_args': None, 'catkin_skip_building_tests': False, 'cmake_args': None, 'cmake_clean_cache': False, 'cmake_clean_first': False, 'cmake_force_configure': False, 'cmake_target': None, 'cmake_target_skip_unavailable': False, 'install_base': '/home/beachlbl/porter/ros2-ws-2024/install/drive_cb', 'merge_install': False, 'path': '/home/beachlbl/porter/ros2-ws-2024/src/drive_cb', 'symlink_install': False, 'test_result_base': None}
[1.733s] Level 5:colcon.colcon_core.verb:set package 'drive_ex' build argument 'cmake_args' from command line to 'None'
[1.734s] Level 5:colcon.colcon_core.verb:set package 'drive_ex' build argument 'cmake_target' from command line to 'None'
[1.734s] Level 5:colcon.colcon_core.verb:set package 'drive_ex' build argument 'cmake_target_skip_unavailable' from command line to 'False'
[1.734s] Level 5:colcon.colcon_core.verb:set package 'drive_ex' build argument 'cmake_clean_cache' from command line to 'False'
[1.734s] Level 5:colcon.colcon_core.verb:set package 'drive_ex' build argument 'cmake_clean_first' from command line to 'False'
[1.734s] Level 5:colcon.colcon_core.verb:set package 'drive_ex' build argument 'cmake_force_configure' from command line to 'False'
[1.734s] Level 5:colcon.colcon_core.verb:set package 'drive_ex' build argument 'ament_cmake_args' from command line to 'None'
[1.734s] Level 5:colcon.colcon_core.verb:set package 'drive_ex' build argument 'catkin_cmake_args' from command line to 'None'
[1.734s] Level 5:colcon.colcon_core.verb:set package 'drive_ex' build argument 'catkin_skip_building_tests' from command line to 'False'
[1.734s] DEBUG:colcon.colcon_core.verb:Building package 'drive_ex' with the following arguments: {'ament_cmake_args': None, 'build_base': '/home/beachlbl/porter/ros2-ws-2024/build/drive_ex', 'catkin_cmake_args': None, 'catkin_skip_building_tests': False, 'cmake_args': None, 'cmake_clean_cache': False, 'cmake_clean_first': False, 'cmake_force_configure': False, 'cmake_target': None, 'cmake_target_skip_unavailable': False, 'install_base': '/home/beachlbl/porter/ros2-ws-2024/install/drive_ex', 'merge_install': False, 'path': '/home/beachlbl/porter/ros2-ws-2024/src/drive_ex', 'symlink_install': False, 'test_result_base': None}
[1.736s] Level 5:colcon.colcon_core.verb:set package 'joy_control' build argument 'cmake_args' from command line to 'None'
[1.736s] Level 5:colcon.colcon_core.verb:set package 'joy_control' build argument 'cmake_target' from command line to 'None'
[1.736s] Level 5:colcon.colcon_core.verb:set package 'joy_control' build argument 'cmake_target_skip_unavailable' from command line to 'False'
[1.736s] Level 5:colcon.colcon_core.verb:set package 'joy_control' build argument 'cmake_clean_cache' from command line to 'False'
[1.736s] Level 5:colcon.colcon_core.verb:set package 'joy_control' build argument 'cmake_clean_first' from command line to 'False'
[1.736s] Level 5:colcon.colcon_core.verb:set package 'joy_control' build argument 'cmake_force_configure' from command line to 'False'
[1.736s] Level 5:colcon.colcon_core.verb:set package 'joy_control' build argument 'ament_cmake_args' from command line to 'None'
[1.736s] Level 5:colcon.colcon_core.verb:set package 'joy_control' build argument 'catkin_cmake_args' from command line to 'None'
[1.736s] Level 5:colcon.colcon_core.verb:set package 'joy_control' build argument 'catkin_skip_building_tests' from command line to 'False'
[1.737s] DEBUG:colcon.colcon_core.verb:Building package 'joy_control' with the following arguments: {'ament_cmake_args': None, 'build_base': '/home/beachlbl/porter/ros2-ws-2024/build/joy_control', 'catkin_cmake_args': None, 'catkin_skip_building_tests': False, 'cmake_args': None, 'cmake_clean_cache': False, 'cmake_clean_first': False, 'cmake_force_configure': False, 'cmake_target': None, 'cmake_target_skip_unavailable': False, 'install_base': '/home/beachlbl/porter/ros2-ws-2024/install/joy_control', 'merge_install': False, 'path': '/home/beachlbl/porter/ros2-ws-2024/src/joy_control', 'symlink_install': False, 'test_result_base': None}
[1.738s] Level 5:colcon.colcon_core.verb:set package 'py_pubsub' build argument 'cmake_args' from command line to 'None'
[1.738s] Level 5:colcon.colcon_core.verb:set package 'py_pubsub' build argument 'cmake_target' from command line to 'None'
[1.738s] Level 5:colcon.colcon_core.verb:set package 'py_pubsub' build argument 'cmake_target_skip_unavailable' from command line to 'False'
[1.738s] Level 5:colcon.colcon_core.verb:set package 'py_pubsub' build argument 'cmake_clean_cache' from command line to 'False'
[1.738s] Level 5:colcon.colcon_core.verb:set package 'py_pubsub' build argument 'cmake_clean_first' from command line to 'False'
[1.739s] Level 5:colcon.colcon_core.verb:set package 'py_pubsub' build argument 'cmake_force_configure' from command line to 'False'
[1.739s] Level 5:colcon.colcon_core.verb:set package 'py_pubsub' build argument 'ament_cmake_args' from command line to 'None'
[1.739s] Level 5:colcon.colcon_core.verb:set package 'py_pubsub' build argument 'catkin_cmake_args' from command line to 'None'
[1.739s] Level 5:colcon.colcon_core.verb:set package 'py_pubsub' build argument 'catkin_skip_building_tests' from command line to 'False'
[1.739s] DEBUG:colcon.colcon_core.verb:Building package 'py_pubsub' with the following arguments: {'ament_cmake_args': None, 'build_base': '/home/beachlbl/porter/ros2-ws-2024/build/py_pubsub', 'catkin_cmake_args': None, 'catkin_skip_building_tests': False, 'cmake_args': None, 'cmake_clean_cache': False, 'cmake_clean_first': False, 'cmake_force_configure': False, 'cmake_target': None, 'cmake_target_skip_unavailable': False, 'install_base': '/home/beachlbl/porter/ros2-ws-2024/install/py_pubsub', 'merge_install': False, 'path': '/home/beachlbl/porter/ros2-ws-2024/src/py_pubsub', 'symlink_install': False, 'test_result_base': None}
[1.740s] Level 5:colcon.colcon_core.verb:set package 'ui' build argument 'cmake_args' from command line to 'None'
[1.741s] Level 5:colcon.colcon_core.verb:set package 'ui' build argument 'cmake_target' from command line to 'None'
[1.741s] Level 5:colcon.colcon_core.verb:set package 'ui' build argument 'cmake_target_skip_unavailable' from command line to 'False'
[1.741s] Level 5:colcon.colcon_core.verb:set package 'ui' build argument 'cmake_clean_cache' from command line to 'False'
[1.741s] Level 5:colcon.colcon_core.verb:set package 'ui' build argument 'cmake_clean_first' from command line to 'False'
[1.741s] Level 5:colcon.colcon_core.verb:set package 'ui' build argument 'cmake_force_configure' from command line to 'False'
[1.741s] Level 5:colcon.colcon_core.verb:set package 'ui' build argument 'ament_cmake_args' from command line to 'None'
[1.741s] Level 5:colcon.colcon_core.verb:set package 'ui' build argument 'catkin_cmake_args' from command line to 'None'
[1.741s] Level 5:colcon.colcon_core.verb:set package 'ui' build argument 'catkin_skip_building_tests' from command line to 'False'
[1.741s] DEBUG:colcon.colcon_core.verb:Building package 'ui' with the following arguments: {'ament_cmake_args': None, 'build_base': '/home/beachlbl/porter/ros2-ws-2024/build/ui', 'catkin_cmake_args': None, 'catkin_skip_building_tests': False, 'cmake_args': None, 'cmake_clean_cache': False, 'cmake_clean_first': False, 'cmake_force_configure': False, 'cmake_target': None, 'cmake_target_skip_unavailable': False, 'install_base': '/home/beachlbl/porter/ros2-ws-2024/install/ui', 'merge_install': False, 'path': '/home/beachlbl/porter/ros2-ws-2024/src/ui', 'symlink_install': False, 'test_result_base': None}
[1.742s] INFO:colcon.colcon_core.executor:Executing jobs using 'parallel' executor
[1.745s] DEBUG:colcon.colcon_parallel_executor.executor.parallel:run_until_complete
[1.746s] INFO:colcon.colcon_ros.task.ament_python.build:Building ROS package in '/home/beachlbl/porter/ros2-ws-2024/src/camera_test' with build type 'ament_python'
[1.746s] Level 1:colcon.colcon_core.shell:create_environment_hook('camera_test', 'ament_prefix_path')
[1.756s] INFO:colcon.colcon_core.plugin_system:Skipping extension 'colcon_core.shell.bat': Not used on non-Windows systems
[1.758s] INFO:colcon.colcon_core.shell:Creating environment hook '/home/beachlbl/porter/ros2-ws-2024/install/camera_test/share/camera_test/hook/ament_prefix_path.ps1'
[1.760s] INFO:colcon.colcon_core.shell:Creating environment descriptor '/home/beachlbl/porter/ros2-ws-2024/install/camera_test/share/camera_test/hook/ament_prefix_path.dsv'
[1.762s] INFO:colcon.colcon_core.shell:Creating environment hook '/home/beachlbl/porter/ros2-ws-2024/install/camera_test/share/camera_test/hook/ament_prefix_path.sh'
[1.766s] INFO:colcon.colcon_core.shell:Skip shell extension 'powershell' for command environment: Not usable outside of PowerShell
[1.766s] DEBUG:colcon.colcon_core.shell:Skip shell extension 'dsv' for command environment
[1.785s] INFO:colcon.colcon_ros.task.ament_python.build:Building ROS package in '/home/beachlbl/porter/ros2-ws-2024/src/db_broker' with build type 'ament_python'
[1.786s] Level 1:colcon.colcon_core.shell:create_environment_hook('db_broker', 'ament_prefix_path')
[1.787s] INFO:colcon.colcon_core.shell:Creating environment hook '/home/beachlbl/porter/ros2-ws-2024/install/db_broker/share/db_broker/hook/ament_prefix_path.ps1'
[1.789s] INFO:colcon.colcon_core.shell:Creating environment descriptor '/home/beachlbl/porter/ros2-ws-2024/install/db_broker/share/db_broker/hook/ament_prefix_path.dsv'
[1.791s] INFO:colcon.colcon_core.shell:Creating environment hook '/home/beachlbl/porter/ros2-ws-2024/install/db_broker/share/db_broker/hook/ament_prefix_path.sh'
[1.794s] INFO:colcon.colcon_core.shell:Skip shell extension 'powershell' for command environment: Not usable outside of PowerShell
[1.795s] DEBUG:colcon.colcon_core.shell:Skip shell extension 'dsv' for command environment
[1.814s] INFO:colcon.colcon_ros.task.ament_python.build:Building ROS package in '/home/beachlbl/porter/ros2-ws-2024/src/drive_cb' with build type 'ament_python'
[1.814s] Level 1:colcon.colcon_core.shell:create_environment_hook('drive_cb', 'ament_prefix_path')
[1.815s] INFO:colcon.colcon_core.shell:Creating environment hook '/home/beachlbl/porter/ros2-ws-2024/install/drive_cb/share/drive_cb/hook/ament_prefix_path.ps1'
[1.818s] INFO:colcon.colcon_core.shell:Creating environment descriptor '/home/beachlbl/porter/ros2-ws-2024/install/drive_cb/share/drive_cb/hook/ament_prefix_path.dsv'
[1.819s] INFO:colcon.colcon_core.shell:Creating environment hook '/home/beachlbl/porter/ros2-ws-2024/install/drive_cb/share/drive_cb/hook/ament_prefix_path.sh'
[1.822s] INFO:colcon.colcon_core.shell:Skip shell extension 'powershell' for command environment: Not usable outside of PowerShell
[1.822s] DEBUG:colcon.colcon_core.shell:Skip shell extension 'dsv' for command environment
[1.842s] INFO:colcon.colcon_ros.task.ament_python.build:Building ROS package in '/home/beachlbl/porter/ros2-ws-2024/src/drive_ex' with build type 'ament_python'
[1.842s] Level 1:colcon.colcon_core.shell:create_environment_hook('drive_ex', 'ament_prefix_path')
[1.844s] INFO:colcon.colcon_core.shell:Creating environment hook '/home/beachlbl/porter/ros2-ws-2024/install/drive_ex/share/drive_ex/hook/ament_prefix_path.ps1'
[1.847s] INFO:colcon.colcon_core.shell:Creating environment descriptor '/home/beachlbl/porter/ros2-ws-2024/install/drive_ex/share/drive_ex/hook/ament_prefix_path.dsv'
[1.849s] INFO:colcon.colcon_core.shell:Creating environment hook '/home/beachlbl/porter/ros2-ws-2024/install/drive_ex/share/drive_ex/hook/ament_prefix_path.sh'
[1.851s] INFO:colcon.colcon_core.shell:Skip shell extension 'powershell' for command environment: Not usable outside of PowerShell
[1.852s] DEBUG:colcon.colcon_core.shell:Skip shell extension 'dsv' for command environment
[3.095s] INFO:colcon.colcon_core.task.python.build:Building Python package in '/home/beachlbl/porter/ros2-ws-2024/src/camera_test'
[3.096s] INFO:colcon.colcon_core.shell:Skip shell extension 'powershell' for command environment: Not usable outside of PowerShell
[3.096s] DEBUG:colcon.colcon_core.shell:Skip shell extension 'dsv' for command environment
[4.330s] INFO:colcon.colcon_core.task.python.build:Building Python package in '/home/beachlbl/porter/ros2-ws-2024/src/db_broker'
[4.331s] INFO:colcon.colcon_core.shell:Skip shell extension 'powershell' for command environment: Not usable outside of PowerShell
[4.331s] DEBUG:colcon.colcon_core.shell:Skip shell extension 'dsv' for command environment
[5.565s] INFO:colcon.colcon_core.task.python.build:Building Python package in '/home/beachlbl/porter/ros2-ws-2024/src/drive_cb'
[5.566s] INFO:colcon.colcon_core.shell:Skip shell extension 'powershell' for command environment: Not usable outside of PowerShell
[5.566s] DEBUG:colcon.colcon_core.shell:Skip shell extension 'dsv' for command environment
[6.818s] INFO:colcon.colcon_core.task.python.build:Building Python package in '/home/beachlbl/porter/ros2-ws-2024/src/drive_ex'
[6.820s] INFO:colcon.colcon_core.shell:Skip shell extension 'powershell' for command environment: Not usable outside of PowerShell
[6.820s] DEBUG:colcon.colcon_core.shell:Skip shell extension 'dsv' for command environment
[9.328s] DEBUG:colcon.colcon_core.event_handler.log_command:Invoking command in '/home/beachlbl/porter/ros2-ws-2024/src/camera_test': PYTHONPATH=/home/beachlbl/porter/ros2-ws-2024/build/camera_test/prefix_override:/home/beachlbl/porter/ros2-ws-2024/install/camera_test/lib/python3.10/site-packages:${PYTHONPATH} /usr/bin/python3 -W ignore:setup.py install is deprecated setup.py egg_info --egg-base ../../build/camera_test build --build-base /home/beachlbl/porter/ros2-ws-2024/build/camera_test/build install --record /home/beachlbl/porter/ros2-ws-2024/build/camera_test/install.log --single-version-externally-managed install_data
[9.354s] DEBUG:colcon.colcon_core.event_handler.log_command:Invoking command in '/home/beachlbl/porter/ros2-ws-2024/src/db_broker': PYTHONPATH=/home/beachlbl/porter/ros2-ws-2024/build/db_broker/prefix_override:/home/beachlbl/porter/ros2-ws-2024/install/db_broker/lib/python3.10/site-packages:${PYTHONPATH} /usr/bin/python3 -W ignore:setup.py install is deprecated setup.py egg_info --egg-base ../../build/db_broker build --build-base /home/beachlbl/porter/ros2-ws-2024/build/db_broker/build install --record /home/beachlbl/porter/ros2-ws-2024/build/db_broker/install.log --single-version-externally-managed install_data
[9.391s] DEBUG:colcon.colcon_core.event_handler.log_command:Invoking command in '/home/beachlbl/porter/ros2-ws-2024/src/drive_cb': PYTHONPATH=/home/beachlbl/porter/ros2-ws-2024/build/drive_cb/prefix_override:/home/beachlbl/porter/ros2-ws-2024/install/drive_cb/lib/python3.10/site-packages:${PYTHONPATH} /usr/bin/python3 -W ignore:setup.py install is deprecated setup.py egg_info --egg-base ../../build/drive_cb build --build-base /home/beachlbl/porter/ros2-ws-2024/build/drive_cb/build install --record /home/beachlbl/porter/ros2-ws-2024/build/drive_cb/install.log --single-version-externally-managed install_data
[9.441s] DEBUG:colcon.colcon_core.event_handler.log_command:Invoking command in '/home/beachlbl/porter/ros2-ws-2024/src/drive_ex': PYTHONPATH=/home/beachlbl/porter/ros2-ws-2024/build/drive_ex/prefix_override:/home/beachlbl/porter/ros2-ws-2024/install/drive_ex/lib/python3.10/site-packages:${PYTHONPATH} /usr/bin/python3 -W ignore:setup.py install is deprecated setup.py egg_info --egg-base ../../build/drive_ex build --build-base /home/beachlbl/porter/ros2-ws-2024/build/drive_ex/build install --record /home/beachlbl/porter/ros2-ws-2024/build/drive_ex/install.log --single-version-externally-managed install_data
[11.422s] DEBUG:colcon.colcon_core.event_handler.log_command:Invoked command in '/home/beachlbl/porter/ros2-ws-2024/src/camera_test' returned '0': PYTHONPATH=/home/beachlbl/porter/ros2-ws-2024/build/camera_test/prefix_override:/home/beachlbl/porter/ros2-ws-2024/install/camera_test/lib/python3.10/site-packages:${PYTHONPATH} /usr/bin/python3 -W ignore:setup.py install is deprecated setup.py egg_info --egg-base ../../build/camera_test build --build-base /home/beachlbl/porter/ros2-ws-2024/build/camera_test/build install --record /home/beachlbl/porter/ros2-ws-2024/build/camera_test/install.log --single-version-externally-managed install_data
[11.447s] Level 1:colcon.colcon_core.environment:checking '/home/beachlbl/porter/ros2-ws-2024/install/camera_test' for CMake module files
[11.452s] Level 1:colcon.colcon_core.environment:checking '/home/beachlbl/porter/ros2-ws-2024/install/camera_test' for CMake config files
[11.458s] Level 1:colcon.colcon_core.shell:create_environment_hook('camera_test', 'cmake_prefix_path')
[11.460s] INFO:colcon.colcon_core.shell:Creating environment hook '/home/beachlbl/porter/ros2-ws-2024/install/camera_test/share/camera_test/hook/cmake_prefix_path.ps1'
[11.463s] INFO:colcon.colcon_core.shell:Creating environment descriptor '/home/beachlbl/porter/ros2-ws-2024/install/camera_test/share/camera_test/hook/cmake_prefix_path.dsv'
[11.466s] INFO:colcon.colcon_core.shell:Creating environment hook '/home/beachlbl/porter/ros2-ws-2024/install/camera_test/share/camera_test/hook/cmake_prefix_path.sh'
[11.470s] Level 1:colcon.colcon_core.environment:checking '/home/beachlbl/porter/ros2-ws-2024/install/camera_test/lib'
[11.472s] Level 1:colcon.colcon_core.environment:checking '/home/beachlbl/porter/ros2-ws-2024/install/camera_test/bin'
[11.472s] Level 1:colcon.colcon_core.environment:checking '/home/beachlbl/porter/ros2-ws-2024/install/camera_test/lib/pkgconfig/camera_test.pc'
[11.474s] Level 1:colcon.colcon_core.environment:checking '/home/beachlbl/porter/ros2-ws-2024/install/camera_test/lib/python3.10/site-packages'
[11.474s] Level 1:colcon.colcon_core.shell:create_environment_hook('camera_test', 'pythonpath')
[11.476s] INFO:colcon.colcon_core.shell:Creating environment hook '/home/beachlbl/porter/ros2-ws-2024/install/camera_test/share/camera_test/hook/pythonpath.ps1'
[11.480s] INFO:colcon.colcon_core.shell:Creating environment descriptor '/home/beachlbl/porter/ros2-ws-2024/install/camera_test/share/camera_test/hook/pythonpath.dsv'
[11.483s] INFO:colcon.colcon_core.shell:Creating environment hook '/home/beachlbl/porter/ros2-ws-2024/install/camera_test/share/camera_test/hook/pythonpath.sh'
[11.486s] Level 1:colcon.colcon_core.environment:checking '/home/beachlbl/porter/ros2-ws-2024/install/camera_test/bin'
[11.487s] Level 1:colcon.colcon_core.environment:create_environment_scripts_only(camera_test)
[11.489s] INFO:colcon.colcon_core.shell:Creating package script '/home/beachlbl/porter/ros2-ws-2024/install/camera_test/share/camera_test/package.ps1'
[11.493s] INFO:colcon.colcon_core.shell:Creating package descriptor '/home/beachlbl/porter/ros2-ws-2024/install/camera_test/share/camera_test/package.dsv'
[11.496s] INFO:colcon.colcon_core.shell:Creating package script '/home/beachlbl/porter/ros2-ws-2024/install/camera_test/share/camera_test/package.sh'
[11.500s] INFO:colcon.colcon_core.shell:Creating package script '/home/beachlbl/porter/ros2-ws-2024/install/camera_test/share/camera_test/package.bash'
[11.505s] INFO:colcon.colcon_core.shell:Creating package script '/home/beachlbl/porter/ros2-ws-2024/install/camera_test/share/camera_test/package.zsh'
[11.510s] Level 1:colcon.colcon_core.environment:create_file_with_runtime_dependencies(/home/beachlbl/porter/ros2-ws-2024/install/camera_test/share/colcon-core/packages/camera_test)
[11.515s] INFO:colcon.colcon_ros.task.ament_python.build:Building ROS package in '/home/beachlbl/porter/ros2-ws-2024/src/joy_control' with build type 'ament_python'
[11.516s] Level 1:colcon.colcon_core.shell:create_environment_hook('joy_control', 'ament_prefix_path')
[11.518s] INFO:colcon.colcon_core.shell:Creating environment hook '/home/beachlbl/porter/ros2-ws-2024/install/joy_control/share/joy_control/hook/ament_prefix_path.ps1'
[11.523s] INFO:colcon.colcon_core.shell:Creating environment descriptor '/home/beachlbl/porter/ros2-ws-2024/install/joy_control/share/joy_control/hook/ament_prefix_path.dsv'
[11.528s] INFO:colcon.colcon_core.shell:Creating environment hook '/home/beachlbl/porter/ros2-ws-2024/install/joy_control/share/joy_control/hook/ament_prefix_path.sh'
[11.532s] INFO:colcon.colcon_core.shell:Skip shell extension 'powershell' for command environment: Not usable outside of PowerShell
[11.533s] DEBUG:colcon.colcon_core.shell:Skip shell extension 'dsv' for command environment
[11.567s] Level 1:colcon.colcon_core.environment:checking '/home/beachlbl/porter/ros2-ws-2024/install/db_broker' for CMake module files
[11.570s] DEBUG:colcon.colcon_core.event_handler.log_command:Invoked command in '/home/beachlbl/porter/ros2-ws-2024/src/db_broker' returned '0': PYTHONPATH=/home/beachlbl/porter/ros2-ws-2024/build/db_broker/prefix_override:/home/beachlbl/porter/ros2-ws-2024/install/db_broker/lib/python3.10/site-packages:${PYTHONPATH} /usr/bin/python3 -W ignore:setup.py install is deprecated setup.py egg_info --egg-base ../../build/db_broker build --build-base /home/beachlbl/porter/ros2-ws-2024/build/db_broker/build install --record /home/beachlbl/porter/ros2-ws-2024/build/db_broker/install.log --single-version-externally-managed install_data
[11.572s] Level 1:colcon.colcon_core.environment:checking '/home/beachlbl/porter/ros2-ws-2024/install/db_broker' for CMake config files
[11.577s] Level 1:colcon.colcon_core.environment:checking '/home/beachlbl/porter/ros2-ws-2024/install/db_broker/lib'
[11.578s] Level 1:colcon.colcon_core.environment:checking '/home/beachlbl/porter/ros2-ws-2024/install/db_broker/bin'
[11.578s] Level 1:colcon.colcon_core.environment:checking '/home/beachlbl/porter/ros2-ws-2024/install/db_broker/lib/pkgconfig/db_broker.pc'
[11.580s] Level 1:colcon.colcon_core.environment:checking '/home/beachlbl/porter/ros2-ws-2024/install/db_broker/lib/python3.10/site-packages'
[11.581s] Level 1:colcon.colcon_core.shell:create_environment_hook('db_broker', 'pythonpath')
[11.582s] INFO:colcon.colcon_core.shell:Creating environment hook '/home/beachlbl/porter/ros2-ws-2024/install/db_broker/share/db_broker/hook/pythonpath.ps1'
[11.586s] INFO:colcon.colcon_core.shell:Creating environment descriptor '/home/beachlbl/porter/ros2-ws-2024/install/db_broker/share/db_broker/hook/pythonpath.dsv'
[11.589s] INFO:colcon.colcon_core.shell:Creating environment hook '/home/beachlbl/porter/ros2-ws-2024/install/db_broker/share/db_broker/hook/pythonpath.sh'
[11.594s] Level 1:colcon.colcon_core.environment:checking '/home/beachlbl/porter/ros2-ws-2024/install/db_broker/bin'
[11.594s] Level 1:colcon.colcon_core.environment:create_environment_scripts_only(db_broker)
[11.597s] INFO:colcon.colcon_core.shell:Creating package script '/home/beachlbl/porter/ros2-ws-2024/install/db_broker/share/db_broker/package.ps1'
[11.601s] INFO:colcon.colcon_core.shell:Creating package descriptor '/home/beachlbl/porter/ros2-ws-2024/install/db_broker/share/db_broker/package.dsv'
[11.604s] INFO:colcon.colcon_core.shell:Creating package script '/home/beachlbl/porter/ros2-ws-2024/install/db_broker/share/db_broker/package.sh'
[11.607s] INFO:colcon.colcon_core.shell:Creating package script '/home/beachlbl/porter/ros2-ws-2024/install/db_broker/share/db_broker/package.bash'
[11.609s] INFO:colcon.colcon_core.shell:Creating package script '/home/beachlbl/porter/ros2-ws-2024/install/db_broker/share/db_broker/package.zsh'
[11.612s] Level 1:colcon.colcon_core.environment:create_file_with_runtime_dependencies(/home/beachlbl/porter/ros2-ws-2024/install/db_broker/share/colcon-core/packages/db_broker)
[11.615s] Level 1:colcon.colcon_core.environment:checking '/home/beachlbl/porter/ros2-ws-2024/install/drive_cb' for CMake module files
[11.621s] DEBUG:colcon.colcon_core.event_handler.log_command:Invoked command in '/home/beachlbl/porter/ros2-ws-2024/src/drive_cb' returned '0': PYTHONPATH=/home/beachlbl/porter/ros2-ws-2024/build/drive_cb/prefix_override:/home/beachlbl/porter/ros2-ws-2024/install/drive_cb/lib/python3.10/site-packages:${PYTHONPATH} /usr/bin/python3 -W ignore:setup.py install is deprecated setup.py egg_info --egg-base ../../build/drive_cb build --build-base /home/beachlbl/porter/ros2-ws-2024/build/drive_cb/build install --record /home/beachlbl/porter/ros2-ws-2024/build/drive_cb/install.log --single-version-externally-managed install_data
[11.622s] Level 1:colcon.colcon_core.environment:checking '/home/beachlbl/porter/ros2-ws-2024/install/drive_cb' for CMake config files
[11.627s] Level 1:colcon.colcon_core.environment:checking '/home/beachlbl/porter/ros2-ws-2024/install/drive_cb/lib'
[11.628s] Level 1:colcon.colcon_core.environment:checking '/home/beachlbl/porter/ros2-ws-2024/install/drive_cb/bin'
[11.628s] Level 1:colcon.colcon_core.environment:checking '/home/beachlbl/porter/ros2-ws-2024/install/drive_cb/lib/pkgconfig/drive_cb.pc'
[11.629s] Level 1:colcon.colcon_core.environment:checking '/home/beachlbl/porter/ros2-ws-2024/install/drive_cb/lib/python3.10/site-packages'
[11.629s] Level 1:colcon.colcon_core.shell:create_environment_hook('drive_cb', 'pythonpath')
[11.630s] INFO:colcon.colcon_core.shell:Creating environment hook '/home/beachlbl/porter/ros2-ws-2024/install/drive_cb/share/drive_cb/hook/pythonpath.ps1'
[11.632s] INFO:colcon.colcon_core.shell:Creating environment descriptor '/home/beachlbl/porter/ros2-ws-2024/install/drive_cb/share/drive_cb/hook/pythonpath.dsv'
[11.634s] INFO:colcon.colcon_core.shell:Creating environment hook '/home/beachlbl/porter/ros2-ws-2024/install/drive_cb/share/drive_cb/hook/pythonpath.sh'
[11.636s] Level 1:colcon.colcon_core.environment:checking '/home/beachlbl/porter/ros2-ws-2024/install/drive_cb/bin'
[11.637s] Level 1:colcon.colcon_core.environment:create_environment_scripts_only(drive_cb)
[11.638s] INFO:colcon.colcon_core.shell:Creating package script '/home/beachlbl/porter/ros2-ws-2024/install/drive_cb/share/drive_cb/package.ps1'
[11.640s] INFO:colcon.colcon_core.shell:Creating package descriptor '/home/beachlbl/porter/ros2-ws-2024/install/drive_cb/share/drive_cb/package.dsv'
[11.642s] INFO:colcon.colcon_core.shell:Creating package script '/home/beachlbl/porter/ros2-ws-2024/install/drive_cb/share/drive_cb/package.sh'
[11.645s] INFO:colcon.colcon_core.shell:Creating package script '/home/beachlbl/porter/ros2-ws-2024/install/drive_cb/share/drive_cb/package.bash'
[11.646s] INFO:colcon.colcon_core.shell:Creating package script '/home/beachlbl/porter/ros2-ws-2024/install/drive_cb/share/drive_cb/package.zsh'
[11.648s] Level 1:colcon.colcon_core.environment:create_file_with_runtime_dependencies(/home/beachlbl/porter/ros2-ws-2024/install/drive_cb/share/colcon-core/packages/drive_cb)
[11.650s] INFO:colcon.colcon_ros.task.ament_python.build:Building ROS package in '/home/beachlbl/porter/ros2-ws-2024/src/py_pubsub' with build type 'ament_python'
[11.651s] Level 1:colcon.colcon_core.shell:create_environment_hook('py_pubsub', 'ament_prefix_path')
[11.652s] INFO:colcon.colcon_core.shell:Creating environment hook '/home/beachlbl/porter/ros2-ws-2024/install/py_pubsub/share/py_pubsub/hook/ament_prefix_path.ps1'
[11.654s] INFO:colcon.colcon_core.shell:Creating environment descriptor '/home/beachlbl/porter/ros2-ws-2024/install/py_pubsub/share/py_pubsub/hook/ament_prefix_path.dsv'
[11.656s] INFO:colcon.colcon_core.shell:Creating environment hook '/home/beachlbl/porter/ros2-ws-2024/install/py_pubsub/share/py_pubsub/hook/ament_prefix_path.sh'
[11.659s] INFO:colcon.colcon_core.shell:Skip shell extension 'powershell' for command environment: Not usable outside of PowerShell
[11.659s] DEBUG:colcon.colcon_core.shell:Skip shell extension 'dsv' for command environment
[11.678s] INFO:colcon.colcon_ros.task.ament_python.build:Building ROS package in '/home/beachlbl/porter/ros2-ws-2024/src/ui' with build type 'ament_python'
[11.679s] Level 1:colcon.colcon_core.shell:create_environment_hook('ui', 'ament_prefix_path')
[11.680s] INFO:colcon.colcon_core.shell:Creating environment hook '/home/beachlbl/porter/ros2-ws-2024/install/ui/share/ui/hook/ament_prefix_path.ps1'
[11.682s] INFO:colcon.colcon_core.shell:Creating environment descriptor '/home/beachlbl/porter/ros2-ws-2024/install/ui/share/ui/hook/ament_prefix_path.dsv'
[11.684s] INFO:colcon.colcon_core.shell:Creating environment hook '/home/beachlbl/porter/ros2-ws-2024/install/ui/share/ui/hook/ament_prefix_path.sh'
[11.687s] INFO:colcon.colcon_core.shell:Skip shell extension 'powershell' for command environment: Not usable outside of PowerShell
[11.687s] DEBUG:colcon.colcon_core.shell:Skip shell extension 'dsv' for command environment
[11.710s] Level 1:colcon.colcon_core.environment:checking '/home/beachlbl/porter/ros2-ws-2024/install/drive_ex' for CMake module files
[11.712s] DEBUG:colcon.colcon_core.event_handler.log_command:Invoked command in '/home/beachlbl/porter/ros2-ws-2024/src/drive_ex' returned '0': PYTHONPATH=/home/beachlbl/porter/ros2-ws-2024/build/drive_ex/prefix_override:/home/beachlbl/porter/ros2-ws-2024/install/drive_ex/lib/python3.10/site-packages:${PYTHONPATH} /usr/bin/python3 -W ignore:setup.py install is deprecated setup.py egg_info --egg-base ../../build/drive_ex build --build-base /home/beachlbl/porter/ros2-ws-2024/build/drive_ex/build install --record /home/beachlbl/porter/ros2-ws-2024/build/drive_ex/install.log --single-version-externally-managed install_data
[11.714s] Level 1:colcon.colcon_core.environment:checking '/home/beachlbl/porter/ros2-ws-2024/install/drive_ex' for CMake config files
[11.718s] Level 1:colcon.colcon_core.environment:checking '/home/beachlbl/porter/ros2-ws-2024/install/drive_ex/lib'
[11.719s] Level 1:colcon.colcon_core.environment:checking '/home/beachlbl/porter/ros2-ws-2024/install/drive_ex/bin'
[11.719s] Level 1:colcon.colcon_core.environment:checking '/home/beachlbl/porter/ros2-ws-2024/install/drive_ex/lib/pkgconfig/drive_ex.pc'
[11.720s] Level 1:colcon.colcon_core.environment:checking '/home/beachlbl/porter/ros2-ws-2024/install/drive_ex/lib/python3.10/site-packages'
[11.720s] Level 1:colcon.colcon_core.shell:create_environment_hook('drive_ex', 'pythonpath')
[11.721s] INFO:colcon.colcon_core.shell:Creating environment hook '/home/beachlbl/porter/ros2-ws-2024/install/drive_ex/share/drive_ex/hook/pythonpath.ps1'
[11.723s] INFO:colcon.colcon_core.shell:Creating environment descriptor '/home/beachlbl/porter/ros2-ws-2024/install/drive_ex/share/drive_ex/hook/pythonpath.dsv'
[11.725s] INFO:colcon.colcon_core.shell:Creating environment hook '/home/beachlbl/porter/ros2-ws-2024/install/drive_ex/share/drive_ex/hook/pythonpath.sh'
[11.728s] Level 1:colcon.colcon_core.environment:checking '/home/beachlbl/porter/ros2-ws-2024/install/drive_ex/bin'
[11.728s] Level 1:colcon.colcon_core.environment:create_environment_scripts_only(drive_ex)
[11.729s] INFO:colcon.colcon_core.shell:Creating package script '/home/beachlbl/porter/ros2-ws-2024/install/drive_ex/share/drive_ex/package.ps1'
[11.732s] INFO:colcon.colcon_core.shell:Creating package descriptor '/home/beachlbl/porter/ros2-ws-2024/install/drive_ex/share/drive_ex/package.dsv'
[11.734s] INFO:colcon.colcon_core.shell:Creating package script '/home/beachlbl/porter/ros2-ws-2024/install/drive_ex/share/drive_ex/package.sh'
[11.736s] INFO:colcon.colcon_core.shell:Creating package script '/home/beachlbl/porter/ros2-ws-2024/install/drive_ex/share/drive_ex/package.bash'
[11.737s] INFO:colcon.colcon_core.shell:Creating package script '/home/beachlbl/porter/ros2-ws-2024/install/drive_ex/share/drive_ex/package.zsh'
[11.738s] Level 1:colcon.colcon_core.environment:create_file_with_runtime_dependencies(/home/beachlbl/porter/ros2-ws-2024/install/drive_ex/share/colcon-core/packages/drive_ex)
[12.964s] INFO:colcon.colcon_core.task.python.build:Building Python package in '/home/beachlbl/porter/ros2-ws-2024/src/joy_control'
[12.965s] INFO:colcon.colcon_core.shell:Skip shell extension 'powershell' for command environment: Not usable outside of PowerShell
[12.966s] DEBUG:colcon.colcon_core.shell:Skip shell extension 'dsv' for command environment
[14.204s] INFO:colcon.colcon_core.task.python.build:Building Python package in '/home/beachlbl/porter/ros2-ws-2024/src/py_pubsub'
[14.205s] INFO:colcon.colcon_core.shell:Skip shell extension 'powershell' for command environment: Not usable outside of PowerShell
[14.205s] DEBUG:colcon.colcon_core.shell:Skip shell extension 'dsv' for command environment
[15.442s] INFO:colcon.colcon_core.task.python.build:Building Python package in '/home/beachlbl/porter/ros2-ws-2024/src/ui'
[15.443s] INFO:colcon.colcon_core.shell:Skip shell extension 'powershell' for command environment: Not usable outside of PowerShell
[15.443s] DEBUG:colcon.colcon_core.shell:Skip shell extension 'dsv' for command environment
[17.670s] DEBUG:colcon.colcon_core.event_handler.log_command:Invoking command in '/home/beachlbl/porter/ros2-ws-2024/src/py_pubsub': PYTHONPATH=/home/beachlbl/porter/ros2-ws-2024/build/py_pubsub/prefix_override:/home/beachlbl/porter/ros2-ws-2024/install/py_pubsub/lib/python3.10/site-packages:${PYTHONPATH} /usr/bin/python3 -W ignore:setup.py install is deprecated setup.py egg_info --egg-base ../../build/py_pubsub build --build-base /home/beachlbl/porter/ros2-ws-2024/build/py_pubsub/build install --record /home/beachlbl/porter/ros2-ws-2024/build/py_pubsub/install.log --single-version-externally-managed install_data
[17.692s] DEBUG:colcon.colcon_core.event_handler.log_command:Invoking command in '/home/beachlbl/porter/ros2-ws-2024/src/joy_control': PYTHONPATH=/home/beachlbl/porter/ros2-ws-2024/build/joy_control/prefix_override:/home/beachlbl/porter/ros2-ws-2024/install/joy_control/lib/python3.10/site-packages:${PYTHONPATH} /usr/bin/python3 -W ignore:setup.py install is deprecated setup.py egg_info --egg-base ../../build/joy_control build --build-base /home/beachlbl/porter/ros2-ws-2024/build/joy_control/build install --record /home/beachlbl/porter/ros2-ws-2024/build/joy_control/install.log --single-version-externally-managed install_data
[17.697s] DEBUG:colcon.colcon_core.event_handler.log_command:Invoking command in '/home/beachlbl/porter/ros2-ws-2024/src/ui': PYTHONPATH=/home/beachlbl/porter/ros2-ws-2024/build/ui/prefix_override:/home/beachlbl/porter/ros2-ws-2024/install/ui/lib/python3.10/site-packages:${PYTHONPATH} /usr/bin/python3 -W ignore:setup.py install is deprecated setup.py egg_info --egg-base ../../build/ui build --build-base /home/beachlbl/porter/ros2-ws-2024/build/ui/build install --record /home/beachlbl/porter/ros2-ws-2024/build/ui/install.log --single-version-externally-managed install_data
[19.469s] Level 1:colcon.colcon_core.environment:checking '/home/beachlbl/porter/ros2-ws-2024/install/py_pubsub' for CMake module files
[19.473s] DEBUG:colcon.colcon_core.event_handler.log_command:Invoked command in '/home/beachlbl/porter/ros2-ws-2024/src/py_pubsub' returned '0': PYTHONPATH=/home/beachlbl/porter/ros2-ws-2024/build/py_pubsub/prefix_override:/home/beachlbl/porter/ros2-ws-2024/install/py_pubsub/lib/python3.10/site-packages:${PYTHONPATH} /usr/bin/python3 -W ignore:setup.py install is deprecated setup.py egg_info --egg-base ../../build/py_pubsub build --build-base /home/beachlbl/porter/ros2-ws-2024/build/py_pubsub/build install --record /home/beachlbl/porter/ros2-ws-2024/build/py_pubsub/install.log --single-version-externally-managed install_data
[19.475s] Level 1:colcon.colcon_core.environment:checking '/home/beachlbl/porter/ros2-ws-2024/install/py_pubsub' for CMake config files
[19.481s] Level 1:colcon.colcon_core.environment:checking '/home/beachlbl/porter/ros2-ws-2024/install/py_pubsub/lib'
[19.482s] Level 1:colcon.colcon_core.environment:checking '/home/beachlbl/porter/ros2-ws-2024/install/py_pubsub/bin'
[19.482s] Level 1:colcon.colcon_core.environment:checking '/home/beachlbl/porter/ros2-ws-2024/install/py_pubsub/lib/pkgconfig/py_pubsub.pc'
[19.484s] Level 1:colcon.colcon_core.environment:checking '/home/beachlbl/porter/ros2-ws-2024/install/py_pubsub/lib/python3.10/site-packages'
[19.485s] Level 1:colcon.colcon_core.shell:create_environment_hook('py_pubsub', 'pythonpath')
[19.486s] INFO:colcon.colcon_core.shell:Creating environment hook '/home/beachlbl/porter/ros2-ws-2024/install/py_pubsub/share/py_pubsub/hook/pythonpath.ps1'
[19.490s] INFO:colcon.colcon_core.shell:Creating environment descriptor '/home/beachlbl/porter/ros2-ws-2024/install/py_pubsub/share/py_pubsub/hook/pythonpath.dsv'
[19.493s] INFO:colcon.colcon_core.shell:Creating environment hook '/home/beachlbl/porter/ros2-ws-2024/install/py_pubsub/share/py_pubsub/hook/pythonpath.sh'
[19.498s] Level 1:colcon.colcon_core.environment:checking '/home/beachlbl/porter/ros2-ws-2024/install/py_pubsub/bin'
[19.499s] Level 1:colcon.colcon_core.environment:create_environment_scripts_only(py_pubsub)
[19.501s] INFO:colcon.colcon_core.shell:Creating package script '/home/beachlbl/porter/ros2-ws-2024/install/py_pubsub/share/py_pubsub/package.ps1'
[19.506s] INFO:colcon.colcon_core.shell:Creating package descriptor '/home/beachlbl/porter/ros2-ws-2024/install/py_pubsub/share/py_pubsub/package.dsv'
[19.509s] INFO:colcon.colcon_core.shell:Creating package script '/home/beachlbl/porter/ros2-ws-2024/install/py_pubsub/share/py_pubsub/package.sh'
[19.512s] INFO:colcon.colcon_core.shell:Creating package script '/home/beachlbl/porter/ros2-ws-2024/install/py_pubsub/share/py_pubsub/package.bash'
[19.515s] INFO:colcon.colcon_core.shell:Creating package script '/home/beachlbl/porter/ros2-ws-2024/install/py_pubsub/share/py_pubsub/package.zsh'
[19.517s] Level 1:colcon.colcon_core.environment:create_file_with_runtime_dependencies(/home/beachlbl/porter/ros2-ws-2024/install/py_pubsub/share/colcon-core/packages/py_pubsub)
[19.525s] Level 1:colcon.colcon_core.environment:checking '/home/beachlbl/porter/ros2-ws-2024/install/joy_control' for CMake module files
[19.530s] DEBUG:colcon.colcon_core.event_handler.log_command:Invoked command in '/home/beachlbl/porter/ros2-ws-2024/src/joy_control' returned '0': PYTHONPATH=/home/beachlbl/porter/ros2-ws-2024/build/joy_control/prefix_override:/home/beachlbl/porter/ros2-ws-2024/install/joy_control/lib/python3.10/site-packages:${PYTHONPATH} /usr/bin/python3 -W ignore:setup.py install is deprecated setup.py egg_info --egg-base ../../build/joy_control build --build-base /home/beachlbl/porter/ros2-ws-2024/build/joy_control/build install --record /home/beachlbl/porter/ros2-ws-2024/build/joy_control/install.log --single-version-externally-managed install_data
[19.531s] Level 1:colcon.colcon_core.environment:checking '/home/beachlbl/porter/ros2-ws-2024/install/joy_control' for CMake config files
[19.535s] Level 1:colcon.colcon_core.environment:checking '/home/beachlbl/porter/ros2-ws-2024/install/joy_control/lib'
[19.536s] Level 1:colcon.colcon_core.environment:checking '/home/beachlbl/porter/ros2-ws-2024/install/joy_control/bin'
[19.536s] Level 1:colcon.colcon_core.environment:checking '/home/beachlbl/porter/ros2-ws-2024/install/joy_control/lib/pkgconfig/joy_control.pc'
[19.537s] Level 1:colcon.colcon_core.environment:checking '/home/beachlbl/porter/ros2-ws-2024/install/joy_control/lib/python3.10/site-packages'
[19.537s] Level 1:colcon.colcon_core.shell:create_environment_hook('joy_control', 'pythonpath')
[19.538s] INFO:colcon.colcon_core.shell:Creating environment hook '/home/beachlbl/porter/ros2-ws-2024/install/joy_control/share/joy_control/hook/pythonpath.ps1'
[19.540s] INFO:colcon.colcon_core.shell:Creating environment descriptor '/home/beachlbl/porter/ros2-ws-2024/install/joy_control/share/joy_control/hook/pythonpath.dsv'
[19.541s] INFO:colcon.colcon_core.shell:Creating environment hook '/home/beachlbl/porter/ros2-ws-2024/install/joy_control/share/joy_control/hook/pythonpath.sh'
[19.544s] Level 1:colcon.colcon_core.environment:checking '/home/beachlbl/porter/ros2-ws-2024/install/joy_control/bin'
[19.544s] Level 1:colcon.colcon_core.environment:create_environment_scripts_only(joy_control)
[19.546s] INFO:colcon.colcon_core.shell:Creating package script '/home/beachlbl/porter/ros2-ws-2024/install/joy_control/share/joy_control/package.ps1'
[19.548s] INFO:colcon.colcon_core.shell:Creating package descriptor '/home/beachlbl/porter/ros2-ws-2024/install/joy_control/share/joy_control/package.dsv'
[19.550s] INFO:colcon.colcon_core.shell:Creating package script '/home/beachlbl/porter/ros2-ws-2024/install/joy_control/share/joy_control/package.sh'
[19.552s] INFO:colcon.colcon_core.shell:Creating package script '/home/beachlbl/porter/ros2-ws-2024/install/joy_control/share/joy_control/package.bash'
[19.554s] INFO:colcon.colcon_core.shell:Creating package script '/home/beachlbl/porter/ros2-ws-2024/install/joy_control/share/joy_control/package.zsh'
[19.555s] Level 1:colcon.colcon_core.environment:create_file_with_runtime_dependencies(/home/beachlbl/porter/ros2-ws-2024/install/joy_control/share/colcon-core/packages/joy_control)
[19.560s] Level 1:colcon.colcon_core.environment:checking '/home/beachlbl/porter/ros2-ws-2024/install/ui' for CMake module files
[19.562s] DEBUG:colcon.colcon_core.event_handler.log_command:Invoked command in '/home/beachlbl/porter/ros2-ws-2024/src/ui' returned '0': PYTHONPATH=/home/beachlbl/porter/ros2-ws-2024/build/ui/prefix_override:/home/beachlbl/porter/ros2-ws-2024/install/ui/lib/python3.10/site-packages:${PYTHONPATH} /usr/bin/python3 -W ignore:setup.py install is deprecated setup.py egg_info --egg-base ../../build/ui build --build-base /home/beachlbl/porter/ros2-ws-2024/build/ui/build install --record /home/beachlbl/porter/ros2-ws-2024/build/ui/install.log --single-version-externally-managed install_data
[19.563s] Level 1:colcon.colcon_core.environment:checking '/home/beachlbl/porter/ros2-ws-2024/install/ui' for CMake config files
[19.567s] Level 1:colcon.colcon_core.environment:checking '/home/beachlbl/porter/ros2-ws-2024/install/ui/lib'
[19.567s] Level 1:colcon.colcon_core.environment:checking '/home/beachlbl/porter/ros2-ws-2024/install/ui/bin'
[19.567s] Level 1:colcon.colcon_core.environment:checking '/home/beachlbl/porter/ros2-ws-2024/install/ui/lib/pkgconfig/ui.pc'
[19.568s] Level 1:colcon.colcon_core.environment:checking '/home/beachlbl/porter/ros2-ws-2024/install/ui/lib/python3.10/site-packages'
[19.568s] Level 1:colcon.colcon_core.shell:create_environment_hook('ui', 'pythonpath')
[19.569s] INFO:colcon.colcon_core.shell:Creating environment hook '/home/beachlbl/porter/ros2-ws-2024/install/ui/share/ui/hook/pythonpath.ps1'
[19.571s] INFO:colcon.colcon_core.shell:Creating environment descriptor '/home/beachlbl/porter/ros2-ws-2024/install/ui/share/ui/hook/pythonpath.dsv'
[19.573s] INFO:colcon.colcon_core.shell:Creating environment hook '/home/beachlbl/porter/ros2-ws-2024/install/ui/share/ui/hook/pythonpath.sh'
[19.575s] Level 1:colcon.colcon_core.environment:checking '/home/beachlbl/porter/ros2-ws-2024/install/ui/bin'
[19.575s] Level 1:colcon.colcon_core.environment:create_environment_scripts_only(ui)
[19.577s] INFO:colcon.colcon_core.shell:Creating package script '/home/beachlbl/porter/ros2-ws-2024/install/ui/share/ui/package.ps1'
[19.579s] INFO:colcon.colcon_core.shell:Creating package descriptor '/home/beachlbl/porter/ros2-ws-2024/install/ui/share/ui/package.dsv'
[19.581s] INFO:colcon.colcon_core.shell:Creating package script '/home/beachlbl/porter/ros2-ws-2024/install/ui/share/ui/package.sh'
[19.583s] INFO:colcon.colcon_core.shell:Creating package script '/home/beachlbl/porter/ros2-ws-2024/install/ui/share/ui/package.bash'
[19.585s] INFO:colcon.colcon_core.shell:Creating package script '/home/beachlbl/porter/ros2-ws-2024/install/ui/share/ui/package.zsh'
[19.586s] Level 1:colcon.colcon_core.environment:create_file_with_runtime_dependencies(/home/beachlbl/porter/ros2-ws-2024/install/ui/share/colcon-core/packages/ui)
[19.587s] DEBUG:colcon.colcon_parallel_executor.executor.parallel:closing loop
[19.588s] DEBUG:colcon.colcon_parallel_executor.executor.parallel:loop closed
[19.588s] DEBUG:colcon.colcon_parallel_executor.executor.parallel:run_until_complete finished with '0'
[19.589s] DEBUG:colcon.colcon_core.event_reactor:joining thread
[19.611s] INFO:colcon.colcon_core.plugin_system:Skipping extension 'colcon_notification.desktop_notification.terminal_notifier': Not used on non-Darwin systems
[19.612s] INFO:colcon.colcon_core.plugin_system:Skipping extension 'colcon_notification.desktop_notification.win32': Not used on non-Windows systems
[19.612s] INFO:colcon.colcon_notification.desktop_notification:Sending desktop notification using 'notify2'
[19.615s] DEBUG:colcon.colcon_notification.desktop_notification.notify2:Failed to initialize notify2: org.freedesktop.DBus.Error.ServiceUnknown: The name org.freedesktop.Notifications was not provided by any .service files
[19.615s] DEBUG:colcon.colcon_core.event_reactor:joined thread
[19.616s] INFO:colcon.colcon_core.shell:Creating prefix script '/home/beachlbl/porter/ros2-ws-2024/install/local_setup.ps1'
[19.620s] INFO:colcon.colcon_core.shell:Creating prefix util module '/home/beachlbl/porter/ros2-ws-2024/install/_local_setup_util_ps1.py'
[19.626s] INFO:colcon.colcon_core.shell:Creating prefix chain script '/home/beachlbl/porter/ros2-ws-2024/install/setup.ps1'
[19.632s] INFO:colcon.colcon_core.shell:Creating prefix script '/home/beachlbl/porter/ros2-ws-2024/install/local_setup.sh'
[19.634s] INFO:colcon.colcon_core.shell:Creating prefix util module '/home/beachlbl/porter/ros2-ws-2024/install/_local_setup_util_sh.py'
[19.637s] INFO:colcon.colcon_core.shell:Creating prefix chain script '/home/beachlbl/porter/ros2-ws-2024/install/setup.sh'
[19.643s] INFO:colcon.colcon_core.shell:Creating prefix script '/home/beachlbl/porter/ros2-ws-2024/install/local_setup.bash'
[19.645s] INFO:colcon.colcon_core.shell:Creating prefix chain script '/home/beachlbl/porter/ros2-ws-2024/install/setup.bash'
[19.650s] INFO:colcon.colcon_core.shell:Creating prefix script '/home/beachlbl/porter/ros2-ws-2024/install/local_setup.zsh'
[19.653s] INFO:colcon.colcon_core.shell:Creating prefix chain script '/home/beachlbl/porter/ros2-ws-2024/install/setup.zsh'
