[7.948s] Invoking command in '/home/beachlbl/porter/ros2-ws-2024/src/joy_control': PYTHONPATH=/home/beachlbl/porter/ros2-ws-2024/build/joy_control/prefix_override:/home/beachlbl/porter/ros2-ws-2024/install/joy_control/lib/python3.10/site-packages:${PYTHONPATH} /usr/bin/python3 -W ignore:setup.py install is deprecated setup.py egg_info --egg-base ../../build/joy_control build --build-base /home/beachlbl/porter/ros2-ws-2024/build/joy_control/build install --record /home/beachlbl/porter/ros2-ws-2024/build/joy_control/install.log --single-version-externally-managed install_data
[9.612s] running egg_info
[9.615s] writing ../../build/joy_control/joy_control.egg-info/PKG-INFO
[9.616s] writing dependency_links to ../../build/joy_control/joy_control.egg-info/dependency_links.txt
[9.618s] writing entry points to ../../build/joy_control/joy_control.egg-info/entry_points.txt
[9.619s] writing requirements to ../../build/joy_control/joy_control.egg-info/requires.txt
[9.621s] writing top-level names to ../../build/joy_control/joy_control.egg-info/top_level.txt
[9.635s] reading manifest file '../../build/joy_control/joy_control.egg-info/SOURCES.txt'
[9.636s] adding license file 'LICENSE'
[9.637s] writing manifest file '../../build/joy_control/joy_control.egg-info/SOURCES.txt'
[9.638s] running build
[9.639s] running build_py
[9.640s] running install
[9.641s] running install_lib
[9.653s] running install_data
[9.655s] running install_egg_info
[9.660s] removing '/home/beachlbl/porter/ros2-ws-2024/install/joy_control/lib/python3.10/site-packages/joy_control-0.0.0-py3.10.egg-info' (and everything under it)
[9.665s] Copying ../../build/joy_control/joy_control.egg-info to /home/beachlbl/porter/ros2-ws-2024/install/joy_control/lib/python3.10/site-packages/joy_control-0.0.0-py3.10.egg-info
[9.678s] running install_scripts
[9.826s] Installing control_cb script to /home/beachlbl/porter/ros2-ws-2024/install/joy_control/lib/joy_control
[9.829s] Installing control_ex script to /home/beachlbl/porter/ros2-ws-2024/install/joy_control/lib/joy_control
[9.834s] writing list of installed files to '/home/beachlbl/porter/ros2-ws-2024/build/joy_control/install.log'
[10.155s] Invoked command in '/home/beachlbl/porter/ros2-ws-2024/src/joy_control' returned '0': PYTHONPATH=/home/beachlbl/porter/ros2-ws-2024/build/joy_control/prefix_override:/home/beachlbl/porter/ros2-ws-2024/install/joy_control/lib/python3.10/site-packages:${PYTHONPATH} /usr/bin/python3 -W ignore:setup.py install is deprecated setup.py egg_info --egg-base ../../build/joy_control build --build-base /home/beachlbl/porter/ros2-ws-2024/build/joy_control/build install --record /home/beachlbl/porter/ros2-ws-2024/build/joy_control/install.log --single-version-externally-managed install_data
