[0.665s] Invoking command in '/home/porterclev/ros2-ws-2024/src/drive_ex': PYTHONPATH=/home/porterclev/ros2-ws-2024/build/drive_ex/prefix_override:/home/porterclev/ros2-ws-2024/install/drive_ex/lib/python3.10/site-packages:${PYTHONPATH} /usr/bin/python3 -W ignore:setup.py install is deprecated setup.py egg_info --egg-base ../../build/drive_ex build --build-base /home/porterclev/ros2-ws-2024/build/drive_ex/build install --record /home/porterclev/ros2-ws-2024/build/drive_ex/install.log --single-version-externally-managed install_data
[0.915s] running egg_info
[0.916s] writing ../../build/drive_ex/drive_ex.egg-info/PKG-INFO
[0.918s] writing dependency_links to ../../build/drive_ex/drive_ex.egg-info/dependency_links.txt
[0.919s] writing entry points to ../../build/drive_ex/drive_ex.egg-info/entry_points.txt
[0.921s] writing requirements to ../../build/drive_ex/drive_ex.egg-info/requires.txt
[0.921s] writing top-level names to ../../build/drive_ex/drive_ex.egg-info/top_level.txt
[0.923s] reading manifest file '../../build/drive_ex/drive_ex.egg-info/SOURCES.txt'
[0.924s] adding license file 'LICENSE'
[0.924s] writing manifest file '../../build/drive_ex/drive_ex.egg-info/SOURCES.txt'
[0.925s] running build
[0.925s] running build_py
[0.926s] running install
[0.926s] running install_lib
[0.927s] running install_data
[0.927s] running install_egg_info
[0.929s] removing '/home/porterclev/ros2-ws-2024/install/drive_ex/lib/python3.10/site-packages/drive_ex-0.0.0-py3.10.egg-info' (and everything under it)
[0.929s] Copying ../../build/drive_ex/drive_ex.egg-info to /home/porterclev/ros2-ws-2024/install/drive_ex/lib/python3.10/site-packages/drive_ex-0.0.0-py3.10.egg-info
[0.930s] running install_scripts
[0.948s] Installing drivetrain_cb script to /home/porterclev/ros2-ws-2024/install/drive_ex/lib/drive_ex
[0.949s] Installing drivetrain_ex script to /home/porterclev/ros2-ws-2024/install/drive_ex/lib/drive_ex
[0.950s] writing list of installed files to '/home/porterclev/ros2-ws-2024/build/drive_ex/install.log'
[1.006s] Invoked command in '/home/porterclev/ros2-ws-2024/src/drive_ex' returned '0': PYTHONPATH=/home/porterclev/ros2-ws-2024/build/drive_ex/prefix_override:/home/porterclev/ros2-ws-2024/install/drive_ex/lib/python3.10/site-packages:${PYTHONPATH} /usr/bin/python3 -W ignore:setup.py install is deprecated setup.py egg_info --egg-base ../../build/drive_ex build --build-base /home/porterclev/ros2-ws-2024/build/drive_ex/build install --record /home/porterclev/ros2-ws-2024/build/drive_ex/install.log --single-version-externally-managed install_data
